ARM GAS  C:\Users\gx\AppData\Local\Temp\ccK0115G.s 			page 1


   1              		.cpu cortex-m4
   2              		.eabi_attribute 27, 1
   3              		.eabi_attribute 28, 1
   4              		.eabi_attribute 20, 1
   5              		.eabi_attribute 21, 1
   6              		.eabi_attribute 23, 3
   7              		.eabi_attribute 24, 1
   8              		.eabi_attribute 25, 1
   9              		.eabi_attribute 26, 1
  10              		.eabi_attribute 30, 1
  11              		.eabi_attribute 34, 1
  12              		.eabi_attribute 18, 4
  13              		.file	"fatfs.c"
  14              		.text
  15              	.Ltext0:
  16              		.cfi_sections	.debug_frame
  17              		.section	.text.MX_FATFS_Init,"ax",%progbits
  18              		.align	1
  19              		.global	MX_FATFS_Init
  20              		.arch armv7e-m
  21              		.syntax unified
  22              		.thumb
  23              		.thumb_func
  24              		.fpu fpv4-sp-d16
  26              	MX_FATFS_Init:
  27              	.LFB131:
  28              		.file 1 "Src/fatfs.c"
   1:Src/fatfs.c   **** /**
   2:Src/fatfs.c   ****   ******************************************************************************
   3:Src/fatfs.c   ****   * @file   fatfs.c
   4:Src/fatfs.c   ****   * @brief  Code for fatfs applications
   5:Src/fatfs.c   ****   ******************************************************************************
   6:Src/fatfs.c   ****   * This notice applies to any and all portions of this file
   7:Src/fatfs.c   ****   * that are not between comment pairs USER CODE BEGIN and
   8:Src/fatfs.c   ****   * USER CODE END. Other portions of this file, whether 
   9:Src/fatfs.c   ****   * inserted by the user or by software development tools
  10:Src/fatfs.c   ****   * are owned by their respective copyright owners.
  11:Src/fatfs.c   ****   *
  12:Src/fatfs.c   ****   * Copyright (c) 2020 STMicroelectronics International N.V. 
  13:Src/fatfs.c   ****   * All rights reserved.
  14:Src/fatfs.c   ****   *
  15:Src/fatfs.c   ****   * Redistribution and use in source and binary forms, with or without 
  16:Src/fatfs.c   ****   * modification, are permitted, provided that the following conditions are met:
  17:Src/fatfs.c   ****   *
  18:Src/fatfs.c   ****   * 1. Redistribution of source code must retain the above copyright notice, 
  19:Src/fatfs.c   ****   *    this list of conditions and the following disclaimer.
  20:Src/fatfs.c   ****   * 2. Redistributions in binary form must reproduce the above copyright notice,
  21:Src/fatfs.c   ****   *    this list of conditions and the following disclaimer in the documentation
  22:Src/fatfs.c   ****   *    and/or other materials provided with the distribution.
  23:Src/fatfs.c   ****   * 3. Neither the name of STMicroelectronics nor the names of other 
  24:Src/fatfs.c   ****   *    contributors to this software may be used to endorse or promote products 
  25:Src/fatfs.c   ****   *    derived from this software without specific written permission.
  26:Src/fatfs.c   ****   * 4. This software, including modifications and/or derivative works of this 
  27:Src/fatfs.c   ****   *    software, must execute solely and exclusively on microcontroller or
  28:Src/fatfs.c   ****   *    microprocessor devices manufactured by or for STMicroelectronics.
  29:Src/fatfs.c   ****   * 5. Redistribution and use of this software other than as permitted under 
  30:Src/fatfs.c   ****   *    this license is void and will automatically terminate your rights under 
ARM GAS  C:\Users\gx\AppData\Local\Temp\ccK0115G.s 			page 2


  31:Src/fatfs.c   ****   *    this license. 
  32:Src/fatfs.c   ****   *
  33:Src/fatfs.c   ****   * THIS SOFTWARE IS PROVIDED BY STMICROELECTRONICS AND CONTRIBUTORS "AS IS" 
  34:Src/fatfs.c   ****   * AND ANY EXPRESS, IMPLIED OR STATUTORY WARRANTIES, INCLUDING, BUT NOT 
  35:Src/fatfs.c   ****   * LIMITED TO, THE IMPLIED WARRANTIES OF MERCHANTABILITY, FITNESS FOR A 
  36:Src/fatfs.c   ****   * PARTICULAR PURPOSE AND NON-INFRINGEMENT OF THIRD PARTY INTELLECTUAL PROPERTY
  37:Src/fatfs.c   ****   * RIGHTS ARE DISCLAIMED TO THE FULLEST EXTENT PERMITTED BY LAW. IN NO EVENT 
  38:Src/fatfs.c   ****   * SHALL STMICROELECTRONICS OR CONTRIBUTORS BE LIABLE FOR ANY DIRECT, INDIRECT,
  39:Src/fatfs.c   ****   * INCIDENTAL, SPECIAL, EXEMPLARY, OR CONSEQUENTIAL DAMAGES (INCLUDING, BUT NOT
  40:Src/fatfs.c   ****   * LIMITED TO, PROCUREMENT OF SUBSTITUTE GOODS OR SERVICES; LOSS OF USE, DATA, 
  41:Src/fatfs.c   ****   * OR PROFITS; OR BUSINESS INTERRUPTION) HOWEVER CAUSED AND ON ANY THEORY OF 
  42:Src/fatfs.c   ****   * LIABILITY, WHETHER IN CONTRACT, STRICT LIABILITY, OR TORT (INCLUDING 
  43:Src/fatfs.c   ****   * NEGLIGENCE OR OTHERWISE) ARISING IN ANY WAY OUT OF THE USE OF THIS SOFTWARE,
  44:Src/fatfs.c   ****   * EVEN IF ADVISED OF THE POSSIBILITY OF SUCH DAMAGE.
  45:Src/fatfs.c   ****   *
  46:Src/fatfs.c   ****   ******************************************************************************
  47:Src/fatfs.c   ****   */
  48:Src/fatfs.c   **** 
  49:Src/fatfs.c   **** #include "fatfs.h"
  50:Src/fatfs.c   **** 
  51:Src/fatfs.c   **** uint8_t retUSER;    /* Return value for USER */
  52:Src/fatfs.c   **** char USERPath[4];   /* USER logical drive path */
  53:Src/fatfs.c   **** FATFS USERFatFS;    /* File system object for USER logical drive */
  54:Src/fatfs.c   **** FIL USERFile;       /* File object for USER */
  55:Src/fatfs.c   **** 
  56:Src/fatfs.c   **** /* USER CODE BEGIN Variables */
  57:Src/fatfs.c   **** 
  58:Src/fatfs.c   **** /* USER CODE END Variables */    
  59:Src/fatfs.c   **** 
  60:Src/fatfs.c   **** void MX_FATFS_Init(void) 
  61:Src/fatfs.c   **** {
  29              		.loc 1 61 1 view -0
  30              		.cfi_startproc
  31              		@ args = 0, pretend = 0, frame = 0
  32              		@ frame_needed = 0, uses_anonymous_args = 0
  33 0000 08B5     		push	{r3, lr}
  34              	.LCFI0:
  35              		.cfi_def_cfa_offset 8
  36              		.cfi_offset 3, -8
  37              		.cfi_offset 14, -4
  62:Src/fatfs.c   ****   /*## FatFS: Link the USER driver ###########################*/
  63:Src/fatfs.c   ****   retUSER = FATFS_LinkDriver(&USER_Driver, USERPath);
  38              		.loc 1 63 3 view .LVU1
  39              		.loc 1 63 13 is_stmt 0 view .LVU2
  40 0002 0349     		ldr	r1, .L3
  41 0004 0348     		ldr	r0, .L3+4
  42 0006 FFF7FEFF 		bl	FATFS_LinkDriver
  43              	.LVL0:
  44              		.loc 1 63 11 view .LVU3
  45 000a 034B     		ldr	r3, .L3+8
  46 000c 1870     		strb	r0, [r3]
  64:Src/fatfs.c   **** 
  65:Src/fatfs.c   ****   /* USER CODE BEGIN Init */
  66:Src/fatfs.c   ****   /* additional user code for init */     
  67:Src/fatfs.c   ****   /* USER CODE END Init */
  68:Src/fatfs.c   **** }
  47              		.loc 1 68 1 view .LVU4
ARM GAS  C:\Users\gx\AppData\Local\Temp\ccK0115G.s 			page 3


  48 000e 08BD     		pop	{r3, pc}
  49              	.L4:
  50              		.align	2
  51              	.L3:
  52 0010 00000000 		.word	USERPath
  53 0014 00000000 		.word	USER_Driver
  54 0018 00000000 		.word	retUSER
  55              		.cfi_endproc
  56              	.LFE131:
  58              		.section	.text.get_fattime,"ax",%progbits
  59              		.align	1
  60              		.global	get_fattime
  61              		.syntax unified
  62              		.thumb
  63              		.thumb_func
  64              		.fpu fpv4-sp-d16
  66              	get_fattime:
  67              	.LFB132:
  69:Src/fatfs.c   **** 
  70:Src/fatfs.c   **** /**
  71:Src/fatfs.c   ****   * @brief  Gets Time from RTC 
  72:Src/fatfs.c   ****   * @param  None
  73:Src/fatfs.c   ****   * @retval Time in DWORD
  74:Src/fatfs.c   ****   */
  75:Src/fatfs.c   **** DWORD get_fattime(void)
  76:Src/fatfs.c   **** {
  68              		.loc 1 76 1 is_stmt 1 view -0
  69              		.cfi_startproc
  70              		@ args = 0, pretend = 0, frame = 0
  71              		@ frame_needed = 0, uses_anonymous_args = 0
  72              		@ link register save eliminated.
  77:Src/fatfs.c   ****   /* USER CODE BEGIN get_fattime */
  78:Src/fatfs.c   ****   return 0;
  73              		.loc 1 78 3 view .LVU6
  79:Src/fatfs.c   ****   /* USER CODE END get_fattime */  
  80:Src/fatfs.c   **** }
  74              		.loc 1 80 1 is_stmt 0 view .LVU7
  75 0000 0020     		movs	r0, #0
  76 0002 7047     		bx	lr
  77              		.cfi_endproc
  78              	.LFE132:
  80              		.comm	USERFile,560,4
  81              		.comm	USERFatFS,564,4
  82              		.comm	USERPath,4,4
  83              		.comm	retUSER,1,1
  84              		.text
  85              	.Letext0:
  86              		.file 2 "Middlewares/Third_Party/FatFs/src/integer.h"
  87              		.file 3 "c:\\program files (x86)\\gnu arm embedded toolchain\\9 2020-q2-update\\arm-none-eabi\\inc
  88              		.file 4 "c:\\program files (x86)\\gnu arm embedded toolchain\\9 2020-q2-update\\arm-none-eabi\\inc
  89              		.file 5 "Drivers/CMSIS/Include/core_cm4.h"
  90              		.file 6 "Drivers/CMSIS/Device/ST/STM32F4xx/Include/system_stm32f4xx.h"
  91              		.file 7 "c:\\program files (x86)\\gnu arm embedded toolchain\\9 2020-q2-update\\lib\\gcc\\arm-none
  92              		.file 8 "c:\\program files (x86)\\gnu arm embedded toolchain\\9 2020-q2-update\\arm-none-eabi\\inc
  93              		.file 9 "c:\\program files (x86)\\gnu arm embedded toolchain\\9 2020-q2-update\\arm-none-eabi\\inc
  94              		.file 10 "c:\\program files (x86)\\gnu arm embedded toolchain\\9 2020-q2-update\\arm-none-eabi\\in
  95              		.file 11 "Middlewares/Third_Party/FreeRTOS/Source/include/queue.h"
ARM GAS  C:\Users\gx\AppData\Local\Temp\ccK0115G.s 			page 4


  96              		.file 12 "Middlewares/Third_Party/FreeRTOS/Source/include/semphr.h"
  97              		.file 13 "Middlewares/Third_Party/FreeRTOS/Source/CMSIS_RTOS/cmsis_os.h"
  98              		.file 14 "c:\\program files (x86)\\gnu arm embedded toolchain\\9 2020-q2-update\\arm-none-eabi\\in
  99              		.file 15 "Middlewares/Third_Party/FatFs/src/ff.h"
 100              		.file 16 "Middlewares/Third_Party/FatFs/src/diskio.h"
 101              		.file 17 "Middlewares/Third_Party/FatFs/src/ff_gen_drv.h"
 102              		.file 18 "Inc/user_diskio.h"
 103              		.file 19 "Inc/fatfs.h"
ARM GAS  C:\Users\gx\AppData\Local\Temp\ccK0115G.s 			page 5


DEFINED SYMBOLS
                            *ABS*:00000000 fatfs.c
C:\Users\gx\AppData\Local\Temp\ccK0115G.s:18     .text.MX_FATFS_Init:00000000 $t
C:\Users\gx\AppData\Local\Temp\ccK0115G.s:26     .text.MX_FATFS_Init:00000000 MX_FATFS_Init
C:\Users\gx\AppData\Local\Temp\ccK0115G.s:52     .text.MX_FATFS_Init:00000010 $d
                            *COM*:00000004 USERPath
                            *COM*:00000001 retUSER
C:\Users\gx\AppData\Local\Temp\ccK0115G.s:59     .text.get_fattime:00000000 $t
C:\Users\gx\AppData\Local\Temp\ccK0115G.s:66     .text.get_fattime:00000000 get_fattime
                            *COM*:00000230 USERFile
                            *COM*:00000234 USERFatFS

UNDEFINED SYMBOLS
FATFS_LinkDriver
USER_Driver
