ARM GAS  C:\Users\gx\AppData\Local\Temp\ccD9mKZY.s 			page 1


   1              		.cpu cortex-m4
   2              		.eabi_attribute 27, 1
   3              		.eabi_attribute 28, 1
   4              		.eabi_attribute 20, 1
   5              		.eabi_attribute 21, 1
   6              		.eabi_attribute 23, 3
   7              		.eabi_attribute 24, 1
   8              		.eabi_attribute 25, 1
   9              		.eabi_attribute 26, 1
  10              		.eabi_attribute 30, 1
  11              		.eabi_attribute 34, 1
  12              		.eabi_attribute 18, 4
  13              		.file	"GUIDEMO_Intro.c"
  14              		.text
  15              	.Ltext0:
  16              		.cfi_sections	.debug_frame
  17              		.section	.rodata.GUIDEMO_Intro.str1.4,"aMS",%progbits,1
  18              		.align	2
  19              	.LC1:
  20 0000 5354656D 		.ascii	"STemWin\000"
  20      57696E00 
  21              		.align	2
  22              	.LC2:
  23 0008 556E6976 		.ascii	"Universal graphic software\012for embedded applicat"
  23      65727361 
  23      6C206772 
  23      61706869 
  23      6320736F 
  24 0038 696F6E73 		.ascii	"ions\000"
  24      00
  25 003d 000000   		.align	2
  26              	.LC3:
  27 0040 466F7220 		.ascii	"For STM32 MCU Products - CM3 - CM4\000"
  27      53544D33 
  27      32204D43 
  27      55205072 
  27      6F647563 
  28 0063 00       		.align	2
  29              	.LC4:
  30 0064 436F6D70 		.ascii	"Compiled Jun  1 2021 23:45:59\000"
  30      696C6564 
  30      204A756E 
  30      20203120 
  30      32303231 
  31 0082 0000     		.align	2
  32              	.LC5:
  33 0084 7777772E 		.ascii	"www.st.com/stm32\000"
  33      73742E63 
  33      6F6D2F73 
  33      746D3332 
  33      00
  34              		.section	.text.GUIDEMO_Intro,"ax",%progbits
  35              		.align	1
  36              		.global	GUIDEMO_Intro
  37              		.arch armv7e-m
  38              		.syntax unified
  39              		.thumb
ARM GAS  C:\Users\gx\AppData\Local\Temp\ccD9mKZY.s 			page 2


  40              		.thumb_func
  41              		.fpu fpv4-sp-d16
  43              	GUIDEMO_Intro:
  44              	.LFB0:
  45              		.file 1 "emWin/GUI_Demo/GUIDEMO_Intro.c"
   1:emWin/GUI_Demo/GUIDEMO_Intro.c **** /*********************************************************************
   2:emWin/GUI_Demo/GUIDEMO_Intro.c **** *          Portions COPYRIGHT 2017 STMicroelectronics                 *
   3:emWin/GUI_Demo/GUIDEMO_Intro.c **** *          Portions SEGGER Microcontroller GmbH & Co. KG             *
   4:emWin/GUI_Demo/GUIDEMO_Intro.c **** *        Solutions for real time microcontroller applications        *
   5:emWin/GUI_Demo/GUIDEMO_Intro.c **** **********************************************************************
   6:emWin/GUI_Demo/GUIDEMO_Intro.c **** *                                                                    *
   7:emWin/GUI_Demo/GUIDEMO_Intro.c **** *        (c) 1996 - 2015  SEGGER Microcontroller GmbH & Co. KG       *
   8:emWin/GUI_Demo/GUIDEMO_Intro.c **** *                                                                    *
   9:emWin/GUI_Demo/GUIDEMO_Intro.c **** *        Internet: www.segger.com    Support:  support@segger.com    *
  10:emWin/GUI_Demo/GUIDEMO_Intro.c **** *                                                                    *
  11:emWin/GUI_Demo/GUIDEMO_Intro.c **** **********************************************************************
  12:emWin/GUI_Demo/GUIDEMO_Intro.c **** 
  13:emWin/GUI_Demo/GUIDEMO_Intro.c **** ** emWin V5.28 - Graphical user interface for embedded applications **
  14:emWin/GUI_Demo/GUIDEMO_Intro.c **** All  Intellectual Property rights  in the Software belongs to  SEGGER.
  15:emWin/GUI_Demo/GUIDEMO_Intro.c **** emWin is protected by  international copyright laws.  Knowledge of the
  16:emWin/GUI_Demo/GUIDEMO_Intro.c **** source code may not be used to write a similar product.  This file may
  17:emWin/GUI_Demo/GUIDEMO_Intro.c **** only be used in accordance with the following terms:
  18:emWin/GUI_Demo/GUIDEMO_Intro.c **** 
  19:emWin/GUI_Demo/GUIDEMO_Intro.c **** The  software has  been licensed  to STMicroelectronics International
  20:emWin/GUI_Demo/GUIDEMO_Intro.c **** N.V. a Dutch company with a Swiss branch and its headquarters in Plan-
  21:emWin/GUI_Demo/GUIDEMO_Intro.c **** les-Ouates, Geneva, 39 Chemin du Champ des Filles, Switzerland for the
  22:emWin/GUI_Demo/GUIDEMO_Intro.c **** purposes of creating libraries for ARM Cortex-M-based 32-bit microcon_
  23:emWin/GUI_Demo/GUIDEMO_Intro.c **** troller products commercialized by Licensee only, sublicensed and dis_
  24:emWin/GUI_Demo/GUIDEMO_Intro.c **** tributed under the terms and conditions of the End User License Agree_
  25:emWin/GUI_Demo/GUIDEMO_Intro.c **** ment supplied by STMicroelectronics International N.V.
  26:emWin/GUI_Demo/GUIDEMO_Intro.c **** Full source code is available at: www.segger.com
  27:emWin/GUI_Demo/GUIDEMO_Intro.c **** 
  28:emWin/GUI_Demo/GUIDEMO_Intro.c **** We appreciate your understanding and fairness.
  29:emWin/GUI_Demo/GUIDEMO_Intro.c **** ----------------------------------------------------------------------
  30:emWin/GUI_Demo/GUIDEMO_Intro.c **** File        : GUIDEMO_Intro.c
  31:emWin/GUI_Demo/GUIDEMO_Intro.c **** Purpose     : Introduction for emWin generic demo
  32:emWin/GUI_Demo/GUIDEMO_Intro.c ****               (This is also a good file to demo and explain basic
  33:emWin/GUI_Demo/GUIDEMO_Intro.c ****               emWin features by setting breakpoints)
  34:emWin/GUI_Demo/GUIDEMO_Intro.c **** ----------------------------------------------------------------------
  35:emWin/GUI_Demo/GUIDEMO_Intro.c **** */
  36:emWin/GUI_Demo/GUIDEMO_Intro.c **** 
  37:emWin/GUI_Demo/GUIDEMO_Intro.c **** /**
  38:emWin/GUI_Demo/GUIDEMO_Intro.c ****   ******************************************************************************
  39:emWin/GUI_Demo/GUIDEMO_Intro.c ****   * @file    GUIDEMO_Intro.c
  40:emWin/GUI_Demo/GUIDEMO_Intro.c ****   * @author  MCD Application Team
  41:emWin/GUI_Demo/GUIDEMO_Intro.c ****   * @brief   Introduction for emWin generic demo
  42:emWin/GUI_Demo/GUIDEMO_Intro.c ****   ******************************************************************************
  43:emWin/GUI_Demo/GUIDEMO_Intro.c ****   * @attention
  44:emWin/GUI_Demo/GUIDEMO_Intro.c ****   *
  45:emWin/GUI_Demo/GUIDEMO_Intro.c ****   * <h2><center>&copy; Copyright © 2017 STMicroelectronics International N.V. 
  46:emWin/GUI_Demo/GUIDEMO_Intro.c ****   * All rights reserved.</center></h2>
  47:emWin/GUI_Demo/GUIDEMO_Intro.c ****   *
  48:emWin/GUI_Demo/GUIDEMO_Intro.c ****   * Redistribution and use in source and binary forms, with or without 
  49:emWin/GUI_Demo/GUIDEMO_Intro.c ****   * modification, are permitted, provided that the following conditions are met:
  50:emWin/GUI_Demo/GUIDEMO_Intro.c ****   *
  51:emWin/GUI_Demo/GUIDEMO_Intro.c ****   * 1. Redistribution of source code must retain the above copyright notice, 
  52:emWin/GUI_Demo/GUIDEMO_Intro.c ****   *    this list of conditions and the following disclaimer.
ARM GAS  C:\Users\gx\AppData\Local\Temp\ccD9mKZY.s 			page 3


  53:emWin/GUI_Demo/GUIDEMO_Intro.c ****   * 2. Redistributions in binary form must reproduce the above copyright notice,
  54:emWin/GUI_Demo/GUIDEMO_Intro.c ****   *    this list of conditions and the following disclaimer in the documentation
  55:emWin/GUI_Demo/GUIDEMO_Intro.c ****   *    and/or other materials provided with the distribution.
  56:emWin/GUI_Demo/GUIDEMO_Intro.c ****   * 3. Neither the name of STMicroelectronics nor the names of other 
  57:emWin/GUI_Demo/GUIDEMO_Intro.c ****   *    contributors to this software may be used to endorse or promote products 
  58:emWin/GUI_Demo/GUIDEMO_Intro.c ****   *    derived from this software without specific written permission.
  59:emWin/GUI_Demo/GUIDEMO_Intro.c ****   * 4. This software, including modifications and/or derivative works of this 
  60:emWin/GUI_Demo/GUIDEMO_Intro.c ****   *    software, must execute solely and exclusively on microcontroller or
  61:emWin/GUI_Demo/GUIDEMO_Intro.c ****   *    microprocessor devices manufactured by or for STMicroelectronics.
  62:emWin/GUI_Demo/GUIDEMO_Intro.c ****   * 5. Redistribution and use of this software other than as permitted under 
  63:emWin/GUI_Demo/GUIDEMO_Intro.c ****   *    this license is void and will automatically terminate your rights under 
  64:emWin/GUI_Demo/GUIDEMO_Intro.c ****   *    this license. 
  65:emWin/GUI_Demo/GUIDEMO_Intro.c ****   *
  66:emWin/GUI_Demo/GUIDEMO_Intro.c ****   * THIS SOFTWARE IS PROVIDED BY STMICROELECTRONICS AND CONTRIBUTORS "AS IS" 
  67:emWin/GUI_Demo/GUIDEMO_Intro.c ****   * AND ANY EXPRESS, IMPLIED OR STATUTORY WARRANTIES, INCLUDING, BUT NOT 
  68:emWin/GUI_Demo/GUIDEMO_Intro.c ****   * LIMITED TO, THE IMPLIED WARRANTIES OF MERCHANTABILITY, FITNESS FOR A 
  69:emWin/GUI_Demo/GUIDEMO_Intro.c ****   * PARTICULAR PURPOSE AND NON-INFRINGEMENT OF THIRD PARTY INTELLECTUAL PROPERTY
  70:emWin/GUI_Demo/GUIDEMO_Intro.c ****   * RIGHTS ARE DISCLAIMED TO THE FULLEST EXTENT PERMITTED BY LAW. IN NO EVENT 
  71:emWin/GUI_Demo/GUIDEMO_Intro.c ****   * SHALL STMICROELECTRONICS OR CONTRIBUTORS BE LIABLE FOR ANY DIRECT, INDIRECT,
  72:emWin/GUI_Demo/GUIDEMO_Intro.c ****   * INCIDENTAL, SPECIAL, EXEMPLARY, OR CONSEQUENTIAL DAMAGES (INCLUDING, BUT NOT
  73:emWin/GUI_Demo/GUIDEMO_Intro.c ****   * LIMITED TO, PROCUREMENT OF SUBSTITUTE GOODS OR SERVICES; LOSS OF USE, DATA, 
  74:emWin/GUI_Demo/GUIDEMO_Intro.c ****   * OR PROFITS; OR BUSINESS INTERRUPTION) HOWEVER CAUSED AND ON ANY THEORY OF 
  75:emWin/GUI_Demo/GUIDEMO_Intro.c ****   * LIABILITY, WHETHER IN CONTRACT, STRICT LIABILITY, OR TORT (INCLUDING 
  76:emWin/GUI_Demo/GUIDEMO_Intro.c ****   * NEGLIGENCE OR OTHERWISE) ARISING IN ANY WAY OUT OF THE USE OF THIS SOFTWARE,
  77:emWin/GUI_Demo/GUIDEMO_Intro.c ****   * EVEN IF ADVISED OF THE POSSIBILITY OF SUCH DAMAGE.
  78:emWin/GUI_Demo/GUIDEMO_Intro.c ****   *
  79:emWin/GUI_Demo/GUIDEMO_Intro.c ****   ******************************************************************************
  80:emWin/GUI_Demo/GUIDEMO_Intro.c ****   */
  81:emWin/GUI_Demo/GUIDEMO_Intro.c **** 
  82:emWin/GUI_Demo/GUIDEMO_Intro.c **** #include <string.h>
  83:emWin/GUI_Demo/GUIDEMO_Intro.c **** 
  84:emWin/GUI_Demo/GUIDEMO_Intro.c **** #include "GUIDEMO.h"
  85:emWin/GUI_Demo/GUIDEMO_Intro.c **** 
  86:emWin/GUI_Demo/GUIDEMO_Intro.c **** /*********************************************************************
  87:emWin/GUI_Demo/GUIDEMO_Intro.c **** *
  88:emWin/GUI_Demo/GUIDEMO_Intro.c **** *       Defines
  89:emWin/GUI_Demo/GUIDEMO_Intro.c **** */
  90:emWin/GUI_Demo/GUIDEMO_Intro.c **** #define SCREEN_DIV          6 // 2^6 = 64
  91:emWin/GUI_Demo/GUIDEMO_Intro.c **** 
  92:emWin/GUI_Demo/GUIDEMO_Intro.c **** #define FACTOR_EMWIN        4
  93:emWin/GUI_Demo/GUIDEMO_Intro.c **** #define FACTOR_DESC        11
  94:emWin/GUI_Demo/GUIDEMO_Intro.c **** #define FACTOR_ANY_COMP    22
  95:emWin/GUI_Demo/GUIDEMO_Intro.c **** #define FACTOR_VERSION     31
  96:emWin/GUI_Demo/GUIDEMO_Intro.c **** #define FACTOR_LOGO        38
  97:emWin/GUI_Demo/GUIDEMO_Intro.c **** #define FACTOR_WWW         56
  98:emWin/GUI_Demo/GUIDEMO_Intro.c **** 
  99:emWin/GUI_Demo/GUIDEMO_Intro.c **** #define DIST_ANY_COMP      18
 100:emWin/GUI_Demo/GUIDEMO_Intro.c **** 
 101:emWin/GUI_Demo/GUIDEMO_Intro.c **** /*********************************************************************
 102:emWin/GUI_Demo/GUIDEMO_Intro.c **** *
 103:emWin/GUI_Demo/GUIDEMO_Intro.c **** *       GUIDEMO_Intro
 104:emWin/GUI_Demo/GUIDEMO_Intro.c **** *
 105:emWin/GUI_Demo/GUIDEMO_Intro.c **** **********************************************************************
 106:emWin/GUI_Demo/GUIDEMO_Intro.c **** */
 107:emWin/GUI_Demo/GUIDEMO_Intro.c **** void GUIDEMO_Intro(void) {
  46              		.loc 1 107 26 view -0
  47              		.cfi_startproc
ARM GAS  C:\Users\gx\AppData\Local\Temp\ccD9mKZY.s 			page 4


  48              		@ args = 0, pretend = 0, frame = 32
  49              		@ frame_needed = 0, uses_anonymous_args = 0
  50 0000 2DE9F041 		push	{r4, r5, r6, r7, r8, lr}
  51              	.LCFI0:
  52              		.cfi_def_cfa_offset 24
  53              		.cfi_offset 4, -24
  54              		.cfi_offset 5, -20
  55              		.cfi_offset 6, -16
  56              		.cfi_offset 7, -12
  57              		.cfi_offset 8, -8
  58              		.cfi_offset 14, -4
  59 0004 88B0     		sub	sp, sp, #32
  60              	.LCFI1:
  61              		.cfi_def_cfa_offset 56
 108:emWin/GUI_Demo/GUIDEMO_Intro.c ****   char acVersion[30] = "Version of STemWin: ";
  62              		.loc 1 108 3 view .LVU1
  63              		.loc 1 108 8 is_stmt 0 view .LVU2
  64 0006 6C46     		mov	r4, sp
  65 0008 424D     		ldr	r5, .L3
  66 000a 0FCD     		ldmia	r5!, {r0, r1, r2, r3}
  67 000c 0FC4     		stmia	r4!, {r0, r1, r2, r3}
  68 000e 95E80300 		ldm	r5, {r0, r1}
  69 0012 44F8040B 		str	r0, [r4], #4
  70 0016 2170     		strb	r1, [r4]
  71 0018 0027     		movs	r7, #0
  72 001a CDF81570 		str	r7, [sp, #21]	@ unaligned
  73 001e CDF81970 		str	r7, [sp, #25]	@ unaligned
  74 0022 8DF81D70 		strb	r7, [sp, #29]
 109:emWin/GUI_Demo/GUIDEMO_Intro.c ****   int  xCenter, xSize, ySize;
  75              		.loc 1 109 3 is_stmt 1 view .LVU3
 110:emWin/GUI_Demo/GUIDEMO_Intro.c **** 
 111:emWin/GUI_Demo/GUIDEMO_Intro.c ****   xSize   = LCD_GetXSize();
  76              		.loc 1 111 3 view .LVU4
  77              		.loc 1 111 13 is_stmt 0 view .LVU5
  78 0026 FFF7FEFF 		bl	LCD_GetXSize
  79              	.LVL0:
  80 002a 0646     		mov	r6, r0
  81              	.LVL1:
 112:emWin/GUI_Demo/GUIDEMO_Intro.c ****   ySize   = LCD_GetYSize();
  82              		.loc 1 112 3 is_stmt 1 view .LVU6
  83              		.loc 1 112 13 is_stmt 0 view .LVU7
  84 002c FFF7FEFF 		bl	LCD_GetYSize
  85              	.LVL2:
  86              		.loc 1 112 13 view .LVU8
  87 0030 0446     		mov	r4, r0
  88              	.LVL3:
 113:emWin/GUI_Demo/GUIDEMO_Intro.c ****   xCenter = xSize >> 1;
  89              		.loc 1 113 3 is_stmt 1 view .LVU9
  90              		.loc 1 113 11 is_stmt 0 view .LVU10
  91 0032 7510     		asrs	r5, r6, #1
  92              	.LVL4:
 114:emWin/GUI_Demo/GUIDEMO_Intro.c **** 
 115:emWin/GUI_Demo/GUIDEMO_Intro.c ****   GUIDEMO_DrawBk(0);
  93              		.loc 1 115 3 is_stmt 1 view .LVU11
  94 0034 3846     		mov	r0, r7
  95              	.LVL5:
  96              		.loc 1 115 3 is_stmt 0 view .LVU12
ARM GAS  C:\Users\gx\AppData\Local\Temp\ccD9mKZY.s 			page 5


  97 0036 FFF7FEFF 		bl	GUIDEMO_DrawBk
  98              	.LVL6:
 116:emWin/GUI_Demo/GUIDEMO_Intro.c ****   GUI_SetTextMode(GUI_TM_TRANS);
  99              		.loc 1 116 3 is_stmt 1 view .LVU13
 100 003a 0220     		movs	r0, #2
 101 003c FFF7FEFF 		bl	GUI_SetTextMode
 102              	.LVL7:
 117:emWin/GUI_Demo/GUIDEMO_Intro.c ****   //
 118:emWin/GUI_Demo/GUIDEMO_Intro.c ****   // STemWin
 119:emWin/GUI_Demo/GUIDEMO_Intro.c ****   //
 120:emWin/GUI_Demo/GUIDEMO_Intro.c ****   GUI_SetColor(GUI_WHITE);
 103              		.loc 1 120 3 view .LVU14
 104 0040 6FF07F40 		mvn	r0, #-16777216
 105 0044 FFF7FEFF 		bl	GUI_SetColor
 106              	.LVL8:
 121:emWin/GUI_Demo/GUIDEMO_Intro.c ****   GUI_SetFont(&GUI_FontRounded22);
 107              		.loc 1 121 3 view .LVU15
 108 0048 3348     		ldr	r0, .L3+4
 109 004a FFF7FEFF 		bl	GUI_SetFont
 110              	.LVL9:
 122:emWin/GUI_Demo/GUIDEMO_Intro.c ****   GUI_DispStringHCenterAt("STemWin", xCenter, (FACTOR_EMWIN * ySize) >> SCREEN_DIV);
 111              		.loc 1 122 3 view .LVU16
 112              		.loc 1 122 61 is_stmt 0 view .LVU17
 113 004e A700     		lsls	r7, r4, #2
 114              		.loc 1 122 3 view .LVU18
 115 0050 44F31912 		sbfx	r2, r4, #4, #26
 116 0054 2946     		mov	r1, r5
 117 0056 3148     		ldr	r0, .L3+8
 118 0058 FFF7FEFF 		bl	GUI_DispStringHCenterAt
 119              	.LVL10:
 123:emWin/GUI_Demo/GUIDEMO_Intro.c ****   //
 124:emWin/GUI_Demo/GUIDEMO_Intro.c ****   // STemWin description
 125:emWin/GUI_Demo/GUIDEMO_Intro.c ****   //
 126:emWin/GUI_Demo/GUIDEMO_Intro.c ****   GUI_SetFont(&GUI_Font16_ASCII);
 120              		.loc 1 126 3 is_stmt 1 view .LVU19
 121 005c DFF8E880 		ldr	r8, .L3+52
 122 0060 4046     		mov	r0, r8
 123 0062 FFF7FEFF 		bl	GUI_SetFont
 124              	.LVL11:
 127:emWin/GUI_Demo/GUIDEMO_Intro.c ****   GUI_DispStringHCenterAt("Universal graphic software\nfor embedded applications", xCenter, (FACTOR
 125              		.loc 1 127 3 view .LVU20
 126              		.loc 1 127 106 is_stmt 0 view .LVU21
 127 0066 3A19     		adds	r2, r7, r4
 128 0068 04EB4202 		add	r2, r4, r2, lsl #1
 129              		.loc 1 127 3 view .LVU22
 130 006c 9211     		asrs	r2, r2, #6
 131 006e 2946     		mov	r1, r5
 132 0070 2B48     		ldr	r0, .L3+12
 133 0072 FFF7FEFF 		bl	GUI_DispStringHCenterAt
 134              	.LVL12:
 128:emWin/GUI_Demo/GUIDEMO_Intro.c ****   //
 129:emWin/GUI_Demo/GUIDEMO_Intro.c ****   // Any text
 130:emWin/GUI_Demo/GUIDEMO_Intro.c ****   //
 131:emWin/GUI_Demo/GUIDEMO_Intro.c ****   GUI_SetColor(0x2288ff);
 135              		.loc 1 131 3 is_stmt 1 view .LVU23
 136 0076 2B48     		ldr	r0, .L3+16
 137 0078 FFF7FEFF 		bl	GUI_SetColor
ARM GAS  C:\Users\gx\AppData\Local\Temp\ccD9mKZY.s 			page 6


 138              	.LVL13:
 132:emWin/GUI_Demo/GUIDEMO_Intro.c ****   GUI_DispStringHCenterAt("For STM32 MCU Products - CM3 - CM4", xCenter, (FACTOR_ANY_COMP * ySize) 
 139              		.loc 1 132 3 view .LVU24
 140              		.loc 1 132 91 is_stmt 0 view .LVU25
 141 007c 1627     		movs	r7, #22
 142 007e 07FB04F7 		mul	r7, r7, r4
 143              		.loc 1 132 3 view .LVU26
 144 0082 BF11     		asrs	r7, r7, #6
 145 0084 3A46     		mov	r2, r7
 146 0086 2946     		mov	r1, r5
 147 0088 2748     		ldr	r0, .L3+20
 148 008a FFF7FEFF 		bl	GUI_DispStringHCenterAt
 149              	.LVL14:
 133:emWin/GUI_Demo/GUIDEMO_Intro.c ****   //
 134:emWin/GUI_Demo/GUIDEMO_Intro.c ****   // Compiled
 135:emWin/GUI_Demo/GUIDEMO_Intro.c ****   //
 136:emWin/GUI_Demo/GUIDEMO_Intro.c ****   GUI_SetFont(&GUI_Font10S_ASCII);
 150              		.loc 1 136 3 is_stmt 1 view .LVU27
 151 008e 2748     		ldr	r0, .L3+24
 152 0090 FFF7FEFF 		bl	GUI_SetFont
 153              	.LVL15:
 137:emWin/GUI_Demo/GUIDEMO_Intro.c ****   GUI_DispStringHCenterAt("Compiled " __DATE__ " "__TIME__,          xCenter, ((FACTOR_ANY_COMP * y
 154              		.loc 1 137 3 view .LVU28
 155 0094 07F11202 		add	r2, r7, #18
 156 0098 2946     		mov	r1, r5
 157 009a 2548     		ldr	r0, .L3+28
 158 009c FFF7FEFF 		bl	GUI_DispStringHCenterAt
 159              	.LVL16:
 138:emWin/GUI_Demo/GUIDEMO_Intro.c ****   //
 139:emWin/GUI_Demo/GUIDEMO_Intro.c ****   // Version
 140:emWin/GUI_Demo/GUIDEMO_Intro.c ****   //
 141:emWin/GUI_Demo/GUIDEMO_Intro.c ****   GUI_SetColor(GUI_WHITE);
 160              		.loc 1 141 3 view .LVU29
 161 00a0 6FF07F40 		mvn	r0, #-16777216
 162 00a4 FFF7FEFF 		bl	GUI_SetColor
 163              	.LVL17:
 142:emWin/GUI_Demo/GUIDEMO_Intro.c ****   GUI_SetFont(&GUI_Font16_ASCII);
 164              		.loc 1 142 3 view .LVU30
 165 00a8 4046     		mov	r0, r8
 166 00aa FFF7FEFF 		bl	GUI_SetFont
 167              	.LVL18:
 143:emWin/GUI_Demo/GUIDEMO_Intro.c ****   strcat(acVersion, GUI_GetVersionString());
 168              		.loc 1 143 3 view .LVU31
 169 00ae FFF7FEFF 		bl	GUI_GetVersionString
 170              	.LVL19:
 171 00b2 0146     		mov	r1, r0
 172 00b4 6846     		mov	r0, sp
 173 00b6 FFF7FEFF 		bl	strcat
 174              	.LVL20:
 144:emWin/GUI_Demo/GUIDEMO_Intro.c ****   GUI_DispStringHCenterAt(acVersion, xCenter,  (FACTOR_VERSION * ySize) >> SCREEN_DIV);
 175              		.loc 1 144 3 view .LVU32
 176              		.loc 1 144 64 is_stmt 0 view .LVU33
 177 00ba C4EB4412 		rsb	r2, r4, r4, lsl #5
 178              		.loc 1 144 3 view .LVU34
 179 00be 9211     		asrs	r2, r2, #6
 180 00c0 2946     		mov	r1, r5
 181 00c2 6846     		mov	r0, sp
ARM GAS  C:\Users\gx\AppData\Local\Temp\ccD9mKZY.s 			page 7


 182 00c4 FFF7FEFF 		bl	GUI_DispStringHCenterAt
 183              	.LVL21:
 145:emWin/GUI_Demo/GUIDEMO_Intro.c ****   //
 146:emWin/GUI_Demo/GUIDEMO_Intro.c ****   // Logo
 147:emWin/GUI_Demo/GUIDEMO_Intro.c ****   //
 148:emWin/GUI_Demo/GUIDEMO_Intro.c ****   GUI_DrawBitmap(&bmSTLogo, (xSize - bmSeggerLogo.XSize) >> 1, (FACTOR_LOGO * ySize) >> SCREEN_DIV)
 184              		.loc 1 148 3 is_stmt 1 view .LVU35
 185              		.loc 1 148 50 is_stmt 0 view .LVU36
 186 00c8 1A4B     		ldr	r3, .L3+32
 187 00ca 1988     		ldrh	r1, [r3]
 188              		.loc 1 148 36 view .LVU37
 189 00cc 711A     		subs	r1, r6, r1
 190              		.loc 1 148 77 view .LVU38
 191 00ce 2622     		movs	r2, #38
 192 00d0 02FB04F2 		mul	r2, r2, r4
 193              		.loc 1 148 3 view .LVU39
 194 00d4 9211     		asrs	r2, r2, #6
 195 00d6 4910     		asrs	r1, r1, #1
 196 00d8 1748     		ldr	r0, .L3+36
 197 00da FFF7FEFF 		bl	GUI_DrawBitmap
 198              	.LVL22:
 149:emWin/GUI_Demo/GUIDEMO_Intro.c ****   //
 150:emWin/GUI_Demo/GUIDEMO_Intro.c ****   // www.st.com
 151:emWin/GUI_Demo/GUIDEMO_Intro.c ****   //
 152:emWin/GUI_Demo/GUIDEMO_Intro.c ****   GUI_SetColor(GUI_WHITE);
 199              		.loc 1 152 3 is_stmt 1 view .LVU40
 200 00de 6FF07F40 		mvn	r0, #-16777216
 201 00e2 FFF7FEFF 		bl	GUI_SetColor
 202              	.LVL23:
 153:emWin/GUI_Demo/GUIDEMO_Intro.c ****   GUI_SetFont(&GUI_FontRounded16);
 203              		.loc 1 153 3 view .LVU41
 204 00e6 1548     		ldr	r0, .L3+40
 205 00e8 FFF7FEFF 		bl	GUI_SetFont
 206              	.LVL24:
 154:emWin/GUI_Demo/GUIDEMO_Intro.c ****   GUI_DispStringHCenterAt("www.st.com/stm32", xCenter*2/3, (FACTOR_WWW * ySize) >> SCREEN_DIV);
 207              		.loc 1 154 3 view .LVU42
 208              		.loc 1 154 54 is_stmt 0 view .LVU43
 209 00ec 6D00     		lsls	r5, r5, #1
 210              	.LVL25:
 211              		.loc 1 154 72 view .LVU44
 212 00ee C4EBC404 		rsb	r4, r4, r4, lsl #3
 213              	.LVL26:
 214              		.loc 1 154 3 view .LVU45
 215 00f2 1349     		ldr	r1, .L3+44
 216 00f4 81FB0531 		smull	r3, r1, r1, r5
 217 00f8 44F3D902 		sbfx	r2, r4, #3, #26
 218 00fc A1EBE571 		sub	r1, r1, r5, asr #31
 219 0100 1048     		ldr	r0, .L3+48
 220 0102 FFF7FEFF 		bl	GUI_DispStringHCenterAt
 221              	.LVL27:
 155:emWin/GUI_Demo/GUIDEMO_Intro.c ****   GUIDEMO_Delay(5000);
 222              		.loc 1 155 3 is_stmt 1 view .LVU46
 223 0106 41F28830 		movw	r0, #5000
 224 010a FFF7FEFF 		bl	GUIDEMO_Delay
 225              	.LVL28:
 156:emWin/GUI_Demo/GUIDEMO_Intro.c **** }
 226              		.loc 1 156 1 is_stmt 0 view .LVU47
ARM GAS  C:\Users\gx\AppData\Local\Temp\ccD9mKZY.s 			page 8


 227 010e 08B0     		add	sp, sp, #32
 228              	.LCFI2:
 229              		.cfi_def_cfa_offset 24
 230              		@ sp needed
 231 0110 BDE8F081 		pop	{r4, r5, r6, r7, r8, pc}
 232              	.LVL29:
 233              	.L4:
 234              		.loc 1 156 1 view .LVU48
 235              		.align	2
 236              	.L3:
 237 0114 00000000 		.word	.LANCHOR0
 238 0118 00000000 		.word	GUI_FontRounded22
 239 011c 00000000 		.word	.LC1
 240 0120 08000000 		.word	.LC2
 241 0124 FF882200 		.word	2263295
 242 0128 40000000 		.word	.LC3
 243 012c 00000000 		.word	GUI_Font10S_ASCII
 244 0130 64000000 		.word	.LC4
 245 0134 00000000 		.word	bmSeggerLogo
 246 0138 00000000 		.word	bmSTLogo
 247 013c 00000000 		.word	GUI_FontRounded16
 248 0140 56555555 		.word	1431655766
 249 0144 84000000 		.word	.LC5
 250 0148 00000000 		.word	GUI_Font16_ASCII
 251              		.cfi_endproc
 252              	.LFE0:
 254              		.section	.rodata
 255              		.align	2
 256              		.set	.LANCHOR0,. + 0
 257              	.LC0:
 258 0000 56657273 		.ascii	"Version of STemWin: \000"
 258      696F6E20 
 258      6F662053 
 258      54656D57 
 258      696E3A20 
 259 0015 00000000 		.space	9
 259      00000000 
 259      00
 260              		.text
 261              	.Letext0:
 262              		.file 2 "c:\\program files (x86)\\gnu arm embedded toolchain\\9 2020-q2-update\\lib\\gcc\\arm-none
 263              		.file 3 "c:\\program files (x86)\\gnu arm embedded toolchain\\9 2020-q2-update\\arm-none-eabi\\inc
 264              		.file 4 "c:\\program files (x86)\\gnu arm embedded toolchain\\9 2020-q2-update\\arm-none-eabi\\inc
 265              		.file 5 "c:\\program files (x86)\\gnu arm embedded toolchain\\9 2020-q2-update\\arm-none-eabi\\inc
 266              		.file 6 "emWin/inc/LCD.h"
 267              		.file 7 "emWin/inc/GUI.h"
 268              		.file 8 "emWin/inc/GUI_Type.h"
 269              		.file 9 "emWin/inc/WM.h"
 270              		.file 10 "emWin/inc/LCD_Protected.h"
 271              		.file 11 "emWin/inc/GUI_Private.h"
 272              		.file 12 "emWin/inc/WM_Intern.h"
 273              		.file 13 "emWin/inc/WIDGET.h"
 274              		.file 14 "emWin/GUI_Demo/GUIDEMO.h"
 275              		.file 15 "c:\\program files (x86)\\gnu arm embedded toolchain\\9 2020-q2-update\\arm-none-eabi\\in
ARM GAS  C:\Users\gx\AppData\Local\Temp\ccD9mKZY.s 			page 9


DEFINED SYMBOLS
                            *ABS*:00000000 GUIDEMO_Intro.c
C:\Users\gx\AppData\Local\Temp\ccD9mKZY.s:18     .rodata.GUIDEMO_Intro.str1.4:00000000 $d
C:\Users\gx\AppData\Local\Temp\ccD9mKZY.s:35     .text.GUIDEMO_Intro:00000000 $t
C:\Users\gx\AppData\Local\Temp\ccD9mKZY.s:43     .text.GUIDEMO_Intro:00000000 GUIDEMO_Intro
C:\Users\gx\AppData\Local\Temp\ccD9mKZY.s:237    .text.GUIDEMO_Intro:00000114 $d
C:\Users\gx\AppData\Local\Temp\ccD9mKZY.s:255    .rodata:00000000 $d

UNDEFINED SYMBOLS
LCD_GetXSize
LCD_GetYSize
GUIDEMO_DrawBk
GUI_SetTextMode
GUI_SetColor
GUI_SetFont
GUI_DispStringHCenterAt
GUI_GetVersionString
strcat
GUI_DrawBitmap
GUIDEMO_Delay
GUI_FontRounded22
GUI_Font10S_ASCII
bmSeggerLogo
bmSTLogo
GUI_FontRounded16
GUI_Font16_ASCII
