ARM GAS  C:\Users\gx\AppData\Local\Temp\cczxgVvk.s 			page 1


   1              		.cpu cortex-m4
   2              		.eabi_attribute 27, 1
   3              		.eabi_attribute 28, 1
   4              		.eabi_attribute 20, 1
   5              		.eabi_attribute 21, 1
   6              		.eabi_attribute 23, 3
   7              		.eabi_attribute 24, 1
   8              		.eabi_attribute 25, 1
   9              		.eabi_attribute 26, 1
  10              		.eabi_attribute 30, 1
  11              		.eabi_attribute 34, 1
  12              		.eabi_attribute 18, 4
  13              		.file	"GUIDEMO_Graph.c"
  14              		.text
  15              	.Ltext0:
  16              		.cfi_sections	.debug_frame
  17              		.section	.text._AddData_Sine,"ax",%progbits
  18              		.align	1
  19              		.arch armv7e-m
  20              		.syntax unified
  21              		.thumb
  22              		.thumb_func
  23              		.fpu fpv4-sp-d16
  25              	_AddData_Sine:
  26              	.LVL0:
  27              	.LFB0:
  28              		.file 1 "emWin/GUI_Demo/GUIDEMO_Graph.c"
   1:emWin/GUI_Demo/GUIDEMO_Graph.c **** /*********************************************************************
   2:emWin/GUI_Demo/GUIDEMO_Graph.c **** *          Portions COPYRIGHT 2017 STMicroelectronics                 *
   3:emWin/GUI_Demo/GUIDEMO_Graph.c **** *          Portions SEGGER Microcontroller GmbH & Co. KG             *
   4:emWin/GUI_Demo/GUIDEMO_Graph.c **** *        Solutions for real time microcontroller applications        *
   5:emWin/GUI_Demo/GUIDEMO_Graph.c **** **********************************************************************
   6:emWin/GUI_Demo/GUIDEMO_Graph.c **** *                                                                    *
   7:emWin/GUI_Demo/GUIDEMO_Graph.c **** *        (c) 1996 - 2015  SEGGER Microcontroller GmbH & Co. KG       *
   8:emWin/GUI_Demo/GUIDEMO_Graph.c **** *                                                                    *
   9:emWin/GUI_Demo/GUIDEMO_Graph.c **** *        Internet: www.segger.com    Support:  support@segger.com    *
  10:emWin/GUI_Demo/GUIDEMO_Graph.c **** *                                                                    *
  11:emWin/GUI_Demo/GUIDEMO_Graph.c **** **********************************************************************
  12:emWin/GUI_Demo/GUIDEMO_Graph.c **** 
  13:emWin/GUI_Demo/GUIDEMO_Graph.c **** ** emWin V5.28 - Graphical user interface for embedded applications **
  14:emWin/GUI_Demo/GUIDEMO_Graph.c **** All  Intellectual Property rights  in the Software belongs to  SEGGER.
  15:emWin/GUI_Demo/GUIDEMO_Graph.c **** emWin is protected by  international copyright laws.  Knowledge of the
  16:emWin/GUI_Demo/GUIDEMO_Graph.c **** source code may not be used to write a similar product.  This file may
  17:emWin/GUI_Demo/GUIDEMO_Graph.c **** only be used in accordance with the following terms:
  18:emWin/GUI_Demo/GUIDEMO_Graph.c **** 
  19:emWin/GUI_Demo/GUIDEMO_Graph.c **** The  software has  been licensed  to STMicroelectronics International
  20:emWin/GUI_Demo/GUIDEMO_Graph.c **** N.V. a Dutch company with a Swiss branch and its headquarters in Plan-
  21:emWin/GUI_Demo/GUIDEMO_Graph.c **** les-Ouates, Geneva, 39 Chemin du Champ des Filles, Switzerland for the
  22:emWin/GUI_Demo/GUIDEMO_Graph.c **** purposes of creating libraries for ARM Cortex-M-based 32-bit microcon_
  23:emWin/GUI_Demo/GUIDEMO_Graph.c **** troller products commercialized by Licensee only, sublicensed and dis_
  24:emWin/GUI_Demo/GUIDEMO_Graph.c **** tributed under the terms and conditions of the End User License Agree_
  25:emWin/GUI_Demo/GUIDEMO_Graph.c **** ment supplied by STMicroelectronics International N.V.
  26:emWin/GUI_Demo/GUIDEMO_Graph.c **** Full source code is available at: www.segger.com
  27:emWin/GUI_Demo/GUIDEMO_Graph.c **** 
  28:emWin/GUI_Demo/GUIDEMO_Graph.c **** We appreciate your understanding and fairness.
  29:emWin/GUI_Demo/GUIDEMO_Graph.c **** ----------------------------------------------------------------------
  30:emWin/GUI_Demo/GUIDEMO_Graph.c **** File        : GUIDEMO_Graph.c
ARM GAS  C:\Users\gx\AppData\Local\Temp\cczxgVvk.s 			page 2


  31:emWin/GUI_Demo/GUIDEMO_Graph.c **** Purpose     : Several GUIDEMO routines
  32:emWin/GUI_Demo/GUIDEMO_Graph.c **** ----------------------------------------------------------------------
  33:emWin/GUI_Demo/GUIDEMO_Graph.c **** */
  34:emWin/GUI_Demo/GUIDEMO_Graph.c **** 
  35:emWin/GUI_Demo/GUIDEMO_Graph.c **** /**
  36:emWin/GUI_Demo/GUIDEMO_Graph.c ****   ******************************************************************************
  37:emWin/GUI_Demo/GUIDEMO_Graph.c ****   * @file    GUIDEMO_Graph.c
  38:emWin/GUI_Demo/GUIDEMO_Graph.c ****   * @author  MCD Application Team
  39:emWin/GUI_Demo/GUIDEMO_Graph.c ****   * @brief   Several GUIDEMO routines
  40:emWin/GUI_Demo/GUIDEMO_Graph.c ****   ******************************************************************************
  41:emWin/GUI_Demo/GUIDEMO_Graph.c ****   * @attention
  42:emWin/GUI_Demo/GUIDEMO_Graph.c ****   *
  43:emWin/GUI_Demo/GUIDEMO_Graph.c ****   * <h2><center>&copy; Copyright © 2017 STMicroelectronics International N.V. 
  44:emWin/GUI_Demo/GUIDEMO_Graph.c ****   * All rights reserved.</center></h2>
  45:emWin/GUI_Demo/GUIDEMO_Graph.c ****   *
  46:emWin/GUI_Demo/GUIDEMO_Graph.c ****   * Redistribution and use in source and binary forms, with or without 
  47:emWin/GUI_Demo/GUIDEMO_Graph.c ****   * modification, are permitted, provided that the following conditions are met:
  48:emWin/GUI_Demo/GUIDEMO_Graph.c ****   *
  49:emWin/GUI_Demo/GUIDEMO_Graph.c ****   * 1. Redistribution of source code must retain the above copyright notice, 
  50:emWin/GUI_Demo/GUIDEMO_Graph.c ****   *    this list of conditions and the following disclaimer.
  51:emWin/GUI_Demo/GUIDEMO_Graph.c ****   * 2. Redistributions in binary form must reproduce the above copyright notice,
  52:emWin/GUI_Demo/GUIDEMO_Graph.c ****   *    this list of conditions and the following disclaimer in the documentation
  53:emWin/GUI_Demo/GUIDEMO_Graph.c ****   *    and/or other materials provided with the distribution.
  54:emWin/GUI_Demo/GUIDEMO_Graph.c ****   * 3. Neither the name of STMicroelectronics nor the names of other 
  55:emWin/GUI_Demo/GUIDEMO_Graph.c ****   *    contributors to this software may be used to endorse or promote products 
  56:emWin/GUI_Demo/GUIDEMO_Graph.c ****   *    derived from this software without specific written permission.
  57:emWin/GUI_Demo/GUIDEMO_Graph.c ****   * 4. This software, including modifications and/or derivative works of this 
  58:emWin/GUI_Demo/GUIDEMO_Graph.c ****   *    software, must execute solely and exclusively on microcontroller or
  59:emWin/GUI_Demo/GUIDEMO_Graph.c ****   *    microprocessor devices manufactured by or for STMicroelectronics.
  60:emWin/GUI_Demo/GUIDEMO_Graph.c ****   * 5. Redistribution and use of this software other than as permitted under 
  61:emWin/GUI_Demo/GUIDEMO_Graph.c ****   *    this license is void and will automatically terminate your rights under 
  62:emWin/GUI_Demo/GUIDEMO_Graph.c ****   *    this license. 
  63:emWin/GUI_Demo/GUIDEMO_Graph.c ****   *
  64:emWin/GUI_Demo/GUIDEMO_Graph.c ****   * THIS SOFTWARE IS PROVIDED BY STMICROELECTRONICS AND CONTRIBUTORS "AS IS" 
  65:emWin/GUI_Demo/GUIDEMO_Graph.c ****   * AND ANY EXPRESS, IMPLIED OR STATUTORY WARRANTIES, INCLUDING, BUT NOT 
  66:emWin/GUI_Demo/GUIDEMO_Graph.c ****   * LIMITED TO, THE IMPLIED WARRANTIES OF MERCHANTABILITY, FITNESS FOR A 
  67:emWin/GUI_Demo/GUIDEMO_Graph.c ****   * PARTICULAR PURPOSE AND NON-INFRINGEMENT OF THIRD PARTY INTELLECTUAL PROPERTY
  68:emWin/GUI_Demo/GUIDEMO_Graph.c ****   * RIGHTS ARE DISCLAIMED TO THE FULLEST EXTENT PERMITTED BY LAW. IN NO EVENT 
  69:emWin/GUI_Demo/GUIDEMO_Graph.c ****   * SHALL STMICROELECTRONICS OR CONTRIBUTORS BE LIABLE FOR ANY DIRECT, INDIRECT,
  70:emWin/GUI_Demo/GUIDEMO_Graph.c ****   * INCIDENTAL, SPECIAL, EXEMPLARY, OR CONSEQUENTIAL DAMAGES (INCLUDING, BUT NOT
  71:emWin/GUI_Demo/GUIDEMO_Graph.c ****   * LIMITED TO, PROCUREMENT OF SUBSTITUTE GOODS OR SERVICES; LOSS OF USE, DATA, 
  72:emWin/GUI_Demo/GUIDEMO_Graph.c ****   * OR PROFITS; OR BUSINESS INTERRUPTION) HOWEVER CAUSED AND ON ANY THEORY OF 
  73:emWin/GUI_Demo/GUIDEMO_Graph.c ****   * LIABILITY, WHETHER IN CONTRACT, STRICT LIABILITY, OR TORT (INCLUDING 
  74:emWin/GUI_Demo/GUIDEMO_Graph.c ****   * NEGLIGENCE OR OTHERWISE) ARISING IN ANY WAY OUT OF THE USE OF THIS SOFTWARE,
  75:emWin/GUI_Demo/GUIDEMO_Graph.c ****   * EVEN IF ADVISED OF THE POSSIBILITY OF SUCH DAMAGE.
  76:emWin/GUI_Demo/GUIDEMO_Graph.c ****   *
  77:emWin/GUI_Demo/GUIDEMO_Graph.c ****   ******************************************************************************
  78:emWin/GUI_Demo/GUIDEMO_Graph.c ****   */
  79:emWin/GUI_Demo/GUIDEMO_Graph.c **** 
  80:emWin/GUI_Demo/GUIDEMO_Graph.c **** #include "GUIDEMO.h"
  81:emWin/GUI_Demo/GUIDEMO_Graph.c **** 
  82:emWin/GUI_Demo/GUIDEMO_Graph.c **** #if (SHOW_GUIDEMO_GRAPH && GUI_SUPPORT_MEMDEV)
  83:emWin/GUI_Demo/GUIDEMO_Graph.c **** 
  84:emWin/GUI_Demo/GUIDEMO_Graph.c **** /*********************************************************************
  85:emWin/GUI_Demo/GUIDEMO_Graph.c **** *
  86:emWin/GUI_Demo/GUIDEMO_Graph.c **** *       Configuration defines
  87:emWin/GUI_Demo/GUIDEMO_Graph.c **** *
ARM GAS  C:\Users\gx\AppData\Local\Temp\cczxgVvk.s 			page 3


  88:emWin/GUI_Demo/GUIDEMO_Graph.c **** **********************************************************************
  89:emWin/GUI_Demo/GUIDEMO_Graph.c **** */
  90:emWin/GUI_Demo/GUIDEMO_Graph.c **** #define MAX_GRAPH_SIZE_X 440
  91:emWin/GUI_Demo/GUIDEMO_Graph.c **** #define MAX_GRAPH_SIZE_Y (MAX_GRAPH_SIZE_X * 11) / 20
  92:emWin/GUI_Demo/GUIDEMO_Graph.c **** 
  93:emWin/GUI_Demo/GUIDEMO_Graph.c **** #define DIST_TO_BORDER   10
  94:emWin/GUI_Demo/GUIDEMO_Graph.c **** #define DIST_TO_WIN      5
  95:emWin/GUI_Demo/GUIDEMO_Graph.c **** 
  96:emWin/GUI_Demo/GUIDEMO_Graph.c **** #define BORDER_TOP       0
  97:emWin/GUI_Demo/GUIDEMO_Graph.c **** #define BORDER_BOTTOM    9
  98:emWin/GUI_Demo/GUIDEMO_Graph.c **** #define BORDER_LEFT      19
  99:emWin/GUI_Demo/GUIDEMO_Graph.c **** #define BORDER_RIGHT     0
 100:emWin/GUI_Demo/GUIDEMO_Graph.c **** 
 101:emWin/GUI_Demo/GUIDEMO_Graph.c **** #define COLOR_BK         GUI_DARKGRAY
 102:emWin/GUI_Demo/GUIDEMO_Graph.c **** #define COLOR_BORDER     BK_COLOR_1
 103:emWin/GUI_Demo/GUIDEMO_Graph.c **** #define COLOR_FRAME      GUI_BLACK
 104:emWin/GUI_Demo/GUIDEMO_Graph.c **** #define COLOR_GRID       GUI_GRAY
 105:emWin/GUI_Demo/GUIDEMO_Graph.c **** 
 106:emWin/GUI_Demo/GUIDEMO_Graph.c **** #define SCALE_H_HEIGHT   4
 107:emWin/GUI_Demo/GUIDEMO_Graph.c **** 
 108:emWin/GUI_Demo/GUIDEMO_Graph.c **** #define TICK_DIST_H      25
 109:emWin/GUI_Demo/GUIDEMO_Graph.c **** #define TICK_DIST_V      20
 110:emWin/GUI_Demo/GUIDEMO_Graph.c **** 
 111:emWin/GUI_Demo/GUIDEMO_Graph.c **** #define TIME_RUN         5000
 112:emWin/GUI_Demo/GUIDEMO_Graph.c **** #define TIME_STEP        15
 113:emWin/GUI_Demo/GUIDEMO_Graph.c **** 
 114:emWin/GUI_Demo/GUIDEMO_Graph.c **** #define HEARTBEAT_TIME   1000
 115:emWin/GUI_Demo/GUIDEMO_Graph.c **** 
 116:emWin/GUI_Demo/GUIDEMO_Graph.c **** #define MAX_NUM_DATA_OBJ 5
 117:emWin/GUI_Demo/GUIDEMO_Graph.c **** 
 118:emWin/GUI_Demo/GUIDEMO_Graph.c **** #define GRAPH_DIV        9   // (2^9 = 512) If this value is changed _aWaves[] need to be changed t
 119:emWin/GUI_Demo/GUIDEMO_Graph.c **** #define GRID_DIST_X      25
 120:emWin/GUI_Demo/GUIDEMO_Graph.c **** #define GRID_DIST_Y      10
 121:emWin/GUI_Demo/GUIDEMO_Graph.c **** #define GRID_OFF_Y       25
 122:emWin/GUI_Demo/GUIDEMO_Graph.c **** 
 123:emWin/GUI_Demo/GUIDEMO_Graph.c **** /*********************************************************************
 124:emWin/GUI_Demo/GUIDEMO_Graph.c **** *
 125:emWin/GUI_Demo/GUIDEMO_Graph.c **** *       Typedef / Data
 126:emWin/GUI_Demo/GUIDEMO_Graph.c **** *
 127:emWin/GUI_Demo/GUIDEMO_Graph.c **** **********************************************************************
 128:emWin/GUI_Demo/GUIDEMO_Graph.c **** */
 129:emWin/GUI_Demo/GUIDEMO_Graph.c **** typedef struct {
 130:emWin/GUI_Demo/GUIDEMO_Graph.c ****   char  * Name;
 131:emWin/GUI_Demo/GUIDEMO_Graph.c ****   int     ScaleVOff;
 132:emWin/GUI_Demo/GUIDEMO_Graph.c ****   int     DataVOff;
 133:emWin/GUI_Demo/GUIDEMO_Graph.c ****   int     GridVOff;
 134:emWin/GUI_Demo/GUIDEMO_Graph.c ****   void (* pfAddData)(GRAPH_DATA_Handle hData, int DataID);
 135:emWin/GUI_Demo/GUIDEMO_Graph.c ****   int     NumWaves;
 136:emWin/GUI_Demo/GUIDEMO_Graph.c **** } GRAPH_WAVE;
 137:emWin/GUI_Demo/GUIDEMO_Graph.c **** 
 138:emWin/GUI_Demo/GUIDEMO_Graph.c **** static int _HeartBeat[] = {
 139:emWin/GUI_Demo/GUIDEMO_Graph.c ****     2,   4,   6,   8,  10,   6,   2,   0,   0,   0,
 140:emWin/GUI_Demo/GUIDEMO_Graph.c ****    -8,  16,  40,  64,  88,  58,  28,  -2, -32, -30,
 141:emWin/GUI_Demo/GUIDEMO_Graph.c ****   -20, -10,   0,   2,   2,   4,   4,   6,   6,   8,
 142:emWin/GUI_Demo/GUIDEMO_Graph.c ****     8,  10,  12,  14,  16,  18,  20,  16,  12,   8,
 143:emWin/GUI_Demo/GUIDEMO_Graph.c ****     4,   2,   2,   0,   0,   0,   0,   0,   0,   0,
 144:emWin/GUI_Demo/GUIDEMO_Graph.c ****     0,   0,   0,   0,   0,   0,   0,   0,   0,   0,
ARM GAS  C:\Users\gx\AppData\Local\Temp\cczxgVvk.s 			page 4


 145:emWin/GUI_Demo/GUIDEMO_Graph.c ****     0,   0,   0,   0,   0,   0,   0,   0,   0,   0
 146:emWin/GUI_Demo/GUIDEMO_Graph.c **** };
 147:emWin/GUI_Demo/GUIDEMO_Graph.c **** 
 148:emWin/GUI_Demo/GUIDEMO_Graph.c **** static GUI_COLOR _aColorData[MAX_NUM_DATA_OBJ] = {
 149:emWin/GUI_Demo/GUIDEMO_Graph.c ****   0x50C0FF,
 150:emWin/GUI_Demo/GUIDEMO_Graph.c ****   0xFFC050,
 151:emWin/GUI_Demo/GUIDEMO_Graph.c ****   0x50FFC0,
 152:emWin/GUI_Demo/GUIDEMO_Graph.c ****   0x800000,
 153:emWin/GUI_Demo/GUIDEMO_Graph.c ****   0x000080
 154:emWin/GUI_Demo/GUIDEMO_Graph.c **** };
 155:emWin/GUI_Demo/GUIDEMO_Graph.c **** 
 156:emWin/GUI_Demo/GUIDEMO_Graph.c **** GRAPH_SCALE_Handle _hScaleH, _hScaleV;
 157:emWin/GUI_Demo/GUIDEMO_Graph.c **** static int         _DataAdjust;
 158:emWin/GUI_Demo/GUIDEMO_Graph.c **** 
 159:emWin/GUI_Demo/GUIDEMO_Graph.c **** /*********************************************************************
 160:emWin/GUI_Demo/GUIDEMO_Graph.c **** *
 161:emWin/GUI_Demo/GUIDEMO_Graph.c **** *       Static functions
 162:emWin/GUI_Demo/GUIDEMO_Graph.c **** *
 163:emWin/GUI_Demo/GUIDEMO_Graph.c **** **********************************************************************
 164:emWin/GUI_Demo/GUIDEMO_Graph.c **** */
 165:emWin/GUI_Demo/GUIDEMO_Graph.c **** /*********************************************************************
 166:emWin/GUI_Demo/GUIDEMO_Graph.c **** *
 167:emWin/GUI_Demo/GUIDEMO_Graph.c **** *       _AddData_Sine
 168:emWin/GUI_Demo/GUIDEMO_Graph.c **** */
 169:emWin/GUI_Demo/GUIDEMO_Graph.c **** static void _AddData_Sine(GRAPH_DATA_Handle hData, int DataID) {
  29              		.loc 1 169 64 view -0
  30              		.cfi_startproc
  31              		@ args = 0, pretend = 0, frame = 0
  32              		@ frame_needed = 0, uses_anonymous_args = 0
  33              		.loc 1 169 64 is_stmt 0 view .LVU1
  34 0000 2DE9F041 		push	{r4, r5, r6, r7, r8, lr}
  35              	.LCFI0:
  36              		.cfi_def_cfa_offset 24
  37              		.cfi_offset 4, -24
  38              		.cfi_offset 5, -20
  39              		.cfi_offset 6, -16
  40              		.cfi_offset 7, -12
  41              		.cfi_offset 8, -8
  42              		.cfi_offset 14, -4
  43 0004 0546     		mov	r5, r0
  44 0006 0C46     		mov	r4, r1
 170:emWin/GUI_Demo/GUIDEMO_Graph.c ****   static int x1000[MAX_NUM_DATA_OBJ];
  45              		.loc 1 170 3 is_stmt 1 view .LVU2
 171:emWin/GUI_Demo/GUIDEMO_Graph.c ****   I32        SinHQ;
  46              		.loc 1 171 3 view .LVU3
 172:emWin/GUI_Demo/GUIDEMO_Graph.c ****   int        Multi, Step;
  47              		.loc 1 172 3 view .LVU4
 173:emWin/GUI_Demo/GUIDEMO_Graph.c **** 
 174:emWin/GUI_Demo/GUIDEMO_Graph.c ****   switch (DataID) {
  48              		.loc 1 174 3 view .LVU5
  49 0008 0129     		cmp	r1, #1
  50 000a 1ED0     		beq	.L4
  51 000c 0229     		cmp	r1, #2
  52 000e 20D0     		beq	.L5
  53 0010 C9B9     		cbnz	r1, .L1
  54 0012 0326     		movs	r6, #3
  55 0014 4FF04608 		mov	r8, #70
ARM GAS  C:\Users\gx\AppData\Local\Temp\cczxgVvk.s 			page 5


  56              	.L2:
  57              	.LVL1:
 175:emWin/GUI_Demo/GUIDEMO_Graph.c ****   case 0:
 176:emWin/GUI_Demo/GUIDEMO_Graph.c ****     Multi = 70;
 177:emWin/GUI_Demo/GUIDEMO_Graph.c ****     Step  = 3;
 178:emWin/GUI_Demo/GUIDEMO_Graph.c ****     break;
 179:emWin/GUI_Demo/GUIDEMO_Graph.c ****   case 1:
 180:emWin/GUI_Demo/GUIDEMO_Graph.c ****     Multi = 50;
 181:emWin/GUI_Demo/GUIDEMO_Graph.c ****     Step  = 1;
 182:emWin/GUI_Demo/GUIDEMO_Graph.c ****     break;
 183:emWin/GUI_Demo/GUIDEMO_Graph.c ****   case 2:
 184:emWin/GUI_Demo/GUIDEMO_Graph.c ****     Multi = 30;
 185:emWin/GUI_Demo/GUIDEMO_Graph.c ****     Step  = 7;
 186:emWin/GUI_Demo/GUIDEMO_Graph.c ****     break;
 187:emWin/GUI_Demo/GUIDEMO_Graph.c ****   default:
 188:emWin/GUI_Demo/GUIDEMO_Graph.c ****     return;
 189:emWin/GUI_Demo/GUIDEMO_Graph.c ****   }
 190:emWin/GUI_Demo/GUIDEMO_Graph.c ****   SinHQ          = GUI__SinHQ(x1000[DataID]);
  58              		.loc 1 190 3 view .LVU6
  59              		.loc 1 190 36 is_stmt 0 view .LVU7
  60 0018 104F     		ldr	r7, .L7
  61              		.loc 1 190 20 view .LVU8
  62 001a 57F82400 		ldr	r0, [r7, r4, lsl #2]
  63              	.LVL2:
  64              		.loc 1 190 20 view .LVU9
  65 001e FFF7FEFF 		bl	GUI__SinHQ
  66              	.LVL3:
 191:emWin/GUI_Demo/GUIDEMO_Graph.c ****   x1000[DataID] += 1000 * Step;
  67              		.loc 1 191 3 is_stmt 1 view .LVU10
  68              		.loc 1 191 17 is_stmt 0 view .LVU11
  69 0022 57F82430 		ldr	r3, [r7, r4, lsl #2]
  70 0026 4FF47A72 		mov	r2, #1000
  71 002a 02FB0636 		mla	r6, r2, r6, r3
  72              	.LVL4:
  73              		.loc 1 191 17 view .LVU12
  74 002e 47F82460 		str	r6, [r7, r4, lsl #2]
 192:emWin/GUI_Demo/GUIDEMO_Graph.c ****   GRAPH_DATA_YT_AddValue(hData, ((SinHQ * Multi) >> 16) + _DataAdjust);
  75              		.loc 1 192 3 is_stmt 1 view .LVU13
  76              		.loc 1 192 41 is_stmt 0 view .LVU14
  77 0032 00FB08F0 		mul	r0, r0, r8
  78              	.LVL5:
  79              		.loc 1 192 57 view .LVU15
  80 0036 0A4B     		ldr	r3, .L7+4
  81 0038 1968     		ldr	r1, [r3]
  82 003a 01EB2041 		add	r1, r1, r0, asr #16
  83              		.loc 1 192 3 view .LVU16
  84 003e 09B2     		sxth	r1, r1
  85 0040 2846     		mov	r0, r5
  86 0042 FFF7FEFF 		bl	GRAPH_DATA_YT_AddValue
  87              	.LVL6:
  88              	.L1:
 193:emWin/GUI_Demo/GUIDEMO_Graph.c **** }
  89              		.loc 1 193 1 view .LVU17
  90 0046 BDE8F081 		pop	{r4, r5, r6, r7, r8, pc}
  91              	.LVL7:
  92              	.L4:
 181:emWin/GUI_Demo/GUIDEMO_Graph.c ****     break;
ARM GAS  C:\Users\gx\AppData\Local\Temp\cczxgVvk.s 			page 6


  93              		.loc 1 181 11 view .LVU18
  94 004a 0E46     		mov	r6, r1
 180:emWin/GUI_Demo/GUIDEMO_Graph.c ****     Step  = 1;
  95              		.loc 1 180 11 view .LVU19
  96 004c 4FF03208 		mov	r8, #50
  97 0050 E2E7     		b	.L2
  98              	.L5:
 185:emWin/GUI_Demo/GUIDEMO_Graph.c ****     break;
  99              		.loc 1 185 11 view .LVU20
 100 0052 0726     		movs	r6, #7
 184:emWin/GUI_Demo/GUIDEMO_Graph.c ****     Step  = 7;
 101              		.loc 1 184 11 view .LVU21
 102 0054 4FF01E08 		mov	r8, #30
 103 0058 DEE7     		b	.L2
 104              	.L8:
 105 005a 00BF     		.align	2
 106              	.L7:
 107 005c 00000000 		.word	.LANCHOR0
 108 0060 00000000 		.word	.LANCHOR1
 109              		.cfi_endproc
 110              	.LFE0:
 112              		.section	.text._AddData_Heartbeat,"ax",%progbits
 113              		.align	1
 114              		.syntax unified
 115              		.thumb
 116              		.thumb_func
 117              		.fpu fpv4-sp-d16
 119              	_AddData_Heartbeat:
 120              	.LVL8:
 121              	.LFB1:
 194:emWin/GUI_Demo/GUIDEMO_Graph.c **** 
 195:emWin/GUI_Demo/GUIDEMO_Graph.c **** /*********************************************************************
 196:emWin/GUI_Demo/GUIDEMO_Graph.c **** *
 197:emWin/GUI_Demo/GUIDEMO_Graph.c **** *       _AddData_Heartbeat
 198:emWin/GUI_Demo/GUIDEMO_Graph.c **** */
 199:emWin/GUI_Demo/GUIDEMO_Graph.c **** static void _AddData_Heartbeat(GRAPH_DATA_Handle hData, int DataID) {
 122              		.loc 1 199 69 is_stmt 1 view -0
 123              		.cfi_startproc
 124              		@ args = 0, pretend = 0, frame = 0
 125              		@ frame_needed = 0, uses_anonymous_args = 0
 126              		.loc 1 199 69 is_stmt 0 view .LVU23
 127 0000 10B5     		push	{r4, lr}
 128              	.LCFI1:
 129              		.cfi_def_cfa_offset 8
 130              		.cfi_offset 4, -8
 131              		.cfi_offset 14, -4
 200:emWin/GUI_Demo/GUIDEMO_Graph.c ****   static int Index;
 132              		.loc 1 200 3 is_stmt 1 view .LVU24
 201:emWin/GUI_Demo/GUIDEMO_Graph.c **** 
 202:emWin/GUI_Demo/GUIDEMO_Graph.c ****   GUI_USE_PARA(DataID);
 133              		.loc 1 202 3 view .LVU25
 203:emWin/GUI_Demo/GUIDEMO_Graph.c ****   GRAPH_DATA_YT_AddValue(hData, (_HeartBeat[Index]) + _DataAdjust);
 134              		.loc 1 203 3 view .LVU26
 135              		.loc 1 203 44 is_stmt 0 view .LVU27
 136 0002 0A4C     		ldr	r4, .L13
 137 0004 2268     		ldr	r2, [r4]
 138 0006 0A4B     		ldr	r3, .L13+4
ARM GAS  C:\Users\gx\AppData\Local\Temp\cczxgVvk.s 			page 7


 139 0008 53F82230 		ldr	r3, [r3, r2, lsl #2]
 140              		.loc 1 203 53 view .LVU28
 141 000c 094A     		ldr	r2, .L13+8
 142 000e 1168     		ldr	r1, [r2]
 143              	.LVL9:
 144              		.loc 1 203 53 view .LVU29
 145 0010 1944     		add	r1, r1, r3
 146              		.loc 1 203 3 view .LVU30
 147 0012 09B2     		sxth	r1, r1
 148 0014 FFF7FEFF 		bl	GRAPH_DATA_YT_AddValue
 149              	.LVL10:
 204:emWin/GUI_Demo/GUIDEMO_Graph.c ****   if (++Index == GUI_COUNTOF(_HeartBeat)) {
 150              		.loc 1 204 3 is_stmt 1 view .LVU31
 151              		.loc 1 204 7 is_stmt 0 view .LVU32
 152 0018 2368     		ldr	r3, [r4]
 153 001a 0133     		adds	r3, r3, #1
 154              		.loc 1 204 6 view .LVU33
 155 001c 2360     		str	r3, [r4]
 156 001e 462B     		cmp	r3, #70
 157 0020 00D0     		beq	.L12
 158              	.L9:
 205:emWin/GUI_Demo/GUIDEMO_Graph.c ****     Index = 0;
 206:emWin/GUI_Demo/GUIDEMO_Graph.c ****   }
 207:emWin/GUI_Demo/GUIDEMO_Graph.c **** }
 159              		.loc 1 207 1 view .LVU34
 160 0022 10BD     		pop	{r4, pc}
 161              	.L12:
 205:emWin/GUI_Demo/GUIDEMO_Graph.c ****     Index = 0;
 162              		.loc 1 205 5 is_stmt 1 view .LVU35
 205:emWin/GUI_Demo/GUIDEMO_Graph.c ****     Index = 0;
 163              		.loc 1 205 11 is_stmt 0 view .LVU36
 164 0024 0022     		movs	r2, #0
 165 0026 2260     		str	r2, [r4]
 166              		.loc 1 207 1 view .LVU37
 167 0028 FBE7     		b	.L9
 168              	.L14:
 169 002a 00BF     		.align	2
 170              	.L13:
 171 002c 00000000 		.word	.LANCHOR3
 172 0030 00000000 		.word	.LANCHOR2
 173 0034 00000000 		.word	.LANCHOR1
 174              		.cfi_endproc
 175              	.LFE1:
 177              		.section	.text._cbBk,"ax",%progbits
 178              		.align	1
 179              		.syntax unified
 180              		.thumb
 181              		.thumb_func
 182              		.fpu fpv4-sp-d16
 184              	_cbBk:
 185              	.LVL11:
 186              	.LFB3:
 208:emWin/GUI_Demo/GUIDEMO_Graph.c **** 
 209:emWin/GUI_Demo/GUIDEMO_Graph.c **** /*********************************************************************
 210:emWin/GUI_Demo/GUIDEMO_Graph.c **** *
 211:emWin/GUI_Demo/GUIDEMO_Graph.c **** *       DATA _aWave - Keep below _AddData-functions
 212:emWin/GUI_Demo/GUIDEMO_Graph.c **** */
ARM GAS  C:\Users\gx\AppData\Local\Temp\cczxgVvk.s 			page 8


 213:emWin/GUI_Demo/GUIDEMO_Graph.c **** GRAPH_WAVE _aWave[] = {
 214:emWin/GUI_Demo/GUIDEMO_Graph.c ****   { "Heartbeat",        // Name
 215:emWin/GUI_Demo/GUIDEMO_Graph.c ****     157,                // Vertical scale offset in relation to GRAPH_DIV
 216:emWin/GUI_Demo/GUIDEMO_Graph.c ****     152,                // Vertical data  offset in relation to GRAPH_DIV
 217:emWin/GUI_Demo/GUIDEMO_Graph.c ****     21,                 // Vertical grid  offset in relation to GRAPH_DIV
 218:emWin/GUI_Demo/GUIDEMO_Graph.c ****     _AddData_Heartbeat, // Pointer to specific AddData function
 219:emWin/GUI_Demo/GUIDEMO_Graph.c ****     1                   // Number of waves
 220:emWin/GUI_Demo/GUIDEMO_Graph.c ****   },
 221:emWin/GUI_Demo/GUIDEMO_Graph.c ****   { "Sine Waves",
 222:emWin/GUI_Demo/GUIDEMO_Graph.c ****     265,
 223:emWin/GUI_Demo/GUIDEMO_Graph.c ****     253,
 224:emWin/GUI_Demo/GUIDEMO_Graph.c ****     23,
 225:emWin/GUI_Demo/GUIDEMO_Graph.c ****     _AddData_Sine,
 226:emWin/GUI_Demo/GUIDEMO_Graph.c ****     3
 227:emWin/GUI_Demo/GUIDEMO_Graph.c ****   },
 228:emWin/GUI_Demo/GUIDEMO_Graph.c ****   {
 229:emWin/GUI_Demo/GUIDEMO_Graph.c ****   0
 230:emWin/GUI_Demo/GUIDEMO_Graph.c ****   }
 231:emWin/GUI_Demo/GUIDEMO_Graph.c **** };
 232:emWin/GUI_Demo/GUIDEMO_Graph.c **** 
 233:emWin/GUI_Demo/GUIDEMO_Graph.c **** /*********************************************************************
 234:emWin/GUI_Demo/GUIDEMO_Graph.c **** *
 235:emWin/GUI_Demo/GUIDEMO_Graph.c **** *       _ShowGraph
 236:emWin/GUI_Demo/GUIDEMO_Graph.c **** */
 237:emWin/GUI_Demo/GUIDEMO_Graph.c **** static void _ShowGraph(GRAPH_Handle hGraph, GRAPH_DATA_Handle hData[], int DataCount, void (* pfAdd
 238:emWin/GUI_Demo/GUIDEMO_Graph.c ****   int Count, Data_xSize, xSize;
 239:emWin/GUI_Demo/GUIDEMO_Graph.c ****   int TimeStart, TimeDiff, TimeStep;
 240:emWin/GUI_Demo/GUIDEMO_Graph.c ****   int NextState, i, Flag;
 241:emWin/GUI_Demo/GUIDEMO_Graph.c **** 
 242:emWin/GUI_Demo/GUIDEMO_Graph.c ****   xSize      = LCD_GetXSize();
 243:emWin/GUI_Demo/GUIDEMO_Graph.c ****   Data_xSize = xSize - (DIST_TO_BORDER << 1) - (BORDER_LEFT + BORDER_RIGHT);
 244:emWin/GUI_Demo/GUIDEMO_Graph.c ****   Count      = 0;
 245:emWin/GUI_Demo/GUIDEMO_Graph.c ****   //
 246:emWin/GUI_Demo/GUIDEMO_Graph.c ****   // Attach data objects
 247:emWin/GUI_Demo/GUIDEMO_Graph.c ****   //
 248:emWin/GUI_Demo/GUIDEMO_Graph.c ****   for (i = 0; i < DataCount; i++) {
 249:emWin/GUI_Demo/GUIDEMO_Graph.c ****     GRAPH_AttachData(hGraph, hData[i]);
 250:emWin/GUI_Demo/GUIDEMO_Graph.c ****   }
 251:emWin/GUI_Demo/GUIDEMO_Graph.c ****   //
 252:emWin/GUI_Demo/GUIDEMO_Graph.c ****   // Add values before GRAPH is displayed
 253:emWin/GUI_Demo/GUIDEMO_Graph.c ****   //
 254:emWin/GUI_Demo/GUIDEMO_Graph.c ****   while (Count < Data_xSize) {
 255:emWin/GUI_Demo/GUIDEMO_Graph.c ****     for (i = 0; i < DataCount; i++) {
 256:emWin/GUI_Demo/GUIDEMO_Graph.c ****       pfAddData(hData[i], i);
 257:emWin/GUI_Demo/GUIDEMO_Graph.c ****     }
 258:emWin/GUI_Demo/GUIDEMO_Graph.c ****     Count++;
 259:emWin/GUI_Demo/GUIDEMO_Graph.c ****   }
 260:emWin/GUI_Demo/GUIDEMO_Graph.c ****   //
 261:emWin/GUI_Demo/GUIDEMO_Graph.c ****   // Add values depending on time
 262:emWin/GUI_Demo/GUIDEMO_Graph.c ****   //
 263:emWin/GUI_Demo/GUIDEMO_Graph.c **** 
 264:emWin/GUI_Demo/GUIDEMO_Graph.c ****   TimeStart = GUIDEMO_GetTime();
 265:emWin/GUI_Demo/GUIDEMO_Graph.c ****   Flag = 1;
 266:emWin/GUI_Demo/GUIDEMO_Graph.c ****   do {
 267:emWin/GUI_Demo/GUIDEMO_Graph.c ****     TimeDiff = GUIDEMO_GetTime() - TimeStart;
 268:emWin/GUI_Demo/GUIDEMO_Graph.c ****     for (i = 0; i < DataCount; i++) {
 269:emWin/GUI_Demo/GUIDEMO_Graph.c ****       pfAddData(hData[i], i);
ARM GAS  C:\Users\gx\AppData\Local\Temp\cczxgVvk.s 			page 9


 270:emWin/GUI_Demo/GUIDEMO_Graph.c ****     }
 271:emWin/GUI_Demo/GUIDEMO_Graph.c ****     if (Flag) {
 272:emWin/GUI_Demo/GUIDEMO_Graph.c ****       Flag = 0;
 273:emWin/GUI_Demo/GUIDEMO_Graph.c ****       GUI_Exec();
 274:emWin/GUI_Demo/GUIDEMO_Graph.c ****       GRAPH_DetachScale(hGraph, _hScaleH);
 275:emWin/GUI_Demo/GUIDEMO_Graph.c ****       GRAPH_DetachScale(hGraph, _hScaleV);
 276:emWin/GUI_Demo/GUIDEMO_Graph.c ****       WM_ValidateWindow(hGraph);
 277:emWin/GUI_Demo/GUIDEMO_Graph.c ****     }
 278:emWin/GUI_Demo/GUIDEMO_Graph.c ****     NextState = GUIDEMO_CheckCancel();
 279:emWin/GUI_Demo/GUIDEMO_Graph.c ****     TimeStep  = GUIDEMO_GetTime() - TimeStart;
 280:emWin/GUI_Demo/GUIDEMO_Graph.c ****     if ((TimeStep - TimeDiff) < TIME_STEP) {
 281:emWin/GUI_Demo/GUIDEMO_Graph.c ****       GUI_Delay(TIME_STEP - (TimeStep - TimeDiff));
 282:emWin/GUI_Demo/GUIDEMO_Graph.c ****     }
 283:emWin/GUI_Demo/GUIDEMO_Graph.c ****   } while ((TimeDiff < TIME_RUN) && (NextState == 0));
 284:emWin/GUI_Demo/GUIDEMO_Graph.c ****   for (i = 0; i < DataCount; i++) {
 285:emWin/GUI_Demo/GUIDEMO_Graph.c ****     GRAPH_DetachData(hGraph, hData[i]);
 286:emWin/GUI_Demo/GUIDEMO_Graph.c ****   }
 287:emWin/GUI_Demo/GUIDEMO_Graph.c ****   GUIDEMO_NotifyStartNext();
 288:emWin/GUI_Demo/GUIDEMO_Graph.c **** }
 289:emWin/GUI_Demo/GUIDEMO_Graph.c **** 
 290:emWin/GUI_Demo/GUIDEMO_Graph.c **** /*********************************************************************
 291:emWin/GUI_Demo/GUIDEMO_Graph.c **** *
 292:emWin/GUI_Demo/GUIDEMO_Graph.c **** *       _cbBk
 293:emWin/GUI_Demo/GUIDEMO_Graph.c **** */
 294:emWin/GUI_Demo/GUIDEMO_Graph.c **** static void _cbBk(WM_MESSAGE * pMsg) {
 187              		.loc 1 294 38 is_stmt 1 view -0
 188              		.cfi_startproc
 189              		@ args = 0, pretend = 0, frame = 0
 190              		@ frame_needed = 0, uses_anonymous_args = 0
 191              		.loc 1 294 38 is_stmt 0 view .LVU39
 192 0000 08B5     		push	{r3, lr}
 193              	.LCFI2:
 194              		.cfi_def_cfa_offset 8
 195              		.cfi_offset 3, -8
 196              		.cfi_offset 14, -4
 295:emWin/GUI_Demo/GUIDEMO_Graph.c ****   switch (pMsg->MsgId) {
 197              		.loc 1 295 3 is_stmt 1 view .LVU40
 198              		.loc 1 295 15 is_stmt 0 view .LVU41
 199 0002 0368     		ldr	r3, [r0]
 200              		.loc 1 295 3 view .LVU42
 201 0004 0F2B     		cmp	r3, #15
 202 0006 02D0     		beq	.L19
 296:emWin/GUI_Demo/GUIDEMO_Graph.c ****   case WM_PAINT:
 297:emWin/GUI_Demo/GUIDEMO_Graph.c ****     GUIDEMO_DrawBk(1);
 298:emWin/GUI_Demo/GUIDEMO_Graph.c ****     break;
 299:emWin/GUI_Demo/GUIDEMO_Graph.c ****   default:
 300:emWin/GUI_Demo/GUIDEMO_Graph.c ****     WM_DefaultProc(pMsg);
 203              		.loc 1 300 5 is_stmt 1 view .LVU43
 204 0008 FFF7FEFF 		bl	WM_DefaultProc
 205              	.LVL12:
 206              	.L15:
 301:emWin/GUI_Demo/GUIDEMO_Graph.c ****   }
 302:emWin/GUI_Demo/GUIDEMO_Graph.c **** }
 207              		.loc 1 302 1 is_stmt 0 view .LVU44
 208 000c 08BD     		pop	{r3, pc}
 209              	.LVL13:
 210              	.L19:
ARM GAS  C:\Users\gx\AppData\Local\Temp\cczxgVvk.s 			page 10


 297:emWin/GUI_Demo/GUIDEMO_Graph.c ****     break;
 211              		.loc 1 297 5 is_stmt 1 view .LVU45
 212 000e 0120     		movs	r0, #1
 213              	.LVL14:
 297:emWin/GUI_Demo/GUIDEMO_Graph.c ****     break;
 214              		.loc 1 297 5 is_stmt 0 view .LVU46
 215 0010 FFF7FEFF 		bl	GUIDEMO_DrawBk
 216              	.LVL15:
 298:emWin/GUI_Demo/GUIDEMO_Graph.c ****   default:
 217              		.loc 1 298 5 is_stmt 1 view .LVU47
 218 0014 FAE7     		b	.L15
 219              		.cfi_endproc
 220              	.LFE3:
 222              		.section	.text._ShowGraph,"ax",%progbits
 223              		.align	1
 224              		.syntax unified
 225              		.thumb
 226              		.thumb_func
 227              		.fpu fpv4-sp-d16
 229              	_ShowGraph:
 230              	.LVL16:
 231              	.LFB2:
 237:emWin/GUI_Demo/GUIDEMO_Graph.c ****   int Count, Data_xSize, xSize;
 232              		.loc 1 237 144 view -0
 233              		.cfi_startproc
 234              		@ args = 0, pretend = 0, frame = 8
 235              		@ frame_needed = 0, uses_anonymous_args = 0
 237:emWin/GUI_Demo/GUIDEMO_Graph.c ****   int Count, Data_xSize, xSize;
 236              		.loc 1 237 144 is_stmt 0 view .LVU49
 237 0000 2DE9F04F 		push	{r4, r5, r6, r7, r8, r9, r10, fp, lr}
 238              	.LCFI3:
 239              		.cfi_def_cfa_offset 36
 240              		.cfi_offset 4, -36
 241              		.cfi_offset 5, -32
 242              		.cfi_offset 6, -28
 243              		.cfi_offset 7, -24
 244              		.cfi_offset 8, -20
 245              		.cfi_offset 9, -16
 246              		.cfi_offset 10, -12
 247              		.cfi_offset 11, -8
 248              		.cfi_offset 14, -4
 249 0004 83B0     		sub	sp, sp, #12
 250              	.LCFI4:
 251              		.cfi_def_cfa_offset 48
 252 0006 8146     		mov	r9, r0
 253 0008 0E46     		mov	r6, r1
 254 000a 1546     		mov	r5, r2
 255 000c 1F46     		mov	r7, r3
 238:emWin/GUI_Demo/GUIDEMO_Graph.c ****   int TimeStart, TimeDiff, TimeStep;
 256              		.loc 1 238 3 is_stmt 1 view .LVU50
 239:emWin/GUI_Demo/GUIDEMO_Graph.c ****   int NextState, i, Flag;
 257              		.loc 1 239 3 view .LVU51
 240:emWin/GUI_Demo/GUIDEMO_Graph.c **** 
 258              		.loc 1 240 3 view .LVU52
 242:emWin/GUI_Demo/GUIDEMO_Graph.c ****   Data_xSize = xSize - (DIST_TO_BORDER << 1) - (BORDER_LEFT + BORDER_RIGHT);
 259              		.loc 1 242 3 view .LVU53
 242:emWin/GUI_Demo/GUIDEMO_Graph.c ****   Data_xSize = xSize - (DIST_TO_BORDER << 1) - (BORDER_LEFT + BORDER_RIGHT);
ARM GAS  C:\Users\gx\AppData\Local\Temp\cczxgVvk.s 			page 11


 260              		.loc 1 242 16 is_stmt 0 view .LVU54
 261 000e FFF7FEFF 		bl	LCD_GetXSize
 262              	.LVL17:
 243:emWin/GUI_Demo/GUIDEMO_Graph.c ****   Count      = 0;
 263              		.loc 1 243 3 is_stmt 1 view .LVU55
 243:emWin/GUI_Demo/GUIDEMO_Graph.c ****   Count      = 0;
 264              		.loc 1 243 14 is_stmt 0 view .LVU56
 265 0012 A0F1270A 		sub	r10, r0, #39
 266              	.LVL18:
 244:emWin/GUI_Demo/GUIDEMO_Graph.c ****   //
 267              		.loc 1 244 3 is_stmt 1 view .LVU57
 248:emWin/GUI_Demo/GUIDEMO_Graph.c ****     GRAPH_AttachData(hGraph, hData[i]);
 268              		.loc 1 248 3 view .LVU58
 248:emWin/GUI_Demo/GUIDEMO_Graph.c ****     GRAPH_AttachData(hGraph, hData[i]);
 269              		.loc 1 248 10 is_stmt 0 view .LVU59
 270 0016 0024     		movs	r4, #0
 271              	.LVL19:
 272              	.L21:
 248:emWin/GUI_Demo/GUIDEMO_Graph.c ****     GRAPH_AttachData(hGraph, hData[i]);
 273              		.loc 1 248 15 is_stmt 1 discriminator 1 view .LVU60
 248:emWin/GUI_Demo/GUIDEMO_Graph.c ****     GRAPH_AttachData(hGraph, hData[i]);
 274              		.loc 1 248 3 is_stmt 0 discriminator 1 view .LVU61
 275 0018 AC42     		cmp	r4, r5
 276 001a 06DA     		bge	.L37
 249:emWin/GUI_Demo/GUIDEMO_Graph.c ****   }
 277              		.loc 1 249 5 is_stmt 1 discriminator 3 view .LVU62
 278 001c 56F82410 		ldr	r1, [r6, r4, lsl #2]
 279 0020 4846     		mov	r0, r9
 280 0022 FFF7FEFF 		bl	GRAPH_AttachData
 281              	.LVL20:
 248:emWin/GUI_Demo/GUIDEMO_Graph.c ****     GRAPH_AttachData(hGraph, hData[i]);
 282              		.loc 1 248 30 discriminator 3 view .LVU63
 248:emWin/GUI_Demo/GUIDEMO_Graph.c ****     GRAPH_AttachData(hGraph, hData[i]);
 283              		.loc 1 248 31 is_stmt 0 discriminator 3 view .LVU64
 284 0026 0134     		adds	r4, r4, #1
 285              	.LVL21:
 248:emWin/GUI_Demo/GUIDEMO_Graph.c ****     GRAPH_AttachData(hGraph, hData[i]);
 286              		.loc 1 248 31 discriminator 3 view .LVU65
 287 0028 F6E7     		b	.L21
 288              	.L37:
 244:emWin/GUI_Demo/GUIDEMO_Graph.c ****   //
 289              		.loc 1 244 14 view .LVU66
 290 002a 4FF00008 		mov	r8, #0
 291 002e 01E0     		b	.L23
 292              	.LVL22:
 293              	.L39:
 258:emWin/GUI_Demo/GUIDEMO_Graph.c ****   }
 294              		.loc 1 258 5 is_stmt 1 view .LVU67
 258:emWin/GUI_Demo/GUIDEMO_Graph.c ****   }
 295              		.loc 1 258 10 is_stmt 0 view .LVU68
 296 0030 08F10108 		add	r8, r8, #1
 297              	.LVL23:
 298              	.L23:
 254:emWin/GUI_Demo/GUIDEMO_Graph.c ****     for (i = 0; i < DataCount; i++) {
 299              		.loc 1 254 9 is_stmt 1 view .LVU69
 300 0034 D045     		cmp	r8, r10
 301 0036 08DA     		bge	.L38
ARM GAS  C:\Users\gx\AppData\Local\Temp\cczxgVvk.s 			page 12


 255:emWin/GUI_Demo/GUIDEMO_Graph.c ****       pfAddData(hData[i], i);
 302              		.loc 1 255 12 is_stmt 0 view .LVU70
 303 0038 0024     		movs	r4, #0
 304              	.LVL24:
 305              	.L25:
 255:emWin/GUI_Demo/GUIDEMO_Graph.c ****       pfAddData(hData[i], i);
 306              		.loc 1 255 17 is_stmt 1 discriminator 1 view .LVU71
 255:emWin/GUI_Demo/GUIDEMO_Graph.c ****       pfAddData(hData[i], i);
 307              		.loc 1 255 5 is_stmt 0 discriminator 1 view .LVU72
 308 003a AC42     		cmp	r4, r5
 309 003c F8DA     		bge	.L39
 256:emWin/GUI_Demo/GUIDEMO_Graph.c ****     }
 310              		.loc 1 256 7 is_stmt 1 discriminator 3 view .LVU73
 311 003e 2146     		mov	r1, r4
 312 0040 56F82400 		ldr	r0, [r6, r4, lsl #2]
 313 0044 B847     		blx	r7
 314              	.LVL25:
 255:emWin/GUI_Demo/GUIDEMO_Graph.c ****       pfAddData(hData[i], i);
 315              		.loc 1 255 32 discriminator 3 view .LVU74
 255:emWin/GUI_Demo/GUIDEMO_Graph.c ****       pfAddData(hData[i], i);
 316              		.loc 1 255 33 is_stmt 0 discriminator 3 view .LVU75
 317 0046 0134     		adds	r4, r4, #1
 318              	.LVL26:
 255:emWin/GUI_Demo/GUIDEMO_Graph.c ****       pfAddData(hData[i], i);
 319              		.loc 1 255 33 discriminator 3 view .LVU76
 320 0048 F7E7     		b	.L25
 321              	.L38:
 264:emWin/GUI_Demo/GUIDEMO_Graph.c ****   Flag = 1;
 322              		.loc 1 264 3 is_stmt 1 view .LVU77
 264:emWin/GUI_Demo/GUIDEMO_Graph.c ****   Flag = 1;
 323              		.loc 1 264 15 is_stmt 0 view .LVU78
 324 004a FFF7FEFF 		bl	GUIDEMO_GetTime
 325              	.LVL27:
 326 004e 0190     		str	r0, [sp, #4]
 327              	.LVL28:
 265:emWin/GUI_Demo/GUIDEMO_Graph.c ****   do {
 328              		.loc 1 265 3 is_stmt 1 view .LVU79
 265:emWin/GUI_Demo/GUIDEMO_Graph.c ****   do {
 329              		.loc 1 265 8 is_stmt 0 view .LVU80
 330 0050 4FF0010B 		mov	fp, #1
 331 0054 17E0     		b	.L31
 332              	.LVL29:
 333              	.L27:
 269:emWin/GUI_Demo/GUIDEMO_Graph.c ****     }
 334              		.loc 1 269 7 is_stmt 1 discriminator 3 view .LVU81
 335 0056 2146     		mov	r1, r4
 336 0058 56F82400 		ldr	r0, [r6, r4, lsl #2]
 337 005c B847     		blx	r7
 338              	.LVL30:
 268:emWin/GUI_Demo/GUIDEMO_Graph.c ****       pfAddData(hData[i], i);
 339              		.loc 1 268 32 discriminator 3 view .LVU82
 268:emWin/GUI_Demo/GUIDEMO_Graph.c ****       pfAddData(hData[i], i);
 340              		.loc 1 268 33 is_stmt 0 discriminator 3 view .LVU83
 341 005e 0134     		adds	r4, r4, #1
 342              	.LVL31:
 343              	.L26:
 268:emWin/GUI_Demo/GUIDEMO_Graph.c ****       pfAddData(hData[i], i);
ARM GAS  C:\Users\gx\AppData\Local\Temp\cczxgVvk.s 			page 13


 344              		.loc 1 268 17 is_stmt 1 discriminator 1 view .LVU84
 268:emWin/GUI_Demo/GUIDEMO_Graph.c ****       pfAddData(hData[i], i);
 345              		.loc 1 268 5 is_stmt 0 discriminator 1 view .LVU85
 346 0060 AC42     		cmp	r4, r5
 347 0062 F8DB     		blt	.L27
 271:emWin/GUI_Demo/GUIDEMO_Graph.c ****       Flag = 0;
 348              		.loc 1 271 5 is_stmt 1 view .LVU86
 271:emWin/GUI_Demo/GUIDEMO_Graph.c ****       Flag = 0;
 349              		.loc 1 271 8 is_stmt 0 view .LVU87
 350 0064 BBF1000F 		cmp	fp, #0
 351 0068 15D1     		bne	.L40
 352              	.LVL32:
 353              	.L28:
 278:emWin/GUI_Demo/GUIDEMO_Graph.c ****     TimeStep  = GUIDEMO_GetTime() - TimeStart;
 354              		.loc 1 278 5 is_stmt 1 view .LVU88
 278:emWin/GUI_Demo/GUIDEMO_Graph.c ****     TimeStep  = GUIDEMO_GetTime() - TimeStart;
 355              		.loc 1 278 17 is_stmt 0 view .LVU89
 356 006a FFF7FEFF 		bl	GUIDEMO_CheckCancel
 357              	.LVL33:
 358 006e 0446     		mov	r4, r0
 359              	.LVL34:
 279:emWin/GUI_Demo/GUIDEMO_Graph.c ****     if ((TimeStep - TimeDiff) < TIME_STEP) {
 360              		.loc 1 279 5 is_stmt 1 view .LVU90
 279:emWin/GUI_Demo/GUIDEMO_Graph.c ****     if ((TimeStep - TimeDiff) < TIME_STEP) {
 361              		.loc 1 279 17 is_stmt 0 view .LVU91
 362 0070 FFF7FEFF 		bl	GUIDEMO_GetTime
 363              	.LVL35:
 280:emWin/GUI_Demo/GUIDEMO_Graph.c ****       GUI_Delay(TIME_STEP - (TimeStep - TimeDiff));
 364              		.loc 1 280 5 is_stmt 1 view .LVU92
 280:emWin/GUI_Demo/GUIDEMO_Graph.c ****       GUI_Delay(TIME_STEP - (TimeStep - TimeDiff));
 365              		.loc 1 280 19 is_stmt 0 view .LVU93
 366 0074 A0EB0800 		sub	r0, r0, r8
 367              	.LVL36:
 280:emWin/GUI_Demo/GUIDEMO_Graph.c ****       GUI_Delay(TIME_STEP - (TimeStep - TimeDiff));
 368              		.loc 1 280 8 view .LVU94
 369 0078 0E28     		cmp	r0, #14
 370 007a 1EDD     		ble	.L41
 371              	.L29:
 283:emWin/GUI_Demo/GUIDEMO_Graph.c ****   for (i = 0; i < DataCount; i++) {
 372              		.loc 1 283 11 is_stmt 1 view .LVU95
 283:emWin/GUI_Demo/GUIDEMO_Graph.c ****   for (i = 0; i < DataCount; i++) {
 373              		.loc 1 283 3 is_stmt 0 view .LVU96
 374 007c 41F28733 		movw	r3, #4999
 375 0080 9A45     		cmp	r10, r3
 376 0082 2EDC     		bgt	.L35
 283:emWin/GUI_Demo/GUIDEMO_Graph.c ****   for (i = 0; i < DataCount; i++) {
 377              		.loc 1 283 34 discriminator 1 view .LVU97
 378 0084 F4B9     		cbnz	r4, .L42
 379              	.LVL37:
 380              	.L31:
 266:emWin/GUI_Demo/GUIDEMO_Graph.c ****     TimeDiff = GUIDEMO_GetTime() - TimeStart;
 381              		.loc 1 266 3 is_stmt 1 view .LVU98
 267:emWin/GUI_Demo/GUIDEMO_Graph.c ****     for (i = 0; i < DataCount; i++) {
 382              		.loc 1 267 5 view .LVU99
 267:emWin/GUI_Demo/GUIDEMO_Graph.c ****     for (i = 0; i < DataCount; i++) {
 383              		.loc 1 267 16 is_stmt 0 view .LVU100
 384 0086 FFF7FEFF 		bl	GUIDEMO_GetTime
ARM GAS  C:\Users\gx\AppData\Local\Temp\cczxgVvk.s 			page 14


 385              	.LVL38:
 386 008a 8046     		mov	r8, r0
 267:emWin/GUI_Demo/GUIDEMO_Graph.c ****     for (i = 0; i < DataCount; i++) {
 387              		.loc 1 267 14 view .LVU101
 388 008c 019B     		ldr	r3, [sp, #4]
 389 008e A0EB030A 		sub	r10, r0, r3
 390              	.LVL39:
 268:emWin/GUI_Demo/GUIDEMO_Graph.c ****       pfAddData(hData[i], i);
 391              		.loc 1 268 5 is_stmt 1 view .LVU102
 268:emWin/GUI_Demo/GUIDEMO_Graph.c ****       pfAddData(hData[i], i);
 392              		.loc 1 268 12 is_stmt 0 view .LVU103
 393 0092 0024     		movs	r4, #0
 268:emWin/GUI_Demo/GUIDEMO_Graph.c ****       pfAddData(hData[i], i);
 394              		.loc 1 268 5 view .LVU104
 395 0094 E4E7     		b	.L26
 396              	.LVL40:
 397              	.L40:
 272:emWin/GUI_Demo/GUIDEMO_Graph.c ****       GUI_Exec();
 398              		.loc 1 272 7 is_stmt 1 view .LVU105
 273:emWin/GUI_Demo/GUIDEMO_Graph.c ****       GRAPH_DetachScale(hGraph, _hScaleH);
 399              		.loc 1 273 7 view .LVU106
 400 0096 FFF7FEFF 		bl	GUI_Exec
 401              	.LVL41:
 274:emWin/GUI_Demo/GUIDEMO_Graph.c ****       GRAPH_DetachScale(hGraph, _hScaleV);
 402              		.loc 1 274 7 view .LVU107
 403 009a 134B     		ldr	r3, .L43
 404 009c 1968     		ldr	r1, [r3]
 405 009e 4846     		mov	r0, r9
 406 00a0 FFF7FEFF 		bl	GRAPH_DetachScale
 407              	.LVL42:
 275:emWin/GUI_Demo/GUIDEMO_Graph.c ****       WM_ValidateWindow(hGraph);
 408              		.loc 1 275 7 view .LVU108
 409 00a4 114B     		ldr	r3, .L43+4
 410 00a6 1968     		ldr	r1, [r3]
 411 00a8 4846     		mov	r0, r9
 412 00aa FFF7FEFF 		bl	GRAPH_DetachScale
 413              	.LVL43:
 276:emWin/GUI_Demo/GUIDEMO_Graph.c ****     }
 414              		.loc 1 276 7 view .LVU109
 415 00ae 4846     		mov	r0, r9
 416 00b0 FFF7FEFF 		bl	WM_ValidateWindow
 417              	.LVL44:
 272:emWin/GUI_Demo/GUIDEMO_Graph.c ****       GUI_Exec();
 418              		.loc 1 272 12 is_stmt 0 view .LVU110
 419 00b4 4FF0000B 		mov	fp, #0
 420 00b8 D7E7     		b	.L28
 421              	.LVL45:
 422              	.L41:
 281:emWin/GUI_Demo/GUIDEMO_Graph.c ****     }
 423              		.loc 1 281 7 is_stmt 1 view .LVU111
 424 00ba C0F10F00 		rsb	r0, r0, #15
 425 00be FFF7FEFF 		bl	GUI_Delay
 426              	.LVL46:
 427 00c2 DBE7     		b	.L29
 428              	.L42:
 281:emWin/GUI_Demo/GUIDEMO_Graph.c ****     }
 429              		.loc 1 281 7 is_stmt 0 view .LVU112
ARM GAS  C:\Users\gx\AppData\Local\Temp\cczxgVvk.s 			page 15


 430 00c4 0024     		movs	r4, #0
 431              	.LVL47:
 281:emWin/GUI_Demo/GUIDEMO_Graph.c ****     }
 432              		.loc 1 281 7 view .LVU113
 433 00c6 05E0     		b	.L32
 434              	.LVL48:
 435              	.L33:
 285:emWin/GUI_Demo/GUIDEMO_Graph.c ****   }
 436              		.loc 1 285 5 is_stmt 1 discriminator 3 view .LVU114
 437 00c8 56F82410 		ldr	r1, [r6, r4, lsl #2]
 438 00cc 4846     		mov	r0, r9
 439 00ce FFF7FEFF 		bl	GRAPH_DetachData
 440              	.LVL49:
 284:emWin/GUI_Demo/GUIDEMO_Graph.c ****     GRAPH_DetachData(hGraph, hData[i]);
 441              		.loc 1 284 30 discriminator 3 view .LVU115
 284:emWin/GUI_Demo/GUIDEMO_Graph.c ****     GRAPH_DetachData(hGraph, hData[i]);
 442              		.loc 1 284 31 is_stmt 0 discriminator 3 view .LVU116
 443 00d2 0134     		adds	r4, r4, #1
 444              	.LVL50:
 445              	.L32:
 284:emWin/GUI_Demo/GUIDEMO_Graph.c ****     GRAPH_DetachData(hGraph, hData[i]);
 446              		.loc 1 284 15 is_stmt 1 discriminator 1 view .LVU117
 284:emWin/GUI_Demo/GUIDEMO_Graph.c ****     GRAPH_DetachData(hGraph, hData[i]);
 447              		.loc 1 284 3 is_stmt 0 discriminator 1 view .LVU118
 448 00d4 AC42     		cmp	r4, r5
 449 00d6 F7DB     		blt	.L33
 287:emWin/GUI_Demo/GUIDEMO_Graph.c **** }
 450              		.loc 1 287 3 is_stmt 1 view .LVU119
 451 00d8 FFF7FEFF 		bl	GUIDEMO_NotifyStartNext
 452              	.LVL51:
 288:emWin/GUI_Demo/GUIDEMO_Graph.c **** 
 453              		.loc 1 288 1 is_stmt 0 view .LVU120
 454 00dc 03B0     		add	sp, sp, #12
 455              	.LCFI5:
 456              		.cfi_remember_state
 457              		.cfi_def_cfa_offset 36
 458              		@ sp needed
 459 00de BDE8F08F 		pop	{r4, r5, r6, r7, r8, r9, r10, fp, pc}
 460              	.LVL52:
 461              	.L35:
 462              	.LCFI6:
 463              		.cfi_restore_state
 288:emWin/GUI_Demo/GUIDEMO_Graph.c **** 
 464              		.loc 1 288 1 view .LVU121
 465 00e2 0024     		movs	r4, #0
 466              	.LVL53:
 288:emWin/GUI_Demo/GUIDEMO_Graph.c **** 
 467              		.loc 1 288 1 view .LVU122
 468 00e4 F6E7     		b	.L32
 469              	.L44:
 470 00e6 00BF     		.align	2
 471              	.L43:
 472 00e8 00000000 		.word	_hScaleH
 473 00ec 00000000 		.word	_hScaleV
 474              		.cfi_endproc
 475              	.LFE2:
 477              		.section	.text._GraphDemo,"ax",%progbits
ARM GAS  C:\Users\gx\AppData\Local\Temp\cczxgVvk.s 			page 16


 478              		.align	1
 479              		.syntax unified
 480              		.thumb
 481              		.thumb_func
 482              		.fpu fpv4-sp-d16
 484              	_GraphDemo:
 485              	.LFB4:
 303:emWin/GUI_Demo/GUIDEMO_Graph.c **** 
 304:emWin/GUI_Demo/GUIDEMO_Graph.c **** /*********************************************************************
 305:emWin/GUI_Demo/GUIDEMO_Graph.c **** *
 306:emWin/GUI_Demo/GUIDEMO_Graph.c **** *       _GraphDemo
 307:emWin/GUI_Demo/GUIDEMO_Graph.c **** */
 308:emWin/GUI_Demo/GUIDEMO_Graph.c **** static void _GraphDemo(void) {
 486              		.loc 1 308 30 is_stmt 1 view -0
 487              		.cfi_startproc
 488              		@ args = 0, pretend = 0, frame = 24
 489              		@ frame_needed = 0, uses_anonymous_args = 0
 490 0000 2DE9F047 		push	{r4, r5, r6, r7, r8, r9, r10, lr}
 491              	.LCFI7:
 492              		.cfi_def_cfa_offset 32
 493              		.cfi_offset 4, -32
 494              		.cfi_offset 5, -28
 495              		.cfi_offset 6, -24
 496              		.cfi_offset 7, -20
 497              		.cfi_offset 8, -16
 498              		.cfi_offset 9, -12
 499              		.cfi_offset 10, -8
 500              		.cfi_offset 14, -4
 501 0004 8AB0     		sub	sp, sp, #40
 502              	.LCFI8:
 503              		.cfi_def_cfa_offset 72
 309:emWin/GUI_Demo/GUIDEMO_Graph.c ****   const WIDGET_EFFECT * pEffectOld;
 504              		.loc 1 309 3 view .LVU124
 310:emWin/GUI_Demo/GUIDEMO_Graph.c ****   GRAPH_Handle          hGraph;
 505              		.loc 1 310 3 view .LVU125
 311:emWin/GUI_Demo/GUIDEMO_Graph.c ****   GRAPH_DATA_Handle     hData[MAX_NUM_DATA_OBJ];
 506              		.loc 1 311 3 view .LVU126
 312:emWin/GUI_Demo/GUIDEMO_Graph.c ****   int                   xSize, ySize, i;
 507              		.loc 1 312 3 view .LVU127
 313:emWin/GUI_Demo/GUIDEMO_Graph.c ****   int                   Graph_xSize, Graph_ySize, Data_ySize;
 508              		.loc 1 313 3 view .LVU128
 314:emWin/GUI_Demo/GUIDEMO_Graph.c ****   int                   Graph_xPos, Graph_yPos;
 509              		.loc 1 314 3 view .LVU129
 315:emWin/GUI_Demo/GUIDEMO_Graph.c **** 
 316:emWin/GUI_Demo/GUIDEMO_Graph.c ****   xSize      = LCD_GetXSize();
 510              		.loc 1 316 3 view .LVU130
 511              		.loc 1 316 16 is_stmt 0 view .LVU131
 512 0006 FFF7FEFF 		bl	LCD_GetXSize
 513              	.LVL54:
 514 000a 8046     		mov	r8, r0
 515              	.LVL55:
 317:emWin/GUI_Demo/GUIDEMO_Graph.c ****   ySize      = LCD_GetYSize();
 516              		.loc 1 317 3 is_stmt 1 view .LVU132
 517              		.loc 1 317 16 is_stmt 0 view .LVU133
 518 000c FFF7FEFF 		bl	LCD_GetYSize
 519              	.LVL56:
 520              		.loc 1 317 16 view .LVU134
ARM GAS  C:\Users\gx\AppData\Local\Temp\cczxgVvk.s 			page 17


 521 0010 0446     		mov	r4, r0
 522              	.LVL57:
 318:emWin/GUI_Demo/GUIDEMO_Graph.c ****   pEffectOld = WIDGET_SetDefaultEffect(&WIDGET_Effect_Simple);
 523              		.loc 1 318 3 is_stmt 1 view .LVU135
 524              		.loc 1 318 16 is_stmt 0 view .LVU136
 525 0012 7948     		ldr	r0, .L59
 526              	.LVL58:
 527              		.loc 1 318 16 view .LVU137
 528 0014 FFF7FEFF 		bl	WIDGET_SetDefaultEffect
 529              	.LVL59:
 530 0018 0646     		mov	r6, r0
 531              	.LVL60:
 319:emWin/GUI_Demo/GUIDEMO_Graph.c ****   //
 320:emWin/GUI_Demo/GUIDEMO_Graph.c ****   // Set Callback function for background window
 321:emWin/GUI_Demo/GUIDEMO_Graph.c ****   //
 322:emWin/GUI_Demo/GUIDEMO_Graph.c ****   WM_SetCallback(WM_HBKWIN, _cbBk);
 532              		.loc 1 322 3 is_stmt 1 view .LVU138
 533 001a FFF7FEFF 		bl	WM_GetDesktopWindow
 534              	.LVL61:
 535              		.loc 1 322 3 is_stmt 0 view .LVU139
 536 001e 7749     		ldr	r1, .L59+4
 537 0020 FFF7FEFF 		bl	WM_SetCallback
 538              	.LVL62:
 323:emWin/GUI_Demo/GUIDEMO_Graph.c ****   //
 324:emWin/GUI_Demo/GUIDEMO_Graph.c ****   // Determine size of GRAPH
 325:emWin/GUI_Demo/GUIDEMO_Graph.c ****   //
 326:emWin/GUI_Demo/GUIDEMO_Graph.c ****   Graph_xSize = xSize - (DIST_TO_BORDER << 1);            // xsize = Screen size subtracting twice 
 539              		.loc 1 326 3 is_stmt 1 view .LVU140
 540              		.loc 1 326 15 is_stmt 0 view .LVU141
 541 0024 A8F11409 		sub	r9, r8, #20
 542              	.LVL63:
 327:emWin/GUI_Demo/GUIDEMO_Graph.c ****   Graph_ySize = ySize - INFO_SIZE_Y - (DIST_TO_WIN << 1); // ysize = Screen size subtracting the wi
 543              		.loc 1 327 3 is_stmt 1 view .LVU142
 544              		.loc 1 327 15 is_stmt 0 view .LVU143
 545 0028 A4F14B07 		sub	r7, r4, #75
 546              	.LVL64:
 328:emWin/GUI_Demo/GUIDEMO_Graph.c ****   if (Graph_ySize > MAX_GRAPH_SIZE_Y) {
 547              		.loc 1 328 3 is_stmt 1 view .LVU144
 548              		.loc 1 328 6 is_stmt 0 view .LVU145
 549 002c F22F     		cmp	r7, #242
 550 002e 03DD     		ble	.L46
 329:emWin/GUI_Demo/GUIDEMO_Graph.c ****     Graph_ySize = MAX_GRAPH_SIZE_Y;
 551              		.loc 1 329 5 is_stmt 1 view .LVU146
 552              	.LVL65:
 330:emWin/GUI_Demo/GUIDEMO_Graph.c ****     if (Graph_xSize > (Graph_ySize * 20) / 11) {
 553              		.loc 1 330 5 view .LVU147
 554              		.loc 1 330 8 is_stmt 0 view .LVU148
 555 0030 B9F5DC7F 		cmp	r9, #440
 556 0034 5ADC     		bgt	.L54
 329:emWin/GUI_Demo/GUIDEMO_Graph.c ****     Graph_ySize = MAX_GRAPH_SIZE_Y;
 557              		.loc 1 329 17 view .LVU149
 558 0036 F227     		movs	r7, #242
 559              	.LVL66:
 560              	.L46:
 331:emWin/GUI_Demo/GUIDEMO_Graph.c ****       Graph_xSize = (Graph_ySize * 20) / 11;
 332:emWin/GUI_Demo/GUIDEMO_Graph.c ****     }
 333:emWin/GUI_Demo/GUIDEMO_Graph.c ****   }
ARM GAS  C:\Users\gx\AppData\Local\Temp\cczxgVvk.s 			page 18


 334:emWin/GUI_Demo/GUIDEMO_Graph.c ****   //
 335:emWin/GUI_Demo/GUIDEMO_Graph.c ****   // Create and configure GRAPH_WIDGET
 336:emWin/GUI_Demo/GUIDEMO_Graph.c ****   //
 337:emWin/GUI_Demo/GUIDEMO_Graph.c ****   Graph_xPos = (xSize - Graph_xSize) >> 1;
 561              		.loc 1 337 3 is_stmt 1 view .LVU150
 562              		.loc 1 337 23 is_stmt 0 view .LVU151
 563 0038 A8EB0905 		sub	r5, r8, r9
 564              		.loc 1 337 14 view .LVU152
 565 003c 6D10     		asrs	r5, r5, #1
 566              	.LVL67:
 338:emWin/GUI_Demo/GUIDEMO_Graph.c ****   Graph_yPos = (ySize - Graph_ySize) >> 1;
 567              		.loc 1 338 3 is_stmt 1 view .LVU153
 568              		.loc 1 338 23 is_stmt 0 view .LVU154
 569 003e E41B     		subs	r4, r4, r7
 570              	.LVL68:
 571              		.loc 1 338 14 view .LVU155
 572 0040 4FEA640A 		asr	r10, r4, #1
 573              	.LVL69:
 339:emWin/GUI_Demo/GUIDEMO_Graph.c ****   if (Graph_yPos < INFO_SIZE_Y + DIST_TO_WIN) {
 574              		.loc 1 339 3 is_stmt 1 view .LVU156
 575              		.loc 1 339 6 is_stmt 0 view .LVU157
 576 0044 8B2C     		cmp	r4, #139
 577 0046 01DC     		bgt	.L47
 340:emWin/GUI_Demo/GUIDEMO_Graph.c ****     Graph_yPos = INFO_SIZE_Y + DIST_TO_WIN;
 578              		.loc 1 340 16 view .LVU158
 579 0048 4FF0460A 		mov	r10, #70
 580              	.LVL70:
 581              	.L47:
 341:emWin/GUI_Demo/GUIDEMO_Graph.c ****   }
 342:emWin/GUI_Demo/GUIDEMO_Graph.c ****   hGraph = GRAPH_CreateEx(Graph_xPos, Graph_yPos, Graph_xSize, Graph_ySize, WM_HBKWIN, WM_CF_SHOW |
 582              		.loc 1 342 3 is_stmt 1 view .LVU159
 583              		.loc 1 342 12 is_stmt 0 view .LVU160
 584 004c FFF7FEFF 		bl	WM_GetDesktopWindow
 585              	.LVL71:
 586 0050 0024     		movs	r4, #0
 587 0052 0394     		str	r4, [sp, #12]
 588 0054 0294     		str	r4, [sp, #8]
 589 0056 40F60203 		movw	r3, #2050
 590 005a 0193     		str	r3, [sp, #4]
 591 005c 0090     		str	r0, [sp]
 592 005e 3B46     		mov	r3, r7
 593 0060 4A46     		mov	r2, r9
 594 0062 5146     		mov	r1, r10
 595 0064 2846     		mov	r0, r5
 596 0066 FFF7FEFF 		bl	GRAPH_CreateEx
 597              	.LVL72:
 598 006a 0546     		mov	r5, r0
 599              	.LVL73:
 343:emWin/GUI_Demo/GUIDEMO_Graph.c ****   GRAPH_SetBorder(hGraph, BORDER_LEFT, BORDER_TOP, BORDER_RIGHT, BORDER_BOTTOM);
 600              		.loc 1 343 3 is_stmt 1 view .LVU161
 601 006c 0923     		movs	r3, #9
 602 006e 0093     		str	r3, [sp]
 603 0070 2346     		mov	r3, r4
 604 0072 2246     		mov	r2, r4
 605 0074 1321     		movs	r1, #19
 606 0076 FFF7FEFF 		bl	GRAPH_SetBorder
 607              	.LVL74:
ARM GAS  C:\Users\gx\AppData\Local\Temp\cczxgVvk.s 			page 19


 344:emWin/GUI_Demo/GUIDEMO_Graph.c ****   WM_SetHasTrans (hGraph);
 608              		.loc 1 344 3 view .LVU162
 609 007a 2846     		mov	r0, r5
 610 007c FFF7FEFF 		bl	WM_SetHasTrans
 611              	.LVL75:
 345:emWin/GUI_Demo/GUIDEMO_Graph.c ****   GRAPH_SetColor (hGraph, COLOR_BK,     GRAPH_CI_BK);
 612              		.loc 1 345 3 view .LVU163
 613 0080 2246     		mov	r2, r4
 614 0082 5F49     		ldr	r1, .L59+8
 615 0084 2846     		mov	r0, r5
 616 0086 FFF7FEFF 		bl	GRAPH_SetColor
 617              	.LVL76:
 346:emWin/GUI_Demo/GUIDEMO_Graph.c ****   GRAPH_SetColor (hGraph, COLOR_BORDER, GRAPH_CI_BORDER);
 618              		.loc 1 346 3 view .LVU164
 619 008a 0122     		movs	r2, #1
 620 008c 4FF40801 		mov	r1, #8912896
 621 0090 2846     		mov	r0, r5
 622 0092 FFF7FEFF 		bl	GRAPH_SetColor
 623              	.LVL77:
 347:emWin/GUI_Demo/GUIDEMO_Graph.c ****   GRAPH_SetColor (hGraph, COLOR_FRAME,  GRAPH_CI_FRAME);
 624              		.loc 1 347 3 view .LVU165
 625 0096 0222     		movs	r2, #2
 626 0098 2146     		mov	r1, r4
 627 009a 2846     		mov	r0, r5
 628 009c FFF7FEFF 		bl	GRAPH_SetColor
 629              	.LVL78:
 348:emWin/GUI_Demo/GUIDEMO_Graph.c ****   GRAPH_SetColor (hGraph, COLOR_GRID,   GRAPH_CI_GRID);
 630              		.loc 1 348 3 view .LVU166
 631 00a0 0322     		movs	r2, #3
 632 00a2 5849     		ldr	r1, .L59+12
 633 00a4 2846     		mov	r0, r5
 634 00a6 FFF7FEFF 		bl	GRAPH_SetColor
 635              	.LVL79:
 349:emWin/GUI_Demo/GUIDEMO_Graph.c ****   //
 350:emWin/GUI_Demo/GUIDEMO_Graph.c ****   // Adjust grid
 351:emWin/GUI_Demo/GUIDEMO_Graph.c ****   //
 352:emWin/GUI_Demo/GUIDEMO_Graph.c ****   GRAPH_SetGridVis  (hGraph, 1);
 636              		.loc 1 352 3 view .LVU167
 637 00aa 0121     		movs	r1, #1
 638 00ac 2846     		mov	r0, r5
 639 00ae FFF7FEFF 		bl	GRAPH_SetGridVis
 640              	.LVL80:
 353:emWin/GUI_Demo/GUIDEMO_Graph.c ****   GRAPH_SetGridDistX(hGraph, GRID_DIST_X);
 641              		.loc 1 353 3 view .LVU168
 642 00b2 1921     		movs	r1, #25
 643 00b4 2846     		mov	r0, r5
 644 00b6 FFF7FEFF 		bl	GRAPH_SetGridDistX
 645              	.LVL81:
 354:emWin/GUI_Demo/GUIDEMO_Graph.c ****   GRAPH_SetGridDistY(hGraph, GRID_DIST_Y);
 646              		.loc 1 354 3 view .LVU169
 647 00ba 0A21     		movs	r1, #10
 648 00bc 2846     		mov	r0, r5
 649 00be FFF7FEFF 		bl	GRAPH_SetGridDistY
 650              	.LVL82:
 355:emWin/GUI_Demo/GUIDEMO_Graph.c ****   WM_BringToBottom  (hGraph);
 651              		.loc 1 355 3 view .LVU170
 652 00c2 2846     		mov	r0, r5
ARM GAS  C:\Users\gx\AppData\Local\Temp\cczxgVvk.s 			page 20


 653 00c4 FFF7FEFF 		bl	WM_BringToBottom
 654              	.LVL83:
 356:emWin/GUI_Demo/GUIDEMO_Graph.c ****   //
 357:emWin/GUI_Demo/GUIDEMO_Graph.c ****   // Create and configure GRAPH_DATA_YT object
 358:emWin/GUI_Demo/GUIDEMO_Graph.c ****   //
 359:emWin/GUI_Demo/GUIDEMO_Graph.c ****   for (i = 0; i < MAX_NUM_DATA_OBJ; i++) {
 655              		.loc 1 359 3 view .LVU171
 656              	.L48:
 657              		.loc 1 359 15 discriminator 1 view .LVU172
 658              		.loc 1 359 3 is_stmt 0 discriminator 1 view .LVU173
 659 00c8 042C     		cmp	r4, #4
 660 00ca 13DC     		bgt	.L57
 360:emWin/GUI_Demo/GUIDEMO_Graph.c ****     hData[i] = GRAPH_DATA_YT_Create(_aColorData[i], xSize - (DIST_TO_BORDER << 1) - BORDER_LEFT, 0,
 661              		.loc 1 360 5 is_stmt 1 discriminator 3 view .LVU174
 662              		.loc 1 360 16 is_stmt 0 discriminator 3 view .LVU175
 663 00cc 0023     		movs	r3, #0
 664 00ce 1A46     		mov	r2, r3
 665 00d0 A8F12701 		sub	r1, r8, #39
 666 00d4 4C48     		ldr	r0, .L59+16
 667 00d6 50F82400 		ldr	r0, [r0, r4, lsl #2]
 668 00da FFF7FEFF 		bl	GRAPH_DATA_YT_Create
 669              	.LVL84:
 670              		.loc 1 360 14 discriminator 3 view .LVU176
 671 00de 0AAB     		add	r3, sp, #40
 672 00e0 03EB8403 		add	r3, r3, r4, lsl #2
 673 00e4 43F8140C 		str	r0, [r3, #-20]
 359:emWin/GUI_Demo/GUIDEMO_Graph.c ****     hData[i] = GRAPH_DATA_YT_Create(_aColorData[i], xSize - (DIST_TO_BORDER << 1) - BORDER_LEFT, 0,
 674              		.loc 1 359 37 is_stmt 1 discriminator 3 view .LVU177
 359:emWin/GUI_Demo/GUIDEMO_Graph.c ****     hData[i] = GRAPH_DATA_YT_Create(_aColorData[i], xSize - (DIST_TO_BORDER << 1) - BORDER_LEFT, 0,
 675              		.loc 1 359 38 is_stmt 0 discriminator 3 view .LVU178
 676 00e8 0134     		adds	r4, r4, #1
 677              	.LVL85:
 359:emWin/GUI_Demo/GUIDEMO_Graph.c ****     hData[i] = GRAPH_DATA_YT_Create(_aColorData[i], xSize - (DIST_TO_BORDER << 1) - BORDER_LEFT, 0,
 678              		.loc 1 359 38 discriminator 3 view .LVU179
 679 00ea EDE7     		b	.L48
 680              	.LVL86:
 681              	.L54:
 329:emWin/GUI_Demo/GUIDEMO_Graph.c ****     if (Graph_xSize > (Graph_ySize * 20) / 11) {
 682              		.loc 1 329 17 view .LVU180
 683 00ec F227     		movs	r7, #242
 331:emWin/GUI_Demo/GUIDEMO_Graph.c ****     }
 684              		.loc 1 331 19 view .LVU181
 685 00ee 4FF4DC79 		mov	r9, #440
 686              	.LVL87:
 331:emWin/GUI_Demo/GUIDEMO_Graph.c ****     }
 687              		.loc 1 331 19 view .LVU182
 688 00f2 A1E7     		b	.L46
 689              	.LVL88:
 690              	.L57:
 361:emWin/GUI_Demo/GUIDEMO_Graph.c ****   }
 362:emWin/GUI_Demo/GUIDEMO_Graph.c ****   Data_ySize = Graph_ySize - BORDER_BOTTOM;
 691              		.loc 1 362 3 is_stmt 1 view .LVU183
 692              		.loc 1 362 14 is_stmt 0 view .LVU184
 693 00f4 A7F10908 		sub	r8, r7, #9
 694              	.LVL89:
 363:emWin/GUI_Demo/GUIDEMO_Graph.c ****   //
 364:emWin/GUI_Demo/GUIDEMO_Graph.c ****   // Create and configure GRAPH_SCALE objects
ARM GAS  C:\Users\gx\AppData\Local\Temp\cczxgVvk.s 			page 21


 365:emWin/GUI_Demo/GUIDEMO_Graph.c ****   //
 366:emWin/GUI_Demo/GUIDEMO_Graph.c ****   _hScaleH = GRAPH_SCALE_Create(BORDER_BOTTOM >> 1, GUI_TA_VCENTER, GRAPH_SCALE_CF_HORIZONTAL, TICK
 695              		.loc 1 366 3 is_stmt 1 view .LVU185
 696              		.loc 1 366 14 is_stmt 0 view .LVU186
 697 00f8 1923     		movs	r3, #25
 698 00fa 0022     		movs	r2, #0
 699 00fc 0C21     		movs	r1, #12
 700 00fe 0420     		movs	r0, #4
 701 0100 FFF7FEFF 		bl	GRAPH_SCALE_Create
 702              	.LVL90:
 703              		.loc 1 366 12 view .LVU187
 704 0104 414C     		ldr	r4, .L59+20
 705              	.LVL91:
 706              		.loc 1 366 12 view .LVU188
 707 0106 2060     		str	r0, [r4]
 367:emWin/GUI_Demo/GUIDEMO_Graph.c ****   _hScaleV = GRAPH_SCALE_Create(BORDER_LEFT   >> 1, GUI_TA_HCENTER, GRAPH_SCALE_CF_VERTICAL,   TICK
 708              		.loc 1 367 3 is_stmt 1 view .LVU189
 709              		.loc 1 367 14 is_stmt 0 view .LVU190
 710 0108 1423     		movs	r3, #20
 711 010a 0122     		movs	r2, #1
 712 010c 0221     		movs	r1, #2
 713 010e 0920     		movs	r0, #9
 714 0110 FFF7FEFF 		bl	GRAPH_SCALE_Create
 715              	.LVL92:
 716              		.loc 1 367 12 view .LVU191
 717 0114 3E4B     		ldr	r3, .L59+24
 718 0116 1860     		str	r0, [r3]
 368:emWin/GUI_Demo/GUIDEMO_Graph.c ****   GRAPH_SCALE_SetPos(_hScaleH, Graph_ySize - SCALE_H_HEIGHT);
 719              		.loc 1 368 3 is_stmt 1 view .LVU192
 720 0118 391F     		subs	r1, r7, #4
 721 011a 2068     		ldr	r0, [r4]
 722 011c FFF7FEFF 		bl	GRAPH_SCALE_SetPos
 723              	.LVL93:
 369:emWin/GUI_Demo/GUIDEMO_Graph.c ****   GRAPH_SCALE_SetOff(_hScaleH, -5);
 724              		.loc 1 369 3 view .LVU193
 725 0120 6FF00401 		mvn	r1, #4
 726 0124 2068     		ldr	r0, [r4]
 727 0126 FFF7FEFF 		bl	GRAPH_SCALE_SetOff
 728              	.LVL94:
 370:emWin/GUI_Demo/GUIDEMO_Graph.c ****   //
 371:emWin/GUI_Demo/GUIDEMO_Graph.c ****   // Show some graphs
 372:emWin/GUI_Demo/GUIDEMO_Graph.c ****   //
 373:emWin/GUI_Demo/GUIDEMO_Graph.c ****   i = 0;
 729              		.loc 1 373 3 view .LVU194
 374:emWin/GUI_Demo/GUIDEMO_Graph.c ****   while (_aWave[i].pfAddData != 0) {
 730              		.loc 1 374 3 view .LVU195
 373:emWin/GUI_Demo/GUIDEMO_Graph.c ****   while (_aWave[i].pfAddData != 0) {
 731              		.loc 1 373 5 is_stmt 0 view .LVU196
 732 012a 0024     		movs	r4, #0
 733              		.loc 1 374 9 view .LVU197
 734 012c 37E0     		b	.L50
 735              	.LVL95:
 736              	.L51:
 375:emWin/GUI_Demo/GUIDEMO_Graph.c ****     GUIDEMO_ShowInfo(_aWave[i].Name);
 737              		.loc 1 375 5 is_stmt 1 view .LVU198
 738              		.loc 1 375 31 is_stmt 0 view .LVU199
 739 012e 394B     		ldr	r3, .L59+28
ARM GAS  C:\Users\gx\AppData\Local\Temp\cczxgVvk.s 			page 22


 740 0130 04EB4402 		add	r2, r4, r4, lsl #1
 741 0134 03EBC209 		add	r9, r3, r2, lsl #3
 742              		.loc 1 375 5 view .LVU200
 743 0138 53F83200 		ldr	r0, [r3, r2, lsl #3]
 744 013c FFF7FEFF 		bl	GUIDEMO_ShowInfo
 745              	.LVL96:
 376:emWin/GUI_Demo/GUIDEMO_Graph.c ****     GRAPH_AttachScale(hGraph, _hScaleH);
 746              		.loc 1 376 5 is_stmt 1 view .LVU201
 747 0140 324B     		ldr	r3, .L59+20
 748 0142 1968     		ldr	r1, [r3]
 749 0144 2846     		mov	r0, r5
 750 0146 FFF7FEFF 		bl	GRAPH_AttachScale
 751              	.LVL97:
 377:emWin/GUI_Demo/GUIDEMO_Graph.c ****     GRAPH_AttachScale(hGraph, _hScaleV);
 752              		.loc 1 377 5 view .LVU202
 753 014a DFF8C4A0 		ldr	r10, .L59+24
 754 014e DAF80010 		ldr	r1, [r10]
 755 0152 2846     		mov	r0, r5
 756 0154 FFF7FEFF 		bl	GRAPH_AttachScale
 757              	.LVL98:
 378:emWin/GUI_Demo/GUIDEMO_Graph.c ****     _DataAdjust = (Data_ySize * _aWave[i].DataVOff) >> GRAPH_DIV;
 758              		.loc 1 378 5 view .LVU203
 759              		.loc 1 378 42 is_stmt 0 view .LVU204
 760 0158 D9F80830 		ldr	r3, [r9, #8]
 761              		.loc 1 378 31 view .LVU205
 762 015c 08FB03F3 		mul	r3, r8, r3
 763              		.loc 1 378 53 view .LVU206
 764 0160 5B12     		asrs	r3, r3, #9
 765              		.loc 1 378 17 view .LVU207
 766 0162 2D4A     		ldr	r2, .L59+32
 767 0164 1360     		str	r3, [r2]
 379:emWin/GUI_Demo/GUIDEMO_Graph.c ****     GRAPH_SetGridOffY (hGraph, (Data_ySize * _aWave[i].GridVOff) >> GRAPH_DIV);
 768              		.loc 1 379 5 is_stmt 1 view .LVU208
 769              		.loc 1 379 55 is_stmt 0 view .LVU209
 770 0166 D9F80C10 		ldr	r1, [r9, #12]
 771              		.loc 1 379 44 view .LVU210
 772 016a 08FB01F1 		mul	r1, r8, r1
 773              		.loc 1 379 5 view .LVU211
 774 016e 4912     		asrs	r1, r1, #9
 775 0170 2846     		mov	r0, r5
 776 0172 FFF7FEFF 		bl	GRAPH_SetGridOffY
 777              	.LVL99:
 380:emWin/GUI_Demo/GUIDEMO_Graph.c ****     GRAPH_SCALE_SetOff(_hScaleV, (((Data_ySize - BORDER_BOTTOM) * _aWave[i].ScaleVOff) >> GRAPH_DIV
 778              		.loc 1 380 5 is_stmt 1 view .LVU212
 779              		.loc 1 380 48 is_stmt 0 view .LVU213
 780 0176 A7F11203 		sub	r3, r7, #18
 781              		.loc 1 380 76 view .LVU214
 782 017a D9F80410 		ldr	r1, [r9, #4]
 783              		.loc 1 380 65 view .LVU215
 784 017e 01FB03F1 		mul	r1, r1, r3
 785              		.loc 1 380 5 view .LVU216
 786 0182 4912     		asrs	r1, r1, #9
 787 0184 DAF80000 		ldr	r0, [r10]
 788 0188 FFF7FEFF 		bl	GRAPH_SCALE_SetOff
 789              	.LVL100:
 381:emWin/GUI_Demo/GUIDEMO_Graph.c ****     _ShowGraph(hGraph, hData, _aWave[i].NumWaves, _aWave[i].pfAddData);
 790              		.loc 1 381 5 is_stmt 1 view .LVU217
ARM GAS  C:\Users\gx\AppData\Local\Temp\cczxgVvk.s 			page 23


 791 018c D9F81030 		ldr	r3, [r9, #16]
 792 0190 D9F81420 		ldr	r2, [r9, #20]
 793 0194 05A9     		add	r1, sp, #20
 794 0196 2846     		mov	r0, r5
 795 0198 FFF7FEFF 		bl	_ShowGraph
 796              	.LVL101:
 382:emWin/GUI_Demo/GUIDEMO_Graph.c ****     i++;
 797              		.loc 1 382 5 view .LVU218
 798              		.loc 1 382 6 is_stmt 0 view .LVU219
 799 019c 0134     		adds	r4, r4, #1
 800              	.LVL102:
 801              	.L50:
 374:emWin/GUI_Demo/GUIDEMO_Graph.c ****     GUIDEMO_ShowInfo(_aWave[i].Name);
 802              		.loc 1 374 9 is_stmt 1 view .LVU220
 374:emWin/GUI_Demo/GUIDEMO_Graph.c ****     GUIDEMO_ShowInfo(_aWave[i].Name);
 803              		.loc 1 374 19 is_stmt 0 view .LVU221
 804 019e 04EB4403 		add	r3, r4, r4, lsl #1
 805 01a2 1C4A     		ldr	r2, .L59+28
 806 01a4 02EBC303 		add	r3, r2, r3, lsl #3
 807 01a8 1B69     		ldr	r3, [r3, #16]
 374:emWin/GUI_Demo/GUIDEMO_Graph.c ****     GUIDEMO_ShowInfo(_aWave[i].Name);
 808              		.loc 1 374 9 view .LVU222
 809 01aa 002B     		cmp	r3, #0
 810 01ac BFD1     		bne	.L51
 383:emWin/GUI_Demo/GUIDEMO_Graph.c ****   }
 384:emWin/GUI_Demo/GUIDEMO_Graph.c ****   //
 385:emWin/GUI_Demo/GUIDEMO_Graph.c ****   // Clean up
 386:emWin/GUI_Demo/GUIDEMO_Graph.c ****   //
 387:emWin/GUI_Demo/GUIDEMO_Graph.c ****   GRAPH_DetachScale(hGraph, _hScaleH);
 811              		.loc 1 387 3 is_stmt 1 view .LVU223
 812 01ae 174F     		ldr	r7, .L59+20
 813              	.LVL103:
 814              		.loc 1 387 3 is_stmt 0 view .LVU224
 815 01b0 3968     		ldr	r1, [r7]
 816 01b2 2846     		mov	r0, r5
 817 01b4 FFF7FEFF 		bl	GRAPH_DetachScale
 818              	.LVL104:
 388:emWin/GUI_Demo/GUIDEMO_Graph.c ****   GRAPH_DetachScale(hGraph, _hScaleV);
 819              		.loc 1 388 3 is_stmt 1 view .LVU225
 820 01b8 154C     		ldr	r4, .L59+24
 821              	.LVL105:
 822              		.loc 1 388 3 is_stmt 0 view .LVU226
 823 01ba 2168     		ldr	r1, [r4]
 824 01bc 2846     		mov	r0, r5
 825 01be FFF7FEFF 		bl	GRAPH_DetachScale
 826              	.LVL106:
 389:emWin/GUI_Demo/GUIDEMO_Graph.c ****   GRAPH_SCALE_Delete(_hScaleH);
 827              		.loc 1 389 3 is_stmt 1 view .LVU227
 828 01c2 3868     		ldr	r0, [r7]
 829 01c4 FFF7FEFF 		bl	GRAPH_SCALE_Delete
 830              	.LVL107:
 390:emWin/GUI_Demo/GUIDEMO_Graph.c ****   GRAPH_SCALE_Delete(_hScaleV);
 831              		.loc 1 390 3 view .LVU228
 832 01c8 2068     		ldr	r0, [r4]
 833 01ca FFF7FEFF 		bl	GRAPH_SCALE_Delete
 834              	.LVL108:
 391:emWin/GUI_Demo/GUIDEMO_Graph.c ****   for (i = 0; i < MAX_NUM_DATA_OBJ; i++) {
ARM GAS  C:\Users\gx\AppData\Local\Temp\cczxgVvk.s 			page 24


 835              		.loc 1 391 3 view .LVU229
 836              		.loc 1 391 10 is_stmt 0 view .LVU230
 837 01ce 0024     		movs	r4, #0
 838              	.LVL109:
 839              	.L52:
 840              		.loc 1 391 15 is_stmt 1 discriminator 1 view .LVU231
 841              		.loc 1 391 3 is_stmt 0 discriminator 1 view .LVU232
 842 01d0 042C     		cmp	r4, #4
 843 01d2 08DC     		bgt	.L58
 392:emWin/GUI_Demo/GUIDEMO_Graph.c ****     GRAPH_DATA_YT_Delete(hData[i]);
 844              		.loc 1 392 5 is_stmt 1 discriminator 3 view .LVU233
 845 01d4 0AAB     		add	r3, sp, #40
 846 01d6 03EB8403 		add	r3, r3, r4, lsl #2
 847 01da 53F8140C 		ldr	r0, [r3, #-20]
 848 01de FFF7FEFF 		bl	GRAPH_DATA_YT_Delete
 849              	.LVL110:
 391:emWin/GUI_Demo/GUIDEMO_Graph.c ****   for (i = 0; i < MAX_NUM_DATA_OBJ; i++) {
 850              		.loc 1 391 37 discriminator 3 view .LVU234
 391:emWin/GUI_Demo/GUIDEMO_Graph.c ****   for (i = 0; i < MAX_NUM_DATA_OBJ; i++) {
 851              		.loc 1 391 38 is_stmt 0 discriminator 3 view .LVU235
 852 01e2 0134     		adds	r4, r4, #1
 853              	.LVL111:
 391:emWin/GUI_Demo/GUIDEMO_Graph.c ****   for (i = 0; i < MAX_NUM_DATA_OBJ; i++) {
 854              		.loc 1 391 38 discriminator 3 view .LVU236
 855 01e4 F4E7     		b	.L52
 856              	.L58:
 393:emWin/GUI_Demo/GUIDEMO_Graph.c ****   }
 394:emWin/GUI_Demo/GUIDEMO_Graph.c ****   WM_DeleteWindow(hGraph);
 857              		.loc 1 394 3 is_stmt 1 view .LVU237
 858 01e6 2846     		mov	r0, r5
 859 01e8 FFF7FEFF 		bl	WM_DeleteWindow
 860              	.LVL112:
 395:emWin/GUI_Demo/GUIDEMO_Graph.c ****   WIDGET_SetDefaultEffect(pEffectOld);
 861              		.loc 1 395 3 view .LVU238
 862 01ec 3046     		mov	r0, r6
 863 01ee FFF7FEFF 		bl	WIDGET_SetDefaultEffect
 864              	.LVL113:
 396:emWin/GUI_Demo/GUIDEMO_Graph.c **** }
 865              		.loc 1 396 1 is_stmt 0 view .LVU239
 866 01f2 0AB0     		add	sp, sp, #40
 867              	.LCFI9:
 868              		.cfi_def_cfa_offset 32
 869              		@ sp needed
 870 01f4 BDE8F087 		pop	{r4, r5, r6, r7, r8, r9, r10, pc}
 871              	.LVL114:
 872              	.L60:
 873              		.loc 1 396 1 view .LVU240
 874              		.align	2
 875              	.L59:
 876 01f8 00000000 		.word	WIDGET_Effect_Simple
 877 01fc 00000000 		.word	_cbBk
 878 0200 40404000 		.word	4210752
 879 0204 80808000 		.word	8421504
 880 0208 00000000 		.word	.LANCHOR4
 881 020c 00000000 		.word	_hScaleH
 882 0210 00000000 		.word	_hScaleV
 883 0214 00000000 		.word	.LANCHOR5
ARM GAS  C:\Users\gx\AppData\Local\Temp\cczxgVvk.s 			page 25


 884 0218 00000000 		.word	.LANCHOR1
 885              		.cfi_endproc
 886              	.LFE4:
 888              		.section	.rodata.GUIDEMO_Graph.str1.4,"aMS",%progbits,1
 889              		.align	2
 890              	.LC0:
 891 0000 4F707469 		.ascii	"Optimized drawing routine\012for drawing graph data"
 891      6D697A65 
 891      64206472 
 891      6177696E 
 891      6720726F 
 892 0030 00       		.ascii	"\000"
 893 0031 000000   		.align	2
 894              	.LC1:
 895 0034 44726177 		.ascii	"Drawing a graph\000"
 895      696E6720 
 895      61206772 
 895      61706800 
 896              		.section	.text.GUIDEMO_Graph,"ax",%progbits
 897              		.align	1
 898              		.global	GUIDEMO_Graph
 899              		.syntax unified
 900              		.thumb
 901              		.thumb_func
 902              		.fpu fpv4-sp-d16
 904              	GUIDEMO_Graph:
 905              	.LFB5:
 397:emWin/GUI_Demo/GUIDEMO_Graph.c **** 
 398:emWin/GUI_Demo/GUIDEMO_Graph.c **** /*********************************************************************
 399:emWin/GUI_Demo/GUIDEMO_Graph.c **** *
 400:emWin/GUI_Demo/GUIDEMO_Graph.c **** *       Public functions
 401:emWin/GUI_Demo/GUIDEMO_Graph.c **** *
 402:emWin/GUI_Demo/GUIDEMO_Graph.c **** **********************************************************************
 403:emWin/GUI_Demo/GUIDEMO_Graph.c **** */
 404:emWin/GUI_Demo/GUIDEMO_Graph.c **** void GUIDEMO_Graph(void) {
 906              		.loc 1 404 26 is_stmt 1 view -0
 907              		.cfi_startproc
 908              		@ args = 0, pretend = 0, frame = 0
 909              		@ frame_needed = 0, uses_anonymous_args = 0
 910 0000 08B5     		push	{r3, lr}
 911              	.LCFI10:
 912              		.cfi_def_cfa_offset 8
 913              		.cfi_offset 3, -8
 914              		.cfi_offset 14, -4
 405:emWin/GUI_Demo/GUIDEMO_Graph.c ****   GUIDEMO_ShowIntro("Drawing a graph",
 915              		.loc 1 405 3 view .LVU242
 916 0002 0549     		ldr	r1, .L63
 917 0004 0548     		ldr	r0, .L63+4
 918 0006 FFF7FEFF 		bl	GUIDEMO_ShowIntro
 919              	.LVL115:
 406:emWin/GUI_Demo/GUIDEMO_Graph.c ****                     "Optimized drawing routine\n"
 407:emWin/GUI_Demo/GUIDEMO_Graph.c ****                     "for drawing graph data");
 408:emWin/GUI_Demo/GUIDEMO_Graph.c ****   GUIDEMO_ShowInfoWin();
 920              		.loc 1 408 3 view .LVU243
 921 000a FFF7FEFF 		bl	GUIDEMO_ShowInfoWin
 922              	.LVL116:
 409:emWin/GUI_Demo/GUIDEMO_Graph.c ****   _GraphDemo();
ARM GAS  C:\Users\gx\AppData\Local\Temp\cczxgVvk.s 			page 26


 923              		.loc 1 409 3 view .LVU244
 924 000e FFF7FEFF 		bl	_GraphDemo
 925              	.LVL117:
 410:emWin/GUI_Demo/GUIDEMO_Graph.c ****   GUIDEMO_NotifyStartNext();
 926              		.loc 1 410 3 view .LVU245
 927 0012 FFF7FEFF 		bl	GUIDEMO_NotifyStartNext
 928              	.LVL118:
 411:emWin/GUI_Demo/GUIDEMO_Graph.c **** }
 929              		.loc 1 411 1 is_stmt 0 view .LVU246
 930 0016 08BD     		pop	{r3, pc}
 931              	.L64:
 932              		.align	2
 933              	.L63:
 934 0018 00000000 		.word	.LC0
 935 001c 34000000 		.word	.LC1
 936              		.cfi_endproc
 937              	.LFE5:
 939              		.global	_aWave
 940              		.section	.rodata.str1.4,"aMS",%progbits,1
 941              		.align	2
 942              	.LC2:
 943 0000 48656172 		.ascii	"Heartbeat\000"
 943      74626561 
 943      7400
 944 000a 0000     		.align	2
 945              	.LC3:
 946 000c 53696E65 		.ascii	"Sine Waves\000"
 946      20576176 
 946      657300
 947              		.comm	_hScaleV,4,4
 948              		.comm	_hScaleH,4,4
 949              		.section	.bss.Index.13464,"aw",%nobits
 950              		.align	2
 951              		.set	.LANCHOR3,. + 0
 954              	Index.13464:
 955 0000 00000000 		.space	4
 956              		.section	.bss._DataAdjust,"aw",%nobits
 957              		.align	2
 958              		.set	.LANCHOR1,. + 0
 961              	_DataAdjust:
 962 0000 00000000 		.space	4
 963              		.section	.bss.x1000.13451,"aw",%nobits
 964              		.align	2
 965              		.set	.LANCHOR0,. + 0
 968              	x1000.13451:
 969 0000 00000000 		.space	20
 969      00000000 
 969      00000000 
 969      00000000 
 969      00000000 
 970              		.section	.data._aWave,"aw"
 971              		.align	2
 972              		.set	.LANCHOR5,. + 0
 975              	_aWave:
 976 0000 00000000 		.word	.LC2
 977 0004 9D000000 		.word	157
 978 0008 98000000 		.word	152
ARM GAS  C:\Users\gx\AppData\Local\Temp\cczxgVvk.s 			page 27


 979 000c 15000000 		.word	21
 980 0010 00000000 		.word	_AddData_Heartbeat
 981 0014 01000000 		.word	1
 982 0018 0C000000 		.word	.LC3
 983 001c 09010000 		.word	265
 984 0020 FD000000 		.word	253
 985 0024 17000000 		.word	23
 986 0028 00000000 		.word	_AddData_Sine
 987 002c 03000000 		.word	3
 988 0030 00000000 		.word	0
 989 0034 00000000 		.space	20
 989      00000000 
 989      00000000 
 989      00000000 
 989      00000000 
 990              		.section	.rodata._HeartBeat,"a"
 991              		.align	2
 992              		.set	.LANCHOR2,. + 0
 995              	_HeartBeat:
 996 0000 02000000 		.word	2
 997 0004 04000000 		.word	4
 998 0008 06000000 		.word	6
 999 000c 08000000 		.word	8
 1000 0010 0A000000 		.word	10
 1001 0014 06000000 		.word	6
 1002 0018 02000000 		.word	2
 1003 001c 00000000 		.word	0
 1004 0020 00000000 		.word	0
 1005 0024 00000000 		.word	0
 1006 0028 F8FFFFFF 		.word	-8
 1007 002c 10000000 		.word	16
 1008 0030 28000000 		.word	40
 1009 0034 40000000 		.word	64
 1010 0038 58000000 		.word	88
 1011 003c 3A000000 		.word	58
 1012 0040 1C000000 		.word	28
 1013 0044 FEFFFFFF 		.word	-2
 1014 0048 E0FFFFFF 		.word	-32
 1015 004c E2FFFFFF 		.word	-30
 1016 0050 ECFFFFFF 		.word	-20
 1017 0054 F6FFFFFF 		.word	-10
 1018 0058 00000000 		.word	0
 1019 005c 02000000 		.word	2
 1020 0060 02000000 		.word	2
 1021 0064 04000000 		.word	4
 1022 0068 04000000 		.word	4
 1023 006c 06000000 		.word	6
 1024 0070 06000000 		.word	6
 1025 0074 08000000 		.word	8
 1026 0078 08000000 		.word	8
 1027 007c 0A000000 		.word	10
 1028 0080 0C000000 		.word	12
 1029 0084 0E000000 		.word	14
 1030 0088 10000000 		.word	16
 1031 008c 12000000 		.word	18
 1032 0090 14000000 		.word	20
 1033 0094 10000000 		.word	16
ARM GAS  C:\Users\gx\AppData\Local\Temp\cczxgVvk.s 			page 28


 1034 0098 0C000000 		.word	12
 1035 009c 08000000 		.word	8
 1036 00a0 04000000 		.word	4
 1037 00a4 02000000 		.word	2
 1038 00a8 02000000 		.word	2
 1039 00ac 00000000 		.word	0
 1040 00b0 00000000 		.word	0
 1041 00b4 00000000 		.word	0
 1042 00b8 00000000 		.word	0
 1043 00bc 00000000 		.word	0
 1044 00c0 00000000 		.word	0
 1045 00c4 00000000 		.word	0
 1046 00c8 00000000 		.word	0
 1047 00cc 00000000 		.word	0
 1048 00d0 00000000 		.word	0
 1049 00d4 00000000 		.word	0
 1050 00d8 00000000 		.word	0
 1051 00dc 00000000 		.word	0
 1052 00e0 00000000 		.word	0
 1053 00e4 00000000 		.word	0
 1054 00e8 00000000 		.word	0
 1055 00ec 00000000 		.word	0
 1056 00f0 00000000 		.word	0
 1057 00f4 00000000 		.word	0
 1058 00f8 00000000 		.word	0
 1059 00fc 00000000 		.word	0
 1060 0100 00000000 		.word	0
 1061 0104 00000000 		.word	0
 1062 0108 00000000 		.word	0
 1063 010c 00000000 		.word	0
 1064 0110 00000000 		.word	0
 1065 0114 00000000 		.word	0
 1066              		.section	.rodata._aColorData,"a"
 1067              		.align	2
 1068              		.set	.LANCHOR4,. + 0
 1071              	_aColorData:
 1072 0000 FFC05000 		.word	5292287
 1073 0004 50C0FF00 		.word	16760912
 1074 0008 C0FF5000 		.word	5308352
 1075 000c 00008000 		.word	8388608
 1076 0010 80000000 		.word	128
 1077              		.text
 1078              	.Letext0:
 1079              		.file 2 "emWin/inc/LCD.h"
 1080              		.file 3 "emWin/inc/GUI.h"
 1081              		.file 4 "emWin/inc/GUI_Type.h"
 1082              		.file 5 "emWin/inc/WM.h"
 1083              		.file 6 "emWin/inc/LCD_Protected.h"
 1084              		.file 7 "emWin/inc/GUI_Private.h"
 1085              		.file 8 "emWin/inc/WM_Intern.h"
 1086              		.file 9 "emWin/inc/WIDGET.h"
 1087              		.file 10 "emWin/inc/GRAPH.h"
 1088              		.file 11 "emWin/GUI_Demo/GUIDEMO.h"
ARM GAS  C:\Users\gx\AppData\Local\Temp\cczxgVvk.s 			page 29


DEFINED SYMBOLS
                            *ABS*:00000000 GUIDEMO_Graph.c
C:\Users\gx\AppData\Local\Temp\cczxgVvk.s:18     .text._AddData_Sine:00000000 $t
C:\Users\gx\AppData\Local\Temp\cczxgVvk.s:25     .text._AddData_Sine:00000000 _AddData_Sine
C:\Users\gx\AppData\Local\Temp\cczxgVvk.s:107    .text._AddData_Sine:0000005c $d
C:\Users\gx\AppData\Local\Temp\cczxgVvk.s:113    .text._AddData_Heartbeat:00000000 $t
C:\Users\gx\AppData\Local\Temp\cczxgVvk.s:119    .text._AddData_Heartbeat:00000000 _AddData_Heartbeat
C:\Users\gx\AppData\Local\Temp\cczxgVvk.s:171    .text._AddData_Heartbeat:0000002c $d
C:\Users\gx\AppData\Local\Temp\cczxgVvk.s:178    .text._cbBk:00000000 $t
C:\Users\gx\AppData\Local\Temp\cczxgVvk.s:184    .text._cbBk:00000000 _cbBk
C:\Users\gx\AppData\Local\Temp\cczxgVvk.s:223    .text._ShowGraph:00000000 $t
C:\Users\gx\AppData\Local\Temp\cczxgVvk.s:229    .text._ShowGraph:00000000 _ShowGraph
C:\Users\gx\AppData\Local\Temp\cczxgVvk.s:472    .text._ShowGraph:000000e8 $d
                            *COM*:00000004 _hScaleH
                            *COM*:00000004 _hScaleV
C:\Users\gx\AppData\Local\Temp\cczxgVvk.s:478    .text._GraphDemo:00000000 $t
C:\Users\gx\AppData\Local\Temp\cczxgVvk.s:484    .text._GraphDemo:00000000 _GraphDemo
C:\Users\gx\AppData\Local\Temp\cczxgVvk.s:876    .text._GraphDemo:000001f8 $d
C:\Users\gx\AppData\Local\Temp\cczxgVvk.s:889    .rodata.GUIDEMO_Graph.str1.4:00000000 $d
C:\Users\gx\AppData\Local\Temp\cczxgVvk.s:897    .text.GUIDEMO_Graph:00000000 $t
C:\Users\gx\AppData\Local\Temp\cczxgVvk.s:904    .text.GUIDEMO_Graph:00000000 GUIDEMO_Graph
C:\Users\gx\AppData\Local\Temp\cczxgVvk.s:934    .text.GUIDEMO_Graph:00000018 $d
C:\Users\gx\AppData\Local\Temp\cczxgVvk.s:975    .data._aWave:00000000 _aWave
C:\Users\gx\AppData\Local\Temp\cczxgVvk.s:941    .rodata.str1.4:00000000 $d
C:\Users\gx\AppData\Local\Temp\cczxgVvk.s:950    .bss.Index.13464:00000000 $d
C:\Users\gx\AppData\Local\Temp\cczxgVvk.s:954    .bss.Index.13464:00000000 Index.13464
C:\Users\gx\AppData\Local\Temp\cczxgVvk.s:957    .bss._DataAdjust:00000000 $d
C:\Users\gx\AppData\Local\Temp\cczxgVvk.s:961    .bss._DataAdjust:00000000 _DataAdjust
C:\Users\gx\AppData\Local\Temp\cczxgVvk.s:964    .bss.x1000.13451:00000000 $d
C:\Users\gx\AppData\Local\Temp\cczxgVvk.s:968    .bss.x1000.13451:00000000 x1000.13451
C:\Users\gx\AppData\Local\Temp\cczxgVvk.s:971    .data._aWave:00000000 $d
C:\Users\gx\AppData\Local\Temp\cczxgVvk.s:991    .rodata._HeartBeat:00000000 $d
C:\Users\gx\AppData\Local\Temp\cczxgVvk.s:995    .rodata._HeartBeat:00000000 _HeartBeat
C:\Users\gx\AppData\Local\Temp\cczxgVvk.s:1067   .rodata._aColorData:00000000 $d
C:\Users\gx\AppData\Local\Temp\cczxgVvk.s:1071   .rodata._aColorData:00000000 _aColorData

UNDEFINED SYMBOLS
GUI__SinHQ
GRAPH_DATA_YT_AddValue
WM_DefaultProc
GUIDEMO_DrawBk
LCD_GetXSize
GRAPH_AttachData
GUIDEMO_GetTime
GUIDEMO_CheckCancel
GUI_Exec
GRAPH_DetachScale
WM_ValidateWindow
GUI_Delay
GRAPH_DetachData
GUIDEMO_NotifyStartNext
LCD_GetYSize
WIDGET_SetDefaultEffect
WM_GetDesktopWindow
WM_SetCallback
GRAPH_CreateEx
GRAPH_SetBorder
ARM GAS  C:\Users\gx\AppData\Local\Temp\cczxgVvk.s 			page 30


WM_SetHasTrans
GRAPH_SetColor
GRAPH_SetGridVis
GRAPH_SetGridDistX
GRAPH_SetGridDistY
WM_BringToBottom
GRAPH_DATA_YT_Create
GRAPH_SCALE_Create
GRAPH_SCALE_SetPos
GRAPH_SCALE_SetOff
GUIDEMO_ShowInfo
GRAPH_AttachScale
GRAPH_SetGridOffY
GRAPH_SCALE_Delete
GRAPH_DATA_YT_Delete
WM_DeleteWindow
WIDGET_Effect_Simple
GUIDEMO_ShowIntro
GUIDEMO_ShowInfoWin
