ARM GAS  C:\Users\gx\AppData\Local\Temp\cc98AYIB.s 			page 1


   1              		.cpu cortex-m4
   2              		.eabi_attribute 27, 1
   3              		.eabi_attribute 28, 1
   4              		.eabi_attribute 20, 1
   5              		.eabi_attribute 21, 1
   6              		.eabi_attribute 23, 3
   7              		.eabi_attribute 24, 1
   8              		.eabi_attribute 25, 1
   9              		.eabi_attribute 26, 1
  10              		.eabi_attribute 30, 1
  11              		.eabi_attribute 34, 1
  12              		.eabi_attribute 18, 4
  13              		.file	"GUIDEMO_Conf.c"
  14              		.text
  15              	.Ltext0:
  16              		.cfi_sections	.debug_frame
  17              		.section	.text.GUIDEMO_Config,"ax",%progbits
  18              		.align	1
  19              		.global	GUIDEMO_Config
  20              		.arch armv7e-m
  21              		.syntax unified
  22              		.thumb
  23              		.thumb_func
  24              		.fpu fpv4-sp-d16
  26              	GUIDEMO_Config:
  27              	.LVL0:
  28              	.LFB0:
  29              		.file 1 "emWin/GUI_Demo/GUIDEMO_Conf.c"
   1:emWin/GUI_Demo/GUIDEMO_Conf.c **** /*********************************************************************
   2:emWin/GUI_Demo/GUIDEMO_Conf.c **** *          Portions COPYRIGHT 2017 STMicroelectronics                 *
   3:emWin/GUI_Demo/GUIDEMO_Conf.c **** *          Portions SEGGER Microcontroller GmbH & Co. KG             *
   4:emWin/GUI_Demo/GUIDEMO_Conf.c **** *        Solutions for real time microcontroller applications        *
   5:emWin/GUI_Demo/GUIDEMO_Conf.c **** **********************************************************************
   6:emWin/GUI_Demo/GUIDEMO_Conf.c **** *                                                                    *
   7:emWin/GUI_Demo/GUIDEMO_Conf.c **** *        (c) 1996 - 2015  SEGGER Microcontroller GmbH & Co. KG       *
   8:emWin/GUI_Demo/GUIDEMO_Conf.c **** *                                                                    *
   9:emWin/GUI_Demo/GUIDEMO_Conf.c **** *        Internet: www.segger.com    Support:  support@segger.com    *
  10:emWin/GUI_Demo/GUIDEMO_Conf.c **** *                                                                    *
  11:emWin/GUI_Demo/GUIDEMO_Conf.c **** **********************************************************************
  12:emWin/GUI_Demo/GUIDEMO_Conf.c **** 
  13:emWin/GUI_Demo/GUIDEMO_Conf.c **** ** emWin V5.28 - Graphical user interface for embedded applications **
  14:emWin/GUI_Demo/GUIDEMO_Conf.c **** All  Intellectual Property rights  in the Software belongs to  SEGGER.
  15:emWin/GUI_Demo/GUIDEMO_Conf.c **** emWin is protected by  international copyright laws.  Knowledge of the
  16:emWin/GUI_Demo/GUIDEMO_Conf.c **** source code may not be used to write a similar product.  This file may
  17:emWin/GUI_Demo/GUIDEMO_Conf.c **** only be used in accordance with the following terms:
  18:emWin/GUI_Demo/GUIDEMO_Conf.c **** 
  19:emWin/GUI_Demo/GUIDEMO_Conf.c **** The  software has  been licensed  to STMicroelectronics International
  20:emWin/GUI_Demo/GUIDEMO_Conf.c **** N.V. a Dutch company with a Swiss branch and its headquarters in Plan-
  21:emWin/GUI_Demo/GUIDEMO_Conf.c **** les-Ouates, Geneva, 39 Chemin du Champ des Filles, Switzerland for the
  22:emWin/GUI_Demo/GUIDEMO_Conf.c **** purposes of creating libraries for ARM Cortex-M-based 32-bit microcon_
  23:emWin/GUI_Demo/GUIDEMO_Conf.c **** troller products commercialized by Licensee only, sublicensed and dis_
  24:emWin/GUI_Demo/GUIDEMO_Conf.c **** tributed under the terms and conditions of the End User License Agree_
  25:emWin/GUI_Demo/GUIDEMO_Conf.c **** ment supplied by STMicroelectronics International N.V.
  26:emWin/GUI_Demo/GUIDEMO_Conf.c **** Full source code is available at: www.segger.com
  27:emWin/GUI_Demo/GUIDEMO_Conf.c **** 
  28:emWin/GUI_Demo/GUIDEMO_Conf.c **** We appreciate your understanding and fairness.
  29:emWin/GUI_Demo/GUIDEMO_Conf.c **** ----------------------------------------------------------------------
ARM GAS  C:\Users\gx\AppData\Local\Temp\cc98AYIB.s 			page 2


  30:emWin/GUI_Demo/GUIDEMO_Conf.c **** File        : GUIDEMO_Conf.c
  31:emWin/GUI_Demo/GUIDEMO_Conf.c **** Purpose     : Runtime configurability of the GUIDEMO
  32:emWin/GUI_Demo/GUIDEMO_Conf.c **** ----------------------------------------------------------------------
  33:emWin/GUI_Demo/GUIDEMO_Conf.c **** */
  34:emWin/GUI_Demo/GUIDEMO_Conf.c **** 
  35:emWin/GUI_Demo/GUIDEMO_Conf.c **** /**
  36:emWin/GUI_Demo/GUIDEMO_Conf.c ****   ******************************************************************************
  37:emWin/GUI_Demo/GUIDEMO_Conf.c ****   * @file    GUIDEMO_Conf.c
  38:emWin/GUI_Demo/GUIDEMO_Conf.c ****   * @author  MCD Application Team
  39:emWin/GUI_Demo/GUIDEMO_Conf.c ****   * @brief   Runtime configurability of the GUIDEMO
  40:emWin/GUI_Demo/GUIDEMO_Conf.c ****   ******************************************************************************
  41:emWin/GUI_Demo/GUIDEMO_Conf.c ****   * @attention
  42:emWin/GUI_Demo/GUIDEMO_Conf.c ****   *
  43:emWin/GUI_Demo/GUIDEMO_Conf.c ****   * <h2><center>&copy; Copyright © 2017 STMicroelectronics International N.V. 
  44:emWin/GUI_Demo/GUIDEMO_Conf.c ****   * All rights reserved.</center></h2>
  45:emWin/GUI_Demo/GUIDEMO_Conf.c ****   *
  46:emWin/GUI_Demo/GUIDEMO_Conf.c ****   * Redistribution and use in source and binary forms, with or without 
  47:emWin/GUI_Demo/GUIDEMO_Conf.c ****   * modification, are permitted, provided that the following conditions are met:
  48:emWin/GUI_Demo/GUIDEMO_Conf.c ****   *
  49:emWin/GUI_Demo/GUIDEMO_Conf.c ****   * 1. Redistribution of source code must retain the above copyright notice, 
  50:emWin/GUI_Demo/GUIDEMO_Conf.c ****   *    this list of conditions and the following disclaimer.
  51:emWin/GUI_Demo/GUIDEMO_Conf.c ****   * 2. Redistributions in binary form must reproduce the above copyright notice,
  52:emWin/GUI_Demo/GUIDEMO_Conf.c ****   *    this list of conditions and the following disclaimer in the documentation
  53:emWin/GUI_Demo/GUIDEMO_Conf.c ****   *    and/or other materials provided with the distribution.
  54:emWin/GUI_Demo/GUIDEMO_Conf.c ****   * 3. Neither the name of STMicroelectronics nor the names of other 
  55:emWin/GUI_Demo/GUIDEMO_Conf.c ****   *    contributors to this software may be used to endorse or promote products 
  56:emWin/GUI_Demo/GUIDEMO_Conf.c ****   *    derived from this software without specific written permission.
  57:emWin/GUI_Demo/GUIDEMO_Conf.c ****   * 4. This software, including modifications and/or derivative works of this 
  58:emWin/GUI_Demo/GUIDEMO_Conf.c ****   *    software, must execute solely and exclusively on microcontroller or
  59:emWin/GUI_Demo/GUIDEMO_Conf.c ****   *    microprocessor devices manufactured by or for STMicroelectronics.
  60:emWin/GUI_Demo/GUIDEMO_Conf.c ****   * 5. Redistribution and use of this software other than as permitted under 
  61:emWin/GUI_Demo/GUIDEMO_Conf.c ****   *    this license is void and will automatically terminate your rights under 
  62:emWin/GUI_Demo/GUIDEMO_Conf.c ****   *    this license. 
  63:emWin/GUI_Demo/GUIDEMO_Conf.c ****   *
  64:emWin/GUI_Demo/GUIDEMO_Conf.c ****   * THIS SOFTWARE IS PROVIDED BY STMICROELECTRONICS AND CONTRIBUTORS "AS IS" 
  65:emWin/GUI_Demo/GUIDEMO_Conf.c ****   * AND ANY EXPRESS, IMPLIED OR STATUTORY WARRANTIES, INCLUDING, BUT NOT 
  66:emWin/GUI_Demo/GUIDEMO_Conf.c ****   * LIMITED TO, THE IMPLIED WARRANTIES OF MERCHANTABILITY, FITNESS FOR A 
  67:emWin/GUI_Demo/GUIDEMO_Conf.c ****   * PARTICULAR PURPOSE AND NON-INFRINGEMENT OF THIRD PARTY INTELLECTUAL PROPERTY
  68:emWin/GUI_Demo/GUIDEMO_Conf.c ****   * RIGHTS ARE DISCLAIMED TO THE FULLEST EXTENT PERMITTED BY LAW. IN NO EVENT 
  69:emWin/GUI_Demo/GUIDEMO_Conf.c ****   * SHALL STMICROELECTRONICS OR CONTRIBUTORS BE LIABLE FOR ANY DIRECT, INDIRECT,
  70:emWin/GUI_Demo/GUIDEMO_Conf.c ****   * INCIDENTAL, SPECIAL, EXEMPLARY, OR CONSEQUENTIAL DAMAGES (INCLUDING, BUT NOT
  71:emWin/GUI_Demo/GUIDEMO_Conf.c ****   * LIMITED TO, PROCUREMENT OF SUBSTITUTE GOODS OR SERVICES; LOSS OF USE, DATA, 
  72:emWin/GUI_Demo/GUIDEMO_Conf.c ****   * OR PROFITS; OR BUSINESS INTERRUPTION) HOWEVER CAUSED AND ON ANY THEORY OF 
  73:emWin/GUI_Demo/GUIDEMO_Conf.c ****   * LIABILITY, WHETHER IN CONTRACT, STRICT LIABILITY, OR TORT (INCLUDING 
  74:emWin/GUI_Demo/GUIDEMO_Conf.c ****   * NEGLIGENCE OR OTHERWISE) ARISING IN ANY WAY OUT OF THE USE OF THIS SOFTWARE,
  75:emWin/GUI_Demo/GUIDEMO_Conf.c ****   * EVEN IF ADVISED OF THE POSSIBILITY OF SUCH DAMAGE.
  76:emWin/GUI_Demo/GUIDEMO_Conf.c ****   *
  77:emWin/GUI_Demo/GUIDEMO_Conf.c ****   ******************************************************************************
  78:emWin/GUI_Demo/GUIDEMO_Conf.c ****   */
  79:emWin/GUI_Demo/GUIDEMO_Conf.c **** 
  80:emWin/GUI_Demo/GUIDEMO_Conf.c **** /*********************************************************************
  81:emWin/GUI_Demo/GUIDEMO_Conf.c **** *
  82:emWin/GUI_Demo/GUIDEMO_Conf.c **** *       Includes
  83:emWin/GUI_Demo/GUIDEMO_Conf.c **** *
  84:emWin/GUI_Demo/GUIDEMO_Conf.c **** **********************************************************************
  85:emWin/GUI_Demo/GUIDEMO_Conf.c **** */
  86:emWin/GUI_Demo/GUIDEMO_Conf.c **** #include "GUI.h"
ARM GAS  C:\Users\gx\AppData\Local\Temp\cc98AYIB.s 			page 3


  87:emWin/GUI_Demo/GUIDEMO_Conf.c **** #include "GUIDEMO.h"
  88:emWin/GUI_Demo/GUIDEMO_Conf.c **** #if GUIDEMO_USE_VNC
  89:emWin/GUI_Demo/GUIDEMO_Conf.c ****   #include "GUI_VNC.h"
  90:emWin/GUI_Demo/GUIDEMO_Conf.c **** #endif
  91:emWin/GUI_Demo/GUIDEMO_Conf.c **** 
  92:emWin/GUI_Demo/GUIDEMO_Conf.c **** /*********************************************************************
  93:emWin/GUI_Demo/GUIDEMO_Conf.c **** *
  94:emWin/GUI_Demo/GUIDEMO_Conf.c **** *       Routine table
  95:emWin/GUI_Demo/GUIDEMO_Conf.c **** */
  96:emWin/GUI_Demo/GUIDEMO_Conf.c **** static void (* _apfTest[])(void) = {
  97:emWin/GUI_Demo/GUIDEMO_Conf.c **** #if (SHOW_GUIDEMO_SPEEDOMETER && GUI_SUPPORT_MEMDEV)
  98:emWin/GUI_Demo/GUIDEMO_Conf.c ****   GUIDEMO_Speedometer,
  99:emWin/GUI_Demo/GUIDEMO_Conf.c **** #endif
 100:emWin/GUI_Demo/GUIDEMO_Conf.c **** #if (SHOW_GUIDEMO_ZOOMANDROTATE && GUI_WINSUPPORT && GUI_SUPPORT_MEMDEV)
 101:emWin/GUI_Demo/GUIDEMO_Conf.c ****   GUIDEMO_ZoomAndRotate,
 102:emWin/GUI_Demo/GUIDEMO_Conf.c **** #endif
 103:emWin/GUI_Demo/GUIDEMO_Conf.c **** #if (SHOW_GUIDEMO_RADIALMENU && GUI_WINSUPPORT)
 104:emWin/GUI_Demo/GUIDEMO_Conf.c ****   GUIDEMO_RadialMenu,
 105:emWin/GUI_Demo/GUIDEMO_Conf.c **** #endif
 106:emWin/GUI_Demo/GUIDEMO_Conf.c **** #if (SHOW_GUIDEMO_SKINNING && GUI_WINSUPPORT && GUI_SUPPORT_MEMDEV)
 107:emWin/GUI_Demo/GUIDEMO_Conf.c ****   GUIDEMO_Skinning,
 108:emWin/GUI_Demo/GUIDEMO_Conf.c **** #endif
 109:emWin/GUI_Demo/GUIDEMO_Conf.c **** #if (SHOW_GUIDEMO_BARGRAPH && GUI_SUPPORT_MEMDEV)
 110:emWin/GUI_Demo/GUIDEMO_Conf.c ****   GUIDEMO_BarGraph,
 111:emWin/GUI_Demo/GUIDEMO_Conf.c **** #endif
 112:emWin/GUI_Demo/GUIDEMO_Conf.c **** #if (SHOW_GUIDEMO_FADING && GUI_SUPPORT_MEMDEV)
 113:emWin/GUI_Demo/GUIDEMO_Conf.c ****   GUIDEMO_Fading,
 114:emWin/GUI_Demo/GUIDEMO_Conf.c **** #endif
 115:emWin/GUI_Demo/GUIDEMO_Conf.c **** #if SHOW_GUIDEMO_AATEXT
 116:emWin/GUI_Demo/GUIDEMO_Conf.c ****   GUIDEMO_AntialiasedText,
 117:emWin/GUI_Demo/GUIDEMO_Conf.c **** #endif
 118:emWin/GUI_Demo/GUIDEMO_Conf.c **** #if (SHOW_GUIDEMO_TRANSPARENTDIALOG && GUI_WINSUPPORT && GUI_SUPPORT_MEMDEV)
 119:emWin/GUI_Demo/GUIDEMO_Conf.c ****   GUIDEMO_TransparentDialog,
 120:emWin/GUI_Demo/GUIDEMO_Conf.c **** #endif
 121:emWin/GUI_Demo/GUIDEMO_Conf.c **** #if (SHOW_GUIDEMO_WASHINGMACHINE && GUI_WINSUPPORT && GUI_SUPPORT_MEMDEV)
 122:emWin/GUI_Demo/GUIDEMO_Conf.c ****   GUIDEMO_WashingMachine,
 123:emWin/GUI_Demo/GUIDEMO_Conf.c **** #endif
 124:emWin/GUI_Demo/GUIDEMO_Conf.c **** #if (SHOW_GUIDEMO_ICONVIEW && GUI_WINSUPPORT && GUI_SUPPORT_MEMDEV)
 125:emWin/GUI_Demo/GUIDEMO_Conf.c ****   GUIDEMO_IconView,
 126:emWin/GUI_Demo/GUIDEMO_Conf.c **** #endif
 127:emWin/GUI_Demo/GUIDEMO_Conf.c **** #if (SHOW_GUIDEMO_IMAGEFLOW && GUI_WINSUPPORT && GUI_SUPPORT_MEMDEV)
 128:emWin/GUI_Demo/GUIDEMO_Conf.c ****   GUIDEMO_ImageFlow,
 129:emWin/GUI_Demo/GUIDEMO_Conf.c **** #endif
 130:emWin/GUI_Demo/GUIDEMO_Conf.c **** #if (SHOW_GUIDEMO_TREEVIEW && GUI_WINSUPPORT)
 131:emWin/GUI_Demo/GUIDEMO_Conf.c ****   GUIDEMO_Treeview,
 132:emWin/GUI_Demo/GUIDEMO_Conf.c **** #endif
 133:emWin/GUI_Demo/GUIDEMO_Conf.c **** #if (SHOW_GUIDEMO_LISTVIEW && GUI_WINSUPPORT)
 134:emWin/GUI_Demo/GUIDEMO_Conf.c ****   GUIDEMO_Listview,
 135:emWin/GUI_Demo/GUIDEMO_Conf.c **** #endif
 136:emWin/GUI_Demo/GUIDEMO_Conf.c **** #if SHOW_GUIDEMO_VSCREEN
 137:emWin/GUI_Demo/GUIDEMO_Conf.c ****   GUIDEMO_VScreen,
 138:emWin/GUI_Demo/GUIDEMO_Conf.c **** #endif
 139:emWin/GUI_Demo/GUIDEMO_Conf.c **** #if (SHOW_GUIDEMO_GRAPH && GUI_SUPPORT_MEMDEV)
 140:emWin/GUI_Demo/GUIDEMO_Conf.c ****   GUIDEMO_Graph,
 141:emWin/GUI_Demo/GUIDEMO_Conf.c **** #endif
 142:emWin/GUI_Demo/GUIDEMO_Conf.c **** #if SHOW_GUIDEMO_SPEED
 143:emWin/GUI_Demo/GUIDEMO_Conf.c ****   GUIDEMO_Speed,
ARM GAS  C:\Users\gx\AppData\Local\Temp\cc98AYIB.s 			page 4


 144:emWin/GUI_Demo/GUIDEMO_Conf.c **** #endif
 145:emWin/GUI_Demo/GUIDEMO_Conf.c **** #if SHOW_GUIDEMO_BITMAP
 146:emWin/GUI_Demo/GUIDEMO_Conf.c ****   GUIDEMO_Bitmap,
 147:emWin/GUI_Demo/GUIDEMO_Conf.c **** #endif
 148:emWin/GUI_Demo/GUIDEMO_Conf.c **** #if (SHOW_GUIDEMO_CURSOR && GUI_SUPPORT_CURSOR && GUI_SUPPORT_TOUCH)
 149:emWin/GUI_Demo/GUIDEMO_Conf.c ****   GUIDEMO_Cursor,
 150:emWin/GUI_Demo/GUIDEMO_Conf.c **** #endif
 151:emWin/GUI_Demo/GUIDEMO_Conf.c **** #if SHOW_GUIDEMO_COLORBAR
 152:emWin/GUI_Demo/GUIDEMO_Conf.c ****   GUIDEMO_ColorBar,
 153:emWin/GUI_Demo/GUIDEMO_Conf.c **** #endif
 154:emWin/GUI_Demo/GUIDEMO_Conf.c **** #if (SHOW_GUIDEMO_AUTOMOTIVE && GUI_SUPPORT_MEMDEV)
 155:emWin/GUI_Demo/GUIDEMO_Conf.c ****   GUIDEMO_Automotive,
 156:emWin/GUI_Demo/GUIDEMO_Conf.c **** #endif
 157:emWin/GUI_Demo/GUIDEMO_Conf.c ****   0
 158:emWin/GUI_Demo/GUIDEMO_Conf.c **** };
 159:emWin/GUI_Demo/GUIDEMO_Conf.c **** 
 160:emWin/GUI_Demo/GUIDEMO_Conf.c **** /*********************************************************************
 161:emWin/GUI_Demo/GUIDEMO_Conf.c **** *
 162:emWin/GUI_Demo/GUIDEMO_Conf.c **** *       GUIDEMO_Config
 163:emWin/GUI_Demo/GUIDEMO_Conf.c **** */
 164:emWin/GUI_Demo/GUIDEMO_Conf.c **** void GUIDEMO_Config(GUIDEMO_CONFIG * pConfig) {
  30              		.loc 1 164 47 view -0
  31              		.cfi_startproc
  32              		@ args = 0, pretend = 0, frame = 0
  33              		@ frame_needed = 0, uses_anonymous_args = 0
  34              		@ link register save eliminated.
 165:emWin/GUI_Demo/GUIDEMO_Conf.c ****   pConfig->apFunc   = _apfTest;
  35              		.loc 1 165 3 view .LVU1
  36              		.loc 1 165 21 is_stmt 0 view .LVU2
  37 0000 034B     		ldr	r3, .L2
  38 0002 0360     		str	r3, [r0]
 166:emWin/GUI_Demo/GUIDEMO_Conf.c ****   pConfig->NumDemos = GUI_COUNTOF(_apfTest);
  39              		.loc 1 166 3 is_stmt 1 view .LVU3
  40              		.loc 1 166 21 is_stmt 0 view .LVU4
  41 0004 0B23     		movs	r3, #11
  42 0006 4360     		str	r3, [r0, #4]
 167:emWin/GUI_Demo/GUIDEMO_Conf.c ****   pConfig->Flags    = GUIDEMO_CF_SHOW_SPRITES | GUIDEMO_CF_USE_VNC | GUIDEMO_CF_USE_AUTO_BK;
  43              		.loc 1 167 3 is_stmt 1 view .LVU5
  44              		.loc 1 167 21 is_stmt 0 view .LVU6
  45 0008 0123     		movs	r3, #1
  46 000a 0381     		strh	r3, [r0, #8]	@ movhi
 168:emWin/GUI_Demo/GUIDEMO_Conf.c ****   #if GUIDEMO_USE_VNC
 169:emWin/GUI_Demo/GUIDEMO_Conf.c ****     pConfig->pGUI_VNC_X_StartServer = GUI_VNC_X_StartServer;
 170:emWin/GUI_Demo/GUIDEMO_Conf.c ****   #endif
 171:emWin/GUI_Demo/GUIDEMO_Conf.c **** }
  47              		.loc 1 171 1 view .LVU7
  48 000c 7047     		bx	lr
  49              	.L3:
  50 000e 00BF     		.align	2
  51              	.L2:
  52 0010 00000000 		.word	.LANCHOR0
  53              		.cfi_endproc
  54              	.LFE0:
  56              		.section	.data._apfTest,"aw"
  57              		.align	2
  58              		.set	.LANCHOR0,. + 0
  61              	_apfTest:
ARM GAS  C:\Users\gx\AppData\Local\Temp\cc98AYIB.s 			page 5


  62 0000 00000000 		.word	GUIDEMO_RadialMenu
  63 0004 00000000 		.word	GUIDEMO_IconView
  64 0008 00000000 		.word	GUIDEMO_Treeview
  65 000c 00000000 		.word	GUIDEMO_Listview
  66 0010 00000000 		.word	GUIDEMO_VScreen
  67 0014 00000000 		.word	GUIDEMO_Graph
  68 0018 00000000 		.word	GUIDEMO_Speed
  69 001c 00000000 		.word	GUIDEMO_Bitmap
  70 0020 00000000 		.word	GUIDEMO_Cursor
  71 0024 00000000 		.word	GUIDEMO_ColorBar
  72 0028 00000000 		.word	0
  73              		.text
  74              	.Letext0:
  75              		.file 2 "emWin/inc/LCD.h"
  76              		.file 3 "emWin/inc/GUI.h"
  77              		.file 4 "emWin/inc/GUI_Type.h"
  78              		.file 5 "emWin/inc/WM.h"
  79              		.file 6 "emWin/inc/LCD_Protected.h"
  80              		.file 7 "emWin/inc/GUI_Private.h"
  81              		.file 8 "emWin/inc/WM_Intern.h"
  82              		.file 9 "emWin/inc/WIDGET.h"
  83              		.file 10 "emWin/GUI_Demo/GUIDEMO.h"
ARM GAS  C:\Users\gx\AppData\Local\Temp\cc98AYIB.s 			page 6


DEFINED SYMBOLS
                            *ABS*:00000000 GUIDEMO_Conf.c
C:\Users\gx\AppData\Local\Temp\cc98AYIB.s:18     .text.GUIDEMO_Config:00000000 $t
C:\Users\gx\AppData\Local\Temp\cc98AYIB.s:26     .text.GUIDEMO_Config:00000000 GUIDEMO_Config
C:\Users\gx\AppData\Local\Temp\cc98AYIB.s:52     .text.GUIDEMO_Config:00000010 $d
C:\Users\gx\AppData\Local\Temp\cc98AYIB.s:57     .data._apfTest:00000000 $d
C:\Users\gx\AppData\Local\Temp\cc98AYIB.s:61     .data._apfTest:00000000 _apfTest

UNDEFINED SYMBOLS
GUIDEMO_RadialMenu
GUIDEMO_IconView
GUIDEMO_Treeview
GUIDEMO_Listview
GUIDEMO_VScreen
GUIDEMO_Graph
GUIDEMO_Speed
GUIDEMO_Bitmap
GUIDEMO_Cursor
GUIDEMO_ColorBar
