ARM GAS  C:\Users\gx\AppData\Local\Temp\ccUlnaei.s 			page 1


   1              		.cpu cortex-m4
   2              		.eabi_attribute 27, 1
   3              		.eabi_attribute 28, 1
   4              		.eabi_attribute 20, 1
   5              		.eabi_attribute 21, 1
   6              		.eabi_attribute 23, 3
   7              		.eabi_attribute 24, 1
   8              		.eabi_attribute 25, 1
   9              		.eabi_attribute 26, 1
  10              		.eabi_attribute 30, 1
  11              		.eabi_attribute 34, 1
  12              		.eabi_attribute 18, 4
  13              		.file	"i2c.c"
  14              		.text
  15              	.Ltext0:
  16              		.cfi_sections	.debug_frame
  17              		.section	.text.MX_I2C1_Init,"ax",%progbits
  18              		.align	1
  19              		.global	MX_I2C1_Init
  20              		.arch armv7e-m
  21              		.syntax unified
  22              		.thumb
  23              		.thumb_func
  24              		.fpu fpv4-sp-d16
  26              	MX_I2C1_Init:
  27              	.LFB126:
  28              		.file 1 "Src/i2c.c"
   1:Src/i2c.c     **** /**
   2:Src/i2c.c     ****   ******************************************************************************
   3:Src/i2c.c     ****   * File Name          : I2C.c
   4:Src/i2c.c     ****   * Description        : This file provides code for the configuration
   5:Src/i2c.c     ****   *                      of the I2C instances.
   6:Src/i2c.c     ****   ******************************************************************************
   7:Src/i2c.c     ****   * This notice applies to any and all portions of this file
   8:Src/i2c.c     ****   * that are not between comment pairs USER CODE BEGIN and
   9:Src/i2c.c     ****   * USER CODE END. Other portions of this file, whether 
  10:Src/i2c.c     ****   * inserted by the user or by software development tools
  11:Src/i2c.c     ****   * are owned by their respective copyright owners.
  12:Src/i2c.c     ****   *
  13:Src/i2c.c     ****   * Copyright (c) 2020 STMicroelectronics International N.V. 
  14:Src/i2c.c     ****   * All rights reserved.
  15:Src/i2c.c     ****   *
  16:Src/i2c.c     ****   * Redistribution and use in source and binary forms, with or without 
  17:Src/i2c.c     ****   * modification, are permitted, provided that the following conditions are met:
  18:Src/i2c.c     ****   *
  19:Src/i2c.c     ****   * 1. Redistribution of source code must retain the above copyright notice, 
  20:Src/i2c.c     ****   *    this list of conditions and the following disclaimer.
  21:Src/i2c.c     ****   * 2. Redistributions in binary form must reproduce the above copyright notice,
  22:Src/i2c.c     ****   *    this list of conditions and the following disclaimer in the documentation
  23:Src/i2c.c     ****   *    and/or other materials provided with the distribution.
  24:Src/i2c.c     ****   * 3. Neither the name of STMicroelectronics nor the names of other 
  25:Src/i2c.c     ****   *    contributors to this software may be used to endorse or promote products 
  26:Src/i2c.c     ****   *    derived from this software without specific written permission.
  27:Src/i2c.c     ****   * 4. This software, including modifications and/or derivative works of this 
  28:Src/i2c.c     ****   *    software, must execute solely and exclusively on microcontroller or
  29:Src/i2c.c     ****   *    microprocessor devices manufactured by or for STMicroelectronics.
  30:Src/i2c.c     ****   * 5. Redistribution and use of this software other than as permitted under 
ARM GAS  C:\Users\gx\AppData\Local\Temp\ccUlnaei.s 			page 2


  31:Src/i2c.c     ****   *    this license is void and will automatically terminate your rights under 
  32:Src/i2c.c     ****   *    this license. 
  33:Src/i2c.c     ****   *
  34:Src/i2c.c     ****   * THIS SOFTWARE IS PROVIDED BY STMICROELECTRONICS AND CONTRIBUTORS "AS IS" 
  35:Src/i2c.c     ****   * AND ANY EXPRESS, IMPLIED OR STATUTORY WARRANTIES, INCLUDING, BUT NOT 
  36:Src/i2c.c     ****   * LIMITED TO, THE IMPLIED WARRANTIES OF MERCHANTABILITY, FITNESS FOR A 
  37:Src/i2c.c     ****   * PARTICULAR PURPOSE AND NON-INFRINGEMENT OF THIRD PARTY INTELLECTUAL PROPERTY
  38:Src/i2c.c     ****   * RIGHTS ARE DISCLAIMED TO THE FULLEST EXTENT PERMITTED BY LAW. IN NO EVENT 
  39:Src/i2c.c     ****   * SHALL STMICROELECTRONICS OR CONTRIBUTORS BE LIABLE FOR ANY DIRECT, INDIRECT,
  40:Src/i2c.c     ****   * INCIDENTAL, SPECIAL, EXEMPLARY, OR CONSEQUENTIAL DAMAGES (INCLUDING, BUT NOT
  41:Src/i2c.c     ****   * LIMITED TO, PROCUREMENT OF SUBSTITUTE GOODS OR SERVICES; LOSS OF USE, DATA, 
  42:Src/i2c.c     ****   * OR PROFITS; OR BUSINESS INTERRUPTION) HOWEVER CAUSED AND ON ANY THEORY OF 
  43:Src/i2c.c     ****   * LIABILITY, WHETHER IN CONTRACT, STRICT LIABILITY, OR TORT (INCLUDING 
  44:Src/i2c.c     ****   * NEGLIGENCE OR OTHERWISE) ARISING IN ANY WAY OUT OF THE USE OF THIS SOFTWARE,
  45:Src/i2c.c     ****   * EVEN IF ADVISED OF THE POSSIBILITY OF SUCH DAMAGE.
  46:Src/i2c.c     ****   *
  47:Src/i2c.c     ****   ******************************************************************************
  48:Src/i2c.c     ****   */
  49:Src/i2c.c     **** 
  50:Src/i2c.c     **** /* Includes ------------------------------------------------------------------*/
  51:Src/i2c.c     **** #include "i2c.h"
  52:Src/i2c.c     **** 
  53:Src/i2c.c     **** /* USER CODE BEGIN 0 */
  54:Src/i2c.c     **** 
  55:Src/i2c.c     **** /* USER CODE END 0 */
  56:Src/i2c.c     **** 
  57:Src/i2c.c     **** /* I2C1 init function */
  58:Src/i2c.c     **** void MX_I2C1_Init(void)
  59:Src/i2c.c     **** {
  29              		.loc 1 59 1 view -0
  30              		.cfi_startproc
  31              		@ args = 0, pretend = 0, frame = 0
  32              		@ frame_needed = 0, uses_anonymous_args = 0
  33              		@ link register save eliminated.
  60:Src/i2c.c     **** 
  61:Src/i2c.c     **** }
  34              		.loc 1 61 1 view .LVU1
  35 0000 7047     		bx	lr
  36              		.cfi_endproc
  37              	.LFE126:
  39              		.text
  40              	.Letext0:
  41              		.file 2 "c:\\program files (x86)\\gnu arm embedded toolchain\\9 2020-q2-update\\arm-none-eabi\\inc
  42              		.file 3 "c:\\program files (x86)\\gnu arm embedded toolchain\\9 2020-q2-update\\arm-none-eabi\\inc
  43              		.file 4 "Drivers/CMSIS/Include/core_cm4.h"
  44              		.file 5 "Drivers/CMSIS/Device/ST/STM32F4xx/Include/system_stm32f4xx.h"
  45              		.file 6 "c:\\program files (x86)\\gnu arm embedded toolchain\\9 2020-q2-update\\lib\\gcc\\arm-none
  46              		.file 7 "c:\\program files (x86)\\gnu arm embedded toolchain\\9 2020-q2-update\\arm-none-eabi\\inc
  47              		.file 8 "c:\\program files (x86)\\gnu arm embedded toolchain\\9 2020-q2-update\\arm-none-eabi\\inc
  48              		.file 9 "c:\\program files (x86)\\gnu arm embedded toolchain\\9 2020-q2-update\\arm-none-eabi\\inc
ARM GAS  C:\Users\gx\AppData\Local\Temp\ccUlnaei.s 			page 3


DEFINED SYMBOLS
                            *ABS*:00000000 i2c.c
C:\Users\gx\AppData\Local\Temp\ccUlnaei.s:18     .text.MX_I2C1_Init:00000000 $t
C:\Users\gx\AppData\Local\Temp\ccUlnaei.s:26     .text.MX_I2C1_Init:00000000 MX_I2C1_Init

NO UNDEFINED SYMBOLS
