ARM GAS  C:\Users\gx\AppData\Local\Temp\cchHxHob.s 			page 1


   1              		.cpu cortex-m4
   2              		.eabi_attribute 27, 1
   3              		.eabi_attribute 28, 1
   4              		.eabi_attribute 20, 1
   5              		.eabi_attribute 21, 1
   6              		.eabi_attribute 23, 3
   7              		.eabi_attribute 24, 1
   8              		.eabi_attribute 25, 1
   9              		.eabi_attribute 26, 1
  10              		.eabi_attribute 30, 1
  11              		.eabi_attribute 34, 1
  12              		.eabi_attribute 18, 4
  13              		.file	"img_star.c"
  14              		.text
  15              	.Ltext0:
  16              		.cfi_sections	.debug_frame
  17              		.global	img_star
  18              		.global	img_star_map
  19              		.section	.rodata.img_star,"a"
  20              		.align	2
  23              	img_star:
  24 0000 05       		.byte	5
  25 0001 78       		.byte	120
  26 0002 A0       		.byte	160
  27 0003 03       		.byte	3
  28 0004 320A0000 		.word	2610
  29 0008 00000000 		.word	img_star_map
  30              		.section	.rodata.img_star_map,"a"
  31              		.align	2
  34              	img_star_map:
  35 0000 00000000 		.ascii	"\000\000\000\000\000\000\000\000\000\000\000\000\000"
  35      00000000 
  35      00000000 
  35      00
  36 000d 00000000 		.ascii	"\000\000\000\000\000\000\000\000\000\000\000\000\000"
  36      00000000 
  36      00000000 
  36      00
  37 001a 00000000 		.ascii	"\000\000\000\000\000\000\000\000\000\000\000\000\000"
  37      00000000 
  37      00000000 
  37      00
  38 0027 00000084 		.ascii	"\000\000\000\204\376T\310\376#\000\000\000\352\376\000"
  38      FE54C8FE 
  38      23000000 
  38      EAFE00
  39 0036 00000000 		.ascii	"\000\000\000\000\000\000\000\000\000\000\000\000\000"
  39      00000000 
  39      00000000 
  39      00
  40 0043 00000000 		.ascii	"\000\000\000\000\000\000\000\000\000\000\000\000\000"
  40      00000000 
  40      00000000 
  40      00
  41 0050 00000000 		.ascii	"\000\000\000\000\000\000\000\000\000\000\000\000\000"
  41      00000000 
  41      00000000 
ARM GAS  C:\Users\gx\AppData\Local\Temp\cchHxHob.s 			page 2


  41      00
  42 005d 00000000 		.ascii	"\000\000\000\000\000\000\000\000\000\000\000\000\000"
  42      00000000 
  42      00000000 
  42      00
  43 006a 00000000 		.ascii	"\000\000\000\000\000\000\000\000\000\000\000\000\000"
  43      00000000 
  43      00000000 
  43      00
  44 0077 00000000 		.ascii	"\000\000\000\000`\376\000\000\000\000\000\000\000b\376"
  44      60FE0000 
  44      00000000 
  44      0062FE
  45 0086 C7E9FEAC 		.ascii	"\307\351\376\254\246\376\000\000\000\000\000\000\000"
  45      A6FE0000 
  45      00000000 
  45      00
  46 0093 00000000 		.ascii	"\000\000\000\000\000\000\000\000\000\000\000\000\000"
  46      00000000 
  46      00000000 
  46      00
  47 00a0 00000000 		.ascii	"\000\000\000\000\000\000\000\000\000\000\000\000\000"
  47      00000000 
  47      00000000 
  47      00
  48 00ad 00000000 		.ascii	"\000\000\000\000\000\000\000\000\000\000\000\000\000"
  48      00000000 
  48      00000000 
  48      00
  49 00ba 00000000 		.ascii	"\000\000\000\000\000\000\000\000\000\000\000\000\000"
  49      00000000 
  49      00000000 
  49      00
  50 00c7 00000000 		.ascii	"\000\000\000\000\000\000\000\000\000\000\000\000\000"
  50      00000000 
  50      00000000 
  50      00
  51 00d4 0060FE00 		.ascii	"\000`\376\000\000\000\000`\376Pa\376\354\352\376\377"
  51      00000060 
  51      FE5061FE 
  51      ECEAFEFF 
  52 00e4 EAFE2C00 		.ascii	"\352\376,\000\000\000\352\376\000\000\000\000\000\000"
  52      0000EAFE 
  52      00000000 
  52      0000
  53 00f2 00000000 		.ascii	"\000\000\000\000\000\000\000\000\000\000\000\000\000"
  53      00000000 
  53      00000000 
  53      00
  54 00ff 00000000 		.ascii	"\000\000\000\000\000\000\000\000\000\000\000\000\000"
  54      00000000 
  54      00000000 
  54      00
  55 010c 00000000 		.ascii	"\000\000\000\000\000\000\000\000\000\000\000\000\000"
  55      00000000 
  55      00000000 
  55      00
ARM GAS  C:\Users\gx\AppData\Local\Temp\cchHxHob.s 			page 3


  56 0119 00000000 		.ascii	"\000\000\000\000\000\000\000\000\000\000\000\000\000"
  56      00000000 
  56      00000000 
  56      00
  57 0126 00000000 		.ascii	"\000\000\000\000\000\000`\376\000\000\000\000`\376\003"
  57      000060FE 
  57      00000000 
  57      60FE03
  58 0135 60FEAF61 		.ascii	"`\376\257a\376\377\352\376\377\352\376\264\000\000\000"
  58      FEFFEAFE 
  58      FFEAFEB4 
  58      000000
  59 0144 00000000 		.ascii	"\000\000\000\000\000\000\000\000\000\000\000\000\000"
  59      00000000 
  59      00000000 
  59      00
  60 0151 00000000 		.ascii	"\000\000\000\000\000\000\000\000\000\000\000\000\000"
  60      00000000 
  60      00000000 
  60      00
  61 015e 00000000 		.ascii	"\000\000\000\000\000\000\000\000\000\000\000\000\000"
  61      00000000 
  61      00000000 
  61      00
  62 016b 00000000 		.ascii	"\000\000\000\000\000\000\000\000\000\000\000\000\000"
  62      00000000 
  62      00000000 
  62      00
  63 0178 00000000 		.ascii	"\000\000\000\000\000\000\000\000\000\000\000\000\000"
  63      00000000 
  63      00000000 
  63      00
  64 0185 0060FE00 		.ascii	"\000`\376\000\000\000\000`\376K`\376\350a\376\377\352"
  64      00000060 
  64      FE4B60FE 
  64      E861FEFF 
  64      EA
  65 0196 FEFFEBFE 		.ascii	"\376\377\353\376\377\352\3764\000\000\000\352\376\000"
  65      FFEAFE34 
  65      000000EA 
  65      FE00
  66 01a4 00000000 		.ascii	"\000\000\000\000\000\000\000\000\000\000\000\000\000"
  66      00000000 
  66      00000000 
  66      00
  67 01b1 00000000 		.ascii	"\000\000\000\000\000\000\000\000\000\000\000\000\000"
  67      00000000 
  67      00000000 
  67      00
  68 01be 00000000 		.ascii	"\000\000\000\000\000\000\000\000\000\000\000\000\000"
  68      00000000 
  68      00000000 
  68      00
  69 01cb 00000000 		.ascii	"\000\000\000\000\000\000\000\000\000\000\000\000\000"
  69      00000000 
  69      00000000 
  69      00
ARM GAS  C:\Users\gx\AppData\Local\Temp\cchHxHob.s 			page 4


  70 01d8 00000000 		.ascii	"\000\000\000\000\000`\376\000\000\000\000`\376\010`"
  70      0060FE00 
  70      00000060 
  70      FE0860
  71 01e7 FE9C60FE 		.ascii	"\376\234`\376\377a\376\377\352\376\377\353\376\377\352"
  71      FF61FEFF 
  71      EAFEFFEB 
  71      FEFFEA
  72 01f6 FEB70000 		.ascii	"\376\267\000\000\000\000\000\000\000\000\000\000\000"
  72      00000000 
  72      00000000 
  72      00
  73 0203 00000000 		.ascii	"\000\000\000\000\000\000\000\000\000\000\000\000\000"
  73      00000000 
  73      00000000 
  73      00
  74 0210 00000000 		.ascii	"\000\000\000\000\000\000\000\000\000\000\000\000\000"
  74      00000000 
  74      00000000 
  74      00
  75 021d 00000000 		.ascii	"\000\000\000\000\000\000\000\000\000\000\000\000\000"
  75      00000000 
  75      00000000 
  75      00
  76 022a 00000000 		.ascii	"\000\000\000\000\000\000\000\000\000\000\000\000\000"
  76      00000000 
  76      00000000 
  76      00
  77 0237 60FE0000 		.ascii	"`\376\000\000\000\000`\376?`\376\350`\376\377a\376\377"
  77      000060FE 
  77      3F60FEE8 
  77      60FEFF61 
  77      FEFF
  78 0249 EAFEFFEB 		.ascii	"\352\376\377\353\376\377\353\376\360\352\376?\000\000"
  78      FEFFEBFE 
  78      F0EAFE3F 
  78      0000
  79 0257 00EAFE00 		.ascii	"\000\352\376\000\000\000\000\000\000\000\000\000\000"
  79      00000000 
  79      00000000 
  79      00
  80 0264 00000000 		.ascii	"\000\000\000\000\000\000\000\000\000\000\000\000\000"
  80      00000000 
  80      00000000 
  80      00
  81 0271 00000000 		.ascii	"\000\000\000\000\000\000\000\000\000\000\000\000\000"
  81      00000000 
  81      00000000 
  81      00
  82 027e 00000000 		.ascii	"\000\000\000\000\000\000\000\000\000\000\000\000\000"
  82      00000000 
  82      00000000 
  82      00
  83 028b 00000060 		.ascii	"\000\000\000`\376\000\000\000\000`\376\013`\376\217"
  83      FE000000 
  83      0060FE0B 
  83      60FE8F
ARM GAS  C:\Users\gx\AppData\Local\Temp\cchHxHob.s 			page 5


  84 029a 60FEFF60 		.ascii	"`\376\377`\376\377a\376\377\352\376\377\353\376\377"
  84      FEFF61FE 
  84      FFEAFEFF 
  84      EBFEFF
  85 02a9 EBFEFFEB 		.ascii	"\353\376\377\353\376\260\000\000\000\000\000\000\000"
  85      FEB00000 
  85      00000000 
  85      00
  86 02b6 00000000 		.ascii	"\000\000\000\000\000\000\000\000\000\000\000\000\000"
  86      00000000 
  86      00000000 
  86      00
  87 02c3 00000000 		.ascii	"\000\000\000\000\000\000\000\000\000\000\000\000\000"
  87      00000000 
  87      00000000 
  87      00
  88 02d0 00000000 		.ascii	"\000\000\000\000\000\000\000\000\000\000\000\000\000"
  88      00000000 
  88      00000000 
  88      00
  89 02dd 00000000 		.ascii	"\000\000\000\000\0000\377\000\000\000\000\000\000\000"
  89      0030FF00 
  89      00000000 
  89      0000
  90 02eb 00000040 		.ascii	"\000\000\000@\376,`\376\357`\376\377`\376\377a\376\377"
  90      FE2C60FE 
  90      EF60FEFF 
  90      60FEFF61 
  90      FEFF
  91 02fd EAFEFFEB 		.ascii	"\352\376\377\353\376\377\353\376\377\353\376\344\352"
  91      FEFFEBFE 
  91      FFEBFEE4 
  91      EA
  92 030a FE400000 		.ascii	"\376@\000\000\000\000\000\000\000\000\000\000\000\000"
  92      00000000 
  92      00000000 
  92      0000
  93 0318 30FF0000 		.ascii	"0\377\000\000\000\000\000\000\000\000\000\000\000\000"
  93      00000000 
  93      00000000 
  93      0000
  94 0326 00000000 		.ascii	"\000\000\000\000\000\000\000\000\000\000\000\000\000"
  94      00000000 
  94      00000000 
  94      00
  95 0333 00000000 		.ascii	"\000\000\000\000\000\000\000\000\000\000\000\0000\377"
  95      00000000 
  95      00000000 
  95      30FF
  96 0341 0730FF2F 		.ascii	"\0070\377//\377[\307\376\260`\376\377`\376\377`\376"
  96      2FFF5BC7 
  96      FEB060FE 
  96      FF60FEFF 
  96      60FE
  97 0353 FF61FEFF 		.ascii	"\377a\376\377\352\376\377\353\376\377\353\376\377\352"
  97      EAFEFFEB 
  97      FEFFEBFE 
ARM GAS  C:\Users\gx\AppData\Local\Temp\cchHxHob.s 			page 6


  97      FFEA
  98 0361 FEFF0CFF 		.ascii	"\376\377\014\377\304Q\377[0\37740\377\014\000\000\000"
  98      C451FF5B 
  98      30FF3430 
  98      FF0C0000 
  98      00
  99 0372 00000000 		.ascii	"\000\000\000\000\000\000\000\000\000\000\000\000\000"
  99      00000000 
  99      00000000 
  99      00
 100 037f 000030FF 		.ascii	"\000\0000\377\000\306\376\010\015\377\0300\377?0\377"
 100      00C6FE08 
 100      0DFF1830 
 100      FF3F30FF 
 101 038f 6830FF93 		.ascii	"h0\377\2230\377\2740\377\3470\377\3770\377\3770\377"
 101      30FFBC30 
 101      FFE730FF 
 101      FF30FFFF 
 101      30FF
 102 03a1 FF2EFFFF 		.ascii	"\377.\377\377\204\376\377`\376\377`\376\377a\376\377"
 102      84FEFF60 
 102      FEFF60FE 
 102      FF61FEFF 
 103 03b1 EAFEFFEB 		.ascii	"\352\376\377\353\376\377\353\376\377\353\376\377/\377"
 103      FEFFEBFE 
 103      FFEBFEFF 
 103      2FFF
 104 03bf FF30FFFF 		.ascii	"\3770\377\3770\377\3770\377\3770\377\3530\377\3030\377"
 104      30FFFF30 
 104      FFFF30FF 
 104      EB30FFC3 
 104      30FF
 105 03d1 9830FF6F 		.ascii	"\2300\377o0\377D.\377\034\307\376\007\246\376\207\352"
 105      30FF442E 
 105      FF1CC7FE 
 105      07A6FE87 
 105      EA
 106 03e2 FEFF2EFF 		.ascii	"\376\377.\377\377/\377\3770\377\3770\377\3770\377\377"
 106      FF2FFFFF 
 106      30FFFF30 
 106      FFFF30FF 
 106      FF
 107 03f3 30FFFF30 		.ascii	"0\377\3770\377\3770\377\377P\377\377\014\377\377a\376"
 107      FFFF30FF 
 107      FF50FFFF 
 107      0CFFFF61 
 107      FE
 108 0404 FF60FEFF 		.ascii	"\377`\376\377a\376\377\352\376\377\353\376\377\353\376"
 108      61FEFFEA 
 108      FEFFEBFE 
 108      FFEBFE
 109 0413 FF0EFFFF 		.ascii	"\377\016\377\3770\377\3770\377\3770\377\3770\377\377"
 109      30FFFF30 
 109      FFFF30FF 
 109      FF30FFFF 
 110 0423 30FFFF30 		.ascii	"0\377\3770\377\3770\377\377/\377\377\016\377\377\352"
 110      FFFF30FF 
ARM GAS  C:\Users\gx\AppData\Local\Temp\cchHxHob.s 			page 7


 110      FF2FFFFF 
 110      0EFFFFEA 
 111 0433 FEFFC7FE 		.ascii	"\376\377\307\376\203\000\000\000@\376\223`\376\373\244"
 111      83000000 
 111      40FE9360 
 111      FEFBA4
 112 0442 FEFFE9FE 		.ascii	"\376\377\351\376\377\015\377\377.\377\3770\377\377P"
 112      FF0DFFFF 
 112      2EFFFF30 
 112      FFFF50
 113 0451 FFFF30FF 		.ascii	"\377\3770\377\3770\377\3770\377\377\310\376\377`\376"
 113      FF30FFFF 
 113      30FFFFC8 
 113      FEFF60FE 
 114 0461 FF61FEFF 		.ascii	"\377a\376\377\352\376\377\353\376\377\015\377\377P\377"
 114      EAFEFFEB 
 114      FEFF0DFF 
 114      FF50FF
 115 0470 FF30FFFF 		.ascii	"\3770\377\3770\377\377P\377\3770\377\377.\377\377\015"
 115      30FFFF50 
 115      FFFF30FF 
 115      FF2EFFFF 
 115      0D
 116 0481 FFFFEAFE 		.ascii	"\377\377\352\376\377\245\376\377`\376\373@\376\217\000"
 116      FFA5FEFF 
 116      60FEFB40 
 116      FE8F00
 117 0490 FE0C0000 		.ascii	"\376\014\000\000\000`\376\003`\376\213`\376\373`\376"
 117      0060FE03 
 117      60FE8B60 
 117      FEFB60FE 
 118 04a0 FF61FEFF 		.ascii	"\377a\376\377\245\376\377\311\376\377\014\377\377.\377"
 118      A5FEFFC9 
 118      FEFF0CFF 
 118      FF2EFF
 119 04af FF30FFFF 		.ascii	"\3770\377\377Q\377\377/\377\377\245\376\377a\376\377"
 119      51FFFF2F 
 119      FFFFA5FE 
 119      FF61FEFF 
 120 04bf EAFEFF0C 		.ascii	"\352\376\377\014\377\377P\377\377P\377\377P\377\377"
 120      FFFF50FF 
 120      FF50FFFF 
 120      50FFFF
 121 04ce 2FFFFF0C 		.ascii	"/\377\377\014\377\377\351\376\377\245\376\377a\376\377"
 121      FFFFE9FE 
 121      FFA5FEFF 
 121      61FEFF
 122 04dd 40FEFF60 		.ascii	"@\376\377`\376\374`\376\214`\376\013\000\000\000`\376"
 122      FEFC60FE 
 122      8C60FE0B 
 122      00000060 
 122      FE
 123 04ee 00000000 		.ascii	"\000\000\000\000`\376\010`\376\207`\376\370`\376\377"
 123      60FE0860 
 123      FE8760FE 
 123      F860FEFF 
 124 04fe 60FEFF40 		.ascii	"`\376\377@\376\377a\376\377\244\376\377\307\376\377"
ARM GAS  C:\Users\gx\AppData\Local\Temp\cchHxHob.s 			page 8


 124      FEFF61FE 
 124      FFA4FEFF 
 124      C7FEFF
 125 050d EBFEFF2F 		.ascii	"\353\376\377/\377\377\015\377\377\203\376\377\353\376"
 125      FFFF0DFF 
 125      FF83FEFF 
 125      EBFE
 126 051b FF30FFFF 		.ascii	"\3770\377\377/\377\377\014\377\377\310\376\377\245\376"
 126      2FFFFF0C 
 126      FFFFC8FE 
 126      FFA5FE
 127 052a FF81FEFF 		.ascii	"\377\201\376\377`\376\377`\376\377`\376\377`\376\377"
 127      60FEFF60 
 127      FEFF60FE 
 127      FF60FEFF 
 128 053a 60FE8860 		.ascii	"`\376\210`\376\010\000\000\000`\376\000`\376\000`\376"
 128      FE080000 
 128      0060FE00 
 128      60FE0060 
 128      FE
 129 054b 00000000 		.ascii	"\000\000\000\000`\376\013`\376\204`\376\373`\376\377"
 129      60FE0B60 
 129      FE8460FE 
 129      FB60FEFF 
 130 055b 60FEFF60 		.ascii	"`\376\377`\376\377`\376\377`\376\377a\376\377\203\376"
 130      FEFF60FE 
 130      FF60FEFF 
 130      61FEFF83 
 130      FE
 131 056c FFC6FEFF 		.ascii	"\377\306\376\377\246\376\377\353\376\377\307\376\377"
 131      A6FEFFEB 
 131      FEFFC7FE 
 131      FF
 132 0579 84FEFF82 		.ascii	"\204\376\377\202\376\377`\376\377`\376\377`\376\377"
 132      FEFF60FE 
 132      FF60FEFF 
 132      60FEFF
 133 0588 60FEFF60 		.ascii	"`\376\377`\376\377`\376\377`\376\177`\376\007\000\000"
 133      FEFF60FE 
 133      FF60FE7F 
 133      60FE0700 
 133      00
 134 0599 0060FE00 		.ascii	"\000`\376\000\000\000\000\000\000\000`\376\000`\376"
 134      00000000 
 134      000060FE 
 134      0060FE
 135 05a8 00000000 		.ascii	"\000\000\000\000`\376\007`\376\204`\376\374`\376\377"
 135      60FE0760 
 135      FE8460FE 
 135      FC60FEFF 
 136 05b8 60FEFF60 		.ascii	"`\376\377`\376\377`\376\377`\376\377\202\376\377\203"
 136      FEFF60FE 
 136      FF60FEFF 
 136      82FEFF83 
 137 05c8 FEFFC7FE 		.ascii	"\376\377\307\376\377\246\376\377\307\376\377\204\376"
 137      FFA6FEFF 
 137      C7FEFF84 
ARM GAS  C:\Users\gx\AppData\Local\Temp\cchHxHob.s 			page 9


 137      FE
 138 05d5 FF61FEFF 		.ascii	"\377a\376\377`\376\377`\376\377`\376\377`\376\377`\376"
 138      60FEFF60 
 138      FEFF60FE 
 138      FF60FEFF 
 138      60FE
 139 05e7 FF60FE73 		.ascii	"\377`\376s`\376\007\000\000\000`\376\000\000\000\000"
 139      60FE0700 
 139      000060FE 
 139      00000000 
 140 05f7 00000000 		.ascii	"\000\000\000\000\000\000\000\000\000`\376\000`\376\000"
 140      00000000 
 140      0060FE00 
 140      60FE00
 141 0606 00000060 		.ascii	"\000\000\000`\376\003`\376\203`\376\377`\376\377\202"
 141      FE0360FE 
 141      8360FEFF 
 141      60FEFF82 
 142 0616 FEFF84FE 		.ascii	"\376\377\204\376\377\245\376\377\245\376\377\247\376"
 142      FFA5FEFF 
 142      A5FEFFA7 
 142      FE
 143 0623 FFE9FEFF 		.ascii	"\377\351\376\377a\376\377\311\376\377\352\376\377\351"
 143      61FEFFC9 
 143      FEFFEAFE 
 143      FFE9
 144 0631 FEFFC8FE 		.ascii	"\376\377\310\376\377\244\376\377a\376\377`\376\377`"
 144      FFA4FEFF 
 144      61FEFF60 
 144      FEFF60
 145 0640 FE6C60FE 		.ascii	"\376l`\376\007\000\000\000`\376\000\000\000\000\000"
 145      07000000 
 145      60FE0000 
 145      000000
 146 064f 00000000 		.ascii	"\000\000\000\000\000\000\000\000\000\000\000\000\000"
 146      00000000 
 146      00000000 
 146      00
 147 065c 0060FE00 		.ascii	"\000`\376\000`\376\000\000\000\000\000\000\000\204\376"
 147      60FE0000 
 147      00000000 
 147      0084FE
 148 066b B4A5FEFF 		.ascii	"\264\245\376\377\245\376\377\245\376\377\245\376\377"
 148      A5FEFFA5 
 148      FEFFA5FE 
 148      FF
 149 0678 A6FEFFE9 		.ascii	"\246\376\377\351\376\377\352\376\377a\376\377\201\376"
 149      FEFFEAFE 
 149      FF61FEFF 
 149      81FE
 150 0686 FFEAFEFF 		.ascii	"\377\352\376\377\353\376\377\353\376\377\352\376\377"
 150      EBFEFFEB 
 150      FEFFEAFE 
 150      FF
 151 0693 EAFEFFC7 		.ascii	"\352\376\377\307\376\213\203\376\013\000\000\000`\376"
 151      FE8B83FE 
 151      0B000000 
ARM GAS  C:\Users\gx\AppData\Local\Temp\cchHxHob.s 			page 10


 151      60FE
 152 06a1 00000000 		.ascii	"\000\000\000\000\000\000\000\000\000\000\000\000\000"
 152      00000000 
 152      00000000 
 152      00
 153 06ae 00000000 		.ascii	"\000\000\000\000\000\000\000\000\000\000\000\000\000"
 153      00000000 
 153      00000000 
 153      00
 154 06bb 00000000 		.ascii	"\000\000\000\000\000\000\000\000\245\376\310\245\376"
 154      00000000 
 154      A5FEC8A5 
 154      FE
 155 06c8 FFA5FEFF 		.ascii	"\377\245\376\377\245\376\377\245\376\377\310\376\377"
 155      A5FEFFA5 
 155      FEFFC8FE 
 155      FF
 156 06d5 EBFEFFEA 		.ascii	"\353\376\377\352\376\377a\376\377`\376\377\204\376\377"
 156      FEFF61FE 
 156      FF60FEFF 
 156      84FEFF
 157 06e4 EBFEFFEB 		.ascii	"\353\376\377\353\376\377\353\376\377\353\376\377\353"
 157      FEFFEBFE 
 157      FFEBFEFF 
 157      EB
 158 06f1 FE97EBFE 		.ascii	"\376\227\353\376\010\000\000\000\000\000\000\000\000"
 158      08000000 
 158      00000000 
 158      00
 159 06fe 00000000 		.ascii	"\000\000\000\000\000\000\000\000\000\000\000\000\000"
 159      00000000 
 159      00000000 
 159      00
 160 070b 00000000 		.ascii	"\000\000\000\000\000\000\000\000\000\000\000\000\000"
 160      00000000 
 160      00000000 
 160      00
 161 0718 00000000 		.ascii	"\000\000\000\000\000\245\376\357\245\376\377\245\376"
 161      00A5FEEF 
 161      A5FEFFA5 
 161      FE
 162 0725 FFA5FEFF 		.ascii	"\377\245\376\377\307\376\377\352\376\377\353\376\377"
 162      C7FEFFEA 
 162      FEFFEBFE 
 162      FF
 163 0732 EAFEFF61 		.ascii	"\352\376\377a\376\377`\376\377`\376\377\247\376\377"
 163      FEFF60FE 
 163      FF60FEFF 
 163      A7FEFF
 164 0741 EBFEFFEB 		.ascii	"\353\376\377\353\376\377\353\376\377\353\376\300\353"
 164      FEFFEBFE 
 164      FFEBFEC0 
 164      EB
 165 074e FE0F0000 		.ascii	"\376\017\000\000\000\000\000\000\000\000\000\000\000"
 165      00000000 
 165      00000000 
 165      00
ARM GAS  C:\Users\gx\AppData\Local\Temp\cchHxHob.s 			page 11


 166 075b 00000000 		.ascii	"\000\000\000\000\000\000\000\000\000\000\000\000\000"
 166      00000000 
 166      00000000 
 166      00
 167 0768 00000000 		.ascii	"\000\000\000\000\000\000\000\000\000\000\000\000\245"
 167      00000000 
 167      00000000 
 167      A5
 168 0775 FE20A5FE 		.ascii	"\376 \245\376\364\245\376\377\245\376\377\246\376\377"
 168      F4A5FEFF 
 168      A5FEFFA6 
 168      FEFF
 169 0783 EAFEFFEB 		.ascii	"\352\376\377\353\376\377\353\376\377\352\376\377a\376"
 169      FEFFEBFE 
 169      FFEAFEFF 
 169      61FE
 170 0791 FF60FEFF 		.ascii	"\377`\376\377`\376\377\201\376\377\311\376\377\353\376"
 170      60FEFF81 
 170      FEFFC9FE 
 170      FFEBFE
 171 07a0 FFEBFEFF 		.ascii	"\377\353\376\377\353\376\350\353\376\023\000\000\000"
 171      EBFEE8EB 
 171      FE130000 
 171      00
 172 07ad 00000000 		.ascii	"\000\000\000\000\000\000\000\000\000\000\000\000\000"
 172      00000000 
 172      00000000 
 172      00
 173 07ba 00000000 		.ascii	"\000\000\000\000\000\000\000\000\000\000\000\000\000"
 173      00000000 
 173      00000000 
 173      00
 174 07c7 00000000 		.ascii	"\000\000\000\000\000\000\000\245\376"
 174      000000A5 
 174      FE
 175 07d0 4BA5FEF7 		.ascii	"K\245\376\367\245\376\377\245\376\377\311\376\377\353"
 175      A5FEFFA5 
 175      FEFFC9FE 
 175      FFEB
 176 07de FEFFEBFE 		.ascii	"\376\377\353\376\377\353\376\377\352\376\377a\376\377"
 176      FFEBFEFF 
 176      EAFEFF61 
 176      FEFF
 177 07ec 60FEFF60 		.ascii	"`\376\377`\376\377`\376\377\203\376\377\352\376\377"
 177      FEFF60FE 
 177      FF83FEFF 
 177      EAFEFF
 178 07fb EBFEFFEB 		.ascii	"\353\376\377\353\376\377\352\376\037\351\376\000\000"
 178      FEFFEAFE 
 178      1FE9FE00 
 178      00
 179 0808 00000000 		.ascii	"\000\000\000\000\000\000\000\000\000\000\000\000\000"
 179      00000000 
 179      00000000 
 179      00
 180 0815 00000000 		.ascii	"\000\000\000\000\000\000\000\000\000\000\000\000\000"
 180      00000000 
ARM GAS  C:\Users\gx\AppData\Local\Temp\cchHxHob.s 			page 12


 180      00000000 
 180      00
 181 0822 00000000 		.ascii	"\000\000\000\000\000\000\245\376w\245\376\373\245\376"
 181      0000A5FE 
 181      77A5FEFB 
 181      A5FE
 182 0830 FFC8FEFF 		.ascii	"\377\310\376\377\353\376\377\353\376\377\353\376\377"
 182      EBFEFFEB 
 182      FEFFEBFE 
 182      FF
 183 083d EBFEFFEA 		.ascii	"\353\376\377\352\376\357a\376\370`\376\377`\376\377"
 183      FEEF61FE 
 183      F860FEFF 
 183      60FEFF
 184 084c 60FEFF60 		.ascii	"`\376\377`\376\377\245\376\377\352\376\377\353\376\377"
 184      FEFFA5FE 
 184      FFEAFEFF 
 184      EBFEFF
 185 085b EAFE47EA 		.ascii	"\352\376G\352\376\000\000\000\000\000\000\000\000\000"
 185      FE000000 
 185      00000000 
 185      0000
 186 0869 00000000 		.ascii	"\000\000\000\000\000\000\000\000\000\000\000\000\000"
 186      00000000 
 186      00000000 
 186      00
 187 0876 00000000 		.ascii	"\000\000\000\000\000\000\245\376\000\000\000\000\245"
 187      0000A5FE 
 187      00000000 
 187      A5
 188 0883 FEA3A5FE 		.ascii	"\376\243\245\376\374\246\376\377\352\376\377\353\376"
 188      FCA6FEFF 
 188      EAFEFFEB 
 188      FE
 189 0890 FFEBFEFF 		.ascii	"\377\353\376\377\353\376\374\353\376\263\352\376X`\376"
 189      EBFEFCEB 
 189      FEB3EAFE 
 189      5860FE
 190 089f 5C60FEB0 		.ascii	"\\`\376\260`\376\377`\376\377`\376\377a\376\377\310"
 190      60FEFF60 
 190      FEFF60FE 
 190      FF61FEFF 
 190      C8
 191 08b0 FEFFEBFE 		.ascii	"\376\377\353\376\377\352\376t\352\376\000\000\000\000"
 191      FFEAFE74 
 191      EAFE0000 
 191      0000
 192 08be 00000000 		.ascii	"\000\000\000\000\000\000\000\000\000\000\000\000\000"
 192      00000000 
 192      00000000 
 192      00
 193 08cb 00000000 		.ascii	"\000\000\000\000\000\000\000\000\000\000\000\000\000"
 193      00000000 
 193      00000000 
 193      00
 194 08d8 00000000 		.ascii	"\000\000\000\000\245\376\313\246\376\377\352\376\377"
 194      A5FECBA6 
ARM GAS  C:\Users\gx\AppData\Local\Temp\cchHxHob.s 			page 13


 194      FEFFEAFE 
 194      FF
 195 08e5 EBFEFFEB 		.ascii	"\353\376\377\353\376\377\352\376\300\352\376[\352\376"
 195      FEFFEAFE 
 195      C0EAFE5B 
 195      EAFE
 196 08f3 17000000 		.ascii	"\027\000\000\000\000\000\000`\376\033`\376X`\376\277"
 196      00000060 
 196      FE1B60FE 
 196      5860FEBF 
 197 0903 60FEFF60 		.ascii	"`\376\377`\376\377\202\376\377\352\376\377\353\376\244"
 197      FEFF82FE 
 197      FFEAFEFF 
 197      EBFEA4
 198 0912 EAFE0000 		.ascii	"\352\376\000\000\000\000\000\000\000\000\000\000\000"
 198      00000000 
 198      00000000 
 198      00
 199 091f 00000000 		.ascii	"\000\000\000\000\000\000\000\000\000\000\000\000\000"
 199      00000000 
 199      00000000 
 199      00
 200 092c 00000000 		.ascii	"\000\000\000\000\000\000\000\245\376\013\245\376\334"
 200      000000A5 
 200      FE0BA5FE 
 200      DC
 201 0939 C9FEFFEB 		.ascii	"\311\376\377\353\376\377\352\376\333\352\376\\\352\376"
 201      FEFFEAFE 
 201      DBEAFE5C 
 201      EAFE
 202 0947 17000000 		.ascii	"\027\000\000\000\000\000\000\000\000\000\245\376\000"
 202      00000000 
 202      0000A5FE 
 202      00
 203 0954 00000000 		.ascii	"\000\000\000\000\000\000`\376\033`\376\\`\376\327`\376"
 203      000060FE 
 203      1B60FE5C 
 203      60FED760 
 203      FE
 204 0965 FFA4FEFF 		.ascii	"\377\244\376\377\352\376\323\014\377\000\307\376\000"
 204      EAFED30C 
 204      FF00C7FE 
 204      00
 205 0972 00000000 		.ascii	"\000\000\000\000\000\000\000\000\000\000\000\000\000"
 205      00000000 
 205      00000000 
 205      00
 206 097f 00000000 		.ascii	"\000\000\000\000\000\000\000\000\000\000\000\000\000"
 206      00000000 
 206      00000000 
 206      00
 207 098c 0084FE30 		.ascii	"\000\204\3760\310\376\357\352\376\360\351\376k\351\376"
 207      C8FEEFEA 
 207      FEF0E9FE 
 207      6BE9FE
 208 099b 10C8FE03 		.ascii	"\020\310\376\003\000\000\000\000\000\000\352\376\000"
 208      00000000 
ARM GAS  C:\Users\gx\AppData\Local\Temp\cchHxHob.s 			page 14


 208      0000EAFE 
 208      00
 209 09a8 00000000 		.ascii	"\000\000\000\000\000\000\000\000\000\000\000\000\000"
 209      00000000 
 209      00000000 
 209      00
 210 09b5 000060FE 		.ascii	"\000\000`\376\003`\376\024`\376o`\376\357\307\376\377"
 210      0360FE14 
 210      60FE6F60 
 210      FEEFC7FE 
 210      FF
 211 09c6 C9FE0300 		.ascii	"\311\376\003\000\000\000\000\000\000\000\000\000\000"
 211      00000000 
 211      00000000 
 211      00
 212 09d3 00000000 		.ascii	"\000\000\000\000\000\000\000\000\000\000\000\000\000"
 212      00000000 
 212      00000000 
 212      00
 213 09e0 00000000 		.ascii	"\000\000\000\000\000\000\000\307\376K\310\376p\307\376"
 213      000000C7 
 213      FE4BC8FE 
 213      70C7FE
 214 09ef 10C8FE03 		.ascii	"\020\310\376\003\000\000\000\000\000\000\351\376\000"
 214      00000000 
 214      0000E9FE 
 214      00
 215 09fc 00000000 		.ascii	"\000\000\000\000\000\000\000\000\000\000\000\000\000"
 215      00000000 
 215      00000000 
 215      00
 216 0a09 000060FE 		.ascii	"\000\000`\376\000`\376\000\000\000\000\000\000\000`"
 216      0060FE00 
 216      00000000 
 216      000060
 217 0a18 FE0040FE 		.ascii	"\376\000@\376\020a\376\220\244\376\037\000\000\000\000"
 217      1061FE90 
 217      A4FE1F00 
 217      000000
 218 0a27 00000000 		.ascii	"\000\000\000\000\000\000\000\000\000\000\000"
 218      00000000 
 218      000000
 219              		.text
 220              	.Letext0:
 221              		.file 1 "c:\\program files (x86)\\gnu arm embedded toolchain\\9 2020-q2-update\\arm-none-eabi\\inc
 222              		.file 2 "c:\\program files (x86)\\gnu arm embedded toolchain\\9 2020-q2-update\\arm-none-eabi\\inc
 223              		.file 3 "lvgl/lvgl/src/misc/lv_ll.h"
 224              		.file 4 "c:\\program files (x86)\\gnu arm embedded toolchain\\9 2020-q2-update\\lib\\gcc\\arm-none
 225              		.file 5 "c:\\program files (x86)\\gnu arm embedded toolchain\\9 2020-q2-update\\arm-none-eabi\\inc
 226              		.file 6 "c:\\program files (x86)\\gnu arm embedded toolchain\\9 2020-q2-update\\arm-none-eabi\\inc
 227              		.file 7 "c:\\program files (x86)\\gnu arm embedded toolchain\\9 2020-q2-update\\arm-none-eabi\\inc
 228              		.file 8 "lvgl/lvgl/src/hal/../draw/../misc/lv_color.h"
 229              		.file 9 "lvgl/lvgl/src/hal/../draw/../misc/lv_area.h"
 230              		.file 10 "lvgl/lvgl/src/hal/../draw/lv_img_buf.h"
 231              		.file 11 "lvgl/lvgl/src/core/lv_obj.h"
 232              		.file 12 "lvgl/lvgl/src/core/lv_group.h"
 233              		.file 13 "lvgl/lvgl/src/core/../misc/../font/lv_font.h"
ARM GAS  C:\Users\gx\AppData\Local\Temp\cchHxHob.s 			page 15


 234              		.file 14 "lvgl/lvgl/src/core/../misc/lv_txt.h"
 235              		.file 15 "lvgl/lvgl/src/core/../misc/lv_style.h"
 236              		.file 16 "lvgl/lvgl/src/core/lv_obj_scroll.h"
 237              		.file 17 "lvgl/lvgl/src/core/lv_obj_style.h"
 238              		.file 18 "lvgl/lvgl/src/core/../draw/lv_draw_label.h"
 239              		.file 19 "lvgl/lvgl/src/core/lv_obj_class.h"
 240              		.file 20 "lvgl/lvgl/src/core/lv_event.h"
 241              		.file 21 "lvgl/lvgl/src/widgets/lv_arc.h"
 242              		.file 22 "lvgl/lvgl/src/widgets/lv_btn.h"
 243              		.file 23 "lvgl/lvgl/src/widgets/lv_img.h"
 244              		.file 24 "lvgl/lvgl/src/widgets/lv_label.h"
 245              		.file 25 "lvgl/lvgl/src/widgets/lv_line.h"
 246              		.file 26 "lvgl/lvgl/src/widgets/lv_table.h"
 247              		.file 27 "lvgl/lvgl/src/widgets/lv_checkbox.h"
 248              		.file 28 "lvgl/lvgl/src/widgets/lv_bar.h"
 249              		.file 29 "lvgl/lvgl/src/widgets/lv_slider.h"
 250              		.file 30 "lvgl/lvgl/src/widgets/lv_btnmatrix.h"
 251              		.file 31 "lvgl/lvgl/src/widgets/lv_dropdown.h"
 252              		.file 32 "lvgl/lvgl/src/widgets/lv_roller.h"
 253              		.file 33 "lvgl/lvgl/src/widgets/lv_textarea.h"
 254              		.file 34 "lvgl/lvgl/src/widgets/lv_canvas.h"
 255              		.file 35 "lvgl/lvgl/src/widgets/lv_switch.h"
 256              		.file 36 "lvgl/lvgl/src/extra/widgets/animimg/lv_animimg.h"
 257              		.file 37 "lvgl/lvgl/src/extra/widgets/calendar/lv_calendar.h"
 258              		.file 38 "lvgl/lvgl/src/extra/widgets/calendar/lv_calendar_header_arrow.h"
 259              		.file 39 "lvgl/lvgl/src/extra/widgets/calendar/lv_calendar_header_dropdown.h"
 260              		.file 40 "lvgl/lvgl/src/extra/widgets/chart/lv_chart.h"
 261              		.file 41 "lvgl/lvgl/src/extra/widgets/keyboard/lv_keyboard.h"
 262              		.file 42 "lvgl/lvgl/src/extra/widgets/list/../../layouts/flex/lv_flex.h"
 263              		.file 43 "lvgl/lvgl/src/extra/widgets/list/lv_list.h"
 264              		.file 44 "lvgl/lvgl/src/extra/widgets/msgbox/lv_msgbox.h"
 265              		.file 45 "lvgl/lvgl/src/extra/widgets/meter/lv_meter.h"
 266              		.file 46 "lvgl/lvgl/src/extra/widgets/spinbox/lv_spinbox.h"
 267              		.file 47 "lvgl/lvgl/src/extra/widgets/spinner/lv_spinner.h"
 268              		.file 48 "lvgl/lvgl/src/extra/widgets/tabview/lv_tabview.h"
 269              		.file 49 "lvgl/lvgl/src/extra/widgets/tileview/lv_tileview.h"
 270              		.file 50 "lvgl/lvgl/src/extra/widgets/win/lv_win.h"
 271              		.file 51 "lvgl/lvgl/src/extra/widgets/colorwheel/lv_colorwheel.h"
 272              		.file 52 "lvgl/lvgl/src/extra/widgets/led/lv_led.h"
 273              		.file 53 "lvgl/lvgl/src/extra/widgets/imgbtn/lv_imgbtn.h"
 274              		.file 54 "lvgl/lvgl/src/extra/widgets/span/lv_span.h"
 275              		.file 55 "lvgl/lvgl/src/extra/layouts/grid/lv_grid.h"
 276              		.file 56 "lvgl/lvgl/examples/assets/img_star.c"
ARM GAS  C:\Users\gx\AppData\Local\Temp\cchHxHob.s 			page 16


DEFINED SYMBOLS
                            *ABS*:00000000 img_star.c
C:\Users\gx\AppData\Local\Temp\cchHxHob.s:23     .rodata.img_star:00000000 img_star
C:\Users\gx\AppData\Local\Temp\cchHxHob.s:34     .rodata.img_star_map:00000000 img_star_map
C:\Users\gx\AppData\Local\Temp\cchHxHob.s:20     .rodata.img_star:00000000 $d
C:\Users\gx\AppData\Local\Temp\cchHxHob.s:31     .rodata.img_star_map:00000000 $d

NO UNDEFINED SYMBOLS
