ARM GAS  C:\Users\gx\AppData\Local\Temp\ccx65Leb.s 			page 1


   1              		.cpu cortex-m4
   2              		.eabi_attribute 27, 1
   3              		.eabi_attribute 28, 1
   4              		.eabi_attribute 20, 1
   5              		.eabi_attribute 21, 1
   6              		.eabi_attribute 23, 3
   7              		.eabi_attribute 24, 1
   8              		.eabi_attribute 25, 1
   9              		.eabi_attribute 26, 1
  10              		.eabi_attribute 30, 1
  11              		.eabi_attribute 34, 1
  12              		.eabi_attribute 18, 4
  13              		.file	"img_skew_strip.c"
  14              		.text
  15              	.Ltext0:
  16              		.cfi_sections	.debug_frame
  17              		.global	img_skew_strip
  18              		.global	img_skew_strip_map
  19              		.section	.rodata.img_skew_strip,"a"
  20              		.align	2
  23              	img_skew_strip:
  24 0000 05       		.byte	5
  25 0001 40       		.byte	64
  26 0002 81       		.byte	129
  27 0003 02       		.byte	2
  28 0004 C0120000 		.word	4800
  29 0008 00000000 		.word	img_skew_strip_map
  30              		.section	.rodata.img_skew_strip_map,"a"
  31              		.align	2
  34              	img_skew_strip_map:
  35 0000 FFFF00FF 		.ascii	"\377\377\000\377\377\000\377\377\000\377\377\000\377"
  35      FF00FFFF 
  35      00FFFF00 
  35      FF
  36 000d FF00FFFF 		.ascii	"\377\000\377\377\000\377\377\000\377\377\000\377\377"
  36      00FFFF00 
  36      FFFF00FF 
  36      FF
  37 001a 00FFFF00 		.ascii	"\000\377\377\000\377\377\000\377\377\000\377\377\000"
  37      FFFF00FF 
  37      FF00FFFF 
  37      00
  38 0027 FFFF00FF 		.ascii	"\377\377\000\377\377\000\377\377\000\377\377\000\377"
  38      FF00FFFF 
  38      00FFFF00 
  38      FF
  39 0034 FF00FFFF 		.ascii	"\377\000\377\377\000\377\377\177\377\377\377\377\377"
  39      00FFFF7F 
  39      FFFFFFFF 
  39      FF
  40 0041 FFFFFFFF 		.ascii	"\377\377\377\377\377\377\377\377\377\377\377\377\377"
  40      FFFFFFFF 
  40      FFFFFFFF 
  40      FF
  41 004e FFFFFFFF 		.ascii	"\377\377\377\377\377\377\377\377\377\377\377\377\377"
  41      FFFFFFFF 
  41      FFFFFFFF 
ARM GAS  C:\Users\gx\AppData\Local\Temp\ccx65Leb.s 			page 2


  41      FF
  42 005b FFFFFFFF 		.ascii	"\377\377\377\377\377\377\377\377\377\377\377\377\377"
  42      FFFFFFFF 
  42      FFFFFFFF 
  42      FF
  43 0068 FFFFFFFF 		.ascii	"\377\377\377\377\377\377\377\377\377\377\377\377\377"
  43      FFFFFFFF 
  43      FFFFFFFF 
  43      FF
  44 0075 FFFFFFFF 		.ascii	"\377\377\377\377\377\377\377\377\377\377\377\377\377"
  44      FFFFFFFF 
  44      FFFFFFFF 
  44      FF
  45 0082 FFFFFFFF 		.ascii	"\377\377\377\377\377\377\377\377\377\377\377\377\377"
  45      FFFFFFFF 
  45      FFFFFFFF 
  45      FF
  46 008f FFFFFFFF 		.ascii	"\377\377\377\377\377\377\377\377\377\377\377\377\377"
  46      FFFFFFFF 
  46      FFFFFFFF 
  46      FF
  47 009c FFFFFFFF 		.ascii	"\377\377\377\377\377\377\377\377\377\377\377\377\377"
  47      FFFFFFFF 
  47      FFFFFFFF 
  47      FF
  48 00a9 FFFFFFFF 		.ascii	"\377\377\377\377\377\377\377\377\377\377\200\377\377"
  48      FFFFFFFF 
  48      FFFF80FF 
  48      FF
  49 00b6 00FFFF00 		.ascii	"\000\377\377\000\377\377\000\377\377\000\377\377\000"
  49      FFFF00FF 
  49      FF00FFFF 
  49      00
  50 00c3 FFFF00FF 		.ascii	"\377\377\000\377\377\000\377\377\000\377\377\000\377"
  50      FF00FFFF 
  50      00FFFF00 
  50      FF
  51 00d0 FF00FFFF 		.ascii	"\377\000\377\377\000\377\377\000\377\377\000\377\377"
  51      00FFFF00 
  51      FFFF00FF 
  51      FF
  52 00dd 00FFFF00 		.ascii	"\000\377\377\000\377\377\000\377\377\000\377\377\000"
  52      FFFF00FF 
  52      FF00FFFF 
  52      00
  53 00ea FFFF00FF 		.ascii	"\377\377\000\377\377\000\377\377\000\377\377\000\377"
  53      FF00FFFF 
  53      00FFFF00 
  53      FF
  54 00f7 FF00FFFF 		.ascii	"\377\000\377\377\000\377\377\000\377\377\000\377\377"
  54      00FFFF00 
  54      FFFF00FF 
  54      FF
  55 0104 00FFFF00 		.ascii	"\000\377\377\000\377\377\000\377\377\000\377\377\000"
  55      FFFF00FF 
  55      FF00FFFF 
  55      00
ARM GAS  C:\Users\gx\AppData\Local\Temp\ccx65Leb.s 			page 3


  56 0111 FFFF00FF 		.ascii	"\377\377\000\377\377\000\377\377\000\377\377\000\377"
  56      FF00FFFF 
  56      00FFFF00 
  56      FF
  57 011e FF00FFFF 		.ascii	"\377\000\377\377\000\377\377\000\377\377\177\377\377"
  57      00FFFF00 
  57      FFFF7FFF 
  57      FF
  58 012b FFFFFFFF 		.ascii	"\377\377\377\377\377\377\377\377\377\377\377\377\377"
  58      FFFFFFFF 
  58      FFFFFFFF 
  58      FF
  59 0138 FFFFFFFF 		.ascii	"\377\377\377\377\377\377\377\377\377\377\377\377\377"
  59      FFFFFFFF 
  59      FFFFFFFF 
  59      FF
  60 0145 FFFFFFFF 		.ascii	"\377\377\377\377\377\377\377\377\377\377\377\377\377"
  60      FFFFFFFF 
  60      FFFFFFFF 
  60      FF
  61 0152 FFFFFFFF 		.ascii	"\377\377\377\377\377\377\377\377\377\377\377\377\377"
  61      FFFFFFFF 
  61      FFFFFFFF 
  61      FF
  62 015f FFFFFFFF 		.ascii	"\377\377\377\377\377\377\377\377\377\377\377\377\377"
  62      FFFFFFFF 
  62      FFFFFFFF 
  62      FF
  63 016c FFFFFFFF 		.ascii	"\377\377\377\377\377\377\377\377\377\377\377\377\377"
  63      FFFFFFFF 
  63      FFFFFFFF 
  63      FF
  64 0179 FFFFFFFF 		.ascii	"\377\377\377\377\377\377\377\377\377\377\377\377\377"
  64      FFFFFFFF 
  64      FFFFFFFF 
  64      FF
  65 0186 FFFFFFFF 		.ascii	"\377\377\377\377\377\377\377\377\377\377\377\377\377"
  65      FFFFFFFF 
  65      FFFFFFFF 
  65      FF
  66 0193 FFFFFFFF 		.ascii	"\377\377\377\377\377\377\377\377\377\377\377\377\377"
  66      FFFFFFFF 
  66      FFFFFFFF 
  66      FF
  67 01a0 80FFFF00 		.ascii	"\200\377\377\000\377\377\000\377\377\000\377\377\000"
  67      FFFF00FF 
  67      FF00FFFF 
  67      00
  68 01ad FFFF00FF 		.ascii	"\377\377\000\377\377\000\377\377\000\377\377\000\377"
  68      FF00FFFF 
  68      00FFFF00 
  68      FF
  69 01ba FF00FFFF 		.ascii	"\377\000\377\377\000\377\377\000\377\377\000\377\377"
  69      00FFFF00 
  69      FFFF00FF 
  69      FF
  70 01c7 00FFFF00 		.ascii	"\000\377\377\000\377\377\000\377\377\000\377\377\000"
ARM GAS  C:\Users\gx\AppData\Local\Temp\ccx65Leb.s 			page 4


  70      FFFF00FF 
  70      FF00FFFF 
  70      00
  71 01d4 FFFF00FF 		.ascii	"\377\377\000\377\377\000\377\377\000\377\377\000\377"
  71      FF00FFFF 
  71      00FFFF00 
  71      FF
  72 01e1 FF00FFFF 		.ascii	"\377\000\377\377\000\377\377\000\377\377\000\377\377"
  72      00FFFF00 
  72      FFFF00FF 
  72      FF
  73 01ee 00FFFF00 		.ascii	"\000\377\377\000\377\377\000\377\377\000\377\377\000"
  73      FFFF00FF 
  73      FF00FFFF 
  73      00
  74 01fb FFFF00FF 		.ascii	"\377\377\000\377\377\000\377\377\000\377\377\000\377"
  74      FF00FFFF 
  74      00FFFF00 
  74      FF
  75 0208 FF00FFFF 		.ascii	"\377\000\377\377\000\377\377\000\377\377\000\377\377"
  75      00FFFF00 
  75      FFFF00FF 
  75      FF
  76 0215 7FFFFFFF 		.ascii	"\177\377\377\377\377\377\377\377\377\377\377\377\377"
  76      FFFFFFFF 
  76      FFFFFFFF 
  76      FF
  77 0222 FFFFFFFF 		.ascii	"\377\377\377\377\377\377\377\377\377\377\377\377\377"
  77      FFFFFFFF 
  77      FFFFFFFF 
  77      FF
  78 022f FFFFFFFF 		.ascii	"\377\377\377\377\377\377\377\377\377\377\377\377\377"
  78      FFFFFFFF 
  78      FFFFFFFF 
  78      FF
  79 023c FFFFFFFF 		.ascii	"\377\377\377\377\377\377\377\377\377\377\377\377\377"
  79      FFFFFFFF 
  79      FFFFFFFF 
  79      FF
  80 0249 FFFFFFFF 		.ascii	"\377\377\377\377\377\377\377\377\377\377\377\377\377"
  80      FFFFFFFF 
  80      FFFFFFFF 
  80      FF
  81 0256 FFFFFFFF 		.ascii	"\377\377\377\377\377\377\377\377\377\377\377\377\377"
  81      FFFFFFFF 
  81      FFFFFFFF 
  81      FF
  82 0263 FFFFFFFF 		.ascii	"\377\377\377\377\377\377\377\377\377\377\377\377\377"
  82      FFFFFFFF 
  82      FFFFFFFF 
  82      FF
  83 0270 FFFFFFFF 		.ascii	"\377\377\377\377\377\377\377\377\377\377\377\377\377"
  83      FFFFFFFF 
  83      FFFFFFFF 
  83      FF
  84 027d FFFFFFFF 		.ascii	"\377\377\377\377\377\377\377\377\377\377\377\377\377"
  84      FFFFFFFF 
ARM GAS  C:\Users\gx\AppData\Local\Temp\ccx65Leb.s 			page 5


  84      FFFFFFFF 
  84      FF
  85 028a FFFFFF80 		.ascii	"\377\377\377\200\377\377\000\377\377\000\377\377\000"
  85      FFFF00FF 
  85      FF00FFFF 
  85      00
  86 0297 FFFF00FF 		.ascii	"\377\377\000\377\377\000\377\377\000\377\377\000\377"
  86      FF00FFFF 
  86      00FFFF00 
  86      FF
  87 02a4 FF00FFFF 		.ascii	"\377\000\377\377\000\377\377\000\377\377\000\377\377"
  87      00FFFF00 
  87      FFFF00FF 
  87      FF
  88 02b1 00FFFF00 		.ascii	"\000\377\377\000\377\377\000\377\377\000\377\377\000"
  88      FFFF00FF 
  88      FF00FFFF 
  88      00
  89 02be FFFF00FF 		.ascii	"\377\377\000\377\377\000\377\377\000\377\377\000\377"
  89      FF00FFFF 
  89      00FFFF00 
  89      FF
  90 02cb FF00FFFF 		.ascii	"\377\000\377\377\000\377\377\000\377\377\000\377\377"
  90      00FFFF00 
  90      FFFF00FF 
  90      FF
  91 02d8 00FFFF00 		.ascii	"\000\377\377\000\377\377\000\377\377\000\377\377\000"
  91      FFFF00FF 
  91      FF00FFFF 
  91      00
  92 02e5 FFFF00FF 		.ascii	"\377\377\000\377\377\000\377\377\000\377\377\000\377"
  92      FF00FFFF 
  92      00FFFF00 
  92      FF
  93 02f2 FF00FFFF 		.ascii	"\377\000\377\377\000\377\377\000\377\377\000\377\377"
  93      00FFFF00 
  93      FFFF00FF 
  93      FF
  94 02ff 00FFFF7F 		.ascii	"\000\377\377\177\377\377\377\377\377\377\377\377\377"
  94      FFFFFFFF 
  94      FFFFFFFF 
  94      FF
  95 030c FFFFFFFF 		.ascii	"\377\377\377\377\377\377\377\377\377\377\377\377\377"
  95      FFFFFFFF 
  95      FFFFFFFF 
  95      FF
  96 0319 FFFFFFFF 		.ascii	"\377\377\377\377\377\377\377\377\377\377\377\377\377"
  96      FFFFFFFF 
  96      FFFFFFFF 
  96      FF
  97 0326 FFFFFFFF 		.ascii	"\377\377\377\377\377\377\377\377\377\377\377\377\377"
  97      FFFFFFFF 
  97      FFFFFFFF 
  97      FF
  98 0333 FFFFFFFF 		.ascii	"\377\377\377\377\377\377\377\377\377\377\377\377\377"
  98      FFFFFFFF 
  98      FFFFFFFF 
ARM GAS  C:\Users\gx\AppData\Local\Temp\ccx65Leb.s 			page 6


  98      FF
  99 0340 FFFFFFFF 		.ascii	"\377\377\377\377\377\377\377\377\377\377\377\377\377"
  99      FFFFFFFF 
  99      FFFFFFFF 
  99      FF
 100 034d FFFFFFFF 		.ascii	"\377\377\377\377\377\377\377\377\377\377\377\377\377"
 100      FFFFFFFF 
 100      FFFFFFFF 
 100      FF
 101 035a FFFFFFFF 		.ascii	"\377\377\377\377\377\377\377\377\377\377\377\377\377"
 101      FFFFFFFF 
 101      FFFFFFFF 
 101      FF
 102 0367 FFFFFFFF 		.ascii	"\377\377\377\377\377\377\377\377\377\377\377\377\377"
 102      FFFFFFFF 
 102      FFFFFFFF 
 102      FF
 103 0374 FFFFFFFF 		.ascii	"\377\377\377\377\377\377\200\377\377\000\377\377\000"
 103      FFFF80FF 
 103      FF00FFFF 
 103      00
 104 0381 FFFF00FF 		.ascii	"\377\377\000\377\377\000\377\377\000\377\377\000\377"
 104      FF00FFFF 
 104      00FFFF00 
 104      FF
 105 038e FF00FFFF 		.ascii	"\377\000\377\377\000\377\377\000\377\377\000\377\377"
 105      00FFFF00 
 105      FFFF00FF 
 105      FF
 106 039b 00FFFF00 		.ascii	"\000\377\377\000\377\377\000\377\377\000\377\377\000"
 106      FFFF00FF 
 106      FF00FFFF 
 106      00
 107 03a8 FFFF00FF 		.ascii	"\377\377\000\377\377\000\377\377\000\377\377\000\377"
 107      FF00FFFF 
 107      00FFFF00 
 107      FF
 108 03b5 FF00FFFF 		.ascii	"\377\000\377\377\000\377\377\000\377\377\000\377\377"
 108      00FFFF00 
 108      FFFF00FF 
 108      FF
 109 03c2 00FFFF00 		.ascii	"\000\377\377\000\377\377\000\377\377\000\377\377\000"
 109      FFFF00FF 
 109      FF00FFFF 
 109      00
 110 03cf FFFF00FF 		.ascii	"\377\377\000\377\377\000\377\377\000\377\377\000\377"
 110      FF00FFFF 
 110      00FFFF00 
 110      FF
 111 03dc FF00FFFF 		.ascii	"\377\000\377\377\000\377\377\000\377\377\000\377\377"
 111      00FFFF00 
 111      FFFF00FF 
 111      FF
 112 03e9 00FFFF00 		.ascii	"\000\377\377\000\377\377\177\377\377\377\377\377\377"
 112      FFFF7FFF 
 112      FFFFFFFF 
 112      FF
ARM GAS  C:\Users\gx\AppData\Local\Temp\ccx65Leb.s 			page 7


 113 03f6 FFFFFFFF 		.ascii	"\377\377\377\377\377\377\377\377\377\377\377\377\377"
 113      FFFFFFFF 
 113      FFFFFFFF 
 113      FF
 114 0403 FFFFFFFF 		.ascii	"\377\377\377\377\377\377\377\377\377\377\377\377\377"
 114      FFFFFFFF 
 114      FFFFFFFF 
 114      FF
 115 0410 FFFFFFFF 		.ascii	"\377\377\377\377\377\377\377\377\377\377\377\377\377"
 115      FFFFFFFF 
 115      FFFFFFFF 
 115      FF
 116 041d FFFFFFFF 		.ascii	"\377\377\377\377\377\377\377\377\377\377\377\377\377"
 116      FFFFFFFF 
 116      FFFFFFFF 
 116      FF
 117 042a FFFFFFFF 		.ascii	"\377\377\377\377\377\377\377\377\377\377\377\377\377"
 117      FFFFFFFF 
 117      FFFFFFFF 
 117      FF
 118 0437 FFFFFFFF 		.ascii	"\377\377\377\377\377\377\377\377\377\377\377\377\377"
 118      FFFFFFFF 
 118      FFFFFFFF 
 118      FF
 119 0444 FFFFFFFF 		.ascii	"\377\377\377\377\377\377\377\377\377\377\377\377\377"
 119      FFFFFFFF 
 119      FFFFFFFF 
 119      FF
 120 0451 FFFFFFFF 		.ascii	"\377\377\377\377\377\377\377\377\377\377\377\377\377"
 120      FFFFFFFF 
 120      FFFFFFFF 
 120      FF
 121 045e FFFFFFFF 		.ascii	"\377\377\377\377\377\377\377\377\377\200\377\377\000"
 121      FFFFFFFF 
 121      FF80FFFF 
 121      00
 122 046b FFFF00FF 		.ascii	"\377\377\000\377\377\000\377\377\000\377\377\000\377"
 122      FF00FFFF 
 122      00FFFF00 
 122      FF
 123 0478 FF00FFFF 		.ascii	"\377\000\377\377\000\377\377\000\377\377\000\377\377"
 123      00FFFF00 
 123      FFFF00FF 
 123      FF
 124 0485 00FFFF00 		.ascii	"\000\377\377\000\377\377\000\377\377\000\377\377\000"
 124      FFFF00FF 
 124      FF00FFFF 
 124      00
 125 0492 FFFF00FF 		.ascii	"\377\377\000\377\377\000\377\377\000\377\377\000\377"
 125      FF00FFFF 
 125      00FFFF00 
 125      FF
 126 049f FF00FFFF 		.ascii	"\377\000\377\377\000\377\377\000\377\377\000\377\377"
 126      00FFFF00 
 126      FFFF00FF 
 126      FF
 127 04ac 00FFFF00 		.ascii	"\000\377\377\000\377\377\000\377\377\000\377\377\000"
ARM GAS  C:\Users\gx\AppData\Local\Temp\ccx65Leb.s 			page 8


 127      FFFF00FF 
 127      FF00FFFF 
 127      00
 128 04b9 FFFF00FF 		.ascii	"\377\377\000\377\377\000\377\377\000\377\377\000\377"
 128      FF00FFFF 
 128      00FFFF00 
 128      FF
 129 04c6 FF00FFFF 		.ascii	"\377\000\377\377\000\377\377\000\377\377\000\377\377"
 129      00FFFF00 
 129      FFFF00FF 
 129      FF
 130 04d3 00FFFF00 		.ascii	"\000\377\377\000\377\377\000\377\377\177\377\377\377"
 130      FFFF00FF 
 130      FF7FFFFF 
 130      FF
 131 04e0 FFFFFFFF 		.ascii	"\377\377\377\377\377\377\377\377\377\377\377\377\377"
 131      FFFFFFFF 
 131      FFFFFFFF 
 131      FF
 132 04ed FFFFFFFF 		.ascii	"\377\377\377\377\377\377\377\377\377\377\377\377\377"
 132      FFFFFFFF 
 132      FFFFFFFF 
 132      FF
 133 04fa FFFFFFFF 		.ascii	"\377\377\377\377\377\377\377\377\377\377\377\377\377"
 133      FFFFFFFF 
 133      FFFFFFFF 
 133      FF
 134 0507 FFFFFFFF 		.ascii	"\377\377\377\377\377\377\377\377\377\377\377\377\377"
 134      FFFFFFFF 
 134      FFFFFFFF 
 134      FF
 135 0514 FFFFFFFF 		.ascii	"\377\377\377\377\377\377\377\377\377\377\377\377\377"
 135      FFFFFFFF 
 135      FFFFFFFF 
 135      FF
 136 0521 FFFFFFFF 		.ascii	"\377\377\377\377\377\377\377\377\377\377\377\377\377"
 136      FFFFFFFF 
 136      FFFFFFFF 
 136      FF
 137 052e FFFFFFFF 		.ascii	"\377\377\377\377\377\377\377\377\377\377\377\377\377"
 137      FFFFFFFF 
 137      FFFFFFFF 
 137      FF
 138 053b FFFFFFFF 		.ascii	"\377\377\377\377\377\377\377\377\377\377\377\377\377"
 138      FFFFFFFF 
 138      FFFFFFFF 
 138      FF
 139 0548 FFFFFFFF 		.ascii	"\377\377\377\377\377\377\377\377\377\377\377\377\200"
 139      FFFFFFFF 
 139      FFFFFFFF 
 139      80
 140 0555 FFFF00FF 		.ascii	"\377\377\000\377\377\000\377\377\000\377\377\000\377"
 140      FF00FFFF 
 140      00FFFF00 
 140      FF
 141 0562 FF00FFFF 		.ascii	"\377\000\377\377\000\377\377\000\377\377\000\377\377"
 141      00FFFF00 
ARM GAS  C:\Users\gx\AppData\Local\Temp\ccx65Leb.s 			page 9


 141      FFFF00FF 
 141      FF
 142 056f 00FFFF00 		.ascii	"\000\377\377\000\377\377\000\377\377\000\377\377\000"
 142      FFFF00FF 
 142      FF00FFFF 
 142      00
 143 057c FFFF00FF 		.ascii	"\377\377\000\377\377\000\377\377\000\377\377\000\377"
 143      FF00FFFF 
 143      00FFFF00 
 143      FF
 144 0589 FF00FFFF 		.ascii	"\377\000\377\377\000\377\377\000\377\377\000\377\377"
 144      00FFFF00 
 144      FFFF00FF 
 144      FF
 145 0596 00FFFF00 		.ascii	"\000\377\377\000\377\377\000\377\377\000\377\377\000"
 145      FFFF00FF 
 145      FF00FFFF 
 145      00
 146 05a3 FFFF00FF 		.ascii	"\377\377\000\377\377\000\377\377\000\377\377\000\377"
 146      FF00FFFF 
 146      00FFFF00 
 146      FF
 147 05b0 FF00FFFF 		.ascii	"\377\000\377\377\000\377\377\000\377\377\000\377\377"
 147      00FFFF00 
 147      FFFF00FF 
 147      FF
 148 05bd 00FFFF00 		.ascii	"\000\377\377\000\377\377\000\377\377\000\377\377\177"
 148      FFFF00FF 
 148      FF00FFFF 
 148      7F
 149 05ca FFFFFFFF 		.ascii	"\377\377\377\377\377\377\377\377\377\377\377\377\377"
 149      FFFFFFFF 
 149      FFFFFFFF 
 149      FF
 150 05d7 FFFFFFFF 		.ascii	"\377\377\377\377\377\377\377\377\377\377\377\377\377"
 150      FFFFFFFF 
 150      FFFFFFFF 
 150      FF
 151 05e4 FFFFFFFF 		.ascii	"\377\377\377\377\377\377\377\377\377\377\377\377\377"
 151      FFFFFFFF 
 151      FFFFFFFF 
 151      FF
 152 05f1 FFFFFFFF 		.ascii	"\377\377\377\377\377\377\377\377\377\377\377\377\377"
 152      FFFFFFFF 
 152      FFFFFFFF 
 152      FF
 153 05fe FFFFFFFF 		.ascii	"\377\377\377\377\377\377\377\377\377\377\377\377\377"
 153      FFFFFFFF 
 153      FFFFFFFF 
 153      FF
 154 060b FFFFFFFF 		.ascii	"\377\377\377\377\377\377\377\377\377\377\377\377\377"
 154      FFFFFFFF 
 154      FFFFFFFF 
 154      FF
 155 0618 FFFFFFFF 		.ascii	"\377\377\377\377\377\377\377\377\377\377\377\377\377"
 155      FFFFFFFF 
 155      FFFFFFFF 
ARM GAS  C:\Users\gx\AppData\Local\Temp\ccx65Leb.s 			page 10


 155      FF
 156 0625 FFFFFFFF 		.ascii	"\377\377\377\377\377\377\377\377\377\377\377\377\377"
 156      FFFFFFFF 
 156      FFFFFFFF 
 156      FF
 157 0632 FFFFFFFF 		.ascii	"\377\377\377\377\377\377\377\377\377\377\377\377\377"
 157      FFFFFFFF 
 157      FFFFFFFF 
 157      FF
 158 063f FFFF80FF 		.ascii	"\377\377\200\377\377\000\377\377\000\377\377\000\377"
 158      FF00FFFF 
 158      00FFFF00 
 158      FF
 159 064c FF00FFFF 		.ascii	"\377\000\377\377\000\377\377\000\377\377\000\377\377"
 159      00FFFF00 
 159      FFFF00FF 
 159      FF
 160 0659 00FFFF00 		.ascii	"\000\377\377\000\377\377\000\377\377\000\377\377\000"
 160      FFFF00FF 
 160      FF00FFFF 
 160      00
 161 0666 FFFF00FF 		.ascii	"\377\377\000\377\377\000\377\377\000\377\377\000\377"
 161      FF00FFFF 
 161      00FFFF00 
 161      FF
 162 0673 FF00FFFF 		.ascii	"\377\000\377\377\000\377\377\000\377\377\000\377\377"
 162      00FFFF00 
 162      FFFF00FF 
 162      FF
 163 0680 00FFFF00 		.ascii	"\000\377\377\000\377\377\000\377\377\000\377\377\000"
 163      FFFF00FF 
 163      FF00FFFF 
 163      00
 164 068d FFFF00FF 		.ascii	"\377\377\000\377\377\000\377\377\000\377\377\000\377"
 164      FF00FFFF 
 164      00FFFF00 
 164      FF
 165 069a FF00FFFF 		.ascii	"\377\000\377\377\000\377\377\000\377\377\000\377\377"
 165      00FFFF00 
 165      FFFF00FF 
 165      FF
 166 06a7 00FFFF00 		.ascii	"\000\377\377\000\377\377\000\377\377\000\377\377\000"
 166      FFFF00FF 
 166      FF00FFFF 
 166      00
 167 06b4 FFFF7FFF 		.ascii	"\377\377\177\377\377\377\377\377\377\377\377\377\377"
 167      FFFFFFFF 
 167      FFFFFFFF 
 167      FF
 168 06c1 FFFFFFFF 		.ascii	"\377\377\377\377\377\377\377\377\377\377\377\377\377"
 168      FFFFFFFF 
 168      FFFFFFFF 
 168      FF
 169 06ce FFFFFFFF 		.ascii	"\377\377\377\377\377\377\377\377\377\377\377\377\377"
 169      FFFFFFFF 
 169      FFFFFFFF 
 169      FF
ARM GAS  C:\Users\gx\AppData\Local\Temp\ccx65Leb.s 			page 11


 170 06db FFFFFFFF 		.ascii	"\377\377\377\377\377\377\377\377\377\377\377\377\377"
 170      FFFFFFFF 
 170      FFFFFFFF 
 170      FF
 171 06e8 FFFFFFFF 		.ascii	"\377\377\377\377\377\377\377\377\377\377\377\377\377"
 171      FFFFFFFF 
 171      FFFFFFFF 
 171      FF
 172 06f5 FFFFFFFF 		.ascii	"\377\377\377\377\377\377\377\377\377\377\377\377\377"
 172      FFFFFFFF 
 172      FFFFFFFF 
 172      FF
 173 0702 FFFFFFFF 		.ascii	"\377\377\377\377\377\377\377\377\377\377\377\377\377"
 173      FFFFFFFF 
 173      FFFFFFFF 
 173      FF
 174 070f FFFFFFFF 		.ascii	"\377\377\377\377\377\377\377\377\377\377\377\377\377"
 174      FFFFFFFF 
 174      FFFFFFFF 
 174      FF
 175 071c FFFFFFFF 		.ascii	"\377\377\377\377\377\377\377\377\377\377\377\377\377"
 175      FFFFFFFF 
 175      FFFFFFFF 
 175      FF
 176 0729 FFFFFFFF 		.ascii	"\377\377\377\377\377\200\377\377\000\377\377\000\377"
 176      FF80FFFF 
 176      00FFFF00 
 176      FF
 177 0736 FF00FFFF 		.ascii	"\377\000\377\377\000\377\377\000\377\377\000\377\377"
 177      00FFFF00 
 177      FFFF00FF 
 177      FF
 178 0743 00FFFF00 		.ascii	"\000\377\377\000\377\377\000\377\377\000\377\377\000"
 178      FFFF00FF 
 178      FF00FFFF 
 178      00
 179 0750 FFFF00FF 		.ascii	"\377\377\000\377\377\000\377\377\000\377\377\000\377"
 179      FF00FFFF 
 179      00FFFF00 
 179      FF
 180 075d FF00FFFF 		.ascii	"\377\000\377\377\000\377\377\000\377\377\000\377\377"
 180      00FFFF00 
 180      FFFF00FF 
 180      FF
 181 076a 00FFFF00 		.ascii	"\000\377\377\000\377\377\000\377\377\000\377\377\000"
 181      FFFF00FF 
 181      FF00FFFF 
 181      00
 182 0777 FFFF00FF 		.ascii	"\377\377\000\377\377\000\377\377\000\377\377\000\377"
 182      FF00FFFF 
 182      00FFFF00 
 182      FF
 183 0784 FF00FFFF 		.ascii	"\377\000\377\377\000\377\377\000\377\377\000\377\377"
 183      00FFFF00 
 183      FFFF00FF 
 183      FF
 184 0791 00FFFF00 		.ascii	"\000\377\377\000\377\377\000\377\377\000\377\377\000"
ARM GAS  C:\Users\gx\AppData\Local\Temp\ccx65Leb.s 			page 12


 184      FFFF00FF 
 184      FF00FFFF 
 184      00
 185 079e FFFF00FF 		.ascii	"\377\377\000\377\377\177\377\377\377\377\377\377\377"
 185      FF7FFFFF 
 185      FFFFFFFF 
 185      FF
 186 07ab FFFFFFFF 		.ascii	"\377\377\377\377\377\377\377\377\377\377\377\377\377"
 186      FFFFFFFF 
 186      FFFFFFFF 
 186      FF
 187 07b8 FFFFFFFF 		.ascii	"\377\377\377\377\377\377\377\377\377\377\377\377\377"
 187      FFFFFFFF 
 187      FFFFFFFF 
 187      FF
 188 07c5 FFFFFFFF 		.ascii	"\377\377\377\377\377\377\377\377\377\377\377"
 188      FFFFFFFF 
 188      FFFFFF
 189 07d0 FFFFFFFF 		.ascii	"\377\377\377\377\377\377\377\377\377\377\377\377\377"
 189      FFFFFFFF 
 189      FFFFFFFF 
 189      FF
 190 07dd FFFFFFFF 		.ascii	"\377\377\377\377\377\377\377\377\377\377\377\377\377"
 190      FFFFFFFF 
 190      FFFFFFFF 
 190      FF
 191 07ea FFFFFFFF 		.ascii	"\377\377\377\377\377\377\377\377\377\377\377\377\377"
 191      FFFFFFFF 
 191      FFFFFFFF 
 191      FF
 192 07f7 FFFFFFFF 		.ascii	"\377\377\377\377\377\377\377\377\377\377\377\377\377"
 192      FFFFFFFF 
 192      FFFFFFFF 
 192      FF
 193 0804 FFFFFFFF 		.ascii	"\377\377\377\377\377\377\377\377\377\377\377\377\377"
 193      FFFFFFFF 
 193      FFFFFFFF 
 193      FF
 194 0811 FFFFFFFF 		.ascii	"\377\377\377\377\377\377\377\377\377\377\200\377\377"
 194      FFFFFFFF 
 194      FFFF80FF 
 194      FF
 195 081e 00FFFF00 		.ascii	"\000\377\377\000\377\377\000\377\377\000\377\377\000"
 195      FFFF00FF 
 195      FF00FFFF 
 195      00
 196 082b FFFF00FF 		.ascii	"\377\377\000\377\377\000\377\377\000\377\377\000\377"
 196      FF00FFFF 
 196      00FFFF00 
 196      FF
 197 0838 FF00FFFF 		.ascii	"\377\000\377\377\000\377\377\000\377\377\000\377\377"
 197      00FFFF00 
 197      FFFF00FF 
 197      FF
 198 0845 00FFFF00 		.ascii	"\000\377\377\000\377\377\000\377\377\000\377\377\000"
 198      FFFF00FF 
 198      FF00FFFF 
ARM GAS  C:\Users\gx\AppData\Local\Temp\ccx65Leb.s 			page 13


 198      00
 199 0852 FFFF00FF 		.ascii	"\377\377\000\377\377\000\377\377\000\377\377\000\377"
 199      FF00FFFF 
 199      00FFFF00 
 199      FF
 200 085f FF00FFFF 		.ascii	"\377\000\377\377\000\377\377\000\377\377\000\377\377"
 200      00FFFF00 
 200      FFFF00FF 
 200      FF
 201 086c 00FFFF00 		.ascii	"\000\377\377\000\377\377\000\377\377\000\377\377\000"
 201      FFFF00FF 
 201      FF00FFFF 
 201      00
 202 0879 FFFF00FF 		.ascii	"\377\377\000\377\377\000\377\377\000\377\377\000\377"
 202      FF00FFFF 
 202      00FFFF00 
 202      FF
 203 0886 FF00FFFF 		.ascii	"\377\000\377\377\000\377\377\000\377\377\177\377\377"
 203      00FFFF00 
 203      FFFF7FFF 
 203      FF
 204 0893 FFFFFFFF 		.ascii	"\377\377\377\377\377\377\377\377\377\377\377\377\377"
 204      FFFFFFFF 
 204      FFFFFFFF 
 204      FF
 205 08a0 FFFFFFFF 		.ascii	"\377\377\377\377\377\377\377\377\377\377\377\377\377"
 205      FFFFFFFF 
 205      FFFFFFFF 
 205      FF
 206 08ad FFFFFFFF 		.ascii	"\377\377\377\377\377\377\377\377\377\377\377\377\377"
 206      FFFFFFFF 
 206      FFFFFFFF 
 206      FF
 207 08ba FFFFFFFF 		.ascii	"\377\377\377\377\377\377\377\377\377\377\377\377\377"
 207      FFFFFFFF 
 207      FFFFFFFF 
 207      FF
 208 08c7 FFFFFFFF 		.ascii	"\377\377\377\377\377\377\377\377\377\377\377\377\377"
 208      FFFFFFFF 
 208      FFFFFFFF 
 208      FF
 209 08d4 FFFFFFFF 		.ascii	"\377\377\377\377\377\377\377\377\377\377\377\377\377"
 209      FFFFFFFF 
 209      FFFFFFFF 
 209      FF
 210 08e1 FFFFFFFF 		.ascii	"\377\377\377\377\377\377\377\377\377\377\377\377\377"
 210      FFFFFFFF 
 210      FFFFFFFF 
 210      FF
 211 08ee FFFFFFFF 		.ascii	"\377\377\377\377\377\377\377\377\377\377\377\377\377"
 211      FFFFFFFF 
 211      FFFFFFFF 
 211      FF
 212 08fb FFFFFFFF 		.ascii	"\377\377\377\377\377\377\377\377\377\377\377\377\377"
 212      FFFFFFFF 
 212      FFFFFFFF 
 212      FF
ARM GAS  C:\Users\gx\AppData\Local\Temp\ccx65Leb.s 			page 14


 213 0908 80FFFF00 		.ascii	"\200\377\377\000\377\377\000\377\377\000\377\377\000"
 213      FFFF00FF 
 213      FF00FFFF 
 213      00
 214 0915 FFFF00FF 		.ascii	"\377\377\000\377\377\000\377\377\000\377\377\000\377"
 214      FF00FFFF 
 214      00FFFF00 
 214      FF
 215 0922 FF00FFFF 		.ascii	"\377\000\377\377\000\377\377\000\377\377\000\377\377"
 215      00FFFF00 
 215      FFFF00FF 
 215      FF
 216 092f 00FFFF00 		.ascii	"\000\377\377\000\377\377\000\377\377\000\377\377\000"
 216      FFFF00FF 
 216      FF00FFFF 
 216      00
 217 093c FFFF00FF 		.ascii	"\377\377\000\377\377\000\377\377\000\377\377\000\377"
 217      FF00FFFF 
 217      00FFFF00 
 217      FF
 218 0949 FF00FFFF 		.ascii	"\377\000\377\377\000\377\377\000\377\377\000\377\377"
 218      00FFFF00 
 218      FFFF00FF 
 218      FF
 219 0956 00FFFF00 		.ascii	"\000\377\377\000\377\377\000\377\377\000\377\377\000"
 219      FFFF00FF 
 219      FF00FFFF 
 219      00
 220 0963 FFFF00FF 		.ascii	"\377\377\000\377\377\000\377\377\000\377\377\000\377"
 220      FF00FFFF 
 220      00FFFF00 
 220      FF
 221 0970 FF00FFFF 		.ascii	"\377\000\377\377\000\377\377\000\377\377\000\377\377"
 221      00FFFF00 
 221      FFFF00FF 
 221      FF
 222 097d 7FFFFFFF 		.ascii	"\177\377\377\377\377\377\377\377\377\377\377\377\377"
 222      FFFFFFFF 
 222      FFFFFFFF 
 222      FF
 223 098a FFFFFFFF 		.ascii	"\377\377\377\377\377\377\377\377\377\377\377\377\377"
 223      FFFFFFFF 
 223      FFFFFFFF 
 223      FF
 224 0997 FFFFFFFF 		.ascii	"\377\377\377\377\377\377\377\377\377\377\377\377\377"
 224      FFFFFFFF 
 224      FFFFFFFF 
 224      FF
 225 09a4 FFFFFFFF 		.ascii	"\377\377\377\377\377\377\377\377\377\377\377\377\377"
 225      FFFFFFFF 
 225      FFFFFFFF 
 225      FF
 226 09b1 FFFFFFFF 		.ascii	"\377\377\377\377\377\377\377\377\377\377\377\377\377"
 226      FFFFFFFF 
 226      FFFFFFFF 
 226      FF
 227 09be FFFFFFFF 		.ascii	"\377\377\377\377\377\377\377\377\377\377\377\377\377"
ARM GAS  C:\Users\gx\AppData\Local\Temp\ccx65Leb.s 			page 15


 227      FFFFFFFF 
 227      FFFFFFFF 
 227      FF
 228 09cb FFFFFFFF 		.ascii	"\377\377\377\377\377\377\377\377\377\377\377\377\377"
 228      FFFFFFFF 
 228      FFFFFFFF 
 228      FF
 229 09d8 FFFFFFFF 		.ascii	"\377\377\377\377\377\377\377\377\377\377\377\377\377"
 229      FFFFFFFF 
 229      FFFFFFFF 
 229      FF
 230 09e5 FFFFFFFF 		.ascii	"\377\377\377\377\377\377\377\377\377\377\377\377\377"
 230      FFFFFFFF 
 230      FFFFFFFF 
 230      FF
 231 09f2 FFFFFF80 		.ascii	"\377\377\377\200\377\377\000\377\377\000\377\377\000"
 231      FFFF00FF 
 231      FF00FFFF 
 231      00
 232 09ff FFFF00FF 		.ascii	"\377\377\000\377\377\000\377\377\000\377\377\000\377"
 232      FF00FFFF 
 232      00FFFF00 
 232      FF
 233 0a0c FF00FFFF 		.ascii	"\377\000\377\377\000\377\377\000\377\377\000\377\377"
 233      00FFFF00 
 233      FFFF00FF 
 233      FF
 234 0a19 00FFFF00 		.ascii	"\000\377\377\000\377\377\000\377\377\000\377\377\000"
 234      FFFF00FF 
 234      FF00FFFF 
 234      00
 235 0a26 FFFF00FF 		.ascii	"\377\377\000\377\377\000\377\377\000\377\377\000\377"
 235      FF00FFFF 
 235      00FFFF00 
 235      FF
 236 0a33 FF00FFFF 		.ascii	"\377\000\377\377\000\377\377\000\377\377\000\377\377"
 236      00FFFF00 
 236      FFFF00FF 
 236      FF
 237 0a40 00FFFF00 		.ascii	"\000\377\377\000\377\377\000\377\377\000\377\377\000"
 237      FFFF00FF 
 237      FF00FFFF 
 237      00
 238 0a4d FFFF00FF 		.ascii	"\377\377\000\377\377\000\377\377\000\377\377\000\377"
 238      FF00FFFF 
 238      00FFFF00 
 238      FF
 239 0a5a FF00FFFF 		.ascii	"\377\000\377\377\000\377\377\000\377\377\000\377\377"
 239      00FFFF00 
 239      FFFF00FF 
 239      FF
 240 0a67 00FFFF7F 		.ascii	"\000\377\377\177\377\377\377\377\377\377\377\377\377"
 240      FFFFFFFF 
 240      FFFFFFFF 
 240      FF
 241 0a74 FFFFFFFF 		.ascii	"\377\377\377\377\377\377\377\377\377\377\377\377\377"
 241      FFFFFFFF 
ARM GAS  C:\Users\gx\AppData\Local\Temp\ccx65Leb.s 			page 16


 241      FFFFFFFF 
 241      FF
 242 0a81 FFFFFFFF 		.ascii	"\377\377\377\377\377\377\377\377\377\377\377\377\377"
 242      FFFFFFFF 
 242      FFFFFFFF 
 242      FF
 243 0a8e FFFFFFFF 		.ascii	"\377\377\377\377\377\377\377\377\377\377\377\377\377"
 243      FFFFFFFF 
 243      FFFFFFFF 
 243      FF
 244 0a9b FFFFFFFF 		.ascii	"\377\377\377\377\377\377\377\377\377\377\377\377\377"
 244      FFFFFFFF 
 244      FFFFFFFF 
 244      FF
 245 0aa8 FFFFFFFF 		.ascii	"\377\377\377\377\377\377\377\377\377\377\377\377\377"
 245      FFFFFFFF 
 245      FFFFFFFF 
 245      FF
 246 0ab5 FFFFFFFF 		.ascii	"\377\377\377\377\377\377\377\377\377\377\377\377\377"
 246      FFFFFFFF 
 246      FFFFFFFF 
 246      FF
 247 0ac2 FFFFFFFF 		.ascii	"\377\377\377\377\377\377\377\377\377\377\377\377\377"
 247      FFFFFFFF 
 247      FFFFFFFF 
 247      FF
 248 0acf FFFFFFFF 		.ascii	"\377\377\377\377\377\377\377\377\377\377\377\377\377"
 248      FFFFFFFF 
 248      FFFFFFFF 
 248      FF
 249 0adc FFFFFFFF 		.ascii	"\377\377\377\377\377\377\200\377\377\000\377\377\000"
 249      FFFF80FF 
 249      FF00FFFF 
 249      00
 250 0ae9 FFFF00FF 		.ascii	"\377\377\000\377\377\000\377\377\000\377\377\000\377"
 250      FF00FFFF 
 250      00FFFF00 
 250      FF
 251 0af6 FF00FFFF 		.ascii	"\377\000\377\377\000\377\377\000\377\377\000\377\377"
 251      00FFFF00 
 251      FFFF00FF 
 251      FF
 252 0b03 00FFFF00 		.ascii	"\000\377\377\000\377\377\000\377\377\000\377\377\000"
 252      FFFF00FF 
 252      FF00FFFF 
 252      00
 253 0b10 FFFF00FF 		.ascii	"\377\377\000\377\377\000\377\377\000\377\377\000\377"
 253      FF00FFFF 
 253      00FFFF00 
 253      FF
 254 0b1d FF00FFFF 		.ascii	"\377\000\377\377\000\377\377\000\377\377\000\377\377"
 254      00FFFF00 
 254      FFFF00FF 
 254      FF
 255 0b2a 00FFFF00 		.ascii	"\000\377\377\000\377\377\000\377\377\000\377\377\000"
 255      FFFF00FF 
 255      FF00FFFF 
ARM GAS  C:\Users\gx\AppData\Local\Temp\ccx65Leb.s 			page 17


 255      00
 256 0b37 FFFF00FF 		.ascii	"\377\377\000\377\377\000\377\377\000\377\377\000\377"
 256      FF00FFFF 
 256      00FFFF00 
 256      FF
 257 0b44 FF00FFFF 		.ascii	"\377\000\377\377\000\377\377\000\377\377\000\377\377"
 257      00FFFF00 
 257      FFFF00FF 
 257      FF
 258 0b51 00FFFF00 		.ascii	"\000\377\377\000\377\377\177\377\377\377\377\377\377"
 258      FFFF7FFF 
 258      FFFFFFFF 
 258      FF
 259 0b5e FFFFFFFF 		.ascii	"\377\377\377\377\377\377\377\377\377\377\377\377\377"
 259      FFFFFFFF 
 259      FFFFFFFF 
 259      FF
 260 0b6b FFFFFFFF 		.ascii	"\377\377\377\377\377\377\377\377\377\377\377\377\377"
 260      FFFFFFFF 
 260      FFFFFFFF 
 260      FF
 261 0b78 FFFFFFFF 		.ascii	"\377\377\377\377\377\377\377\377\377\377\377\377\377"
 261      FFFFFFFF 
 261      FFFFFFFF 
 261      FF
 262 0b85 FFFFFFFF 		.ascii	"\377\377\377\377\377\377\377\377\377\377\377\377\377"
 262      FFFFFFFF 
 262      FFFFFFFF 
 262      FF
 263 0b92 FFFFFFFF 		.ascii	"\377\377\377\377\377\377\377\377\377\377\377\377\377"
 263      FFFFFFFF 
 263      FFFFFFFF 
 263      FF
 264 0b9f FFFFFFFF 		.ascii	"\377\377\377\377\377\377\377\377\377\377\377\377\377"
 264      FFFFFFFF 
 264      FFFFFFFF 
 264      FF
 265 0bac FFFFFFFF 		.ascii	"\377\377\377\377\377\377\377\377\377\377\377\377\377"
 265      FFFFFFFF 
 265      FFFFFFFF 
 265      FF
 266 0bb9 FFFFFFFF 		.ascii	"\377\377\377\377\377\377\377\377\377\377\377\377\377"
 266      FFFFFFFF 
 266      FFFFFFFF 
 266      FF
 267 0bc6 FFFFFFFF 		.ascii	"\377\377\377\377\377\377\377\377\377\200\377\377\000"
 267      FFFFFFFF 
 267      FF80FFFF 
 267      00
 268 0bd3 FFFF00FF 		.ascii	"\377\377\000\377\377\000\377\377\000\377\377\000\377"
 268      FF00FFFF 
 268      00FFFF00 
 268      FF
 269 0be0 FF00FFFF 		.ascii	"\377\000\377\377\000\377\377\000\377\377\000\377\377"
 269      00FFFF00 
 269      FFFF00FF 
 269      FF
ARM GAS  C:\Users\gx\AppData\Local\Temp\ccx65Leb.s 			page 18


 270 0bed 00FFFF00 		.ascii	"\000\377\377\000\377\377\000\377\377\000\377\377\000"
 270      FFFF00FF 
 270      FF00FFFF 
 270      00
 271 0bfa FFFF00FF 		.ascii	"\377\377\000\377\377\000\377\377\000\377\377\000\377"
 271      FF00FFFF 
 271      00FFFF00 
 271      FF
 272 0c07 FF00FFFF 		.ascii	"\377\000\377\377\000\377\377\000\377\377\000\377\377"
 272      00FFFF00 
 272      FFFF00FF 
 272      FF
 273 0c14 00FFFF00 		.ascii	"\000\377\377\000\377\377\000\377\377\000\377\377\000"
 273      FFFF00FF 
 273      FF00FFFF 
 273      00
 274 0c21 FFFF00FF 		.ascii	"\377\377\000\377\377\000\377\377\000\377\377\000\377"
 274      FF00FFFF 
 274      00FFFF00 
 274      FF
 275 0c2e FF00FFFF 		.ascii	"\377\000\377\377\000\377\377\000\377\377\000\377\377"
 275      00FFFF00 
 275      FFFF00FF 
 275      FF
 276 0c3b 00FFFF00 		.ascii	"\000\377\377\000\377\377\000\377\377\177\377\377\377"
 276      FFFF00FF 
 276      FF7FFFFF 
 276      FF
 277 0c48 FFFFFFFF 		.ascii	"\377\377\377\377\377\377\377\377\377\377\377\377\377"
 277      FFFFFFFF 
 277      FFFFFFFF 
 277      FF
 278 0c55 FFFFFFFF 		.ascii	"\377\377\377\377\377\377\377\377\377\377\377\377\377"
 278      FFFFFFFF 
 278      FFFFFFFF 
 278      FF
 279 0c62 FFFFFFFF 		.ascii	"\377\377\377\377\377\377\377\377\377\377\377\377\377"
 279      FFFFFFFF 
 279      FFFFFFFF 
 279      FF
 280 0c6f FFFFFFFF 		.ascii	"\377\377\377\377\377\377\377\377\377\377\377\377\377"
 280      FFFFFFFF 
 280      FFFFFFFF 
 280      FF
 281 0c7c FFFFFFFF 		.ascii	"\377\377\377\377\377\377\377\377\377\377\377\377\377"
 281      FFFFFFFF 
 281      FFFFFFFF 
 281      FF
 282 0c89 FFFFFFFF 		.ascii	"\377\377\377\377\377\377\377\377\377\377\377\377\377"
 282      FFFFFFFF 
 282      FFFFFFFF 
 282      FF
 283 0c96 FFFFFFFF 		.ascii	"\377\377\377\377\377\377\377\377\377\377\377\377\377"
 283      FFFFFFFF 
 283      FFFFFFFF 
 283      FF
 284 0ca3 FFFFFFFF 		.ascii	"\377\377\377\377\377\377\377\377\377\377\377\377\377"
ARM GAS  C:\Users\gx\AppData\Local\Temp\ccx65Leb.s 			page 19


 284      FFFFFFFF 
 284      FFFFFFFF 
 284      FF
 285 0cb0 FFFFFFFF 		.ascii	"\377\377\377\377\377\377\377\377\377\377\377\377\200"
 285      FFFFFFFF 
 285      FFFFFFFF 
 285      80
 286 0cbd FFFF00FF 		.ascii	"\377\377\000\377\377\000\377\377\000\377\377\000\377"
 286      FF00FFFF 
 286      00FFFF00 
 286      FF
 287 0cca FF00FFFF 		.ascii	"\377\000\377\377\000\377\377\000\377\377\000\377\377"
 287      00FFFF00 
 287      FFFF00FF 
 287      FF
 288 0cd7 00FFFF00 		.ascii	"\000\377\377\000\377\377\000\377\377\000\377\377\000"
 288      FFFF00FF 
 288      FF00FFFF 
 288      00
 289 0ce4 FFFF00FF 		.ascii	"\377\377\000\377\377\000\377\377\000\377\377\000\377"
 289      FF00FFFF 
 289      00FFFF00 
 289      FF
 290 0cf1 FF00FFFF 		.ascii	"\377\000\377\377\000\377\377\000\377\377\000\377\377"
 290      00FFFF00 
 290      FFFF00FF 
 290      FF
 291 0cfe 00FFFF00 		.ascii	"\000\377\377\000\377\377\000\377\377\000\377\377\000"
 291      FFFF00FF 
 291      FF00FFFF 
 291      00
 292 0d0b FFFF00FF 		.ascii	"\377\377\000\377\377\000\377\377\000\377\377\000\377"
 292      FF00FFFF 
 292      00FFFF00 
 292      FF
 293 0d18 FF00FFFF 		.ascii	"\377\000\377\377\000\377\377\000\377\377\000\377\377"
 293      00FFFF00 
 293      FFFF00FF 
 293      FF
 294 0d25 00FFFF00 		.ascii	"\000\377\377\000\377\377\000\377\377\000\377\377\177"
 294      FFFF00FF 
 294      FF00FFFF 
 294      7F
 295 0d32 FFFFFFFF 		.ascii	"\377\377\377\377\377\377\377\377\377\377\377\377\377"
 295      FFFFFFFF 
 295      FFFFFFFF 
 295      FF
 296 0d3f FFFFFFFF 		.ascii	"\377\377\377\377\377\377\377\377\377\377\377\377\377"
 296      FFFFFFFF 
 296      FFFFFFFF 
 296      FF
 297 0d4c FFFFFFFF 		.ascii	"\377\377\377\377\377\377\377\377\377\377\377\377\377"
 297      FFFFFFFF 
 297      FFFFFFFF 
 297      FF
 298 0d59 FFFFFFFF 		.ascii	"\377\377\377\377\377\377\377\377\377\377\377\377\377"
 298      FFFFFFFF 
ARM GAS  C:\Users\gx\AppData\Local\Temp\ccx65Leb.s 			page 20


 298      FFFFFFFF 
 298      FF
 299 0d66 FFFFFFFF 		.ascii	"\377\377\377\377\377\377\377\377\377\377\377\377\377"
 299      FFFFFFFF 
 299      FFFFFFFF 
 299      FF
 300 0d73 FFFFFFFF 		.ascii	"\377\377\377\377\377\377\377\377\377\377\377\377\377"
 300      FFFFFFFF 
 300      FFFFFFFF 
 300      FF
 301 0d80 FFFFFFFF 		.ascii	"\377\377\377\377\377\377\377\377\377\377\377\377\377"
 301      FFFFFFFF 
 301      FFFFFFFF 
 301      FF
 302 0d8d FFFFFFFF 		.ascii	"\377\377\377\377\377\377\377\377\377\377\377\377\377"
 302      FFFFFFFF 
 302      FFFFFFFF 
 302      FF
 303 0d9a FFFFFFFF 		.ascii	"\377\377\377\377\377\377\377\377\377\377\377\377\377"
 303      FFFFFFFF 
 303      FFFFFFFF 
 303      FF
 304 0da7 FFFF80FF 		.ascii	"\377\377\200\377\377\000\377\377\000\377\377\000\377"
 304      FF00FFFF 
 304      00FFFF00 
 304      FF
 305 0db4 FF00FFFF 		.ascii	"\377\000\377\377\000\377\377\000\377\377\000\377\377"
 305      00FFFF00 
 305      FFFF00FF 
 305      FF
 306 0dc1 00FFFF00 		.ascii	"\000\377\377\000\377\377\000\377\377\000\377\377\000"
 306      FFFF00FF 
 306      FF00FFFF 
 306      00
 307 0dce FFFF00FF 		.ascii	"\377\377\000\377\377\000\377\377\000\377\377\000\377"
 307      FF00FFFF 
 307      00FFFF00 
 307      FF
 308 0ddb FF00FFFF 		.ascii	"\377\000\377\377\000\377\377\000\377\377\000\377\377"
 308      00FFFF00 
 308      FFFF00FF 
 308      FF
 309 0de8 00FFFF00 		.ascii	"\000\377\377\000\377\377\000\377\377\000\377\377\000"
 309      FFFF00FF 
 309      FF00FFFF 
 309      00
 310 0df5 FFFF00FF 		.ascii	"\377\377\000\377\377\000\377\377\000\377\377\000\377"
 310      FF00FFFF 
 310      00FFFF00 
 310      FF
 311 0e02 FF00FFFF 		.ascii	"\377\000\377\377\000\377\377\000\377\377\000\377\377"
 311      00FFFF00 
 311      FFFF00FF 
 311      FF
 312 0e0f 00FFFF00 		.ascii	"\000\377\377\000\377\377\000\377\377\000\377\377\000"
 312      FFFF00FF 
 312      FF00FFFF 
ARM GAS  C:\Users\gx\AppData\Local\Temp\ccx65Leb.s 			page 21


 312      00
 313 0e1c FFFF7FFF 		.ascii	"\377\377\177\377\377\377\377\377\377\377\377\377\377"
 313      FFFFFFFF 
 313      FFFFFFFF 
 313      FF
 314 0e29 FFFFFFFF 		.ascii	"\377\377\377\377\377\377\377\377\377\377\377\377\377"
 314      FFFFFFFF 
 314      FFFFFFFF 
 314      FF
 315 0e36 FFFFFFFF 		.ascii	"\377\377\377\377\377\377\377\377\377\377\377\377\377"
 315      FFFFFFFF 
 315      FFFFFFFF 
 315      FF
 316 0e43 FFFFFFFF 		.ascii	"\377\377\377\377\377\377\377\377\377\377\377\377\377"
 316      FFFFFFFF 
 316      FFFFFFFF 
 316      FF
 317 0e50 FFFFFFFF 		.ascii	"\377\377\377\377\377\377\377\377\377\377\377\377\377"
 317      FFFFFFFF 
 317      FFFFFFFF 
 317      FF
 318 0e5d FFFFFFFF 		.ascii	"\377\377\377\377\377\377\377\377\377\377\377\377\377"
 318      FFFFFFFF 
 318      FFFFFFFF 
 318      FF
 319 0e6a FFFFFFFF 		.ascii	"\377\377\377\377\377\377\377\377\377\377\377\377\377"
 319      FFFFFFFF 
 319      FFFFFFFF 
 319      FF
 320 0e77 FFFFFFFF 		.ascii	"\377\377\377\377\377\377\377\377\377\377\377\377\377"
 320      FFFFFFFF 
 320      FFFFFFFF 
 320      FF
 321 0e84 FFFFFFFF 		.ascii	"\377\377\377\377\377\377\377\377\377\377\377\377\377"
 321      FFFFFFFF 
 321      FFFFFFFF 
 321      FF
 322 0e91 FFFFFFFF 		.ascii	"\377\377\377\377\377\200\377\377\000\377\377\000\377"
 322      FF80FFFF 
 322      00FFFF00 
 322      FF
 323 0e9e FF00FFFF 		.ascii	"\377\000\377\377\000\377\377\000\377\377\000\377\377"
 323      00FFFF00 
 323      FFFF00FF 
 323      FF
 324 0eab 00FFFF00 		.ascii	"\000\377\377\000\377\377\000\377\377\000\377\377\000"
 324      FFFF00FF 
 324      FF00FFFF 
 324      00
 325 0eb8 FFFF00FF 		.ascii	"\377\377\000\377\377\000\377\377\000\377\377\000\377"
 325      FF00FFFF 
 325      00FFFF00 
 325      FF
 326 0ec5 FF00FFFF 		.ascii	"\377\000\377\377\000\377\377\000\377\377\000\377\377"
 326      00FFFF00 
 326      FFFF00FF 
 326      FF
ARM GAS  C:\Users\gx\AppData\Local\Temp\ccx65Leb.s 			page 22


 327 0ed2 00FFFF00 		.ascii	"\000\377\377\000\377\377\000\377\377\000\377\377\000"
 327      FFFF00FF 
 327      FF00FFFF 
 327      00
 328 0edf FFFF00FF 		.ascii	"\377\377\000\377\377\000\377\377\000\377\377\000\377"
 328      FF00FFFF 
 328      00FFFF00 
 328      FF
 329 0eec FF00FFFF 		.ascii	"\377\000\377\377\000\377\377\000\377\377\000\377\377"
 329      00FFFF00 
 329      FFFF00FF 
 329      FF
 330 0ef9 00FFFF00 		.ascii	"\000\377\377\000\377\377\000\377\377\000\377\377\000"
 330      FFFF00FF 
 330      FF00FFFF 
 330      00
 331 0f06 FFFF00FF 		.ascii	"\377\377\000\377\377\177\377\377\377\377\377\377\377"
 331      FF7FFFFF 
 331      FFFFFFFF 
 331      FF
 332 0f13 FFFFFFFF 		.ascii	"\377\377\377\377\377\377\377\377\377\377\377\377\377"
 332      FFFFFFFF 
 332      FFFFFFFF 
 332      FF
 333 0f20 FFFFFFFF 		.ascii	"\377\377\377\377\377\377\377\377\377\377\377\377\377"
 333      FFFFFFFF 
 333      FFFFFFFF 
 333      FF
 334 0f2d FFFFFFFF 		.ascii	"\377\377\377\377\377\377\377\377\377\377\377\377\377"
 334      FFFFFFFF 
 334      FFFFFFFF 
 334      FF
 335 0f3a FFFFFFFF 		.ascii	"\377\377\377\377\377\377\377\377\377\377\377\377\377"
 335      FFFFFFFF 
 335      FFFFFFFF 
 335      FF
 336 0f47 FFFFFFFF 		.ascii	"\377\377\377\377\377\377\377\377\377\377\377\377\377"
 336      FFFFFFFF 
 336      FFFFFFFF 
 336      FF
 337 0f54 FFFFFFFF 		.ascii	"\377\377\377\377\377\377\377\377\377\377\377\377\377"
 337      FFFFFFFF 
 337      FFFFFFFF 
 337      FF
 338 0f61 FFFFFFFF 		.ascii	"\377\377\377\377\377\377\377\377\377\377\377\377\377"
 338      FFFFFFFF 
 338      FFFFFFFF 
 338      FF
 339 0f6e FFFFFFFF 		.ascii	"\377\377\377\377\377\377\377\377\377\377\377\377\377"
 339      FFFFFFFF 
 339      FFFFFFFF 
 339      FF
 340 0f7b FFFFFFFF 		.ascii	"\377\377\377\377\377\377\377\377\200\377\377\000\377"
 340      FFFFFFFF 
 340      80FFFF00 
 340      FF
 341 0f88 FF00FFFF 		.ascii	"\377\000\377\377\000\377\377\000\377\377\000\377\377"
ARM GAS  C:\Users\gx\AppData\Local\Temp\ccx65Leb.s 			page 23


 341      00FFFF00 
 341      FFFF00FF 
 341      FF
 342 0f95 00FFFF00 		.ascii	"\000\377\377\000\377\377\000\377\377\000\377"
 342      FFFF00FF 
 342      FF00FF
 343 0fa0 FF00FFFF 		.ascii	"\377\000\377\377\000\377\377\000\377\377\000\377\377"
 343      00FFFF00 
 343      FFFF00FF 
 343      FF
 344 0fad 00FFFF00 		.ascii	"\000\377\377\000\377\377\000\377\377\000\377\377\000"
 344      FFFF00FF 
 344      FF00FFFF 
 344      00
 345 0fba FFFF00FF 		.ascii	"\377\377\000\377\377\000\377\377\000\377\377\000\377"
 345      FF00FFFF 
 345      00FFFF00 
 345      FF
 346 0fc7 FF00FFFF 		.ascii	"\377\000\377\377\000\377\377\000\377\377\000\377\377"
 346      00FFFF00 
 346      FFFF00FF 
 346      FF
 347 0fd4 00FFFF00 		.ascii	"\000\377\377\000\377\377\000\377\377\000\377\377\000"
 347      FFFF00FF 
 347      FF00FFFF 
 347      00
 348 0fe1 FFFF00FF 		.ascii	"\377\377\000\377\377\000\377\377\000\377\377\000\377"
 348      FF00FFFF 
 348      00FFFF00 
 348      FF
 349 0fee FF00FFFF 		.ascii	"\377\000\377\377\000\377\377\000\377\377\177\377\377"
 349      00FFFF00 
 349      FFFF7FFF 
 349      FF
 350 0ffb FFFFFFFF 		.ascii	"\377\377\377\377\377\377\377\377\377\377\377\377\377"
 350      FFFFFFFF 
 350      FFFFFFFF 
 350      FF
 351 1008 FFFFFFFF 		.ascii	"\377\377\377\377\377\377\377\377\377\377\377\377\377"
 351      FFFFFFFF 
 351      FFFFFFFF 
 351      FF
 352 1015 FFFFFFFF 		.ascii	"\377\377\377\377\377\377\377\377\377\377\377\377\377"
 352      FFFFFFFF 
 352      FFFFFFFF 
 352      FF
 353 1022 FFFFFFFF 		.ascii	"\377\377\377\377\377\377\377\377\377\377\377\377\377"
 353      FFFFFFFF 
 353      FFFFFFFF 
 353      FF
 354 102f FFFFFFFF 		.ascii	"\377\377\377\377\377\377\377\377\377\377\377\377\377"
 354      FFFFFFFF 
 354      FFFFFFFF 
 354      FF
 355 103c FFFFFFFF 		.ascii	"\377\377\377\377\377\377\377\377\377\377\377\377\377"
 355      FFFFFFFF 
 355      FFFFFFFF 
ARM GAS  C:\Users\gx\AppData\Local\Temp\ccx65Leb.s 			page 24


 355      FF
 356 1049 FFFFFFFF 		.ascii	"\377\377\377\377\377\377\377\377\377\377\377\377\377"
 356      FFFFFFFF 
 356      FFFFFFFF 
 356      FF
 357 1056 FFFFFFFF 		.ascii	"\377\377\377\377\377\377\377\377\377\377\377\377\377"
 357      FFFFFFFF 
 357      FFFFFFFF 
 357      FF
 358 1063 FFFFFFFF 		.ascii	"\377\377\377\377\377\377\377\377\377\377\377\377\377"
 358      FFFFFFFF 
 358      FFFFFFFF 
 358      FF
 359 1070 80FFFF00 		.ascii	"\200\377\377\000\377\377\000\377\377\000\377\377\000"
 359      FFFF00FF 
 359      FF00FFFF 
 359      00
 360 107d FFFF00FF 		.ascii	"\377\377\000\377\377\000\377\377\000\377\377\000\377"
 360      FF00FFFF 
 360      00FFFF00 
 360      FF
 361 108a FF00FFFF 		.ascii	"\377\000\377\377\000\377\377\000\377\377\000\377\377"
 361      00FFFF00 
 361      FFFF00FF 
 361      FF
 362 1097 00FFFF00 		.ascii	"\000\377\377\000\377\377\000\377\377\000\377\377\000"
 362      FFFF00FF 
 362      FF00FFFF 
 362      00
 363 10a4 FFFF00FF 		.ascii	"\377\377\000\377\377\000\377\377\000\377\377\000\377"
 363      FF00FFFF 
 363      00FFFF00 
 363      FF
 364 10b1 FF00FFFF 		.ascii	"\377\000\377\377\000\377\377\000\377\377\000\377\377"
 364      00FFFF00 
 364      FFFF00FF 
 364      FF
 365 10be 00FFFF00 		.ascii	"\000\377\377\000\377\377\000\377\377\000\377\377\000"
 365      FFFF00FF 
 365      FF00FFFF 
 365      00
 366 10cb FFFF00FF 		.ascii	"\377\377\000\377\377\000\377\377\000\377\377\000\377"
 366      FF00FFFF 
 366      00FFFF00 
 366      FF
 367 10d8 FF00FFFF 		.ascii	"\377\000\377\377\000\377\377\000\377\377\000\377\377"
 367      00FFFF00 
 367      FFFF00FF 
 367      FF
 368 10e5 7FFFFFFF 		.ascii	"\177\377\377\377\377\377\377\377\377\377\377\377\377"
 368      FFFFFFFF 
 368      FFFFFFFF 
 368      FF
 369 10f2 FFFFFFFF 		.ascii	"\377\377\377\377\377\377\377\377\377\377\377\377\377"
 369      FFFFFFFF 
 369      FFFFFFFF 
 369      FF
ARM GAS  C:\Users\gx\AppData\Local\Temp\ccx65Leb.s 			page 25


 370 10ff FFFFFFFF 		.ascii	"\377\377\377\377\377\377\377\377\377\377\377\377\377"
 370      FFFFFFFF 
 370      FFFFFFFF 
 370      FF
 371 110c FFFFFFFF 		.ascii	"\377\377\377\377\377\377\377\377\377\377\377\377\377"
 371      FFFFFFFF 
 371      FFFFFFFF 
 371      FF
 372 1119 FFFFFFFF 		.ascii	"\377\377\377\377\377\377\377\377\377\377\377\377\377"
 372      FFFFFFFF 
 372      FFFFFFFF 
 372      FF
 373 1126 FFFFFFFF 		.ascii	"\377\377\377\377\377\377\377\377\377\377\377\377\377"
 373      FFFFFFFF 
 373      FFFFFFFF 
 373      FF
 374 1133 FFFFFFFF 		.ascii	"\377\377\377\377\377\377\377\377\377\377\377\377\377"
 374      FFFFFFFF 
 374      FFFFFFFF 
 374      FF
 375 1140 FFFFFFFF 		.ascii	"\377\377\377\377\377\377\377\377\377\377\377\377\377"
 375      FFFFFFFF 
 375      FFFFFFFF 
 375      FF
 376 114d FFFFFFFF 		.ascii	"\377\377\377\377\377\377\377\377\377\377\377\377\377"
 376      FFFFFFFF 
 376      FFFFFFFF 
 376      FF
 377 115a FFFFFF80 		.ascii	"\377\377\377\200\377\377\000\377\377\000\377\377\000"
 377      FFFF00FF 
 377      FF00FFFF 
 377      00
 378 1167 FFFF00FF 		.ascii	"\377\377\000\377\377\000\377\377\000\377\377\000\377"
 378      FF00FFFF 
 378      00FFFF00 
 378      FF
 379 1174 FF00FFFF 		.ascii	"\377\000\377\377\000\377\377\000\377\377\000\377\377"
 379      00FFFF00 
 379      FFFF00FF 
 379      FF
 380 1181 00FFFF00 		.ascii	"\000\377\377\000\377\377\000\377\377\000\377\377\000"
 380      FFFF00FF 
 380      FF00FFFF 
 380      00
 381 118e FFFF00FF 		.ascii	"\377\377\000\377\377\000\377\377\000\377\377\000\377"
 381      FF00FFFF 
 381      00FFFF00 
 381      FF
 382 119b FF00FFFF 		.ascii	"\377\000\377\377\000\377\377\000\377\377\000\377\377"
 382      00FFFF00 
 382      FFFF00FF 
 382      FF
 383 11a8 00FFFF00 		.ascii	"\000\377\377\000\377\377\000\377\377\000\377\377\000"
 383      FFFF00FF 
 383      FF00FFFF 
 383      00
 384 11b5 FFFF00FF 		.ascii	"\377\377\000\377\377\000\377\377\000\377\377\000\377"
ARM GAS  C:\Users\gx\AppData\Local\Temp\ccx65Leb.s 			page 26


 384      FF00FFFF 
 384      00FFFF00 
 384      FF
 385 11c2 FF00FFFF 		.ascii	"\377\000\377\377\000\377\377\000\377\377\000\377\377"
 385      00FFFF00 
 385      FFFF00FF 
 385      FF
 386 11cf 00FFFF7F 		.ascii	"\000\377\377\177\377\377\377\377\377\377\377\377\377"
 386      FFFFFFFF 
 386      FFFFFFFF 
 386      FF
 387 11dc FFFFFFFF 		.ascii	"\377\377\377\377\377\377\377\377\377\377\377\377\377"
 387      FFFFFFFF 
 387      FFFFFFFF 
 387      FF
 388 11e9 FFFFFFFF 		.ascii	"\377\377\377\377\377\377\377\377\377\377\377\377\377"
 388      FFFFFFFF 
 388      FFFFFFFF 
 388      FF
 389 11f6 FFFFFFFF 		.ascii	"\377\377\377\377\377\377\377\377\377\377\377\377\377"
 389      FFFFFFFF 
 389      FFFFFFFF 
 389      FF
 390 1203 FFFFFFFF 		.ascii	"\377\377\377\377\377\377\377\377\377\377\377\377\377"
 390      FFFFFFFF 
 390      FFFFFFFF 
 390      FF
 391 1210 FFFFFFFF 		.ascii	"\377\377\377\377\377\377\377\377\377\377\377\377\377"
 391      FFFFFFFF 
 391      FFFFFFFF 
 391      FF
 392 121d FFFFFFFF 		.ascii	"\377\377\377\377\377\377\377\377\377\377\377\377\377"
 392      FFFFFFFF 
 392      FFFFFFFF 
 392      FF
 393 122a FFFFFFFF 		.ascii	"\377\377\377\377\377\377\377\377\377\377\377\377\377"
 393      FFFFFFFF 
 393      FFFFFFFF 
 393      FF
 394 1237 FFFFFFFF 		.ascii	"\377\377\377\377\377\377\377\377\377\377\377\377\377"
 394      FFFFFFFF 
 394      FFFFFFFF 
 394      FF
 395 1244 FFFFFFFF 		.ascii	"\377\377\377\377\377\377\200\377\377\000\377\377\000"
 395      FFFF80FF 
 395      FF00FFFF 
 395      00
 396 1251 FFFF00FF 		.ascii	"\377\377\000\377\377\000\377\377\000\377\377\000\377"
 396      FF00FFFF 
 396      00FFFF00 
 396      FF
 397 125e FF00FFFF 		.ascii	"\377\000\377\377\000\377\377\000\377\377\000\377\377"
 397      00FFFF00 
 397      FFFF00FF 
 397      FF
 398 126b 00FFFF00 		.ascii	"\000\377\377\000\377\377\000\377\377\000\377\377\000"
 398      FFFF00FF 
ARM GAS  C:\Users\gx\AppData\Local\Temp\ccx65Leb.s 			page 27


 398      FF00FFFF 
 398      00
 399 1278 FFFF00FF 		.ascii	"\377\377\000\377\377\000\377\377\000\377\377\000\377"
 399      FF00FFFF 
 399      00FFFF00 
 399      FF
 400 1285 FF00FFFF 		.ascii	"\377\000\377\377\000\377\377\000\377\377\000\377\377"
 400      00FFFF00 
 400      FFFF00FF 
 400      FF
 401 1292 00FFFF00 		.ascii	"\000\377\377\000\377\377\000\377\377\000\377\377\000"
 401      FFFF00FF 
 401      FF00FFFF 
 401      00
 402 129f FFFF00FF 		.ascii	"\377\377\000\377\377\000\377\377\000\377\377\000\377"
 402      FF00FFFF 
 402      00FFFF00 
 402      FF
 403 12ac FF00FFFF 		.ascii	"\377\000\377\377\000\377\377\000\377\377\000\377\377"
 403      00FFFF00 
 403      FFFF00FF 
 403      FF
 404 12b9 00FFFF00 		.ascii	"\000\377\377\000\377\377\000"
 404      FFFF00
 405              		.text
 406              	.Letext0:
 407              		.file 1 "c:\\program files (x86)\\gnu arm embedded toolchain\\9 2020-q2-update\\arm-none-eabi\\inc
 408              		.file 2 "c:\\program files (x86)\\gnu arm embedded toolchain\\9 2020-q2-update\\arm-none-eabi\\inc
 409              		.file 3 "lvgl/lvgl/src/misc/lv_ll.h"
 410              		.file 4 "c:\\program files (x86)\\gnu arm embedded toolchain\\9 2020-q2-update\\lib\\gcc\\arm-none
 411              		.file 5 "c:\\program files (x86)\\gnu arm embedded toolchain\\9 2020-q2-update\\arm-none-eabi\\inc
 412              		.file 6 "c:\\program files (x86)\\gnu arm embedded toolchain\\9 2020-q2-update\\arm-none-eabi\\inc
 413              		.file 7 "c:\\program files (x86)\\gnu arm embedded toolchain\\9 2020-q2-update\\arm-none-eabi\\inc
 414              		.file 8 "lvgl/lvgl/src/hal/../draw/../misc/lv_color.h"
 415              		.file 9 "lvgl/lvgl/src/hal/../draw/../misc/lv_area.h"
 416              		.file 10 "lvgl/lvgl/src/hal/../draw/lv_img_buf.h"
 417              		.file 11 "lvgl/lvgl/src/core/lv_obj.h"
 418              		.file 12 "lvgl/lvgl/src/core/lv_group.h"
 419              		.file 13 "lvgl/lvgl/src/core/../misc/../font/lv_font.h"
 420              		.file 14 "lvgl/lvgl/src/core/../misc/lv_txt.h"
 421              		.file 15 "lvgl/lvgl/src/core/../misc/lv_style.h"
 422              		.file 16 "lvgl/lvgl/src/core/lv_obj_scroll.h"
 423              		.file 17 "lvgl/lvgl/src/core/lv_obj_style.h"
 424              		.file 18 "lvgl/lvgl/src/core/../draw/lv_draw_label.h"
 425              		.file 19 "lvgl/lvgl/src/core/lv_obj_class.h"
 426              		.file 20 "lvgl/lvgl/src/core/lv_event.h"
 427              		.file 21 "lvgl/lvgl/src/widgets/lv_arc.h"
 428              		.file 22 "lvgl/lvgl/src/widgets/lv_btn.h"
 429              		.file 23 "lvgl/lvgl/src/widgets/lv_img.h"
 430              		.file 24 "lvgl/lvgl/src/widgets/lv_label.h"
 431              		.file 25 "lvgl/lvgl/src/widgets/lv_line.h"
 432              		.file 26 "lvgl/lvgl/src/widgets/lv_table.h"
 433              		.file 27 "lvgl/lvgl/src/widgets/lv_checkbox.h"
 434              		.file 28 "lvgl/lvgl/src/widgets/lv_bar.h"
 435              		.file 29 "lvgl/lvgl/src/widgets/lv_slider.h"
 436              		.file 30 "lvgl/lvgl/src/widgets/lv_btnmatrix.h"
 437              		.file 31 "lvgl/lvgl/src/widgets/lv_dropdown.h"
ARM GAS  C:\Users\gx\AppData\Local\Temp\ccx65Leb.s 			page 28


 438              		.file 32 "lvgl/lvgl/src/widgets/lv_roller.h"
 439              		.file 33 "lvgl/lvgl/src/widgets/lv_textarea.h"
 440              		.file 34 "lvgl/lvgl/src/widgets/lv_canvas.h"
 441              		.file 35 "lvgl/lvgl/src/widgets/lv_switch.h"
 442              		.file 36 "lvgl/lvgl/src/extra/widgets/animimg/lv_animimg.h"
 443              		.file 37 "lvgl/lvgl/src/extra/widgets/calendar/lv_calendar.h"
 444              		.file 38 "lvgl/lvgl/src/extra/widgets/calendar/lv_calendar_header_arrow.h"
 445              		.file 39 "lvgl/lvgl/src/extra/widgets/calendar/lv_calendar_header_dropdown.h"
 446              		.file 40 "lvgl/lvgl/src/extra/widgets/chart/lv_chart.h"
 447              		.file 41 "lvgl/lvgl/src/extra/widgets/keyboard/lv_keyboard.h"
 448              		.file 42 "lvgl/lvgl/src/extra/widgets/list/../../layouts/flex/lv_flex.h"
 449              		.file 43 "lvgl/lvgl/src/extra/widgets/list/lv_list.h"
 450              		.file 44 "lvgl/lvgl/src/extra/widgets/msgbox/lv_msgbox.h"
 451              		.file 45 "lvgl/lvgl/src/extra/widgets/meter/lv_meter.h"
 452              		.file 46 "lvgl/lvgl/src/extra/widgets/spinbox/lv_spinbox.h"
 453              		.file 47 "lvgl/lvgl/src/extra/widgets/spinner/lv_spinner.h"
 454              		.file 48 "lvgl/lvgl/src/extra/widgets/tabview/lv_tabview.h"
 455              		.file 49 "lvgl/lvgl/src/extra/widgets/tileview/lv_tileview.h"
 456              		.file 50 "lvgl/lvgl/src/extra/widgets/win/lv_win.h"
 457              		.file 51 "lvgl/lvgl/src/extra/widgets/colorwheel/lv_colorwheel.h"
 458              		.file 52 "lvgl/lvgl/src/extra/widgets/led/lv_led.h"
 459              		.file 53 "lvgl/lvgl/src/extra/widgets/imgbtn/lv_imgbtn.h"
 460              		.file 54 "lvgl/lvgl/src/extra/widgets/span/lv_span.h"
 461              		.file 55 "lvgl/lvgl/src/extra/layouts/grid/lv_grid.h"
 462              		.file 56 "lvgl/lvgl/examples/assets/img_skew_strip.c"
ARM GAS  C:\Users\gx\AppData\Local\Temp\ccx65Leb.s 			page 29


DEFINED SYMBOLS
                            *ABS*:00000000 img_skew_strip.c
C:\Users\gx\AppData\Local\Temp\ccx65Leb.s:23     .rodata.img_skew_strip:00000000 img_skew_strip
C:\Users\gx\AppData\Local\Temp\ccx65Leb.s:34     .rodata.img_skew_strip_map:00000000 img_skew_strip_map
C:\Users\gx\AppData\Local\Temp\ccx65Leb.s:20     .rodata.img_skew_strip:00000000 $d
C:\Users\gx\AppData\Local\Temp\ccx65Leb.s:31     .rodata.img_skew_strip_map:00000000 $d

NO UNDEFINED SYMBOLS
