ARM GAS  C:\Users\gx\AppData\Local\Temp\ccQoZj6B.s 			page 1


   1              		.cpu cortex-m4
   2              		.eabi_attribute 27, 1
   3              		.eabi_attribute 28, 1
   4              		.eabi_attribute 20, 1
   5              		.eabi_attribute 21, 1
   6              		.eabi_attribute 23, 3
   7              		.eabi_attribute 24, 1
   8              		.eabi_attribute 25, 1
   9              		.eabi_attribute 26, 1
  10              		.eabi_attribute 30, 1
  11              		.eabi_attribute 34, 1
  12              		.eabi_attribute 18, 4
  13              		.file	"img_cogwheel_alpha16.c"
  14              		.text
  15              	.Ltext0:
  16              		.cfi_sections	.debug_frame
  17              		.global	img_cogwheel_alpha16
  18              		.global	img_cogwheel_alpha16_map
  19              		.section	.rodata.img_cogwheel_alpha16,"a"
  20              		.align	2
  23              	img_cogwheel_alpha16:
  24 0000 0D       		.byte	13
  25 0001 90       		.byte	144
  26 0002 81       		.byte	129
  27 0003 0C       		.byte	12
  28 0004 88130000 		.word	5000
  29 0008 00000000 		.word	img_cogwheel_alpha16_map
  30              		.section	.rodata.img_cogwheel_alpha16_map,"a"
  31              		.align	2
  34              	img_cogwheel_alpha16_map:
  35 0000 00000000 		.ascii	"\000\000\000\000\000\000\000\000\000\000\000\000\000"
  35      00000000 
  35      00000000 
  35      00
  36 000d 00000000 		.ascii	"\000\000\000\000\000\000\000\000\000\000\377\377\377"
  36      00000000 
  36      0000FFFF 
  36      FF
  37 001a F6000000 		.ascii	"\366\000\000\000\000\000\000\000\000\000\000\000\000"
  37      00000000 
  37      00000000 
  37      00
  38 0027 00000000 		.ascii	"\000\000\000\000\000\000\000\000\000\000\000\000\000"
  38      00000000 
  38      00000000 
  38      00
  39 0034 00000000 		.ascii	"\000\000\000\000\000\000\000\000\000\000\000\000\000"
  39      00000000 
  39      00000000 
  39      00
  40 0041 00000000 		.ascii	"\000\000\000\000\000\000\000\001\377\377\377\377\000"
  40      00000001 
  40      FFFFFFFF 
  40      00
  41 004e 00000000 		.ascii	"\000\000\000\000\000\000\000\000\000\000\000\000\000"
  41      00000000 
  41      00000000 
ARM GAS  C:\Users\gx\AppData\Local\Temp\ccQoZj6B.s 			page 2


  41      00
  42 005b 00000000 		.ascii	"\000\000\000\000\000\000\000\000\000\000\000\000\000"
  42      00000000 
  42      00000000 
  42      00
  43 0068 00000000 		.ascii	"\000\000\000\000\000\000\000\000\000\000\000\000\000"
  43      00000000 
  43      00000000 
  43      00
  44 0075 00000000 		.ascii	"\000\000\000\000\000\003\377\377\377\377\000\000\000"
  44      0003FFFF 
  44      FFFF0000 
  44      00
  45 0082 0005F200 		.ascii	"\000\005\362\000\000\000\000\000\000\000\000\000\000"
  45      00000000 
  45      00000000 
  45      00
  46 008f 00000000 		.ascii	"\000\000\000\000\000\000\000\000\000\000\000\000\000"
  46      00000000 
  46      00000000 
  46      00
  47 009c 00000000 		.ascii	"\000\000\000\000\000\000\000\000\000\002\377\240\000"
  47      00000000 
  47      0002FFA0 
  47      00
  48 00a9 00000004 		.ascii	"\000\000\000\004\377\377\377\377 \000\000\000_\377\377"
  48      FFFFFFFF 
  48      20000000 
  48      5FFFFF
  49 00b8 20000000 		.ascii	" \000\000\000\000\000\000\000\000\000\000\000\000\000"
  49      00000000 
  49      00000000 
  49      0000
  50 00c6 00000000 		.ascii	"\000\000\000\000\000\000\000\000\000\000\000\000\000"
  50      00000000 
  50      00000000 
  50      00
  51 00d3 00000008 		.ascii	"\000\000\000\010\377\377\371\000\000\000\000\012\377"
  51      FFFFF900 
  51      0000000A 
  51      FF
  52 00e0 FFFFFFF0 		.ascii	"\377\377\377\360\000\000\002\377\377\377\377\000\000"
  52      000002FF 
  52      FFFFFF00 
  52      00
  53 00ed 00000000 		.ascii	"\000\000\000\000\000\000\000\000\000\000\000\000\000"
  53      00000000 
  53      00000000 
  53      00
  54 00fa 00000000 		.ascii	"\000\000\000\000\000\000\000\000\000\000\000\000\000"
  54      00000000 
  54      00000000 
  54      00
  55 0107 00BFFFFF 		.ascii	"\000\277\377\377\377\020\000\000\000\017\377\377\377"
  55      FF100000 
  55      000FFFFF 
  55      FF
ARM GAS  C:\Users\gx\AppData\Local\Temp\ccQoZj6B.s 			page 3


  56 0114 FFF00000 		.ascii	"\377\360\000\000\015\377\377\377\377 \000\000\000\000"
  56      0DFFFFFF 
  56      FF200000 
  56      0000
  57 0122 00000000 		.ascii	"\000\000\000\000\000\000\000\000\000\000\000\000\000"
  57      00000000 
  57      00000000 
  57      00
  58 012f 00000000 		.ascii	"\000\000\000\000\000\000\000\000\000\000\002\377\377"
  58      00000000 
  58      000002FF 
  58      FF
  59 013c FFFF6000 		.ascii	"\377\377`\000\000\000\017\377\377\377\377\360\000\000"
  59      00000FFF 
  59      FFFFFFF0 
  59      0000
  60 014a 1FFFFFFF 		.ascii	"\037\377\377\377\377`\000\000\000\000\000\000\000\000"
  60      FF600000 
  60      00000000 
  60      0000
  61 0158 00000000 		.ascii	"\000\000\000\000\000\000\000\000\000\000\000\000\000"
  61      00000000 
  61      00000000 
  61      00
  62 0165 00000000 		.ascii	"\000\000\000\000\000\000\000\317\377\377\377\362\000"
  62      000000CF 
  62      FFFFFFF2 
  62      00
  63 0172 00000FFF 		.ascii	"\000\000\017\377\377\377\377\364\000\000\177\377\377"
  63      FFFFFFF4 
  63      00007FFF 
  63      FF
  64 017f FFFFD000 		.ascii	"\377\377\320\000\000\000\000\000\000\000\000\000\000"
  64      00000000 
  64      00000000 
  64      00
  65 018c 00000000 		.ascii	"\000\000\000\000\000\000\000\000\000\000\000\000\000"
  65      00000000 
  65      00000000 
  65      00
  66 0199 00000000 		.ascii	"\000\000\000\000\000\257\377\377\377\373\000\000\002"
  66      00AFFFFF 
  66      FFFB0000 
  66      02
  67 01a6 8FFFFFFF 		.ascii	"\217\377\377\377\377\377@\003\377\377\377\377\377\320"
  67      FFFF4003 
  67      FFFFFFFF 
  67      FFD0
  68 01b4 00000000 		.ascii	"\000\000\000\000\000\000\000\000\000\000\000\000\000"
  68      00000000 
  68      00000000 
  68      00
  69 01c1 00000000 		.ascii	"\000\000\000\000\000\000\000\000\000\000\000\000\000"
  69      00000000 
  69      00000000 
  69      00
  70 01ce 0000BFFF 		.ascii	"\000\000\277\377\377\377\377\2434\257\377\377\377\377"
ARM GAS  C:\Users\gx\AppData\Local\Temp\ccQoZj6B.s 			page 4


  70      FFFFFFA3 
  70      34AFFFFF 
  70      FFFF
  71 01dc FFFFFA5F 		.ascii	"\377\377\372_\377\377\377\377\377\300\000\000\000\000"
  71      FFFFFFFF 
  71      FFC00000 
  71      0000
  72 01ea 00000000 		.ascii	"\000\000\000\000\000\000\000\000\000\000\000\000\000"
  72      00000000 
  72      00000000 
  72      00
  73 01f7 00000000 		.ascii	"\000\000\000\000\000\000\000\000\000\000\000\177\377"
  73      00000000 
  73      0000007F 
  73      FF
  74 0204 FFFFFFFF 		.ascii	"\377\377\377\377\377\377\377\377\377\377\377\377\377"
  74      FFFFFFFF 
  74      FFFFFFFF 
  74      FF
  75 0211 FFFFFFFF 		.ascii	"\377\377\377\377\377\3770\000\000\000\000\000\000\000"
  75      FFFF3000 
  75      00000000 
  75      0000
  76 021f 00000000 		.ascii	"\000\000\000\000\000\000\000\000\000\000\000\000\000"
  76      00000000 
  76      00000000 
  76      00
  77 022c 00000000 		.ascii	"\000\000\000\000\000\000\000\000\015\377\377\377\377"
  77      00000000 
  77      0DFFFFFF 
  77      FF
  78 0239 FFFFFFFF 		.ascii	"\377\377\377\377\377\377\377\377\377\377\377\377\377"
  78      FFFFFFFF 
  78      FFFFFFFF 
  78      FF
  79 0246 FFFFFE00 		.ascii	"\377\377\376\000\000\000\000\001\222\000\000\000\000"
  79      00000001 
  79      92000000 
  79      00
  80 0253 00000000 		.ascii	"\000\000\000\000\000\000\000\000\000\000\000\000\000"
  80      00000000 
  80      00000000 
  80      00
  81 0260 04100000 		.ascii	"\004\020\000\000\000\000\010\377\377\377\377\377\377"
  81      000008FF 
  81      FFFFFFFF 
  81      FF
  82 026d FFFFFFFF 		.ascii	"\377\377\377\377\377\377\377\377\377\377\377\377\377"
  82      FFFFFFFF 
  82      FFFFFFFF 
  82      FF
  83 027a FE000000 		.ascii	"\376\000\000\000\000\216\377\220\000\000\000\000\000"
  83      008EFF90 
  83      00000000 
  83      00
  84 0287 00000000 		.ascii	"\000\000\000\000\000\000\000\000\000\000\000\257\363"
  84      00000000 
ARM GAS  C:\Users\gx\AppData\Local\Temp\ccQoZj6B.s 			page 5


  84      000000AF 
  84      F3
  85 0294 00000000 		.ascii	"\000\000\000\000\015\377\377\377\377\377\377\377\377"
  85      0DFFFFFF 
  85      FFFFFFFF 
  85      FF
  86 02a1 FFFFFFFF 		.ascii	"\377\377\377\377\377\377\377\377\377\377\377\377\200"
  86      FFFFFFFF 
  86      FFFFFFFF 
  86      80
  87 02ae 00000FFF 		.ascii	"\000\000\017\377\337\373\000\000\000\000\000\000\000"
  87      DFFB0000 
  87      00000000 
  87      00
  88 02bb 00000000 		.ascii	"\000\000\000\000\000\000\000\000\014\377\377@\000\000"
  88      00000000 
  88      0CFFFF40 
  88      0000
  89 02c9 008FFFFF 		.ascii	"\000\217\377\377\377\377\377\377\377\377\377\377\377"
  89      FFFFFFFF 
  89      FFFFFFFF 
  89      FF
  90 02d6 FFFFFFFF 		.ascii	"\377\377\377\377\377\377\377\377\377\370\000\000\377"
  90      FFFFFFFF 
  90      FFF80000 
  90      FF
  91 02e3 FFFFFFB0 		.ascii	"\377\377\377\260\000\000\000\000\000\000\000\000\000"
  91      00000000 
  91      00000000 
  91      00
  92 02f0 00000000 		.ascii	"\000\000\000\000\000\317\377\377\373\020\000\177\377"
  92      00CFFFFF 
  92      FB10007F 
  92      FF
  93 02fd FFFFFFFF 		.ascii	"\377\377\377\377\377\377\377\377\377\377\377\377\377"
  93      FFFFFFFF 
  93      FFFFFFFF 
  93      FF
  94 030a FFFFFFFF 		.ascii	"\377\377\377\377\377\377\377\377\366/\377\377\377\377"
  94      FFFFFFFF 
  94      F62FFFFF 
  94      FFFF
  95 0318 FA000000 		.ascii	"\372\000\000\000\000\000\000\000\000\000\000\000\000"
  95      00000000 
  95      00000000 
  95      00
  96 0325 0009FFFF 		.ascii	"\000\011\377\377\377\377\342\007\377\377\377\377\377"
  96      FFFFE207 
  96      FFFFFFFF 
  96      FF
  97 0332 FFFFFFFF 		.ascii	"\377\377\377\377\377\377\377\377\377\377\377\377\377"
  97      FFFFFFFF 
  97      FFFFFFFF 
  97      FF
  98 033f FFFFFFFF 		.ascii	"\377\377\377\377\377\377\377\377\377\377\377\376\000"
  98      FFFFFFFF 
  98      FFFFFFFE 
ARM GAS  C:\Users\gx\AppData\Local\Temp\ccQoZj6B.s 			page 6


  98      00
  99 034c 00000000 		.ascii	"\000\000\000\000\000\000\000\000\000\000\000\000\015"
  99      00000000 
  99      00000000 
  99      0D
 100 0359 FFFFFFFF 		.ascii	"\377\377\377\377\377\377\377\377\377\377\377\377\377"
 100      FFFFFFFF 
 100      FFFFFFFF 
 100      FF
 101 0366 FFFFFFFF 		.ascii	"\377\377\377\377\377\377\377\377\377\377\377\377\377"
 101      FFFFFFFF 
 101      FFFFFFFF 
 101      FF
 102 0373 FFFFFFFF 		.ascii	"\377\377\377\377\377\377\377\377\377\373\000\000\000"
 102      FFFFFFFF 
 102      FFFB0000 
 102      00
 103 0380 00000000 		.ascii	"\000\000\000\000\000\000\000\000\000\000\014\377\377"
 103      00000000 
 103      00000CFF 
 103      FF
 104 038d FFFFFFFF 		.ascii	"\377\377\377\377\377\377\377\377\377\377\377\377\377"
 104      FFFFFFFF 
 104      FFFFFFFF 
 104      FF
 105 039a FFFFFFFF 		.ascii	"\377\377\377\377\377\377\377\377\377\377\377\377\377"
 105      FFFFFFFF 
 105      FFFFFFFF 
 105      FF
 106 03a7 FFFFFFFF 		.ascii	"\377\377\377\377\377\377\377\373\000\000\000\000\000"
 106      FFFFFFFB 
 106      00000000 
 106      00
 107 03b4 00000000 		.ascii	"\000\000\000\000\000\000\000\000\006\377\377\377\377"
 107      00000000 
 107      06FFFFFF 
 107      FF
 108 03c1 FFFFFFFF 		.ascii	"\377\377\377\377\377\377\377\377\377\377\377\377\377"
 108      FFFFFFFF 
 108      FFFFFFFF 
 108      FF
 109 03ce FFFFFFFF 		.ascii	"\377\377\377\377\377\377\377\377\377\377\377\377\377"
 109      FFFFFFFF 
 109      FFFFFFFF 
 109      FF
 110 03db FFFFFFFF 		.ascii	"\377\377\377\377\377\362\000\000\000\000\000\000\000"
 110      FFF20000 
 110      00000000 
 110      00
 111 03e8 00000000 		.ascii	"\000\000\000\000\000\000\000\217\377\377\377\377\377"
 111      0000008F 
 111      FFFFFFFF 
 111      FF
 112 03f5 FFFFFFFF 		.ascii	"\377\377\377\377\377\377\377\377\377\377\377\377\377"
 112      FFFFFFFF 
 112      FFFFFFFF 
 112      FF
ARM GAS  C:\Users\gx\AppData\Local\Temp\ccQoZj6B.s 			page 7


 113 0402 FFFFFFFF 		.ascii	"\377\377\377\377\377\377\377\377\377\377\377\377\377"
 113      FFFFFFFF 
 113      FFFFFFFF 
 113      FF
 114 040f FFFFFFD0 		.ascii	"\377\377\377\320\000\000\000\000\000\000\000\000\000"
 114      00000000 
 114      00000000 
 114      00
 115 041c 00000000 		.ascii	"\000\000\000\000\000\010\377\377\377\377\377\377\377"
 115      0008FFFF 
 115      FFFFFFFF 
 115      FF
 116 0429 FFFFFFFF 		.ascii	"\377\377\377\377\377\377\371\022\377\377\377\377\366"
 116      FFFFF912 
 116      FFFFFFFF 
 116      F6
 117 0436 113FFFFF 		.ascii	"\021?\377\377\377\377\377\377\377\377\377\377\377\377"
 117      FFFFFFFF 
 117      FFFFFFFF 
 117      FFFF
 118 0444 10000000 		.ascii	"\020\000\000\000\000\000\000\000\000\000\000\000\000"
 118      00000000 
 118      00000000 
 118      00
 119 0451 000001FF 		.ascii	"\000\000\001\377\377\377\377\377\377\377\377\377\377"
 119      FFFFFFFF 
 119      FFFFFFFF 
 119      FF
 120 045e FFFFF200 		.ascii	"\377\377\362\000\000\377\377\377\377\260\000\000?\377"
 120      00FFFFFF 
 120      FFB00000 
 120      3FFF
 121 046c FFFFFFFF 		.ascii	"\377\377\377\377\377\377\377\377\377\371\000\000\000"
 121      FFFFFFFF 
 121      FFF90000 
 121      00
 122 0479 00000000 		.ascii	"\000\000\000\000\000\000\000\000\000\000\000\000\000"
 122      00000000 
 122      00000000 
 122      00
 123 0486 2FFFFFFF 		.ascii	"/\377\377\377\377\377\377\377\377\377\377P\000\000\000"
 123      FFFFFFFF 
 123      FFFFFF50 
 123      000000
 124 0495 FFFFFFFF 		.ascii	"\377\377\377\377\020\000\000\000\004\377\377\377\377"
 124      10000000 
 124      04FFFFFF 
 124      FF
 125 04a2 FFFFFFFF 		.ascii	"\377\377\377\377\377\360\000\000\000\000\000\000\000"
 125      FFF00000 
 125      00000000 
 125      00
 126 04af 00000000 		.ascii	"\000\000\000\000\000\000\000\000\000\017\377\377\377"
 126      00000000 
 126      000FFFFF 
 126      FF
 127 04bc FFFFFFFF 		.ascii	"\377\377\377\377\377\377@\000\000\000\000\377\377\377"
ARM GAS  C:\Users\gx\AppData\Local\Temp\ccQoZj6B.s 			page 8


 127      FFFF4000 
 127      000000FF 
 127      FFFF
 128 04ca FF000000 		.ascii	"\377\000\000\000\000\000\005\377\377\377\377\377\377"
 128      000005FF 
 128      FFFFFFFF 
 128      FF
 129 04d7 FFFFF000 		.ascii	"\377\377\360\000\000\000\000\000\000\000\000\000\000"
 129      00000000 
 129      00000000 
 129      00
 130 04e4 00000000 		.ascii	"\000\000\000\000\000\000\237\377\377\377\377\377\377"
 130      00009FFF 
 130      FFFFFFFF 
 130      FF
 131 04f1 FFFFF400 		.ascii	"\377\377\364\000\000\000\000\000\377\377\377\377\000"
 131      00000000 
 131      FFFFFFFF 
 131      00
 132 04fe 00000000 		.ascii	"\000\000\000\000\000o\377\377\377\377\377\377\377\373"
 132      006FFFFF 
 132      FFFFFFFF 
 132      FFFB
 133 050c 00000000 		.ascii	"\000\000\000\000\000\000\000\000\000\000\000\000\000"
 133      00000000 
 133      00000000 
 133      00
 134 0519 000001FF 		.ascii	"\000\000\001\377\377\377\377\377\377\377\377\370\000"
 134      FFFFFFFF 
 134      FFFFFFF8 
 134      00
 135 0526 00000000 		.ascii	"\000\000\000\000\000\377\377\377\377\000\000\000\000"
 135      00FFFFFF 
 135      FF000000 
 135      00
 136 0533 000001CF 		.ascii	"\000\000\001\317\377\377\377\377\377\377\377\000\000"
 136      FFFFFFFF 
 136      FFFFFF00 
 136      00
 137 0540 04778200 		.ascii	"\004w\202\000\000\000\000\000\000\000\000\000\000\013"
 137      00000000 
 137      00000000 
 137      000B
 138 054e FFFFFFFF 		.ascii	"\377\377\377\377\377\377\377\377@\000\000\000\000\000"
 138      FFFFFFFF 
 138      40000000 
 138      0000
 139 055c 00FFFFFF 		.ascii	"\000\377\377\377\377\000\000\000\000\000\000\000\007"
 139      FF000000 
 139      00000000 
 139      07
 140 0569 FFFFFFFF 		.ascii	"\377\377\377\377\377\377\377\250\207\237\377\377\020"
 140      FFFFFFA8 
 140      879FFFFF 
 140      10
 141 0576 00000000 		.ascii	"\000\000\000\000\002\376`\000\000\237\377\377\377\377"
 141      02FE6000 
ARM GAS  C:\Users\gx\AppData\Local\Temp\ccQoZj6B.s 			page 9


 141      009FFFFF 
 141      FFFF
 142 0584 FFFFFFF5 		.ascii	"\377\377\377\365\000\000\000\000\000\000\000\377\377"
 142      00000000 
 142      000000FF 
 142      FF
 143 0591 FFFF0000 		.ascii	"\377\377\000\000\000\000\000\000\000\000\177\377\377"
 143      00000000 
 143      00007FFF 
 143      FF
 144 059e FFFFFFFF 		.ascii	"\377\377\377\377\377\377\377\356\357\360\000\000\000"
 144      FFFFFFEE 
 144      EFF00000 
 144      00
 145 05ab 001FFFFE 		.ascii	"\000\037\377\376\314\255\377\377\377\377\377\377\377"
 145      CCADFFFF 
 145      FFFFFFFF 
 145      FF
 146 05b8 FF400000 		.ascii	"\377@\000\000\000\000\000\000\000\377\377\377\377\000"
 146      00000000 
 146      00FFFFFF 
 146      FF00
 147 05c6 00000000 		.ascii	"\000\000\000\000\000\000\000\007\377\377\377\377\377"
 147      00000007 
 147      FFFFFFFF 
 147      FF
 148 05d3 FFFFFFFF 		.ascii	"\377\377\377\377\377\377\361\000\000\000\000_\377\377"
 148      FFFFF100 
 148      0000005F 
 148      FFFF
 149 05e1 FFFFFFFF 		.ascii	"\377\377\377\377\377\377\377\377\377\365\000\000\000"
 149      FFFFFFFF 
 149      FFF50000 
 149      00
 150 05ee 00000000 		.ascii	"\000\000\000\000\000\377\377\377\377\000\000\000\000"
 150      00FFFFFF 
 150      FF000000 
 150      00
 151 05fb 00000000 		.ascii	"\000\000\000\000\000\177\377\377\377\377\377\377\377"
 151      007FFFFF 
 151      FFFFFFFF 
 151      FF
 152 0608 FFFFFFF8 		.ascii	"\377\377\377\370\000\000\000\001\377\377\377\377\377"
 152      00000001 
 152      FFFFFFFF 
 152      FF
 153 0615 FFFFFFFF 		.ascii	"\377\377\377\377\377\377\377P\000\000\000\000\000\000"
 153      FFFFFF50 
 153      00000000 
 153      0000
 154 0623 0000FFFF 		.ascii	"\000\000\377\377\377\377\000\000\000\000\000\000\000"
 154      FFFF0000 
 154      00000000 
 154      00
 155 0630 00000FFF 		.ascii	"\000\000\017\377\377\377\377\377\377\377\377\377\377"
 155      FFFFFFFF 
 155      FFFFFFFF 
ARM GAS  C:\Users\gx\AppData\Local\Temp\ccQoZj6B.s 			page 10


 155      FF
 156 063d FF000000 		.ascii	"\377\000\000\000\001\377\377\377\377\377\377\377\377"
 156      01FFFFFF 
 156      FFFFFFFF 
 156      FF
 157 064a FFFFFFF8 		.ascii	"\377\377\377\370\000\000\000\000\000\000\000\000\000"
 157      00000000 
 157      00000000 
 157      00
 158 0657 FFFFFFFF 		.ascii	"\377\377\377\377\000\000\000\000\000\000\000\000\000"
 158      00000000 
 158      00000000 
 158      00
 159 0664 02FFFFFF 		.ascii	"\002\377\377\377\377\377\377\377\377\377\377\377\000"
 159      FFFFFFFF 
 159      FFFFFFFF 
 159      00
 160 0671 000007FF 		.ascii	"\000\000\007\377\377\377\377\377\377\377\377\377\377"
 160      FFFFFFFF 
 160      FFFFFFFF 
 160      FF
 161 067e FFF00000 		.ascii	"\377\360\000\000\000\000\000\000\000\000\000\377\377"
 161      00000000 
 161      000000FF 
 161      FF
 162 068b FFFF0000 		.ascii	"\377\377\000\000\000\000\000\000\000\000\000\000O\377"
 162      00000000 
 162      00000000 
 162      4FFF
 163 0699 FFFFFFFF 		.ascii	"\377\377\377\377\377\377\377\377\377\000\000\000\007"
 163      FFFFFFFF 
 163      FF000000 
 163      07
 164 06a6 FFFFFFFF 		.ascii	"\377\377\377\377\377\377\377\377\377\377\3770\000\000"
 164      FFFFFFFF 
 164      FFFFFF30 
 164      0000
 165 06b4 00000000 		.ascii	"\000\000\000\000\000\000\000\377\377\377\377\000\000"
 165      000000FF 
 165      FFFFFF00 
 165      00
 166 06c1 00000000 		.ascii	"\000\000\000\000\000\000\000\000\017\377\377\377\377"
 166      00000000 
 166      0FFFFFFF 
 166      FF
 167 06ce FFFFFFFF 		.ascii	"\377\377\377\377\377\364\000\000\000\000\237\377\377"
 167      FFF40000 
 167      00009FFF 
 167      FF
 168 06db FFFFFFFF 		.ascii	"\377\377\377\377\377\377\377\364\000\000\000\000\000"
 168      FFFFFFF4 
 168      00000000 
 168      00
 169 06e8 00000000 		.ascii	"\000\000\000\000\002\377\377\377\3770\000\000\000\000"
 169      02FFFFFF 
 169      FF300000 
 169      0000
ARM GAS  C:\Users\gx\AppData\Local\Temp\ccQoZj6B.s 			page 11


 170 06f6 00000000 		.ascii	"\000\000\000\000\000\002\377\377\377\377\377\377\377"
 170      0002FFFF 
 170      FFFFFFFF 
 170      FF
 171 0703 FFFA2000 		.ascii	"\377\372 \000\000\000\000\004\337\377\377\377\377\377"
 171      00000004 
 171      DFFFFFFF 
 171      FFFF
 172 0711 FFFFFFF0 		.ascii	"\377\377\377\360\000\000\000\000\000\000\000\000\001"
 172      00000000 
 172      00000000 
 172      01
 173 071e 4FFFFFFF 		.ascii	"O\377\377\377\377\364\000\000\000\000\000\000\000\000"
 173      FFF40000 
 173      00000000 
 173      0000
 174 072c 0000AFFF 		.ascii	"\000\000\257\377\377\377\377\377\377\377\200\000\000"
 174      FFFFFFFF 
 174      FFFF8000 
 174      00
 175 0739 00000000 		.ascii	"\000\000\000\000\007\377\377\377\377\377\377\377\377"
 175      07FFFFFF 
 175      FFFFFFFF 
 175      FF
 176 0746 40000000 		.ascii	"@\000\000\000\000\000\000\000\000/\377\377\377\377\377"
 176      00000000 
 176      002FFFFF 
 176      FFFFFF
 177 0755 FFF10000 		.ascii	"\377\361\000\000\000\000\000\000\000\000\000\037\377"
 177      00000000 
 177      0000001F 
 177      FF
 178 0762 FFFFFFFF 		.ascii	"\377\377\377\377\377\370\000\000\000\000\000\000\000"
 178      FFF80000 
 178      00000000 
 178      00
 179 076f 0017FFFF 		.ascii	"\000\027\377\377\377\377\377\377\377\000\000\000\000"
 179      FFFFFFFF 
 179      FF000000 
 179      00
 180 077c 00000000 		.ascii	"\000\000\000\000\030\377\377\377\377\377\377\377\377"
 180      18FFFFFF 
 180      FFFFFFFF 
 180      FF
 181 0789 51000000 		.ascii	"Q\000\000\000\000\000\000\000\000\006\377\377\377\377"
 181      00000000 
 181      0006FFFF 
 181      FFFF
 182 0797 FFFF8000 		.ascii	"\377\377\200\000\000\000\000\000\000\000\000\004\377"
 182      00000000 
 182      00000004 
 182      FF
 183 07a4 FFFFFFFF 		.ascii	"\377\377\377\377\377\373\000\000\000\000\000\000\000"
 183      FFFB0000 
 183      00000000 
 183      00
 184 07b1 01FFFFFF 		.ascii	"\001\377\377\377\377\377\377\377\377\357\377\020\000"
ARM GAS  C:\Users\gx\AppData\Local\Temp\ccQoZj6B.s 			page 12


 184      FFFFFFFF 
 184      FFEFFF10 
 184      00
 185 07be 00000000 		.ascii	"\000\000\000\000\000\000\001\377\377\377\377\377\377"
 185      000001FF 
 185      FFFFFFFF 
 185      FF
 186 07cb 30000000 		.ascii	"0\000\000\000\000"
 186      00
 187 07d0 00000000 		.ascii	"\000\000\000\000\004\377\377\377\377\377\377\362\000"
 187      04FFFFFF 
 187      FFFFFFF2 
 187      00
 188 07dd 00000000 		.ascii	"\000\000\000\000\000\000\016\376\377\377\377\377\377"
 188      00000EFE 
 188      FFFFFFFF 
 188      FF
 189 07ea FFFFFFDF 		.ascii	"\377\377\377\337\260\000\000\000\000\000\000\000\001"
 189      B0000000 
 189      00000000 
 189      01
 190 07f7 FFFFFFFF 		.ascii	"\377\377\377\377\377\377\220\000\000\000\000\000\000"
 190      FFFF9000 
 190      00000000 
 190      00
 191 0804 000004FF 		.ascii	"\000\000\004\377\377\377\377\377\377\300\000\000\000"
 191      FFFFFFFF 
 191      FFC00000 
 191      00
 192 0811 00000000 		.ascii	"\000\000\000\000\237\377\334\377\377\377\377\377\377"
 192      9FFFDCFF 
 192      FFFFFFFF 
 192      FF
 193 081e ECFFF400 		.ascii	"\354\377\364\000\000\000\000\000\000\000\000?\377\377"
 193      00000000 
 193      0000003F 
 193      FFFF
 194 082c FFFFFFF1 		.ascii	"\377\377\377\361\000\000\000\000\000\000\000\000\007"
 194      00000000 
 194      00000000 
 194      07
 195 0839 FFFFFFFF 		.ascii	"\377\377\377\377\377\3770\000\000\000\000\000\000\003"
 195      FFFF3000 
 195      00000000 
 195      0003
 196 0847 FFFD000F 		.ascii	"\377\375\000\017\376\253\272\357\373\000\317\377 \000"
 196      FEABBAEF 
 196      FB00CFFF 
 196      2000
 197 0855 00000000 		.ascii	"\000\000\000\000\000\000\037\377\377\377\377\377\363"
 197      00001FFF 
 197      FFFFFFFF 
 197      F3
 198 0862 00000000 		.ascii	"\000\000\000\000\000\000\000\000\036\377\377\377\377"
 198      00000000 
 198      1EFFFFFF 
 198      FF
ARM GAS  C:\Users\gx\AppData\Local\Temp\ccQoZj6B.s 			page 13


 199 086f FFFF2000 		.ascii	"\377\377 \000\000\000\000\000\000/\377\375\000\001p"
 199      00000000 
 199      002FFFFD 
 199      000170
 200 087e 00000730 		.ascii	"\000\000\0070\000\337\377\300\000\000\000\000\000\000"
 200      00DFFFC0 
 200      00000000 
 200      0000
 201 088c 001FFFFF 		.ascii	"\000\037\377\377\377\377\377\377 \000\000\000\000\000"
 201      FFFFFFFF 
 201      20000000 
 201      0000
 202 089a 00004FFF 		.ascii	"\000\000O\377\377\377\377\377\377\020\000\000\000\000"
 202      FFFFFFFF 
 202      FF100000 
 202      0000
 203 08a8 00003FFF 		.ascii	"\000\000?\377\377`\000\000\000\000\000\000\010\377\377"
 203      FF600000 
 203      00000000 
 203      08FFFF
 204 08b7 F3000000 		.ascii	"\363\000\000\000\000\000\000\000\017\377\377\377\377"
 204      00000000 
 204      0FFFFFFF 
 204      FF
 205 08c4 FFFFFDDD 		.ascii	"\377\377\375\335\376\000\000\001\001[\377\377\377\377"
 205      FE000001 
 205      015BFFFF 
 205      FFFF
 206 08d2 FFFFFF40 		.ascii	"\377\377\377@\000\000\000\000\000\001\217\377\377\361"
 206      00000000 
 206      00018FFF 
 206      FFF1
 207 08e0 00000000 		.ascii	"\000\000\000\000\000\000\017\377\377\373\020\000\000"
 207      00000FFF 
 207      FFFB1000 
 207      00
 208 08ed 00000000 		.ascii	"\000\000\000\000?\377\377\377\377\377\377\377\377\377"
 208      3FFFFFFF 
 208      FFFFFFFF 
 208      FFFF
 209 08fb E002DFFF 		.ascii	"\340\002\337\377\377\377\377\377\377\377\377\377\371"
 209      FFFFFFFF 
 209      FFFFFFFF 
 209      F9
 210 0908 68888888 		.ascii	"h\210\210\210\207\257\377\377\377\366\000\000\000\000"
 210      87AFFFFF 
 210      FFF60000 
 210      0000
 211 0916 00001FFF 		.ascii	"\000\000\037\377\377\377\377\377\377\377\377\377\377"
 211      FFFFFFFF 
 211      FFFFFFFF 
 211      FF
 212 0923 FFFFFFFF 		.ascii	"\377\377\377\377\377\377\377\377\377\377\360\017\377"
 212      FFFFFFFF 
 212      FFFFF00F 
 212      FF
 213 0930 FFFFFFFF 		.ascii	"\377\377\377\377\377\377\377\377\377\377\377\377\377"
ARM GAS  C:\Users\gx\AppData\Local\Temp\ccQoZj6B.s 			page 14


 213      FFFFFFFF 
 213      FFFFFFFF 
 213      FF
 214 093d FFFFFFFF 		.ascii	"\377\377\377\377\377\377\363\000\000\000\000\000\000"
 214      FFFFF300 
 214      00000000 
 214      00
 215 094a 0BFFFFFF 		.ascii	"\013\377\377\377\377\377\377\377\377\377\377\377\377"
 215      FFFFFFFF 
 215      FFFFFFFF 
 215      FF
 216 0957 FFFFFFFF 		.ascii	"\377\377\377\377\377\377\377\377\343_\377\377\377\377"
 216      FFFFFFFF 
 216      E35FFFFF 
 216      FFFF
 217 0965 FFFFFFFF 		.ascii	"\377\377\377\377\377\377\377\377\377\377\377\377\377"
 217      FFFFFFFF 
 217      FFFFFFFF 
 217      FF
 218 0972 FFFFFFF2 		.ascii	"\377\377\377\362\000\000\000\000\000\000\013\377\377"
 218      00000000 
 218      00000BFF 
 218      FF
 219 097f FFFFFFFF 		.ascii	"\377\377\377\377\377\377\377\377\377\377\377\377\377"
 219      FFFFFFFF 
 219      FFFFFFFF 
 219      FF
 220 098c FFFFFFFF 		.ascii	"\377\377\377\377\377\372o\377\377\377\377\377\377\377"
 220      FFFA6FFF 
 220      FFFFFFFF 
 220      FFFF
 221 099a FFFFFFFF 		.ascii	"\377\377\377\377\377\377\377\377\377\377\377\377\377"
 221      FFFFFFFF 
 221      FFFFFFFF 
 221      FF
 222 09a7 F2000000 		.ascii	"\362\000\000\000\000\000\000\013\377\377\377\377\377"
 222      0000000B 
 222      FFFFFFFF 
 222      FF
 223 09b4 FFFFFFFF 		.ascii	"\377\377\377\377\377\377\377\377\377\377\377\377\377"
 223      FFFFFFFF 
 223      FFFFFFFF 
 223      FF
 224 09c1 FFFFFF3E 		.ascii	"\377\377\377>\377\377\377\377\377\377\377\377\377\377"
 224      FFFFFFFF 
 224      FFFFFFFF 
 224      FFFF
 225 09cf FFFFFFFF 		.ascii	"\377\377\377\377\377\377\377\377\377\377\362\000\000"
 225      FFFFFFFF 
 225      FFFFF200 
 225      00
 226 09dc 00000000 		.ascii	"\000\000\000\000\013\377\377\377\377\377\377\377\377"
 226      0BFFFFFF 
 226      FFFFFFFF 
 226      FF
 227 09e9 FFFFFFFF 		.ascii	"\377\377\377\377\377\377\377\377\377\377\377\377\377"
 227      FFFFFFFF 
ARM GAS  C:\Users\gx\AppData\Local\Temp\ccQoZj6B.s 			page 15


 227      FFFFFFFF 
 227      FF
 228 09f6 3EFFFFFF 		.ascii	">\377\377\377\377\377\377\377\377\377\377\377\377\377"
 228      FFFFFFFF 
 228      FFFFFFFF 
 228      FFFF
 229 0a04 FFFFFFFF 		.ascii	"\377\377\377\377\377\377\377\362\000\000\000\000\000"
 229      FFFFFFF2 
 229      00000000 
 229      00
 230 0a11 000BFFFF 		.ascii	"\000\013\377\377\377\377\377\377\377\377\377\377\377"
 230      FFFFFFFF 
 230      FFFFFFFF 
 230      FF
 231 0a1e FFFFFFFF 		.ascii	"\377\377\377\377\377\377\377\377\377\370/\377\377\377"
 231      FFFFFFFF 
 231      FFF82FFF 
 231      FFFF
 232 0a2c FFFFFFFF 		.ascii	"\377\377\377\377\377\377\377\377\377\377\377\377\377"
 232      FFFFFFFF 
 232      FFFFFFFF 
 232      FF
 233 0a39 FFFFFFFF 		.ascii	"\377\377\377\377\363\000\000\000\000\000\000\015\377"
 233      F3000000 
 233      0000000D 
 233      FF
 234 0a46 FFFFFFFF 		.ascii	"\377\377\377\377\377\377\377\377\377\377\377\377\377"
 234      FFFFFFFF 
 234      FFFFFFFF 
 234      FF
 235 0a53 FFFFFFFF 		.ascii	"\377\377\377\377\377\377\360\017\377\377\377\377\377"
 235      FFFFF00F 
 235      FFFFFFFF 
 235      FF
 236 0a60 FFFFFFFF 		.ascii	"\377\377\377\377\377\377\225UfUe\237\377\377\377\367"
 236      FFFF9555 
 236      6655659F 
 236      FFFFFFF7 
 237 0a70 00000000 		.ascii	"\000\000\000\000\000\000O\377\377\377\377\377\227\210"
 237      00004FFF 
 237      FFFFFFFF 
 237      9788
 238 0a7e 88878DFF 		.ascii	"\210\207\215\377\377\377\377\377\377\377\377\366\020"
 238      FFFFFFFF 
 238      FFFFFFF6 
 238      10
 239 0a8b 0001AFFF 		.ascii	"\000\001\257\377\377\377\377\377\377\377\377\377\221"
 239      FFFFFFFF 
 239      FFFFFFFF 
 239      91
 240 0a98 00000000 		.ascii	"\000\000\000\000\000\001\177\377\377\364\000\000\000"
 240      00017FFF 
 240      FFF40000 
 240      00
 241 0aa5 0000000F 		.ascii	"\000\000\000\017\377\377\377\362\000\000\000\000\000"
 241      FFFFFFF2 
 241      00000000 
ARM GAS  C:\Users\gx\AppData\Local\Temp\ccQoZj6B.s 			page 16


 241      00
 242 0ab2 003FFFFF 		.ascii	"\000?\377\377\377\377\377\377\363\000\000\000\000\000"
 242      FFFFFFFF 
 242      F3000000 
 242      0000
 243 0ac0 0019FFFF 		.ascii	"\000\031\377\377\377\377\377\377\377 \000\000\000\000"
 243      FFFFFFFF 
 243      FF200000 
 243      0000
 244 0ace 00004FFF 		.ascii	"\000\000O\377\377\260\000\000\000\000\000\000\003\377"
 244      FFB00000 
 244      00000000 
 244      03FF
 245 0adc FFFF3000 		.ascii	"\377\3770\000\000\000\000\000\000\037\377\377\377\377"
 245      00000000 
 245      001FFFFF 
 245      FFFF
 246 0aea FFFF3000 		.ascii	"\377\3770\000\000\000\000\000\000\000_\377\377\377\377"
 246      00000000 
 246      00005FFF 
 246      FFFFFF
 247 0af9 FFFF2000 		.ascii	"\377\377 \000\000\000\000\000\000/\377\377 \007\344"
 247      00000000 
 247      002FFFFF 
 247      2007E4
 248 0b08 00002920 		.ascii	"\000\000) \000\337\377\363\000\000\000\000\000\000\000"
 248      00DFFFF3 
 248      00000000 
 248      000000
 249 0b17 1FFFFFFF 		.ascii	"\037\377\377\377\377\377\377\020\000\000\000\000\000"
 249      FFFFFF10 
 249      00000000 
 249      00
 250 0b24 000007FF 		.ascii	"\000\000\007\377\377\377\377\377\377 \000\000\000\000"
 250      FFFFFFFF 
 250      FF200000 
 250      0000
 251 0b32 000004FF 		.ascii	"\000\000\004\377\377P/\377\273\313\377\363\000\337\377"
 251      FF502FFF 
 251      BBCBFFF3 
 251      00DFFF
 252 0b41 40000000 		.ascii	"@\000\000\000\000\000\000\000O\377\377\377\377\377\377"
 252      00000000 
 252      4FFFFFFF 
 252      FFFFFF
 253 0b50 10000000 		.ascii	"\020\000\000\000\000\000\000\000\004\377\377\377\377"
 253      00000000 
 253      04FFFFFF 
 253      FF
 254 0b5d FFFF2000 		.ascii	"\377\377 \000\000\000\000\000\000\000o\377\376\377\377"
 254      00000000 
 254      00006FFF 
 254      FEFFFF
 255 0b6c FFFFFFFF 		.ascii	"\377\377\377\377\335\377\370\000\000\000\000\000\000"
 255      DDFFF800 
 255      00000000 
 255      00
ARM GAS  C:\Users\gx\AppData\Local\Temp\ccQoZj6B.s 			page 17


 256 0b79 0001FFFF 		.ascii	"\000\001\377\377\377\377\377\377\365\000\000\000\000"
 256      FFFFFFFF 
 256      F5000000 
 256      00
 257 0b86 00000000 		.ascii	"\000\000\000\000\005\377\377\377\377\377\377 \000\000"
 257      05FFFFFF 
 257      FFFFFF20 
 257      0000
 258 0b94 00000000 		.ascii	"\000\000\000\000\000\010\376\377\377\377\377\377\377"
 258      0008FEFF 
 258      FFFFFFFF 
 258      FF
 259 0ba1 FFFFEF60 		.ascii	"\377\377\357`\000\000\000\000\000\000\000\001\377\377"
 259      00000000 
 259      00000001 
 259      FFFF
 260 0baf FFFFFFFF 		.ascii	"\377\377\377\377\362\000\000\000\000\000\000\000\000"
 260      F2000000 
 260      00000000 
 260      00
 261 0bbc 03FFFFFF 		.ascii	"\003\377\377\377\377\377\377\240\000\000\000\000\000"
 261      FFFFFFA0 
 261      00000000 
 261      00
 262 0bc9 000001EF 		.ascii	"\000\000\001\357\377\377\377\377\377\377\377\377\375"
 262      FFFFFFFF 
 262      FFFFFFFF 
 262      FD
 263 0bd6 00000000 		.ascii	"\000\000\000\000\000\000\000\000\002\377\377\377\377"
 263      00000000 
 263      02FFFFFF 
 263      FF
 264 0be3 FFFFF600 		.ascii	"\377\377\366\000\000\000\000\000\000\000\000\003\377"
 264      00000000 
 264      00000003 
 264      FF
 265 0bf0 FFFFFFFF 		.ascii	"\377\377\377\377\377\363\000\000\000\000\000\000\000"
 265      FFF30000 
 265      00000000 
 265      00
 266 0bfd 0026FFFF 		.ascii	"\000&\377\377\377\377\377\377\377\377q\000\000\000\000"
 266      FFFFFFFF 
 266      FFFF7100 
 266      000000
 267 0c0c 00000000 		.ascii	"\000\000\000\000\017\377\377\377\377\377\377\377P\000"
 267      0FFFFFFF 
 267      FFFFFFFF 
 267      5000
 268 0c1a 00000000 		.ascii	"\000\000\000\000\000\000)\377\377\377\377\377\377\376"
 268      000029FF 
 268      FFFFFFFF 
 268      FFFE
 269 0c28 10000000 		.ascii	"\020\000\000\000\000\000\000\000\000:\377\377\377\377"
 269      00000000 
 269      003AFFFF 
 269      FFFF
 270 0c36 FFFFF400 		.ascii	"\377\377\364\000\000\000\000\000\000\000\000\000?\377"
ARM GAS  C:\Users\gx\AppData\Local\Temp\ccQoZj6B.s 			page 18


 270      00000000 
 270      00000000 
 270      3FFF
 271 0c44 FFFFFFFF 		.ascii	"\377\377\377\377\377\377\377\201\000\000\000\000\000"
 271      FFFFFF81 
 271      00000000 
 271      00
 272 0c51 19FFFFFF 		.ascii	"\031\377\377\377\377\377\377\377\377\020\000\000\000"
 272      FFFFFFFF 
 272      FF100000 
 272      00
 273 0c5e 00000000 		.ascii	"\000\000\000\000\000\0006\377\377\377\377\377@\000\000"
 273      000036FF 
 273      FFFFFFFF 
 273      400000
 274 0c6d 00000000 		.ascii	"\000\000\000\000\000\000\000\377\377\377\377\377\377"
 274      000000FF 
 274      FFFFFFFF 
 274      FF
 275 0c7a FFFFFFFF 		.ascii	"\377\377\377\377\000\000\000\000\005\377\377\377\377"
 275      00000000 
 275      05FFFFFF 
 275      FF
 276 0c87 FFFFFFFF 		.ascii	"\377\377\377\377\377`\000\000\000\000\000\000\000\000"
 276      FF600000 
 276      00000000 
 276      0000
 277 0c95 0000FFFF 		.ascii	"\000\000\377\377\377\377\364\000\000\000\000\000\000"
 277      FFFFF400 
 277      00000000 
 277      00
 278 0ca2 00000004 		.ascii	"\000\000\000\004\377\377\377\377\377\377\377\377\377"
 278      FFFFFFFF 
 278      FFFFFFFF 
 278      FF
 279 0caf FF500000 		.ascii	"\377P\000\000\000\217\377\377\377\377\377\377\377\377"
 279      008FFFFF 
 279      FFFFFFFF 
 279      FFFF
 280 0cbd FFF10000 		.ascii	"\377\361\000\000\000\000\000\000\000\000\000\001\377"
 280      00000000 
 280      00000001 
 280      FF
 281 0cca FFFFFFC0 		.ascii	"\377\377\377\300\000\000\000\000\000\000\000\000\000"
 281      00000000 
 281      00000000 
 281      00
 282 0cd7 0FFFFFFF 		.ascii	"\017\377\377\377\377\377\377\377\377\377\377\360\000"
 282      FFFFFFFF 
 282      FFFFFFF0 
 282      00
 283 0ce4 0001FFFF 		.ascii	"\000\001\377\377\377\377\377\377\377\377\377\377\367"
 283      FFFFFFFF 
 283      FFFFFFFF 
 283      F7
 284 0cf1 00000000 		.ascii	"\000\000\000\000\000\000\000\000\000\001\377\377\377"
 284      00000000 
ARM GAS  C:\Users\gx\AppData\Local\Temp\ccQoZj6B.s 			page 19


 284      0001FFFF 
 284      FF
 285 0cfe FF200000 		.ascii	"\377 \000\000\000\000\000\000\000\000\000_\377\377\377"
 285      00000000 
 285      0000005F 
 285      FFFFFF
 286 0d0d FFFFFFFF 		.ascii	"\377\377\377\377\377\377\377\320\000\000\001\377\377"
 286      FFFFFFD0 
 286      000001FF 
 286      FF
 287 0d1a FFFFFFFF 		.ascii	"\377\377\377\377\377\377\377\377\377p\000\000\000\000"
 287      FFFFFFFF 
 287      FF700000 
 287      0000
 288 0d28 00000000 		.ascii	"\000\000\000\000\001\377\377\377\377\000\000\000\000"
 288      01FFFFFF 
 288      FF000000 
 288      00
 289 0d35 00000000 		.ascii	"\000\000\000\000\000\004\377\377\377\377\377\377\377"
 289      0004FFFF 
 289      FFFFFFFF 
 289      FF
 290 0d42 FFFFFFFF 		.ascii	"\377\377\377\377P\000\000\000\217\377\377\377\377\377"
 290      50000000 
 290      8FFFFFFF 
 290      FFFF
 291 0d50 FFFFFFFF 		.ascii	"\377\377\377\377\377\367\000\000\000\000\000\000\000"
 291      FFF70000 
 291      00000000 
 291      00
 292 0d5d 0001FFFF 		.ascii	"\000\001\377\377\377\377\020\000\000\000\000\000\000"
 292      FFFF1000 
 292      00000000 
 292      00
 293 0d6a 00003FFF 		.ascii	"\000\000?\377\377\377\377\377\377\377\377\377\377\377"
 293      FFFFFFFF 
 293      FFFFFFFF 
 293      FFFF
 294 0d78 10000000 		.ascii	"\020\000\000\000/\377\377\377\377\377\377\377\377\377"
 294      2FFFFFFF 
 294      FFFFFFFF 
 294      FFFF
 295 0d86 FFFF0000 		.ascii	"\377\377\000\000\000\000\000\000\000\000\001\377\377"
 295      00000000 
 295      000001FF 
 295      FF
 296 0d93 FFFF1000 		.ascii	"\377\377\020\000\000\000\000\000\000\000\000\357\377"
 296      00000000 
 296      000000EF 
 296      FF
 297 0da0 FFFFFFFF 		.ascii	"\377\377\377\377\377\377\377\377\377\377\000\000\000"
 297      FFFFFFFF 
 297      FFFF0000 
 297      00
 298 0dad 001FFFFF 		.ascii	"\000\037\377\377\377\377\377\377\377\377\377\377\377"
 298      FFFFFFFF 
 298      FFFFFFFF 
ARM GAS  C:\Users\gx\AppData\Local\Temp\ccQoZj6B.s 			page 20


 298      FF
 299 0dba 90000000 		.ascii	"\220\000\000\000\000\000\000\000\001\377\377\377\377"
 299      00000000 
 299      01FFFFFF 
 299      FF
 300 0dc7 10000000 		.ascii	"\020\000\000\000\000\000\000\000\010\377\377\377\377"
 300      00000000 
 300      08FFFFFF 
 300      FF
 301 0dd4 FFFFFFFE 		.ascii	"\377\377\377\376S\315\315\361\000\000\000\000\002\377"
 301      53CDCDF1 
 301      00000000 
 301      02FF
 302 0de2 FFFFECFF 		.ascii	"\377\377\354\377\377\377\377\377\377\377\374 \000\000"
 302      FFFFFFFF 
 302      FFFFFC20 
 302      0000
 303 0df0 00000000 		.ascii	"\000\000\000\000\001\377\377\377\377\020\000\000\000"
 303      01FFFFFF 
 303      FF100000 
 303      00
 304 0dfd 00000001 		.ascii	"\000\000\000\001\317\377\377\377\377\377\377\377\240"
 304      CFFFFFFF 
 304      FFFFFFFF 
 304      A0
 305 0e0a 00000000 		.ascii	"\000\000\000\000\000\000\000\000\000+\231\251 \177\377"
 305      00000000 
 305      002B99A9 
 305      207FFF
 306 0e19 FFFFFFFF 		.ascii	"\377\377\377\377\377\377\322\000\000\000\000\000\000"
 306      FFFFD200 
 306      00000000 
 306      00
 307 0e26 01FFFFFF 		.ascii	"\001\377\377\377\377\020\000\000\000\000\000\000\013"
 307      FF100000 
 307      00000000 
 307      0B
 308 0e33 FFFFFFFF 		.ascii	"\377\377\377\377\377\377\377\3770\000\000\000\000\000"
 308      FFFFFFFF 
 308      30000000 
 308      0000
 309 0e41 00000000 		.ascii	"\000\000\000\000\000\000\000\000\002\377\377\377\377"
 309      00000000 
 309      02FFFFFF 
 309      FF
 310 0e4e FFFFFFFF 		.ascii	"\377\377\377\377p\000\000\000\000\000\001\377\377\377"
 310      70000000 
 310      000001FF 
 310      FFFF
 311 0e5c FF100000 		.ascii	"\377\020\000\000\000\000\000\004\377\377\377\377\377"
 311      00000004 
 311      FFFFFFFF 
 311      FF
 312 0e69 FFFFFFF7 		.ascii	"\377\377\377\367\000\000\000\000\000\000\000\000\000"
 312      00000000 
 312      00000000 
 312      00
ARM GAS  C:\Users\gx\AppData\Local\Temp\ccQoZj6B.s 			page 21


 313 0e76 00000000 		.ascii	"\000\000\000\000\000\000\217\377\377\377\377\377\377"
 313      00008FFF 
 313      FFFFFFFF 
 313      FF
 314 0e83 FFF70000 		.ascii	"\377\367\000\000\000\000\000\001\377\377\377\377\020"
 314      00000001 
 314      FFFFFFFF 
 314      10
 315 0e90 00000000 		.ascii	"\000\000\000\000\001\237\377\377\377\377\377\377\377"
 315      019FFFFF 
 315      FFFFFFFF 
 315      FF
 316 0e9d FFF00000 		.ascii	"\377\360\000\000\000\000\000\000\000\000\000\000\000"
 316      00000000 
 316      00000000 
 316      00
 317 0eaa 00000000 		.ascii	"\000\000\000\000\014\377\377\377\377\377\377\377\377"
 317      0CFFFFFF 
 317      FFFFFFFF 
 317      FF
 318 0eb7 C3000000 		.ascii	"\303\000\000\000\000\001\377\377\377\377\020\000\000"
 318      0001FFFF 
 318      FFFF1000 
 318      00
 319 0ec4 00003FFF 		.ascii	"\000\000?\377\377\377\377\377\377\377\377\377p\000\000"
 319      FFFFFFFF 
 319      FFFFFFFF 
 319      700000
 320 0ed3 00000000 		.ascii	"\000\000\000\000\000\000\000\000\000\000\000\000\000"
 320      00000000 
 320      00000000 
 320      00
 321 0ee0 0AFFFFFF 		.ascii	"\012\377\377\377\377\377\377\377\377\377\243 \000\000"
 321      FFFFFFFF 
 321      FFFFA320 
 321      0000
 322 0eee 01FFFFFF 		.ascii	"\001\377\377\377\377\000\000\000\001(\377\377\377\377"
 322      FF000000 
 322      0128FFFF 
 322      FFFF
 323 0efc FFFFFFFF 		.ascii	"\377\377\377\377\377\377@\000\000\000\000\000\000\000"
 323      FFFF4000 
 323      00000000 
 323      0000
 324 0f0a 00000000 		.ascii	"\000\000\000\000\000\000\000\000/\377\377\377\377\377"
 324      00000000 
 324      2FFFFFFF 
 324      FFFF
 325 0f18 FFFFFFFF 		.ascii	"\377\377\377\377\377\365\020\000\000\377\377\377\377"
 325      FFF51000 
 325      00FFFFFF 
 325      FF
 326 0f25 1000026F 		.ascii	"\020\000\002o\377\377\377\377\377\377\377\377\377\377"
 326      FFFFFFFF 
 326      FFFFFFFF 
 326      FFFF
 327 0f33 FFF10000 		.ascii	"\377\361\000\000\000\000\000\000\000\000\000\000\000"
ARM GAS  C:\Users\gx\AppData\Local\Temp\ccQoZj6B.s 			page 22


 327      00000000 
 327      00000000 
 327      00
 328 0f40 00000000 		.ascii	"\000\000\000\000\237\377\377\377\377\377\377\377\377"
 328      9FFFFFFF 
 328      FFFFFFFF 
 328      FF
 329 0f4d FFFFFFF7 		.ascii	"\377\377\377\3673\022\377\377\377\377\223#\257\377\377"
 329      3312FFFF 
 329      FFFF9323 
 329      AFFFFF
 330 0f5c FFFFFFFF 		.ascii	"\377\377\377\377\377\377\377\377\377\377\377\020\000"
 330      FFFFFFFF 
 330      FFFFFF10 
 330      00
 331 0f69 00000000 		.ascii	"\000\000\000\000\000\000\000\000\000\000\000\000\004"
 331      00000000 
 331      00000000 
 331      04
 332 0f76 FFFFFFFF 		.ascii	"\377\377\377\377\377\377\377\377\377\377\377\377\377"
 332      FFFFFFFF 
 332      FFFFFFFF 
 332      FF
 333 0f83 FFCAFFFF 		.ascii	"\377\312\377\377\377\377\377\377\377\377\377\377\377"
 333      FFFFFFFF 
 333      FFFFFFFF 
 333      FF
 334 0f90 FFFFFFFF 		.ascii	"\377\377\377\377\377\377\377\377\377\260\000\000\000"
 334      FFFFFFFF 
 334      FFB00000 
 334      00
 335 0f9d 000000   		.ascii	"\000\000\000"
 336 0fa0 00000000 		.ascii	"\000\000\000\000\000\000\000O\377\377\377\377\377\377"
 336      0000004F 
 336      FFFFFFFF 
 336      FFFF
 337 0fae FFFFFFFF 		.ascii	"\377\377\377\377\377\377\377\377\377\377\377\377\377"
 337      FFFFFFFF 
 337      FFFFFFFF 
 337      FF
 338 0fbb FFFFFFFF 		.ascii	"\377\377\377\377\377\377\377\377\377\377\377\377\377"
 338      FFFFFFFF 
 338      FFFFFFFF 
 338      FF
 339 0fc8 FFFFFFB0 		.ascii	"\377\377\377\260\000\000\000\000\000\000\000\000\000"
 339      00000000 
 339      00000000 
 339      00
 340 0fd5 00000000 		.ascii	"\000\000\000\000\357\377\377\377\377\377\377\377\377"
 340      EFFFFFFF 
 340      FFFFFFFF 
 340      FF
 341 0fe2 FFFFFFFF 		.ascii	"\377\377\377\377\377\377\377\377\377\377\377\377\377"
 341      FFFFFFFF 
 341      FFFFFFFF 
 341      FF
 342 0fef FFFFFFFF 		.ascii	"\377\377\377\377\377\377\377\377\377\377\377\377\377"
ARM GAS  C:\Users\gx\AppData\Local\Temp\ccQoZj6B.s 			page 23


 342      FFFFFFFF 
 342      FFFFFFFF 
 342      FF
 343 0ffc FFF40000 		.ascii	"\377\364\000\000\000\000\000\000\000\000\000\000\000"
 343      00000000 
 343      00000000 
 343      00
 344 1009 0000EFFF 		.ascii	"\000\000\357\377\377\377\377\377\377\377\377\377\377"
 344      FFFFFFFF 
 344      FFFFFFFF 
 344      FF
 345 1016 FFFFFFFF 		.ascii	"\377\377\377\377\377\377\377\377\377\377\377\377\377"
 345      FFFFFFFF 
 345      FFFFFFFF 
 345      FF
 346 1023 FFFFFFFF 		.ascii	"\377\377\377\377\377\377\377\377\377\377\377\377\340"
 346      FFFFFFFF 
 346      FFFFFFFF 
 346      E0
 347 1030 00000000 		.ascii	"\000\000\000\000\000\000\000\000\000\000\000\000\000"
 347      00000000 
 347      00000000 
 347      00
 348 103d DFFFFFFF 		.ascii	"\337\377\377\377\377\377\377\377\377\377\377\377\377"
 348      FFFFFFFF 
 348      FFFFFFFF 
 348      FF
 349 104a FFFFFFFF 		.ascii	"\377\377\377\377\377\377\377\377\377\377\377\377\377"
 349      FFFFFFFF 
 349      FFFFFFFF 
 349      FF
 350 1057 FFFFFFFF 		.ascii	"\377\377\377\377\377\207\377\377\377\377\200\000\000"
 350      FF87FFFF 
 350      FFFF8000 
 350      00
 351 1064 00000000 		.ascii	"\000\000\000\000\000\000\000\000\000\000\000\036\377"
 351      00000000 
 351      0000001E 
 351      FF
 352 1071 FFFFFFFD 		.ascii	"\377\377\377\375\336\377\377\377\377\377\377\377\377"
 352      DEFFFFFF 
 352      FFFFFFFF 
 352      FF
 353 107e FFFFFFFF 		.ascii	"\377\377\377\377\377\377\377\377\377\377\377\377\377"
 353      FFFFFFFF 
 353      FFFFFFFF 
 353      FF
 354 108b FFFFF400 		.ascii	"\377\377\364\000?\377\377\373\000\000\000\000\000\000"
 354      3FFFFFFB 
 354      00000000 
 354      0000
 355 1099 00000000 		.ascii	"\000\000\000\000\000\000\000\000\001\357\377\377\376"
 355      00000000 
 355      01EFFFFF 
 355      FE
 356 10a6 40009FFF 		.ascii	"@\000\237\377\377\377\377\377\377\377\377\377\377\377"
 356      FFFFFFFF 
ARM GAS  C:\Users\gx\AppData\Local\Temp\ccQoZj6B.s 			page 24


 356      FFFFFFFF 
 356      FFFF
 357 10b4 FFFFFFFF 		.ascii	"\377\377\377\377\377\377\377\377\377\377\367\000\000"
 357      FFFFFFFF 
 357      FFFFF700 
 357      00
 358 10c1 016FDE80 		.ascii	"\001o\336\200\000\000\000\000\000\000\000\000\000\000"
 358      00000000 
 358      00000000 
 358      0000
 359 10cf 00000000 		.ascii	"\000\000\000\000\000\015\377\377@\000\000\003\377\377"
 359      000DFFFF 
 359      40000003 
 359      FFFF
 360 10dd FFFFFFFF 		.ascii	"\377\377\377\377\377\377\377\377\377\377\377\377\377"
 360      FFFFFFFF 
 360      FFFFFFFF 
 360      FF
 361 10ea FFFFFFFF 		.ascii	"\377\377\377\377\377\377p\000\000\000\000\000\000\000"
 361      FFFF7000 
 361      00000000 
 361      0000
 362 10f8 00000000 		.ascii	"\000\000\000\000\000\000\000\000\000\000\000\000\000"
 362      00000000 
 362      00000000 
 362      00
 363 1105 00019A91 		.ascii	"\000\001\232\221\000\000\000\000\337\377\377\377\377"
 363      00000000 
 363      DFFFFFFF 
 363      FF
 364 1112 FFFFFFFF 		.ascii	"\377\377\377\377\377\377\377\377\377\377\377\377\377"
 364      FFFFFFFF 
 364      FFFFFFFF 
 364      FF
 365 111f FFFFFC00 		.ascii	"\377\377\374\000\000\000\000\000\000\000\000\000\000"
 365      00000000 
 365      00000000 
 365      00
 366 112c 00000000 		.ascii	"\000\000\000\000\000\000\000\000\000\000\000\000\000"
 366      00000000 
 366      00000000 
 366      00
 367 1139 00000000 		.ascii	"\000\000\000\000\000\000\357\377\377\377\377\377\377"
 367      0000EFFF 
 367      FFFFFFFF 
 367      FF
 368 1146 FFFFFFFF 		.ascii	"\377\377\377\377\377\377\377\377\377\377\377\377\377"
 368      FFFFFFFF 
 368      FFFFFFFF 
 368      FF
 369 1153 FA000000 		.ascii	"\372\000\000\000\000\000\000\000\000\000\000\000\000"
 369      00000000 
 369      00000000 
 369      00
 370 1160 00000000 		.ascii	"\000\000\000\000\000\000\000\000\000\000\000\000\000"
 370      00000000 
 370      00000000 
ARM GAS  C:\Users\gx\AppData\Local\Temp\ccQoZj6B.s 			page 25


 370      00
 371 116d 00000000 		.ascii	"\000\000\000\000\357\377\377\377\377\377\377\377\377"
 371      EFFFFFFF 
 371      FFFFFFFF 
 371      FF
 372 117a FFFFFFFF 		.ascii	"\377\377\377\377\377\377\377\377\377\377\377\372\000"
 372      FFFFFFFF 
 372      FFFFFFFA 
 372      00
 373 1187 00000000 		.ascii	"\000\000\000\000\000\000\000\000\000\000\000\000\000"
 373      00000000 
 373      00000000 
 373      00
 374 1194 00000000 		.ascii	"\000\000\000\000\000\000\000\000\000\000\000\000\000"
 374      00000000 
 374      00000000 
 374      00
 375 11a1 0001FFFF 		.ascii	"\000\001\377\377\377\377\377\377\377\377\377\377\377"
 375      FFFFFFFF 
 375      FFFFFFFF 
 375      FF
 376 11ae FFFFFFFF 		.ascii	"\377\377\377\377\377\377\377\377\377\374\020\000\000"
 376      FFFFFFFF 
 376      FFFC1000 
 376      00
 377 11bb 00000000 		.ascii	"\000\000\000\000\000\000\000\000\000\000\000\000\000"
 377      00000000 
 377      00000000 
 377      00
 378 11c8 00000000 		.ascii	"\000\000\000\000\000\000\000\000\000\000\000\000\005"
 378      00000000 
 378      00000000 
 378      05
 379 11d5 FFFFFFFF 		.ascii	"\377\377\377\377\377\3665\257\377\377\377\377\377\365"
 379      FFF635AF 
 379      FFFFFFFF 
 379      FFF5
 380 11e3 44327FFF 		.ascii	"D2\177\377\377\377\377p\000\000\000\000\000\000\000"
 380      FFFFFF70 
 380      00000000 
 380      000000
 381 11f2 00000000 		.ascii	"\000\000\000\000\000\000\000\000\000\000\000\000\000"
 381      00000000 
 381      00000000 
 381      00
 382 11ff 00000000 		.ascii	"\000\000\000\000\000\000\000\017\377\377\377\377\377"
 382      0000000F 
 382      FFFFFFFF 
 382      FF
 383 120c 50002FFF 		.ascii	"P\000/\377\377\377\377\377@\000\000/\377\377\377\377"
 383      FFFFFFFF 
 383      4000002F 
 383      FFFFFFFF 
 384 121c C0000000 		.ascii	"\300\000\000\000\000\000\000\000\000\000\000\000\000"
 384      00000000 
 384      00000000 
 384      00
ARM GAS  C:\Users\gx\AppData\Local\Temp\ccQoZj6B.s 			page 26


 385 1229 00000000 		.ascii	"\000\000\000\000\000\000\000\000\000\000\000\000\000"
 385      00000000 
 385      00000000 
 385      00
 386 1236 00000CFF 		.ascii	"\000\000\014\377\377\377\377\372\000\000\017\377\377"
 386      FFFFFFFA 
 386      00000FFF 
 386      FF
 387 1243 FFFFFC00 		.ascii	"\377\377\374\000\000\000\010\377\377\377\377P\000\000"
 387      000008FF 
 387      FFFFFF50 
 387      0000
 388 1251 00000000 		.ascii	"\000\000\000\000\000\000\000\000\000\000\000\000\000"
 388      00000000 
 388      00000000 
 388      00
 389 125e 00000000 		.ascii	"\000\000\000\000\000\000\000\000\000\000\000\000\002"
 389      00000000 
 389      00000000 
 389      02
 390 126b FFFFFFFF 		.ascii	"\377\377\377\377\362\000\000\037\377\377\377\377\365"
 390      F200001F 
 390      FFFFFFFF 
 390      F5
 391 1278 00000002 		.ascii	"\000\000\000\002\377\377\377\366\000\000\000\000\000"
 391      FFFFFFF6 
 391      00000000 
 391      00
 392 1285 00000000 		.ascii	"\000\000\000\000\000\000\000\000\000\000\000\000\000"
 392      00000000 
 392      00000000 
 392      00
 393 1292 00000000 		.ascii	"\000\000\000\000\000\000\000\000\000\000\000)\377\377"
 393      00000000 
 393      00000029 
 393      FFFF
 394 12a0 FF500000 		.ascii	"\377P\000\000\037\377\377\377\377\361\000\000\000\000"
 394      1FFFFFFF 
 394      FFF10000 
 394      0000
 395 12ae 6FFFF620 		.ascii	"o\377\366 \000\000\000\000\000\000\000\000\000\000\000"
 395      00000000 
 395      00000000 
 395      000000
 396 12bd 00000000 		.ascii	"\000\000\000\000\000\000\000\000\000\000\000\000\000"
 396      00000000 
 396      00000000 
 396      00
 397 12ca 00000000 		.ascii	"\000\000\000\000\000\000\023\357a\000\000\000\016\377"
 397      000013EF 
 397      61000000 
 397      0EFF
 398 12d8 FFFFFFF1 		.ascii	"\377\377\377\361\000\000\000\000\001\021\020\000\000"
 398      00000000 
 398      01111000 
 398      00
 399 12e5 00000000 		.ascii	"\000\000\000\000\000\000\000\000\000\000\000\000\000"
ARM GAS  C:\Users\gx\AppData\Local\Temp\ccQoZj6B.s 			page 27


 399      00000000 
 399      00000000 
 399      00
 400 12f2 00000000 		.ascii	"\000\000\000\000\000\000\000\000\000\000\000\000\000"
 400      00000000 
 400      00000000 
 400      00
 401 12ff 00000000 		.ascii	"\000\000\000\000\021\000\000\000\000\002\377\377\377"
 401      11000000 
 401      0002FFFF 
 401      FF
 402 130c FFF10000 		.ascii	"\377\361\000\000\000\000\000\000\000\000\000\000\000"
 402      00000000 
 402      00000000 
 402      00
 403 1319 00000000 		.ascii	"\000\000\000\000\000\000\000\000\000\000\000\000\000"
 403      00000000 
 403      00000000 
 403      00
 404 1326 00000000 		.ascii	"\000\000\000\000\000\000\000\000\000\000\000\000\000"
 404      00000000 
 404      00000000 
 404      00
 405 1333 00000000 		.ascii	"\000\000\000\000\000\000\000\000\277\356\356\377 \000"
 405      00000000 
 405      BFEEEEFF 
 405      2000
 406 1341 00000000 		.ascii	"\000\000\000\000\000\000\000\000\000\000\000\000\000"
 406      00000000 
 406      00000000 
 406      00
 407 134e 00000000 		.ascii	"\000\000\000\000\000\000\000\000\000\000\000\000\000"
 407      00000000 
 407      00000000 
 407      00
 408 135b 00000000 		.ascii	"\000\000\000\000\000\000\000\000\000\000\000\000\000"
 408      00000000 
 408      00000000 
 408      00
 409 1368 00000000 		.ascii	"\000\000\000\000\000\000\000\021\020\000\000\000\000"
 409      00000011 
 409      10000000 
 409      00
 410 1375 00000000 		.ascii	"\000\000\000\000\000\000\000\000\000\000\000\000\000"
 410      00000000 
 410      00000000 
 410      00
 411 1382 00000000 		.ascii	"\000\000\000\000\000\000"
 411      0000
 412              		.text
 413              	.Letext0:
 414              		.file 1 "c:\\program files (x86)\\gnu arm embedded toolchain\\9 2020-q2-update\\arm-none-eabi\\inc
 415              		.file 2 "c:\\program files (x86)\\gnu arm embedded toolchain\\9 2020-q2-update\\arm-none-eabi\\inc
 416              		.file 3 "lvgl/lvgl/examples/assets/../../src/misc/lv_ll.h"
 417              		.file 4 "c:\\program files (x86)\\gnu arm embedded toolchain\\9 2020-q2-update\\lib\\gcc\\arm-none
 418              		.file 5 "c:\\program files (x86)\\gnu arm embedded toolchain\\9 2020-q2-update\\arm-none-eabi\\inc
 419              		.file 6 "c:\\program files (x86)\\gnu arm embedded toolchain\\9 2020-q2-update\\arm-none-eabi\\inc
ARM GAS  C:\Users\gx\AppData\Local\Temp\ccQoZj6B.s 			page 28


 420              		.file 7 "c:\\program files (x86)\\gnu arm embedded toolchain\\9 2020-q2-update\\arm-none-eabi\\inc
 421              		.file 8 "d:\\practise\\f407_disc\\lvgl\\lvgl\\src\\misc\\lv_color.h"
 422              		.file 9 "d:\\practise\\f407_disc\\lvgl\\lvgl\\src\\misc\\lv_area.h"
 423              		.file 10 "d:\\practise\\f407_disc\\lvgl\\lvgl\\src\\draw\\lv_img_buf.h"
 424              		.file 11 "lvgl/lvgl/examples/assets/../../src/core/lv_obj.h"
 425              		.file 12 "lvgl/lvgl/examples/assets/../../src/core/lv_group.h"
 426              		.file 13 "d:\\practise\\f407_disc\\lvgl\\lvgl\\src\\font\\lv_font.h"
 427              		.file 14 "d:\\practise\\f407_disc\\lvgl\\lvgl\\src\\misc\\lv_txt.h"
 428              		.file 15 "d:\\practise\\f407_disc\\lvgl\\lvgl\\src\\misc\\lv_style.h"
 429              		.file 16 "lvgl/lvgl/examples/assets/../../src/core/lv_obj_scroll.h"
 430              		.file 17 "lvgl/lvgl/examples/assets/../../src/core/lv_obj_style.h"
 431              		.file 18 "d:\\practise\\f407_disc\\lvgl\\lvgl\\src\\draw\\lv_draw_label.h"
 432              		.file 19 "lvgl/lvgl/examples/assets/../../src/core/lv_obj_class.h"
 433              		.file 20 "lvgl/lvgl/examples/assets/../../src/core/lv_event.h"
 434              		.file 21 "lvgl/lvgl/examples/assets/../../src/widgets/lv_arc.h"
 435              		.file 22 "lvgl/lvgl/examples/assets/../../src/widgets/lv_btn.h"
 436              		.file 23 "lvgl/lvgl/examples/assets/../../src/widgets/lv_img.h"
 437              		.file 24 "lvgl/lvgl/examples/assets/../../src/widgets/lv_label.h"
 438              		.file 25 "lvgl/lvgl/examples/assets/../../src/widgets/lv_line.h"
 439              		.file 26 "lvgl/lvgl/examples/assets/../../src/widgets/lv_table.h"
 440              		.file 27 "lvgl/lvgl/examples/assets/../../src/widgets/lv_checkbox.h"
 441              		.file 28 "lvgl/lvgl/examples/assets/../../src/widgets/lv_bar.h"
 442              		.file 29 "lvgl/lvgl/examples/assets/../../src/widgets/lv_slider.h"
 443              		.file 30 "lvgl/lvgl/examples/assets/../../src/widgets/lv_btnmatrix.h"
 444              		.file 31 "lvgl/lvgl/examples/assets/../../src/widgets/lv_dropdown.h"
 445              		.file 32 "lvgl/lvgl/examples/assets/../../src/widgets/lv_roller.h"
 446              		.file 33 "lvgl/lvgl/examples/assets/../../src/widgets/lv_textarea.h"
 447              		.file 34 "lvgl/lvgl/examples/assets/../../src/widgets/lv_canvas.h"
 448              		.file 35 "lvgl/lvgl/examples/assets/../../src/widgets/lv_switch.h"
 449              		.file 36 "lvgl/lvgl/examples/assets/../../src/extra/widgets/animimg/lv_animimg.h"
 450              		.file 37 "lvgl/lvgl/examples/assets/../../src/extra/widgets/calendar/lv_calendar.h"
 451              		.file 38 "lvgl/lvgl/examples/assets/../../src/extra/widgets/calendar/lv_calendar_header_arrow.h"
 452              		.file 39 "lvgl/lvgl/examples/assets/../../src/extra/widgets/calendar/lv_calendar_header_dropdown.h
 453              		.file 40 "lvgl/lvgl/examples/assets/../../src/extra/widgets/chart/lv_chart.h"
 454              		.file 41 "lvgl/lvgl/examples/assets/../../src/extra/widgets/keyboard/lv_keyboard.h"
 455              		.file 42 "d:\\practise\\f407_disc\\lvgl\\lvgl\\src\\extra\\layouts\\flex\\lv_flex.h"
 456              		.file 43 "lvgl/lvgl/examples/assets/../../src/extra/widgets/list/lv_list.h"
 457              		.file 44 "lvgl/lvgl/examples/assets/../../src/extra/widgets/msgbox/lv_msgbox.h"
 458              		.file 45 "lvgl/lvgl/examples/assets/../../src/extra/widgets/meter/lv_meter.h"
 459              		.file 46 "lvgl/lvgl/examples/assets/../../src/extra/widgets/spinbox/lv_spinbox.h"
 460              		.file 47 "lvgl/lvgl/examples/assets/../../src/extra/widgets/spinner/lv_spinner.h"
 461              		.file 48 "lvgl/lvgl/examples/assets/../../src/extra/widgets/tabview/lv_tabview.h"
 462              		.file 49 "lvgl/lvgl/examples/assets/../../src/extra/widgets/tileview/lv_tileview.h"
 463              		.file 50 "lvgl/lvgl/examples/assets/../../src/extra/widgets/win/lv_win.h"
 464              		.file 51 "lvgl/lvgl/examples/assets/../../src/extra/widgets/colorwheel/lv_colorwheel.h"
 465              		.file 52 "lvgl/lvgl/examples/assets/../../src/extra/widgets/led/lv_led.h"
 466              		.file 53 "lvgl/lvgl/examples/assets/../../src/extra/widgets/imgbtn/lv_imgbtn.h"
 467              		.file 54 "lvgl/lvgl/examples/assets/../../src/extra/widgets/span/lv_span.h"
 468              		.file 55 "lvgl/lvgl/examples/assets/../../src/extra/layouts/grid/lv_grid.h"
 469              		.file 56 "lvgl/lvgl/examples/assets/img_cogwheel_alpha16.c"
ARM GAS  C:\Users\gx\AppData\Local\Temp\ccQoZj6B.s 			page 29


DEFINED SYMBOLS
                            *ABS*:00000000 img_cogwheel_alpha16.c
C:\Users\gx\AppData\Local\Temp\ccQoZj6B.s:23     .rodata.img_cogwheel_alpha16:00000000 img_cogwheel_alpha16
C:\Users\gx\AppData\Local\Temp\ccQoZj6B.s:34     .rodata.img_cogwheel_alpha16_map:00000000 img_cogwheel_alpha16_map
C:\Users\gx\AppData\Local\Temp\ccQoZj6B.s:20     .rodata.img_cogwheel_alpha16:00000000 $d
C:\Users\gx\AppData\Local\Temp\ccQoZj6B.s:31     .rodata.img_cogwheel_alpha16_map:00000000 $d

NO UNDEFINED SYMBOLS
