ARM GAS  C:\Users\gx\AppData\Local\Temp\ccG4fTFd.s 			page 1


   1              		.cpu cortex-m4
   2              		.eabi_attribute 27, 1
   3              		.eabi_attribute 28, 1
   4              		.eabi_attribute 20, 1
   5              		.eabi_attribute 21, 1
   6              		.eabi_attribute 23, 3
   7              		.eabi_attribute 24, 1
   8              		.eabi_attribute 25, 1
   9              		.eabi_attribute 26, 1
  10              		.eabi_attribute 30, 1
  11              		.eabi_attribute 34, 1
  12              		.eabi_attribute 18, 4
  13              		.file	"img_hand.c"
  14              		.text
  15              	.Ltext0:
  16              		.cfi_sections	.debug_frame
  17              		.global	img_hand
  18              		.global	img_hand_map
  19              		.section	.rodata.img_hand,"a"
  20              		.align	2
  23              	img_hand:
  24 0000 05       		.byte	5
  25 0001 90       		.byte	144
  26 0002 21       		.byte	33
  27 0003 01       		.byte	1
  28 0004 8C0A0000 		.word	2700
  29 0008 00000000 		.word	img_hand_map
  30              		.section	.rodata.img_hand_map,"a"
  31              		.align	2
  34              	img_hand_map:
  35 0000 00000000 		.ascii	"\000\000\000\000\000\000\000\000\000\020\204\004,c\034"
  35      00000000 
  35      00108404 
  35      2C631C
  36 000f 00000000 		.ascii	"\000\000\000\000\000\000\000\000\000\000\000\000\000"
  36      00000000 
  36      00000000 
  36      00
  37 001c 00000000 		.ascii	"\000\000\000\000\000\000\000\000\000\000\000\000\000"
  37      00000000 
  37      00000000 
  37      00
  38 0029 00000000 		.ascii	"\000\000\000\000\000\000\000\000\000\000\000\000\000"
  38      00000000 
  38      00000000 
  38      00
  39 0036 00000000 		.ascii	"\000\000\000\000\000\000\000\000\000\000\000\000\000"
  39      00000000 
  39      00000000 
  39      00
  40 0043 00000000 		.ascii	"\000\000\000\000\000\000\000\000\000\000\000\000\000"
  40      00000000 
  40      00000000 
  40      00
  41 0050 00000000 		.ascii	"\000\000\000\000\000\000\000\000\000\000\000\000\000"
  41      00000000 
  41      00000000 
ARM GAS  C:\Users\gx\AppData\Local\Temp\ccG4fTFd.s 			page 2


  41      00
  42 005d 00000000 		.ascii	"\000\000\000\000\000\000\000\000\000\000\000\000\000"
  42      00000000 
  42      00000000 
  42      00
  43 006a 00000000 		.ascii	"\000\000\000\000\000\000\000\000\000\000\000\000\000"
  43      00000000 
  43      00000000 
  43      00
  44 0077 00000000 		.ascii	"\000\000\000\000\000\000\000\000\000\000\000\000\000"
  44      00000000 
  44      00000000 
  44      00
  45 0084 00000000 		.ascii	"\000\000\000\000\000\000\000\000\000\000\000\000\000"
  45      00000000 
  45      00000000 
  45      00
  46 0091 00000000 		.ascii	"\000\000\000\000\000\000\000\000\000\000\000\000\000"
  46      00000000 
  46      00000000 
  46      00
  47 009e 00000000 		.ascii	"\000\000\000\000\000\000\000\000\000\000\000\000\000"
  47      00000000 
  47      00000000 
  47      00
  48 00ab 00000000 		.ascii	"\000\000\000\000\000\000\000\000\000\000\000\000\000"
  48      00000000 
  48      00000000 
  48      00
  49 00b8 00000000 		.ascii	"\000\000\000\000\000\000\000\000\000\000\000\000\000"
  49      00000000 
  49      00000000 
  49      00
  50 00c5 00000000 		.ascii	"\000\000\000\000\212RG \000W\004!W\3479\010\000\000"
  50      8A524720 
  50      00570421 
  50      57E73908 
  50      0000
  51 00d7 00000000 		.ascii	"\000\000\000\000\000\000\000\000\000\000\000\000\000"
  51      00000000 
  51      00000000 
  51      00
  52 00e4 00000000 		.ascii	"\000\000\000\000\000\000\000\000\000\000\000\000\000"
  52      00000000 
  52      00000000 
  52      00
  53 00f1 00000000 		.ascii	"\000\000\000\000\000\000\000\000\000\000\000\000\000"
  53      00000000 
  53      00000000 
  53      00
  54 00fe 00000000 		.ascii	"\000\000\000\000\000\000\000\000\000\000\000\000\000"
  54      00000000 
  54      00000000 
  54      00
  55 010b 00000000 		.ascii	"\000\000\000\000\000\000\000\000\000\000\000\000\000"
  55      00000000 
  55      00000000 
ARM GAS  C:\Users\gx\AppData\Local\Temp\ccG4fTFd.s 			page 3


  55      00
  56 0118 00000000 		.ascii	"\000\000\000\000\000\000\000\000\000\000\000\000\000"
  56      00000000 
  56      00000000 
  56      00
  57 0125 00000000 		.ascii	"\000\000\000\000\000\000\000\000\000\000\353Z\014\307"
  57      00000000 
  57      0000EB5A 
  57      0CC7
  58 0133 3974C318 		.ascii	"9t\303\030\353\303\030\360\3079\274\350A\004\000\000"
  58      EBC318F0 
  58      C739BCE8 
  58      41040000 
  59 0143 00000000 		.ascii	"\000\000\000\000\000\000\000\000\000\000\000\000\000"
  59      00000000 
  59      00000000 
  59      00
  60 0150 00000000 		.ascii	"\000\000\000\000\000\000\000\000\000\000\000\000\000"
  60      00000000 
  60      00000000 
  60      00
  61 015d 00000000 		.ascii	"\000\000\000\000\000\000\000\000\000\000\000\000\000"
  61      00000000 
  61      00000000 
  61      00
  62 016a 00000000 		.ascii	"\000\000\000\000\000\000\000\000\000\000\000\000\000"
  62      00000000 
  62      00000000 
  62      00
  63 0177 00000000 		.ascii	"\000\000\000\000\000\000\000\000\000\000\000\000\000"
  63      00000000 
  63      00000000 
  63      00
  64 0184 00000000 		.ascii	"\000\000\000\000\000\000\000\000\000\000\000\000\000"
  64      00000000 
  64      00000000 
  64      00
  65 0191 00000000 		.ascii	"\000\000\000\000\000\000\000\000\000\000\000\000\000"
  65      00000000 
  65      00000000 
  65      00
  66 019e 00000000 		.ascii	"\000\000\000\000\000\000\000\000\000\000\000\000\000"
  66      00000000 
  66      00000000 
  66      00
  67 01ab 00000000 		.ascii	"\000\000\000\000\000\000\000\000\000\000\000\000\000"
  67      00000000 
  67      00000000 
  67      00
  68 01b8 00000000 		.ascii	"\000\000\000\000\000\000\000\000\000\000\000\000\000"
  68      00000000 
  68      00000000 
  68      00
  69 01c5 00000000 		.ascii	"\000\000\000\000\000\000\000\000\000\000\000\000\000"
  69      00000000 
  69      00000000 
  69      00
ARM GAS  C:\Users\gx\AppData\Local\Temp\ccG4fTFd.s 			page 4


  70 01d2 00000000 		.ascii	"\000\000\000\000\000\000\000\000\000\000\000\000\000"
  70      00000000 
  70      00000000 
  70      00
  71 01df 00000000 		.ascii	"\000\000\000\000\000\000\000\000\000\000\000\000\000"
  71      00000000 
  71      00000000 
  71      00
  72 01ec 00000082 		.ascii	"\000\000\000\202\020\003\344 \217\243\030\373 \000\377"
  72      1003E420 
  72      8FA318FB 
  72      2000FF
  73 01fb 2108FF61 		.ascii	"!\010\377a\010\354\004!\207IJ\023\000\000\000\000\000"
  73      08EC0421 
  73      87494A13 
  73      00000000 
  73      00
  74 020c 00000000 		.ascii	"\000\000\000\000\000\000\000\000\000\000\000\000\000"
  74      00000000 
  74      00000000 
  74      00
  75 0219 00000000 		.ascii	"\000\000\000\000\000\000\000\000\000\000\000\000\000"
  75      00000000 
  75      00000000 
  75      00
  76 0226 00000000 		.ascii	"\000\000\000\000\000\000\000\000\000\000\000\000\000"
  76      00000000 
  76      00000000 
  76      00
  77 0233 00000000 		.ascii	"\000\000\000\000\000\000\000\000\000\000\000\000\000"
  77      00000000 
  77      00000000 
  77      00
  78 0240 00000000 		.ascii	"\000\000\000\000\000\000\000\000\000\000\000\000\000"
  78      00000000 
  78      00000000 
  78      00
  79 024d 00000000 		.ascii	"\000\000\000\000\000\000\000\000\000\000\000\357{\017"
  79      00000000 
  79      000000EF 
  79      7B0F
  80 025b A739CB20 		.ascii	"\2479\313 \000\377!\010\377 \000\377 \000\377\303\030"
  80      00FF2108 
  80      FF2000FF 
  80      2000FFC3 
  80      18
  81 026c C4D7BD04 		.ascii	"\304\327\275\004\000\000\000\000\000\000\000\000\000"
  81      00000000 
  81      00000000 
  81      00
  82 0279 00000000 		.ascii	"\000\000\000\000\000\000\000\000\000\000\000\000\000"
  82      00000000 
  82      00000000 
  82      00
  83 0286 00000000 		.ascii	"\000\000\000\000\000\000\000\000\000\000\000\000\000"
  83      00000000 
  83      00000000 
ARM GAS  C:\Users\gx\AppData\Local\Temp\ccG4fTFd.s 			page 5


  83      00
  84 0293 00000000 		.ascii	"\000\000\000\000\000\000\000\000\000\000\000\000\000"
  84      00000000 
  84      00000000 
  84      00
  85 02a0 00000000 		.ascii	"\000\000\000\000\000\000\000\000\000\000\000\000\000"
  85      00000000 
  85      00000000 
  85      00
  86 02ad 00000000 		.ascii	"\000\000\000\000\000\000\000\000\000\000\000\000\000"
  86      00000000 
  86      00000000 
  86      00
  87 02ba 00000000 		.ascii	"\000\000\000\000\000\000\000\000\000\000\000\000\000"
  87      00000000 
  87      00000000 
  87      00
  88 02c7 00000000 		.ascii	"\000\000\000\000\000\000\000\000\000\000\000\000\000"
  88      00000000 
  88      00000000 
  88      00
  89 02d4 00000000 		.ascii	"\000\000\000\000\000\000\000\000\000\000\000\000\000"
  89      00000000 
  89      00000000 
  89      00
  90 02e1 00000000 		.ascii	"\000\000\000\000\000\000\000\000\000\000\000\000\000"
  90      00000000 
  90      00000000 
  90      00
  91 02ee 00000000 		.ascii	"\000\000\000\000\000\000\000\000\000\000\000\000\000"
  91      00000000 
  91      00000000 
  91      00
  92 02fb 00000000 		.ascii	"\000\000\000\000\000\000\000\000\000\000\000\000\000"
  92      00000000 
  92      00000000 
  92      00
  93 0308 00000000 		.ascii	"\000\000\000\000\000\000\000\000\000\000\000\000\000"
  93      00000000 
  93      00000000 
  93      00
  94 0315 00000000 		.ascii	"\000\000\000\000\000\000E)\240\000\000\377\000\000\377"
  94      00004529 
  94      A00000FF 
  94      0000FF
  95 0324 0000FF00 		.ascii	"\000\000\377\000\000\377\000\000\377\000\000\377E)\370"
  95      00FF0000 
  95      FF0000FF 
  95      4529F8
  96 0333 A318A82D 		.ascii	"\243\030\250-kG\000\000\000\000\000\000\000\000\000"
  96      6B470000 
  96      00000000 
  96      000000
  97 0342 00000000 		.ascii	"\000\000\000\000\000\000\000\000\000\000\000\000\000"
  97      00000000 
  97      00000000 
  97      00
ARM GAS  C:\Users\gx\AppData\Local\Temp\ccG4fTFd.s 			page 6


  98 034f 00000000 		.ascii	"\000\000\000\000\000\000\000\000\000\000\000\000\000"
  98      00000000 
  98      00000000 
  98      00
  99 035c 00000000 		.ascii	"\000\000\000\000\000\000\000\000\000\000\000\000\000"
  99      00000000 
  99      00000000 
  99      00
 100 0369 00000000 		.ascii	"\000\000\000\000\000\000\000\000\000\000\000\000\000"
 100      00000000 
 100      00000000 
 100      00
 101 0376 00000000 		.ascii	"\000\000\000\000\000\000\000\000\000\000\000\000\000"
 101      00000000 
 101      00000000 
 101      00
 102 0383 0062104B 		.ascii	"\000b\020Kb\020\377\303\030\333\014cT\353ZP\202\020"
 102      6210FFC3 
 102      18DB0C63 
 102      54EB5A50 
 102      8210
 103 0395 B82108FF 		.ascii	"\270!\010\377\004!\377\3079\377\3479\377\2061\377\350"
 103      0421FFC7 
 103      39FFE739 
 103      FF8631FF 
 103      E8
 104 03a6 41FFE841 		.ascii	"A\377\350A\377\350A\377\010B\377\010B\373(B\350(B\344"
 104      FFE841FF 
 104      0842FF08 
 104      42FB2842 
 104      E82842E4 
 105 03ba 294ADC29 		.ascii	")J\334)J\327)J\320IJ\263IJ\260IJ\257IJ\253IJ\247)J\207"
 105      4AD7294A 
 105      D0494AB3 
 105      494AB049 
 105      4AAF494A 
 106 03d5 294A8428 		.ascii	")J\204(B\200(B\177\010B{\000\000W\000\000W\000\000W"
 106      42802842 
 106      7F08427B 
 106      00005700 
 106      00570000 
 107 03ea 00005700 		.ascii	"\000\000W\000\000W\000\000W\000\000W\000\000W \000W"
 107      00570000 
 107      57000057 
 107      00005720 
 107      0057
 108 03fc 21085720 		.ascii	"!\010W \000W \000W!\010WA\010WA\010W!\010WA\010WA\010"
 108      00572000 
 108      57210857 
 108      41085741 
 108      08572108 
 109 0416 57410857 		.ascii	"WA\010Wa\010WA\010Wa\010Wa\010W\202\020W\202\020W\202"
 109      61085741 
 109      08576108 
 109      57610857 
 109      82105782 
 110 042d 10578210 		.ascii	"\020W\202\020W\202\020W\242\020W\243\030W\242\020W\242"
ARM GAS  C:\Users\gx\AppData\Local\Temp\ccG4fTFd.s 			page 7


 110      57821057 
 110      A21057A3 
 110      1857A210 
 110      57A2
 111 043f 1057A318 		.ascii	"\020W\243\030W\2061\234a\010\377!\010\377A\010\377 "
 111      5786319C 
 111      6108FF21 
 111      08FF4108 
 111      FF20
 112 0451 00FF2000 		.ascii	"\000\377 \000\377A\010\377!\010\377 \000\377\000\000"
 112      FF4108FF 
 112      2108FF20 
 112      00FF0000 
 113 0461 FF2000FF 		.ascii	"\377 \000\377%)\377\010B\240\303\030W\3079W\350AW\010"
 113      2529FF08 
 113      42A0C318 
 113      57C73957 
 113      E8415708 
 114 0475 4257E841 		.ascii	"BW\350AW\2479W\2461W\2461W\2479W\2479Wf1W%)W\004!W\004"
 114      57A73957 
 114      A63157A6 
 114      3157A739 
 114      57A73957 
 115 0493 21570421 		.ascii	"!W\004!W\004!W\303\030W\242\020W\243\030W\303\030W\242"
 115      57042157 
 115      C31857A2 
 115      1057A318 
 115      57C31857 
 116 04a8 1057A318 		.ascii	"\020W\243\030W(BPIJ\267 \000\377\2479\214\216s\004\216"
 116      57284250 
 116      494AB720 
 116      00FFA739 
 116      8C8E7304 
 117 04bd 730F0421 		.ascii	"s\017\004!7\202\020\377\000\000\377\000\000\377!\010"
 117      378210FF 
 117      0000FF00 
 117      00FF2108 
 118 04cd FF0000FF 		.ascii	"\377\000\000\377\000\000\377\000\000\377\000\000\377"
 118      0000FF00 
 118      00FF0000 
 118      FF
 119 04da 0000FF00 		.ascii	"\000\000\377\000\000\377\000\000\377\000\000\377\000"
 119      00FF0000 
 119      FF0000FF 
 119      00
 120 04e7 00FF0000 		.ascii	"\000\377\000\000\377\000\000\377\000\000\377\000\000"
 120      FF0000FF 
 120      0000FF00 
 120      00
 121 04f4 FF0000FF 		.ascii	"\377\000\000\377\000\000\377\000\000\377 \000\377\000"
 121      0000FF00 
 121      00FF2000 
 121      FF00
 122 0502 00FF0000 		.ascii	"\000\377\000\000\377\000\000\377\000\000\377\000\000"
 122      FF0000FF 
 122      0000FF00 
 122      00
ARM GAS  C:\Users\gx\AppData\Local\Temp\ccG4fTFd.s 			page 8


 123 050f FF0000FF 		.ascii	"\377\000\000\377\000\000\377\000\000\377\000\000\377"
 123      0000FF00 
 123      00FF0000 
 123      FF
 124 051c 0000FF00 		.ascii	"\000\000\377\000\000\377\000\000\377\000\000\377\000"
 124      00FF0000 
 124      FF0000FF 
 124      00
 125 0529 00FF0000 		.ascii	"\000\377\000\000\377 \000\377 \000\377\000\000\377\000"
 125      FF2000FF 
 125      2000FF00 
 125      00FF00
 126 0538 00FF0000 		.ascii	"\000\377\000\000\377\000\000\377 \000\377 \000\377\000"
 126      FF0000FF 
 126      2000FF20 
 126      00FF00
 127 0547 00FF0000 		.ascii	"\000\377\000\000\377 \000\377 \000\377\000\000\377\000"
 127      FF2000FF 
 127      2000FF00 
 127      00FF00
 128 0556 00FF2000 		.ascii	"\000\377 \000\377 \000\377 \000\377 \000\377 \000\377"
 128      FF2000FF 
 128      2000FF20 
 128      00FF2000 
 128      FF
 129 0567 2000FF21 		.ascii	" \000\377!\010\377!\010\377!\010\377\000\000\377!\010"
 129      08FF2108 
 129      FF2108FF 
 129      0000FF21 
 129      08
 130 0578 FF0000FF 		.ascii	"\377\000\000\377\000\000\377\000\000\377\000\000\377"
 130      0000FF00 
 130      00FF0000 
 130      FF
 131 0585 0000FF20 		.ascii	"\000\000\377 \000\377\000\000\377\000\000\377\000\000"
 131      00FF0000 
 131      FF0000FF 
 131      0000
 132 0593 FF0000FF 		.ascii	"\377\000\000\377!\010\377a\010\377\202\020\377\243\030"
 132      2108FF61 
 132      08FF8210 
 132      FFA318
 133 05a2 FFA318FF 		.ascii	"\377\243\030\377\242\020\377\243\030\377\303\030\377"
 133      A210FFA3 
 133      18FFC318 
 133      FF
 134 05af C318FCC3 		.ascii	"\303\030\374\303\030\373\303\030\370\243\030\367\243"
 134      18FBC318 
 134      F8A318F7 
 134      A3
 135 05bc 18F4A318 		.ascii	"\030\364\243\030\363\242\020\363\242\020\363\202\020"
 135      F3A210F3 
 135      A210F382 
 135      10
 136 05c9 F04108EC 		.ascii	"\360A\010\354\000\000\353 \000\353!\010\353\000\000"
 136      0000EB20 
 136      00EB2108 
ARM GAS  C:\Users\gx\AppData\Local\Temp\ccG4fTFd.s 			page 9


 136      EB0000
 137 05d8 EBE318E8 		.ascii	"\353\343\030\350\3079w\202\020\377\004!\213\020\204"
 137      C7397782 
 137      10FF0421 
 137      8B1084
 138 05e7 034D6B14 		.ascii	"\003Mk\024jR\\ \000\377 \000\377 \000\377 \000\377\000"
 138      6A525C20 
 138      00FF2000 
 138      FF2000FF 
 138      2000FF00 
 139 05fb 00FF0000 		.ascii	"\000\377\000\000\377\000\000\377\000\000\377\000\000"
 139      FF0000FF 
 139      0000FF00 
 139      00
 140 0608 FF0000FF 		.ascii	"\377\000\000\377\000\000\377\000\000\377\000\000\377"
 140      0000FF00 
 140      00FF0000 
 140      FF
 141 0615 0000FF00 		.ascii	"\000\000\377\000\000\377\000\000\377\000\000\377\000"
 141      00FF0000 
 141      FF0000FF 
 141      00
 142 0622 00FF0000 		.ascii	"\000\377\000\000\377!\010\377!\010\377!\010\377!\010"
 142      FF2108FF 
 142      2108FF21 
 142      08FF2108 
 143 0632 FF4108FF 		.ascii	"\377A\010\377b\020\377\242\020\377\242\020\377\243\030"
 143      6210FFA2 
 143      10FFA210 
 143      FFA318
 144 0641 FFC318FF 		.ascii	"\377\303\030\377\343\030\377%)\377%)\377%)\377%)\377"
 144      E318FF25 
 144      29FF2529 
 144      FF2529FF 
 144      2529FF
 145 0654 2529FFC7 		.ascii	"%)\377\3079\377\3479\377\350A\377\010B\374\010B\367"
 145      39FFE739 
 145      FFE841FF 
 145      0842FC08 
 145      42F7
 146 0666 494AB749 		.ascii	"IJ\267IJ\250IJ\243IJ\243IJ\250IJ\223(B\177\2479k\004"
 146      4AA8494A 
 146      A3494AA3 
 146      494AA849 
 146      4A932842 
 147 067f 215C4108 		.ascii	"!\\A\010W\000\000W \000WA\010Wa\010Wa\010Wb\020W\242"
 147      57000057 
 147      20005741 
 147      08576108 
 147      57610857 
 148 0697 10578210 		.ascii	"\020W\202\020W\344 \234A\010\377\000\000\377!\010\377"
 148      57E4209C 
 148      4108FF00 
 148      00FF2108 
 148      FF
 149 06a8 2000FF00 		.ascii	" \000\377\000\000\377A\010\377!\010\377\000\000\377"
 149      00FF4108 
ARM GAS  C:\Users\gx\AppData\Local\Temp\ccG4fTFd.s 			page 10


 149      FF2108FF 
 149      0000FF
 150 06b7 0000FF00 		.ascii	"\000\000\377\000\000\377A\010\377\2061\377)J\220\202"
 150      00FF4108 
 150      FF8631FF 
 150      294A9082 
 151 06c7 10542529 		.ascii	"\020T%)W\2479W\350AW\010BWIJW\212RS\253ZK\313ZD\014"
 151      57A73957 
 151      E8415708 
 151      4257494A 
 151      578A5253 
 152 06e2 63374D6B 		.ascii	"c7Mk/ns'ns$ns$ns$\317{\027U\255\004\000\000\000\000"
 152      2F6E7327 
 152      6E73246E 
 152      73246E73 
 152      24CF7B17 
 153 06fd 00000000 		.ascii	"\000\000\000\000\000\000\000\000\000\000\000$!0a\010"
 153      00000000 
 153      00000024 
 153      21306108 
 154 070d F42108FF 		.ascii	"\364!\010\377\3079\377\2461\377A\010\377\202\020\377"
 154      C739FFA6 
 154      31FF4108 
 154      FF8210FF 
 155 071d C7397000 		.ascii	"\3079p\000\000\000\000\000\000\000\000\000\000\000\000"
 155      00000000 
 155      00000000 
 155      000000
 156 072c 00000000 		.ascii	"\000\000\000\000\000\000\000\000\000\000\000\000\000"
 156      00000000 
 156      00000000 
 156      00
 157 0739 00000000 		.ascii	"\000\000\000\000\000\000\000\000\000\000\000\000\000"
 157      00000000 
 157      00000000 
 157      00
 158 0746 00000000 		.ascii	"\000\000\000\000\000\000\000\000\000\000\000\000\000"
 158      00000000 
 158      00000000 
 158      00
 159 0753 00000000 		.ascii	"\000\000\000\000\000\000\000\000\000\000\000\000\000"
 159      00000000 
 159      00000000 
 159      00
 160 0760 00000000 		.ascii	"\000\000\000\000\000\000\000\000\000\000\000\000\000"
 160      00000000 
 160      00000000 
 160      00
 161 076d 00000000 		.ascii	"\000\000\000\000\000\000\000\000\000\000\000\000\000"
 161      00000000 
 161      00000000 
 161      00
 162 077a 00000000 		.ascii	"\000\000\000\000\000\000\000\000\000\000\000\000\000"
 162      00000000 
 162      00000000 
 162      00
 163 0787 00000000 		.ascii	"\000\000\000\000\000\000\000\000\000\000\000\000\000"
ARM GAS  C:\Users\gx\AppData\Local\Temp\ccG4fTFd.s 			page 11


 163      00000000 
 163      00000000 
 163      00
 164 0794 00000000 		.ascii	"\000\000\000\000\000\000\000\000\000\000\000\000\000"
 164      00000000 
 164      00000000 
 164      00
 165 07a1 00000000 		.ascii	"\000\000\000\000\000\000\000\000\000\000\000\000\000"
 165      00000000 
 165      00000000 
 165      00
 166 07ae 00000000 		.ascii	"\000\000\000\000\000\000\000\000\000\000\000\000\000"
 166      00000000 
 166      00000000 
 166      00
 167 07bb 00000000 		.ascii	"\000\000\000\000\000\000\000\000\000\000\000\000\000"
 167      00000000 
 167      00000000 
 167      00
 168 07c8 00000086 		.ascii	"\000\000\000\2061\314\000\000"
 168      31CC0000 
 169 07d0 FF0000FF 		.ascii	"\377\000\000\377 \000\377 \000\377\000\000\377\000\000"
 169      2000FF20 
 169      00FF0000 
 169      FF0000
 170 07df FF0421F8 		.ascii	"\377\004!\370\242\020\250\252Rt\000\000\000\000\000"
 170      A210A8AA 
 170      52740000 
 170      000000
 171 07ee 00000000 		.ascii	"\000\000\000\000\000\000\000\000\000\000\000\000\000"
 171      00000000 
 171      00000000 
 171      00
 172 07fb 00000000 		.ascii	"\000\000\000\000\000\000\000\000\000\000\000\000\000"
 172      00000000 
 172      00000000 
 172      00
 173 0808 00000000 		.ascii	"\000\000\000\000\000\000\000\000\000\000\000\000\000"
 173      00000000 
 173      00000000 
 173      00
 174 0815 00000000 		.ascii	"\000\000\000\000\000\000\000\000\000\000\000\000\000"
 174      00000000 
 174      00000000 
 174      00
 175 0822 00000000 		.ascii	"\000\000\000\000\000\000\000\000\000\000\000\000\000"
 175      00000000 
 175      00000000 
 175      00
 176 082f 00000000 		.ascii	"\000\000\000\000\000\000\000\000\252R+b\020\363b\020"
 176      00000000 
 176      AA522B62 
 176      10F36210 
 177 083f FF8210FF 		.ascii	"\377\202\020\377\202\020\363\303\030H\000\000\000\000"
 177      8210F3C3 
 177      18480000 
 177      0000
ARM GAS  C:\Users\gx\AppData\Local\Temp\ccG4fTFd.s 			page 12


 178 084d 00000000 		.ascii	"\000\000\000\000\000\000\000\000\000\000\000\000\000"
 178      00000000 
 178      00000000 
 178      00
 179 085a 00000000 		.ascii	"\000\000\000\000\000\000\000\000\000\000\000\000\000"
 179      00000000 
 179      00000000 
 179      00
 180 0867 00000000 		.ascii	"\000\000\000\000\000\000\000\000\000\000\000\000\000"
 180      00000000 
 180      00000000 
 180      00
 181 0874 00000000 		.ascii	"\000\000\000\000\000\000\000\000\000\000\000\000\000"
 181      00000000 
 181      00000000 
 181      00
 182 0881 00000000 		.ascii	"\000\000\000\000\000\000\000\000\000\000\000\000\000"
 182      00000000 
 182      00000000 
 182      00
 183 088e 00000000 		.ascii	"\000\000\000\000\000\000\000\000\000\000\000\000\000"
 183      00000000 
 183      00000000 
 183      00
 184 089b 00000000 		.ascii	"\000\000\000\000\000\000\000\000\000\000\000\000\000"
 184      00000000 
 184      00000000 
 184      00
 185 08a8 00000000 		.ascii	"\000\000\000\000\000\000\000\000\000\000\000\000\000"
 185      00000000 
 185      00000000 
 185      00
 186 08b5 00000000 		.ascii	"\000\000\000\000\000\000\000\000\000\000\000\000\000"
 186      00000000 
 186      00000000 
 186      00
 187 08c2 00000000 		.ascii	"\000\000\000\000\000\000\000\000\000\000\000\000\000"
 187      00000000 
 187      00000000 
 187      00
 188 08cf 00000000 		.ascii	"\000\000\000\000\000\000\000\000\000\000\000\000\000"
 188      00000000 
 188      00000000 
 188      00
 189 08dc 00000000 		.ascii	"\000\000\000\000\000\000\000\000\000\000\000\000\000"
 189      00000000 
 189      00000000 
 189      00
 190 08e9 00000000 		.ascii	"\000\000\000\000\000\000\000\000\000\000\000\000\000"
 190      00000000 
 190      00000000 
 190      00
 191 08f6 00CB5A18 		.ascii	"\000\313Z\030\2461\330b\020\377\000\000\377!\010\377"
 191      A631D862 
 191      10FF0000 
 191      FF2108FF 
 192 0906 6108ECC3 		.ascii	"a\010\354\303\030\207\3079\023\000\000\000\000\000\000"
ARM GAS  C:\Users\gx\AppData\Local\Temp\ccG4fTFd.s 			page 13


 192      1887C739 
 192      13000000 
 192      000000
 193 0915 00000000 		.ascii	"\000\000\000\000\000\000\000\000\000\000\000\000\000"
 193      00000000 
 193      00000000 
 193      00
 194 0922 00000000 		.ascii	"\000\000\000\000\000\000\000\000\000\000\000\000\000"
 194      00000000 
 194      00000000 
 194      00
 195 092f 00000000 		.ascii	"\000\000\000\000\000\000\000\000\000\000\000\000\000"
 195      00000000 
 195      00000000 
 195      00
 196 093c 00000000 		.ascii	"\000\000\000\000\000\000\000\000\000\000\000\000\000"
 196      00000000 
 196      00000000 
 196      00
 197 0949 00000000 		.ascii	"\000\000\000\000\000\000\000\000\000\000\000\000\000"
 197      00000000 
 197      00000000 
 197      00
 198 0956 00000000 		.ascii	"\000\000\000\000\000\000\000\000\000\000\000\000\000"
 198      00000000 
 198      00000000 
 198      00
 199 0963 000000EF 		.ascii	"\000\000\000\357{\014\350A_\010B\214\256s\027\000\000"
 199      7B0CE841 
 199      5F08428C 
 199      AE731700 
 199      00
 200 0974 00000000 		.ascii	"\000\000\000\000\000\000\000\000\000\000\000\000\000"
 200      00000000 
 200      00000000 
 200      00
 201 0981 00000000 		.ascii	"\000\000\000\000\000\000\000\000\000\000\000\000\000"
 201      00000000 
 201      00000000 
 201      00
 202 098e 00000000 		.ascii	"\000\000\000\000\000\000\000\000\000\000\000\000\000"
 202      00000000 
 202      00000000 
 202      00
 203 099b 00000000 		.ascii	"\000\000\000\000\000\000\000\000\000\000\000\000\000"
 203      00000000 
 203      00000000 
 203      00
 204 09a8 00000000 		.ascii	"\000\000\000\000\000\000\000\000\000\000\000\000\000"
 204      00000000 
 204      00000000 
 204      00
 205 09b5 00000000 		.ascii	"\000\000\000\000\000\000\000\000\000\000\000\000\000"
 205      00000000 
 205      00000000 
 205      00
 206 09c2 00000000 		.ascii	"\000\000\000\000\000\000\000\000\000\000\000\000\000"
ARM GAS  C:\Users\gx\AppData\Local\Temp\ccG4fTFd.s 			page 14


 206      00000000 
 206      00000000 
 206      00
 207 09cf 00000000 		.ascii	"\000\000\000\000\000\000\000\000\000\000\000\000\000"
 207      00000000 
 207      00000000 
 207      00
 208 09dc 00000000 		.ascii	"\000\000\000\000\000\000\000\000\000\000\000\000\000"
 208      00000000 
 208      00000000 
 208      00
 209 09e9 00000000 		.ascii	"\000\000\000\000\000\000\000\000\000\000\000\000\000"
 209      00000000 
 209      00000000 
 209      00
 210 09f6 00000000 		.ascii	"\000\000\000\000\000\000\000\000\000\000\000\000\000"
 210      00000000 
 210      00000000 
 210      00
 211 0a03 00000000 		.ascii	"\000\000\000\000\000\000\000\000\000\000\000\000\000"
 211      00000000 
 211      00000000 
 211      00
 212 0a10 00000000 		.ascii	"\000\000\000\000\000\000\000\000\000\000\000\000\000"
 212      00000000 
 212      00000000 
 212      00
 213 0a1d 00000000 		.ascii	"\000\000\000\000\000\000\000\000\000\000\000\000\307"
 213      00000000 
 213      00000000 
 213      C7
 214 0a2a 39542108 		.ascii	"9T!\010W$!W\3479\013\000\000\000\000\000\000\000\000"
 214      57242157 
 214      E7390B00 
 214      00000000 
 214      000000
 215 0a3d 00000000 		.ascii	"\000\000\000\000\000\000\000\000\000\000\000\000\000"
 215      00000000 
 215      00000000 
 215      00
 216 0a4a 00000000 		.ascii	"\000\000\000\000\000\000\000\000\000\000\000\000\000"
 216      00000000 
 216      00000000 
 216      00
 217 0a57 00000000 		.ascii	"\000\000\000\000\000\000\000\000\000\000\000\000\000"
 217      00000000 
 217      00000000 
 217      00
 218 0a64 00000000 		.ascii	"\000\000\000\000\000\000\000\000\000\000\000\000\000"
 218      00000000 
 218      00000000 
 218      00
 219 0a71 00000000 		.ascii	"\000\000\000\000\000\000\000\000\000\000\000\000\000"
 219      00000000 
 219      00000000 
 219      00
 220 0a7e 00000000 		.ascii	"\000\000\000\000\000\000\000\000\000\000\000\000\000"
ARM GAS  C:\Users\gx\AppData\Local\Temp\ccG4fTFd.s 			page 15


 220      00000000 
 220      00000000 
 220      00
 221 0a8b 00       		.ascii	"\000"
 222              		.text
 223              	.Letext0:
 224              		.file 1 "c:\\program files (x86)\\gnu arm embedded toolchain\\9 2020-q2-update\\arm-none-eabi\\inc
 225              		.file 2 "c:\\program files (x86)\\gnu arm embedded toolchain\\9 2020-q2-update\\arm-none-eabi\\inc
 226              		.file 3 "lvgl/lvgl/examples/assets/../../src/misc/lv_ll.h"
 227              		.file 4 "c:\\program files (x86)\\gnu arm embedded toolchain\\9 2020-q2-update\\lib\\gcc\\arm-none
 228              		.file 5 "c:\\program files (x86)\\gnu arm embedded toolchain\\9 2020-q2-update\\arm-none-eabi\\inc
 229              		.file 6 "c:\\program files (x86)\\gnu arm embedded toolchain\\9 2020-q2-update\\arm-none-eabi\\inc
 230              		.file 7 "c:\\program files (x86)\\gnu arm embedded toolchain\\9 2020-q2-update\\arm-none-eabi\\inc
 231              		.file 8 "d:\\practise\\f407_disc\\lvgl\\lvgl\\src\\misc\\lv_color.h"
 232              		.file 9 "d:\\practise\\f407_disc\\lvgl\\lvgl\\src\\misc\\lv_area.h"
 233              		.file 10 "d:\\practise\\f407_disc\\lvgl\\lvgl\\src\\draw\\lv_img_buf.h"
 234              		.file 11 "lvgl/lvgl/examples/assets/../../src/core/lv_obj.h"
 235              		.file 12 "lvgl/lvgl/examples/assets/../../src/core/lv_group.h"
 236              		.file 13 "d:\\practise\\f407_disc\\lvgl\\lvgl\\src\\font\\lv_font.h"
 237              		.file 14 "d:\\practise\\f407_disc\\lvgl\\lvgl\\src\\misc\\lv_txt.h"
 238              		.file 15 "d:\\practise\\f407_disc\\lvgl\\lvgl\\src\\misc\\lv_style.h"
 239              		.file 16 "lvgl/lvgl/examples/assets/../../src/core/lv_obj_scroll.h"
 240              		.file 17 "lvgl/lvgl/examples/assets/../../src/core/lv_obj_style.h"
 241              		.file 18 "d:\\practise\\f407_disc\\lvgl\\lvgl\\src\\draw\\lv_draw_label.h"
 242              		.file 19 "lvgl/lvgl/examples/assets/../../src/core/lv_obj_class.h"
 243              		.file 20 "lvgl/lvgl/examples/assets/../../src/core/lv_event.h"
 244              		.file 21 "lvgl/lvgl/examples/assets/../../src/widgets/lv_arc.h"
 245              		.file 22 "lvgl/lvgl/examples/assets/../../src/widgets/lv_btn.h"
 246              		.file 23 "lvgl/lvgl/examples/assets/../../src/widgets/lv_img.h"
 247              		.file 24 "lvgl/lvgl/examples/assets/../../src/widgets/lv_label.h"
 248              		.file 25 "lvgl/lvgl/examples/assets/../../src/widgets/lv_line.h"
 249              		.file 26 "lvgl/lvgl/examples/assets/../../src/widgets/lv_table.h"
 250              		.file 27 "lvgl/lvgl/examples/assets/../../src/widgets/lv_checkbox.h"
 251              		.file 28 "lvgl/lvgl/examples/assets/../../src/widgets/lv_bar.h"
 252              		.file 29 "lvgl/lvgl/examples/assets/../../src/widgets/lv_slider.h"
 253              		.file 30 "lvgl/lvgl/examples/assets/../../src/widgets/lv_btnmatrix.h"
 254              		.file 31 "lvgl/lvgl/examples/assets/../../src/widgets/lv_dropdown.h"
 255              		.file 32 "lvgl/lvgl/examples/assets/../../src/widgets/lv_roller.h"
 256              		.file 33 "lvgl/lvgl/examples/assets/../../src/widgets/lv_textarea.h"
 257              		.file 34 "lvgl/lvgl/examples/assets/../../src/widgets/lv_canvas.h"
 258              		.file 35 "lvgl/lvgl/examples/assets/../../src/widgets/lv_switch.h"
 259              		.file 36 "lvgl/lvgl/examples/assets/../../src/extra/widgets/animimg/lv_animimg.h"
 260              		.file 37 "lvgl/lvgl/examples/assets/../../src/extra/widgets/calendar/lv_calendar.h"
 261              		.file 38 "lvgl/lvgl/examples/assets/../../src/extra/widgets/calendar/lv_calendar_header_arrow.h"
 262              		.file 39 "lvgl/lvgl/examples/assets/../../src/extra/widgets/calendar/lv_calendar_header_dropdown.h
 263              		.file 40 "lvgl/lvgl/examples/assets/../../src/extra/widgets/chart/lv_chart.h"
 264              		.file 41 "lvgl/lvgl/examples/assets/../../src/extra/widgets/keyboard/lv_keyboard.h"
 265              		.file 42 "d:\\practise\\f407_disc\\lvgl\\lvgl\\src\\extra\\layouts\\flex\\lv_flex.h"
 266              		.file 43 "lvgl/lvgl/examples/assets/../../src/extra/widgets/list/lv_list.h"
 267              		.file 44 "lvgl/lvgl/examples/assets/../../src/extra/widgets/msgbox/lv_msgbox.h"
 268              		.file 45 "lvgl/lvgl/examples/assets/../../src/extra/widgets/meter/lv_meter.h"
 269              		.file 46 "lvgl/lvgl/examples/assets/../../src/extra/widgets/spinbox/lv_spinbox.h"
 270              		.file 47 "lvgl/lvgl/examples/assets/../../src/extra/widgets/spinner/lv_spinner.h"
 271              		.file 48 "lvgl/lvgl/examples/assets/../../src/extra/widgets/tabview/lv_tabview.h"
 272              		.file 49 "lvgl/lvgl/examples/assets/../../src/extra/widgets/tileview/lv_tileview.h"
 273              		.file 50 "lvgl/lvgl/examples/assets/../../src/extra/widgets/win/lv_win.h"
 274              		.file 51 "lvgl/lvgl/examples/assets/../../src/extra/widgets/colorwheel/lv_colorwheel.h"
ARM GAS  C:\Users\gx\AppData\Local\Temp\ccG4fTFd.s 			page 16


 275              		.file 52 "lvgl/lvgl/examples/assets/../../src/extra/widgets/led/lv_led.h"
 276              		.file 53 "lvgl/lvgl/examples/assets/../../src/extra/widgets/imgbtn/lv_imgbtn.h"
 277              		.file 54 "lvgl/lvgl/examples/assets/../../src/extra/widgets/span/lv_span.h"
 278              		.file 55 "lvgl/lvgl/examples/assets/../../src/extra/layouts/grid/lv_grid.h"
 279              		.file 56 "lvgl/lvgl/examples/assets/img_hand.c"
ARM GAS  C:\Users\gx\AppData\Local\Temp\ccG4fTFd.s 			page 17


DEFINED SYMBOLS
                            *ABS*:00000000 img_hand.c
C:\Users\gx\AppData\Local\Temp\ccG4fTFd.s:23     .rodata.img_hand:00000000 img_hand
C:\Users\gx\AppData\Local\Temp\ccG4fTFd.s:34     .rodata.img_hand_map:00000000 img_hand_map
C:\Users\gx\AppData\Local\Temp\ccG4fTFd.s:20     .rodata.img_hand:00000000 $d
C:\Users\gx\AppData\Local\Temp\ccG4fTFd.s:31     .rodata.img_hand_map:00000000 $d

NO UNDEFINED SYMBOLS
