ARM GAS  C:\Users\gx\AppData\Local\Temp\cck7txGc.s 			page 1


   1              		.cpu cortex-m4
   2              		.eabi_attribute 27, 1
   3              		.eabi_attribute 28, 1
   4              		.eabi_attribute 20, 1
   5              		.eabi_attribute 21, 1
   6              		.eabi_attribute 23, 3
   7              		.eabi_attribute 24, 1
   8              		.eabi_attribute 25, 1
   9              		.eabi_attribute 26, 1
  10              		.eabi_attribute 30, 1
  11              		.eabi_attribute 34, 1
  12              		.eabi_attribute 18, 4
  13              		.file	"imgbtn_left.c"
  14              		.text
  15              	.Ltext0:
  16              		.cfi_sections	.debug_frame
  17              		.global	imgbtn_left
  18              		.global	imgbtn_left_map
  19              		.section	.rodata.imgbtn_left,"a"
  20              		.align	2
  23              	imgbtn_left:
  24 0000 05       		.byte	5
  25 0001 20       		.byte	32
  26 0002 40       		.byte	64
  27 0003 06       		.byte	6
  28 0004 B0040000 		.word	1200
  29 0008 00000000 		.word	imgbtn_left_map
  30              		.section	.rodata.imgbtn_left_map,"a"
  31              		.align	2
  34              	imgbtn_left_map:
  35 0000 00000000 		.ascii	"\000\000\000\000\000\000\000\000\000\000j\000\000\000"
  35      00000000 
  35      00006A00 
  35      0000
  36 000e 00C06103 		.ascii	"\000\300a\003\300a\024\300a#\000\000\000\000\000\000"
  36      C06114C0 
  36      61230000 
  36      00000000 
  37 001e C0610000 		.ascii	"\300a\000\000\000\000\300a@\300a\260\200Y\340`Y\377"
  37      0000C061 
  37      40C061B0 
  37      8059E060 
  37      59FF
  38 0030 00000000 		.ascii	"\000\000\000\000\000\000\000\000\000\300ap\300a\374"
  38      00000000 
  38      00C06170 
  38      C061FC
  39 003f 016AFFF0 		.ascii	"\001j\377\360\264\377;\367\377\200i\000\000\000\000"
  39      B4FF3BF7 
  39      FF806900 
  39      000000
  40 004e C06173C0 		.ascii	"\300as\300a\377,\244\377\377\377\377\334\377\377\027"
  40      61FF2CA4 
  40      FFFFFFFF 
  40      DCFFFF17 
  41 005e FFFF0000 		.ascii	"\377\377\000\000\000\300a@\300a\374,\244\377\336\377"
  41      00C06140 
ARM GAS  C:\Users\gx\AppData\Local\Temp\cck7txGc.s 			page 2


  41      C061FC2C 
  41      A4FFDEFF 
  42 006e FFCCEDFF 		.ascii	"\377\314\355\377G\345\377\005\345\377\240a\003\300a"
  42      47E5FF05 
  42      E5FFA061 
  42      03C061
  43 007d B0016AFF 		.ascii	"\260\001j\377{\377\377G\345\377\005\345\377\005\345"
  43      7BFFFF47 
  43      E5FF05E5 
  43      FF05E5
  44 008c FF05E5FF 		.ascii	"\377\005\345\377\300a\024\200Y\340\020\265\377\354\365"
  44      C0611480 
  44      59E010B5 
  44      FFECF5
  45 009b FF05E5FF 		.ascii	"\377\005\345\377\005\345\377\005\345\377\005\345\377"
  45      05E5FF05 
  45      E5FF05E5 
  45      FF
  46 00a8 C0612460 		.ascii	"\300a$`Y\377S\346\377\004\345\377\005\345\377\005\345"
  46      59FF53E6 
  46      FF04E5FF 
  46      05E5FF05 
  46      E5
  47 00b9 FF05E5FF 		.ascii	"\377\005\345\377\005\345\377\300a'\200Y\377\253\355"
  47      05E5FFC0 
  47      61278059 
  47      FFABED
  48 00c8 FF05E5FF 		.ascii	"\377\005\345\377\005\345\377\005\345\377\005\345\377"
  48      05E5FF05 
  48      E5FF05E5 
  48      FF
  49 00d5 05E5FFC0 		.ascii	"\005\345\377\300a'\200Y\377&\345\377\005\345\377\005"
  49      61278059 
  49      FF26E5FF 
  49      05E5FF05 
  50 00e5 E5FF05E5 		.ascii	"\345\377\005\345\377\005\345\377\005\345\377\300a'\200"
  50      FF05E5FF 
  50      05E5FFC0 
  50      612780
  51 00f4 59FF05E5 		.ascii	"Y\377\005\345\377\005\345\377\005\345\377\005\345\377"
  51      FF05E5FF 
  51      05E5FF05 
  51      E5FF
  52 0102 05E5FF05 		.ascii	"\005\345\377\005\345\377\300a'\200Y\377\005\345\377"
  52      E5FFC061 
  52      278059FF 
  52      05E5FF
  53 0111 05E5FF05 		.ascii	"\005\345\377\005\345\377\005\345\377\005\345\377\005"
  53      E5FF05E5 
  53      FF05E5FF 
  53      05
  54 011e E5FFC061 		.ascii	"\345\377\300a'\200Y\377\005\345\377\005\345\377\005"
  54      278059FF 
  54      05E5FF05 
  54      E5FF05
  55 012d E5FF05E5 		.ascii	"\345\377\005\345\377\005\345\377\005\345\377\300a'\200"
  55      FF05E5FF 
ARM GAS  C:\Users\gx\AppData\Local\Temp\cck7txGc.s 			page 3


  55      05E5FFC0 
  55      612780
  56 013c 59FF05E5 		.ascii	"Y\377\005\345\377\005\345\377\005\345\377\005\345\377"
  56      FF05E5FF 
  56      05E5FF05 
  56      E5FF
  57 014a 05E5FF05 		.ascii	"\005\345\377\005\345\377\300a'\200Y\377\005\345\377"
  57      E5FFC061 
  57      278059FF 
  57      05E5FF
  58 0159 05E5FF05 		.ascii	"\005\345\377\005\345\377\005\345\377\005\345\377\005"
  58      E5FF05E5 
  58      FF05E5FF 
  58      05
  59 0166 E5FFC061 		.ascii	"\345\377\300a'\200Y\377\005\345\377\005\345\377\005"
  59      278059FF 
  59      05E5FF05 
  59      E5FF05
  60 0175 E5FF05E5 		.ascii	"\345\377\005\345\377\005\345\377\005\345\377\300a'\200"
  60      FF05E5FF 
  60      05E5FFC0 
  60      612780
  61 0184 59FF05E5 		.ascii	"Y\377\005\345\377\005\345\377\005\345\377\005\345\377"
  61      FF05E5FF 
  61      05E5FF05 
  61      E5FF
  62 0192 05E5FF05 		.ascii	"\005\345\377\005\345\377\300a'\200Y\377\005\345\377"
  62      E5FFC061 
  62      278059FF 
  62      05E5FF
  63 01a1 05E5FF05 		.ascii	"\005\345\377\005\345\377\005\345\377\005\345\377\005"
  63      E5FF05E5 
  63      FF05E5FF 
  63      05
  64 01ae E5FFC061 		.ascii	"\345\377\300a'\200Y\377\005\345\377\005\345\377\005"
  64      278059FF 
  64      05E5FF05 
  64      E5FF05
  65 01bd E5FF05E5 		.ascii	"\345\377\005\345\377\005\345\377\005\345\377\300a'\200"
  65      FF05E5FF 
  65      05E5FFC0 
  65      612780
  66 01cc 59FF05E5 		.ascii	"Y\377\005\345\377\005\345\377\005\345\377\005\345\377"
  66      FF05E5FF 
  66      05E5FF05 
  66      E5FF
  67 01da 05E5FF05 		.ascii	"\005\345\377\005\345\377\300a'\200Y\377\005\345\377"
  67      E5FFC061 
  67      278059FF 
  67      05E5FF
  68 01e9 05E5FF05 		.ascii	"\005\345\377\005\345\377\005\345\377\005\345\377\005"
  68      E5FF05E5 
  68      FF05E5FF 
  68      05
  69 01f6 E5FFC061 		.ascii	"\345\377\300a'\200Y\377\005\345\377\005\345\377\005"
  69      278059FF 
  69      05E5FF05 
ARM GAS  C:\Users\gx\AppData\Local\Temp\cck7txGc.s 			page 4


  69      E5FF05
  70 0205 E5FF05E5 		.ascii	"\345\377\005\345\377\005\345\377\005\345\377\300a'\200"
  70      FF05E5FF 
  70      05E5FFC0 
  70      612780
  71 0214 59FF05E5 		.ascii	"Y\377\005\345\377\005\345\377\005\345\377\005\345\377"
  71      FF05E5FF 
  71      05E5FF05 
  71      E5FF
  72 0222 05E5FF05 		.ascii	"\005\345\377\005\345\377\300a'\200Y\377\005\345\377"
  72      E5FFC061 
  72      278059FF 
  72      05E5FF
  73 0231 05E5FF05 		.ascii	"\005\345\377\005\345\377\005\345\377\005\345\377\005"
  73      E5FF05E5 
  73      FF05E5FF 
  73      05
  74 023e E5FFC061 		.ascii	"\345\377\300a'\200Y\377\005\345\377\005\345\377\005"
  74      278059FF 
  74      05E5FF05 
  74      E5FF05
  75 024d E5FF05E5 		.ascii	"\345\377\005\345\377\005\345\377\005\345\377\300a'\200"
  75      FF05E5FF 
  75      05E5FFC0 
  75      612780
  76 025c 59FF05E5 		.ascii	"Y\377\005\345\377\005\345\377\005\345\377\005\345\377"
  76      FF05E5FF 
  76      05E5FF05 
  76      E5FF
  77 026a 05E5FF05 		.ascii	"\005\345\377\005\345\377\300a'\200Y\377\005\345\377"
  77      E5FFC061 
  77      278059FF 
  77      05E5FF
  78 0279 05E5FF05 		.ascii	"\005\345\377\005\345\377\005\345\377\005\345\377\005"
  78      E5FF05E5 
  78      FF05E5FF 
  78      05
  79 0286 E5FFC061 		.ascii	"\345\377\300a'\200Y\377\005\345\377\005\345\377\005"
  79      278059FF 
  79      05E5FF05 
  79      E5FF05
  80 0295 E5FF05E5 		.ascii	"\345\377\005\345\377\005\345\377\005\345\377\300a'\200"
  80      FF05E5FF 
  80      05E5FFC0 
  80      612780
  81 02a4 59FF05E5 		.ascii	"Y\377\005\345\377\005\345\377\005\345\377\005\345\377"
  81      FF05E5FF 
  81      05E5FF05 
  81      E5FF
  82 02b2 05E5FF05 		.ascii	"\005\345\377\005\345\377\300a'\200Y\377\005\345\377"
  82      E5FFC061 
  82      278059FF 
  82      05E5FF
  83 02c1 05E5FF05 		.ascii	"\005\345\377\005\345\377\005\345\377\005\345\377\005"
  83      E5FF05E5 
  83      FF05E5FF 
  83      05
ARM GAS  C:\Users\gx\AppData\Local\Temp\cck7txGc.s 			page 5


  84 02ce E5FFC061 		.ascii	"\345\377\300a'\200Y\377%\345\377\005\345\377\005\345"
  84      278059FF 
  84      25E5FF05 
  84      E5FF05E5 
  85 02de FF05E5FF 		.ascii	"\377\005\345\377\005\345\377\005\345\377\300a'\200Y"
  85      05E5FF05 
  85      E5FFC061 
  85      278059
  86 02ed FF26E5FF 		.ascii	"\377&\345\377\005\345\377\005\345\377\005\345\377\005"
  86      05E5FF05 
  86      E5FF05E5 
  86      FF05
  87 02fb E5FF05E5 		.ascii	"\345\377\005\345\377\300a'\200Y\377(\345\377\005\345"
  87      FFC06127 
  87      8059FF28 
  87      E5FF05E5 
  88 030b FF05E5FF 		.ascii	"\377\005\345\377\005\345\377\005\345\377\005\345\377"
  88      05E5FF05 
  88      E5FF05E5 
  88      FF
  89 0318 C0612780 		.ascii	"\300a'\200Y\377f\304\377G\355\377\005\345\377\005\345"
  89      59FF66C4 
  89      FF47EDFF 
  89      05E5FF05 
  89      E5
  90 0329 FF05E5FF 		.ascii	"\377\005\345\377\005\345\377\300a'\240Y\377\002\223"
  90      05E5FFC0 
  90      6127A059 
  90      FF0293
  91 0338 FF89E5FF 		.ascii	"\377\211\345\377&\345\377\005\345\377\005\345\377\005"
  91      26E5FF05 
  91      E5FF05E5 
  91      FF05
  92 0346 E5FFC061 		.ascii	"\345\377\300a'\240Y\377\342\222\377\005\264\377\212"
  92      27A059FF 
  92      E292FF05 
  92      B4FF8A
  93 0355 EDFF47E5 		.ascii	"\355\377G\345\377%\345\377\005\345\377\300a#\200Q\377"
  93      FF25E5FF 
  93      05E5FFC0 
  93      61238051 
  93      FF
  94 0366 429BFFE1 		.ascii	"B\233\377\341\222\377\005\264\377\212\355\377\251\355"
  94      92FF05B4 
  94      FF8AEDFF 
  94      A9ED
  95 0374 FF68EDFF 		.ascii	"\377h\355\377\300a\027\200Q\344\342\212\377C\233\377"
  95      C0611780 
  95      51E4E28A 
  95      FF439BFF 
  96 0384 E292FF02 		.ascii	"\342\222\377\002\223\377f\304\377I\345\377\240a\007"
  96      93FF66C4 
  96      FF49E5FF 
  96      A06107
  97 0393 A059B8A0 		.ascii	"\240Y\270\240Y\377c\233\377C\233\377\002\223\377\341"
  97      59FF639B 
  97      FF439BFF 
ARM GAS  C:\Users\gx\AppData\Local\Temp\cck7txGc.s 			page 6


  97      0293FFE1 
  98 03a3 92FFC18A 		.ascii	"\222\377\301\212\377\000\000\000\200Q_@I\377br\377c"
  98      FF000000 
  98      80515F40 
  98      49FF6272 
  98      FF63
  99 03b5 9BFF439B 		.ascii	"\233\377C\233\377C\233\377C\233\377\000\000\000\000"
  99      FF439BFF 
  99      439BFF00 
  99      000000
 100 03c4 00042041 		.ascii	"\000\004 A\310 A\377\302\202\377C\233\377c\233\377C"
 100      C82041FF 
 100      C282FF43 
 100      9BFF639B 
 100      FF43
 101 03d6 9BFF4008 		.ascii	"\233\377@\010\000\000\000\014\000\000@\3400\304 A\377"
 101      0000000C 
 101      000040E0 
 101      30C42041 
 101      FF
 102 03e7 E159FFC2 		.ascii	"\341Y\377\302\202\377C\233\377\000\000\000\000\000\010"
 102      82FF439B 
 102      FF000000 
 102      000008
 103 03f6 00003400 		.ascii	"\000\0004\000\000T\300(\233 A\374 A\377 A\377\000\000"
 103      0054C028 
 103      9B2041FC 
 103      2041FF20 
 103      41FF0000 
 104 040a 00000004 		.ascii	"\000\000\000\004\000\000$\000\000O\000\000T\000\000"
 104      00002400 
 104      004F0000 
 104      540000
 105 0419 5BA0208B 		.ascii	"[\240 \213\3400\260\000\000\000\000\000\000\000\000"
 105      E030B000 
 105      00000000 
 105      000000
 106 0428 0F00003B 		.ascii	"\017\000\000;\000\000W\000\000X\000\000X\000\000W\000"
 106      00005700 
 106      00580000 
 106      58000057 
 106      00
 107 0439 00000000 		.ascii	"\000\000\000\000\000\000\000\003\000\000\033\000\000"
 107      00000003 
 107      00001B00 
 107      00
 108 0446 40000054 		.ascii	"@\000\000T\000\000X\000\000X\000\000\000\000\000\000"
 108      00005800 
 108      00580000 
 108      00000000 
 109 0456 00000000 		.ascii	"\000\000\000\000\000\004\000\000\030\000\0004\000\000"
 109      00040000 
 109      18000034 
 109      0000
 110 0464 48000050 		.ascii	"H\000\000P\000\000\000\000\000\000\000\000\000\000\000"
 110      00000000 
 110      00000000 
ARM GAS  C:\Users\gx\AppData\Local\Temp\cck7txGc.s 			page 7


 110      000000
 111 0473 00000003 		.ascii	"\000\000\000\003\000\000\013\000\000\033\000\000'\000"
 111      00000B00 
 111      001B0000 
 111      2700
 112 0481 00000000 		.ascii	"\000\000\000\000\000\000\000\000\000\000\000\000\000"
 112      00000000 
 112      00000000 
 112      00
 113 048e 00000000 		.ascii	"\000\000\000\000\000\000\000\000\000\003\000\000\000"
 113      00000000 
 113      00030000 
 113      00
 114 049b 00000000 		.ascii	"\000\000\000\000\000\000\000\000\000\000\000\000\000"
 114      00000000 
 114      00000000 
 114      00
 115 04a8 00000000 		.ascii	"\000\000\000\000\000\000\000\000"
 115      00000000 
 116              		.text
 117              	.Letext0:
 118              		.file 1 "c:\\program files (x86)\\gnu arm embedded toolchain\\9 2020-q2-update\\arm-none-eabi\\inc
 119              		.file 2 "c:\\program files (x86)\\gnu arm embedded toolchain\\9 2020-q2-update\\arm-none-eabi\\inc
 120              		.file 3 "lvgl/lvgl/src/misc/lv_ll.h"
 121              		.file 4 "c:\\program files (x86)\\gnu arm embedded toolchain\\9 2020-q2-update\\lib\\gcc\\arm-none
 122              		.file 5 "c:\\program files (x86)\\gnu arm embedded toolchain\\9 2020-q2-update\\arm-none-eabi\\inc
 123              		.file 6 "c:\\program files (x86)\\gnu arm embedded toolchain\\9 2020-q2-update\\arm-none-eabi\\inc
 124              		.file 7 "c:\\program files (x86)\\gnu arm embedded toolchain\\9 2020-q2-update\\arm-none-eabi\\inc
 125              		.file 8 "lvgl/lvgl/src/hal/../draw/../misc/lv_color.h"
 126              		.file 9 "lvgl/lvgl/src/hal/../draw/../misc/lv_area.h"
 127              		.file 10 "lvgl/lvgl/src/hal/../draw/lv_img_buf.h"
 128              		.file 11 "lvgl/lvgl/src/core/lv_obj.h"
 129              		.file 12 "lvgl/lvgl/src/core/lv_group.h"
 130              		.file 13 "lvgl/lvgl/src/core/../misc/../font/lv_font.h"
 131              		.file 14 "lvgl/lvgl/src/core/../misc/lv_txt.h"
 132              		.file 15 "lvgl/lvgl/src/core/../misc/lv_style.h"
 133              		.file 16 "lvgl/lvgl/src/core/lv_obj_scroll.h"
 134              		.file 17 "lvgl/lvgl/src/core/lv_obj_style.h"
 135              		.file 18 "lvgl/lvgl/src/core/../draw/lv_draw_label.h"
 136              		.file 19 "lvgl/lvgl/src/core/lv_obj_class.h"
 137              		.file 20 "lvgl/lvgl/src/core/lv_event.h"
 138              		.file 21 "lvgl/lvgl/src/widgets/lv_arc.h"
 139              		.file 22 "lvgl/lvgl/src/widgets/lv_btn.h"
 140              		.file 23 "lvgl/lvgl/src/widgets/lv_img.h"
 141              		.file 24 "lvgl/lvgl/src/widgets/lv_label.h"
 142              		.file 25 "lvgl/lvgl/src/widgets/lv_line.h"
 143              		.file 26 "lvgl/lvgl/src/widgets/lv_table.h"
 144              		.file 27 "lvgl/lvgl/src/widgets/lv_checkbox.h"
 145              		.file 28 "lvgl/lvgl/src/widgets/lv_bar.h"
 146              		.file 29 "lvgl/lvgl/src/widgets/lv_slider.h"
 147              		.file 30 "lvgl/lvgl/src/widgets/lv_btnmatrix.h"
 148              		.file 31 "lvgl/lvgl/src/widgets/lv_dropdown.h"
 149              		.file 32 "lvgl/lvgl/src/widgets/lv_roller.h"
 150              		.file 33 "lvgl/lvgl/src/widgets/lv_textarea.h"
 151              		.file 34 "lvgl/lvgl/src/widgets/lv_canvas.h"
 152              		.file 35 "lvgl/lvgl/src/widgets/lv_switch.h"
 153              		.file 36 "lvgl/lvgl/src/extra/widgets/animimg/lv_animimg.h"
ARM GAS  C:\Users\gx\AppData\Local\Temp\cck7txGc.s 			page 8


 154              		.file 37 "lvgl/lvgl/src/extra/widgets/calendar/lv_calendar.h"
 155              		.file 38 "lvgl/lvgl/src/extra/widgets/calendar/lv_calendar_header_arrow.h"
 156              		.file 39 "lvgl/lvgl/src/extra/widgets/calendar/lv_calendar_header_dropdown.h"
 157              		.file 40 "lvgl/lvgl/src/extra/widgets/chart/lv_chart.h"
 158              		.file 41 "lvgl/lvgl/src/extra/widgets/keyboard/lv_keyboard.h"
 159              		.file 42 "lvgl/lvgl/src/extra/widgets/list/../../layouts/flex/lv_flex.h"
 160              		.file 43 "lvgl/lvgl/src/extra/widgets/list/lv_list.h"
 161              		.file 44 "lvgl/lvgl/src/extra/widgets/msgbox/lv_msgbox.h"
 162              		.file 45 "lvgl/lvgl/src/extra/widgets/meter/lv_meter.h"
 163              		.file 46 "lvgl/lvgl/src/extra/widgets/spinbox/lv_spinbox.h"
 164              		.file 47 "lvgl/lvgl/src/extra/widgets/spinner/lv_spinner.h"
 165              		.file 48 "lvgl/lvgl/src/extra/widgets/tabview/lv_tabview.h"
 166              		.file 49 "lvgl/lvgl/src/extra/widgets/tileview/lv_tileview.h"
 167              		.file 50 "lvgl/lvgl/src/extra/widgets/win/lv_win.h"
 168              		.file 51 "lvgl/lvgl/src/extra/widgets/colorwheel/lv_colorwheel.h"
 169              		.file 52 "lvgl/lvgl/src/extra/widgets/led/lv_led.h"
 170              		.file 53 "lvgl/lvgl/src/extra/widgets/imgbtn/lv_imgbtn.h"
 171              		.file 54 "lvgl/lvgl/src/extra/widgets/span/lv_span.h"
 172              		.file 55 "lvgl/lvgl/src/extra/layouts/grid/lv_grid.h"
 173              		.file 56 "lvgl/lvgl/examples/assets/imgbtn_left.c"
ARM GAS  C:\Users\gx\AppData\Local\Temp\cck7txGc.s 			page 9


DEFINED SYMBOLS
                            *ABS*:00000000 imgbtn_left.c
C:\Users\gx\AppData\Local\Temp\cck7txGc.s:23     .rodata.imgbtn_left:00000000 imgbtn_left
C:\Users\gx\AppData\Local\Temp\cck7txGc.s:34     .rodata.imgbtn_left_map:00000000 imgbtn_left_map
C:\Users\gx\AppData\Local\Temp\cck7txGc.s:20     .rodata.imgbtn_left:00000000 $d
C:\Users\gx\AppData\Local\Temp\cck7txGc.s:31     .rodata.imgbtn_left_map:00000000 $d

NO UNDEFINED SYMBOLS
