ARM GAS  C:\Users\gx\AppData\Local\Temp\ccfw2Rn3.s 			page 1


   1              		.cpu cortex-m4
   2              		.eabi_attribute 27, 1
   3              		.eabi_attribute 28, 1
   4              		.eabi_attribute 20, 1
   5              		.eabi_attribute 21, 1
   6              		.eabi_attribute 23, 3
   7              		.eabi_attribute 24, 1
   8              		.eabi_attribute 25, 1
   9              		.eabi_attribute 26, 1
  10              		.eabi_attribute 30, 1
  11              		.eabi_attribute 34, 1
  12              		.eabi_attribute 18, 4
  13              		.file	"imgbtn_right.c"
  14              		.text
  15              	.Ltext0:
  16              		.cfi_sections	.debug_frame
  17              		.global	imgbtn_right
  18              		.global	imgbtn_right_map
  19              		.section	.rodata.imgbtn_right,"a"
  20              		.align	2
  23              	imgbtn_right:
  24 0000 05       		.byte	5
  25 0001 20       		.byte	32
  26 0002 40       		.byte	64
  27 0003 06       		.byte	6
  28 0004 B0040000 		.word	1200
  29 0008 00000000 		.word	imgbtn_right_map
  30              		.section	.rodata.imgbtn_right_map,"a"
  31              		.align	2
  34              	imgbtn_right_map:
  35 0000 C06123C0 		.ascii	"\300a#\300a\024\300a\004\000\000\000\300a\000\000\000"
  35      6114C061 
  35      04000000 
  35      C0610000 
  35      00
  36 0011 00000000 		.ascii	"\000\000\000\000\000\000\000`Y\377\200Y\337\300a\260"
  36      00000060 
  36      59FF8059 
  36      DFC061B0 
  37 0021 C0613400 		.ascii	"\300a4\000\000\000\300a\000\000\000\000\000\000\000"
  37      0000C061 
  37      00000000 
  37      000000
  38 0030 5CF7FF10 		.ascii	"\\\367\377\020\265\377\001j\377\300a\377\300a\200\000"
  38      B5FF016A 
  38      FFC061FF 
  38      C0618000 
  39 0040 00000000 		.ascii	"\000\000\000\000\000\000\000\000\027\377\377\274\377"
  39      00000000 
  39      17FFFFBC 
  39      FF
  40 004d FFFFFFFF 		.ascii	"\377\377\377\377,\244\377\200Y\377\300aw\000\000\000"
  40      2CA4FF80 
  40      59FFC061 
  40      77000000 
  41 005d C0610005 		.ascii	"\300a\000\005\345\377G\345\377\354\355\377\377\377\377"
  41      E5FF47E5 
ARM GAS  C:\Users\gx\AppData\Local\Temp\ccfw2Rn3.s 			page 2


  41      FFECEDFF 
  41      FFFFFF
  42 006c AEACFF80 		.ascii	"\256\254\377\200Y\374\300a#\000\000\000\005\345\377"
  42      59FCC061 
  42      23000000 
  42      05E5FF
  43 007b 05E5FF05 		.ascii	"\005\345\377\005\345\377G\345\377\275\377\377\245z\377"
  43      E5FF47E5 
  43      FFBDFFFF 
  43      A57AFF
  44 008a C061B400 		.ascii	"\300a\264\000\000\000\005\345\377\005\345\377\005\345"
  44      000005E5 
  44      FF05E5FF 
  44      05E5
  45 0098 FF05E5FF 		.ascii	"\377\005\345\377\211\355\377\317\264\377\300a\377\300"
  45      89EDFFCF 
  45      B4FFC061 
  45      FFC0
  46 00a6 610705E5 		.ascii	"a\007\005\345\377\005\345\377\005\345\377\005\345\377"
  46      FF05E5FF 
  46      05E5FF05 
  46      E5FF
  47 00b4 25E5FF0C 		.ascii	"%\345\377\014\315\377\341a\377\300aG\005\345\377\005"
  47      CDFFE161 
  47      FFC06147 
  47      05E5FF05 
  48 00c4 E5FF05E5 		.ascii	"\345\377\005\345\377\005\345\377\005\345\377\247\314"
  48      FF05E5FF 
  48      05E5FFA7 
  48      CC
  49 00d1 FFE061FF 		.ascii	"\377\340a\377\300aT\005\345\377\005\345\377\005\345"
  49      C0615405 
  49      E5FF05E5 
  49      FF05E5
  50 00e0 FF05E5FF 		.ascii	"\377\005\345\377\005\345\377d\304\377\340a\377\300a"
  50      05E5FF64 
  50      C4FFE061 
  50      FFC061
  51 00ef 5705E5FF 		.ascii	"W\005\345\377\005\345\377\005\345\377\005\345\377\005"
  51      05E5FF05 
  51      E5FF05E5 
  51      FF05
  52 00fd E5FF44C4 		.ascii	"\345\377D\304\377\340a\377\300aT\005\345\377\005\345"
  52      FFE061FF 
  52      C0615405 
  52      E5FF05E5 
  53 010d FF05E5FF 		.ascii	"\377\005\345\377\005\345\377\005\345\377d\304\377\340"
  53      05E5FF05 
  53      E5FF64C4 
  53      FFE0
  54 011b 61FFC061 		.ascii	"a\377\300aT\005\345\377\005\345\377\005\345\377\005"
  54      5405E5FF 
  54      05E5FF05 
  54      E5FF05
  55 012a E5FF05E5 		.ascii	"\345\377\005\345\377d\304\377\340a\377\300aT\005\345"
  55      FF64C4FF 
  55      E061FFC0 
ARM GAS  C:\Users\gx\AppData\Local\Temp\ccfw2Rn3.s 			page 3


  55      615405E5 
  56 013a FF05E5FF 		.ascii	"\377\005\345\377\005\345\377\005\345\377\005\345\377"
  56      05E5FF05 
  56      E5FF05E5 
  56      FF
  57 0147 64C4FFE0 		.ascii	"d\304\377\340a\377\300aT\005\345\377\005\345\377\005"
  57      61FFC061 
  57      5405E5FF 
  57      05E5FF05 
  58 0157 E5FF05E5 		.ascii	"\345\377\005\345\377\005\345\377d\304\377\340a\377\300"
  58      FF05E5FF 
  58      64C4FFE0 
  58      61FFC0
  59 0166 615405E5 		.ascii	"aT\005\345\377\005\345\377\005\345\377\005\345\377\005"
  59      FF05E5FF 
  59      05E5FF05 
  59      E5FF05
  60 0175 E5FF64C4 		.ascii	"\345\377d\304\377\340a\377\300aT\005\345\377\005\345"
  60      FFE061FF 
  60      C0615405 
  60      E5FF05E5 
  61 0185 FF05E5FF 		.ascii	"\377\005\345\377\005\345\377\005\345\377d\304\377\340"
  61      05E5FF05 
  61      E5FF64C4 
  61      FFE0
  62 0193 61FFC061 		.ascii	"a\377\300aT\005\345\377\005\345\377\005\345\377\005"
  62      5405E5FF 
  62      05E5FF05 
  62      E5FF05
  63 01a2 E5FF05E5 		.ascii	"\345\377\005\345\377d\304\377\340a\377\300aT\005\345"
  63      FF64C4FF 
  63      E061FFC0 
  63      615405E5 
  64 01b2 FF05E5FF 		.ascii	"\377\005\345\377\005\345\377\005\345\377\005\345\377"
  64      05E5FF05 
  64      E5FF05E5 
  64      FF
  65 01bf 64C4FFE0 		.ascii	"d\304\377\340a\377\300aT\005\345\377\005\345\377\005"
  65      61FFC061 
  65      5405E5FF 
  65      05E5FF05 
  66 01cf E5FF05E5 		.ascii	"\345\377\005\345\377\005\345\377d\304\377\340a\377\300"
  66      FF05E5FF 
  66      64C4FFE0 
  66      61FFC0
  67 01de 615405E5 		.ascii	"aT\005\345\377\005\345\377\005\345\377\005\345\377\005"
  67      FF05E5FF 
  67      05E5FF05 
  67      E5FF05
  68 01ed E5FF64C4 		.ascii	"\345\377d\304\377\340a\377\300aT\005\345\377\005\345"
  68      FFE061FF 
  68      C0615405 
  68      E5FF05E5 
  69 01fd FF05E5FF 		.ascii	"\377\005\345\377\005\345\377\005\345\377d\304\377\340"
  69      05E5FF05 
  69      E5FF64C4 
  69      FFE0
ARM GAS  C:\Users\gx\AppData\Local\Temp\ccfw2Rn3.s 			page 4


  70 020b 61FFC061 		.ascii	"a\377\300aT\005\345\377\005\345\377\005\345\377\005"
  70      5405E5FF 
  70      05E5FF05 
  70      E5FF05
  71 021a E5FF05E5 		.ascii	"\345\377\005\345\377d\304\377\340a\377\300aT\005\345"
  71      FF64C4FF 
  71      E061FFC0 
  71      615405E5 
  72 022a FF05E5FF 		.ascii	"\377\005\345\377\005\345\377\005\345\377\005\345\377"
  72      05E5FF05 
  72      E5FF05E5 
  72      FF
  73 0237 64C4FFE0 		.ascii	"d\304\377\340a\377\300aT\005\345\377\005\345\377\005"
  73      61FFC061 
  73      5405E5FF 
  73      05E5FF05 
  74 0247 E5FF05E5 		.ascii	"\345\377\005\345\377\005\345\377d\304\377\340a\377\300"
  74      FF05E5FF 
  74      64C4FFE0 
  74      61FFC0
  75 0256 615405E5 		.ascii	"aT\005\345\377\005\345\377\005\345\377\005\345\377\005"
  75      FF05E5FF 
  75      05E5FF05 
  75      E5FF05
  76 0265 E5FF64C4 		.ascii	"\345\377d\304\377\340a\377\300aT\005\345\377\005\345"
  76      FFE061FF 
  76      C0615405 
  76      E5FF05E5 
  77 0275 FF05E5FF 		.ascii	"\377\005\345\377\005\345\377\005\345\377d\304\377\340"
  77      05E5FF05 
  77      E5FF64C4 
  77      FFE0
  78 0283 61FFC061 		.ascii	"a\377\300aT\005\345\377\005\345\377\005\345\377\005"
  78      5405E5FF 
  78      05E5FF05 
  78      E5FF05
  79 0292 E5FF05E5 		.ascii	"\345\377\005\345\377d\304\377\340a\377\300aT\005\345"
  79      FF64C4FF 
  79      E061FFC0 
  79      615405E5 
  80 02a2 FF05E5FF 		.ascii	"\377\005\345\377\005\345\377\005\345\377\005\345\377"
  80      05E5FF05 
  80      E5FF05E5 
  80      FF
  81 02af 64C4FFE0 		.ascii	"d\304\377\340a\377\300aT\005\345\377\005\345\377\005"
  81      61FFC061 
  81      5405E5FF 
  81      05E5FF05 
  82 02bf E5FF05E5 		.ascii	"\345\377\005\345\377\005\345\377D\304\377\340a\377\300"
  82      FF05E5FF 
  82      44C4FFE0 
  82      61FFC0
  83 02ce 615405E5 		.ascii	"aT\005\345\377\005\345\377\005\345\377\005\345\377\005"
  83      FF05E5FF 
  83      05E5FF05 
  83      E5FF05
  84 02dd E5FF64C4 		.ascii	"\345\377d\304\377\340a\377\300aT\005\345\377\005\345"
ARM GAS  C:\Users\gx\AppData\Local\Temp\ccfw2Rn3.s 			page 5


  84      FFE061FF 
  84      C0615405 
  84      E5FF05E5 
  85 02ed FF05E5FF 		.ascii	"\377\005\345\377\005\345\377\005\345\377e\314\377\340"
  85      05E5FF05 
  85      E5FF65CC 
  85      FFE0
  86 02fb 61FFC061 		.ascii	"a\377\300aT\005\345\377\005\345\377\005\345\377\005"
  86      5405E5FF 
  86      05E5FF05 
  86      E5FF05
  87 030a E5FF25E5 		.ascii	"\345\377%\345\377e\304\377\340a\377\300aT\005\345\377"
  87      FF65C4FF 
  87      E061FFC0 
  87      615405E5 
  87      FF
  88 031b 05E5FF05 		.ascii	"\005\345\377\005\345\377\005\345\377&\345\377\005\264"
  88      E5FF05E5 
  88      FF26E5FF 
  88      05B4
  89 0329 FFC061FF 		.ascii	"\377\300a\377\300aT\005\345\377\005\345\377\005\345"
  89      C0615405 
  89      E5FF05E5 
  89      FF05E5
  90 0338 FF26E5FF 		.ascii	"\377&\345\377\211\345\377#\223\377\300a\377\300aT\005"
  90      89E5FF23 
  90      93FFC061 
  90      FFC06154 
  90      05
  91 0349 E5FF26E5 		.ascii	"\345\377&\345\377G\345\377\212\355\377%\274\377\201"
  91      FF47E5FF 
  91      8AEDFF25 
  91      BCFF81
  92 0358 82FFC061 		.ascii	"\202\377\300a\377\300aTh\355\377\211\355\377\212\345"
  92      FFC06154 
  92      68EDFF89 
  92      EDFF8AE5 
  93 0368 FFE5B3FF 		.ascii	"\377\345\263\377\341\222\377\342\212\377\300a\377\300"
  93      E192FFE2 
  93      8AFFC061 
  93      FFC0
  94 0376 614449E5 		.ascii	"aDI\345\377f\304\377\002\233\377\341\222\377\"\233\377"
  94      FF66C4FF 
  94      029BFFE1 
  94      92FF229B 
  94      FF
  95 0387 C282FFA0 		.ascii	"\302\202\377\240Y\377\340i\014\301\212\377\341\222\377"
  95      59FFE069 
  95      0CC18AFF 
  95      E192FF
  96 0396 0293FF43 		.ascii	"\002\223\377C\233\377C\233\377\341a\377\240Y\313\000"
  96      9BFF439B 
  96      FFE161FF 
  96      A059CB00 
  97 03a6 0000439B 		.ascii	"\000\000C\233\377C\233\377C\233\377c\233\377\202z\377"
  97      FF439BFF 
  97      439BFF63 
ARM GAS  C:\Users\gx\AppData\Local\Temp\ccfw2Rn3.s 			page 6


  97      9BFF827A 
  97      FF
  98 03b7 4049FF60 		.ascii	"@I\377`I@\000\000\000C\233\377c\233\377C\233\377\242"
  98      49400000 
  98      00439BFF 
  98      639BFF43 
  98      9BFFA2
  99 03ca 7AFF0039 		.ascii	"z\377\0009\377 A\260 \010\020\000\000\000C\233\377\302"
  99      FF2041B0 
  99      20081000 
  99      0000439B 
  99      FFC2
 100 03dc 82FFE159 		.ascii	"\202\377\341Y\377 A\377\0009\307@\010D\000\000\014\000"
 100      FF2041FF 
 100      0039C740 
 100      08440000 
 100      0C00
 101 03ee 00002041 		.ascii	"\000\000 A\377 A\377 A\370\240(\223\000\000W\000\000"
 101      FF2041FF 
 101      2041F8A0 
 101      28930000 
 101      570000
 102 0401 34000008 		.ascii	"4\000\000\010\000\000\000\3400\260\240 \214\000\000"
 102      000000E0 
 102      30B0A020 
 102      8C0000
 103 0410 5C000054 		.ascii	"\\\000\000T\000\000P\000\000$\000\000\004\000\000\000"
 103      00005000 
 103      00240000 
 103      04000000 
 104 0420 00005700 		.ascii	"\000\000W\000\000X\000\000X\000\000W\000\000<\000\000"
 104      00580000 
 104      58000057 
 104      00003C00 
 104      00
 105 0431 10000000 		.ascii	"\020\000\000\000\000\000\000\000\000X\000\000X\000\000"
 105      00000000 
 105      00580000 
 105      580000
 106 0440 54000040 		.ascii	"T\000\000@\000\000\033\000\000\003\000\000\000\000\000"
 106      00001B00 
 106      00030000 
 106      000000
 107 044f 00000050 		.ascii	"\000\000\000P\000\000H\000\0004\000\000\030\000\000"
 107      00004800 
 107      00340000 
 107      180000
 108 045e 04000000 		.ascii	"\004\000\000\000\000\000\000\000\000\000\000\000'\000"
 108      00000000 
 108      00000000 
 108      2700
 109 046c 00180000 		.ascii	"\000\030\000\000\013\000\000\003\000\000\000\000\000"
 109      0B000003 
 109      00000000 
 109      00
 110 0479 00000000 		.ascii	"\000\000\000\000\000\000\000\000\000\003\000\000\000"
 110      00000000 
ARM GAS  C:\Users\gx\AppData\Local\Temp\ccfw2Rn3.s 			page 7


 110      00030000 
 110      00
 111 0486 00000000 		.ascii	"\000\000\000\000\000\000\000\000\000\000\000\000\000"
 111      00000000 
 111      00000000 
 111      00
 112 0493 00000000 		.ascii	"\000\000\000\000\000\000\000\000\000\000\000\000\000"
 112      00000000 
 112      00000000 
 112      00
 113 04a0 00000000 		.ascii	"\000\000\000\000\000\000\000\000\000\000\000\000\000"
 113      00000000 
 113      00000000 
 113      00
 114 04ad 000000   		.ascii	"\000\000\000"
 115              		.text
 116              	.Letext0:
 117              		.file 1 "c:\\program files (x86)\\gnu arm embedded toolchain\\9 2020-q2-update\\arm-none-eabi\\inc
 118              		.file 2 "c:\\program files (x86)\\gnu arm embedded toolchain\\9 2020-q2-update\\arm-none-eabi\\inc
 119              		.file 3 "lvgl/lvgl/src/misc/lv_ll.h"
 120              		.file 4 "c:\\program files (x86)\\gnu arm embedded toolchain\\9 2020-q2-update\\lib\\gcc\\arm-none
 121              		.file 5 "c:\\program files (x86)\\gnu arm embedded toolchain\\9 2020-q2-update\\arm-none-eabi\\inc
 122              		.file 6 "c:\\program files (x86)\\gnu arm embedded toolchain\\9 2020-q2-update\\arm-none-eabi\\inc
 123              		.file 7 "c:\\program files (x86)\\gnu arm embedded toolchain\\9 2020-q2-update\\arm-none-eabi\\inc
 124              		.file 8 "lvgl/lvgl/src/hal/../draw/../misc/lv_color.h"
 125              		.file 9 "lvgl/lvgl/src/hal/../draw/../misc/lv_area.h"
 126              		.file 10 "lvgl/lvgl/src/hal/../draw/lv_img_buf.h"
 127              		.file 11 "lvgl/lvgl/src/core/lv_obj.h"
 128              		.file 12 "lvgl/lvgl/src/core/lv_group.h"
 129              		.file 13 "lvgl/lvgl/src/core/../misc/../font/lv_font.h"
 130              		.file 14 "lvgl/lvgl/src/core/../misc/lv_txt.h"
 131              		.file 15 "lvgl/lvgl/src/core/../misc/lv_style.h"
 132              		.file 16 "lvgl/lvgl/src/core/lv_obj_scroll.h"
 133              		.file 17 "lvgl/lvgl/src/core/lv_obj_style.h"
 134              		.file 18 "lvgl/lvgl/src/core/../draw/lv_draw_label.h"
 135              		.file 19 "lvgl/lvgl/src/core/lv_obj_class.h"
 136              		.file 20 "lvgl/lvgl/src/core/lv_event.h"
 137              		.file 21 "lvgl/lvgl/src/widgets/lv_arc.h"
 138              		.file 22 "lvgl/lvgl/src/widgets/lv_btn.h"
 139              		.file 23 "lvgl/lvgl/src/widgets/lv_img.h"
 140              		.file 24 "lvgl/lvgl/src/widgets/lv_label.h"
 141              		.file 25 "lvgl/lvgl/src/widgets/lv_line.h"
 142              		.file 26 "lvgl/lvgl/src/widgets/lv_table.h"
 143              		.file 27 "lvgl/lvgl/src/widgets/lv_checkbox.h"
 144              		.file 28 "lvgl/lvgl/src/widgets/lv_bar.h"
 145              		.file 29 "lvgl/lvgl/src/widgets/lv_slider.h"
 146              		.file 30 "lvgl/lvgl/src/widgets/lv_btnmatrix.h"
 147              		.file 31 "lvgl/lvgl/src/widgets/lv_dropdown.h"
 148              		.file 32 "lvgl/lvgl/src/widgets/lv_roller.h"
 149              		.file 33 "lvgl/lvgl/src/widgets/lv_textarea.h"
 150              		.file 34 "lvgl/lvgl/src/widgets/lv_canvas.h"
 151              		.file 35 "lvgl/lvgl/src/widgets/lv_switch.h"
 152              		.file 36 "lvgl/lvgl/src/extra/widgets/animimg/lv_animimg.h"
 153              		.file 37 "lvgl/lvgl/src/extra/widgets/calendar/lv_calendar.h"
 154              		.file 38 "lvgl/lvgl/src/extra/widgets/calendar/lv_calendar_header_arrow.h"
 155              		.file 39 "lvgl/lvgl/src/extra/widgets/calendar/lv_calendar_header_dropdown.h"
 156              		.file 40 "lvgl/lvgl/src/extra/widgets/chart/lv_chart.h"
ARM GAS  C:\Users\gx\AppData\Local\Temp\ccfw2Rn3.s 			page 8


 157              		.file 41 "lvgl/lvgl/src/extra/widgets/keyboard/lv_keyboard.h"
 158              		.file 42 "lvgl/lvgl/src/extra/widgets/list/../../layouts/flex/lv_flex.h"
 159              		.file 43 "lvgl/lvgl/src/extra/widgets/list/lv_list.h"
 160              		.file 44 "lvgl/lvgl/src/extra/widgets/msgbox/lv_msgbox.h"
 161              		.file 45 "lvgl/lvgl/src/extra/widgets/meter/lv_meter.h"
 162              		.file 46 "lvgl/lvgl/src/extra/widgets/spinbox/lv_spinbox.h"
 163              		.file 47 "lvgl/lvgl/src/extra/widgets/spinner/lv_spinner.h"
 164              		.file 48 "lvgl/lvgl/src/extra/widgets/tabview/lv_tabview.h"
 165              		.file 49 "lvgl/lvgl/src/extra/widgets/tileview/lv_tileview.h"
 166              		.file 50 "lvgl/lvgl/src/extra/widgets/win/lv_win.h"
 167              		.file 51 "lvgl/lvgl/src/extra/widgets/colorwheel/lv_colorwheel.h"
 168              		.file 52 "lvgl/lvgl/src/extra/widgets/led/lv_led.h"
 169              		.file 53 "lvgl/lvgl/src/extra/widgets/imgbtn/lv_imgbtn.h"
 170              		.file 54 "lvgl/lvgl/src/extra/widgets/span/lv_span.h"
 171              		.file 55 "lvgl/lvgl/src/extra/layouts/grid/lv_grid.h"
 172              		.file 56 "lvgl/lvgl/examples/assets/imgbtn_right.c"
ARM GAS  C:\Users\gx\AppData\Local\Temp\ccfw2Rn3.s 			page 9


DEFINED SYMBOLS
                            *ABS*:00000000 imgbtn_right.c
C:\Users\gx\AppData\Local\Temp\ccfw2Rn3.s:23     .rodata.imgbtn_right:00000000 imgbtn_right
C:\Users\gx\AppData\Local\Temp\ccfw2Rn3.s:34     .rodata.imgbtn_right_map:00000000 imgbtn_right_map
C:\Users\gx\AppData\Local\Temp\ccfw2Rn3.s:20     .rodata.imgbtn_right:00000000 $d
C:\Users\gx\AppData\Local\Temp\ccfw2Rn3.s:31     .rodata.imgbtn_right_map:00000000 $d

NO UNDEFINED SYMBOLS
