ARM GAS  C:\Users\gx\AppData\Local\Temp\ccm6sqBj.s 			page 1


   1              		.cpu cortex-m4
   2              		.eabi_attribute 27, 1
   3              		.eabi_attribute 28, 1
   4              		.eabi_attribute 20, 1
   5              		.eabi_attribute 21, 1
   6              		.eabi_attribute 23, 3
   7              		.eabi_attribute 24, 1
   8              		.eabi_attribute 25, 1
   9              		.eabi_attribute 26, 1
  10              		.eabi_attribute 30, 1
  11              		.eabi_attribute 34, 1
  12              		.eabi_attribute 18, 4
  13              		.file	"imgbtn_mid.c"
  14              		.text
  15              	.Ltext0:
  16              		.cfi_sections	.debug_frame
  17              		.global	imgbtn_mid
  18              		.global	imgbtn_mid_map
  19              		.section	.rodata.imgbtn_mid,"a"
  20              		.align	2
  23              	imgbtn_mid:
  24 0000 05       		.byte	5
  25 0001 14       		.byte	20
  26 0002 20       		.byte	32
  27 0003 06       		.byte	6
  28 0004 DF020000 		.word	735
  29 0008 00000000 		.word	imgbtn_mid_map
  30              		.section	.rodata.imgbtn_mid_map,"a"
  31              		.align	2
  34              	imgbtn_mid_map:
  35 0000 C06127C0 		.ascii	"\300a'\300a'\300a'\300a'\300a'@Q\377@Q\377@Q\377@Q\377"
  35      6127C061 
  35      27C06127 
  35      C0612740 
  35      51FF4051 
  36 001b 4051FFFF 		.ascii	"@Q\377\377\377\377\377\377\377\377\377\377\377\377\377"
  36      FFFFFFFF 
  36      FFFFFFFF 
  36      FFFFFF
  37 002a FFFFFFF6 		.ascii	"\377\377\377\366\366\377\366\366\377\366\366\377\366"
  37      F6FFF6F6 
  37      FFF6F6FF 
  37      F6
  38 0037 F6FFF6F6 		.ascii	"\366\377\366\366\377\005\345\377\005\345\377\005\345"
  38      FF05E5FF 
  38      05E5FF05 
  38      E5
  39 0044 FF05E5FF 		.ascii	"\377\005\345\377\005\345\377\005\345\377\005\345\377"
  39      05E5FF05 
  39      E5FF05E5 
  39      FF
  40 0051 05E5FF05 		.ascii	"\005\345\377\005\345\377\005\345\377\005\345\377\005"
  40      E5FF05E5 
  40      FF05E5FF 
  40      05
  41 005e E5FF05E5 		.ascii	"\345\377\005\345\377\005\345\377\005\345\377\005\345"
  41      FF05E5FF 
ARM GAS  C:\Users\gx\AppData\Local\Temp\ccm6sqBj.s 			page 2


  41      05E5FF05 
  41      E5
  42 006b FF05E5FF 		.ascii	"\377\005\345\377\005\345\377\005\345\377\005\345\377"
  42      05E5FF05 
  42      E5FF05E5 
  42      FF
  43 0078 05E5FF05 		.ascii	"\005\345\377\005\345\377\005\345\377\005\345\377\005"
  43      E5FF05E5 
  43      FF05E5FF 
  43      05
  44 0085 E5FF05E5 		.ascii	"\345\377\005\345\377\005\345\377\005\345\377\005\345"
  44      FF05E5FF 
  44      05E5FF05 
  44      E5
  45 0092 FF05E5FF 		.ascii	"\377\005\345\377\005\345\377\005\345\377\005\345\377"
  45      05E5FF05 
  45      E5FF05E5 
  45      FF
  46 009f 05E5FF05 		.ascii	"\005\345\377\005\345\377\005\345\377\005\345\377\005"
  46      E5FF05E5 
  46      FF05E5FF 
  46      05
  47 00ac E5FF05E5 		.ascii	"\345\377\005\345\377\005\345\377\005\345\377\005\345"
  47      FF05E5FF 
  47      05E5FF05 
  47      E5
  48 00b9 FF05E5FF 		.ascii	"\377\005\345\377\005\345\377\005\345\377\005\345\377"
  48      05E5FF05 
  48      E5FF05E5 
  48      FF
  49 00c6 05E5FF05 		.ascii	"\005\345\377\005\345\377\005\345\377\005\345\377\005"
  49      E5FF05E5 
  49      FF05E5FF 
  49      05
  50 00d3 E5FF05E5 		.ascii	"\345\377\005\345\377\005\345\377\005\345\377\005\345"
  50      FF05E5FF 
  50      05E5FF05 
  50      E5
  51 00e0 FF05E5FF 		.ascii	"\377\005\345\377\005\345\377\005\345\377\005\345\377"
  51      05E5FF05 
  51      E5FF05E5 
  51      FF
  52 00ed 05E5FF05 		.ascii	"\005\345\377\005\345\377\005\345\377\005\345\377\005"
  52      E5FF05E5 
  52      FF05E5FF 
  52      05
  53 00fa E5FF05E5 		.ascii	"\345\377\005\345\377\005\345\377\005\345\377\005\345"
  53      FF05E5FF 
  53      05E5FF05 
  53      E5
  54 0107 FF05E5FF 		.ascii	"\377\005\345\377\005\345\377\005\345\377\005\345\377"
  54      05E5FF05 
  54      E5FF05E5 
  54      FF
  55 0114 05E5FF05 		.ascii	"\005\345\377\005\345\377\005\345\377\005\345\377\005"
  55      E5FF05E5 
  55      FF05E5FF 
ARM GAS  C:\Users\gx\AppData\Local\Temp\ccm6sqBj.s 			page 3


  55      05
  56 0121 E5FF05E5 		.ascii	"\345\377\005\345\377\005\345\377\005\345\377\005\345"
  56      FF05E5FF 
  56      05E5FF05 
  56      E5
  57 012e FF05E5FF 		.ascii	"\377\005\345\377\005\345\377\005\345\377\005\345\377"
  57      05E5FF05 
  57      E5FF05E5 
  57      FF
  58 013b 05E5FF05 		.ascii	"\005\345\377\005\345\377\005\345\377\005\345\377\005"
  58      E5FF05E5 
  58      FF05E5FF 
  58      05
  59 0148 E5FF05E5 		.ascii	"\345\377\005\345\377\005\345\377\005\345\377\005\345"
  59      FF05E5FF 
  59      05E5FF05 
  59      E5
  60 0155 FF05E5FF 		.ascii	"\377\005\345\377\005\345\377\005\345\377\005\345\377"
  60      05E5FF05 
  60      E5FF05E5 
  60      FF
  61 0162 05E5FF05 		.ascii	"\005\345\377\005\345\377\005\345\377\005\345\377\005"
  61      E5FF05E5 
  61      FF05E5FF 
  61      05
  62 016f E5FF05E5 		.ascii	"\345\377\005\345\377\005\345\377\005\345\377\005\345"
  62      FF05E5FF 
  62      05E5FF05 
  62      E5
  63 017c FF05E5FF 		.ascii	"\377\005\345\377\005\345\377\005\345\377\005\345\377"
  63      05E5FF05 
  63      E5FF05E5 
  63      FF
  64 0189 05E5FF05 		.ascii	"\005\345\377\005\345\377\005\345\377\005\345\377\005"
  64      E5FF05E5 
  64      FF05E5FF 
  64      05
  65 0196 E5FF05E5 		.ascii	"\345\377\005\345\377\005\345\377\005\345\377\005\345"
  65      FF05E5FF 
  65      05E5FF05 
  65      E5
  66 01a3 FF05E5FF 		.ascii	"\377\005\345\377\005\345\377\005\345\377\005\345\377"
  66      05E5FF05 
  66      E5FF05E5 
  66      FF
  67 01b0 05E5FF05 		.ascii	"\005\345\377\005\345\377\005\345\377\005\345\377\005"
  67      E5FF05E5 
  67      FF05E5FF 
  67      05
  68 01bd E5FF05E5 		.ascii	"\345\377\005\345\377\005\345\377\005\345\377\005\345"
  68      FF05E5FF 
  68      05E5FF05 
  68      E5
  69 01ca FF05E5FF 		.ascii	"\377\005\345\377\005\345\377\005\345\377\005\345\377"
  69      05E5FF05 
  69      E5FF05E5 
  69      FF
ARM GAS  C:\Users\gx\AppData\Local\Temp\ccm6sqBj.s 			page 4


  70 01d7 05E5FF05 		.ascii	"\005\345\377\005\345\377\005\345\377\005\345\377\005"
  70      E5FF05E5 
  70      FF05E5FF 
  70      05
  71 01e4 E5FF05E5 		.ascii	"\345\377\005\345\377\005\345\377\005\345\377\005\345"
  71      FF05E5FF 
  71      05E5FF05 
  71      E5
  72 01f1 FF05E5FF 		.ascii	"\377\005\345\377\005\345\377\005\345\377\005\345\377"
  72      05E5FF05 
  72      E5FF05E5 
  72      FF
  73 01fe 05E5FF05 		.ascii	"\005\345\377\005\345\377\005\345\377\005\345\377\005"
  73      E5FF05E5 
  73      FF05E5FF 
  73      05
  74 020b E5FF05E5 		.ascii	"\345\377\005\345\377\005\345\377\005\345\377\005\345"
  74      FF05E5FF 
  74      05E5FF05 
  74      E5
  75 0218 FF05E5FF 		.ascii	"\377\005\345\377h\345\377h\345\377h\345\377h\345\377"
  75      68E5FF68 
  75      E5FF68E5 
  75      FF68E5FF 
  76 0228 68E5FF8A 		.ascii	"h\345\377\212\355\377\212\355\377\212\355\377\212\355"
  76      EDFF8AED 
  76      FF8AEDFF 
  76      8AED
  77 0236 FF8AEDFF 		.ascii	"\377\212\355\377\241\212\377\241\212\377\241\212\377"
  77      A18AFFA1 
  77      8AFFA18A 
  77      FF
  78 0243 A18AFFA1 		.ascii	"\241\212\377\241\212\377C\233\377C\233\377C\233\377"
  78      8AFF439B 
  78      FF439BFF 
  78      439BFF
  79 0252 439BFF43 		.ascii	"C\233\377C\233\377C\233\377C\233\377C\233\377C\233\377"
  79      9BFF439B 
  79      FF439BFF 
  79      439BFF43 
  79      9BFF
  80 0264 439BFF83 		.ascii	"C\233\377\203\243\377\203\243\377\203\243\377\203\243"
  80      A3FF83A3 
  80      FF83A3FF 
  80      83A3
  81 0272 FF83A3FF 		.ascii	"\377\203\243\377 A\377 A\377 A\377 A\377 A\377\3400"
  81      2041FF20 
  81      41FF2041 
  81      FF2041FF 
  81      2041FFE0 
  82 0287 C0E030C0 		.ascii	"\300\3400\300\3400\300\3400\300\3400\300\000\000W\000"
  82      E030C0E0 
  82      30C0E030 
  82      C0000057 
  82      00
  83 0298 00570000 		.ascii	"\000W\000\000W\000\000W\000\000W\000\000X\000\000X\000"
  83      57000057 
ARM GAS  C:\Users\gx\AppData\Local\Temp\ccm6sqBj.s 			page 5


  83      00005700 
  83      00580000 
  83      5800
  84 02aa 00580000 		.ascii	"\000X\000\000X\000\000X\000\000T\000\000T\000\000T\000"
  84      58000058 
  84      00005400 
  84      00540000 
  84      5400
  85 02bc 00540000 		.ascii	"\000T\000\000T\000\000,\000\000,\000\000,\000\000,\000"
  85      5400002C 
  85      00002C00 
  85      002C0000 
  85      2C00
  86 02ce 002C0000 		.ascii	"\000,\000\000\004\000\000\004\000\000\004\000\000\004"
  86      04000004 
  86      00000400 
  86      0004
  87 02dc 000004   		.ascii	"\000\000\004"
  88              		.text
  89              	.Letext0:
  90              		.file 1 "c:\\program files (x86)\\gnu arm embedded toolchain\\9 2020-q2-update\\arm-none-eabi\\inc
  91              		.file 2 "c:\\program files (x86)\\gnu arm embedded toolchain\\9 2020-q2-update\\arm-none-eabi\\inc
  92              		.file 3 "lvgl/lvgl/src/misc/lv_ll.h"
  93              		.file 4 "c:\\program files (x86)\\gnu arm embedded toolchain\\9 2020-q2-update\\lib\\gcc\\arm-none
  94              		.file 5 "c:\\program files (x86)\\gnu arm embedded toolchain\\9 2020-q2-update\\arm-none-eabi\\inc
  95              		.file 6 "c:\\program files (x86)\\gnu arm embedded toolchain\\9 2020-q2-update\\arm-none-eabi\\inc
  96              		.file 7 "c:\\program files (x86)\\gnu arm embedded toolchain\\9 2020-q2-update\\arm-none-eabi\\inc
  97              		.file 8 "lvgl/lvgl/src/hal/../draw/../misc/lv_color.h"
  98              		.file 9 "lvgl/lvgl/src/hal/../draw/../misc/lv_area.h"
  99              		.file 10 "lvgl/lvgl/src/hal/../draw/lv_img_buf.h"
 100              		.file 11 "lvgl/lvgl/src/core/lv_obj.h"
 101              		.file 12 "lvgl/lvgl/src/core/lv_group.h"
 102              		.file 13 "lvgl/lvgl/src/core/../misc/../font/lv_font.h"
 103              		.file 14 "lvgl/lvgl/src/core/../misc/lv_txt.h"
 104              		.file 15 "lvgl/lvgl/src/core/../misc/lv_style.h"
 105              		.file 16 "lvgl/lvgl/src/core/lv_obj_scroll.h"
 106              		.file 17 "lvgl/lvgl/src/core/lv_obj_style.h"
 107              		.file 18 "lvgl/lvgl/src/core/../draw/lv_draw_label.h"
 108              		.file 19 "lvgl/lvgl/src/core/lv_obj_class.h"
 109              		.file 20 "lvgl/lvgl/src/core/lv_event.h"
 110              		.file 21 "lvgl/lvgl/src/widgets/lv_arc.h"
 111              		.file 22 "lvgl/lvgl/src/widgets/lv_btn.h"
 112              		.file 23 "lvgl/lvgl/src/widgets/lv_img.h"
 113              		.file 24 "lvgl/lvgl/src/widgets/lv_label.h"
 114              		.file 25 "lvgl/lvgl/src/widgets/lv_line.h"
 115              		.file 26 "lvgl/lvgl/src/widgets/lv_table.h"
 116              		.file 27 "lvgl/lvgl/src/widgets/lv_checkbox.h"
 117              		.file 28 "lvgl/lvgl/src/widgets/lv_bar.h"
 118              		.file 29 "lvgl/lvgl/src/widgets/lv_slider.h"
 119              		.file 30 "lvgl/lvgl/src/widgets/lv_btnmatrix.h"
 120              		.file 31 "lvgl/lvgl/src/widgets/lv_dropdown.h"
 121              		.file 32 "lvgl/lvgl/src/widgets/lv_roller.h"
 122              		.file 33 "lvgl/lvgl/src/widgets/lv_textarea.h"
 123              		.file 34 "lvgl/lvgl/src/widgets/lv_canvas.h"
 124              		.file 35 "lvgl/lvgl/src/widgets/lv_switch.h"
 125              		.file 36 "lvgl/lvgl/src/extra/widgets/animimg/lv_animimg.h"
 126              		.file 37 "lvgl/lvgl/src/extra/widgets/calendar/lv_calendar.h"
ARM GAS  C:\Users\gx\AppData\Local\Temp\ccm6sqBj.s 			page 6


 127              		.file 38 "lvgl/lvgl/src/extra/widgets/calendar/lv_calendar_header_arrow.h"
 128              		.file 39 "lvgl/lvgl/src/extra/widgets/calendar/lv_calendar_header_dropdown.h"
 129              		.file 40 "lvgl/lvgl/src/extra/widgets/chart/lv_chart.h"
 130              		.file 41 "lvgl/lvgl/src/extra/widgets/keyboard/lv_keyboard.h"
 131              		.file 42 "lvgl/lvgl/src/extra/widgets/list/../../layouts/flex/lv_flex.h"
 132              		.file 43 "lvgl/lvgl/src/extra/widgets/list/lv_list.h"
 133              		.file 44 "lvgl/lvgl/src/extra/widgets/msgbox/lv_msgbox.h"
 134              		.file 45 "lvgl/lvgl/src/extra/widgets/meter/lv_meter.h"
 135              		.file 46 "lvgl/lvgl/src/extra/widgets/spinbox/lv_spinbox.h"
 136              		.file 47 "lvgl/lvgl/src/extra/widgets/spinner/lv_spinner.h"
 137              		.file 48 "lvgl/lvgl/src/extra/widgets/tabview/lv_tabview.h"
 138              		.file 49 "lvgl/lvgl/src/extra/widgets/tileview/lv_tileview.h"
 139              		.file 50 "lvgl/lvgl/src/extra/widgets/win/lv_win.h"
 140              		.file 51 "lvgl/lvgl/src/extra/widgets/colorwheel/lv_colorwheel.h"
 141              		.file 52 "lvgl/lvgl/src/extra/widgets/led/lv_led.h"
 142              		.file 53 "lvgl/lvgl/src/extra/widgets/imgbtn/lv_imgbtn.h"
 143              		.file 54 "lvgl/lvgl/src/extra/widgets/span/lv_span.h"
 144              		.file 55 "lvgl/lvgl/src/extra/layouts/grid/lv_grid.h"
 145              		.file 56 "lvgl/lvgl/examples/assets/imgbtn_mid.c"
ARM GAS  C:\Users\gx\AppData\Local\Temp\ccm6sqBj.s 			page 7


DEFINED SYMBOLS
                            *ABS*:00000000 imgbtn_mid.c
C:\Users\gx\AppData\Local\Temp\ccm6sqBj.s:23     .rodata.imgbtn_mid:00000000 imgbtn_mid
C:\Users\gx\AppData\Local\Temp\ccm6sqBj.s:34     .rodata.imgbtn_mid_map:00000000 imgbtn_mid_map
C:\Users\gx\AppData\Local\Temp\ccm6sqBj.s:20     .rodata.imgbtn_mid:00000000 $d
C:\Users\gx\AppData\Local\Temp\ccm6sqBj.s:31     .rodata.imgbtn_mid_map:00000000 $d

NO UNDEFINED SYMBOLS
