ARM GAS  C:\Users\gx\AppData\Local\Temp\ccrZM0UH.s 			page 1


   1              		.cpu cortex-m4
   2              		.eabi_attribute 27, 1
   3              		.eabi_attribute 28, 1
   4              		.eabi_attribute 20, 1
   5              		.eabi_attribute 21, 1
   6              		.eabi_attribute 23, 3
   7              		.eabi_attribute 24, 1
   8              		.eabi_attribute 25, 1
   9              		.eabi_attribute 26, 1
  10              		.eabi_attribute 30, 1
  11              		.eabi_attribute 34, 1
  12              		.eabi_attribute 18, 4
  13              		.file	"LCDConf.c"
  14              		.text
  15              	.Ltext0:
  16              		.cfi_sections	.debug_frame
  17              		.section	.text.LcdReadDataMultiple,"ax",%progbits
  18              		.align	1
  19              		.arch armv7e-m
  20              		.syntax unified
  21              		.thumb
  22              		.thumb_func
  23              		.fpu fpv4-sp-d16
  25              	LcdReadDataMultiple:
  26              	.LVL0:
  27              	.LFB129:
  28              		.file 1 "emWin/Config/LCDConf.c"
   1:emWin/Config/LCDConf.c **** /*********************************************************************
   2:emWin/Config/LCDConf.c **** *                SEGGER Microcontroller GmbH & Co. KG                *
   3:emWin/Config/LCDConf.c **** *        Solutions for real time microcontroller applications        *
   4:emWin/Config/LCDConf.c **** **********************************************************************
   5:emWin/Config/LCDConf.c **** *                                                                    *
   6:emWin/Config/LCDConf.c **** *        (c) 1996 - 2015  SEGGER Microcontroller GmbH & Co. KG       *
   7:emWin/Config/LCDConf.c **** *                                                                    *
   8:emWin/Config/LCDConf.c **** *        Internet: www.segger.com    Support:  support@segger.com    *
   9:emWin/Config/LCDConf.c **** *                                                                    *
  10:emWin/Config/LCDConf.c **** **********************************************************************
  11:emWin/Config/LCDConf.c **** 
  12:emWin/Config/LCDConf.c **** ** emWin V5.30 - Graphical user interface for embedded applications **
  13:emWin/Config/LCDConf.c **** All  Intellectual Property rights  in the Software belongs to  SEGGER.
  14:emWin/Config/LCDConf.c **** emWin is protected by  international copyright laws.  Knowledge of the
  15:emWin/Config/LCDConf.c **** source code may not be used to write a similar product.  This file may
  16:emWin/Config/LCDConf.c **** only be used in accordance with the following terms:
  17:emWin/Config/LCDConf.c **** 
  18:emWin/Config/LCDConf.c **** The software has been licensed to  ARM LIMITED whose registered office
  19:emWin/Config/LCDConf.c **** is situated at  110 Fulbourn Road,  Cambridge CB1 9NJ,  England solely
  20:emWin/Config/LCDConf.c **** for  the  purposes  of  creating  libraries  for  ARM7, ARM9, Cortex-M
  21:emWin/Config/LCDConf.c **** series,  and   Cortex-R4   processor-based  devices,  sublicensed  and
  22:emWin/Config/LCDConf.c **** distributed as part of the  MDK-ARM  Professional  under the terms and
  23:emWin/Config/LCDConf.c **** conditions  of  the   End  User  License  supplied  with  the  MDK-ARM
  24:emWin/Config/LCDConf.c **** Professional. 
  25:emWin/Config/LCDConf.c **** Full source code is available at: www.segger.com
  26:emWin/Config/LCDConf.c **** 
  27:emWin/Config/LCDConf.c **** We appreciate your understanding and fairness.
  28:emWin/Config/LCDConf.c **** ----------------------------------------------------------------------
  29:emWin/Config/LCDConf.c **** Licensing information
  30:emWin/Config/LCDConf.c **** 
ARM GAS  C:\Users\gx\AppData\Local\Temp\ccrZM0UH.s 			page 2


  31:emWin/Config/LCDConf.c **** Licensor:                 SEGGER Software GmbH
  32:emWin/Config/LCDConf.c **** Licensed to:              ARM Ltd
  33:emWin/Config/LCDConf.c **** Licensed SEGGER software: emWin
  34:emWin/Config/LCDConf.c **** License number:           GUI-00181
  35:emWin/Config/LCDConf.c **** License model:            LES-SLA-20007, Agreement, effective since October 1st 2011 
  36:emWin/Config/LCDConf.c **** Licensed product:         MDK-ARM Professional
  37:emWin/Config/LCDConf.c **** Licensed platform:        ARM7/9, Cortex-M/R4
  38:emWin/Config/LCDConf.c **** Licensed number of seats: -
  39:emWin/Config/LCDConf.c **** ----------------------------------------------------------------------
  40:emWin/Config/LCDConf.c **** File        : LCDConf.c
  41:emWin/Config/LCDConf.c **** Purpose     : Display controller configuration (single layer)
  42:emWin/Config/LCDConf.c **** ---------------------------END-OF-HEADER------------------------------
  43:emWin/Config/LCDConf.c **** */
  44:emWin/Config/LCDConf.c **** #include "GUI.h"
  45:emWin/Config/LCDConf.c **** #include "GUIDRV_FlexColor.h"
  46:emWin/Config/LCDConf.c **** #include "lcd.h"
  47:emWin/Config/LCDConf.c **** 
  48:emWin/Config/LCDConf.c **** /*********************************************************************
  49:emWin/Config/LCDConf.c **** *
  50:emWin/Config/LCDConf.c **** *       Layer configuration
  51:emWin/Config/LCDConf.c **** *
  52:emWin/Config/LCDConf.c **** **********************************************************************
  53:emWin/Config/LCDConf.c **** */
  54:emWin/Config/LCDConf.c **** //
  55:emWin/Config/LCDConf.c **** // 显示尺寸
  56:emWin/Config/LCDConf.c **** //
  57:emWin/Config/LCDConf.c **** #define XSIZE_PHYS            480    //【修改】
  58:emWin/Config/LCDConf.c **** #define YSIZE_PHYS            320   //【修改】
  59:emWin/Config/LCDConf.c **** /*
  60:emWin/Config/LCDConf.c **** #define TOUCH_AD_TOP 	 			  226    //YPhys0
  61:emWin/Config/LCDConf.c **** #define TOUCH_AD_BOTTOM  			3854   //YPhys1
  62:emWin/Config/LCDConf.c **** #define TOUCH_AD_LEFT 	 			3780   //XPhys0
  63:emWin/Config/LCDConf.c **** #define TOUCH_AD_RIGHT 	 			250    //XPhys1
  64:emWin/Config/LCDConf.c **** */
  65:emWin/Config/LCDConf.c **** 
  66:emWin/Config/LCDConf.c **** #define TOUCH_AD_TOP 	 			  200    //YPhys0
  67:emWin/Config/LCDConf.c **** #define TOUCH_AD_BOTTOM  			3900   //YPhys1
  68:emWin/Config/LCDConf.c **** #define TOUCH_AD_LEFT 	 			3900   //XPhys0
  69:emWin/Config/LCDConf.c **** #define TOUCH_AD_RIGHT 	 			200    //XPhys1
  70:emWin/Config/LCDConf.c **** 
  71:emWin/Config/LCDConf.c **** 
  72:emWin/Config/LCDConf.c **** 
  73:emWin/Config/LCDConf.c **** //
  74:emWin/Config/LCDConf.c **** // 颜色转换
  75:emWin/Config/LCDConf.c **** //
  76:emWin/Config/LCDConf.c **** #define COLOR_CONVERSION GUICC_565
  77:emWin/Config/LCDConf.c **** 
  78:emWin/Config/LCDConf.c **** //
  79:emWin/Config/LCDConf.c **** // 显示驱动
  80:emWin/Config/LCDConf.c **** //
  81:emWin/Config/LCDConf.c **** #define DISPLAY_DRIVER GUIDRV_FLEXCOLOR
  82:emWin/Config/LCDConf.c **** 
  83:emWin/Config/LCDConf.c **** //
  84:emWin/Config/LCDConf.c **** // 方向
  85:emWin/Config/LCDConf.c **** //
  86:emWin/Config/LCDConf.c **** //#define DISPLAY_ORIENTATION (0)           //【修改】
  87:emWin/Config/LCDConf.c **** //#define DISPLAY_ORIENTATION (GUI_MIRROR_X)
ARM GAS  C:\Users\gx\AppData\Local\Temp\ccrZM0UH.s 			page 3


  88:emWin/Config/LCDConf.c **** //#define DISPLAY_ORIENTATION (GUI_MIRROR_Y)
  89:emWin/Config/LCDConf.c **** //#define DISPLAY_ORIENTATION (GUI_MIRROR_X | GUI_MIRROR_Y)
  90:emWin/Config/LCDConf.c **** //#define DISPLAY_ORIENTATION (GUI_SWAP_XY)
  91:emWin/Config/LCDConf.c **** #define DISPLAY_ORIENTATION (GUI_MIRROR_X | GUI_SWAP_XY)
  92:emWin/Config/LCDConf.c **** //#define DISPLAY_ORIENTATION (GUI_MIRROR_Y | GUI_SWAP_XY)//用
  93:emWin/Config/LCDConf.c **** //#define DISPLAY_ORIENTATION (GUI_MIRROR_X | GUI_MIRROR_Y | GUI_SWAP_XY)
  94:emWin/Config/LCDConf.c **** 
  95:emWin/Config/LCDConf.c **** /*********************************************************************
  96:emWin/Config/LCDConf.c **** *
  97:emWin/Config/LCDConf.c **** *       Configuration checking
  98:emWin/Config/LCDConf.c **** *
  99:emWin/Config/LCDConf.c **** **********************************************************************
 100:emWin/Config/LCDConf.c **** */
 101:emWin/Config/LCDConf.c **** #ifndef   VXSIZE_PHYS
 102:emWin/Config/LCDConf.c ****   #define VXSIZE_PHYS XSIZE_PHYS
 103:emWin/Config/LCDConf.c **** #endif
 104:emWin/Config/LCDConf.c **** #ifndef   VYSIZE_PHYS
 105:emWin/Config/LCDConf.c ****   #define VYSIZE_PHYS YSIZE_PHYS
 106:emWin/Config/LCDConf.c **** #endif
 107:emWin/Config/LCDConf.c **** #ifndef   XSIZE_PHYS
 108:emWin/Config/LCDConf.c ****   #error Physical X size of display is not defined!
 109:emWin/Config/LCDConf.c **** #endif
 110:emWin/Config/LCDConf.c **** #ifndef   YSIZE_PHYS
 111:emWin/Config/LCDConf.c ****   #error Physical Y size of display is not defined!
 112:emWin/Config/LCDConf.c **** #endif
 113:emWin/Config/LCDConf.c **** #ifndef   COLOR_CONVERSION
 114:emWin/Config/LCDConf.c ****   #error Color conversion not defined!
 115:emWin/Config/LCDConf.c **** #endif
 116:emWin/Config/LCDConf.c **** #ifndef   DISPLAY_DRIVER
 117:emWin/Config/LCDConf.c ****   #error No display driver defined!
 118:emWin/Config/LCDConf.c **** #endif
 119:emWin/Config/LCDConf.c **** #ifndef   DISPLAY_ORIENTATION
 120:emWin/Config/LCDConf.c ****   #define DISPLAY_ORIENTATION 0
 121:emWin/Config/LCDConf.c **** #endif
 122:emWin/Config/LCDConf.c **** 
 123:emWin/Config/LCDConf.c **** /*********************************************************************
 124:emWin/Config/LCDConf.c **** *
 125:emWin/Config/LCDConf.c **** *       Local code
 126:emWin/Config/LCDConf.c **** *
 127:emWin/Config/LCDConf.c **** **********************************************************************
 128:emWin/Config/LCDConf.c **** */
 129:emWin/Config/LCDConf.c **** /********************************************************************
 130:emWin/Config/LCDConf.c **** *
 131:emWin/Config/LCDConf.c **** *       LcdWriteReg
 132:emWin/Config/LCDConf.c **** *
 133:emWin/Config/LCDConf.c **** * Function description:
 134:emWin/Config/LCDConf.c **** * 设置显示寄存器
 135:emWin/Config/LCDConf.c **** */
 136:emWin/Config/LCDConf.c **** static void LcdWriteReg(U16 Data) 
 137:emWin/Config/LCDConf.c **** {
 138:emWin/Config/LCDConf.c ****   // ... TBD by user
 139:emWin/Config/LCDConf.c **** 	LCD_WRITE_CMD(Data);	//【修改】
 140:emWin/Config/LCDConf.c **** }
 141:emWin/Config/LCDConf.c **** 
 142:emWin/Config/LCDConf.c **** /********************************************************************
 143:emWin/Config/LCDConf.c **** *
 144:emWin/Config/LCDConf.c **** *       LcdWriteData
ARM GAS  C:\Users\gx\AppData\Local\Temp\ccrZM0UH.s 			page 4


 145:emWin/Config/LCDConf.c **** *
 146:emWin/Config/LCDConf.c **** * Function description:
 147:emWin/Config/LCDConf.c **** * 写入一个数据到显示寄存器
 148:emWin/Config/LCDConf.c **** */
 149:emWin/Config/LCDConf.c **** static void LcdWriteData(U16 Data) 
 150:emWin/Config/LCDConf.c **** {
 151:emWin/Config/LCDConf.c ****   // ... TBD by user
 152:emWin/Config/LCDConf.c **** 	LCD_WRITE_DATA(Data);	//【修改】
 153:emWin/Config/LCDConf.c **** }
 154:emWin/Config/LCDConf.c **** 
 155:emWin/Config/LCDConf.c **** /********************************************************************
 156:emWin/Config/LCDConf.c **** *
 157:emWin/Config/LCDConf.c **** *       LcdWriteDataMultiple
 158:emWin/Config/LCDConf.c **** *
 159:emWin/Config/LCDConf.c **** * Function description:
 160:emWin/Config/LCDConf.c **** * 写入多个数据到显示寄存器
 161:emWin/Config/LCDConf.c **** */
 162:emWin/Config/LCDConf.c **** static void LcdWriteDataMultiple(U16 * pData, int NumItems) 
 163:emWin/Config/LCDConf.c **** {
 164:emWin/Config/LCDConf.c ****   while (NumItems--) {
 165:emWin/Config/LCDConf.c ****     // ... TBD by user
 166:emWin/Config/LCDConf.c **** 	 LCD_WRITE_DATA(*pData++); 	//【修改】 
 167:emWin/Config/LCDConf.c ****   }
 168:emWin/Config/LCDConf.c **** }
 169:emWin/Config/LCDConf.c **** 
 170:emWin/Config/LCDConf.c **** /********************************************************************
 171:emWin/Config/LCDConf.c **** *
 172:emWin/Config/LCDConf.c **** *       LcdReadDataMultiple
 173:emWin/Config/LCDConf.c **** *
 174:emWin/Config/LCDConf.c **** * Function description:
 175:emWin/Config/LCDConf.c **** *   从显示寄存器读取多个数据
 176:emWin/Config/LCDConf.c **** */
 177:emWin/Config/LCDConf.c **** static void LcdReadDataMultiple(U16 * pData, int NumItems) 
 178:emWin/Config/LCDConf.c **** {
  29              		.loc 1 178 1 view -0
  30              		.cfi_startproc
  31              		@ args = 0, pretend = 0, frame = 0
  32              		@ frame_needed = 0, uses_anonymous_args = 0
  33              		.loc 1 178 1 is_stmt 0 view .LVU1
  34 0000 38B5     		push	{r3, r4, r5, lr}
  35              	.LCFI0:
  36              		.cfi_def_cfa_offset 16
  37              		.cfi_offset 3, -16
  38              		.cfi_offset 4, -12
  39              		.cfi_offset 5, -8
  40              		.cfi_offset 14, -4
  41 0002 0446     		mov	r4, r0
 179:emWin/Config/LCDConf.c ****   while (NumItems--) {
  42              		.loc 1 179 3 is_stmt 1 view .LVU2
  43              	.LVL1:
  44              	.L2:
  45              		.loc 1 179 9 view .LVU3
  46              		.loc 1 179 18 is_stmt 0 view .LVU4
  47 0004 4D1E     		subs	r5, r1, #1
  48              	.LVL2:
  49              		.loc 1 179 9 view .LVU5
  50 0006 29B1     		cbz	r1, .L5
ARM GAS  C:\Users\gx\AppData\Local\Temp\ccrZM0UH.s 			page 5


 180:emWin/Config/LCDConf.c ****     // ... TBD by user
 181:emWin/Config/LCDConf.c **** 	  *pData++ = LCD_READ_DATA();	//【修改】
  51              		.loc 1 181 4 is_stmt 1 view .LVU6
  52              	.LVL3:
  53              		.loc 1 181 15 is_stmt 0 view .LVU7
  54 0008 FFF7FEFF 		bl	LCD_READ_DATA
  55              	.LVL4:
  56              		.loc 1 181 13 view .LVU8
  57 000c 24F8020B 		strh	r0, [r4], #2	@ movhi
  58              	.LVL5:
 179:emWin/Config/LCDConf.c ****   while (NumItems--) {
  59              		.loc 1 179 18 view .LVU9
  60 0010 2946     		mov	r1, r5
  61 0012 F7E7     		b	.L2
  62              	.L5:
 182:emWin/Config/LCDConf.c ****   }
 183:emWin/Config/LCDConf.c **** }
  63              		.loc 1 183 1 view .LVU10
  64 0014 38BD     		pop	{r3, r4, r5, pc}
  65              		.loc 1 183 1 view .LVU11
  66              		.cfi_endproc
  67              	.LFE129:
  69              		.section	.text.LcdWriteDataMultiple,"ax",%progbits
  70              		.align	1
  71              		.syntax unified
  72              		.thumb
  73              		.thumb_func
  74              		.fpu fpv4-sp-d16
  76              	LcdWriteDataMultiple:
  77              	.LVL6:
  78              	.LFB128:
 163:emWin/Config/LCDConf.c ****   while (NumItems--) {
  79              		.loc 1 163 1 is_stmt 1 view -0
  80              		.cfi_startproc
  81              		@ args = 0, pretend = 0, frame = 0
  82              		@ frame_needed = 0, uses_anonymous_args = 0
 163:emWin/Config/LCDConf.c ****   while (NumItems--) {
  83              		.loc 1 163 1 is_stmt 0 view .LVU13
  84 0000 38B5     		push	{r3, r4, r5, lr}
  85              	.LCFI1:
  86              		.cfi_def_cfa_offset 16
  87              		.cfi_offset 3, -16
  88              		.cfi_offset 4, -12
  89              		.cfi_offset 5, -8
  90              		.cfi_offset 14, -4
  91 0002 0446     		mov	r4, r0
 164:emWin/Config/LCDConf.c ****     // ... TBD by user
  92              		.loc 1 164 3 is_stmt 1 view .LVU14
  93              	.LVL7:
  94              	.L7:
 164:emWin/Config/LCDConf.c ****     // ... TBD by user
  95              		.loc 1 164 9 view .LVU15
 164:emWin/Config/LCDConf.c ****     // ... TBD by user
  96              		.loc 1 164 18 is_stmt 0 view .LVU16
  97 0004 4D1E     		subs	r5, r1, #1
  98              	.LVL8:
 164:emWin/Config/LCDConf.c ****     // ... TBD by user
ARM GAS  C:\Users\gx\AppData\Local\Temp\ccrZM0UH.s 			page 6


  99              		.loc 1 164 9 view .LVU17
 100 0006 29B1     		cbz	r1, .L10
 166:emWin/Config/LCDConf.c ****   }
 101              		.loc 1 166 3 is_stmt 1 view .LVU18
 102              	.LVL9:
 166:emWin/Config/LCDConf.c ****   }
 103              		.loc 1 166 3 is_stmt 0 view .LVU19
 104 0008 34F8020B 		ldrh	r0, [r4], #2
 105              	.LVL10:
 166:emWin/Config/LCDConf.c ****   }
 106              		.loc 1 166 3 view .LVU20
 107 000c FFF7FEFF 		bl	LCD_WRITE_DATA
 108              	.LVL11:
 164:emWin/Config/LCDConf.c ****     // ... TBD by user
 109              		.loc 1 164 18 view .LVU21
 110 0010 2946     		mov	r1, r5
 111 0012 F7E7     		b	.L7
 112              	.L10:
 168:emWin/Config/LCDConf.c **** 
 113              		.loc 1 168 1 view .LVU22
 114 0014 38BD     		pop	{r3, r4, r5, pc}
 168:emWin/Config/LCDConf.c **** 
 115              		.loc 1 168 1 view .LVU23
 116              		.cfi_endproc
 117              	.LFE128:
 119              		.section	.text.LcdWriteData,"ax",%progbits
 120              		.align	1
 121              		.syntax unified
 122              		.thumb
 123              		.thumb_func
 124              		.fpu fpv4-sp-d16
 126              	LcdWriteData:
 127              	.LVL12:
 128              	.LFB127:
 150:emWin/Config/LCDConf.c ****   // ... TBD by user
 129              		.loc 1 150 1 is_stmt 1 view -0
 130              		.cfi_startproc
 131              		@ args = 0, pretend = 0, frame = 0
 132              		@ frame_needed = 0, uses_anonymous_args = 0
 150:emWin/Config/LCDConf.c ****   // ... TBD by user
 133              		.loc 1 150 1 is_stmt 0 view .LVU25
 134 0000 08B5     		push	{r3, lr}
 135              	.LCFI2:
 136              		.cfi_def_cfa_offset 8
 137              		.cfi_offset 3, -8
 138              		.cfi_offset 14, -4
 152:emWin/Config/LCDConf.c **** }
 139              		.loc 1 152 2 is_stmt 1 view .LVU26
 140 0002 FFF7FEFF 		bl	LCD_WRITE_DATA
 141              	.LVL13:
 153:emWin/Config/LCDConf.c **** 
 142              		.loc 1 153 1 is_stmt 0 view .LVU27
 143 0006 08BD     		pop	{r3, pc}
 144              		.cfi_endproc
 145              	.LFE127:
 147              		.section	.text.LcdWriteReg,"ax",%progbits
 148              		.align	1
ARM GAS  C:\Users\gx\AppData\Local\Temp\ccrZM0UH.s 			page 7


 149              		.syntax unified
 150              		.thumb
 151              		.thumb_func
 152              		.fpu fpv4-sp-d16
 154              	LcdWriteReg:
 155              	.LVL14:
 156              	.LFB126:
 137:emWin/Config/LCDConf.c ****   // ... TBD by user
 157              		.loc 1 137 1 is_stmt 1 view -0
 158              		.cfi_startproc
 159              		@ args = 0, pretend = 0, frame = 0
 160              		@ frame_needed = 0, uses_anonymous_args = 0
 137:emWin/Config/LCDConf.c ****   // ... TBD by user
 161              		.loc 1 137 1 is_stmt 0 view .LVU29
 162 0000 08B5     		push	{r3, lr}
 163              	.LCFI3:
 164              		.cfi_def_cfa_offset 8
 165              		.cfi_offset 3, -8
 166              		.cfi_offset 14, -4
 139:emWin/Config/LCDConf.c **** }
 167              		.loc 1 139 2 is_stmt 1 view .LVU30
 168 0002 FFF7FEFF 		bl	LCD_WRITE_CMD
 169              	.LVL15:
 140:emWin/Config/LCDConf.c **** 
 170              		.loc 1 140 1 is_stmt 0 view .LVU31
 171 0006 08BD     		pop	{r3, pc}
 172              		.cfi_endproc
 173              	.LFE126:
 175              		.section	.text.LCD_X_Config,"ax",%progbits
 176              		.align	1
 177              		.global	LCD_X_Config
 178              		.syntax unified
 179              		.thumb
 180              		.thumb_func
 181              		.fpu fpv4-sp-d16
 183              	LCD_X_Config:
 184              	.LFB130:
 184:emWin/Config/LCDConf.c **** 
 185:emWin/Config/LCDConf.c **** /*********************************************************************
 186:emWin/Config/LCDConf.c **** *
 187:emWin/Config/LCDConf.c **** *       Public code
 188:emWin/Config/LCDConf.c **** *
 189:emWin/Config/LCDConf.c **** **********************************************************************
 190:emWin/Config/LCDConf.c **** */
 191:emWin/Config/LCDConf.c **** /*********************************************************************
 192:emWin/Config/LCDConf.c **** *
 193:emWin/Config/LCDConf.c **** *       LCD_X_Config
 194:emWin/Config/LCDConf.c **** *
 195:emWin/Config/LCDConf.c **** * Purpose:
 196:emWin/Config/LCDConf.c **** * 初始化配置液晶驱动
 197:emWin/Config/LCDConf.c **** *
 198:emWin/Config/LCDConf.c **** */
 199:emWin/Config/LCDConf.c **** void LCD_X_Config(void) {
 185              		.loc 1 199 25 is_stmt 1 view -0
 186              		.cfi_startproc
 187              		@ args = 0, pretend = 0, frame = 128
 188              		@ frame_needed = 0, uses_anonymous_args = 0
ARM GAS  C:\Users\gx\AppData\Local\Temp\ccrZM0UH.s 			page 8


 189 0000 30B5     		push	{r4, r5, lr}
 190              	.LCFI4:
 191              		.cfi_def_cfa_offset 12
 192              		.cfi_offset 4, -12
 193              		.cfi_offset 5, -8
 194              		.cfi_offset 14, -4
 195 0002 A3B0     		sub	sp, sp, #140
 196              	.LCFI5:
 197              		.cfi_def_cfa_offset 152
 200:emWin/Config/LCDConf.c ****   GUI_DEVICE * pDevice;
 198              		.loc 1 200 3 view .LVU33
 201:emWin/Config/LCDConf.c ****   GUI_PORT_API PortAPI = {0};
 199              		.loc 1 201 3 view .LVU34
 200              		.loc 1 201 16 is_stmt 0 view .LVU35
 201 0004 6822     		movs	r2, #104
 202 0006 0021     		movs	r1, #0
 203 0008 08A8     		add	r0, sp, #32
 204 000a FFF7FEFF 		bl	memset
 205              	.LVL16:
 202:emWin/Config/LCDConf.c ****   CONFIG_FLEXCOLOR Config = {0};
 206              		.loc 1 202 3 is_stmt 1 view .LVU36
 207              		.loc 1 202 20 is_stmt 0 view .LVU37
 208 000e 0024     		movs	r4, #0
 209 0010 0394     		str	r4, [sp, #12]
 210 0012 0494     		str	r4, [sp, #16]
 211 0014 0594     		str	r4, [sp, #20]
 212 0016 0694     		str	r4, [sp, #24]
 213 0018 0794     		str	r4, [sp, #28]
 203:emWin/Config/LCDConf.c **** 
 204:emWin/Config/LCDConf.c ****   //
 205:emWin/Config/LCDConf.c ****   // 设置显示驱动器和第一层颜色转换
 206:emWin/Config/LCDConf.c ****   //
 207:emWin/Config/LCDConf.c ****   pDevice = GUI_DEVICE_CreateAndLink(DISPLAY_DRIVER, COLOR_CONVERSION, 0, 0);
 214              		.loc 1 207 3 is_stmt 1 view .LVU38
 215              		.loc 1 207 13 is_stmt 0 view .LVU39
 216 001a 2346     		mov	r3, r4
 217 001c 2246     		mov	r2, r4
 218 001e 2849     		ldr	r1, .L17
 219 0020 2848     		ldr	r0, .L17+4
 220 0022 FFF7FEFF 		bl	GUI_DEVICE_CreateAndLink
 221              	.LVL17:
 222 0026 0546     		mov	r5, r0
 223              	.LVL18:
 208:emWin/Config/LCDConf.c ****   //
 209:emWin/Config/LCDConf.c ****   // 显示驱动配置
 210:emWin/Config/LCDConf.c ****   //
 211:emWin/Config/LCDConf.c ****   if (DISPLAY_ORIENTATION & GUI_SWAP_XY) {
 224              		.loc 1 211 3 is_stmt 1 view .LVU40
 212:emWin/Config/LCDConf.c ****     LCD_SetSizeEx (0, YSIZE_PHYS,   XSIZE_PHYS);
 225              		.loc 1 212 5 view .LVU41
 226 0028 4FF4F072 		mov	r2, #480
 227 002c 4FF4A071 		mov	r1, #320
 228 0030 2046     		mov	r0, r4
 229              	.LVL19:
 230              		.loc 1 212 5 is_stmt 0 view .LVU42
 231 0032 FFF7FEFF 		bl	LCD_SetSizeEx
 232              	.LVL20:
ARM GAS  C:\Users\gx\AppData\Local\Temp\ccrZM0UH.s 			page 9


 213:emWin/Config/LCDConf.c ****     LCD_SetVSizeEx(0, VYSIZE_PHYS,  VXSIZE_PHYS);
 233              		.loc 1 213 5 is_stmt 1 view .LVU43
 234 0036 4FF4F072 		mov	r2, #480
 235 003a 4FF4A071 		mov	r1, #320
 236 003e 2046     		mov	r0, r4
 237 0040 FFF7FEFF 		bl	LCD_SetVSizeEx
 238              	.LVL21:
 214:emWin/Config/LCDConf.c ****   } else {
 215:emWin/Config/LCDConf.c ****     LCD_SetSizeEx (0, XSIZE_PHYS,   YSIZE_PHYS);
 216:emWin/Config/LCDConf.c ****     LCD_SetVSizeEx(0, VXSIZE_PHYS,  VYSIZE_PHYS);
 217:emWin/Config/LCDConf.c ****   }
 218:emWin/Config/LCDConf.c ****   //
 219:emWin/Config/LCDConf.c ****   // 方向设置
 220:emWin/Config/LCDConf.c ****   //
 221:emWin/Config/LCDConf.c ****   Config.FirstCOM = 0;									      //【修改】
 239              		.loc 1 221 3 view .LVU44
 240              		.loc 1 221 19 is_stmt 0 view .LVU45
 241 0044 0494     		str	r4, [sp, #16]
 222:emWin/Config/LCDConf.c ****   Config.FirstSEG = 0; 									      //【修改】
 242              		.loc 1 222 3 is_stmt 1 view .LVU46
 243              		.loc 1 222 19 is_stmt 0 view .LVU47
 244 0046 0394     		str	r4, [sp, #12]
 223:emWin/Config/LCDConf.c ****   Config.Orientation = DISPLAY_ORIENTATION;		//【修改】
 245              		.loc 1 223 3 is_stmt 1 view .LVU48
 246              		.loc 1 223 22 is_stmt 0 view .LVU49
 247 0048 0523     		movs	r3, #5
 248 004a 0593     		str	r3, [sp, #20]
 224:emWin/Config/LCDConf.c ****   Config.NumDummyReads = 2;								    //【修改】 
 249              		.loc 1 224 3 is_stmt 1 view .LVU50
 250              		.loc 1 224 24 is_stmt 0 view .LVU51
 251 004c 0223     		movs	r3, #2
 252 004e 0793     		str	r3, [sp, #28]
 225:emWin/Config/LCDConf.c ****   GUIDRV_FlexColor_Config(pDevice, &Config);
 253              		.loc 1 225 3 is_stmt 1 view .LVU52
 254 0050 03A9     		add	r1, sp, #12
 255 0052 2846     		mov	r0, r5
 256 0054 FFF7FEFF 		bl	GUIDRV_FlexColor_Config
 257              	.LVL22:
 226:emWin/Config/LCDConf.c ****   //
 227:emWin/Config/LCDConf.c ****   // 将显示驱动用的函数传递给PortAPI，再通过函数GUIDRV_FlexColor_SetFunc进行设置
 228:emWin/Config/LCDConf.c ****   // ILI驱动在GUIDRV_FLEXCOLOR_F66709中，接口形式为GUIDRV_FLEXCOLOR_M16C0B16
 229:emWin/Config/LCDConf.c ****   PortAPI.pfWrite16_A0  = LcdWriteReg;
 258              		.loc 1 229 3 view .LVU53
 259              		.loc 1 229 25 is_stmt 0 view .LVU54
 260 0058 1B4B     		ldr	r3, .L17+8
 261 005a 1093     		str	r3, [sp, #64]
 230:emWin/Config/LCDConf.c ****   PortAPI.pfWrite16_A1  = LcdWriteData;
 262              		.loc 1 230 3 is_stmt 1 view .LVU55
 263              		.loc 1 230 25 is_stmt 0 view .LVU56
 264 005c 1B4B     		ldr	r3, .L17+12
 265 005e 1193     		str	r3, [sp, #68]
 231:emWin/Config/LCDConf.c ****   PortAPI.pfWriteM16_A1 = LcdWriteDataMultiple;
 266              		.loc 1 231 3 is_stmt 1 view .LVU57
 267              		.loc 1 231 25 is_stmt 0 view .LVU58
 268 0060 1B4B     		ldr	r3, .L17+16
 269 0062 1393     		str	r3, [sp, #76]
 232:emWin/Config/LCDConf.c ****   PortAPI.pfReadM16_A1  = LcdReadDataMultiple;
ARM GAS  C:\Users\gx\AppData\Local\Temp\ccrZM0UH.s 			page 10


 270              		.loc 1 232 3 is_stmt 1 view .LVU59
 271              		.loc 1 232 25 is_stmt 0 view .LVU60
 272 0064 1B4B     		ldr	r3, .L17+20
 273 0066 1793     		str	r3, [sp, #92]
 233:emWin/Config/LCDConf.c ****   GUIDRV_FlexColor_SetFunc(pDevice, &PortAPI, GUIDRV_FLEXCOLOR_F66709, GUIDRV_FLEXCOLOR_M16C0B16);
 274              		.loc 1 233 3 is_stmt 1 view .LVU61
 275 0068 1B4B     		ldr	r3, .L17+24
 276 006a 1C4A     		ldr	r2, .L17+28
 277 006c 08A9     		add	r1, sp, #32
 278 006e 2846     		mov	r0, r5
 279 0070 FFF7FEFF 		bl	GUIDRV_FlexColor_SetFunc
 280              	.LVL23:
 234:emWin/Config/LCDConf.c ****   
 235:emWin/Config/LCDConf.c **** 	  //设置触摸原点 //【修改】
 236:emWin/Config/LCDConf.c ****   GUI_TOUCH_SetOrientation((GUI_MIRROR_X * LCD_GetMirrorXEx(0)) |
 281              		.loc 1 236 3 view .LVU62
 282              		.loc 1 236 42 is_stmt 0 view .LVU63
 283 0074 2046     		mov	r0, r4
 284 0076 FFF7FEFF 		bl	LCD_GetMirrorXEx
 285              	.LVL24:
 286 007a 0546     		mov	r5, r0
 287              	.LVL25:
 237:emWin/Config/LCDConf.c ****               (GUI_MIRROR_Y * LCD_GetMirrorYEx(0)) |
 288              		.loc 1 237 31 view .LVU64
 289 007c 2046     		mov	r0, r4
 290 007e FFF7FEFF 		bl	LCD_GetMirrorYEx
 291              	.LVL26:
 236:emWin/Config/LCDConf.c ****               (GUI_MIRROR_Y * LCD_GetMirrorYEx(0)) |
 292              		.loc 1 236 65 view .LVU65
 293 0082 45EA4005 		orr	r5, r5, r0, lsl #1
 238:emWin/Config/LCDConf.c ****               (GUI_SWAP_XY  * LCD_GetSwapXYEx (0)));
 294              		.loc 1 238 31 view .LVU66
 295 0086 2046     		mov	r0, r4
 296 0088 FFF7FEFF 		bl	LCD_GetSwapXYEx
 297              	.LVL27:
 236:emWin/Config/LCDConf.c ****               (GUI_MIRROR_Y * LCD_GetMirrorYEx(0)) |
 298              		.loc 1 236 3 view .LVU67
 299 008c 45EA8000 		orr	r0, r5, r0, lsl #2
 300 0090 FFF7FEFF 		bl	GUI_TOUCH_SetOrientation
 301              	.LVL28:
 239:emWin/Config/LCDConf.c ****   //电阻屏需要设置触摸校准值 //【修改】
 240:emWin/Config/LCDConf.c **** //  GUI_TOUCH_Calibrate(GUI_COORD_X, 0, XSIZE_PHYS-1, TOUCH_AD_RIGHT ,TOUCH_AD_LEFT );
 241:emWin/Config/LCDConf.c **** //  GUI_TOUCH_Calibrate(GUI_COORD_Y, 0, YSIZE_PHYS-1,TOUCH_AD_BOTTOM ,TOUCH_AD_TOP );
 242:emWin/Config/LCDConf.c **** 
 243:emWin/Config/LCDConf.c **** //	GUI_TOUCH_SetOrientation(GUI_MIRROR_Y | GUI_SWAP_XY);
 244:emWin/Config/LCDConf.c **** 	
 245:emWin/Config/LCDConf.c ****   GUI_TOUCH_Calibrate(GUI_COORD_X, 0, XSIZE_PHYS-1 ,TOUCH_AD_LEFT, TOUCH_AD_RIGHT );
 302              		.loc 1 245 3 is_stmt 1 view .LVU68
 303 0094 C825     		movs	r5, #200
 304 0096 0095     		str	r5, [sp]
 305 0098 40F63C73 		movw	r3, #3900
 306 009c 40F2DF12 		movw	r2, #479
 307 00a0 2146     		mov	r1, r4
 308 00a2 2046     		mov	r0, r4
 309 00a4 FFF7FEFF 		bl	GUI_TOUCH_Calibrate
 310              	.LVL29:
 246:emWin/Config/LCDConf.c ****   GUI_TOUCH_Calibrate(GUI_COORD_Y, 0, YSIZE_PHYS-1 ,TOUCH_AD_TOP,TOUCH_AD_BOTTOM );
ARM GAS  C:\Users\gx\AppData\Local\Temp\ccrZM0UH.s 			page 11


 311              		.loc 1 246 3 view .LVU69
 312 00a8 40F63C73 		movw	r3, #3900
 313 00ac 0093     		str	r3, [sp]
 314 00ae 2B46     		mov	r3, r5
 315 00b0 40F23F12 		movw	r2, #319
 316 00b4 2146     		mov	r1, r4
 317 00b6 0120     		movs	r0, #1
 318 00b8 FFF7FEFF 		bl	GUI_TOUCH_Calibrate
 319              	.LVL30:
 247:emWin/Config/LCDConf.c **** 	
 248:emWin/Config/LCDConf.c **** 	/*
 249:emWin/Config/LCDConf.c **** 	GUI_SetOrientation(GUI_MIRROR_X | GUI_SWAP_XY);
 250:emWin/Config/LCDConf.c **** 	*/
 251:emWin/Config/LCDConf.c **** }
 320              		.loc 1 251 1 is_stmt 0 view .LVU70
 321 00bc 23B0     		add	sp, sp, #140
 322              	.LCFI6:
 323              		.cfi_def_cfa_offset 12
 324              		@ sp needed
 325 00be 30BD     		pop	{r4, r5, pc}
 326              	.L18:
 327              		.align	2
 328              	.L17:
 329 00c0 00000000 		.word	LCD_API_ColorConv_565
 330 00c4 00000000 		.word	GUIDRV_FlexColor_API
 331 00c8 00000000 		.word	LcdWriteReg
 332 00cc 00000000 		.word	LcdWriteData
 333 00d0 00000000 		.word	LcdWriteDataMultiple
 334 00d4 00000000 		.word	LcdReadDataMultiple
 335 00d8 00000000 		.word	GUIDRV_FlexColor_SetMode16bppC0B16
 336 00dc 00000000 		.word	GUIDRV_FlexColor_SetFunc66709
 337              		.cfi_endproc
 338              	.LFE130:
 340              		.section	.text.LCD_X_DisplayDriver,"ax",%progbits
 341              		.align	1
 342              		.global	LCD_X_DisplayDriver
 343              		.syntax unified
 344              		.thumb
 345              		.thumb_func
 346              		.fpu fpv4-sp-d16
 348              	LCD_X_DisplayDriver:
 349              	.LVL31:
 350              	.LFB131:
 252:emWin/Config/LCDConf.c **** 
 253:emWin/Config/LCDConf.c **** /*********************************************************************
 254:emWin/Config/LCDConf.c **** *
 255:emWin/Config/LCDConf.c **** *       LCD_X_DisplayDriver
 256:emWin/Config/LCDConf.c **** *
 257:emWin/Config/LCDConf.c **** * Purpose:
 258:emWin/Config/LCDConf.c **** *   This function is called by the display driver for several purposes.
 259:emWin/Config/LCDConf.c **** *   To support the according task the routine needs to be adapted to
 260:emWin/Config/LCDConf.c **** *   the display controller. Please note that the commands marked with
 261:emWin/Config/LCDConf.c **** *   'optional' are not cogently required and should only be adapted if
 262:emWin/Config/LCDConf.c **** *   the display controller supports these features.
 263:emWin/Config/LCDConf.c **** *
 264:emWin/Config/LCDConf.c **** * Parameter:
 265:emWin/Config/LCDConf.c **** *   LayerIndex - Index of layer to be configured
ARM GAS  C:\Users\gx\AppData\Local\Temp\ccrZM0UH.s 			page 12


 266:emWin/Config/LCDConf.c **** *   Cmd        - Please refer to the details in the switch statement below
 267:emWin/Config/LCDConf.c **** *   pData      - Pointer to a LCD_X_DATA structure
 268:emWin/Config/LCDConf.c **** */
 269:emWin/Config/LCDConf.c **** int LCD_X_DisplayDriver(unsigned LayerIndex, unsigned Cmd, void * pData) {
 351              		.loc 1 269 74 is_stmt 1 view -0
 352              		.cfi_startproc
 353              		@ args = 0, pretend = 0, frame = 0
 354              		@ frame_needed = 0, uses_anonymous_args = 0
 355              		@ link register save eliminated.
 270:emWin/Config/LCDConf.c ****   GUI_USE_PARA(LayerIndex);
 356              		.loc 1 270 3 view .LVU72
 271:emWin/Config/LCDConf.c ****   GUI_USE_PARA(Cmd);
 357              		.loc 1 271 3 view .LVU73
 272:emWin/Config/LCDConf.c ****   GUI_USE_PARA(pData);
 358              		.loc 1 272 3 view .LVU74
 273:emWin/Config/LCDConf.c ****   return 0;
 359              		.loc 1 273 3 view .LVU75
 274:emWin/Config/LCDConf.c **** }
 360              		.loc 1 274 1 is_stmt 0 view .LVU76
 361 0000 0020     		movs	r0, #0
 362              	.LVL32:
 363              		.loc 1 274 1 view .LVU77
 364 0002 7047     		bx	lr
 365              		.cfi_endproc
 366              	.LFE131:
 368              		.text
 369              	.Letext0:
 370              		.file 2 "emWin/inc/LCD.h"
 371              		.file 3 "emWin/inc/GUI.h"
 372              		.file 4 "emWin/inc/GUI_Type.h"
 373              		.file 5 "emWin/inc/GUIDRV_FlexColor.h"
 374              		.file 6 "c:\\program files (x86)\\gnu arm embedded toolchain\\9 2020-q2-update\\arm-none-eabi\\inc
 375              		.file 7 "c:\\program files (x86)\\gnu arm embedded toolchain\\9 2020-q2-update\\arm-none-eabi\\inc
 376              		.file 8 "Drivers/CMSIS/Include/core_cm4.h"
 377              		.file 9 "Drivers/CMSIS/Device/ST/STM32F4xx/Include/system_stm32f4xx.h"
 378              		.file 10 "c:\\program files (x86)\\gnu arm embedded toolchain\\9 2020-q2-update\\lib\\gcc\\arm-non
 379              		.file 11 "c:\\program files (x86)\\gnu arm embedded toolchain\\9 2020-q2-update\\arm-none-eabi\\in
 380              		.file 12 "c:\\program files (x86)\\gnu arm embedded toolchain\\9 2020-q2-update\\arm-none-eabi\\in
 381              		.file 13 "c:\\program files (x86)\\gnu arm embedded toolchain\\9 2020-q2-update\\arm-none-eabi\\in
 382              		.file 14 "user/lcd.h"
 383              		.file 15 "<built-in>"
ARM GAS  C:\Users\gx\AppData\Local\Temp\ccrZM0UH.s 			page 13


DEFINED SYMBOLS
                            *ABS*:00000000 LCDConf.c
C:\Users\gx\AppData\Local\Temp\ccrZM0UH.s:18     .text.LcdReadDataMultiple:00000000 $t
C:\Users\gx\AppData\Local\Temp\ccrZM0UH.s:25     .text.LcdReadDataMultiple:00000000 LcdReadDataMultiple
C:\Users\gx\AppData\Local\Temp\ccrZM0UH.s:70     .text.LcdWriteDataMultiple:00000000 $t
C:\Users\gx\AppData\Local\Temp\ccrZM0UH.s:76     .text.LcdWriteDataMultiple:00000000 LcdWriteDataMultiple
C:\Users\gx\AppData\Local\Temp\ccrZM0UH.s:120    .text.LcdWriteData:00000000 $t
C:\Users\gx\AppData\Local\Temp\ccrZM0UH.s:126    .text.LcdWriteData:00000000 LcdWriteData
C:\Users\gx\AppData\Local\Temp\ccrZM0UH.s:148    .text.LcdWriteReg:00000000 $t
C:\Users\gx\AppData\Local\Temp\ccrZM0UH.s:154    .text.LcdWriteReg:00000000 LcdWriteReg
C:\Users\gx\AppData\Local\Temp\ccrZM0UH.s:176    .text.LCD_X_Config:00000000 $t
C:\Users\gx\AppData\Local\Temp\ccrZM0UH.s:183    .text.LCD_X_Config:00000000 LCD_X_Config
C:\Users\gx\AppData\Local\Temp\ccrZM0UH.s:329    .text.LCD_X_Config:000000c0 $d
C:\Users\gx\AppData\Local\Temp\ccrZM0UH.s:341    .text.LCD_X_DisplayDriver:00000000 $t
C:\Users\gx\AppData\Local\Temp\ccrZM0UH.s:348    .text.LCD_X_DisplayDriver:00000000 LCD_X_DisplayDriver

UNDEFINED SYMBOLS
LCD_READ_DATA
LCD_WRITE_DATA
LCD_WRITE_CMD
memset
GUI_DEVICE_CreateAndLink
LCD_SetSizeEx
LCD_SetVSizeEx
GUIDRV_FlexColor_Config
GUIDRV_FlexColor_SetFunc
LCD_GetMirrorXEx
LCD_GetMirrorYEx
LCD_GetSwapXYEx
GUI_TOUCH_SetOrientation
GUI_TOUCH_Calibrate
LCD_API_ColorConv_565
GUIDRV_FlexColor_API
GUIDRV_FlexColor_SetMode16bppC0B16
GUIDRV_FlexColor_SetFunc66709
