ARM GAS  C:\Users\gx\AppData\Local\Temp\ccQEyv2j.s 			page 1


   1              		.cpu cortex-m4
   2              		.eabi_attribute 27, 1
   3              		.eabi_attribute 28, 1
   4              		.eabi_attribute 20, 1
   5              		.eabi_attribute 21, 1
   6              		.eabi_attribute 23, 3
   7              		.eabi_attribute 24, 1
   8              		.eabi_attribute 25, 1
   9              		.eabi_attribute 26, 1
  10              		.eabi_attribute 30, 1
  11              		.eabi_attribute 34, 1
  12              		.eabi_attribute 18, 4
  13              		.file	"lv_btn.c"
  14              		.text
  15              	.Ltext0:
  16              		.cfi_sections	.debug_frame
  17              		.section	.text.lv_btn_constructor,"ax",%progbits
  18              		.align	1
  19              		.arch armv7e-m
  20              		.syntax unified
  21              		.thumb
  22              		.thumb_func
  23              		.fpu fpv4-sp-d16
  25              	lv_btn_constructor:
  26              	.LVL0:
  27              	.LFB158:
  28              		.file 1 "lvgl/lvgl/src/widgets/lv_btn.c"
   1:lvgl/lvgl/src/widgets/lv_btn.c **** /**
   2:lvgl/lvgl/src/widgets/lv_btn.c ****  * @file lv_btn.c
   3:lvgl/lvgl/src/widgets/lv_btn.c ****  *
   4:lvgl/lvgl/src/widgets/lv_btn.c ****  */
   5:lvgl/lvgl/src/widgets/lv_btn.c **** 
   6:lvgl/lvgl/src/widgets/lv_btn.c **** /*********************
   7:lvgl/lvgl/src/widgets/lv_btn.c ****  *      INCLUDES
   8:lvgl/lvgl/src/widgets/lv_btn.c ****  *********************/
   9:lvgl/lvgl/src/widgets/lv_btn.c **** 
  10:lvgl/lvgl/src/widgets/lv_btn.c **** #include "lv_btn.h"
  11:lvgl/lvgl/src/widgets/lv_btn.c **** #if LV_USE_BTN != 0
  12:lvgl/lvgl/src/widgets/lv_btn.c **** 
  13:lvgl/lvgl/src/widgets/lv_btn.c **** #include "../extra/layouts/flex/lv_flex.h"
  14:lvgl/lvgl/src/widgets/lv_btn.c **** 
  15:lvgl/lvgl/src/widgets/lv_btn.c **** /*********************
  16:lvgl/lvgl/src/widgets/lv_btn.c ****  *      DEFINES
  17:lvgl/lvgl/src/widgets/lv_btn.c ****  *********************/
  18:lvgl/lvgl/src/widgets/lv_btn.c **** #define MY_CLASS &lv_btn_class
  19:lvgl/lvgl/src/widgets/lv_btn.c **** 
  20:lvgl/lvgl/src/widgets/lv_btn.c **** /**********************
  21:lvgl/lvgl/src/widgets/lv_btn.c ****  *      TYPEDEFS
  22:lvgl/lvgl/src/widgets/lv_btn.c ****  **********************/
  23:lvgl/lvgl/src/widgets/lv_btn.c **** 
  24:lvgl/lvgl/src/widgets/lv_btn.c **** /**********************
  25:lvgl/lvgl/src/widgets/lv_btn.c ****  *  STATIC PROTOTYPES
  26:lvgl/lvgl/src/widgets/lv_btn.c ****  **********************/
  27:lvgl/lvgl/src/widgets/lv_btn.c **** static void lv_btn_constructor(const lv_obj_class_t * class_p, lv_obj_t * obj);
  28:lvgl/lvgl/src/widgets/lv_btn.c **** 
  29:lvgl/lvgl/src/widgets/lv_btn.c **** /**********************
  30:lvgl/lvgl/src/widgets/lv_btn.c ****  *  STATIC VARIABLES
ARM GAS  C:\Users\gx\AppData\Local\Temp\ccQEyv2j.s 			page 2


  31:lvgl/lvgl/src/widgets/lv_btn.c ****  **********************/
  32:lvgl/lvgl/src/widgets/lv_btn.c **** const lv_obj_class_t lv_btn_class  = {
  33:lvgl/lvgl/src/widgets/lv_btn.c ****     .constructor_cb = lv_btn_constructor,
  34:lvgl/lvgl/src/widgets/lv_btn.c ****     .width_def = LV_SIZE_CONTENT,
  35:lvgl/lvgl/src/widgets/lv_btn.c ****     .height_def = LV_SIZE_CONTENT,
  36:lvgl/lvgl/src/widgets/lv_btn.c ****     .group_def = LV_OBJ_CLASS_GROUP_DEF_TRUE,
  37:lvgl/lvgl/src/widgets/lv_btn.c ****     .instance_size = sizeof(lv_btn_t),
  38:lvgl/lvgl/src/widgets/lv_btn.c ****     .base_class = &lv_obj_class
  39:lvgl/lvgl/src/widgets/lv_btn.c **** };
  40:lvgl/lvgl/src/widgets/lv_btn.c **** 
  41:lvgl/lvgl/src/widgets/lv_btn.c **** /**********************
  42:lvgl/lvgl/src/widgets/lv_btn.c ****  *      MACROS
  43:lvgl/lvgl/src/widgets/lv_btn.c ****  **********************/
  44:lvgl/lvgl/src/widgets/lv_btn.c **** 
  45:lvgl/lvgl/src/widgets/lv_btn.c **** /**********************
  46:lvgl/lvgl/src/widgets/lv_btn.c ****  *   GLOBAL FUNCTIONS
  47:lvgl/lvgl/src/widgets/lv_btn.c ****  **********************/
  48:lvgl/lvgl/src/widgets/lv_btn.c **** 
  49:lvgl/lvgl/src/widgets/lv_btn.c **** lv_obj_t * lv_btn_create(lv_obj_t * parent)
  50:lvgl/lvgl/src/widgets/lv_btn.c **** {
  51:lvgl/lvgl/src/widgets/lv_btn.c ****     LV_LOG_INFO("begin")
  52:lvgl/lvgl/src/widgets/lv_btn.c ****     lv_obj_t * obj = lv_obj_class_create_obj(MY_CLASS, parent);
  53:lvgl/lvgl/src/widgets/lv_btn.c ****     lv_obj_class_init_obj(obj);
  54:lvgl/lvgl/src/widgets/lv_btn.c ****     return obj;
  55:lvgl/lvgl/src/widgets/lv_btn.c **** }
  56:lvgl/lvgl/src/widgets/lv_btn.c **** 
  57:lvgl/lvgl/src/widgets/lv_btn.c **** /**********************
  58:lvgl/lvgl/src/widgets/lv_btn.c ****  *   STATIC FUNCTIONS
  59:lvgl/lvgl/src/widgets/lv_btn.c ****  **********************/
  60:lvgl/lvgl/src/widgets/lv_btn.c **** 
  61:lvgl/lvgl/src/widgets/lv_btn.c **** static void lv_btn_constructor(const lv_obj_class_t * class_p, lv_obj_t * obj)
  62:lvgl/lvgl/src/widgets/lv_btn.c **** {
  29              		.loc 1 62 1 view -0
  30              		.cfi_startproc
  31              		@ args = 0, pretend = 0, frame = 0
  32              		@ frame_needed = 0, uses_anonymous_args = 0
  33              		.loc 1 62 1 is_stmt 0 view .LVU1
  34 0000 10B5     		push	{r4, lr}
  35              	.LCFI0:
  36              		.cfi_def_cfa_offset 8
  37              		.cfi_offset 4, -8
  38              		.cfi_offset 14, -4
  39 0002 0C46     		mov	r4, r1
  63:lvgl/lvgl/src/widgets/lv_btn.c ****     LV_UNUSED(class_p);
  40              		.loc 1 63 5 is_stmt 1 view .LVU2
  64:lvgl/lvgl/src/widgets/lv_btn.c ****     LV_TRACE_OBJ_CREATE("begin");
  41              		.loc 1 64 5 view .LVU3
  42              		.loc 1 64 5 view .LVU4
  43              		.loc 1 64 5 view .LVU5
  44              		.loc 1 64 33 view .LVU6
  65:lvgl/lvgl/src/widgets/lv_btn.c **** 
  66:lvgl/lvgl/src/widgets/lv_btn.c ****     lv_obj_clear_flag(obj, LV_OBJ_FLAG_SCROLLABLE);
  45              		.loc 1 66 5 view .LVU7
  46 0004 1021     		movs	r1, #16
  47              	.LVL1:
  48              		.loc 1 66 5 is_stmt 0 view .LVU8
  49 0006 2046     		mov	r0, r4
ARM GAS  C:\Users\gx\AppData\Local\Temp\ccQEyv2j.s 			page 3


  50              	.LVL2:
  51              		.loc 1 66 5 view .LVU9
  52 0008 FFF7FEFF 		bl	lv_obj_clear_flag
  53              	.LVL3:
  67:lvgl/lvgl/src/widgets/lv_btn.c ****     lv_obj_add_flag(obj, LV_OBJ_FLAG_SCROLL_ON_FOCUS);
  54              		.loc 1 67 5 is_stmt 1 view .LVU10
  55 000c 4FF40071 		mov	r1, #512
  56 0010 2046     		mov	r0, r4
  57 0012 FFF7FEFF 		bl	lv_obj_add_flag
  58              	.LVL4:
  68:lvgl/lvgl/src/widgets/lv_btn.c **** 
  69:lvgl/lvgl/src/widgets/lv_btn.c ****     LV_TRACE_OBJ_CREATE("finished");
  59              		.loc 1 69 5 view .LVU11
  60              		.loc 1 69 5 view .LVU12
  61              		.loc 1 69 5 view .LVU13
  62              		.loc 1 69 36 view .LVU14
  70:lvgl/lvgl/src/widgets/lv_btn.c **** }
  63              		.loc 1 70 1 is_stmt 0 view .LVU15
  64 0016 10BD     		pop	{r4, pc}
  65              		.loc 1 70 1 view .LVU16
  66              		.cfi_endproc
  67              	.LFE158:
  69              		.section	.text.lv_btn_create,"ax",%progbits
  70              		.align	1
  71              		.global	lv_btn_create
  72              		.syntax unified
  73              		.thumb
  74              		.thumb_func
  75              		.fpu fpv4-sp-d16
  77              	lv_btn_create:
  78              	.LVL5:
  79              	.LFB157:
  50:lvgl/lvgl/src/widgets/lv_btn.c ****     LV_LOG_INFO("begin")
  80              		.loc 1 50 1 is_stmt 1 view -0
  81              		.cfi_startproc
  82              		@ args = 0, pretend = 0, frame = 0
  83              		@ frame_needed = 0, uses_anonymous_args = 0
  50:lvgl/lvgl/src/widgets/lv_btn.c ****     LV_LOG_INFO("begin")
  84              		.loc 1 50 1 is_stmt 0 view .LVU18
  85 0000 10B5     		push	{r4, lr}
  86              	.LCFI1:
  87              		.cfi_def_cfa_offset 8
  88              		.cfi_offset 4, -8
  89              		.cfi_offset 14, -4
  90 0002 0146     		mov	r1, r0
  51:lvgl/lvgl/src/widgets/lv_btn.c ****     lv_obj_t * obj = lv_obj_class_create_obj(MY_CLASS, parent);
  91              		.loc 1 51 5 is_stmt 1 view .LVU19
  51:lvgl/lvgl/src/widgets/lv_btn.c ****     lv_obj_t * obj = lv_obj_class_create_obj(MY_CLASS, parent);
  92              		.loc 1 51 5 view .LVU20
  51:lvgl/lvgl/src/widgets/lv_btn.c ****     lv_obj_t * obj = lv_obj_class_create_obj(MY_CLASS, parent);
  93              		.loc 1 51 5 view .LVU21
  52:lvgl/lvgl/src/widgets/lv_btn.c ****     lv_obj_class_init_obj(obj);
  94              		.loc 1 52 5 view .LVU22
  52:lvgl/lvgl/src/widgets/lv_btn.c ****     lv_obj_class_init_obj(obj);
  95              		.loc 1 52 22 is_stmt 0 view .LVU23
  96 0004 0348     		ldr	r0, .L5
  97              	.LVL6:
ARM GAS  C:\Users\gx\AppData\Local\Temp\ccQEyv2j.s 			page 4


  52:lvgl/lvgl/src/widgets/lv_btn.c ****     lv_obj_class_init_obj(obj);
  98              		.loc 1 52 22 view .LVU24
  99 0006 FFF7FEFF 		bl	lv_obj_class_create_obj
 100              	.LVL7:
  52:lvgl/lvgl/src/widgets/lv_btn.c ****     lv_obj_class_init_obj(obj);
 101              		.loc 1 52 22 view .LVU25
 102 000a 0446     		mov	r4, r0
 103              	.LVL8:
  53:lvgl/lvgl/src/widgets/lv_btn.c ****     return obj;
 104              		.loc 1 53 5 is_stmt 1 view .LVU26
 105 000c FFF7FEFF 		bl	lv_obj_class_init_obj
 106              	.LVL9:
  54:lvgl/lvgl/src/widgets/lv_btn.c **** }
 107              		.loc 1 54 5 view .LVU27
  55:lvgl/lvgl/src/widgets/lv_btn.c **** 
 108              		.loc 1 55 1 is_stmt 0 view .LVU28
 109 0010 2046     		mov	r0, r4
 110 0012 10BD     		pop	{r4, pc}
 111              	.LVL10:
 112              	.L6:
  55:lvgl/lvgl/src/widgets/lv_btn.c **** 
 113              		.loc 1 55 1 view .LVU29
 114              		.align	2
 115              	.L5:
 116 0014 00000000 		.word	.LANCHOR0
 117              		.cfi_endproc
 118              	.LFE157:
 120              		.global	lv_btn_class
 121              		.section	.rodata.lv_btn_class,"a"
 122              		.align	2
 123              		.set	.LANCHOR0,. + 0
 126              	lv_btn_class:
 127 0000 00000000 		.word	lv_obj_class
 128 0004 00000000 		.word	lv_btn_constructor
 129 0008 00000000 		.space	12
 129      00000000 
 129      00000000 
 130 0014 D127     		.short	10193
 131 0016 D127     		.short	10193
 132 0018 44       		.byte	68
 133 0019 02       		.byte	2
 134 001a 00       		.byte	0
 135 001b 00       		.space	1
 136              		.text
 137              	.Letext0:
 138              		.file 2 "c:\\program files (x86)\\gnu arm embedded toolchain\\9 2020-q2-update\\arm-none-eabi\\inc
 139              		.file 3 "c:\\program files (x86)\\gnu arm embedded toolchain\\9 2020-q2-update\\arm-none-eabi\\inc
 140              		.file 4 "c:\\program files (x86)\\gnu arm embedded toolchain\\9 2020-q2-update\\lib\\gcc\\arm-none
 141              		.file 5 "c:\\program files (x86)\\gnu arm embedded toolchain\\9 2020-q2-update\\arm-none-eabi\\inc
 142              		.file 6 "c:\\program files (x86)\\gnu arm embedded toolchain\\9 2020-q2-update\\arm-none-eabi\\inc
 143              		.file 7 "c:\\program files (x86)\\gnu arm embedded toolchain\\9 2020-q2-update\\arm-none-eabi\\inc
 144              		.file 8 "d:\\practise\\f407_disc\\lvgl\\lvgl\\src\\misc\\lv_area.h"
 145              		.file 9 "d:\\practise\\f407_disc\\lvgl\\lvgl\\src\\font\\lv_font.h"
 146              		.file 10 "lvgl/lvgl/src/widgets/../core/../misc/lv_color.h"
 147              		.file 11 "lvgl/lvgl/src/widgets/../core/../misc/lv_txt.h"
 148              		.file 12 "lvgl/lvgl/src/widgets/../core/../misc/lv_style.h"
 149              		.file 13 "d:\\practise\\f407_disc\\lvgl\\lvgl\\src\\misc\\lv_ll.h"
ARM GAS  C:\Users\gx\AppData\Local\Temp\ccQEyv2j.s 			page 5


 150              		.file 14 "lvgl/lvgl/src/widgets/../core/lv_obj.h"
 151              		.file 15 "lvgl/lvgl/src/widgets/../core/lv_group.h"
 152              		.file 16 "lvgl/lvgl/src/widgets/../core/lv_obj_scroll.h"
 153              		.file 17 "lvgl/lvgl/src/widgets/../core/lv_obj_style.h"
 154              		.file 18 "lvgl/lvgl/src/widgets/../core/../draw/lv_draw_label.h"
 155              		.file 19 "lvgl/lvgl/src/widgets/../core/lv_obj_class.h"
 156              		.file 20 "lvgl/lvgl/src/widgets/../core/lv_event.h"
 157              		.file 21 "lvgl/lvgl/src/widgets/lv_btn.h"
 158              		.file 22 "lvgl/lvgl/src/widgets/../extra/layouts/flex/lv_flex.h"
ARM GAS  C:\Users\gx\AppData\Local\Temp\ccQEyv2j.s 			page 6


DEFINED SYMBOLS
                            *ABS*:00000000 lv_btn.c
C:\Users\gx\AppData\Local\Temp\ccQEyv2j.s:18     .text.lv_btn_constructor:00000000 $t
C:\Users\gx\AppData\Local\Temp\ccQEyv2j.s:25     .text.lv_btn_constructor:00000000 lv_btn_constructor
C:\Users\gx\AppData\Local\Temp\ccQEyv2j.s:70     .text.lv_btn_create:00000000 $t
C:\Users\gx\AppData\Local\Temp\ccQEyv2j.s:77     .text.lv_btn_create:00000000 lv_btn_create
C:\Users\gx\AppData\Local\Temp\ccQEyv2j.s:116    .text.lv_btn_create:00000014 $d
C:\Users\gx\AppData\Local\Temp\ccQEyv2j.s:126    .rodata.lv_btn_class:00000000 lv_btn_class
C:\Users\gx\AppData\Local\Temp\ccQEyv2j.s:122    .rodata.lv_btn_class:00000000 $d

UNDEFINED SYMBOLS
lv_obj_clear_flag
lv_obj_add_flag
lv_obj_class_create_obj
lv_obj_class_init_obj
lv_obj_class
