ARM GAS  C:\Users\gx\AppData\Local\Temp\cc8zVNGC.s 			page 1


   1              		.cpu cortex-m4
   2              		.eabi_attribute 27, 1
   3              		.eabi_attribute 28, 1
   4              		.eabi_attribute 20, 1
   5              		.eabi_attribute 21, 1
   6              		.eabi_attribute 23, 3
   7              		.eabi_attribute 24, 1
   8              		.eabi_attribute 25, 1
   9              		.eabi_attribute 26, 1
  10              		.eabi_attribute 30, 1
  11              		.eabi_attribute 34, 1
  12              		.eabi_attribute 18, 4
  13              		.file	"lv_draw_triangle.c"
  14              		.text
  15              	.Ltext0:
  16              		.cfi_sections	.debug_frame
  17              		.section	.text.lv_draw_polygon,"ax",%progbits
  18              		.align	1
  19              		.global	lv_draw_polygon
  20              		.arch armv7e-m
  21              		.syntax unified
  22              		.thumb
  23              		.thumb_func
  24              		.fpu fpv4-sp-d16
  26              	lv_draw_polygon:
  27              	.LVL0:
  28              	.LFB52:
  29              		.file 1 "lvgl/lvgl/src/draw/lv_draw_triangle.c"
   1:lvgl/lvgl/src/draw/lv_draw_triangle.c **** /**
   2:lvgl/lvgl/src/draw/lv_draw_triangle.c ****  * @file lv_draw_triangle.c
   3:lvgl/lvgl/src/draw/lv_draw_triangle.c ****  *
   4:lvgl/lvgl/src/draw/lv_draw_triangle.c ****  */
   5:lvgl/lvgl/src/draw/lv_draw_triangle.c **** 
   6:lvgl/lvgl/src/draw/lv_draw_triangle.c **** /*********************
   7:lvgl/lvgl/src/draw/lv_draw_triangle.c ****  *      INCLUDES
   8:lvgl/lvgl/src/draw/lv_draw_triangle.c ****  *********************/
   9:lvgl/lvgl/src/draw/lv_draw_triangle.c **** #include "lv_draw_triangle.h"
  10:lvgl/lvgl/src/draw/lv_draw_triangle.c **** #include "../misc/lv_math.h"
  11:lvgl/lvgl/src/draw/lv_draw_triangle.c **** #include "../misc/lv_mem.h"
  12:lvgl/lvgl/src/draw/lv_draw_triangle.c **** 
  13:lvgl/lvgl/src/draw/lv_draw_triangle.c **** /*********************
  14:lvgl/lvgl/src/draw/lv_draw_triangle.c ****  *      DEFINES
  15:lvgl/lvgl/src/draw/lv_draw_triangle.c ****  *********************/
  16:lvgl/lvgl/src/draw/lv_draw_triangle.c **** 
  17:lvgl/lvgl/src/draw/lv_draw_triangle.c **** /**********************
  18:lvgl/lvgl/src/draw/lv_draw_triangle.c ****  *      TYPEDEFS
  19:lvgl/lvgl/src/draw/lv_draw_triangle.c ****  **********************/
  20:lvgl/lvgl/src/draw/lv_draw_triangle.c **** 
  21:lvgl/lvgl/src/draw/lv_draw_triangle.c **** /**********************
  22:lvgl/lvgl/src/draw/lv_draw_triangle.c ****  *  STATIC PROTOTYPES
  23:lvgl/lvgl/src/draw/lv_draw_triangle.c ****  **********************/
  24:lvgl/lvgl/src/draw/lv_draw_triangle.c **** 
  25:lvgl/lvgl/src/draw/lv_draw_triangle.c **** /**********************
  26:lvgl/lvgl/src/draw/lv_draw_triangle.c ****  *  STATIC VARIABLES
  27:lvgl/lvgl/src/draw/lv_draw_triangle.c ****  **********************/
  28:lvgl/lvgl/src/draw/lv_draw_triangle.c **** 
  29:lvgl/lvgl/src/draw/lv_draw_triangle.c **** /**********************
ARM GAS  C:\Users\gx\AppData\Local\Temp\cc8zVNGC.s 			page 2


  30:lvgl/lvgl/src/draw/lv_draw_triangle.c ****  *      MACROS
  31:lvgl/lvgl/src/draw/lv_draw_triangle.c ****  **********************/
  32:lvgl/lvgl/src/draw/lv_draw_triangle.c **** 
  33:lvgl/lvgl/src/draw/lv_draw_triangle.c **** /**********************
  34:lvgl/lvgl/src/draw/lv_draw_triangle.c ****  *   GLOBAL FUNCTIONS
  35:lvgl/lvgl/src/draw/lv_draw_triangle.c ****  **********************/
  36:lvgl/lvgl/src/draw/lv_draw_triangle.c **** 
  37:lvgl/lvgl/src/draw/lv_draw_triangle.c **** /**
  38:lvgl/lvgl/src/draw/lv_draw_triangle.c ****  * Draw a triangle
  39:lvgl/lvgl/src/draw/lv_draw_triangle.c ****  * @param points pointer to an array with 3 points
  40:lvgl/lvgl/src/draw/lv_draw_triangle.c ****  * @param clip_area the triangle will be drawn only in this area
  41:lvgl/lvgl/src/draw/lv_draw_triangle.c ****  * @param draw_dsc pointer to an initialized `lv_draw_rect_dsc_t` variable
  42:lvgl/lvgl/src/draw/lv_draw_triangle.c ****  */
  43:lvgl/lvgl/src/draw/lv_draw_triangle.c **** void lv_draw_triangle(const lv_point_t points[], const lv_area_t * clip_area, const lv_draw_rect_ds
  44:lvgl/lvgl/src/draw/lv_draw_triangle.c **** {
  45:lvgl/lvgl/src/draw/lv_draw_triangle.c **** #if LV_DRAW_COMPLEX
  46:lvgl/lvgl/src/draw/lv_draw_triangle.c ****     lv_draw_polygon(points, 3, clip_area, draw_dsc);
  47:lvgl/lvgl/src/draw/lv_draw_triangle.c **** #else
  48:lvgl/lvgl/src/draw/lv_draw_triangle.c ****     LV_UNUSED(points);
  49:lvgl/lvgl/src/draw/lv_draw_triangle.c ****     LV_UNUSED(clip_area);
  50:lvgl/lvgl/src/draw/lv_draw_triangle.c ****     LV_UNUSED(draw_dsc);
  51:lvgl/lvgl/src/draw/lv_draw_triangle.c ****     LV_LOG_WARN("Can't draw triangle with LV_DRAW_COMPLEX == 0");
  52:lvgl/lvgl/src/draw/lv_draw_triangle.c **** #endif /*LV_DRAW_COMPLEX*/
  53:lvgl/lvgl/src/draw/lv_draw_triangle.c **** }
  54:lvgl/lvgl/src/draw/lv_draw_triangle.c **** 
  55:lvgl/lvgl/src/draw/lv_draw_triangle.c **** /**
  56:lvgl/lvgl/src/draw/lv_draw_triangle.c ****  * Draw a polygon. Only convex polygons are supported
  57:lvgl/lvgl/src/draw/lv_draw_triangle.c ****  * @param points an array of points
  58:lvgl/lvgl/src/draw/lv_draw_triangle.c ****  * @param point_cnt number of points
  59:lvgl/lvgl/src/draw/lv_draw_triangle.c ****  * @param clip_area polygon will be drawn only in this area
  60:lvgl/lvgl/src/draw/lv_draw_triangle.c ****  * @param draw_dsc pointer to an initialized `lv_draw_rect_dsc_t` variable
  61:lvgl/lvgl/src/draw/lv_draw_triangle.c ****  */
  62:lvgl/lvgl/src/draw/lv_draw_triangle.c **** void lv_draw_polygon(const lv_point_t points[], uint16_t point_cnt, const lv_area_t * clip_area,
  63:lvgl/lvgl/src/draw/lv_draw_triangle.c ****                      const lv_draw_rect_dsc_t * draw_dsc)
  64:lvgl/lvgl/src/draw/lv_draw_triangle.c **** {
  30              		.loc 1 64 1 view -0
  31              		.cfi_startproc
  32              		@ args = 0, pretend = 0, frame = 32
  33              		@ frame_needed = 0, uses_anonymous_args = 0
  34              		.loc 1 64 1 is_stmt 0 view .LVU1
  35 0000 2DE9F04F 		push	{r4, r5, r6, r7, r8, r9, r10, fp, lr}
  36              	.LCFI0:
  37              		.cfi_def_cfa_offset 36
  38              		.cfi_offset 4, -36
  39              		.cfi_offset 5, -32
  40              		.cfi_offset 6, -28
  41              		.cfi_offset 7, -24
  42              		.cfi_offset 8, -20
  43              		.cfi_offset 9, -16
  44              		.cfi_offset 10, -12
  45              		.cfi_offset 11, -8
  46              		.cfi_offset 14, -4
  47 0004 8BB0     		sub	sp, sp, #44
  48              	.LCFI1:
  49              		.cfi_def_cfa_offset 80
  50 0006 0392     		str	r2, [sp, #12]
  51 0008 0593     		str	r3, [sp, #20]
ARM GAS  C:\Users\gx\AppData\Local\Temp\cc8zVNGC.s 			page 3


  65:lvgl/lvgl/src/draw/lv_draw_triangle.c **** #if LV_DRAW_COMPLEX
  66:lvgl/lvgl/src/draw/lv_draw_triangle.c ****     if(point_cnt < 3) return;
  52              		.loc 1 66 5 is_stmt 1 view .LVU2
  53              		.loc 1 66 7 is_stmt 0 view .LVU3
  54 000a 0229     		cmp	r1, #2
  55 000c 40F24281 		bls	.L1
  56 0010 0646     		mov	r6, r0
  57 0012 0F46     		mov	r7, r1
  67:lvgl/lvgl/src/draw/lv_draw_triangle.c ****     if(points == NULL) return;
  58              		.loc 1 67 5 is_stmt 1 view .LVU4
  59              		.loc 1 67 7 is_stmt 0 view .LVU5
  60 0014 0028     		cmp	r0, #0
  61 0016 00F03D81 		beq	.L1
  68:lvgl/lvgl/src/draw/lv_draw_triangle.c **** 
  69:lvgl/lvgl/src/draw/lv_draw_triangle.c ****     /*Join adjacent points if they are on the same coordinate*/
  70:lvgl/lvgl/src/draw/lv_draw_triangle.c ****     lv_point_t * p = lv_mem_buf_get(point_cnt * sizeof(lv_point_t));
  62              		.loc 1 70 5 is_stmt 1 view .LVU6
  63              		.loc 1 70 22 is_stmt 0 view .LVU7
  64 001a 8800     		lsls	r0, r1, #2
  65              	.LVL1:
  66              		.loc 1 70 22 view .LVU8
  67 001c FFF7FEFF 		bl	lv_mem_buf_get
  68              	.LVL2:
  71:lvgl/lvgl/src/draw/lv_draw_triangle.c ****     if(p == NULL) return;
  69              		.loc 1 71 5 is_stmt 1 view .LVU9
  70              		.loc 1 71 7 is_stmt 0 view .LVU10
  71 0020 0446     		mov	r4, r0
  72 0022 0028     		cmp	r0, #0
  73 0024 00F03681 		beq	.L1
  72:lvgl/lvgl/src/draw/lv_draw_triangle.c ****     uint16_t i;
  74              		.loc 1 72 5 is_stmt 1 view .LVU11
  73:lvgl/lvgl/src/draw/lv_draw_triangle.c ****     uint16_t pcnt = 0;
  75              		.loc 1 73 5 view .LVU12
  76              	.LVL3:
  74:lvgl/lvgl/src/draw/lv_draw_triangle.c ****     p[0] = points[0];
  77              		.loc 1 74 5 view .LVU13
  78              		.loc 1 74 10 is_stmt 0 view .LVU14
  79 0028 3368     		ldr	r3, [r6]	@ unaligned
  80 002a 0360     		str	r3, [r0]	@ unaligned
  75:lvgl/lvgl/src/draw/lv_draw_triangle.c ****     for(i = 0; i < point_cnt - 1; i++) {
  81              		.loc 1 75 5 is_stmt 1 view .LVU15
  82              	.LVL4:
  73:lvgl/lvgl/src/draw/lv_draw_triangle.c ****     uint16_t pcnt = 0;
  83              		.loc 1 73 14 is_stmt 0 view .LVU16
  84 002c 0025     		movs	r5, #0
  85              		.loc 1 75 11 view .LVU17
  86 002e 2B46     		mov	r3, r5
  87              		.loc 1 75 5 view .LVU18
  88 0030 06E0     		b	.L3
  89              	.LVL5:
  90              	.L4:
  76:lvgl/lvgl/src/draw/lv_draw_triangle.c ****         if(points[i].x != points[i + 1].x || points[i].y != points[i + 1].y) {
  77:lvgl/lvgl/src/draw/lv_draw_triangle.c ****             p[pcnt] = points[i];
  91              		.loc 1 77 13 is_stmt 1 view .LVU19
  92              		.loc 1 77 21 is_stmt 0 view .LVU20
  93 0032 0A68     		ldr	r2, [r1]	@ unaligned
  94 0034 44F82520 		str	r2, [r4, r5, lsl #2]	@ unaligned
ARM GAS  C:\Users\gx\AppData\Local\Temp\cc8zVNGC.s 			page 4


  78:lvgl/lvgl/src/draw/lv_draw_triangle.c ****             pcnt++;
  95              		.loc 1 78 13 is_stmt 1 view .LVU21
  96              		.loc 1 78 17 is_stmt 0 view .LVU22
  97 0038 0135     		adds	r5, r5, #1
  98              	.LVL6:
  99              		.loc 1 78 17 view .LVU23
 100 003a ADB2     		uxth	r5, r5
 101              	.LVL7:
 102              	.L5:
  75:lvgl/lvgl/src/draw/lv_draw_triangle.c ****     for(i = 0; i < point_cnt - 1; i++) {
 103              		.loc 1 75 35 is_stmt 1 discriminator 2 view .LVU24
  75:lvgl/lvgl/src/draw/lv_draw_triangle.c ****     for(i = 0; i < point_cnt - 1; i++) {
 104              		.loc 1 75 36 is_stmt 0 discriminator 2 view .LVU25
 105 003c 0133     		adds	r3, r3, #1
 106              	.LVL8:
  75:lvgl/lvgl/src/draw/lv_draw_triangle.c ****     for(i = 0; i < point_cnt - 1; i++) {
 107              		.loc 1 75 36 discriminator 2 view .LVU26
 108 003e 9BB2     		uxth	r3, r3
 109              	.LVL9:
 110              	.L3:
  75:lvgl/lvgl/src/draw/lv_draw_triangle.c ****     for(i = 0; i < point_cnt - 1; i++) {
 111              		.loc 1 75 16 is_stmt 1 discriminator 1 view .LVU27
  75:lvgl/lvgl/src/draw/lv_draw_triangle.c ****     for(i = 0; i < point_cnt - 1; i++) {
 112              		.loc 1 75 30 is_stmt 0 discriminator 1 view .LVU28
 113 0040 7A1E     		subs	r2, r7, #1
  75:lvgl/lvgl/src/draw/lv_draw_triangle.c ****     for(i = 0; i < point_cnt - 1; i++) {
 114              		.loc 1 75 5 discriminator 1 view .LVU29
 115 0042 9342     		cmp	r3, r2
 116 0044 11DA     		bge	.L34
  76:lvgl/lvgl/src/draw/lv_draw_triangle.c ****         if(points[i].x != points[i + 1].x || points[i].y != points[i + 1].y) {
 117              		.loc 1 76 9 is_stmt 1 view .LVU30
  76:lvgl/lvgl/src/draw/lv_draw_triangle.c ****         if(points[i].x != points[i + 1].x || points[i].y != points[i + 1].y) {
 118              		.loc 1 76 18 is_stmt 0 view .LVU31
 119 0046 06EB8301 		add	r1, r6, r3, lsl #2
  76:lvgl/lvgl/src/draw/lv_draw_triangle.c ****         if(points[i].x != points[i + 1].x || points[i].y != points[i + 1].y) {
 120              		.loc 1 76 21 view .LVU32
 121 004a 36F92300 		ldrsh	r0, [r6, r3, lsl #2]
  76:lvgl/lvgl/src/draw/lv_draw_triangle.c ****         if(points[i].x != points[i + 1].x || points[i].y != points[i + 1].y) {
 122              		.loc 1 76 33 view .LVU33
 123 004e 5A1C     		adds	r2, r3, #1
 124 0050 06EB820C 		add	ip, r6, r2, lsl #2
  76:lvgl/lvgl/src/draw/lv_draw_triangle.c ****         if(points[i].x != points[i + 1].x || points[i].y != points[i + 1].y) {
 125              		.loc 1 76 40 view .LVU34
 126 0054 36F92220 		ldrsh	r2, [r6, r2, lsl #2]
  76:lvgl/lvgl/src/draw/lv_draw_triangle.c ****         if(points[i].x != points[i + 1].x || points[i].y != points[i + 1].y) {
 127              		.loc 1 76 11 view .LVU35
 128 0058 9042     		cmp	r0, r2
 129 005a EAD1     		bne	.L4
  76:lvgl/lvgl/src/draw/lv_draw_triangle.c ****         if(points[i].x != points[i + 1].x || points[i].y != points[i + 1].y) {
 130              		.loc 1 76 55 discriminator 1 view .LVU36
 131 005c B1F90200 		ldrsh	r0, [r1, #2]
  76:lvgl/lvgl/src/draw/lv_draw_triangle.c ****         if(points[i].x != points[i + 1].x || points[i].y != points[i + 1].y) {
 132              		.loc 1 76 74 discriminator 1 view .LVU37
 133 0060 BCF90220 		ldrsh	r2, [ip, #2]
  76:lvgl/lvgl/src/draw/lv_draw_triangle.c ****         if(points[i].x != points[i + 1].x || points[i].y != points[i + 1].y) {
 134              		.loc 1 76 43 discriminator 1 view .LVU38
 135 0064 9042     		cmp	r0, r2
ARM GAS  C:\Users\gx\AppData\Local\Temp\cc8zVNGC.s 			page 5


 136 0066 E4D1     		bne	.L4
 137 0068 E8E7     		b	.L5
 138              	.L34:
  79:lvgl/lvgl/src/draw/lv_draw_triangle.c ****         }
  80:lvgl/lvgl/src/draw/lv_draw_triangle.c ****     }
  81:lvgl/lvgl/src/draw/lv_draw_triangle.c ****     /*The first and the last points are also adjacent*/
  82:lvgl/lvgl/src/draw/lv_draw_triangle.c ****     if(points[0].x != points[point_cnt - 1].x || points[0].y != points[point_cnt - 1].y) {
 139              		.loc 1 82 5 is_stmt 1 view .LVU39
 140              		.loc 1 82 17 is_stmt 0 view .LVU40
 141 006a B6F90010 		ldrsh	r1, [r6]
 142              		.loc 1 82 29 view .LVU41
 143 006e 07F18047 		add	r7, r7, #1073741824
 144 0072 013F     		subs	r7, r7, #1
 145 0074 06EB8703 		add	r3, r6, r7, lsl #2
 146              	.LVL10:
 147              		.loc 1 82 44 view .LVU42
 148 0078 36F92720 		ldrsh	r2, [r6, r7, lsl #2]
 149              		.loc 1 82 7 view .LVU43
 150 007c 9142     		cmp	r1, r2
 151 007e 0ED0     		beq	.L35
 152              	.L7:
  83:lvgl/lvgl/src/draw/lv_draw_triangle.c ****         p[pcnt] = points[point_cnt - 1];
 153              		.loc 1 83 9 is_stmt 1 view .LVU44
 154              		.loc 1 83 17 is_stmt 0 view .LVU45
 155 0080 1B68     		ldr	r3, [r3]	@ unaligned
 156 0082 44F82530 		str	r3, [r4, r5, lsl #2]	@ unaligned
  84:lvgl/lvgl/src/draw/lv_draw_triangle.c ****         pcnt++;
 157              		.loc 1 84 9 is_stmt 1 view .LVU46
 158              		.loc 1 84 13 is_stmt 0 view .LVU47
 159 0086 0135     		adds	r5, r5, #1
 160              	.LVL11:
 161              		.loc 1 84 13 view .LVU48
 162 0088 ADB2     		uxth	r5, r5
 163              	.LVL12:
 164              	.L8:
  85:lvgl/lvgl/src/draw/lv_draw_triangle.c ****     }
  86:lvgl/lvgl/src/draw/lv_draw_triangle.c **** 
  87:lvgl/lvgl/src/draw/lv_draw_triangle.c ****     point_cnt = pcnt;
 165              		.loc 1 87 5 is_stmt 1 view .LVU49
  88:lvgl/lvgl/src/draw/lv_draw_triangle.c ****     if(point_cnt < 3) {
 166              		.loc 1 88 5 view .LVU50
 167              		.loc 1 88 7 is_stmt 0 view .LVU51
 168 008a 022D     		cmp	r5, #2
 169 008c 0ED9     		bls	.L36
  89:lvgl/lvgl/src/draw/lv_draw_triangle.c ****         lv_mem_buf_release(p);
  90:lvgl/lvgl/src/draw/lv_draw_triangle.c ****         return;
  91:lvgl/lvgl/src/draw/lv_draw_triangle.c ****     }
  92:lvgl/lvgl/src/draw/lv_draw_triangle.c **** 
  93:lvgl/lvgl/src/draw/lv_draw_triangle.c ****     lv_area_t poly_coords = {.x1 = LV_COORD_MAX, .y1 = LV_COORD_MAX, .x2 = LV_COORD_MIN, .y2 = LV_C
 170              		.loc 1 93 5 is_stmt 1 view .LVU52
 171              		.loc 1 93 15 is_stmt 0 view .LVU53
 172 008e 834B     		ldr	r3, .L44
 173 0090 93E80300 		ldm	r3, {r0, r1}
 174 0094 0AAB     		add	r3, sp, #40
 175 0096 03E90300 		stmdb	r3, {r0, r1}
  94:lvgl/lvgl/src/draw/lv_draw_triangle.c **** 
  95:lvgl/lvgl/src/draw/lv_draw_triangle.c ****     for(i = 0; i < point_cnt; i++) {
ARM GAS  C:\Users\gx\AppData\Local\Temp\cc8zVNGC.s 			page 6


 176              		.loc 1 95 5 is_stmt 1 view .LVU54
 177              	.LVL13:
 178              		.loc 1 95 11 is_stmt 0 view .LVU55
 179 009a 0022     		movs	r2, #0
 180              		.loc 1 95 5 view .LVU56
 181 009c 32E0     		b	.L10
 182              	.LVL14:
 183              	.L35:
  82:lvgl/lvgl/src/draw/lv_draw_triangle.c ****         p[pcnt] = points[point_cnt - 1];
 184              		.loc 1 82 59 discriminator 1 view .LVU57
 185 009e B6F90210 		ldrsh	r1, [r6, #2]
  82:lvgl/lvgl/src/draw/lv_draw_triangle.c ****         p[pcnt] = points[point_cnt - 1];
 186              		.loc 1 82 86 discriminator 1 view .LVU58
 187 00a2 B3F90220 		ldrsh	r2, [r3, #2]
  82:lvgl/lvgl/src/draw/lv_draw_triangle.c ****         p[pcnt] = points[point_cnt - 1];
 188              		.loc 1 82 47 discriminator 1 view .LVU59
 189 00a6 9142     		cmp	r1, r2
 190 00a8 EAD1     		bne	.L7
 191 00aa EEE7     		b	.L8
 192              	.LVL15:
 193              	.L36:
  89:lvgl/lvgl/src/draw/lv_draw_triangle.c ****         lv_mem_buf_release(p);
 194              		.loc 1 89 9 is_stmt 1 view .LVU60
 195 00ac 2046     		mov	r0, r4
 196 00ae FFF7FEFF 		bl	lv_mem_buf_release
 197              	.LVL16:
  90:lvgl/lvgl/src/draw/lv_draw_triangle.c ****     }
 198              		.loc 1 90 9 view .LVU61
 199 00b2 EFE0     		b	.L1
 200              	.LVL17:
 201              	.L11:
  96:lvgl/lvgl/src/draw/lv_draw_triangle.c ****         poly_coords.x1 = LV_MIN(poly_coords.x1, p[i].x);
 202              		.loc 1 96 9 discriminator 3 view .LVU62
 203              		.loc 1 96 26 is_stmt 0 discriminator 3 view .LVU63
 204 00b4 04EB8201 		add	r1, r4, r2, lsl #2
 205 00b8 34F92230 		ldrsh	r3, [r4, r2, lsl #2]
 206 00bc BDF92000 		ldrsh	r0, [sp, #32]
 207 00c0 8342     		cmp	r3, r0
 208 00c2 A8BF     		it	ge
 209 00c4 0346     		movge	r3, r0
 210              		.loc 1 96 24 discriminator 3 view .LVU64
 211 00c6 ADF82030 		strh	r3, [sp, #32]	@ movhi
  97:lvgl/lvgl/src/draw/lv_draw_triangle.c ****         poly_coords.y1 = LV_MIN(poly_coords.y1, p[i].y);
 212              		.loc 1 97 9 is_stmt 1 discriminator 3 view .LVU65
 213              		.loc 1 97 26 is_stmt 0 discriminator 3 view .LVU66
 214 00ca B1F90230 		ldrsh	r3, [r1, #2]
 215 00ce BDF92200 		ldrsh	r0, [sp, #34]
 216 00d2 8342     		cmp	r3, r0
 217 00d4 A8BF     		it	ge
 218 00d6 0346     		movge	r3, r0
 219              		.loc 1 97 24 discriminator 3 view .LVU67
 220 00d8 ADF82230 		strh	r3, [sp, #34]	@ movhi
  98:lvgl/lvgl/src/draw/lv_draw_triangle.c ****         poly_coords.x2 = LV_MAX(poly_coords.x2, p[i].x);
 221              		.loc 1 98 9 is_stmt 1 discriminator 3 view .LVU68
 222              		.loc 1 98 26 is_stmt 0 discriminator 3 view .LVU69
 223 00dc 34F92230 		ldrsh	r3, [r4, r2, lsl #2]
 224 00e0 BDF92400 		ldrsh	r0, [sp, #36]
ARM GAS  C:\Users\gx\AppData\Local\Temp\cc8zVNGC.s 			page 7


 225 00e4 8342     		cmp	r3, r0
 226 00e6 B8BF     		it	lt
 227 00e8 0346     		movlt	r3, r0
 228              		.loc 1 98 24 discriminator 3 view .LVU70
 229 00ea ADF82430 		strh	r3, [sp, #36]	@ movhi
  99:lvgl/lvgl/src/draw/lv_draw_triangle.c ****         poly_coords.y2 = LV_MAX(poly_coords.y2, p[i].y);
 230              		.loc 1 99 9 is_stmt 1 discriminator 3 view .LVU71
 231              		.loc 1 99 26 is_stmt 0 discriminator 3 view .LVU72
 232 00ee B1F90230 		ldrsh	r3, [r1, #2]
 233 00f2 BDF92610 		ldrsh	r1, [sp, #38]
 234 00f6 8B42     		cmp	r3, r1
 235 00f8 B8BF     		it	lt
 236 00fa 0B46     		movlt	r3, r1
 237              		.loc 1 99 24 discriminator 3 view .LVU73
 238 00fc ADF82630 		strh	r3, [sp, #38]	@ movhi
  95:lvgl/lvgl/src/draw/lv_draw_triangle.c ****         poly_coords.x1 = LV_MIN(poly_coords.x1, p[i].x);
 239              		.loc 1 95 31 is_stmt 1 discriminator 3 view .LVU74
  95:lvgl/lvgl/src/draw/lv_draw_triangle.c ****         poly_coords.x1 = LV_MIN(poly_coords.x1, p[i].x);
 240              		.loc 1 95 32 is_stmt 0 discriminator 3 view .LVU75
 241 0100 0132     		adds	r2, r2, #1
 242              	.LVL18:
  95:lvgl/lvgl/src/draw/lv_draw_triangle.c ****         poly_coords.x1 = LV_MIN(poly_coords.x1, p[i].x);
 243              		.loc 1 95 32 discriminator 3 view .LVU76
 244 0102 92B2     		uxth	r2, r2
 245              	.LVL19:
 246              	.L10:
  95:lvgl/lvgl/src/draw/lv_draw_triangle.c ****         poly_coords.x1 = LV_MIN(poly_coords.x1, p[i].x);
 247              		.loc 1 95 16 is_stmt 1 discriminator 1 view .LVU77
  95:lvgl/lvgl/src/draw/lv_draw_triangle.c ****         poly_coords.x1 = LV_MIN(poly_coords.x1, p[i].x);
 248              		.loc 1 95 5 is_stmt 0 discriminator 1 view .LVU78
 249 0104 AA42     		cmp	r2, r5
 250 0106 D5D3     		bcc	.L11
 100:lvgl/lvgl/src/draw/lv_draw_triangle.c ****     }
 101:lvgl/lvgl/src/draw/lv_draw_triangle.c **** 
 102:lvgl/lvgl/src/draw/lv_draw_triangle.c ****     bool is_common;
 251              		.loc 1 102 5 is_stmt 1 view .LVU79
 103:lvgl/lvgl/src/draw/lv_draw_triangle.c ****     lv_area_t poly_mask;
 252              		.loc 1 103 5 view .LVU80
 104:lvgl/lvgl/src/draw/lv_draw_triangle.c ****     is_common = _lv_area_intersect(&poly_mask, &poly_coords, clip_area);
 253              		.loc 1 104 5 view .LVU81
 254              		.loc 1 104 17 is_stmt 0 view .LVU82
 255 0108 039A     		ldr	r2, [sp, #12]
 256              	.LVL20:
 257              		.loc 1 104 17 view .LVU83
 258 010a 08A9     		add	r1, sp, #32
 259 010c 06A8     		add	r0, sp, #24
 260 010e FFF7FEFF 		bl	_lv_area_intersect
 261              	.LVL21:
 105:lvgl/lvgl/src/draw/lv_draw_triangle.c ****     if(!is_common) {
 262              		.loc 1 105 5 is_stmt 1 view .LVU84
 263              		.loc 1 105 7 is_stmt 0 view .LVU85
 264 0112 0290     		str	r0, [sp, #8]
 265 0114 20B1     		cbz	r0, .L37
 106:lvgl/lvgl/src/draw/lv_draw_triangle.c ****         lv_mem_buf_release(p);
 107:lvgl/lvgl/src/draw/lv_draw_triangle.c ****         return;
 108:lvgl/lvgl/src/draw/lv_draw_triangle.c ****     }
 109:lvgl/lvgl/src/draw/lv_draw_triangle.c ****     /*Find the lowest point*/
ARM GAS  C:\Users\gx\AppData\Local\Temp\cc8zVNGC.s 			page 8


 110:lvgl/lvgl/src/draw/lv_draw_triangle.c ****     lv_coord_t y_min = p[0].y;
 266              		.loc 1 110 5 is_stmt 1 view .LVU86
 267              		.loc 1 110 16 is_stmt 0 view .LVU87
 268 0116 B4F90210 		ldrsh	r1, [r4, #2]
 269              	.LVL22:
 111:lvgl/lvgl/src/draw/lv_draw_triangle.c ****     int16_t y_min_i = 0;
 270              		.loc 1 111 5 is_stmt 1 view .LVU88
 112:lvgl/lvgl/src/draw/lv_draw_triangle.c **** 
 113:lvgl/lvgl/src/draw/lv_draw_triangle.c ****     for(i = 1; i < point_cnt; i++) {
 271              		.loc 1 113 5 view .LVU89
 111:lvgl/lvgl/src/draw/lv_draw_triangle.c ****     int16_t y_min_i = 0;
 272              		.loc 1 111 13 is_stmt 0 view .LVU90
 273 011a 0026     		movs	r6, #0
 274              	.LVL23:
 275              		.loc 1 113 11 view .LVU91
 276 011c 0123     		movs	r3, #1
 277              		.loc 1 113 5 view .LVU92
 278 011e 05E0     		b	.L13
 279              	.LVL24:
 280              	.L37:
 106:lvgl/lvgl/src/draw/lv_draw_triangle.c ****         return;
 281              		.loc 1 106 9 is_stmt 1 view .LVU93
 282 0120 2046     		mov	r0, r4
 283              	.LVL25:
 106:lvgl/lvgl/src/draw/lv_draw_triangle.c ****         return;
 284              		.loc 1 106 9 is_stmt 0 view .LVU94
 285 0122 FFF7FEFF 		bl	lv_mem_buf_release
 286              	.LVL26:
 107:lvgl/lvgl/src/draw/lv_draw_triangle.c ****     }
 287              		.loc 1 107 9 is_stmt 1 view .LVU95
 288 0126 B5E0     		b	.L1
 289              	.LVL27:
 290              	.L14:
 291              		.loc 1 113 31 discriminator 2 view .LVU96
 292              		.loc 1 113 32 is_stmt 0 discriminator 2 view .LVU97
 293 0128 0133     		adds	r3, r3, #1
 294              	.LVL28:
 295              		.loc 1 113 32 discriminator 2 view .LVU98
 296 012a 9BB2     		uxth	r3, r3
 297              	.LVL29:
 298              	.L13:
 299              		.loc 1 113 16 is_stmt 1 discriminator 1 view .LVU99
 300              		.loc 1 113 5 is_stmt 0 discriminator 1 view .LVU100
 301 012c AB42     		cmp	r3, r5
 302 012e 08D2     		bcs	.L38
 114:lvgl/lvgl/src/draw/lv_draw_triangle.c ****         if(p[i].y < y_min) {
 303              		.loc 1 114 9 is_stmt 1 view .LVU101
 304              		.loc 1 114 13 is_stmt 0 view .LVU102
 305 0130 04EB8302 		add	r2, r4, r3, lsl #2
 306              		.loc 1 114 16 view .LVU103
 307 0134 B2F90220 		ldrsh	r2, [r2, #2]
 308              		.loc 1 114 11 view .LVU104
 309 0138 8A42     		cmp	r2, r1
 310 013a F5DA     		bge	.L14
 115:lvgl/lvgl/src/draw/lv_draw_triangle.c ****             y_min = p[i].y;
 311              		.loc 1 115 13 is_stmt 1 view .LVU105
 312              	.LVL30:
ARM GAS  C:\Users\gx\AppData\Local\Temp\cc8zVNGC.s 			page 9


 116:lvgl/lvgl/src/draw/lv_draw_triangle.c ****             y_min_i = i;
 313              		.loc 1 116 13 view .LVU106
 314              		.loc 1 116 21 is_stmt 0 view .LVU107
 315 013c 1EB2     		sxth	r6, r3
 316              	.LVL31:
 115:lvgl/lvgl/src/draw/lv_draw_triangle.c ****             y_min = p[i].y;
 317              		.loc 1 115 19 view .LVU108
 318 013e 1146     		mov	r1, r2
 319 0140 F2E7     		b	.L14
 320              	.LVL32:
 321              	.L38:
 117:lvgl/lvgl/src/draw/lv_draw_triangle.c ****         }
 118:lvgl/lvgl/src/draw/lv_draw_triangle.c ****     }
 119:lvgl/lvgl/src/draw/lv_draw_triangle.c **** 
 120:lvgl/lvgl/src/draw/lv_draw_triangle.c ****     lv_draw_mask_line_param_t * mp = lv_mem_buf_get(sizeof(lv_draw_mask_line_param_t) * point_cnt);
 322              		.loc 1 120 5 is_stmt 1 view .LVU109
 323              		.loc 1 120 38 is_stmt 0 view .LVU110
 324 0142 AA46     		mov	r10, r5
 325 0144 2C20     		movs	r0, #44
 326              	.LVL33:
 327              		.loc 1 120 38 view .LVU111
 328 0146 00FB05F0 		mul	r0, r0, r5
 329 014a FFF7FEFF 		bl	lv_mem_buf_get
 330              	.LVL34:
 331              		.loc 1 120 38 view .LVU112
 332 014e 0490     		str	r0, [sp, #16]
 333              	.LVL35:
 121:lvgl/lvgl/src/draw/lv_draw_triangle.c ****     lv_draw_mask_line_param_t * mp_next = mp;
 334              		.loc 1 121 5 is_stmt 1 view .LVU113
 122:lvgl/lvgl/src/draw/lv_draw_triangle.c **** 
 123:lvgl/lvgl/src/draw/lv_draw_triangle.c ****     int32_t i_prev_left = y_min_i;
 335              		.loc 1 123 5 view .LVU114
 336              		.loc 1 123 13 is_stmt 0 view .LVU115
 337 0150 3746     		mov	r7, r6
 338              	.LVL36:
 124:lvgl/lvgl/src/draw/lv_draw_triangle.c ****     int32_t i_prev_right = y_min_i;
 339              		.loc 1 124 5 is_stmt 1 view .LVU116
 125:lvgl/lvgl/src/draw/lv_draw_triangle.c ****     int32_t i_next_left;
 340              		.loc 1 125 5 view .LVU117
 126:lvgl/lvgl/src/draw/lv_draw_triangle.c ****     int32_t i_next_right;
 341              		.loc 1 126 5 view .LVU118
 127:lvgl/lvgl/src/draw/lv_draw_triangle.c ****     uint32_t mask_cnt = 0;
 342              		.loc 1 127 5 view .LVU119
 128:lvgl/lvgl/src/draw/lv_draw_triangle.c **** 
 129:lvgl/lvgl/src/draw/lv_draw_triangle.c ****     /*Get the index of the left and right points*/
 130:lvgl/lvgl/src/draw/lv_draw_triangle.c ****     i_next_left = y_min_i - 1;
 343              		.loc 1 130 5 view .LVU120
 131:lvgl/lvgl/src/draw/lv_draw_triangle.c ****     if(i_next_left < 0) i_next_left = point_cnt + i_next_left;
 344              		.loc 1 131 5 view .LVU121
 345              		.loc 1 131 7 is_stmt 0 view .LVU122
 346 0152 731E     		subs	r3, r6, #1
 347              	.LVL37:
 348              		.loc 1 131 7 view .LVU123
 349 0154 2AD4     		bmi	.L39
 350              	.L16:
 132:lvgl/lvgl/src/draw/lv_draw_triangle.c **** 
 133:lvgl/lvgl/src/draw/lv_draw_triangle.c ****     i_next_right = y_min_i + 1;
ARM GAS  C:\Users\gx\AppData\Local\Temp\cc8zVNGC.s 			page 10


 351              		.loc 1 133 5 is_stmt 1 view .LVU124
 352              		.loc 1 133 18 is_stmt 0 view .LVU125
 353 0156 7A1C     		adds	r2, r7, #1
 354              	.LVL38:
 134:lvgl/lvgl/src/draw/lv_draw_triangle.c ****     if(i_next_right > point_cnt - 1) i_next_right = 0;
 355              		.loc 1 134 5 is_stmt 1 view .LVU126
 356              		.loc 1 134 21 is_stmt 0 view .LVU127
 357 0158 AB46     		mov	fp, r5
 358              		.loc 1 134 7 view .LVU128
 359 015a 9542     		cmp	r5, r2
 360 015c 00DC     		bgt	.L17
 361              		.loc 1 134 51 view .LVU129
 362 015e 0022     		movs	r2, #0
 363              	.LVL39:
 364              	.L17:
 135:lvgl/lvgl/src/draw/lv_draw_triangle.c **** 
 136:lvgl/lvgl/src/draw/lv_draw_triangle.c ****     /**
 137:lvgl/lvgl/src/draw/lv_draw_triangle.c ****      * Check if the order of points is inverted or not.
 138:lvgl/lvgl/src/draw/lv_draw_triangle.c ****      * The normal case is when the left point is on `y_min_i - 1`
 139:lvgl/lvgl/src/draw/lv_draw_triangle.c ****      * Explanation:
 140:lvgl/lvgl/src/draw/lv_draw_triangle.c ****      *   if angle(p_left) < angle(p_right) -> inverted
 141:lvgl/lvgl/src/draw/lv_draw_triangle.c ****      *   dy_left/dx_left < dy_right/dx_right
 142:lvgl/lvgl/src/draw/lv_draw_triangle.c ****      *   dy_left * dx_right < dy_right * dx_left
 143:lvgl/lvgl/src/draw/lv_draw_triangle.c ****      */
 144:lvgl/lvgl/src/draw/lv_draw_triangle.c ****     lv_coord_t dxl = p[i_next_left].x - p[y_min_i].x;
 365              		.loc 1 144 5 is_stmt 1 view .LVU130
 366              		.loc 1 144 23 is_stmt 0 view .LVU131
 367 0160 04EB830C 		add	ip, r4, r3, lsl #2
 368              		.loc 1 144 36 view .LVU132
 369 0164 34F82330 		ldrh	r3, [r4, r3, lsl #2]
 370              	.LVL40:
 371              		.loc 1 144 42 view .LVU133
 372 0168 04EB8605 		add	r5, r4, r6, lsl #2
 373              	.LVL41:
 374              		.loc 1 144 51 view .LVU134
 375 016c 34F82600 		ldrh	r0, [r4, r6, lsl #2]
 376              	.LVL42:
 377              		.loc 1 144 39 view .LVU135
 378 0170 1B1A     		subs	r3, r3, r0
 379              		.loc 1 144 16 view .LVU136
 380 0172 19B2     		sxth	r1, r3
 381              	.LVL43:
 145:lvgl/lvgl/src/draw/lv_draw_triangle.c ****     lv_coord_t dxr = p[i_next_right].x - p[y_min_i].x;
 382              		.loc 1 145 5 is_stmt 1 view .LVU137
 383              		.loc 1 145 23 is_stmt 0 view .LVU138
 384 0174 04EB8203 		add	r3, r4, r2, lsl #2
 385              		.loc 1 145 37 view .LVU139
 386 0178 34F82220 		ldrh	r2, [r4, r2, lsl #2]
 387              	.LVL44:
 388              		.loc 1 145 40 view .LVU140
 389 017c 121A     		subs	r2, r2, r0
 390              		.loc 1 145 16 view .LVU141
 391 017e 10B2     		sxth	r0, r2
 392              	.LVL45:
 146:lvgl/lvgl/src/draw/lv_draw_triangle.c ****     lv_coord_t dyl = p[i_next_left].y - p[y_min_i].y;
 393              		.loc 1 146 5 is_stmt 1 view .LVU142
 394              		.loc 1 146 36 is_stmt 0 view .LVU143
ARM GAS  C:\Users\gx\AppData\Local\Temp\cc8zVNGC.s 			page 11


 395 0180 BCF80220 		ldrh	r2, [ip, #2]
 396              		.loc 1 146 51 view .LVU144
 397 0184 6D88     		ldrh	r5, [r5, #2]
 398              		.loc 1 146 39 view .LVU145
 399 0186 521B     		subs	r2, r2, r5
 400              		.loc 1 146 16 view .LVU146
 401 0188 12B2     		sxth	r2, r2
 402              	.LVL46:
 147:lvgl/lvgl/src/draw/lv_draw_triangle.c ****     lv_coord_t dyr = p[i_next_right].y - p[y_min_i].y;
 403              		.loc 1 147 5 is_stmt 1 view .LVU147
 404              		.loc 1 147 37 is_stmt 0 view .LVU148
 405 018a 5B88     		ldrh	r3, [r3, #2]
 406              		.loc 1 147 40 view .LVU149
 407 018c 5B1B     		subs	r3, r3, r5
 408              		.loc 1 147 16 view .LVU150
 409 018e 1BB2     		sxth	r3, r3
 410              	.LVL47:
 148:lvgl/lvgl/src/draw/lv_draw_triangle.c **** 
 149:lvgl/lvgl/src/draw/lv_draw_triangle.c ****     bool inv = false;
 411              		.loc 1 149 5 is_stmt 1 view .LVU151
 150:lvgl/lvgl/src/draw/lv_draw_triangle.c ****     if(dyl * dxr < dyr * dxl) inv = true;
 412              		.loc 1 150 5 view .LVU152
 413              		.loc 1 150 12 is_stmt 0 view .LVU153
 414 0190 00FB02F2 		mul	r2, r0, r2
 415              	.LVL48:
 416              		.loc 1 150 24 view .LVU154
 417 0194 01FB03F3 		mul	r3, r1, r3
 418              	.LVL49:
 419              		.loc 1 150 7 view .LVU155
 420 0198 9A42     		cmp	r2, r3
 421 019a 01DB     		blt	.L18
 149:lvgl/lvgl/src/draw/lv_draw_triangle.c ****     if(dyl * dxr < dyr * dxl) inv = true;
 422              		.loc 1 149 10 view .LVU156
 423 019c 0023     		movs	r3, #0
 424 019e 0293     		str	r3, [sp, #8]
 425              	.L18:
 426              	.LVL50:
 149:lvgl/lvgl/src/draw/lv_draw_triangle.c ****     if(dyl * dxr < dyr * dxl) inv = true;
 427              		.loc 1 149 10 view .LVU157
 428 01a0 B946     		mov	r9, r7
 429 01a2 049B     		ldr	r3, [sp, #16]
 430 01a4 9E46     		mov	lr, r3
 431 01a6 4FF00008 		mov	r8, #0
 432 01aa 39E0     		b	.L28
 433              	.LVL51:
 434              	.L39:
 131:lvgl/lvgl/src/draw/lv_draw_triangle.c **** 
 435              		.loc 1 131 25 is_stmt 1 discriminator 1 view .LVU158
 131:lvgl/lvgl/src/draw/lv_draw_triangle.c **** 
 436              		.loc 1 131 37 is_stmt 0 discriminator 1 view .LVU159
 437 01ac 2B44     		add	r3, r3, r5
 438              	.LVL52:
 131:lvgl/lvgl/src/draw/lv_draw_triangle.c **** 
 439              		.loc 1 131 37 discriminator 1 view .LVU160
 440 01ae D2E7     		b	.L16
 441              	.LVL53:
 442              	.L43:
ARM GAS  C:\Users\gx\AppData\Local\Temp\cc8zVNGC.s 			page 12


 151:lvgl/lvgl/src/draw/lv_draw_triangle.c **** 
 152:lvgl/lvgl/src/draw/lv_draw_triangle.c ****     do {
 153:lvgl/lvgl/src/draw/lv_draw_triangle.c ****         if(!inv) {
 154:lvgl/lvgl/src/draw/lv_draw_triangle.c ****             i_next_left = i_prev_left - 1;
 155:lvgl/lvgl/src/draw/lv_draw_triangle.c ****             if(i_next_left < 0) i_next_left = point_cnt + i_next_left;
 443              		.loc 1 155 33 is_stmt 1 discriminator 1 view .LVU161
 444              		.loc 1 155 45 is_stmt 0 discriminator 1 view .LVU162
 445 01b0 5D44     		add	r5, r5, fp
 446              	.LVL54:
 447              		.loc 1 155 45 discriminator 1 view .LVU163
 448 01b2 3AE0     		b	.L20
 449              	.LVL55:
 450              	.L19:
 156:lvgl/lvgl/src/draw/lv_draw_triangle.c **** 
 157:lvgl/lvgl/src/draw/lv_draw_triangle.c ****             i_next_right = i_prev_right + 1;
 158:lvgl/lvgl/src/draw/lv_draw_triangle.c ****             if(i_next_right > point_cnt - 1) i_next_right = 0;
 159:lvgl/lvgl/src/draw/lv_draw_triangle.c ****         }
 160:lvgl/lvgl/src/draw/lv_draw_triangle.c ****         else {
 161:lvgl/lvgl/src/draw/lv_draw_triangle.c ****             i_next_left = i_prev_left + 1;
 451              		.loc 1 161 13 is_stmt 1 view .LVU164
 452              		.loc 1 161 25 is_stmt 0 view .LVU165
 453 01b4 7D1C     		adds	r5, r7, #1
 454              	.LVL56:
 162:lvgl/lvgl/src/draw/lv_draw_triangle.c ****             if(i_next_left > point_cnt - 1) i_next_left = 0;
 455              		.loc 1 162 13 is_stmt 1 view .LVU166
 456              		.loc 1 162 15 is_stmt 0 view .LVU167
 457 01b6 AB45     		cmp	fp, r5
 458 01b8 00DC     		bgt	.L22
 459              		.loc 1 162 57 view .LVU168
 460 01ba 0025     		movs	r5, #0
 461              	.LVL57:
 462              	.L22:
 163:lvgl/lvgl/src/draw/lv_draw_triangle.c **** 
 164:lvgl/lvgl/src/draw/lv_draw_triangle.c ****             i_next_right = i_prev_right - 1;
 463              		.loc 1 164 13 is_stmt 1 view .LVU169
 165:lvgl/lvgl/src/draw/lv_draw_triangle.c ****             if(i_next_right < 0) i_next_right = point_cnt + i_next_right;
 464              		.loc 1 165 13 view .LVU170
 465              		.loc 1 165 15 is_stmt 0 view .LVU171
 466 01bc B9F10106 		subs	r6, r9, #1
 467              	.LVL58:
 468              		.loc 1 165 15 view .LVU172
 469 01c0 39D4     		bmi	.L40
 470              	.LVL59:
 471              	.L21:
 166:lvgl/lvgl/src/draw/lv_draw_triangle.c ****         }
 167:lvgl/lvgl/src/draw/lv_draw_triangle.c **** 
 168:lvgl/lvgl/src/draw/lv_draw_triangle.c ****         if(p[i_next_left].y >=  p[i_prev_left].y) {
 472              		.loc 1 168 9 is_stmt 1 view .LVU173
 473              		.loc 1 168 13 is_stmt 0 view .LVU174
 474 01c2 4FEA850C 		lsl	ip, r5, #2
 475 01c6 04EB8503 		add	r3, r4, r5, lsl #2
 476              		.loc 1 168 26 view .LVU175
 477 01ca B3F90200 		ldrsh	r0, [r3, #2]
 478              		.loc 1 168 34 view .LVU176
 479 01ce B900     		lsls	r1, r7, #2
 480 01d0 04EB8703 		add	r3, r4, r7, lsl #2
 481              		.loc 1 168 47 view .LVU177
ARM GAS  C:\Users\gx\AppData\Local\Temp\cc8zVNGC.s 			page 13


 482 01d4 B3F90220 		ldrsh	r2, [r3, #2]
 483              		.loc 1 168 11 view .LVU178
 484 01d8 9042     		cmp	r0, r2
 485 01da 08DB     		blt	.L23
 169:lvgl/lvgl/src/draw/lv_draw_triangle.c ****             if(p[i_next_left].y != p[i_prev_left].y &&
 486              		.loc 1 169 13 is_stmt 1 view .LVU179
 487              		.loc 1 169 15 is_stmt 0 view .LVU180
 488 01dc 04D0     		beq	.L24
 170:lvgl/lvgl/src/draw/lv_draw_triangle.c ****                p[i_next_left].x !=  p[i_prev_left].x) {
 489              		.loc 1 170 30 discriminator 1 view .LVU181
 490 01de 34F90C30 		ldrsh	r3, [r4, ip]
 491              		.loc 1 170 51 discriminator 1 view .LVU182
 492 01e2 615E     		ldrsh	r1, [r4, r1]
 169:lvgl/lvgl/src/draw/lv_draw_triangle.c ****             if(p[i_next_left].y != p[i_prev_left].y &&
 493              		.loc 1 169 53 discriminator 1 view .LVU183
 494 01e4 8B42     		cmp	r3, r1
 495 01e6 28D1     		bne	.L41
 496              	.LVL60:
 497              	.L24:
 171:lvgl/lvgl/src/draw/lv_draw_triangle.c ****                 lv_draw_mask_line_points_init(mp_next, p[i_prev_left].x, p[i_prev_left].y,
 172:lvgl/lvgl/src/draw/lv_draw_triangle.c ****                                               p[i_next_left].x, p[i_next_left].y,
 173:lvgl/lvgl/src/draw/lv_draw_triangle.c ****                                               LV_DRAW_MASK_LINE_SIDE_RIGHT);
 174:lvgl/lvgl/src/draw/lv_draw_triangle.c ****                 lv_draw_mask_add(mp_next, mp);
 175:lvgl/lvgl/src/draw/lv_draw_triangle.c ****                 mp_next++;
 176:lvgl/lvgl/src/draw/lv_draw_triangle.c ****             }
 177:lvgl/lvgl/src/draw/lv_draw_triangle.c ****             mask_cnt++;
 498              		.loc 1 177 13 is_stmt 1 view .LVU184
 499              		.loc 1 177 21 is_stmt 0 view .LVU185
 500 01e8 08F10108 		add	r8, r8, #1
 501              	.LVL61:
 178:lvgl/lvgl/src/draw/lv_draw_triangle.c ****             i_prev_left = i_next_left;
 502              		.loc 1 178 13 is_stmt 1 view .LVU186
 503              		.loc 1 178 25 is_stmt 0 view .LVU187
 504 01ec 2F46     		mov	r7, r5
 505              	.LVL62:
 506              	.L23:
 179:lvgl/lvgl/src/draw/lv_draw_triangle.c ****         }
 180:lvgl/lvgl/src/draw/lv_draw_triangle.c **** 
 181:lvgl/lvgl/src/draw/lv_draw_triangle.c ****         if(mask_cnt == point_cnt) break;
 507              		.loc 1 181 9 is_stmt 1 view .LVU188
 508              		.loc 1 181 11 is_stmt 0 view .LVU189
 509 01ee C245     		cmp	r10, r8
 510 01f0 41D0     		beq	.L25
 182:lvgl/lvgl/src/draw/lv_draw_triangle.c **** 
 183:lvgl/lvgl/src/draw/lv_draw_triangle.c ****         if(p[i_next_right].y >=  p[i_prev_right].y) {
 511              		.loc 1 183 9 is_stmt 1 view .LVU190
 512              		.loc 1 183 13 is_stmt 0 view .LVU191
 513 01f2 B500     		lsls	r5, r6, #2
 514              	.LVL63:
 515              		.loc 1 183 13 view .LVU192
 516 01f4 04EB8603 		add	r3, r4, r6, lsl #2
 517              		.loc 1 183 27 view .LVU193
 518 01f8 B3F90200 		ldrsh	r0, [r3, #2]
 519              		.loc 1 183 35 view .LVU194
 520 01fc 4FEA8901 		lsl	r1, r9, #2
 521 0200 04EB8903 		add	r3, r4, r9, lsl #2
 522              		.loc 1 183 49 view .LVU195
ARM GAS  C:\Users\gx\AppData\Local\Temp\cc8zVNGC.s 			page 14


 523 0204 B3F90220 		ldrsh	r2, [r3, #2]
 524              		.loc 1 183 11 view .LVU196
 525 0208 9042     		cmp	r0, r2
 526 020a 07DB     		blt	.L26
 184:lvgl/lvgl/src/draw/lv_draw_triangle.c ****             if(p[i_next_right].y != p[i_prev_right].y &&
 527              		.loc 1 184 13 is_stmt 1 view .LVU197
 528              		.loc 1 184 15 is_stmt 0 view .LVU198
 529 020c 03D0     		beq	.L27
 185:lvgl/lvgl/src/draw/lv_draw_triangle.c ****                p[i_next_right].x !=  p[i_prev_right].x) {
 530              		.loc 1 185 31 discriminator 1 view .LVU199
 531 020e 635F     		ldrsh	r3, [r4, r5]
 532              		.loc 1 185 53 discriminator 1 view .LVU200
 533 0210 615E     		ldrsh	r1, [r4, r1]
 184:lvgl/lvgl/src/draw/lv_draw_triangle.c ****             if(p[i_next_right].y != p[i_prev_right].y &&
 534              		.loc 1 184 55 discriminator 1 view .LVU201
 535 0212 8B42     		cmp	r3, r1
 536 0214 20D1     		bne	.L42
 537              	.L27:
 186:lvgl/lvgl/src/draw/lv_draw_triangle.c **** 
 187:lvgl/lvgl/src/draw/lv_draw_triangle.c ****                 lv_draw_mask_line_points_init(mp_next, p[i_prev_right].x, p[i_prev_right].y,
 188:lvgl/lvgl/src/draw/lv_draw_triangle.c ****                                               p[i_next_right].x, p[i_next_right].y,
 189:lvgl/lvgl/src/draw/lv_draw_triangle.c ****                                               LV_DRAW_MASK_LINE_SIDE_LEFT);
 190:lvgl/lvgl/src/draw/lv_draw_triangle.c ****                 lv_draw_mask_add(mp_next, mp);
 191:lvgl/lvgl/src/draw/lv_draw_triangle.c ****                 mp_next++;
 192:lvgl/lvgl/src/draw/lv_draw_triangle.c ****             }
 193:lvgl/lvgl/src/draw/lv_draw_triangle.c ****             mask_cnt++;
 538              		.loc 1 193 13 is_stmt 1 view .LVU202
 539              		.loc 1 193 21 is_stmt 0 view .LVU203
 540 0216 08F10108 		add	r8, r8, #1
 541              	.LVL64:
 194:lvgl/lvgl/src/draw/lv_draw_triangle.c ****             i_prev_right = i_next_right;
 542              		.loc 1 194 13 is_stmt 1 view .LVU204
 543              		.loc 1 194 26 is_stmt 0 view .LVU205
 544 021a B146     		mov	r9, r6
 545              	.LVL65:
 546              	.L26:
 195:lvgl/lvgl/src/draw/lv_draw_triangle.c ****         }
 196:lvgl/lvgl/src/draw/lv_draw_triangle.c **** 
 197:lvgl/lvgl/src/draw/lv_draw_triangle.c ****     } while(mask_cnt < point_cnt);
 547              		.loc 1 197 12 is_stmt 1 view .LVU206
 548              		.loc 1 197 5 is_stmt 0 view .LVU207
 549 021c C245     		cmp	r10, r8
 550 021e 2AD9     		bls	.L25
 551              	.LVL66:
 552              	.L28:
 152:lvgl/lvgl/src/draw/lv_draw_triangle.c ****         if(!inv) {
 553              		.loc 1 152 5 is_stmt 1 view .LVU208
 153:lvgl/lvgl/src/draw/lv_draw_triangle.c ****             i_next_left = i_prev_left - 1;
 554              		.loc 1 153 9 view .LVU209
 153:lvgl/lvgl/src/draw/lv_draw_triangle.c ****             i_next_left = i_prev_left - 1;
 555              		.loc 1 153 11 is_stmt 0 view .LVU210
 556 0220 029B     		ldr	r3, [sp, #8]
 557 0222 002B     		cmp	r3, #0
 558 0224 C6D1     		bne	.L19
 154:lvgl/lvgl/src/draw/lv_draw_triangle.c ****             if(i_next_left < 0) i_next_left = point_cnt + i_next_left;
 559              		.loc 1 154 13 is_stmt 1 view .LVU211
 560              	.LVL67:
ARM GAS  C:\Users\gx\AppData\Local\Temp\cc8zVNGC.s 			page 15


 155:lvgl/lvgl/src/draw/lv_draw_triangle.c **** 
 561              		.loc 1 155 13 view .LVU212
 155:lvgl/lvgl/src/draw/lv_draw_triangle.c **** 
 562              		.loc 1 155 15 is_stmt 0 view .LVU213
 563 0226 7D1E     		subs	r5, r7, #1
 564              	.LVL68:
 155:lvgl/lvgl/src/draw/lv_draw_triangle.c **** 
 565              		.loc 1 155 15 view .LVU214
 566 0228 C2D4     		bmi	.L43
 567              	.L20:
 157:lvgl/lvgl/src/draw/lv_draw_triangle.c ****             if(i_next_right > point_cnt - 1) i_next_right = 0;
 568              		.loc 1 157 13 is_stmt 1 view .LVU215
 157:lvgl/lvgl/src/draw/lv_draw_triangle.c ****             if(i_next_right > point_cnt - 1) i_next_right = 0;
 569              		.loc 1 157 26 is_stmt 0 view .LVU216
 570 022a 09F10106 		add	r6, r9, #1
 571              	.LVL69:
 158:lvgl/lvgl/src/draw/lv_draw_triangle.c ****         }
 572              		.loc 1 158 13 is_stmt 1 view .LVU217
 158:lvgl/lvgl/src/draw/lv_draw_triangle.c ****         }
 573              		.loc 1 158 15 is_stmt 0 view .LVU218
 574 022e B345     		cmp	fp, r6
 575 0230 C7DC     		bgt	.L21
 158:lvgl/lvgl/src/draw/lv_draw_triangle.c ****         }
 576              		.loc 1 158 59 view .LVU219
 577 0232 0026     		movs	r6, #0
 578              	.LVL70:
 158:lvgl/lvgl/src/draw/lv_draw_triangle.c ****         }
 579              		.loc 1 158 59 view .LVU220
 580 0234 C5E7     		b	.L21
 581              	.LVL71:
 582              	.L40:
 165:lvgl/lvgl/src/draw/lv_draw_triangle.c ****         }
 583              		.loc 1 165 34 is_stmt 1 discriminator 1 view .LVU221
 165:lvgl/lvgl/src/draw/lv_draw_triangle.c ****         }
 584              		.loc 1 165 47 is_stmt 0 discriminator 1 view .LVU222
 585 0236 5E44     		add	r6, r6, fp
 586              	.LVL72:
 165:lvgl/lvgl/src/draw/lv_draw_triangle.c ****         }
 587              		.loc 1 165 47 discriminator 1 view .LVU223
 588 0238 C3E7     		b	.L21
 589              	.L41:
 171:lvgl/lvgl/src/draw/lv_draw_triangle.c ****                                               p[i_next_left].x, p[i_next_left].y,
 590              		.loc 1 171 17 is_stmt 1 view .LVU224
 591 023a 0127     		movs	r7, #1
 592              	.LVL73:
 171:lvgl/lvgl/src/draw/lv_draw_triangle.c ****                                               p[i_next_left].x, p[i_next_left].y,
 593              		.loc 1 171 17 is_stmt 0 view .LVU225
 594 023c 0197     		str	r7, [sp, #4]
 595 023e 0090     		str	r0, [sp]
 596 0240 7746     		mov	r7, lr
 597 0242 7046     		mov	r0, lr
 598 0244 FFF7FEFF 		bl	lv_draw_mask_line_points_init
 599              	.LVL74:
 174:lvgl/lvgl/src/draw/lv_draw_triangle.c ****                 mp_next++;
 600              		.loc 1 174 17 is_stmt 1 view .LVU226
 601 0248 0499     		ldr	r1, [sp, #16]
 602 024a 3846     		mov	r0, r7
ARM GAS  C:\Users\gx\AppData\Local\Temp\cc8zVNGC.s 			page 16


 603 024c FFF7FEFF 		bl	lv_draw_mask_add
 604              	.LVL75:
 175:lvgl/lvgl/src/draw/lv_draw_triangle.c ****             }
 605              		.loc 1 175 17 view .LVU227
 175:lvgl/lvgl/src/draw/lv_draw_triangle.c ****             }
 606              		.loc 1 175 24 is_stmt 0 view .LVU228
 607 0250 3B46     		mov	r3, r7
 608 0252 2C33     		adds	r3, r3, #44
 609 0254 9E46     		mov	lr, r3
 610              	.LVL76:
 175:lvgl/lvgl/src/draw/lv_draw_triangle.c ****             }
 611              		.loc 1 175 24 view .LVU229
 612 0256 C7E7     		b	.L24
 613              	.LVL77:
 614              	.L42:
 187:lvgl/lvgl/src/draw/lv_draw_triangle.c ****                                               p[i_next_right].x, p[i_next_right].y,
 615              		.loc 1 187 17 is_stmt 1 view .LVU230
 616 0258 0025     		movs	r5, #0
 617 025a 0195     		str	r5, [sp, #4]
 618 025c 0090     		str	r0, [sp]
 619 025e 7546     		mov	r5, lr
 620 0260 7046     		mov	r0, lr
 621 0262 FFF7FEFF 		bl	lv_draw_mask_line_points_init
 622              	.LVL78:
 190:lvgl/lvgl/src/draw/lv_draw_triangle.c ****                 mp_next++;
 623              		.loc 1 190 17 view .LVU231
 624 0266 0499     		ldr	r1, [sp, #16]
 625 0268 2846     		mov	r0, r5
 626 026a FFF7FEFF 		bl	lv_draw_mask_add
 627              	.LVL79:
 191:lvgl/lvgl/src/draw/lv_draw_triangle.c ****             }
 628              		.loc 1 191 17 view .LVU232
 191:lvgl/lvgl/src/draw/lv_draw_triangle.c ****             }
 629              		.loc 1 191 24 is_stmt 0 view .LVU233
 630 026e 2B46     		mov	r3, r5
 631 0270 2C33     		adds	r3, r3, #44
 632 0272 9E46     		mov	lr, r3
 633              	.LVL80:
 191:lvgl/lvgl/src/draw/lv_draw_triangle.c ****             }
 634              		.loc 1 191 24 view .LVU234
 635 0274 CFE7     		b	.L27
 636              	.LVL81:
 637              	.L25:
 198:lvgl/lvgl/src/draw/lv_draw_triangle.c **** 
 199:lvgl/lvgl/src/draw/lv_draw_triangle.c ****     lv_draw_rect(&poly_coords, clip_area, draw_dsc);
 638              		.loc 1 199 5 is_stmt 1 view .LVU235
 639 0276 059A     		ldr	r2, [sp, #20]
 640 0278 0399     		ldr	r1, [sp, #12]
 641 027a 08A8     		add	r0, sp, #32
 642 027c FFF7FEFF 		bl	lv_draw_rect
 643              	.LVL82:
 200:lvgl/lvgl/src/draw/lv_draw_triangle.c **** 
 201:lvgl/lvgl/src/draw/lv_draw_triangle.c ****     lv_draw_mask_remove_custom(mp);
 644              		.loc 1 201 5 view .LVU236
 645 0280 049D     		ldr	r5, [sp, #16]
 646 0282 2846     		mov	r0, r5
 647 0284 FFF7FEFF 		bl	lv_draw_mask_remove_custom
ARM GAS  C:\Users\gx\AppData\Local\Temp\cc8zVNGC.s 			page 17


 648              	.LVL83:
 202:lvgl/lvgl/src/draw/lv_draw_triangle.c **** 
 203:lvgl/lvgl/src/draw/lv_draw_triangle.c ****     lv_mem_buf_release(mp);
 649              		.loc 1 203 5 view .LVU237
 650 0288 2846     		mov	r0, r5
 651 028a FFF7FEFF 		bl	lv_mem_buf_release
 652              	.LVL84:
 204:lvgl/lvgl/src/draw/lv_draw_triangle.c ****     lv_mem_buf_release(p);
 653              		.loc 1 204 5 view .LVU238
 654 028e 2046     		mov	r0, r4
 655 0290 FFF7FEFF 		bl	lv_mem_buf_release
 656              	.LVL85:
 657              	.L1:
 205:lvgl/lvgl/src/draw/lv_draw_triangle.c **** #else
 206:lvgl/lvgl/src/draw/lv_draw_triangle.c ****     LV_UNUSED(points);
 207:lvgl/lvgl/src/draw/lv_draw_triangle.c ****     LV_UNUSED(point_cnt);
 208:lvgl/lvgl/src/draw/lv_draw_triangle.c ****     LV_UNUSED(clip_area);
 209:lvgl/lvgl/src/draw/lv_draw_triangle.c ****     LV_UNUSED(draw_dsc);
 210:lvgl/lvgl/src/draw/lv_draw_triangle.c ****     LV_LOG_WARN("Can't draw polygon with LV_DRAW_COMPLEX == 0");
 211:lvgl/lvgl/src/draw/lv_draw_triangle.c **** #endif /*LV_DRAW_COMPLEX*/
 212:lvgl/lvgl/src/draw/lv_draw_triangle.c **** }
 658              		.loc 1 212 1 is_stmt 0 view .LVU239
 659 0294 0BB0     		add	sp, sp, #44
 660              	.LCFI2:
 661              		.cfi_def_cfa_offset 36
 662              		@ sp needed
 663 0296 BDE8F08F 		pop	{r4, r5, r6, r7, r8, r9, r10, fp, pc}
 664              	.LVL86:
 665              	.L45:
 666              		.loc 1 212 1 view .LVU240
 667 029a 00BF     		.align	2
 668              	.L44:
 669 029c 00000000 		.word	.LANCHOR0
 670              		.cfi_endproc
 671              	.LFE52:
 673              		.section	.text.lv_draw_triangle,"ax",%progbits
 674              		.align	1
 675              		.global	lv_draw_triangle
 676              		.syntax unified
 677              		.thumb
 678              		.thumb_func
 679              		.fpu fpv4-sp-d16
 681              	lv_draw_triangle:
 682              	.LVL87:
 683              	.LFB51:
  44:lvgl/lvgl/src/draw/lv_draw_triangle.c **** #if LV_DRAW_COMPLEX
 684              		.loc 1 44 1 is_stmt 1 view -0
 685              		.cfi_startproc
 686              		@ args = 0, pretend = 0, frame = 0
 687              		@ frame_needed = 0, uses_anonymous_args = 0
  44:lvgl/lvgl/src/draw/lv_draw_triangle.c **** #if LV_DRAW_COMPLEX
 688              		.loc 1 44 1 is_stmt 0 view .LVU242
 689 0000 08B5     		push	{r3, lr}
 690              	.LCFI3:
 691              		.cfi_def_cfa_offset 8
 692              		.cfi_offset 3, -8
 693              		.cfi_offset 14, -4
ARM GAS  C:\Users\gx\AppData\Local\Temp\cc8zVNGC.s 			page 18


 694 0002 1346     		mov	r3, r2
  46:lvgl/lvgl/src/draw/lv_draw_triangle.c **** #else
 695              		.loc 1 46 5 is_stmt 1 view .LVU243
 696 0004 0A46     		mov	r2, r1
 697              	.LVL88:
  46:lvgl/lvgl/src/draw/lv_draw_triangle.c **** #else
 698              		.loc 1 46 5 is_stmt 0 view .LVU244
 699 0006 0321     		movs	r1, #3
 700              	.LVL89:
  46:lvgl/lvgl/src/draw/lv_draw_triangle.c **** #else
 701              		.loc 1 46 5 view .LVU245
 702 0008 FFF7FEFF 		bl	lv_draw_polygon
 703              	.LVL90:
  53:lvgl/lvgl/src/draw/lv_draw_triangle.c **** 
 704              		.loc 1 53 1 view .LVU246
 705 000c 08BD     		pop	{r3, pc}
 706              		.cfi_endproc
 707              	.LFE51:
 709              		.section	.rodata
 710              		.align	2
 711              		.set	.LANCHOR0,. + 0
 712              	.LC0:
 713 0000 0060     		.short	24576
 714 0002 0060     		.short	24576
 715 0004 00A0     		.short	-24576
 716 0006 00A0     		.short	-24576
 717              		.text
 718              	.Letext0:
 719              		.file 2 "c:\\program files (x86)\\gnu arm embedded toolchain\\9 2020-q2-update\\arm-none-eabi\\inc
 720              		.file 3 "c:\\program files (x86)\\gnu arm embedded toolchain\\9 2020-q2-update\\arm-none-eabi\\inc
 721              		.file 4 "lvgl/lvgl/src/draw/../misc/lv_color.h"
 722              		.file 5 "c:\\program files (x86)\\gnu arm embedded toolchain\\9 2020-q2-update\\lib\\gcc\\arm-none
 723              		.file 6 "c:\\program files (x86)\\gnu arm embedded toolchain\\9 2020-q2-update\\arm-none-eabi\\inc
 724              		.file 7 "c:\\program files (x86)\\gnu arm embedded toolchain\\9 2020-q2-update\\arm-none-eabi\\inc
 725              		.file 8 "c:\\program files (x86)\\gnu arm embedded toolchain\\9 2020-q2-update\\arm-none-eabi\\inc
 726              		.file 9 "lvgl/lvgl/src/draw/../misc/lv_area.h"
 727              		.file 10 "lvgl/lvgl/src/draw/../misc/../font/lv_font.h"
 728              		.file 11 "lvgl/lvgl/src/draw/../misc/lv_txt.h"
 729              		.file 12 "lvgl/lvgl/src/draw/../misc/lv_style.h"
 730              		.file 13 "lvgl/lvgl/src/draw/lv_draw_mask.h"
 731              		.file 14 "lvgl/lvgl/src/draw/lv_draw_rect.h"
 732              		.file 15 "lvgl/lvgl/src/draw/../misc/lv_mem.h"
ARM GAS  C:\Users\gx\AppData\Local\Temp\cc8zVNGC.s 			page 19


DEFINED SYMBOLS
                            *ABS*:00000000 lv_draw_triangle.c
C:\Users\gx\AppData\Local\Temp\cc8zVNGC.s:18     .text.lv_draw_polygon:00000000 $t
C:\Users\gx\AppData\Local\Temp\cc8zVNGC.s:26     .text.lv_draw_polygon:00000000 lv_draw_polygon
C:\Users\gx\AppData\Local\Temp\cc8zVNGC.s:669    .text.lv_draw_polygon:0000029c $d
C:\Users\gx\AppData\Local\Temp\cc8zVNGC.s:674    .text.lv_draw_triangle:00000000 $t
C:\Users\gx\AppData\Local\Temp\cc8zVNGC.s:681    .text.lv_draw_triangle:00000000 lv_draw_triangle
C:\Users\gx\AppData\Local\Temp\cc8zVNGC.s:710    .rodata:00000000 $d

UNDEFINED SYMBOLS
lv_mem_buf_get
lv_mem_buf_release
_lv_area_intersect
lv_draw_mask_line_points_init
lv_draw_mask_add
lv_draw_rect
lv_draw_mask_remove_custom
