ARM GAS  C:\Users\gx\AppData\Local\Temp\ccHW8d1g.s 			page 1


   1              		.cpu cortex-m4
   2              		.eabi_attribute 27, 1
   3              		.eabi_attribute 28, 1
   4              		.eabi_attribute 20, 1
   5              		.eabi_attribute 21, 1
   6              		.eabi_attribute 23, 3
   7              		.eabi_attribute 24, 1
   8              		.eabi_attribute 25, 1
   9              		.eabi_attribute 26, 1
  10              		.eabi_attribute 30, 1
  11              		.eabi_attribute 34, 1
  12              		.eabi_attribute 18, 4
  13              		.file	"lv_example_img_3.c"
  14              		.text
  15              	.Ltext0:
  16              		.cfi_sections	.debug_frame
  17              		.section	.text.set_zoom,"ax",%progbits
  18              		.align	1
  19              		.arch armv7e-m
  20              		.syntax unified
  21              		.thumb
  22              		.thumb_func
  23              		.fpu fpv4-sp-d16
  25              	set_zoom:
  26              	.LVL0:
  27              	.LFB190:
  28              		.file 1 "lvgl/lvgl/examples/widgets/img/lv_example_img_3.c"
   1:lvgl/lvgl/examples/widgets/img/lv_example_img_3.c **** #include "../../lv_examples.h"
   2:lvgl/lvgl/examples/widgets/img/lv_example_img_3.c **** #if LV_USE_IMG && LV_BUILD_EXAMPLES
   3:lvgl/lvgl/examples/widgets/img/lv_example_img_3.c **** 
   4:lvgl/lvgl/examples/widgets/img/lv_example_img_3.c **** static void set_angle(void * img, int32_t v)
   5:lvgl/lvgl/examples/widgets/img/lv_example_img_3.c **** {
   6:lvgl/lvgl/examples/widgets/img/lv_example_img_3.c ****     lv_img_set_angle(img, v);
   7:lvgl/lvgl/examples/widgets/img/lv_example_img_3.c **** }
   8:lvgl/lvgl/examples/widgets/img/lv_example_img_3.c **** 
   9:lvgl/lvgl/examples/widgets/img/lv_example_img_3.c **** static void set_zoom(void * img, int32_t v)
  10:lvgl/lvgl/examples/widgets/img/lv_example_img_3.c **** {
  29              		.loc 1 10 1 view -0
  30              		.cfi_startproc
  31              		@ args = 0, pretend = 0, frame = 0
  32              		@ frame_needed = 0, uses_anonymous_args = 0
  33              		.loc 1 10 1 is_stmt 0 view .LVU1
  34 0000 08B5     		push	{r3, lr}
  35              	.LCFI0:
  36              		.cfi_def_cfa_offset 8
  37              		.cfi_offset 3, -8
  38              		.cfi_offset 14, -4
  11:lvgl/lvgl/examples/widgets/img/lv_example_img_3.c ****     lv_img_set_zoom(img, v);
  39              		.loc 1 11 5 is_stmt 1 view .LVU2
  40 0002 89B2     		uxth	r1, r1
  41              	.LVL1:
  42              		.loc 1 11 5 is_stmt 0 view .LVU3
  43 0004 FFF7FEFF 		bl	lv_img_set_zoom
  44              	.LVL2:
  12:lvgl/lvgl/examples/widgets/img/lv_example_img_3.c **** }
  45              		.loc 1 12 1 view .LVU4
  46 0008 08BD     		pop	{r3, pc}
ARM GAS  C:\Users\gx\AppData\Local\Temp\ccHW8d1g.s 			page 2


  47              		.cfi_endproc
  48              	.LFE190:
  50              		.section	.text.set_angle,"ax",%progbits
  51              		.align	1
  52              		.syntax unified
  53              		.thumb
  54              		.thumb_func
  55              		.fpu fpv4-sp-d16
  57              	set_angle:
  58              	.LVL3:
  59              	.LFB189:
   5:lvgl/lvgl/examples/widgets/img/lv_example_img_3.c ****     lv_img_set_angle(img, v);
  60              		.loc 1 5 1 is_stmt 1 view -0
  61              		.cfi_startproc
  62              		@ args = 0, pretend = 0, frame = 0
  63              		@ frame_needed = 0, uses_anonymous_args = 0
   5:lvgl/lvgl/examples/widgets/img/lv_example_img_3.c ****     lv_img_set_angle(img, v);
  64              		.loc 1 5 1 is_stmt 0 view .LVU6
  65 0000 08B5     		push	{r3, lr}
  66              	.LCFI1:
  67              		.cfi_def_cfa_offset 8
  68              		.cfi_offset 3, -8
  69              		.cfi_offset 14, -4
   6:lvgl/lvgl/examples/widgets/img/lv_example_img_3.c **** }
  70              		.loc 1 6 5 is_stmt 1 view .LVU7
  71 0002 09B2     		sxth	r1, r1
  72              	.LVL4:
   6:lvgl/lvgl/examples/widgets/img/lv_example_img_3.c **** }
  73              		.loc 1 6 5 is_stmt 0 view .LVU8
  74 0004 FFF7FEFF 		bl	lv_img_set_angle
  75              	.LVL5:
   7:lvgl/lvgl/examples/widgets/img/lv_example_img_3.c **** 
  76              		.loc 1 7 1 view .LVU9
  77 0008 08BD     		pop	{r3, pc}
  78              		.cfi_endproc
  79              	.LFE189:
  81              		.section	.text.lv_example_img_3,"ax",%progbits
  82              		.align	1
  83              		.global	lv_example_img_3
  84              		.syntax unified
  85              		.thumb
  86              		.thumb_func
  87              		.fpu fpv4-sp-d16
  89              	lv_example_img_3:
  90              	.LFB191:
  13:lvgl/lvgl/examples/widgets/img/lv_example_img_3.c **** 
  14:lvgl/lvgl/examples/widgets/img/lv_example_img_3.c **** 
  15:lvgl/lvgl/examples/widgets/img/lv_example_img_3.c **** /**
  16:lvgl/lvgl/examples/widgets/img/lv_example_img_3.c ****  * Show transformations (zoom and rotation) using a pivot point.
  17:lvgl/lvgl/examples/widgets/img/lv_example_img_3.c ****  */
  18:lvgl/lvgl/examples/widgets/img/lv_example_img_3.c **** void lv_example_img_3(void)
  19:lvgl/lvgl/examples/widgets/img/lv_example_img_3.c **** {
  91              		.loc 1 19 1 is_stmt 1 view -0
  92              		.cfi_startproc
  93              		@ args = 0, pretend = 0, frame = 72
  94              		@ frame_needed = 0, uses_anonymous_args = 0
  95 0000 10B5     		push	{r4, lr}
ARM GAS  C:\Users\gx\AppData\Local\Temp\ccHW8d1g.s 			page 3


  96              	.LCFI2:
  97              		.cfi_def_cfa_offset 8
  98              		.cfi_offset 4, -8
  99              		.cfi_offset 14, -4
 100 0002 92B0     		sub	sp, sp, #72
 101              	.LCFI3:
 102              		.cfi_def_cfa_offset 80
  20:lvgl/lvgl/examples/widgets/img/lv_example_img_3.c ****     LV_IMG_DECLARE(img_cogwheel_argb);
 103              		.loc 1 20 5 view .LVU11
 104              		.loc 1 20 38 view .LVU12
  21:lvgl/lvgl/examples/widgets/img/lv_example_img_3.c **** 
  22:lvgl/lvgl/examples/widgets/img/lv_example_img_3.c ****     /*Now create the actual image*/
  23:lvgl/lvgl/examples/widgets/img/lv_example_img_3.c ****     lv_obj_t * img = lv_img_create(lv_scr_act());
 105              		.loc 1 23 5 view .LVU13
 106              	.LBB20:
 107              	.LBI20:
 108              		.file 2 "d:\\practise\\f407_disc\\lvgl\\lvgl\\src/core/lv_disp.h"
   1:d:\practise\f407_disc\lvgl\lvgl\src/core\lv_disp.h **** /**
   2:d:\practise\f407_disc\lvgl\lvgl\src/core\lv_disp.h ****  * @file lv_disp.h
   3:d:\practise\f407_disc\lvgl\lvgl\src/core\lv_disp.h ****  *
   4:d:\practise\f407_disc\lvgl\lvgl\src/core\lv_disp.h ****  */
   5:d:\practise\f407_disc\lvgl\lvgl\src/core\lv_disp.h **** 
   6:d:\practise\f407_disc\lvgl\lvgl\src/core\lv_disp.h **** #ifndef LV_DISP_H
   7:d:\practise\f407_disc\lvgl\lvgl\src/core\lv_disp.h **** #define LV_DISP_H
   8:d:\practise\f407_disc\lvgl\lvgl\src/core\lv_disp.h **** 
   9:d:\practise\f407_disc\lvgl\lvgl\src/core\lv_disp.h **** #ifdef __cplusplus
  10:d:\practise\f407_disc\lvgl\lvgl\src/core\lv_disp.h **** extern "C" {
  11:d:\practise\f407_disc\lvgl\lvgl\src/core\lv_disp.h **** #endif
  12:d:\practise\f407_disc\lvgl\lvgl\src/core\lv_disp.h **** 
  13:d:\practise\f407_disc\lvgl\lvgl\src/core\lv_disp.h **** /*********************
  14:d:\practise\f407_disc\lvgl\lvgl\src/core\lv_disp.h ****  *      INCLUDES
  15:d:\practise\f407_disc\lvgl\lvgl\src/core\lv_disp.h ****  *********************/
  16:d:\practise\f407_disc\lvgl\lvgl\src/core\lv_disp.h **** #include "../hal/lv_hal.h"
  17:d:\practise\f407_disc\lvgl\lvgl\src/core\lv_disp.h **** #include "lv_obj.h"
  18:d:\practise\f407_disc\lvgl\lvgl\src/core\lv_disp.h **** #include "lv_theme.h"
  19:d:\practise\f407_disc\lvgl\lvgl\src/core\lv_disp.h **** 
  20:d:\practise\f407_disc\lvgl\lvgl\src/core\lv_disp.h **** /*********************
  21:d:\practise\f407_disc\lvgl\lvgl\src/core\lv_disp.h ****  *      DEFINES
  22:d:\practise\f407_disc\lvgl\lvgl\src/core\lv_disp.h ****  *********************/
  23:d:\practise\f407_disc\lvgl\lvgl\src/core\lv_disp.h **** 
  24:d:\practise\f407_disc\lvgl\lvgl\src/core\lv_disp.h **** /**********************
  25:d:\practise\f407_disc\lvgl\lvgl\src/core\lv_disp.h ****  *      TYPEDEFS
  26:d:\practise\f407_disc\lvgl\lvgl\src/core\lv_disp.h ****  **********************/
  27:d:\practise\f407_disc\lvgl\lvgl\src/core\lv_disp.h **** 
  28:d:\practise\f407_disc\lvgl\lvgl\src/core\lv_disp.h **** typedef enum {
  29:d:\practise\f407_disc\lvgl\lvgl\src/core\lv_disp.h ****     LV_SCR_LOAD_ANIM_NONE,
  30:d:\practise\f407_disc\lvgl\lvgl\src/core\lv_disp.h ****     LV_SCR_LOAD_ANIM_OVER_LEFT,
  31:d:\practise\f407_disc\lvgl\lvgl\src/core\lv_disp.h ****     LV_SCR_LOAD_ANIM_OVER_RIGHT,
  32:d:\practise\f407_disc\lvgl\lvgl\src/core\lv_disp.h ****     LV_SCR_LOAD_ANIM_OVER_TOP,
  33:d:\practise\f407_disc\lvgl\lvgl\src/core\lv_disp.h ****     LV_SCR_LOAD_ANIM_OVER_BOTTOM,
  34:d:\practise\f407_disc\lvgl\lvgl\src/core\lv_disp.h ****     LV_SCR_LOAD_ANIM_MOVE_LEFT,
  35:d:\practise\f407_disc\lvgl\lvgl\src/core\lv_disp.h ****     LV_SCR_LOAD_ANIM_MOVE_RIGHT,
  36:d:\practise\f407_disc\lvgl\lvgl\src/core\lv_disp.h ****     LV_SCR_LOAD_ANIM_MOVE_TOP,
  37:d:\practise\f407_disc\lvgl\lvgl\src/core\lv_disp.h ****     LV_SCR_LOAD_ANIM_MOVE_BOTTOM,
  38:d:\practise\f407_disc\lvgl\lvgl\src/core\lv_disp.h ****     LV_SCR_LOAD_ANIM_FADE_ON,
  39:d:\practise\f407_disc\lvgl\lvgl\src/core\lv_disp.h **** } lv_scr_load_anim_t;
  40:d:\practise\f407_disc\lvgl\lvgl\src/core\lv_disp.h **** 
ARM GAS  C:\Users\gx\AppData\Local\Temp\ccHW8d1g.s 			page 4


  41:d:\practise\f407_disc\lvgl\lvgl\src/core\lv_disp.h **** /**********************
  42:d:\practise\f407_disc\lvgl\lvgl\src/core\lv_disp.h ****  * GLOBAL PROTOTYPES
  43:d:\practise\f407_disc\lvgl\lvgl\src/core\lv_disp.h ****  **********************/
  44:d:\practise\f407_disc\lvgl\lvgl\src/core\lv_disp.h **** 
  45:d:\practise\f407_disc\lvgl\lvgl\src/core\lv_disp.h **** /**
  46:d:\practise\f407_disc\lvgl\lvgl\src/core\lv_disp.h ****  * Return with a pointer to the active screen
  47:d:\practise\f407_disc\lvgl\lvgl\src/core\lv_disp.h ****  * @param disp pointer to display which active screen should be get. (NULL to use the default
  48:d:\practise\f407_disc\lvgl\lvgl\src/core\lv_disp.h ****  * screen)
  49:d:\practise\f407_disc\lvgl\lvgl\src/core\lv_disp.h ****  * @return pointer to the active screen object (loaded by 'lv_scr_load()')
  50:d:\practise\f407_disc\lvgl\lvgl\src/core\lv_disp.h ****  */
  51:d:\practise\f407_disc\lvgl\lvgl\src/core\lv_disp.h **** lv_obj_t * lv_disp_get_scr_act(lv_disp_t * disp);
  52:d:\practise\f407_disc\lvgl\lvgl\src/core\lv_disp.h **** 
  53:d:\practise\f407_disc\lvgl\lvgl\src/core\lv_disp.h **** /**
  54:d:\practise\f407_disc\lvgl\lvgl\src/core\lv_disp.h ****  * Return with a pointer to the previous screen. Only used during screen transitions.
  55:d:\practise\f407_disc\lvgl\lvgl\src/core\lv_disp.h ****  * @param disp pointer to display which previous screen should be get. (NULL to use the default
  56:d:\practise\f407_disc\lvgl\lvgl\src/core\lv_disp.h ****  * screen)
  57:d:\practise\f407_disc\lvgl\lvgl\src/core\lv_disp.h ****  * @return pointer to the previous screen object or NULL if not used now
  58:d:\practise\f407_disc\lvgl\lvgl\src/core\lv_disp.h ****  */
  59:d:\practise\f407_disc\lvgl\lvgl\src/core\lv_disp.h **** lv_obj_t * lv_disp_get_scr_prev(lv_disp_t * disp);
  60:d:\practise\f407_disc\lvgl\lvgl\src/core\lv_disp.h **** 
  61:d:\practise\f407_disc\lvgl\lvgl\src/core\lv_disp.h **** /**
  62:d:\practise\f407_disc\lvgl\lvgl\src/core\lv_disp.h ****  * Make a screen active
  63:d:\practise\f407_disc\lvgl\lvgl\src/core\lv_disp.h ****  * @param scr pointer to a screen
  64:d:\practise\f407_disc\lvgl\lvgl\src/core\lv_disp.h ****  */
  65:d:\practise\f407_disc\lvgl\lvgl\src/core\lv_disp.h **** void lv_disp_load_scr(lv_obj_t * scr);
  66:d:\practise\f407_disc\lvgl\lvgl\src/core\lv_disp.h **** 
  67:d:\practise\f407_disc\lvgl\lvgl\src/core\lv_disp.h **** /**
  68:d:\practise\f407_disc\lvgl\lvgl\src/core\lv_disp.h ****  * Return with the top layer. (Same on every screen and it is above the normal screen layer)
  69:d:\practise\f407_disc\lvgl\lvgl\src/core\lv_disp.h ****  * @param disp pointer to display which top layer should be get. (NULL to use the default screen)
  70:d:\practise\f407_disc\lvgl\lvgl\src/core\lv_disp.h ****  * @return pointer to the top layer object  (transparent screen sized lv_obj)
  71:d:\practise\f407_disc\lvgl\lvgl\src/core\lv_disp.h ****  */
  72:d:\practise\f407_disc\lvgl\lvgl\src/core\lv_disp.h **** lv_obj_t * lv_disp_get_layer_top(lv_disp_t * disp);
  73:d:\practise\f407_disc\lvgl\lvgl\src/core\lv_disp.h **** 
  74:d:\practise\f407_disc\lvgl\lvgl\src/core\lv_disp.h **** /**
  75:d:\practise\f407_disc\lvgl\lvgl\src/core\lv_disp.h ****  * Return with the sys. layer. (Same on every screen and it is above the normal screen and the top
  76:d:\practise\f407_disc\lvgl\lvgl\src/core\lv_disp.h ****  * layer)
  77:d:\practise\f407_disc\lvgl\lvgl\src/core\lv_disp.h ****  * @param disp pointer to display which sys. layer  should be get. (NULL to use the default screen)
  78:d:\practise\f407_disc\lvgl\lvgl\src/core\lv_disp.h ****  * @return pointer to the sys layer object  (transparent screen sized lv_obj)
  79:d:\practise\f407_disc\lvgl\lvgl\src/core\lv_disp.h ****  */
  80:d:\practise\f407_disc\lvgl\lvgl\src/core\lv_disp.h **** lv_obj_t * lv_disp_get_layer_sys(lv_disp_t * disp);
  81:d:\practise\f407_disc\lvgl\lvgl\src/core\lv_disp.h **** 
  82:d:\practise\f407_disc\lvgl\lvgl\src/core\lv_disp.h **** /**
  83:d:\practise\f407_disc\lvgl\lvgl\src/core\lv_disp.h ****  * Get the theme of a display
  84:d:\practise\f407_disc\lvgl\lvgl\src/core\lv_disp.h ****  * @param disp pointer to a display
  85:d:\practise\f407_disc\lvgl\lvgl\src/core\lv_disp.h ****  * @return the display's theme (can be NULL)
  86:d:\practise\f407_disc\lvgl\lvgl\src/core\lv_disp.h ****  */
  87:d:\practise\f407_disc\lvgl\lvgl\src/core\lv_disp.h **** void lv_disp_set_theme(lv_disp_t * disp, lv_theme_t * th);
  88:d:\practise\f407_disc\lvgl\lvgl\src/core\lv_disp.h **** 
  89:d:\practise\f407_disc\lvgl\lvgl\src/core\lv_disp.h **** /**
  90:d:\practise\f407_disc\lvgl\lvgl\src/core\lv_disp.h ****  * Get the theme of a display
  91:d:\practise\f407_disc\lvgl\lvgl\src/core\lv_disp.h ****  * @param disp pointer to a display
  92:d:\practise\f407_disc\lvgl\lvgl\src/core\lv_disp.h ****  * @return the display's theme (can be NULL)
  93:d:\practise\f407_disc\lvgl\lvgl\src/core\lv_disp.h ****  */
  94:d:\practise\f407_disc\lvgl\lvgl\src/core\lv_disp.h **** lv_theme_t * lv_disp_get_theme(lv_disp_t * disp);
  95:d:\practise\f407_disc\lvgl\lvgl\src/core\lv_disp.h **** 
  96:d:\practise\f407_disc\lvgl\lvgl\src/core\lv_disp.h **** /**
  97:d:\practise\f407_disc\lvgl\lvgl\src/core\lv_disp.h ****  * Set the background color of a display
ARM GAS  C:\Users\gx\AppData\Local\Temp\ccHW8d1g.s 			page 5


  98:d:\practise\f407_disc\lvgl\lvgl\src/core\lv_disp.h ****  * @param disp pointer to a display
  99:d:\practise\f407_disc\lvgl\lvgl\src/core\lv_disp.h ****  * @param color color of the background
 100:d:\practise\f407_disc\lvgl\lvgl\src/core\lv_disp.h ****  */
 101:d:\practise\f407_disc\lvgl\lvgl\src/core\lv_disp.h **** void lv_disp_set_bg_color(lv_disp_t * disp, lv_color_t color);
 102:d:\practise\f407_disc\lvgl\lvgl\src/core\lv_disp.h **** 
 103:d:\practise\f407_disc\lvgl\lvgl\src/core\lv_disp.h **** /**
 104:d:\practise\f407_disc\lvgl\lvgl\src/core\lv_disp.h ****  * Set the background image of a display
 105:d:\practise\f407_disc\lvgl\lvgl\src/core\lv_disp.h ****  * @param disp pointer to a display
 106:d:\practise\f407_disc\lvgl\lvgl\src/core\lv_disp.h ****  * @param img_src path to file or pointer to an `lv_img_dsc_t` variable
 107:d:\practise\f407_disc\lvgl\lvgl\src/core\lv_disp.h ****  */
 108:d:\practise\f407_disc\lvgl\lvgl\src/core\lv_disp.h **** void lv_disp_set_bg_image(lv_disp_t * disp, const void  * img_src);
 109:d:\practise\f407_disc\lvgl\lvgl\src/core\lv_disp.h **** 
 110:d:\practise\f407_disc\lvgl\lvgl\src/core\lv_disp.h **** /**
 111:d:\practise\f407_disc\lvgl\lvgl\src/core\lv_disp.h ****  * Opacity of the background
 112:d:\practise\f407_disc\lvgl\lvgl\src/core\lv_disp.h ****  * @param disp pointer to a display
 113:d:\practise\f407_disc\lvgl\lvgl\src/core\lv_disp.h ****  * @param opa opacity (0..255)
 114:d:\practise\f407_disc\lvgl\lvgl\src/core\lv_disp.h ****  */
 115:d:\practise\f407_disc\lvgl\lvgl\src/core\lv_disp.h **** void lv_disp_set_bg_opa(lv_disp_t * disp, lv_opa_t opa);
 116:d:\practise\f407_disc\lvgl\lvgl\src/core\lv_disp.h **** 
 117:d:\practise\f407_disc\lvgl\lvgl\src/core\lv_disp.h **** /**
 118:d:\practise\f407_disc\lvgl\lvgl\src/core\lv_disp.h ****  * Switch screen with animation
 119:d:\practise\f407_disc\lvgl\lvgl\src/core\lv_disp.h ****  * @param scr pointer to the new screen to load
 120:d:\practise\f407_disc\lvgl\lvgl\src/core\lv_disp.h ****  * @param anim_type type of the animation from `lv_scr_load_anim_t`. E.g.  `LV_SCR_LOAD_ANIM_MOVE_L
 121:d:\practise\f407_disc\lvgl\lvgl\src/core\lv_disp.h ****  * @param time time of the animation
 122:d:\practise\f407_disc\lvgl\lvgl\src/core\lv_disp.h ****  * @param delay delay before the transition
 123:d:\practise\f407_disc\lvgl\lvgl\src/core\lv_disp.h ****  * @param auto_del true: automatically delete the old screen
 124:d:\practise\f407_disc\lvgl\lvgl\src/core\lv_disp.h ****  */
 125:d:\practise\f407_disc\lvgl\lvgl\src/core\lv_disp.h **** void lv_scr_load_anim(lv_obj_t * scr, lv_scr_load_anim_t anim_type, uint32_t time, uint32_t delay, 
 126:d:\practise\f407_disc\lvgl\lvgl\src/core\lv_disp.h **** 
 127:d:\practise\f407_disc\lvgl\lvgl\src/core\lv_disp.h **** /**
 128:d:\practise\f407_disc\lvgl\lvgl\src/core\lv_disp.h ****  * Get elapsed time since last user activity on a display (e.g. click)
 129:d:\practise\f407_disc\lvgl\lvgl\src/core\lv_disp.h ****  * @param disp pointer to an display (NULL to get the overall smallest inactivity)
 130:d:\practise\f407_disc\lvgl\lvgl\src/core\lv_disp.h ****  * @return elapsed ticks (milliseconds) since the last activity
 131:d:\practise\f407_disc\lvgl\lvgl\src/core\lv_disp.h ****  */
 132:d:\practise\f407_disc\lvgl\lvgl\src/core\lv_disp.h **** uint32_t lv_disp_get_inactive_time(const lv_disp_t * disp);
 133:d:\practise\f407_disc\lvgl\lvgl\src/core\lv_disp.h **** 
 134:d:\practise\f407_disc\lvgl\lvgl\src/core\lv_disp.h **** /**
 135:d:\practise\f407_disc\lvgl\lvgl\src/core\lv_disp.h ****  * Manually trigger an activity on a display
 136:d:\practise\f407_disc\lvgl\lvgl\src/core\lv_disp.h ****  * @param disp pointer to an display (NULL to use the default display)
 137:d:\practise\f407_disc\lvgl\lvgl\src/core\lv_disp.h ****  */
 138:d:\practise\f407_disc\lvgl\lvgl\src/core\lv_disp.h **** void lv_disp_trig_activity(lv_disp_t * disp);
 139:d:\practise\f407_disc\lvgl\lvgl\src/core\lv_disp.h **** 
 140:d:\practise\f407_disc\lvgl\lvgl\src/core\lv_disp.h **** /**
 141:d:\practise\f407_disc\lvgl\lvgl\src/core\lv_disp.h ****  * Clean any CPU cache that is related to the display.
 142:d:\practise\f407_disc\lvgl\lvgl\src/core\lv_disp.h ****  * @param disp pointer to an display (NULL to use the default display)
 143:d:\practise\f407_disc\lvgl\lvgl\src/core\lv_disp.h ****  */
 144:d:\practise\f407_disc\lvgl\lvgl\src/core\lv_disp.h **** void lv_disp_clean_dcache(lv_disp_t * disp);
 145:d:\practise\f407_disc\lvgl\lvgl\src/core\lv_disp.h **** 
 146:d:\practise\f407_disc\lvgl\lvgl\src/core\lv_disp.h **** /**
 147:d:\practise\f407_disc\lvgl\lvgl\src/core\lv_disp.h ****  * Get a pointer to the screen refresher timer to
 148:d:\practise\f407_disc\lvgl\lvgl\src/core\lv_disp.h ****  * modify its parameters with `lv_timer_...` functions.
 149:d:\practise\f407_disc\lvgl\lvgl\src/core\lv_disp.h ****  * @param disp pointer to a display
 150:d:\practise\f407_disc\lvgl\lvgl\src/core\lv_disp.h ****  * @return pointer to the display refresher timer. (NULL on error)
 151:d:\practise\f407_disc\lvgl\lvgl\src/core\lv_disp.h ****  */
 152:d:\practise\f407_disc\lvgl\lvgl\src/core\lv_disp.h **** lv_timer_t * _lv_disp_get_refr_timer(lv_disp_t * disp);
 153:d:\practise\f407_disc\lvgl\lvgl\src/core\lv_disp.h **** 
 154:d:\practise\f407_disc\lvgl\lvgl\src/core\lv_disp.h **** /*------------------------------------------------
ARM GAS  C:\Users\gx\AppData\Local\Temp\ccHW8d1g.s 			page 6


 155:d:\practise\f407_disc\lvgl\lvgl\src/core\lv_disp.h ****  * To improve backward compatibility
 156:d:\practise\f407_disc\lvgl\lvgl\src/core\lv_disp.h ****  * Recommended only if you have one display
 157:d:\practise\f407_disc\lvgl\lvgl\src/core\lv_disp.h ****  *------------------------------------------------*/
 158:d:\practise\f407_disc\lvgl\lvgl\src/core\lv_disp.h **** 
 159:d:\practise\f407_disc\lvgl\lvgl\src/core\lv_disp.h **** /**
 160:d:\practise\f407_disc\lvgl\lvgl\src/core\lv_disp.h ****  * Get the active screen of the default display
 161:d:\practise\f407_disc\lvgl\lvgl\src/core\lv_disp.h ****  * @return pointer to the active screen
 162:d:\practise\f407_disc\lvgl\lvgl\src/core\lv_disp.h ****  */
 163:d:\practise\f407_disc\lvgl\lvgl\src/core\lv_disp.h **** static inline lv_obj_t * lv_scr_act(void)
 109              		.loc 2 163 26 view .LVU14
 110              	.LBB21:
 164:d:\practise\f407_disc\lvgl\lvgl\src/core\lv_disp.h **** {
 165:d:\practise\f407_disc\lvgl\lvgl\src/core\lv_disp.h ****     return lv_disp_get_scr_act(lv_disp_get_default());
 111              		.loc 2 165 5 view .LVU15
 112              		.loc 2 165 12 is_stmt 0 view .LVU16
 113 0004 FFF7FEFF 		bl	lv_disp_get_default
 114              	.LVL6:
 115 0008 FFF7FEFF 		bl	lv_disp_get_scr_act
 116              	.LVL7:
 117              	.LBE21:
 118              	.LBE20:
 119              		.loc 1 23 22 view .LVU17
 120 000c FFF7FEFF 		bl	lv_img_create
 121              	.LVL8:
 122 0010 0446     		mov	r4, r0
 123              	.LVL9:
  24:lvgl/lvgl/examples/widgets/img/lv_example_img_3.c ****     lv_img_set_src(img, &img_cogwheel_argb);
 124              		.loc 1 24 5 is_stmt 1 view .LVU18
 125 0012 1A49     		ldr	r1, .L7
 126 0014 FFF7FEFF 		bl	lv_img_set_src
 127              	.LVL10:
  25:lvgl/lvgl/examples/widgets/img/lv_example_img_3.c ****     lv_obj_align(img, LV_ALIGN_CENTER, 50, 50);
 128              		.loc 1 25 5 view .LVU19
 129 0018 3223     		movs	r3, #50
 130 001a 1A46     		mov	r2, r3
 131 001c 0921     		movs	r1, #9
 132 001e 2046     		mov	r0, r4
 133 0020 FFF7FEFF 		bl	lv_obj_align
 134              	.LVL11:
  26:lvgl/lvgl/examples/widgets/img/lv_example_img_3.c ****     lv_img_set_pivot(img, 0, 0);    /*Rotate around the top left corner*/
 135              		.loc 1 26 5 view .LVU20
 136 0024 0022     		movs	r2, #0
 137 0026 1146     		mov	r1, r2
 138 0028 2046     		mov	r0, r4
 139 002a FFF7FEFF 		bl	lv_img_set_pivot
 140              	.LVL12:
  27:lvgl/lvgl/examples/widgets/img/lv_example_img_3.c **** 
  28:lvgl/lvgl/examples/widgets/img/lv_example_img_3.c ****     lv_anim_t a;
 141              		.loc 1 28 5 view .LVU21
  29:lvgl/lvgl/examples/widgets/img/lv_example_img_3.c ****     lv_anim_init(&a);
 142              		.loc 1 29 5 view .LVU22
 143 002e 01A8     		add	r0, sp, #4
 144 0030 FFF7FEFF 		bl	lv_anim_init
 145              	.LVL13:
  30:lvgl/lvgl/examples/widgets/img/lv_example_img_3.c ****     lv_anim_set_var(&a, img);
 146              		.loc 1 30 5 view .LVU23
 147              	.LBB22:
ARM GAS  C:\Users\gx\AppData\Local\Temp\ccHW8d1g.s 			page 7


 148              	.LBI22:
 149              		.file 3 "d:\\practise\\f407_disc\\lvgl\\lvgl\\src/misc/lv_anim.h"
   1:d:\practise\f407_disc\lvgl\lvgl\src/misc\lv_anim.h **** /**
   2:d:\practise\f407_disc\lvgl\lvgl\src/misc\lv_anim.h ****  * @file lv_anim.h
   3:d:\practise\f407_disc\lvgl\lvgl\src/misc\lv_anim.h ****  *
   4:d:\practise\f407_disc\lvgl\lvgl\src/misc\lv_anim.h ****  */
   5:d:\practise\f407_disc\lvgl\lvgl\src/misc\lv_anim.h **** 
   6:d:\practise\f407_disc\lvgl\lvgl\src/misc\lv_anim.h **** #ifndef LV_ANIM_H
   7:d:\practise\f407_disc\lvgl\lvgl\src/misc\lv_anim.h **** #define LV_ANIM_H
   8:d:\practise\f407_disc\lvgl\lvgl\src/misc\lv_anim.h **** 
   9:d:\practise\f407_disc\lvgl\lvgl\src/misc\lv_anim.h **** #ifdef __cplusplus
  10:d:\practise\f407_disc\lvgl\lvgl\src/misc\lv_anim.h **** extern "C" {
  11:d:\practise\f407_disc\lvgl\lvgl\src/misc\lv_anim.h **** #endif
  12:d:\practise\f407_disc\lvgl\lvgl\src/misc\lv_anim.h **** 
  13:d:\practise\f407_disc\lvgl\lvgl\src/misc\lv_anim.h **** /*********************
  14:d:\practise\f407_disc\lvgl\lvgl\src/misc\lv_anim.h ****  *      INCLUDES
  15:d:\practise\f407_disc\lvgl\lvgl\src/misc\lv_anim.h ****  *********************/
  16:d:\practise\f407_disc\lvgl\lvgl\src/misc\lv_anim.h **** #include "../lv_conf_internal.h"
  17:d:\practise\f407_disc\lvgl\lvgl\src/misc\lv_anim.h **** 
  18:d:\practise\f407_disc\lvgl\lvgl\src/misc\lv_anim.h **** #include <stdint.h>
  19:d:\practise\f407_disc\lvgl\lvgl\src/misc\lv_anim.h **** #include <stdbool.h>
  20:d:\practise\f407_disc\lvgl\lvgl\src/misc\lv_anim.h **** #include <string.h>
  21:d:\practise\f407_disc\lvgl\lvgl\src/misc\lv_anim.h **** 
  22:d:\practise\f407_disc\lvgl\lvgl\src/misc\lv_anim.h **** /*********************
  23:d:\practise\f407_disc\lvgl\lvgl\src/misc\lv_anim.h ****  *      DEFINES
  24:d:\practise\f407_disc\lvgl\lvgl\src/misc\lv_anim.h ****  *********************/
  25:d:\practise\f407_disc\lvgl\lvgl\src/misc\lv_anim.h **** 
  26:d:\practise\f407_disc\lvgl\lvgl\src/misc\lv_anim.h **** /**********************
  27:d:\practise\f407_disc\lvgl\lvgl\src/misc\lv_anim.h ****  *      TYPEDEFS
  28:d:\practise\f407_disc\lvgl\lvgl\src/misc\lv_anim.h ****  **********************/
  29:d:\practise\f407_disc\lvgl\lvgl\src/misc\lv_anim.h **** 
  30:d:\practise\f407_disc\lvgl\lvgl\src/misc\lv_anim.h **** /** Can be used to indicate if animations are enabled or disabled in a case*/
  31:d:\practise\f407_disc\lvgl\lvgl\src/misc\lv_anim.h **** typedef enum {
  32:d:\practise\f407_disc\lvgl\lvgl\src/misc\lv_anim.h ****     LV_ANIM_OFF,
  33:d:\practise\f407_disc\lvgl\lvgl\src/misc\lv_anim.h ****     LV_ANIM_ON,
  34:d:\practise\f407_disc\lvgl\lvgl\src/misc\lv_anim.h **** }lv_anim_enable_t;
  35:d:\practise\f407_disc\lvgl\lvgl\src/misc\lv_anim.h **** 
  36:d:\practise\f407_disc\lvgl\lvgl\src/misc\lv_anim.h **** #define LV_ANIM_REPEAT_INFINITE      0xFFFF
  37:d:\practise\f407_disc\lvgl\lvgl\src/misc\lv_anim.h **** LV_EXPORT_CONST_INT(LV_ANIM_REPEAT_INFINITE);
  38:d:\practise\f407_disc\lvgl\lvgl\src/misc\lv_anim.h **** 
  39:d:\practise\f407_disc\lvgl\lvgl\src/misc\lv_anim.h **** struct _lv_anim_t;
  40:d:\practise\f407_disc\lvgl\lvgl\src/misc\lv_anim.h **** 
  41:d:\practise\f407_disc\lvgl\lvgl\src/misc\lv_anim.h **** /** Get the current value during an animation*/
  42:d:\practise\f407_disc\lvgl\lvgl\src/misc\lv_anim.h **** typedef int32_t (*lv_anim_path_cb_t)(const struct _lv_anim_t *);
  43:d:\practise\f407_disc\lvgl\lvgl\src/misc\lv_anim.h **** 
  44:d:\practise\f407_disc\lvgl\lvgl\src/misc\lv_anim.h **** /** Generic prototype of "animator" functions.
  45:d:\practise\f407_disc\lvgl\lvgl\src/misc\lv_anim.h ****  * First parameter is the variable to animate.
  46:d:\practise\f407_disc\lvgl\lvgl\src/misc\lv_anim.h ****  * Second parameter is the value to set.
  47:d:\practise\f407_disc\lvgl\lvgl\src/misc\lv_anim.h ****  * Compatible with `lv_xxx_set_yyy(obj, value)` functions
  48:d:\practise\f407_disc\lvgl\lvgl\src/misc\lv_anim.h ****  * The `x` in `_xcb_t` means its not a fully generic prototype because
  49:d:\practise\f407_disc\lvgl\lvgl\src/misc\lv_anim.h ****  * it doesn't receive `lv_anim_t *` as its first argument*/
  50:d:\practise\f407_disc\lvgl\lvgl\src/misc\lv_anim.h **** typedef void (*lv_anim_exec_xcb_t)(void *, int32_t);
  51:d:\practise\f407_disc\lvgl\lvgl\src/misc\lv_anim.h **** 
  52:d:\practise\f407_disc\lvgl\lvgl\src/misc\lv_anim.h **** /** Same as `lv_anim_exec_xcb_t` but receives `lv_anim_t *` as the first parameter.
  53:d:\practise\f407_disc\lvgl\lvgl\src/misc\lv_anim.h ****  * It's more consistent but less convenient. Might be used by binding generator functions.*/
  54:d:\practise\f407_disc\lvgl\lvgl\src/misc\lv_anim.h **** typedef void (*lv_anim_custom_exec_cb_t)(struct _lv_anim_t *, int32_t);
  55:d:\practise\f407_disc\lvgl\lvgl\src/misc\lv_anim.h **** 
ARM GAS  C:\Users\gx\AppData\Local\Temp\ccHW8d1g.s 			page 8


  56:d:\practise\f407_disc\lvgl\lvgl\src/misc\lv_anim.h **** /** Callback to call when the animation is ready*/
  57:d:\practise\f407_disc\lvgl\lvgl\src/misc\lv_anim.h **** typedef void (*lv_anim_ready_cb_t)(struct _lv_anim_t *);
  58:d:\practise\f407_disc\lvgl\lvgl\src/misc\lv_anim.h **** 
  59:d:\practise\f407_disc\lvgl\lvgl\src/misc\lv_anim.h **** /** Callback to call when the animation really stars (considering `delay`)*/
  60:d:\practise\f407_disc\lvgl\lvgl\src/misc\lv_anim.h **** typedef void (*lv_anim_start_cb_t)(struct _lv_anim_t *);
  61:d:\practise\f407_disc\lvgl\lvgl\src/misc\lv_anim.h **** 
  62:d:\practise\f407_disc\lvgl\lvgl\src/misc\lv_anim.h **** /** Callback used when the animation values are relative to get the current value*/
  63:d:\practise\f407_disc\lvgl\lvgl\src/misc\lv_anim.h **** typedef int32_t (*lv_anim_get_value_cb_t)(struct _lv_anim_t *);
  64:d:\practise\f407_disc\lvgl\lvgl\src/misc\lv_anim.h **** 
  65:d:\practise\f407_disc\lvgl\lvgl\src/misc\lv_anim.h **** /** Describes an animation*/
  66:d:\practise\f407_disc\lvgl\lvgl\src/misc\lv_anim.h **** typedef struct _lv_anim_t {
  67:d:\practise\f407_disc\lvgl\lvgl\src/misc\lv_anim.h ****     void * var;                          /**<Variable to animate*/
  68:d:\practise\f407_disc\lvgl\lvgl\src/misc\lv_anim.h ****     lv_anim_exec_xcb_t exec_cb;          /**< Function to execute to animate*/
  69:d:\practise\f407_disc\lvgl\lvgl\src/misc\lv_anim.h ****     lv_anim_start_cb_t start_cb;         /**< Call it when the animation is starts (considering `de
  70:d:\practise\f407_disc\lvgl\lvgl\src/misc\lv_anim.h ****     lv_anim_ready_cb_t ready_cb;         /**< Call it when the animation is ready*/
  71:d:\practise\f407_disc\lvgl\lvgl\src/misc\lv_anim.h ****     lv_anim_get_value_cb_t get_value_cb; /**< Get the current value in relative mode*/
  72:d:\practise\f407_disc\lvgl\lvgl\src/misc\lv_anim.h **** #if LV_USE_USER_DATA
  73:d:\practise\f407_disc\lvgl\lvgl\src/misc\lv_anim.h ****     void * user_data; /**< Custom user data*/
  74:d:\practise\f407_disc\lvgl\lvgl\src/misc\lv_anim.h **** #endif
  75:d:\practise\f407_disc\lvgl\lvgl\src/misc\lv_anim.h ****     lv_anim_path_cb_t path_cb;         /**< Describe the path (curve) of animations*/
  76:d:\practise\f407_disc\lvgl\lvgl\src/misc\lv_anim.h ****     int32_t start_value;               /**< Start value*/
  77:d:\practise\f407_disc\lvgl\lvgl\src/misc\lv_anim.h ****     int32_t current_value;             /**< Current value*/
  78:d:\practise\f407_disc\lvgl\lvgl\src/misc\lv_anim.h ****     int32_t end_value;                 /**< End value*/
  79:d:\practise\f407_disc\lvgl\lvgl\src/misc\lv_anim.h ****     int32_t time;                /**< Animation time in ms*/
  80:d:\practise\f407_disc\lvgl\lvgl\src/misc\lv_anim.h ****     int32_t act_time;            /**< Current time in animation. Set to negative to make delay.*/
  81:d:\practise\f407_disc\lvgl\lvgl\src/misc\lv_anim.h ****     uint32_t playback_delay;     /**< Wait before play back*/
  82:d:\practise\f407_disc\lvgl\lvgl\src/misc\lv_anim.h ****     uint32_t playback_time;      /**< Duration of playback animation*/
  83:d:\practise\f407_disc\lvgl\lvgl\src/misc\lv_anim.h ****     uint32_t repeat_delay;       /**< Wait before repeat*/
  84:d:\practise\f407_disc\lvgl\lvgl\src/misc\lv_anim.h ****     uint16_t repeat_cnt;         /**< Repeat count for the animation*/
  85:d:\practise\f407_disc\lvgl\lvgl\src/misc\lv_anim.h ****     uint8_t early_apply  : 1;    /**< 1: Apply start value immediately even is there is `delay`*/
  86:d:\practise\f407_disc\lvgl\lvgl\src/misc\lv_anim.h **** 
  87:d:\practise\f407_disc\lvgl\lvgl\src/misc\lv_anim.h ****     /*Animation system use these - user shouldn't set*/
  88:d:\practise\f407_disc\lvgl\lvgl\src/misc\lv_anim.h ****     uint8_t playback_now : 1; /**< Play back is in progress*/
  89:d:\practise\f407_disc\lvgl\lvgl\src/misc\lv_anim.h ****     uint8_t run_round : 1;    /**< Indicates the animation has run in this round*/
  90:d:\practise\f407_disc\lvgl\lvgl\src/misc\lv_anim.h ****     uint8_t start_cb_called : 1;    /**< Indicates that the `start_cb` was already called*/
  91:d:\practise\f407_disc\lvgl\lvgl\src/misc\lv_anim.h ****     uint32_t time_orig;
  92:d:\practise\f407_disc\lvgl\lvgl\src/misc\lv_anim.h **** } lv_anim_t;
  93:d:\practise\f407_disc\lvgl\lvgl\src/misc\lv_anim.h **** 
  94:d:\practise\f407_disc\lvgl\lvgl\src/misc\lv_anim.h **** /**********************
  95:d:\practise\f407_disc\lvgl\lvgl\src/misc\lv_anim.h ****  * GLOBAL PROTOTYPES
  96:d:\practise\f407_disc\lvgl\lvgl\src/misc\lv_anim.h ****  **********************/
  97:d:\practise\f407_disc\lvgl\lvgl\src/misc\lv_anim.h **** 
  98:d:\practise\f407_disc\lvgl\lvgl\src/misc\lv_anim.h **** /**
  99:d:\practise\f407_disc\lvgl\lvgl\src/misc\lv_anim.h ****  * Init. the animation module
 100:d:\practise\f407_disc\lvgl\lvgl\src/misc\lv_anim.h ****  */
 101:d:\practise\f407_disc\lvgl\lvgl\src/misc\lv_anim.h **** void _lv_anim_core_init(void);
 102:d:\practise\f407_disc\lvgl\lvgl\src/misc\lv_anim.h **** 
 103:d:\practise\f407_disc\lvgl\lvgl\src/misc\lv_anim.h **** /**
 104:d:\practise\f407_disc\lvgl\lvgl\src/misc\lv_anim.h ****  * Initialize an animation variable.
 105:d:\practise\f407_disc\lvgl\lvgl\src/misc\lv_anim.h ****  * E.g.:
 106:d:\practise\f407_disc\lvgl\lvgl\src/misc\lv_anim.h ****  * lv_anim_t a;
 107:d:\practise\f407_disc\lvgl\lvgl\src/misc\lv_anim.h ****  * lv_anim_init(&a);
 108:d:\practise\f407_disc\lvgl\lvgl\src/misc\lv_anim.h ****  * lv_anim_set_...(&a);
 109:d:\practise\f407_disc\lvgl\lvgl\src/misc\lv_anim.h ****  * lv_anim_start(&a);
 110:d:\practise\f407_disc\lvgl\lvgl\src/misc\lv_anim.h ****  * @param a     pointer to an `lv_anim_t` variable to initialize
 111:d:\practise\f407_disc\lvgl\lvgl\src/misc\lv_anim.h ****  */
 112:d:\practise\f407_disc\lvgl\lvgl\src/misc\lv_anim.h **** void lv_anim_init(lv_anim_t * a);
ARM GAS  C:\Users\gx\AppData\Local\Temp\ccHW8d1g.s 			page 9


 113:d:\practise\f407_disc\lvgl\lvgl\src/misc\lv_anim.h **** 
 114:d:\practise\f407_disc\lvgl\lvgl\src/misc\lv_anim.h **** /**
 115:d:\practise\f407_disc\lvgl\lvgl\src/misc\lv_anim.h ****  * Set a variable to animate
 116:d:\practise\f407_disc\lvgl\lvgl\src/misc\lv_anim.h ****  * @param a     pointer to an initialized `lv_anim_t` variable
 117:d:\practise\f407_disc\lvgl\lvgl\src/misc\lv_anim.h ****  * @param var   pointer to a variable to animate
 118:d:\practise\f407_disc\lvgl\lvgl\src/misc\lv_anim.h ****  */
 119:d:\practise\f407_disc\lvgl\lvgl\src/misc\lv_anim.h **** static inline void lv_anim_set_var(lv_anim_t * a, void * var)
 150              		.loc 3 119 20 view .LVU24
 151              	.LBB23:
 120:d:\practise\f407_disc\lvgl\lvgl\src/misc\lv_anim.h **** {
 121:d:\practise\f407_disc\lvgl\lvgl\src/misc\lv_anim.h ****     a->var = var;
 152              		.loc 3 121 5 view .LVU25
 153              		.loc 3 121 12 is_stmt 0 view .LVU26
 154 0034 0194     		str	r4, [sp, #4]
 155              	.LVL14:
 156              		.loc 3 121 12 view .LVU27
 157              	.LBE23:
 158              	.LBE22:
  31:lvgl/lvgl/examples/widgets/img/lv_example_img_3.c ****     lv_anim_set_exec_cb(&a, set_angle);
 159              		.loc 1 31 5 is_stmt 1 view .LVU28
 160              	.LBB24:
 161              	.LBI24:
 122:d:\practise\f407_disc\lvgl\lvgl\src/misc\lv_anim.h **** }
 123:d:\practise\f407_disc\lvgl\lvgl\src/misc\lv_anim.h **** 
 124:d:\practise\f407_disc\lvgl\lvgl\src/misc\lv_anim.h **** /**
 125:d:\practise\f407_disc\lvgl\lvgl\src/misc\lv_anim.h ****  * Set a function to animate `var`
 126:d:\practise\f407_disc\lvgl\lvgl\src/misc\lv_anim.h ****  * @param a         pointer to an initialized `lv_anim_t` variable
 127:d:\practise\f407_disc\lvgl\lvgl\src/misc\lv_anim.h ****  * @param exec_cb   a function to execute during animation
 128:d:\practise\f407_disc\lvgl\lvgl\src/misc\lv_anim.h ****  *                  LVGL's built-in functions can be used.
 129:d:\practise\f407_disc\lvgl\lvgl\src/misc\lv_anim.h ****  *                  E.g. lv_obj_set_x
 130:d:\practise\f407_disc\lvgl\lvgl\src/misc\lv_anim.h ****  */
 131:d:\practise\f407_disc\lvgl\lvgl\src/misc\lv_anim.h **** static inline void lv_anim_set_exec_cb(lv_anim_t * a, lv_anim_exec_xcb_t exec_cb)
 162              		.loc 3 131 20 view .LVU29
 163              	.LBB25:
 132:d:\practise\f407_disc\lvgl\lvgl\src/misc\lv_anim.h **** {
 133:d:\practise\f407_disc\lvgl\lvgl\src/misc\lv_anim.h ****     a->exec_cb = exec_cb;
 164              		.loc 3 133 5 view .LVU30
 165              		.loc 3 133 16 is_stmt 0 view .LVU31
 166 0036 124B     		ldr	r3, .L7+4
 167 0038 0293     		str	r3, [sp, #8]
 168              	.LVL15:
 169              		.loc 3 133 16 view .LVU32
 170              	.LBE25:
 171              	.LBE24:
  32:lvgl/lvgl/examples/widgets/img/lv_example_img_3.c ****     lv_anim_set_values(&a, 0, 3600);
 172              		.loc 1 32 5 is_stmt 1 view .LVU33
 173              	.LBB26:
 174              	.LBI26:
 134:d:\practise\f407_disc\lvgl\lvgl\src/misc\lv_anim.h **** }
 135:d:\practise\f407_disc\lvgl\lvgl\src/misc\lv_anim.h **** 
 136:d:\practise\f407_disc\lvgl\lvgl\src/misc\lv_anim.h **** /**
 137:d:\practise\f407_disc\lvgl\lvgl\src/misc\lv_anim.h ****  * Set the duration of an animation
 138:d:\practise\f407_disc\lvgl\lvgl\src/misc\lv_anim.h ****  * @param a         pointer to an initialized `lv_anim_t` variable
 139:d:\practise\f407_disc\lvgl\lvgl\src/misc\lv_anim.h ****  * @param duration  duration of the animation in milliseconds
 140:d:\practise\f407_disc\lvgl\lvgl\src/misc\lv_anim.h ****  */
 141:d:\practise\f407_disc\lvgl\lvgl\src/misc\lv_anim.h **** static inline void lv_anim_set_time(lv_anim_t * a, uint32_t duration)
 142:d:\practise\f407_disc\lvgl\lvgl\src/misc\lv_anim.h **** {
ARM GAS  C:\Users\gx\AppData\Local\Temp\ccHW8d1g.s 			page 10


 143:d:\practise\f407_disc\lvgl\lvgl\src/misc\lv_anim.h ****     a->time = duration;
 144:d:\practise\f407_disc\lvgl\lvgl\src/misc\lv_anim.h **** }
 145:d:\practise\f407_disc\lvgl\lvgl\src/misc\lv_anim.h **** 
 146:d:\practise\f407_disc\lvgl\lvgl\src/misc\lv_anim.h **** /**
 147:d:\practise\f407_disc\lvgl\lvgl\src/misc\lv_anim.h ****  * Set a delay before starting the animation
 148:d:\practise\f407_disc\lvgl\lvgl\src/misc\lv_anim.h ****  * @param a         pointer to an initialized `lv_anim_t` variable
 149:d:\practise\f407_disc\lvgl\lvgl\src/misc\lv_anim.h ****  * @param delay     delay before the animation in milliseconds
 150:d:\practise\f407_disc\lvgl\lvgl\src/misc\lv_anim.h ****  */
 151:d:\practise\f407_disc\lvgl\lvgl\src/misc\lv_anim.h **** static inline void lv_anim_set_delay(lv_anim_t * a, uint32_t delay)
 152:d:\practise\f407_disc\lvgl\lvgl\src/misc\lv_anim.h **** {
 153:d:\practise\f407_disc\lvgl\lvgl\src/misc\lv_anim.h ****     a->act_time = -(int32_t)(delay);
 154:d:\practise\f407_disc\lvgl\lvgl\src/misc\lv_anim.h **** }
 155:d:\practise\f407_disc\lvgl\lvgl\src/misc\lv_anim.h **** 
 156:d:\practise\f407_disc\lvgl\lvgl\src/misc\lv_anim.h **** /**
 157:d:\practise\f407_disc\lvgl\lvgl\src/misc\lv_anim.h ****  * Set the start and end values of an animation
 158:d:\practise\f407_disc\lvgl\lvgl\src/misc\lv_anim.h ****  * @param a         pointer to an initialized `lv_anim_t` variable
 159:d:\practise\f407_disc\lvgl\lvgl\src/misc\lv_anim.h ****  * @param start     the start value
 160:d:\practise\f407_disc\lvgl\lvgl\src/misc\lv_anim.h ****  * @param end       the end value
 161:d:\practise\f407_disc\lvgl\lvgl\src/misc\lv_anim.h ****  */
 162:d:\practise\f407_disc\lvgl\lvgl\src/misc\lv_anim.h **** static inline void lv_anim_set_values(lv_anim_t * a, int32_t start, int32_t end)
 175              		.loc 3 162 20 view .LVU34
 176              	.LBB27:
 163:d:\practise\f407_disc\lvgl\lvgl\src/misc\lv_anim.h **** {
 164:d:\practise\f407_disc\lvgl\lvgl\src/misc\lv_anim.h ****     a->start_value = start;
 177              		.loc 3 164 5 view .LVU35
 178              		.loc 3 164 20 is_stmt 0 view .LVU36
 179 003a 0023     		movs	r3, #0
 180 003c 0893     		str	r3, [sp, #32]
 165:d:\practise\f407_disc\lvgl\lvgl\src/misc\lv_anim.h ****     a->current_value = start;
 181              		.loc 3 165 5 is_stmt 1 view .LVU37
 182              		.loc 3 165 22 is_stmt 0 view .LVU38
 183 003e 0993     		str	r3, [sp, #36]
 166:d:\practise\f407_disc\lvgl\lvgl\src/misc\lv_anim.h ****     a->end_value = end;
 184              		.loc 3 166 5 is_stmt 1 view .LVU39
 185              		.loc 3 166 18 is_stmt 0 view .LVU40
 186 0040 4FF46163 		mov	r3, #3600
 187 0044 0A93     		str	r3, [sp, #40]
 188              	.LVL16:
 189              		.loc 3 166 18 view .LVU41
 190              	.LBE27:
 191              	.LBE26:
  33:lvgl/lvgl/examples/widgets/img/lv_example_img_3.c ****     lv_anim_set_time(&a, 5000);
 192              		.loc 1 33 5 is_stmt 1 view .LVU42
 193              	.LBB28:
 194              	.LBI28:
 141:d:\practise\f407_disc\lvgl\lvgl\src/misc\lv_anim.h **** {
 195              		.loc 3 141 20 view .LVU43
 196              	.LBB29:
 143:d:\practise\f407_disc\lvgl\lvgl\src/misc\lv_anim.h **** }
 197              		.loc 3 143 5 view .LVU44
 143:d:\practise\f407_disc\lvgl\lvgl\src/misc\lv_anim.h **** }
 198              		.loc 3 143 13 is_stmt 0 view .LVU45
 199 0046 41F28833 		movw	r3, #5000
 200 004a 0B93     		str	r3, [sp, #44]
 201              	.LVL17:
 143:d:\practise\f407_disc\lvgl\lvgl\src/misc\lv_anim.h **** }
 202              		.loc 3 143 13 view .LVU46
ARM GAS  C:\Users\gx\AppData\Local\Temp\ccHW8d1g.s 			page 11


 203              	.LBE29:
 204              	.LBE28:
  34:lvgl/lvgl/examples/widgets/img/lv_example_img_3.c ****     lv_anim_set_repeat_count(&a, LV_ANIM_REPEAT_INFINITE);
 205              		.loc 1 34 5 is_stmt 1 view .LVU47
 206              	.LBB30:
 207              	.LBI30:
 167:d:\practise\f407_disc\lvgl\lvgl\src/misc\lv_anim.h **** }
 168:d:\practise\f407_disc\lvgl\lvgl\src/misc\lv_anim.h **** 
 169:d:\practise\f407_disc\lvgl\lvgl\src/misc\lv_anim.h **** /**
 170:d:\practise\f407_disc\lvgl\lvgl\src/misc\lv_anim.h ****  * Similar to `lv_anim_set_exec_cb` but `lv_anim_custom_exec_cb_t` receives
 171:d:\practise\f407_disc\lvgl\lvgl\src/misc\lv_anim.h ****  * `lv_anim_t * ` as its first parameter instead of `void *`.
 172:d:\practise\f407_disc\lvgl\lvgl\src/misc\lv_anim.h ****  * This function might be used when LVGL is binded to other languages because
 173:d:\practise\f407_disc\lvgl\lvgl\src/misc\lv_anim.h ****  * it's more consistent to have `lv_anim_t *` as first parameter.
 174:d:\practise\f407_disc\lvgl\lvgl\src/misc\lv_anim.h ****  * The variable to animate can be stored in the animation's `user_sata`
 175:d:\practise\f407_disc\lvgl\lvgl\src/misc\lv_anim.h ****  * @param a         pointer to an initialized `lv_anim_t` variable
 176:d:\practise\f407_disc\lvgl\lvgl\src/misc\lv_anim.h ****  * @param exec_cb   a function to execute.
 177:d:\practise\f407_disc\lvgl\lvgl\src/misc\lv_anim.h ****  */
 178:d:\practise\f407_disc\lvgl\lvgl\src/misc\lv_anim.h **** static inline void lv_anim_set_custom_exec_cb(lv_anim_t * a, lv_anim_custom_exec_cb_t exec_cb)
 179:d:\practise\f407_disc\lvgl\lvgl\src/misc\lv_anim.h **** {
 180:d:\practise\f407_disc\lvgl\lvgl\src/misc\lv_anim.h ****     a->var     = a;
 181:d:\practise\f407_disc\lvgl\lvgl\src/misc\lv_anim.h ****     a->exec_cb = (lv_anim_exec_xcb_t)exec_cb;
 182:d:\practise\f407_disc\lvgl\lvgl\src/misc\lv_anim.h **** }
 183:d:\practise\f407_disc\lvgl\lvgl\src/misc\lv_anim.h **** 
 184:d:\practise\f407_disc\lvgl\lvgl\src/misc\lv_anim.h **** /**
 185:d:\practise\f407_disc\lvgl\lvgl\src/misc\lv_anim.h ****  * Set the path (curve) of the animation.
 186:d:\practise\f407_disc\lvgl\lvgl\src/misc\lv_anim.h ****  * @param a         pointer to an initialized `lv_anim_t` variable
 187:d:\practise\f407_disc\lvgl\lvgl\src/misc\lv_anim.h ****  * @param path_cb a function the get the current value of the animation.
 188:d:\practise\f407_disc\lvgl\lvgl\src/misc\lv_anim.h ****  */
 189:d:\practise\f407_disc\lvgl\lvgl\src/misc\lv_anim.h **** static inline void lv_anim_set_path_cb(lv_anim_t * a, lv_anim_path_cb_t path_cb)
 190:d:\practise\f407_disc\lvgl\lvgl\src/misc\lv_anim.h **** {
 191:d:\practise\f407_disc\lvgl\lvgl\src/misc\lv_anim.h ****     a->path_cb = path_cb;
 192:d:\practise\f407_disc\lvgl\lvgl\src/misc\lv_anim.h **** }
 193:d:\practise\f407_disc\lvgl\lvgl\src/misc\lv_anim.h **** 
 194:d:\practise\f407_disc\lvgl\lvgl\src/misc\lv_anim.h **** /**
 195:d:\practise\f407_disc\lvgl\lvgl\src/misc\lv_anim.h ****  * Set a function call when the animation really starts (considering `delay`)
 196:d:\practise\f407_disc\lvgl\lvgl\src/misc\lv_anim.h ****  * @param a         pointer to an initialized `lv_anim_t` variable
 197:d:\practise\f407_disc\lvgl\lvgl\src/misc\lv_anim.h ****  * @param start_cb  a function call when the animation starts
 198:d:\practise\f407_disc\lvgl\lvgl\src/misc\lv_anim.h ****  */
 199:d:\practise\f407_disc\lvgl\lvgl\src/misc\lv_anim.h **** static inline void lv_anim_set_start_cb(lv_anim_t * a, lv_anim_ready_cb_t start_cb)
 200:d:\practise\f407_disc\lvgl\lvgl\src/misc\lv_anim.h **** {
 201:d:\practise\f407_disc\lvgl\lvgl\src/misc\lv_anim.h ****     a->start_cb = start_cb;
 202:d:\practise\f407_disc\lvgl\lvgl\src/misc\lv_anim.h **** }
 203:d:\practise\f407_disc\lvgl\lvgl\src/misc\lv_anim.h **** 
 204:d:\practise\f407_disc\lvgl\lvgl\src/misc\lv_anim.h **** /**
 205:d:\practise\f407_disc\lvgl\lvgl\src/misc\lv_anim.h ****  * Set a function to use the current value of the variable and make start and end value
 206:d:\practise\f407_disc\lvgl\lvgl\src/misc\lv_anim.h ****  * relative the the returned current value.
 207:d:\practise\f407_disc\lvgl\lvgl\src/misc\lv_anim.h ****  * @param a             pointer to an initialized `lv_anim_t` variable
 208:d:\practise\f407_disc\lvgl\lvgl\src/misc\lv_anim.h ****  * @param get_value_cb  a function call when the animation starts
 209:d:\practise\f407_disc\lvgl\lvgl\src/misc\lv_anim.h ****  */
 210:d:\practise\f407_disc\lvgl\lvgl\src/misc\lv_anim.h **** static inline void lv_anim_set_get_value_cb(lv_anim_t * a, lv_anim_get_value_cb_t get_value_cb)
 211:d:\practise\f407_disc\lvgl\lvgl\src/misc\lv_anim.h **** {
 212:d:\practise\f407_disc\lvgl\lvgl\src/misc\lv_anim.h ****     a->get_value_cb = get_value_cb;
 213:d:\practise\f407_disc\lvgl\lvgl\src/misc\lv_anim.h **** }
 214:d:\practise\f407_disc\lvgl\lvgl\src/misc\lv_anim.h **** 
 215:d:\practise\f407_disc\lvgl\lvgl\src/misc\lv_anim.h **** /**
 216:d:\practise\f407_disc\lvgl\lvgl\src/misc\lv_anim.h ****  * Set a function call when the animation is ready
 217:d:\practise\f407_disc\lvgl\lvgl\src/misc\lv_anim.h ****  * @param a         pointer to an initialized `lv_anim_t` variable
ARM GAS  C:\Users\gx\AppData\Local\Temp\ccHW8d1g.s 			page 12


 218:d:\practise\f407_disc\lvgl\lvgl\src/misc\lv_anim.h ****  * @param ready_cb  a function call when the animation is ready
 219:d:\practise\f407_disc\lvgl\lvgl\src/misc\lv_anim.h ****  */
 220:d:\practise\f407_disc\lvgl\lvgl\src/misc\lv_anim.h **** static inline void lv_anim_set_ready_cb(lv_anim_t * a, lv_anim_ready_cb_t ready_cb)
 221:d:\practise\f407_disc\lvgl\lvgl\src/misc\lv_anim.h **** {
 222:d:\practise\f407_disc\lvgl\lvgl\src/misc\lv_anim.h ****     a->ready_cb = ready_cb;
 223:d:\practise\f407_disc\lvgl\lvgl\src/misc\lv_anim.h **** }
 224:d:\practise\f407_disc\lvgl\lvgl\src/misc\lv_anim.h **** /**
 225:d:\practise\f407_disc\lvgl\lvgl\src/misc\lv_anim.h ****  * Make the animation to play back to when the forward direction is ready
 226:d:\practise\f407_disc\lvgl\lvgl\src/misc\lv_anim.h ****  * @param a         pointer to an initialized `lv_anim_t` variable
 227:d:\practise\f407_disc\lvgl\lvgl\src/misc\lv_anim.h ****  * @param time      the duration of the playback animation in in milliseconds. 0: disable playback
 228:d:\practise\f407_disc\lvgl\lvgl\src/misc\lv_anim.h ****  */
 229:d:\practise\f407_disc\lvgl\lvgl\src/misc\lv_anim.h **** static inline void lv_anim_set_playback_time(lv_anim_t * a, uint32_t time)
 230:d:\practise\f407_disc\lvgl\lvgl\src/misc\lv_anim.h **** {
 231:d:\practise\f407_disc\lvgl\lvgl\src/misc\lv_anim.h ****     a->playback_time = time;
 232:d:\practise\f407_disc\lvgl\lvgl\src/misc\lv_anim.h **** }
 233:d:\practise\f407_disc\lvgl\lvgl\src/misc\lv_anim.h **** 
 234:d:\practise\f407_disc\lvgl\lvgl\src/misc\lv_anim.h **** /**
 235:d:\practise\f407_disc\lvgl\lvgl\src/misc\lv_anim.h ****  * Make the animation to play back to when the forward direction is ready
 236:d:\practise\f407_disc\lvgl\lvgl\src/misc\lv_anim.h ****  * @param a         pointer to an initialized `lv_anim_t` variable
 237:d:\practise\f407_disc\lvgl\lvgl\src/misc\lv_anim.h ****  * @param delay     delay in milliseconds before starting the playback animation.
 238:d:\practise\f407_disc\lvgl\lvgl\src/misc\lv_anim.h ****  */
 239:d:\practise\f407_disc\lvgl\lvgl\src/misc\lv_anim.h **** static inline void lv_anim_set_playback_delay(lv_anim_t * a, uint32_t delay)
 240:d:\practise\f407_disc\lvgl\lvgl\src/misc\lv_anim.h **** {
 241:d:\practise\f407_disc\lvgl\lvgl\src/misc\lv_anim.h ****     a->playback_delay = delay;
 242:d:\practise\f407_disc\lvgl\lvgl\src/misc\lv_anim.h **** }
 243:d:\practise\f407_disc\lvgl\lvgl\src/misc\lv_anim.h **** 
 244:d:\practise\f407_disc\lvgl\lvgl\src/misc\lv_anim.h **** /**
 245:d:\practise\f407_disc\lvgl\lvgl\src/misc\lv_anim.h ****  * Make the animation repeat itself.
 246:d:\practise\f407_disc\lvgl\lvgl\src/misc\lv_anim.h ****  * @param a         pointer to an initialized `lv_anim_t` variable
 247:d:\practise\f407_disc\lvgl\lvgl\src/misc\lv_anim.h ****  * @param cnt       repeat count or `LV_ANIM_REPEAT_INFINITE` for infinite repetition. 0: to disabl
 248:d:\practise\f407_disc\lvgl\lvgl\src/misc\lv_anim.h ****  */
 249:d:\practise\f407_disc\lvgl\lvgl\src/misc\lv_anim.h **** static inline void lv_anim_set_repeat_count(lv_anim_t * a, uint16_t cnt)
 208              		.loc 3 249 20 view .LVU48
 209              	.LBB31:
 250:d:\practise\f407_disc\lvgl\lvgl\src/misc\lv_anim.h **** {
 251:d:\practise\f407_disc\lvgl\lvgl\src/misc\lv_anim.h ****     a->repeat_cnt = cnt;
 210              		.loc 3 251 5 view .LVU49
 211              		.loc 3 251 19 is_stmt 0 view .LVU50
 212 004c 4FF6FF73 		movw	r3, #65535
 213 0050 ADF84030 		strh	r3, [sp, #64]	@ movhi
 214              	.LVL18:
 215              		.loc 3 251 19 view .LVU51
 216              	.LBE31:
 217              	.LBE30:
  35:lvgl/lvgl/examples/widgets/img/lv_example_img_3.c ****     lv_anim_start(&a);
 218              		.loc 1 35 5 is_stmt 1 view .LVU52
 219 0054 01A8     		add	r0, sp, #4
 220 0056 FFF7FEFF 		bl	lv_anim_start
 221              	.LVL19:
  36:lvgl/lvgl/examples/widgets/img/lv_example_img_3.c **** 
  37:lvgl/lvgl/examples/widgets/img/lv_example_img_3.c ****     lv_anim_set_exec_cb(&a, set_zoom);
 222              		.loc 1 37 5 view .LVU53
 223              	.LBB32:
 224              	.LBI32:
 131:d:\practise\f407_disc\lvgl\lvgl\src/misc\lv_anim.h **** {
 225              		.loc 3 131 20 view .LVU54
 226              	.LBB33:
ARM GAS  C:\Users\gx\AppData\Local\Temp\ccHW8d1g.s 			page 13


 133:d:\practise\f407_disc\lvgl\lvgl\src/misc\lv_anim.h **** }
 227              		.loc 3 133 5 view .LVU55
 133:d:\practise\f407_disc\lvgl\lvgl\src/misc\lv_anim.h **** }
 228              		.loc 3 133 16 is_stmt 0 view .LVU56
 229 005a 0A4B     		ldr	r3, .L7+8
 230 005c 0293     		str	r3, [sp, #8]
 231              	.LVL20:
 133:d:\practise\f407_disc\lvgl\lvgl\src/misc\lv_anim.h **** }
 232              		.loc 3 133 16 view .LVU57
 233              	.LBE33:
 234              	.LBE32:
  38:lvgl/lvgl/examples/widgets/img/lv_example_img_3.c ****     lv_anim_set_values(&a, 128, 256);
 235              		.loc 1 38 5 is_stmt 1 view .LVU58
 236              	.LBB34:
 237              	.LBI34:
 162:d:\practise\f407_disc\lvgl\lvgl\src/misc\lv_anim.h **** {
 238              		.loc 3 162 20 view .LVU59
 239              	.LBB35:
 164:d:\practise\f407_disc\lvgl\lvgl\src/misc\lv_anim.h ****     a->current_value = start;
 240              		.loc 3 164 5 view .LVU60
 164:d:\practise\f407_disc\lvgl\lvgl\src/misc\lv_anim.h ****     a->current_value = start;
 241              		.loc 3 164 20 is_stmt 0 view .LVU61
 242 005e 8023     		movs	r3, #128
 243 0060 0893     		str	r3, [sp, #32]
 165:d:\practise\f407_disc\lvgl\lvgl\src/misc\lv_anim.h ****     a->end_value = end;
 244              		.loc 3 165 5 is_stmt 1 view .LVU62
 165:d:\practise\f407_disc\lvgl\lvgl\src/misc\lv_anim.h ****     a->end_value = end;
 245              		.loc 3 165 22 is_stmt 0 view .LVU63
 246 0062 0993     		str	r3, [sp, #36]
 166:d:\practise\f407_disc\lvgl\lvgl\src/misc\lv_anim.h **** }
 247              		.loc 3 166 5 is_stmt 1 view .LVU64
 166:d:\practise\f407_disc\lvgl\lvgl\src/misc\lv_anim.h **** }
 248              		.loc 3 166 18 is_stmt 0 view .LVU65
 249 0064 4FF48073 		mov	r3, #256
 250 0068 0A93     		str	r3, [sp, #40]
 251              	.LVL21:
 166:d:\practise\f407_disc\lvgl\lvgl\src/misc\lv_anim.h **** }
 252              		.loc 3 166 18 view .LVU66
 253              	.LBE35:
 254              	.LBE34:
  39:lvgl/lvgl/examples/widgets/img/lv_example_img_3.c ****     lv_anim_set_playback_time(&a, 3000);
 255              		.loc 1 39 5 is_stmt 1 view .LVU67
 256              	.LBB36:
 257              	.LBI36:
 229:d:\practise\f407_disc\lvgl\lvgl\src/misc\lv_anim.h **** {
 258              		.loc 3 229 20 view .LVU68
 259              	.LBB37:
 231:d:\practise\f407_disc\lvgl\lvgl\src/misc\lv_anim.h **** }
 260              		.loc 3 231 5 view .LVU69
 231:d:\practise\f407_disc\lvgl\lvgl\src/misc\lv_anim.h **** }
 261              		.loc 3 231 22 is_stmt 0 view .LVU70
 262 006a 40F6B833 		movw	r3, #3000
 263 006e 0E93     		str	r3, [sp, #56]
 264              	.LVL22:
 231:d:\practise\f407_disc\lvgl\lvgl\src/misc\lv_anim.h **** }
 265              		.loc 3 231 22 view .LVU71
 266              	.LBE37:
ARM GAS  C:\Users\gx\AppData\Local\Temp\ccHW8d1g.s 			page 14


 267              	.LBE36:
  40:lvgl/lvgl/examples/widgets/img/lv_example_img_3.c ****     lv_anim_start(&a);
 268              		.loc 1 40 5 is_stmt 1 view .LVU72
 269 0070 01A8     		add	r0, sp, #4
 270 0072 FFF7FEFF 		bl	lv_anim_start
 271              	.LVL23:
  41:lvgl/lvgl/examples/widgets/img/lv_example_img_3.c **** 
  42:lvgl/lvgl/examples/widgets/img/lv_example_img_3.c **** }
 272              		.loc 1 42 1 is_stmt 0 view .LVU73
 273 0076 12B0     		add	sp, sp, #72
 274              	.LCFI4:
 275              		.cfi_def_cfa_offset 8
 276              		@ sp needed
 277 0078 10BD     		pop	{r4, pc}
 278              	.LVL24:
 279              	.L8:
 280              		.loc 1 42 1 view .LVU74
 281 007a 00BF     		.align	2
 282              	.L7:
 283 007c 00000000 		.word	img_cogwheel_argb
 284 0080 00000000 		.word	set_angle
 285 0084 00000000 		.word	set_zoom
 286              		.cfi_endproc
 287              	.LFE191:
 289              		.text
 290              	.Letext0:
 291              		.file 4 "c:\\program files (x86)\\gnu arm embedded toolchain\\9 2020-q2-update\\arm-none-eabi\\inc
 292              		.file 5 "c:\\program files (x86)\\gnu arm embedded toolchain\\9 2020-q2-update\\arm-none-eabi\\inc
 293              		.file 6 "d:\\practise\\f407_disc\\lvgl\\lvgl\\src/misc/lv_ll.h"
 294              		.file 7 "c:\\program files (x86)\\gnu arm embedded toolchain\\9 2020-q2-update\\lib\\gcc\\arm-none
 295              		.file 8 "c:\\program files (x86)\\gnu arm embedded toolchain\\9 2020-q2-update\\arm-none-eabi\\inc
 296              		.file 9 "c:\\program files (x86)\\gnu arm embedded toolchain\\9 2020-q2-update\\arm-none-eabi\\inc
 297              		.file 10 "c:\\program files (x86)\\gnu arm embedded toolchain\\9 2020-q2-update\\arm-none-eabi\\in
 298              		.file 11 "d:\\practise\\f407_disc\\lvgl\\lvgl\\src\\misc\\lv_color.h"
 299              		.file 12 "d:\\practise\\f407_disc\\lvgl\\lvgl\\src\\misc\\lv_area.h"
 300              		.file 13 "d:\\practise\\f407_disc\\lvgl\\lvgl\\src\\draw\\lv_img_buf.h"
 301              		.file 14 "d:\\practise\\f407_disc\\lvgl\\lvgl\\src/core/lv_obj.h"
 302              		.file 15 "d:\\practise\\f407_disc\\lvgl\\lvgl\\src/core/lv_group.h"
 303              		.file 16 "d:\\practise\\f407_disc\\lvgl\\lvgl\\src\\font\\lv_font.h"
 304              		.file 17 "d:\\practise\\f407_disc\\lvgl\\lvgl\\src\\misc\\lv_txt.h"
 305              		.file 18 "d:\\practise\\f407_disc\\lvgl\\lvgl\\src\\misc\\lv_style.h"
 306              		.file 19 "d:\\practise\\f407_disc\\lvgl\\lvgl\\src/core/lv_obj_scroll.h"
 307              		.file 20 "d:\\practise\\f407_disc\\lvgl\\lvgl\\src/core/lv_obj_style.h"
 308              		.file 21 "d:\\practise\\f407_disc\\lvgl\\lvgl\\src\\draw\\lv_draw_label.h"
 309              		.file 22 "d:\\practise\\f407_disc\\lvgl\\lvgl\\src/core/lv_obj_class.h"
 310              		.file 23 "d:\\practise\\f407_disc\\lvgl\\lvgl\\src/core/lv_event.h"
 311              		.file 24 "d:\\practise\\f407_disc\\lvgl\\lvgl\\src/widgets/lv_arc.h"
 312              		.file 25 "d:\\practise\\f407_disc\\lvgl\\lvgl\\src/widgets/lv_btn.h"
 313              		.file 26 "d:\\practise\\f407_disc\\lvgl\\lvgl\\src/widgets/lv_img.h"
 314              		.file 27 "d:\\practise\\f407_disc\\lvgl\\lvgl\\src/widgets/lv_label.h"
 315              		.file 28 "d:\\practise\\f407_disc\\lvgl\\lvgl\\src/widgets/lv_line.h"
 316              		.file 29 "d:\\practise\\f407_disc\\lvgl\\lvgl\\src/widgets/lv_table.h"
 317              		.file 30 "d:\\practise\\f407_disc\\lvgl\\lvgl\\src/widgets/lv_checkbox.h"
 318              		.file 31 "d:\\practise\\f407_disc\\lvgl\\lvgl\\src/widgets/lv_bar.h"
 319              		.file 32 "d:\\practise\\f407_disc\\lvgl\\lvgl\\src/widgets/lv_slider.h"
 320              		.file 33 "d:\\practise\\f407_disc\\lvgl\\lvgl\\src/widgets/lv_btnmatrix.h"
 321              		.file 34 "d:\\practise\\f407_disc\\lvgl\\lvgl\\src/widgets/lv_dropdown.h"
ARM GAS  C:\Users\gx\AppData\Local\Temp\ccHW8d1g.s 			page 15


 322              		.file 35 "d:\\practise\\f407_disc\\lvgl\\lvgl\\src/widgets/lv_roller.h"
 323              		.file 36 "d:\\practise\\f407_disc\\lvgl\\lvgl\\src/widgets/lv_textarea.h"
 324              		.file 37 "d:\\practise\\f407_disc\\lvgl\\lvgl\\src/widgets/lv_canvas.h"
 325              		.file 38 "d:\\practise\\f407_disc\\lvgl\\lvgl\\src/widgets/lv_switch.h"
 326              		.file 39 "d:\\practise\\f407_disc\\lvgl\\lvgl\\src/extra/widgets/animimg/lv_animimg.h"
 327              		.file 40 "d:\\practise\\f407_disc\\lvgl\\lvgl\\src/extra/widgets/calendar/lv_calendar.h"
 328              		.file 41 "d:\\practise\\f407_disc\\lvgl\\lvgl\\src/extra/widgets/calendar/lv_calendar_header_arrow
 329              		.file 42 "d:\\practise\\f407_disc\\lvgl\\lvgl\\src/extra/widgets/calendar/lv_calendar_header_dropd
 330              		.file 43 "d:\\practise\\f407_disc\\lvgl\\lvgl\\src/extra/widgets/chart/lv_chart.h"
 331              		.file 44 "d:\\practise\\f407_disc\\lvgl\\lvgl\\src/extra/widgets/keyboard/lv_keyboard.h"
 332              		.file 45 "d:\\practise\\f407_disc\\lvgl\\lvgl\\src\\extra\\layouts\\flex\\lv_flex.h"
 333              		.file 46 "d:\\practise\\f407_disc\\lvgl\\lvgl\\src/extra/widgets/list/lv_list.h"
 334              		.file 47 "d:\\practise\\f407_disc\\lvgl\\lvgl\\src/extra/widgets/msgbox/lv_msgbox.h"
 335              		.file 48 "d:\\practise\\f407_disc\\lvgl\\lvgl\\src/extra/widgets/meter/lv_meter.h"
 336              		.file 49 "d:\\practise\\f407_disc\\lvgl\\lvgl\\src/extra/widgets/spinbox/lv_spinbox.h"
 337              		.file 50 "d:\\practise\\f407_disc\\lvgl\\lvgl\\src/extra/widgets/spinner/lv_spinner.h"
 338              		.file 51 "d:\\practise\\f407_disc\\lvgl\\lvgl\\src/extra/widgets/tabview/lv_tabview.h"
 339              		.file 52 "d:\\practise\\f407_disc\\lvgl\\lvgl\\src/extra/widgets/tileview/lv_tileview.h"
 340              		.file 53 "d:\\practise\\f407_disc\\lvgl\\lvgl\\src/extra/widgets/win/lv_win.h"
 341              		.file 54 "d:\\practise\\f407_disc\\lvgl\\lvgl\\src/extra/widgets/colorwheel/lv_colorwheel.h"
 342              		.file 55 "d:\\practise\\f407_disc\\lvgl\\lvgl\\src/extra/widgets/led/lv_led.h"
 343              		.file 56 "d:\\practise\\f407_disc\\lvgl\\lvgl\\src/extra/widgets/imgbtn/lv_imgbtn.h"
 344              		.file 57 "d:\\practise\\f407_disc\\lvgl\\lvgl\\src/extra/widgets/span/lv_span.h"
 345              		.file 58 "d:\\practise\\f407_disc\\lvgl\\lvgl\\src/extra/layouts/grid/lv_grid.h"
 346              		.file 59 "d:\\practise\\f407_disc\\lvgl\\lvgl\\src/hal/lv_hal_disp.h"
 347              		.file 60 "d:\\practise\\f407_disc\\lvgl\\lvgl\\src/core/lv_obj_pos.h"
ARM GAS  C:\Users\gx\AppData\Local\Temp\ccHW8d1g.s 			page 16


DEFINED SYMBOLS
                            *ABS*:00000000 lv_example_img_3.c
C:\Users\gx\AppData\Local\Temp\ccHW8d1g.s:18     .text.set_zoom:00000000 $t
C:\Users\gx\AppData\Local\Temp\ccHW8d1g.s:25     .text.set_zoom:00000000 set_zoom
C:\Users\gx\AppData\Local\Temp\ccHW8d1g.s:51     .text.set_angle:00000000 $t
C:\Users\gx\AppData\Local\Temp\ccHW8d1g.s:57     .text.set_angle:00000000 set_angle
C:\Users\gx\AppData\Local\Temp\ccHW8d1g.s:82     .text.lv_example_img_3:00000000 $t
C:\Users\gx\AppData\Local\Temp\ccHW8d1g.s:89     .text.lv_example_img_3:00000000 lv_example_img_3
C:\Users\gx\AppData\Local\Temp\ccHW8d1g.s:283    .text.lv_example_img_3:0000007c $d

UNDEFINED SYMBOLS
lv_img_set_zoom
lv_img_set_angle
lv_disp_get_default
lv_disp_get_scr_act
lv_img_create
lv_img_set_src
lv_obj_align
lv_img_set_pivot
lv_anim_init
lv_anim_start
img_cogwheel_argb
