ARM GAS  C:\Users\gx\AppData\Local\Temp\ccNbUL6F.s 			page 1


   1              		.cpu cortex-m4
   2              		.eabi_attribute 27, 1
   3              		.eabi_attribute 28, 1
   4              		.eabi_attribute 20, 1
   5              		.eabi_attribute 21, 1
   6              		.eabi_attribute 23, 3
   7              		.eabi_attribute 24, 1
   8              		.eabi_attribute 25, 1
   9              		.eabi_attribute 26, 1
  10              		.eabi_attribute 30, 1
  11              		.eabi_attribute 34, 1
  12              		.eabi_attribute 18, 4
  13              		.file	"lv_example_dropdown_1.c"
  14              		.text
  15              	.Ltext0:
  16              		.cfi_sections	.debug_frame
  17              		.section	.rodata.event_handler.str1.4,"aMS",%progbits,1
  18              		.align	2
  19              	.LC0:
  20 0000 6C76676C 		.ascii	"lvgl/lvgl/examples/widgets/dropdown/lv_example_drop"
  20      2F6C7667 
  20      6C2F6578 
  20      616D706C 
  20      65732F77 
  21 0033 646F776E 		.ascii	"down_1.c\000"
  21      5F312E63 
  21      00
  22              		.align	2
  23              	.LC1:
  24 003c 4F707469 		.ascii	"Option: %s\000"
  24      6F6E3A20 
  24      257300
  25              		.section	.text.event_handler,"ax",%progbits
  26              		.align	1
  27              		.arch armv7e-m
  28              		.syntax unified
  29              		.thumb
  30              		.thumb_func
  31              		.fpu fpv4-sp-d16
  33              	event_handler:
  34              	.LVL0:
  35              	.LFB189:
  36              		.file 1 "lvgl/lvgl/examples/widgets/dropdown/lv_example_dropdown_1.c"
   1:lvgl/lvgl/examples/widgets/dropdown/lv_example_dropdown_1.c **** #include "../../lv_examples.h"
   2:lvgl/lvgl/examples/widgets/dropdown/lv_example_dropdown_1.c **** #if LV_USE_DROPDOWN && LV_BUILD_EXAMPLES
   3:lvgl/lvgl/examples/widgets/dropdown/lv_example_dropdown_1.c **** 
   4:lvgl/lvgl/examples/widgets/dropdown/lv_example_dropdown_1.c **** static void event_handler(lv_event_t * e)
   5:lvgl/lvgl/examples/widgets/dropdown/lv_example_dropdown_1.c **** {
  37              		.loc 1 5 1 view -0
  38              		.cfi_startproc
  39              		@ args = 0, pretend = 0, frame = 32
  40              		@ frame_needed = 0, uses_anonymous_args = 0
  41              		.loc 1 5 1 is_stmt 0 view .LVU1
  42 0000 30B5     		push	{r4, r5, lr}
  43              	.LCFI0:
  44              		.cfi_def_cfa_offset 12
  45              		.cfi_offset 4, -12
ARM GAS  C:\Users\gx\AppData\Local\Temp\ccNbUL6F.s 			page 2


  46              		.cfi_offset 5, -8
  47              		.cfi_offset 14, -4
  48 0002 8BB0     		sub	sp, sp, #44
  49              	.LCFI1:
  50              		.cfi_def_cfa_offset 56
  51 0004 0546     		mov	r5, r0
   6:lvgl/lvgl/examples/widgets/dropdown/lv_example_dropdown_1.c ****     lv_event_code_t code = lv_event_get_code(e);
  52              		.loc 1 6 5 is_stmt 1 view .LVU2
  53              		.loc 1 6 28 is_stmt 0 view .LVU3
  54 0006 FFF7FEFF 		bl	lv_event_get_code
  55              	.LVL1:
  56              		.loc 1 6 28 view .LVU4
  57 000a 0446     		mov	r4, r0
  58              	.LVL2:
   7:lvgl/lvgl/examples/widgets/dropdown/lv_example_dropdown_1.c ****     lv_obj_t * obj = lv_event_get_target(e);
  59              		.loc 1 7 5 is_stmt 1 view .LVU5
  60              		.loc 1 7 22 is_stmt 0 view .LVU6
  61 000c 2846     		mov	r0, r5
  62 000e FFF7FEFF 		bl	lv_event_get_target
  63              	.LVL3:
   8:lvgl/lvgl/examples/widgets/dropdown/lv_example_dropdown_1.c ****     if(code == LV_EVENT_VALUE_CHANGED) {
  64              		.loc 1 8 5 is_stmt 1 view .LVU7
  65              		.loc 1 8 7 is_stmt 0 view .LVU8
  66 0012 1C2C     		cmp	r4, #28
  67 0014 01D0     		beq	.L4
  68              	.LVL4:
  69              	.L1:
   9:lvgl/lvgl/examples/widgets/dropdown/lv_example_dropdown_1.c ****         char buf[32];
  10:lvgl/lvgl/examples/widgets/dropdown/lv_example_dropdown_1.c ****         lv_dropdown_get_selected_str(obj, buf, sizeof(buf));
  11:lvgl/lvgl/examples/widgets/dropdown/lv_example_dropdown_1.c ****         LV_LOG_USER("Option: %s", buf);
  12:lvgl/lvgl/examples/widgets/dropdown/lv_example_dropdown_1.c ****     }
  13:lvgl/lvgl/examples/widgets/dropdown/lv_example_dropdown_1.c **** }
  70              		.loc 1 13 1 view .LVU9
  71 0016 0BB0     		add	sp, sp, #44
  72              	.LCFI2:
  73              		.cfi_remember_state
  74              		.cfi_def_cfa_offset 12
  75              		@ sp needed
  76 0018 30BD     		pop	{r4, r5, pc}
  77              	.LVL5:
  78              	.L4:
  79              	.LCFI3:
  80              		.cfi_restore_state
  81              	.LBB4:
   9:lvgl/lvgl/examples/widgets/dropdown/lv_example_dropdown_1.c ****         char buf[32];
  82              		.loc 1 9 9 is_stmt 1 view .LVU10
  10:lvgl/lvgl/examples/widgets/dropdown/lv_example_dropdown_1.c ****         LV_LOG_USER("Option: %s", buf);
  83              		.loc 1 10 9 view .LVU11
  84 001a 02AC     		add	r4, sp, #8
  85              	.LVL6:
  10:lvgl/lvgl/examples/widgets/dropdown/lv_example_dropdown_1.c ****         LV_LOG_USER("Option: %s", buf);
  86              		.loc 1 10 9 is_stmt 0 view .LVU12
  87 001c 2022     		movs	r2, #32
  88 001e 2146     		mov	r1, r4
  89 0020 FFF7FEFF 		bl	lv_dropdown_get_selected_str
  90              	.LVL7:
  11:lvgl/lvgl/examples/widgets/dropdown/lv_example_dropdown_1.c ****     }
ARM GAS  C:\Users\gx\AppData\Local\Temp\ccNbUL6F.s 			page 3


  91              		.loc 1 11 9 is_stmt 1 view .LVU13
  92 0024 0194     		str	r4, [sp, #4]
  93 0026 044B     		ldr	r3, .L5
  94 0028 0093     		str	r3, [sp]
  95 002a 044B     		ldr	r3, .L5+4
  96 002c 0B22     		movs	r2, #11
  97 002e 0449     		ldr	r1, .L5+8
  98 0030 0420     		movs	r0, #4
  99 0032 FFF7FEFF 		bl	_lv_log_add
 100              	.LVL8:
  11:lvgl/lvgl/examples/widgets/dropdown/lv_example_dropdown_1.c ****     }
 101              		.loc 1 11 39 view .LVU14
 102              	.LBE4:
 103              		.loc 1 13 1 is_stmt 0 view .LVU15
 104 0036 EEE7     		b	.L1
 105              	.L6:
 106              		.align	2
 107              	.L5:
 108 0038 3C000000 		.word	.LC1
 109 003c 00000000 		.word	.LANCHOR0
 110 0040 00000000 		.word	.LC0
 111              		.cfi_endproc
 112              	.LFE189:
 114              		.section	.rodata.lv_example_dropdown_1.str1.4,"aMS",%progbits,1
 115              		.align	2
 116              	.LC2:
 117 0000 4170706C 		.ascii	"Apple\012Banana\012Orange\012Cherry\012Grape\012Ras"
 117      650A4261 
 117      6E616E61 
 117      0A4F7261 
 117      6E67650A 
 118 0024 70626572 		.ascii	"pberry\012Melon\012Orange\012Lemon\012Nuts\000"
 118      72790A4D 
 118      656C6F6E 
 118      0A4F7261 
 118      6E67650A 
 119              		.section	.text.lv_example_dropdown_1,"ax",%progbits
 120              		.align	1
 121              		.global	lv_example_dropdown_1
 122              		.syntax unified
 123              		.thumb
 124              		.thumb_func
 125              		.fpu fpv4-sp-d16
 127              	lv_example_dropdown_1:
 128              	.LFB190:
  14:lvgl/lvgl/examples/widgets/dropdown/lv_example_dropdown_1.c **** 
  15:lvgl/lvgl/examples/widgets/dropdown/lv_example_dropdown_1.c **** void lv_example_dropdown_1(void)
  16:lvgl/lvgl/examples/widgets/dropdown/lv_example_dropdown_1.c **** {
 129              		.loc 1 16 1 is_stmt 1 view -0
 130              		.cfi_startproc
 131              		@ args = 0, pretend = 0, frame = 0
 132              		@ frame_needed = 0, uses_anonymous_args = 0
 133 0000 10B5     		push	{r4, lr}
 134              	.LCFI4:
 135              		.cfi_def_cfa_offset 8
 136              		.cfi_offset 4, -8
 137              		.cfi_offset 14, -4
ARM GAS  C:\Users\gx\AppData\Local\Temp\ccNbUL6F.s 			page 4


  17:lvgl/lvgl/examples/widgets/dropdown/lv_example_dropdown_1.c **** 
  18:lvgl/lvgl/examples/widgets/dropdown/lv_example_dropdown_1.c ****     /*Create a normal drop down list*/
  19:lvgl/lvgl/examples/widgets/dropdown/lv_example_dropdown_1.c ****     lv_obj_t * dd = lv_dropdown_create(lv_scr_act());
 138              		.loc 1 19 5 view .LVU17
 139              	.LBB5:
 140              	.LBI5:
 141              		.file 2 "d:\\practise\\f407_disc\\lvgl\\lvgl\\src/core/lv_disp.h"
   1:d:\practise\f407_disc\lvgl\lvgl\src/core\lv_disp.h **** /**
   2:d:\practise\f407_disc\lvgl\lvgl\src/core\lv_disp.h ****  * @file lv_disp.h
   3:d:\practise\f407_disc\lvgl\lvgl\src/core\lv_disp.h ****  *
   4:d:\practise\f407_disc\lvgl\lvgl\src/core\lv_disp.h ****  */
   5:d:\practise\f407_disc\lvgl\lvgl\src/core\lv_disp.h **** 
   6:d:\practise\f407_disc\lvgl\lvgl\src/core\lv_disp.h **** #ifndef LV_DISP_H
   7:d:\practise\f407_disc\lvgl\lvgl\src/core\lv_disp.h **** #define LV_DISP_H
   8:d:\practise\f407_disc\lvgl\lvgl\src/core\lv_disp.h **** 
   9:d:\practise\f407_disc\lvgl\lvgl\src/core\lv_disp.h **** #ifdef __cplusplus
  10:d:\practise\f407_disc\lvgl\lvgl\src/core\lv_disp.h **** extern "C" {
  11:d:\practise\f407_disc\lvgl\lvgl\src/core\lv_disp.h **** #endif
  12:d:\practise\f407_disc\lvgl\lvgl\src/core\lv_disp.h **** 
  13:d:\practise\f407_disc\lvgl\lvgl\src/core\lv_disp.h **** /*********************
  14:d:\practise\f407_disc\lvgl\lvgl\src/core\lv_disp.h ****  *      INCLUDES
  15:d:\practise\f407_disc\lvgl\lvgl\src/core\lv_disp.h ****  *********************/
  16:d:\practise\f407_disc\lvgl\lvgl\src/core\lv_disp.h **** #include "../hal/lv_hal.h"
  17:d:\practise\f407_disc\lvgl\lvgl\src/core\lv_disp.h **** #include "lv_obj.h"
  18:d:\practise\f407_disc\lvgl\lvgl\src/core\lv_disp.h **** #include "lv_theme.h"
  19:d:\practise\f407_disc\lvgl\lvgl\src/core\lv_disp.h **** 
  20:d:\practise\f407_disc\lvgl\lvgl\src/core\lv_disp.h **** /*********************
  21:d:\practise\f407_disc\lvgl\lvgl\src/core\lv_disp.h ****  *      DEFINES
  22:d:\practise\f407_disc\lvgl\lvgl\src/core\lv_disp.h ****  *********************/
  23:d:\practise\f407_disc\lvgl\lvgl\src/core\lv_disp.h **** 
  24:d:\practise\f407_disc\lvgl\lvgl\src/core\lv_disp.h **** /**********************
  25:d:\practise\f407_disc\lvgl\lvgl\src/core\lv_disp.h ****  *      TYPEDEFS
  26:d:\practise\f407_disc\lvgl\lvgl\src/core\lv_disp.h ****  **********************/
  27:d:\practise\f407_disc\lvgl\lvgl\src/core\lv_disp.h **** 
  28:d:\practise\f407_disc\lvgl\lvgl\src/core\lv_disp.h **** typedef enum {
  29:d:\practise\f407_disc\lvgl\lvgl\src/core\lv_disp.h ****     LV_SCR_LOAD_ANIM_NONE,
  30:d:\practise\f407_disc\lvgl\lvgl\src/core\lv_disp.h ****     LV_SCR_LOAD_ANIM_OVER_LEFT,
  31:d:\practise\f407_disc\lvgl\lvgl\src/core\lv_disp.h ****     LV_SCR_LOAD_ANIM_OVER_RIGHT,
  32:d:\practise\f407_disc\lvgl\lvgl\src/core\lv_disp.h ****     LV_SCR_LOAD_ANIM_OVER_TOP,
  33:d:\practise\f407_disc\lvgl\lvgl\src/core\lv_disp.h ****     LV_SCR_LOAD_ANIM_OVER_BOTTOM,
  34:d:\practise\f407_disc\lvgl\lvgl\src/core\lv_disp.h ****     LV_SCR_LOAD_ANIM_MOVE_LEFT,
  35:d:\practise\f407_disc\lvgl\lvgl\src/core\lv_disp.h ****     LV_SCR_LOAD_ANIM_MOVE_RIGHT,
  36:d:\practise\f407_disc\lvgl\lvgl\src/core\lv_disp.h ****     LV_SCR_LOAD_ANIM_MOVE_TOP,
  37:d:\practise\f407_disc\lvgl\lvgl\src/core\lv_disp.h ****     LV_SCR_LOAD_ANIM_MOVE_BOTTOM,
  38:d:\practise\f407_disc\lvgl\lvgl\src/core\lv_disp.h ****     LV_SCR_LOAD_ANIM_FADE_ON,
  39:d:\practise\f407_disc\lvgl\lvgl\src/core\lv_disp.h **** } lv_scr_load_anim_t;
  40:d:\practise\f407_disc\lvgl\lvgl\src/core\lv_disp.h **** 
  41:d:\practise\f407_disc\lvgl\lvgl\src/core\lv_disp.h **** /**********************
  42:d:\practise\f407_disc\lvgl\lvgl\src/core\lv_disp.h ****  * GLOBAL PROTOTYPES
  43:d:\practise\f407_disc\lvgl\lvgl\src/core\lv_disp.h ****  **********************/
  44:d:\practise\f407_disc\lvgl\lvgl\src/core\lv_disp.h **** 
  45:d:\practise\f407_disc\lvgl\lvgl\src/core\lv_disp.h **** /**
  46:d:\practise\f407_disc\lvgl\lvgl\src/core\lv_disp.h ****  * Return with a pointer to the active screen
  47:d:\practise\f407_disc\lvgl\lvgl\src/core\lv_disp.h ****  * @param disp pointer to display which active screen should be get. (NULL to use the default
  48:d:\practise\f407_disc\lvgl\lvgl\src/core\lv_disp.h ****  * screen)
  49:d:\practise\f407_disc\lvgl\lvgl\src/core\lv_disp.h ****  * @return pointer to the active screen object (loaded by 'lv_scr_load()')
  50:d:\practise\f407_disc\lvgl\lvgl\src/core\lv_disp.h ****  */
ARM GAS  C:\Users\gx\AppData\Local\Temp\ccNbUL6F.s 			page 5


  51:d:\practise\f407_disc\lvgl\lvgl\src/core\lv_disp.h **** lv_obj_t * lv_disp_get_scr_act(lv_disp_t * disp);
  52:d:\practise\f407_disc\lvgl\lvgl\src/core\lv_disp.h **** 
  53:d:\practise\f407_disc\lvgl\lvgl\src/core\lv_disp.h **** /**
  54:d:\practise\f407_disc\lvgl\lvgl\src/core\lv_disp.h ****  * Return with a pointer to the previous screen. Only used during screen transitions.
  55:d:\practise\f407_disc\lvgl\lvgl\src/core\lv_disp.h ****  * @param disp pointer to display which previous screen should be get. (NULL to use the default
  56:d:\practise\f407_disc\lvgl\lvgl\src/core\lv_disp.h ****  * screen)
  57:d:\practise\f407_disc\lvgl\lvgl\src/core\lv_disp.h ****  * @return pointer to the previous screen object or NULL if not used now
  58:d:\practise\f407_disc\lvgl\lvgl\src/core\lv_disp.h ****  */
  59:d:\practise\f407_disc\lvgl\lvgl\src/core\lv_disp.h **** lv_obj_t * lv_disp_get_scr_prev(lv_disp_t * disp);
  60:d:\practise\f407_disc\lvgl\lvgl\src/core\lv_disp.h **** 
  61:d:\practise\f407_disc\lvgl\lvgl\src/core\lv_disp.h **** /**
  62:d:\practise\f407_disc\lvgl\lvgl\src/core\lv_disp.h ****  * Make a screen active
  63:d:\practise\f407_disc\lvgl\lvgl\src/core\lv_disp.h ****  * @param scr pointer to a screen
  64:d:\practise\f407_disc\lvgl\lvgl\src/core\lv_disp.h ****  */
  65:d:\practise\f407_disc\lvgl\lvgl\src/core\lv_disp.h **** void lv_disp_load_scr(lv_obj_t * scr);
  66:d:\practise\f407_disc\lvgl\lvgl\src/core\lv_disp.h **** 
  67:d:\practise\f407_disc\lvgl\lvgl\src/core\lv_disp.h **** /**
  68:d:\practise\f407_disc\lvgl\lvgl\src/core\lv_disp.h ****  * Return with the top layer. (Same on every screen and it is above the normal screen layer)
  69:d:\practise\f407_disc\lvgl\lvgl\src/core\lv_disp.h ****  * @param disp pointer to display which top layer should be get. (NULL to use the default screen)
  70:d:\practise\f407_disc\lvgl\lvgl\src/core\lv_disp.h ****  * @return pointer to the top layer object  (transparent screen sized lv_obj)
  71:d:\practise\f407_disc\lvgl\lvgl\src/core\lv_disp.h ****  */
  72:d:\practise\f407_disc\lvgl\lvgl\src/core\lv_disp.h **** lv_obj_t * lv_disp_get_layer_top(lv_disp_t * disp);
  73:d:\practise\f407_disc\lvgl\lvgl\src/core\lv_disp.h **** 
  74:d:\practise\f407_disc\lvgl\lvgl\src/core\lv_disp.h **** /**
  75:d:\practise\f407_disc\lvgl\lvgl\src/core\lv_disp.h ****  * Return with the sys. layer. (Same on every screen and it is above the normal screen and the top
  76:d:\practise\f407_disc\lvgl\lvgl\src/core\lv_disp.h ****  * layer)
  77:d:\practise\f407_disc\lvgl\lvgl\src/core\lv_disp.h ****  * @param disp pointer to display which sys. layer  should be get. (NULL to use the default screen)
  78:d:\practise\f407_disc\lvgl\lvgl\src/core\lv_disp.h ****  * @return pointer to the sys layer object  (transparent screen sized lv_obj)
  79:d:\practise\f407_disc\lvgl\lvgl\src/core\lv_disp.h ****  */
  80:d:\practise\f407_disc\lvgl\lvgl\src/core\lv_disp.h **** lv_obj_t * lv_disp_get_layer_sys(lv_disp_t * disp);
  81:d:\practise\f407_disc\lvgl\lvgl\src/core\lv_disp.h **** 
  82:d:\practise\f407_disc\lvgl\lvgl\src/core\lv_disp.h **** /**
  83:d:\practise\f407_disc\lvgl\lvgl\src/core\lv_disp.h ****  * Get the theme of a display
  84:d:\practise\f407_disc\lvgl\lvgl\src/core\lv_disp.h ****  * @param disp pointer to a display
  85:d:\practise\f407_disc\lvgl\lvgl\src/core\lv_disp.h ****  * @return the display's theme (can be NULL)
  86:d:\practise\f407_disc\lvgl\lvgl\src/core\lv_disp.h ****  */
  87:d:\practise\f407_disc\lvgl\lvgl\src/core\lv_disp.h **** void lv_disp_set_theme(lv_disp_t * disp, lv_theme_t * th);
  88:d:\practise\f407_disc\lvgl\lvgl\src/core\lv_disp.h **** 
  89:d:\practise\f407_disc\lvgl\lvgl\src/core\lv_disp.h **** /**
  90:d:\practise\f407_disc\lvgl\lvgl\src/core\lv_disp.h ****  * Get the theme of a display
  91:d:\practise\f407_disc\lvgl\lvgl\src/core\lv_disp.h ****  * @param disp pointer to a display
  92:d:\practise\f407_disc\lvgl\lvgl\src/core\lv_disp.h ****  * @return the display's theme (can be NULL)
  93:d:\practise\f407_disc\lvgl\lvgl\src/core\lv_disp.h ****  */
  94:d:\practise\f407_disc\lvgl\lvgl\src/core\lv_disp.h **** lv_theme_t * lv_disp_get_theme(lv_disp_t * disp);
  95:d:\practise\f407_disc\lvgl\lvgl\src/core\lv_disp.h **** 
  96:d:\practise\f407_disc\lvgl\lvgl\src/core\lv_disp.h **** /**
  97:d:\practise\f407_disc\lvgl\lvgl\src/core\lv_disp.h ****  * Set the background color of a display
  98:d:\practise\f407_disc\lvgl\lvgl\src/core\lv_disp.h ****  * @param disp pointer to a display
  99:d:\practise\f407_disc\lvgl\lvgl\src/core\lv_disp.h ****  * @param color color of the background
 100:d:\practise\f407_disc\lvgl\lvgl\src/core\lv_disp.h ****  */
 101:d:\practise\f407_disc\lvgl\lvgl\src/core\lv_disp.h **** void lv_disp_set_bg_color(lv_disp_t * disp, lv_color_t color);
 102:d:\practise\f407_disc\lvgl\lvgl\src/core\lv_disp.h **** 
 103:d:\practise\f407_disc\lvgl\lvgl\src/core\lv_disp.h **** /**
 104:d:\practise\f407_disc\lvgl\lvgl\src/core\lv_disp.h ****  * Set the background image of a display
 105:d:\practise\f407_disc\lvgl\lvgl\src/core\lv_disp.h ****  * @param disp pointer to a display
 106:d:\practise\f407_disc\lvgl\lvgl\src/core\lv_disp.h ****  * @param img_src path to file or pointer to an `lv_img_dsc_t` variable
 107:d:\practise\f407_disc\lvgl\lvgl\src/core\lv_disp.h ****  */
ARM GAS  C:\Users\gx\AppData\Local\Temp\ccNbUL6F.s 			page 6


 108:d:\practise\f407_disc\lvgl\lvgl\src/core\lv_disp.h **** void lv_disp_set_bg_image(lv_disp_t * disp, const void  * img_src);
 109:d:\practise\f407_disc\lvgl\lvgl\src/core\lv_disp.h **** 
 110:d:\practise\f407_disc\lvgl\lvgl\src/core\lv_disp.h **** /**
 111:d:\practise\f407_disc\lvgl\lvgl\src/core\lv_disp.h ****  * Opacity of the background
 112:d:\practise\f407_disc\lvgl\lvgl\src/core\lv_disp.h ****  * @param disp pointer to a display
 113:d:\practise\f407_disc\lvgl\lvgl\src/core\lv_disp.h ****  * @param opa opacity (0..255)
 114:d:\practise\f407_disc\lvgl\lvgl\src/core\lv_disp.h ****  */
 115:d:\practise\f407_disc\lvgl\lvgl\src/core\lv_disp.h **** void lv_disp_set_bg_opa(lv_disp_t * disp, lv_opa_t opa);
 116:d:\practise\f407_disc\lvgl\lvgl\src/core\lv_disp.h **** 
 117:d:\practise\f407_disc\lvgl\lvgl\src/core\lv_disp.h **** /**
 118:d:\practise\f407_disc\lvgl\lvgl\src/core\lv_disp.h ****  * Switch screen with animation
 119:d:\practise\f407_disc\lvgl\lvgl\src/core\lv_disp.h ****  * @param scr pointer to the new screen to load
 120:d:\practise\f407_disc\lvgl\lvgl\src/core\lv_disp.h ****  * @param anim_type type of the animation from `lv_scr_load_anim_t`. E.g.  `LV_SCR_LOAD_ANIM_MOVE_L
 121:d:\practise\f407_disc\lvgl\lvgl\src/core\lv_disp.h ****  * @param time time of the animation
 122:d:\practise\f407_disc\lvgl\lvgl\src/core\lv_disp.h ****  * @param delay delay before the transition
 123:d:\practise\f407_disc\lvgl\lvgl\src/core\lv_disp.h ****  * @param auto_del true: automatically delete the old screen
 124:d:\practise\f407_disc\lvgl\lvgl\src/core\lv_disp.h ****  */
 125:d:\practise\f407_disc\lvgl\lvgl\src/core\lv_disp.h **** void lv_scr_load_anim(lv_obj_t * scr, lv_scr_load_anim_t anim_type, uint32_t time, uint32_t delay, 
 126:d:\practise\f407_disc\lvgl\lvgl\src/core\lv_disp.h **** 
 127:d:\practise\f407_disc\lvgl\lvgl\src/core\lv_disp.h **** /**
 128:d:\practise\f407_disc\lvgl\lvgl\src/core\lv_disp.h ****  * Get elapsed time since last user activity on a display (e.g. click)
 129:d:\practise\f407_disc\lvgl\lvgl\src/core\lv_disp.h ****  * @param disp pointer to an display (NULL to get the overall smallest inactivity)
 130:d:\practise\f407_disc\lvgl\lvgl\src/core\lv_disp.h ****  * @return elapsed ticks (milliseconds) since the last activity
 131:d:\practise\f407_disc\lvgl\lvgl\src/core\lv_disp.h ****  */
 132:d:\practise\f407_disc\lvgl\lvgl\src/core\lv_disp.h **** uint32_t lv_disp_get_inactive_time(const lv_disp_t * disp);
 133:d:\practise\f407_disc\lvgl\lvgl\src/core\lv_disp.h **** 
 134:d:\practise\f407_disc\lvgl\lvgl\src/core\lv_disp.h **** /**
 135:d:\practise\f407_disc\lvgl\lvgl\src/core\lv_disp.h ****  * Manually trigger an activity on a display
 136:d:\practise\f407_disc\lvgl\lvgl\src/core\lv_disp.h ****  * @param disp pointer to an display (NULL to use the default display)
 137:d:\practise\f407_disc\lvgl\lvgl\src/core\lv_disp.h ****  */
 138:d:\practise\f407_disc\lvgl\lvgl\src/core\lv_disp.h **** void lv_disp_trig_activity(lv_disp_t * disp);
 139:d:\practise\f407_disc\lvgl\lvgl\src/core\lv_disp.h **** 
 140:d:\practise\f407_disc\lvgl\lvgl\src/core\lv_disp.h **** /**
 141:d:\practise\f407_disc\lvgl\lvgl\src/core\lv_disp.h ****  * Clean any CPU cache that is related to the display.
 142:d:\practise\f407_disc\lvgl\lvgl\src/core\lv_disp.h ****  * @param disp pointer to an display (NULL to use the default display)
 143:d:\practise\f407_disc\lvgl\lvgl\src/core\lv_disp.h ****  */
 144:d:\practise\f407_disc\lvgl\lvgl\src/core\lv_disp.h **** void lv_disp_clean_dcache(lv_disp_t * disp);
 145:d:\practise\f407_disc\lvgl\lvgl\src/core\lv_disp.h **** 
 146:d:\practise\f407_disc\lvgl\lvgl\src/core\lv_disp.h **** /**
 147:d:\practise\f407_disc\lvgl\lvgl\src/core\lv_disp.h ****  * Get a pointer to the screen refresher timer to
 148:d:\practise\f407_disc\lvgl\lvgl\src/core\lv_disp.h ****  * modify its parameters with `lv_timer_...` functions.
 149:d:\practise\f407_disc\lvgl\lvgl\src/core\lv_disp.h ****  * @param disp pointer to a display
 150:d:\practise\f407_disc\lvgl\lvgl\src/core\lv_disp.h ****  * @return pointer to the display refresher timer. (NULL on error)
 151:d:\practise\f407_disc\lvgl\lvgl\src/core\lv_disp.h ****  */
 152:d:\practise\f407_disc\lvgl\lvgl\src/core\lv_disp.h **** lv_timer_t * _lv_disp_get_refr_timer(lv_disp_t * disp);
 153:d:\practise\f407_disc\lvgl\lvgl\src/core\lv_disp.h **** 
 154:d:\practise\f407_disc\lvgl\lvgl\src/core\lv_disp.h **** /*------------------------------------------------
 155:d:\practise\f407_disc\lvgl\lvgl\src/core\lv_disp.h ****  * To improve backward compatibility
 156:d:\practise\f407_disc\lvgl\lvgl\src/core\lv_disp.h ****  * Recommended only if you have one display
 157:d:\practise\f407_disc\lvgl\lvgl\src/core\lv_disp.h ****  *------------------------------------------------*/
 158:d:\practise\f407_disc\lvgl\lvgl\src/core\lv_disp.h **** 
 159:d:\practise\f407_disc\lvgl\lvgl\src/core\lv_disp.h **** /**
 160:d:\practise\f407_disc\lvgl\lvgl\src/core\lv_disp.h ****  * Get the active screen of the default display
 161:d:\practise\f407_disc\lvgl\lvgl\src/core\lv_disp.h ****  * @return pointer to the active screen
 162:d:\practise\f407_disc\lvgl\lvgl\src/core\lv_disp.h ****  */
 163:d:\practise\f407_disc\lvgl\lvgl\src/core\lv_disp.h **** static inline lv_obj_t * lv_scr_act(void)
 142              		.loc 2 163 26 view .LVU18
ARM GAS  C:\Users\gx\AppData\Local\Temp\ccNbUL6F.s 			page 7


 143              	.LBB6:
 164:d:\practise\f407_disc\lvgl\lvgl\src/core\lv_disp.h **** {
 165:d:\practise\f407_disc\lvgl\lvgl\src/core\lv_disp.h ****     return lv_disp_get_scr_act(lv_disp_get_default());
 144              		.loc 2 165 5 view .LVU19
 145              		.loc 2 165 12 is_stmt 0 view .LVU20
 146 0002 FFF7FEFF 		bl	lv_disp_get_default
 147              	.LVL9:
 148 0006 FFF7FEFF 		bl	lv_disp_get_scr_act
 149              	.LVL10:
 150              	.LBE6:
 151              	.LBE5:
 152              		.loc 1 19 21 view .LVU21
 153 000a FFF7FEFF 		bl	lv_dropdown_create
 154              	.LVL11:
 155 000e 0446     		mov	r4, r0
 156              	.LVL12:
  20:lvgl/lvgl/examples/widgets/dropdown/lv_example_dropdown_1.c ****     lv_dropdown_set_options(dd, "Apple\n"
 157              		.loc 1 20 5 is_stmt 1 view .LVU22
 158 0010 0749     		ldr	r1, .L9
 159 0012 FFF7FEFF 		bl	lv_dropdown_set_options
 160              	.LVL13:
  21:lvgl/lvgl/examples/widgets/dropdown/lv_example_dropdown_1.c ****                                 "Banana\n"
  22:lvgl/lvgl/examples/widgets/dropdown/lv_example_dropdown_1.c ****                                 "Orange\n"
  23:lvgl/lvgl/examples/widgets/dropdown/lv_example_dropdown_1.c ****                                 "Cherry\n"
  24:lvgl/lvgl/examples/widgets/dropdown/lv_example_dropdown_1.c ****                                 "Grape\n"
  25:lvgl/lvgl/examples/widgets/dropdown/lv_example_dropdown_1.c ****                                 "Raspberry\n"
  26:lvgl/lvgl/examples/widgets/dropdown/lv_example_dropdown_1.c ****                                 "Melon\n"
  27:lvgl/lvgl/examples/widgets/dropdown/lv_example_dropdown_1.c ****                                 "Orange\n"
  28:lvgl/lvgl/examples/widgets/dropdown/lv_example_dropdown_1.c ****                                 "Lemon\n"
  29:lvgl/lvgl/examples/widgets/dropdown/lv_example_dropdown_1.c ****                                 "Nuts");
  30:lvgl/lvgl/examples/widgets/dropdown/lv_example_dropdown_1.c **** 
  31:lvgl/lvgl/examples/widgets/dropdown/lv_example_dropdown_1.c ****     lv_obj_align(dd, LV_ALIGN_TOP_MID, 0, 20);
 161              		.loc 1 31 5 view .LVU23
 162 0016 1423     		movs	r3, #20
 163 0018 0022     		movs	r2, #0
 164 001a 0221     		movs	r1, #2
 165 001c 2046     		mov	r0, r4
 166 001e FFF7FEFF 		bl	lv_obj_align
 167              	.LVL14:
  32:lvgl/lvgl/examples/widgets/dropdown/lv_example_dropdown_1.c ****     lv_obj_add_event_cb(dd, event_handler, LV_EVENT_ALL, NULL);
 168              		.loc 1 32 5 view .LVU24
 169 0022 0023     		movs	r3, #0
 170 0024 1A46     		mov	r2, r3
 171 0026 0349     		ldr	r1, .L9+4
 172 0028 2046     		mov	r0, r4
 173 002a FFF7FEFF 		bl	lv_obj_add_event_cb
 174              	.LVL15:
  33:lvgl/lvgl/examples/widgets/dropdown/lv_example_dropdown_1.c **** }
 175              		.loc 1 33 1 is_stmt 0 view .LVU25
 176 002e 10BD     		pop	{r4, pc}
 177              	.LVL16:
 178              	.L10:
 179              		.loc 1 33 1 view .LVU26
 180              		.align	2
 181              	.L9:
 182 0030 00000000 		.word	.LC2
 183 0034 00000000 		.word	event_handler
ARM GAS  C:\Users\gx\AppData\Local\Temp\ccNbUL6F.s 			page 8


 184              		.cfi_endproc
 185              	.LFE190:
 187              		.section	.rodata.__func__.12316,"a"
 188              		.align	2
 189              		.set	.LANCHOR0,. + 0
 192              	__func__.12316:
 193 0000 6576656E 		.ascii	"event_handler\000"
 193      745F6861 
 193      6E646C65 
 193      7200
 194              		.text
 195              	.Letext0:
 196              		.file 3 "c:\\program files (x86)\\gnu arm embedded toolchain\\9 2020-q2-update\\arm-none-eabi\\inc
 197              		.file 4 "c:\\program files (x86)\\gnu arm embedded toolchain\\9 2020-q2-update\\arm-none-eabi\\inc
 198              		.file 5 "d:\\practise\\f407_disc\\lvgl\\lvgl\\src/misc/lv_ll.h"
 199              		.file 6 "c:\\program files (x86)\\gnu arm embedded toolchain\\9 2020-q2-update\\lib\\gcc\\arm-none
 200              		.file 7 "c:\\program files (x86)\\gnu arm embedded toolchain\\9 2020-q2-update\\arm-none-eabi\\inc
 201              		.file 8 "c:\\program files (x86)\\gnu arm embedded toolchain\\9 2020-q2-update\\arm-none-eabi\\inc
 202              		.file 9 "c:\\program files (x86)\\gnu arm embedded toolchain\\9 2020-q2-update\\arm-none-eabi\\inc
 203              		.file 10 "d:\\practise\\f407_disc\\lvgl\\lvgl\\src\\misc\\lv_color.h"
 204              		.file 11 "d:\\practise\\f407_disc\\lvgl\\lvgl\\src\\misc\\lv_area.h"
 205              		.file 12 "d:\\practise\\f407_disc\\lvgl\\lvgl\\src/core/lv_obj.h"
 206              		.file 13 "d:\\practise\\f407_disc\\lvgl\\lvgl\\src/core/lv_group.h"
 207              		.file 14 "d:\\practise\\f407_disc\\lvgl\\lvgl\\src\\font\\lv_font.h"
 208              		.file 15 "d:\\practise\\f407_disc\\lvgl\\lvgl\\src\\misc\\lv_txt.h"
 209              		.file 16 "d:\\practise\\f407_disc\\lvgl\\lvgl\\src\\misc\\lv_style.h"
 210              		.file 17 "d:\\practise\\f407_disc\\lvgl\\lvgl\\src/core/lv_obj_scroll.h"
 211              		.file 18 "d:\\practise\\f407_disc\\lvgl\\lvgl\\src/core/lv_obj_style.h"
 212              		.file 19 "d:\\practise\\f407_disc\\lvgl\\lvgl\\src\\draw\\lv_draw_label.h"
 213              		.file 20 "d:\\practise\\f407_disc\\lvgl\\lvgl\\src/core/lv_obj_class.h"
 214              		.file 21 "d:\\practise\\f407_disc\\lvgl\\lvgl\\src/core/lv_event.h"
 215              		.file 22 "d:\\practise\\f407_disc\\lvgl\\lvgl\\src/widgets/lv_arc.h"
 216              		.file 23 "d:\\practise\\f407_disc\\lvgl\\lvgl\\src/widgets/lv_btn.h"
 217              		.file 24 "d:\\practise\\f407_disc\\lvgl\\lvgl\\src/widgets/lv_img.h"
 218              		.file 25 "d:\\practise\\f407_disc\\lvgl\\lvgl\\src/widgets/lv_label.h"
 219              		.file 26 "d:\\practise\\f407_disc\\lvgl\\lvgl\\src/widgets/lv_line.h"
 220              		.file 27 "d:\\practise\\f407_disc\\lvgl\\lvgl\\src/widgets/lv_table.h"
 221              		.file 28 "d:\\practise\\f407_disc\\lvgl\\lvgl\\src/widgets/lv_checkbox.h"
 222              		.file 29 "d:\\practise\\f407_disc\\lvgl\\lvgl\\src/widgets/lv_bar.h"
 223              		.file 30 "d:\\practise\\f407_disc\\lvgl\\lvgl\\src/widgets/lv_slider.h"
 224              		.file 31 "d:\\practise\\f407_disc\\lvgl\\lvgl\\src/widgets/lv_btnmatrix.h"
 225              		.file 32 "d:\\practise\\f407_disc\\lvgl\\lvgl\\src/widgets/lv_dropdown.h"
 226              		.file 33 "d:\\practise\\f407_disc\\lvgl\\lvgl\\src/widgets/lv_roller.h"
 227              		.file 34 "d:\\practise\\f407_disc\\lvgl\\lvgl\\src/widgets/lv_textarea.h"
 228              		.file 35 "d:\\practise\\f407_disc\\lvgl\\lvgl\\src/widgets/lv_canvas.h"
 229              		.file 36 "d:\\practise\\f407_disc\\lvgl\\lvgl\\src/widgets/lv_switch.h"
 230              		.file 37 "d:\\practise\\f407_disc\\lvgl\\lvgl\\src/extra/widgets/animimg/lv_animimg.h"
 231              		.file 38 "d:\\practise\\f407_disc\\lvgl\\lvgl\\src/extra/widgets/calendar/lv_calendar.h"
 232              		.file 39 "d:\\practise\\f407_disc\\lvgl\\lvgl\\src/extra/widgets/calendar/lv_calendar_header_arrow
 233              		.file 40 "d:\\practise\\f407_disc\\lvgl\\lvgl\\src/extra/widgets/calendar/lv_calendar_header_dropd
 234              		.file 41 "d:\\practise\\f407_disc\\lvgl\\lvgl\\src/extra/widgets/chart/lv_chart.h"
 235              		.file 42 "d:\\practise\\f407_disc\\lvgl\\lvgl\\src/extra/widgets/keyboard/lv_keyboard.h"
 236              		.file 43 "d:\\practise\\f407_disc\\lvgl\\lvgl\\src\\extra\\layouts\\flex\\lv_flex.h"
 237              		.file 44 "d:\\practise\\f407_disc\\lvgl\\lvgl\\src/extra/widgets/list/lv_list.h"
 238              		.file 45 "d:\\practise\\f407_disc\\lvgl\\lvgl\\src/extra/widgets/msgbox/lv_msgbox.h"
 239              		.file 46 "d:\\practise\\f407_disc\\lvgl\\lvgl\\src/extra/widgets/meter/lv_meter.h"
 240              		.file 47 "d:\\practise\\f407_disc\\lvgl\\lvgl\\src/extra/widgets/spinbox/lv_spinbox.h"
ARM GAS  C:\Users\gx\AppData\Local\Temp\ccNbUL6F.s 			page 9


 241              		.file 48 "d:\\practise\\f407_disc\\lvgl\\lvgl\\src/extra/widgets/spinner/lv_spinner.h"
 242              		.file 49 "d:\\practise\\f407_disc\\lvgl\\lvgl\\src/extra/widgets/tabview/lv_tabview.h"
 243              		.file 50 "d:\\practise\\f407_disc\\lvgl\\lvgl\\src/extra/widgets/tileview/lv_tileview.h"
 244              		.file 51 "d:\\practise\\f407_disc\\lvgl\\lvgl\\src/extra/widgets/win/lv_win.h"
 245              		.file 52 "d:\\practise\\f407_disc\\lvgl\\lvgl\\src/extra/widgets/colorwheel/lv_colorwheel.h"
 246              		.file 53 "d:\\practise\\f407_disc\\lvgl\\lvgl\\src/extra/widgets/led/lv_led.h"
 247              		.file 54 "d:\\practise\\f407_disc\\lvgl\\lvgl\\src/extra/widgets/imgbtn/lv_imgbtn.h"
 248              		.file 55 "d:\\practise\\f407_disc\\lvgl\\lvgl\\src/extra/widgets/span/lv_span.h"
 249              		.file 56 "d:\\practise\\f407_disc\\lvgl\\lvgl\\src/extra/layouts/grid/lv_grid.h"
 250              		.file 57 "d:\\practise\\f407_disc\\lvgl\\lvgl\\src/hal/lv_hal_disp.h"
 251              		.file 58 "d:\\practise\\f407_disc\\lvgl\\lvgl\\src/core/lv_obj_pos.h"
 252              		.file 59 "d:\\practise\\f407_disc\\lvgl\\lvgl\\src/misc/lv_log.h"
ARM GAS  C:\Users\gx\AppData\Local\Temp\ccNbUL6F.s 			page 10


DEFINED SYMBOLS
                            *ABS*:00000000 lv_example_dropdown_1.c
C:\Users\gx\AppData\Local\Temp\ccNbUL6F.s:18     .rodata.event_handler.str1.4:00000000 $d
C:\Users\gx\AppData\Local\Temp\ccNbUL6F.s:26     .text.event_handler:00000000 $t
C:\Users\gx\AppData\Local\Temp\ccNbUL6F.s:33     .text.event_handler:00000000 event_handler
C:\Users\gx\AppData\Local\Temp\ccNbUL6F.s:108    .text.event_handler:00000038 $d
C:\Users\gx\AppData\Local\Temp\ccNbUL6F.s:115    .rodata.lv_example_dropdown_1.str1.4:00000000 $d
C:\Users\gx\AppData\Local\Temp\ccNbUL6F.s:120    .text.lv_example_dropdown_1:00000000 $t
C:\Users\gx\AppData\Local\Temp\ccNbUL6F.s:127    .text.lv_example_dropdown_1:00000000 lv_example_dropdown_1
C:\Users\gx\AppData\Local\Temp\ccNbUL6F.s:182    .text.lv_example_dropdown_1:00000030 $d
C:\Users\gx\AppData\Local\Temp\ccNbUL6F.s:188    .rodata.__func__.12316:00000000 $d
C:\Users\gx\AppData\Local\Temp\ccNbUL6F.s:192    .rodata.__func__.12316:00000000 __func__.12316

UNDEFINED SYMBOLS
lv_event_get_code
lv_event_get_target
lv_dropdown_get_selected_str
_lv_log_add
lv_disp_get_default
lv_disp_get_scr_act
lv_dropdown_create
lv_dropdown_set_options
lv_obj_align
lv_obj_add_event_cb
