ARM GAS  C:\Users\gx\AppData\Local\Temp\ccaEVWLL.s 			page 1


   1              		.cpu cortex-m4
   2              		.eabi_attribute 27, 1
   3              		.eabi_attribute 28, 1
   4              		.eabi_attribute 20, 1
   5              		.eabi_attribute 21, 1
   6              		.eabi_attribute 23, 3
   7              		.eabi_attribute 24, 1
   8              		.eabi_attribute 25, 1
   9              		.eabi_attribute 26, 1
  10              		.eabi_attribute 30, 1
  11              		.eabi_attribute 34, 1
  12              		.eabi_attribute 18, 4
  13              		.file	"lv_example_label_1.c"
  14              		.text
  15              	.Ltext0:
  16              		.cfi_sections	.debug_frame
  17              		.section	.rodata.lv_example_label_1.str1.4,"aMS",%progbits,1
  18              		.align	2
  19              	.LC0:
  20 0000 23303030 		.ascii	"#0000ff Re-color# #ff00ff words# #ff0000 of a# labe"
  20      30666620 
  20      52652D63 
  20      6F6C6F72 
  20      23202366 
  21 0033 6C2C2061 		.ascii	"l, align the lines to the center and wrap long text"
  21      6C69676E 
  21      20746865 
  21      206C696E 
  21      65732074 
  22 0066 20617574 		.ascii	" automatically.\000"
  22      6F6D6174 
  22      6963616C 
  22      6C792E00 
  23 0076 0000     		.align	2
  24              	.LC1:
  25 0078 49742069 		.ascii	"It is a circularly scrolling text. \000"
  25      73206120 
  25      63697263 
  25      756C6172 
  25      6C792073 
  26              		.section	.text.lv_example_label_1,"ax",%progbits
  27              		.align	1
  28              		.global	lv_example_label_1
  29              		.arch armv7e-m
  30              		.syntax unified
  31              		.thumb
  32              		.thumb_func
  33              		.fpu fpv4-sp-d16
  35              	lv_example_label_1:
  36              	.LFB189:
  37              		.file 1 "lvgl/lvgl/examples/widgets/label/lv_example_label_1.c"
   1:lvgl/lvgl/examples/widgets/label/lv_example_label_1.c **** #include "../../lv_examples.h"
   2:lvgl/lvgl/examples/widgets/label/lv_example_label_1.c **** #if LV_USE_LABEL && LV_BUILD_EXAMPLES
   3:lvgl/lvgl/examples/widgets/label/lv_example_label_1.c **** 
   4:lvgl/lvgl/examples/widgets/label/lv_example_label_1.c **** /**
   5:lvgl/lvgl/examples/widgets/label/lv_example_label_1.c ****  * Show line wrap, re-color, line align and text scrolling.
   6:lvgl/lvgl/examples/widgets/label/lv_example_label_1.c ****  */
ARM GAS  C:\Users\gx\AppData\Local\Temp\ccaEVWLL.s 			page 2


   7:lvgl/lvgl/examples/widgets/label/lv_example_label_1.c **** void lv_example_label_1(void)
   8:lvgl/lvgl/examples/widgets/label/lv_example_label_1.c **** {
  38              		.loc 1 8 1 view -0
  39              		.cfi_startproc
  40              		@ args = 0, pretend = 0, frame = 0
  41              		@ frame_needed = 0, uses_anonymous_args = 0
  42 0000 10B5     		push	{r4, lr}
  43              	.LCFI0:
  44              		.cfi_def_cfa_offset 8
  45              		.cfi_offset 4, -8
  46              		.cfi_offset 14, -4
   9:lvgl/lvgl/examples/widgets/label/lv_example_label_1.c ****     lv_obj_t * label1 = lv_label_create(lv_scr_act());
  47              		.loc 1 9 5 view .LVU1
  48              	.LBB6:
  49              	.LBI6:
  50              		.file 2 "d:\\practise\\f407_disc\\lvgl\\lvgl\\src/core/lv_disp.h"
   1:d:\practise\f407_disc\lvgl\lvgl\src/core\lv_disp.h **** /**
   2:d:\practise\f407_disc\lvgl\lvgl\src/core\lv_disp.h ****  * @file lv_disp.h
   3:d:\practise\f407_disc\lvgl\lvgl\src/core\lv_disp.h ****  *
   4:d:\practise\f407_disc\lvgl\lvgl\src/core\lv_disp.h ****  */
   5:d:\practise\f407_disc\lvgl\lvgl\src/core\lv_disp.h **** 
   6:d:\practise\f407_disc\lvgl\lvgl\src/core\lv_disp.h **** #ifndef LV_DISP_H
   7:d:\practise\f407_disc\lvgl\lvgl\src/core\lv_disp.h **** #define LV_DISP_H
   8:d:\practise\f407_disc\lvgl\lvgl\src/core\lv_disp.h **** 
   9:d:\practise\f407_disc\lvgl\lvgl\src/core\lv_disp.h **** #ifdef __cplusplus
  10:d:\practise\f407_disc\lvgl\lvgl\src/core\lv_disp.h **** extern "C" {
  11:d:\practise\f407_disc\lvgl\lvgl\src/core\lv_disp.h **** #endif
  12:d:\practise\f407_disc\lvgl\lvgl\src/core\lv_disp.h **** 
  13:d:\practise\f407_disc\lvgl\lvgl\src/core\lv_disp.h **** /*********************
  14:d:\practise\f407_disc\lvgl\lvgl\src/core\lv_disp.h ****  *      INCLUDES
  15:d:\practise\f407_disc\lvgl\lvgl\src/core\lv_disp.h ****  *********************/
  16:d:\practise\f407_disc\lvgl\lvgl\src/core\lv_disp.h **** #include "../hal/lv_hal.h"
  17:d:\practise\f407_disc\lvgl\lvgl\src/core\lv_disp.h **** #include "lv_obj.h"
  18:d:\practise\f407_disc\lvgl\lvgl\src/core\lv_disp.h **** #include "lv_theme.h"
  19:d:\practise\f407_disc\lvgl\lvgl\src/core\lv_disp.h **** 
  20:d:\practise\f407_disc\lvgl\lvgl\src/core\lv_disp.h **** /*********************
  21:d:\practise\f407_disc\lvgl\lvgl\src/core\lv_disp.h ****  *      DEFINES
  22:d:\practise\f407_disc\lvgl\lvgl\src/core\lv_disp.h ****  *********************/
  23:d:\practise\f407_disc\lvgl\lvgl\src/core\lv_disp.h **** 
  24:d:\practise\f407_disc\lvgl\lvgl\src/core\lv_disp.h **** /**********************
  25:d:\practise\f407_disc\lvgl\lvgl\src/core\lv_disp.h ****  *      TYPEDEFS
  26:d:\practise\f407_disc\lvgl\lvgl\src/core\lv_disp.h ****  **********************/
  27:d:\practise\f407_disc\lvgl\lvgl\src/core\lv_disp.h **** 
  28:d:\practise\f407_disc\lvgl\lvgl\src/core\lv_disp.h **** typedef enum {
  29:d:\practise\f407_disc\lvgl\lvgl\src/core\lv_disp.h ****     LV_SCR_LOAD_ANIM_NONE,
  30:d:\practise\f407_disc\lvgl\lvgl\src/core\lv_disp.h ****     LV_SCR_LOAD_ANIM_OVER_LEFT,
  31:d:\practise\f407_disc\lvgl\lvgl\src/core\lv_disp.h ****     LV_SCR_LOAD_ANIM_OVER_RIGHT,
  32:d:\practise\f407_disc\lvgl\lvgl\src/core\lv_disp.h ****     LV_SCR_LOAD_ANIM_OVER_TOP,
  33:d:\practise\f407_disc\lvgl\lvgl\src/core\lv_disp.h ****     LV_SCR_LOAD_ANIM_OVER_BOTTOM,
  34:d:\practise\f407_disc\lvgl\lvgl\src/core\lv_disp.h ****     LV_SCR_LOAD_ANIM_MOVE_LEFT,
  35:d:\practise\f407_disc\lvgl\lvgl\src/core\lv_disp.h ****     LV_SCR_LOAD_ANIM_MOVE_RIGHT,
  36:d:\practise\f407_disc\lvgl\lvgl\src/core\lv_disp.h ****     LV_SCR_LOAD_ANIM_MOVE_TOP,
  37:d:\practise\f407_disc\lvgl\lvgl\src/core\lv_disp.h ****     LV_SCR_LOAD_ANIM_MOVE_BOTTOM,
  38:d:\practise\f407_disc\lvgl\lvgl\src/core\lv_disp.h ****     LV_SCR_LOAD_ANIM_FADE_ON,
  39:d:\practise\f407_disc\lvgl\lvgl\src/core\lv_disp.h **** } lv_scr_load_anim_t;
  40:d:\practise\f407_disc\lvgl\lvgl\src/core\lv_disp.h **** 
  41:d:\practise\f407_disc\lvgl\lvgl\src/core\lv_disp.h **** /**********************
ARM GAS  C:\Users\gx\AppData\Local\Temp\ccaEVWLL.s 			page 3


  42:d:\practise\f407_disc\lvgl\lvgl\src/core\lv_disp.h ****  * GLOBAL PROTOTYPES
  43:d:\practise\f407_disc\lvgl\lvgl\src/core\lv_disp.h ****  **********************/
  44:d:\practise\f407_disc\lvgl\lvgl\src/core\lv_disp.h **** 
  45:d:\practise\f407_disc\lvgl\lvgl\src/core\lv_disp.h **** /**
  46:d:\practise\f407_disc\lvgl\lvgl\src/core\lv_disp.h ****  * Return with a pointer to the active screen
  47:d:\practise\f407_disc\lvgl\lvgl\src/core\lv_disp.h ****  * @param disp pointer to display which active screen should be get. (NULL to use the default
  48:d:\practise\f407_disc\lvgl\lvgl\src/core\lv_disp.h ****  * screen)
  49:d:\practise\f407_disc\lvgl\lvgl\src/core\lv_disp.h ****  * @return pointer to the active screen object (loaded by 'lv_scr_load()')
  50:d:\practise\f407_disc\lvgl\lvgl\src/core\lv_disp.h ****  */
  51:d:\practise\f407_disc\lvgl\lvgl\src/core\lv_disp.h **** lv_obj_t * lv_disp_get_scr_act(lv_disp_t * disp);
  52:d:\practise\f407_disc\lvgl\lvgl\src/core\lv_disp.h **** 
  53:d:\practise\f407_disc\lvgl\lvgl\src/core\lv_disp.h **** /**
  54:d:\practise\f407_disc\lvgl\lvgl\src/core\lv_disp.h ****  * Return with a pointer to the previous screen. Only used during screen transitions.
  55:d:\practise\f407_disc\lvgl\lvgl\src/core\lv_disp.h ****  * @param disp pointer to display which previous screen should be get. (NULL to use the default
  56:d:\practise\f407_disc\lvgl\lvgl\src/core\lv_disp.h ****  * screen)
  57:d:\practise\f407_disc\lvgl\lvgl\src/core\lv_disp.h ****  * @return pointer to the previous screen object or NULL if not used now
  58:d:\practise\f407_disc\lvgl\lvgl\src/core\lv_disp.h ****  */
  59:d:\practise\f407_disc\lvgl\lvgl\src/core\lv_disp.h **** lv_obj_t * lv_disp_get_scr_prev(lv_disp_t * disp);
  60:d:\practise\f407_disc\lvgl\lvgl\src/core\lv_disp.h **** 
  61:d:\practise\f407_disc\lvgl\lvgl\src/core\lv_disp.h **** /**
  62:d:\practise\f407_disc\lvgl\lvgl\src/core\lv_disp.h ****  * Make a screen active
  63:d:\practise\f407_disc\lvgl\lvgl\src/core\lv_disp.h ****  * @param scr pointer to a screen
  64:d:\practise\f407_disc\lvgl\lvgl\src/core\lv_disp.h ****  */
  65:d:\practise\f407_disc\lvgl\lvgl\src/core\lv_disp.h **** void lv_disp_load_scr(lv_obj_t * scr);
  66:d:\practise\f407_disc\lvgl\lvgl\src/core\lv_disp.h **** 
  67:d:\practise\f407_disc\lvgl\lvgl\src/core\lv_disp.h **** /**
  68:d:\practise\f407_disc\lvgl\lvgl\src/core\lv_disp.h ****  * Return with the top layer. (Same on every screen and it is above the normal screen layer)
  69:d:\practise\f407_disc\lvgl\lvgl\src/core\lv_disp.h ****  * @param disp pointer to display which top layer should be get. (NULL to use the default screen)
  70:d:\practise\f407_disc\lvgl\lvgl\src/core\lv_disp.h ****  * @return pointer to the top layer object  (transparent screen sized lv_obj)
  71:d:\practise\f407_disc\lvgl\lvgl\src/core\lv_disp.h ****  */
  72:d:\practise\f407_disc\lvgl\lvgl\src/core\lv_disp.h **** lv_obj_t * lv_disp_get_layer_top(lv_disp_t * disp);
  73:d:\practise\f407_disc\lvgl\lvgl\src/core\lv_disp.h **** 
  74:d:\practise\f407_disc\lvgl\lvgl\src/core\lv_disp.h **** /**
  75:d:\practise\f407_disc\lvgl\lvgl\src/core\lv_disp.h ****  * Return with the sys. layer. (Same on every screen and it is above the normal screen and the top
  76:d:\practise\f407_disc\lvgl\lvgl\src/core\lv_disp.h ****  * layer)
  77:d:\practise\f407_disc\lvgl\lvgl\src/core\lv_disp.h ****  * @param disp pointer to display which sys. layer  should be get. (NULL to use the default screen)
  78:d:\practise\f407_disc\lvgl\lvgl\src/core\lv_disp.h ****  * @return pointer to the sys layer object  (transparent screen sized lv_obj)
  79:d:\practise\f407_disc\lvgl\lvgl\src/core\lv_disp.h ****  */
  80:d:\practise\f407_disc\lvgl\lvgl\src/core\lv_disp.h **** lv_obj_t * lv_disp_get_layer_sys(lv_disp_t * disp);
  81:d:\practise\f407_disc\lvgl\lvgl\src/core\lv_disp.h **** 
  82:d:\practise\f407_disc\lvgl\lvgl\src/core\lv_disp.h **** /**
  83:d:\practise\f407_disc\lvgl\lvgl\src/core\lv_disp.h ****  * Get the theme of a display
  84:d:\practise\f407_disc\lvgl\lvgl\src/core\lv_disp.h ****  * @param disp pointer to a display
  85:d:\practise\f407_disc\lvgl\lvgl\src/core\lv_disp.h ****  * @return the display's theme (can be NULL)
  86:d:\practise\f407_disc\lvgl\lvgl\src/core\lv_disp.h ****  */
  87:d:\practise\f407_disc\lvgl\lvgl\src/core\lv_disp.h **** void lv_disp_set_theme(lv_disp_t * disp, lv_theme_t * th);
  88:d:\practise\f407_disc\lvgl\lvgl\src/core\lv_disp.h **** 
  89:d:\practise\f407_disc\lvgl\lvgl\src/core\lv_disp.h **** /**
  90:d:\practise\f407_disc\lvgl\lvgl\src/core\lv_disp.h ****  * Get the theme of a display
  91:d:\practise\f407_disc\lvgl\lvgl\src/core\lv_disp.h ****  * @param disp pointer to a display
  92:d:\practise\f407_disc\lvgl\lvgl\src/core\lv_disp.h ****  * @return the display's theme (can be NULL)
  93:d:\practise\f407_disc\lvgl\lvgl\src/core\lv_disp.h ****  */
  94:d:\practise\f407_disc\lvgl\lvgl\src/core\lv_disp.h **** lv_theme_t * lv_disp_get_theme(lv_disp_t * disp);
  95:d:\practise\f407_disc\lvgl\lvgl\src/core\lv_disp.h **** 
  96:d:\practise\f407_disc\lvgl\lvgl\src/core\lv_disp.h **** /**
  97:d:\practise\f407_disc\lvgl\lvgl\src/core\lv_disp.h ****  * Set the background color of a display
  98:d:\practise\f407_disc\lvgl\lvgl\src/core\lv_disp.h ****  * @param disp pointer to a display
ARM GAS  C:\Users\gx\AppData\Local\Temp\ccaEVWLL.s 			page 4


  99:d:\practise\f407_disc\lvgl\lvgl\src/core\lv_disp.h ****  * @param color color of the background
 100:d:\practise\f407_disc\lvgl\lvgl\src/core\lv_disp.h ****  */
 101:d:\practise\f407_disc\lvgl\lvgl\src/core\lv_disp.h **** void lv_disp_set_bg_color(lv_disp_t * disp, lv_color_t color);
 102:d:\practise\f407_disc\lvgl\lvgl\src/core\lv_disp.h **** 
 103:d:\practise\f407_disc\lvgl\lvgl\src/core\lv_disp.h **** /**
 104:d:\practise\f407_disc\lvgl\lvgl\src/core\lv_disp.h ****  * Set the background image of a display
 105:d:\practise\f407_disc\lvgl\lvgl\src/core\lv_disp.h ****  * @param disp pointer to a display
 106:d:\practise\f407_disc\lvgl\lvgl\src/core\lv_disp.h ****  * @param img_src path to file or pointer to an `lv_img_dsc_t` variable
 107:d:\practise\f407_disc\lvgl\lvgl\src/core\lv_disp.h ****  */
 108:d:\practise\f407_disc\lvgl\lvgl\src/core\lv_disp.h **** void lv_disp_set_bg_image(lv_disp_t * disp, const void  * img_src);
 109:d:\practise\f407_disc\lvgl\lvgl\src/core\lv_disp.h **** 
 110:d:\practise\f407_disc\lvgl\lvgl\src/core\lv_disp.h **** /**
 111:d:\practise\f407_disc\lvgl\lvgl\src/core\lv_disp.h ****  * Opacity of the background
 112:d:\practise\f407_disc\lvgl\lvgl\src/core\lv_disp.h ****  * @param disp pointer to a display
 113:d:\practise\f407_disc\lvgl\lvgl\src/core\lv_disp.h ****  * @param opa opacity (0..255)
 114:d:\practise\f407_disc\lvgl\lvgl\src/core\lv_disp.h ****  */
 115:d:\practise\f407_disc\lvgl\lvgl\src/core\lv_disp.h **** void lv_disp_set_bg_opa(lv_disp_t * disp, lv_opa_t opa);
 116:d:\practise\f407_disc\lvgl\lvgl\src/core\lv_disp.h **** 
 117:d:\practise\f407_disc\lvgl\lvgl\src/core\lv_disp.h **** /**
 118:d:\practise\f407_disc\lvgl\lvgl\src/core\lv_disp.h ****  * Switch screen with animation
 119:d:\practise\f407_disc\lvgl\lvgl\src/core\lv_disp.h ****  * @param scr pointer to the new screen to load
 120:d:\practise\f407_disc\lvgl\lvgl\src/core\lv_disp.h ****  * @param anim_type type of the animation from `lv_scr_load_anim_t`. E.g.  `LV_SCR_LOAD_ANIM_MOVE_L
 121:d:\practise\f407_disc\lvgl\lvgl\src/core\lv_disp.h ****  * @param time time of the animation
 122:d:\practise\f407_disc\lvgl\lvgl\src/core\lv_disp.h ****  * @param delay delay before the transition
 123:d:\practise\f407_disc\lvgl\lvgl\src/core\lv_disp.h ****  * @param auto_del true: automatically delete the old screen
 124:d:\practise\f407_disc\lvgl\lvgl\src/core\lv_disp.h ****  */
 125:d:\practise\f407_disc\lvgl\lvgl\src/core\lv_disp.h **** void lv_scr_load_anim(lv_obj_t * scr, lv_scr_load_anim_t anim_type, uint32_t time, uint32_t delay, 
 126:d:\practise\f407_disc\lvgl\lvgl\src/core\lv_disp.h **** 
 127:d:\practise\f407_disc\lvgl\lvgl\src/core\lv_disp.h **** /**
 128:d:\practise\f407_disc\lvgl\lvgl\src/core\lv_disp.h ****  * Get elapsed time since last user activity on a display (e.g. click)
 129:d:\practise\f407_disc\lvgl\lvgl\src/core\lv_disp.h ****  * @param disp pointer to an display (NULL to get the overall smallest inactivity)
 130:d:\practise\f407_disc\lvgl\lvgl\src/core\lv_disp.h ****  * @return elapsed ticks (milliseconds) since the last activity
 131:d:\practise\f407_disc\lvgl\lvgl\src/core\lv_disp.h ****  */
 132:d:\practise\f407_disc\lvgl\lvgl\src/core\lv_disp.h **** uint32_t lv_disp_get_inactive_time(const lv_disp_t * disp);
 133:d:\practise\f407_disc\lvgl\lvgl\src/core\lv_disp.h **** 
 134:d:\practise\f407_disc\lvgl\lvgl\src/core\lv_disp.h **** /**
 135:d:\practise\f407_disc\lvgl\lvgl\src/core\lv_disp.h ****  * Manually trigger an activity on a display
 136:d:\practise\f407_disc\lvgl\lvgl\src/core\lv_disp.h ****  * @param disp pointer to an display (NULL to use the default display)
 137:d:\practise\f407_disc\lvgl\lvgl\src/core\lv_disp.h ****  */
 138:d:\practise\f407_disc\lvgl\lvgl\src/core\lv_disp.h **** void lv_disp_trig_activity(lv_disp_t * disp);
 139:d:\practise\f407_disc\lvgl\lvgl\src/core\lv_disp.h **** 
 140:d:\practise\f407_disc\lvgl\lvgl\src/core\lv_disp.h **** /**
 141:d:\practise\f407_disc\lvgl\lvgl\src/core\lv_disp.h ****  * Clean any CPU cache that is related to the display.
 142:d:\practise\f407_disc\lvgl\lvgl\src/core\lv_disp.h ****  * @param disp pointer to an display (NULL to use the default display)
 143:d:\practise\f407_disc\lvgl\lvgl\src/core\lv_disp.h ****  */
 144:d:\practise\f407_disc\lvgl\lvgl\src/core\lv_disp.h **** void lv_disp_clean_dcache(lv_disp_t * disp);
 145:d:\practise\f407_disc\lvgl\lvgl\src/core\lv_disp.h **** 
 146:d:\practise\f407_disc\lvgl\lvgl\src/core\lv_disp.h **** /**
 147:d:\practise\f407_disc\lvgl\lvgl\src/core\lv_disp.h ****  * Get a pointer to the screen refresher timer to
 148:d:\practise\f407_disc\lvgl\lvgl\src/core\lv_disp.h ****  * modify its parameters with `lv_timer_...` functions.
 149:d:\practise\f407_disc\lvgl\lvgl\src/core\lv_disp.h ****  * @param disp pointer to a display
 150:d:\practise\f407_disc\lvgl\lvgl\src/core\lv_disp.h ****  * @return pointer to the display refresher timer. (NULL on error)
 151:d:\practise\f407_disc\lvgl\lvgl\src/core\lv_disp.h ****  */
 152:d:\practise\f407_disc\lvgl\lvgl\src/core\lv_disp.h **** lv_timer_t * _lv_disp_get_refr_timer(lv_disp_t * disp);
 153:d:\practise\f407_disc\lvgl\lvgl\src/core\lv_disp.h **** 
 154:d:\practise\f407_disc\lvgl\lvgl\src/core\lv_disp.h **** /*------------------------------------------------
 155:d:\practise\f407_disc\lvgl\lvgl\src/core\lv_disp.h ****  * To improve backward compatibility
ARM GAS  C:\Users\gx\AppData\Local\Temp\ccaEVWLL.s 			page 5


 156:d:\practise\f407_disc\lvgl\lvgl\src/core\lv_disp.h ****  * Recommended only if you have one display
 157:d:\practise\f407_disc\lvgl\lvgl\src/core\lv_disp.h ****  *------------------------------------------------*/
 158:d:\practise\f407_disc\lvgl\lvgl\src/core\lv_disp.h **** 
 159:d:\practise\f407_disc\lvgl\lvgl\src/core\lv_disp.h **** /**
 160:d:\practise\f407_disc\lvgl\lvgl\src/core\lv_disp.h ****  * Get the active screen of the default display
 161:d:\practise\f407_disc\lvgl\lvgl\src/core\lv_disp.h ****  * @return pointer to the active screen
 162:d:\practise\f407_disc\lvgl\lvgl\src/core\lv_disp.h ****  */
 163:d:\practise\f407_disc\lvgl\lvgl\src/core\lv_disp.h **** static inline lv_obj_t * lv_scr_act(void)
  51              		.loc 2 163 26 view .LVU2
  52              	.LBB7:
 164:d:\practise\f407_disc\lvgl\lvgl\src/core\lv_disp.h **** {
 165:d:\practise\f407_disc\lvgl\lvgl\src/core\lv_disp.h ****     return lv_disp_get_scr_act(lv_disp_get_default());
  53              		.loc 2 165 5 view .LVU3
  54              		.loc 2 165 12 is_stmt 0 view .LVU4
  55 0002 FFF7FEFF 		bl	lv_disp_get_default
  56              	.LVL0:
  57 0006 FFF7FEFF 		bl	lv_disp_get_scr_act
  58              	.LVL1:
  59              	.LBE7:
  60              	.LBE6:
  61              		.loc 1 9 25 view .LVU5
  62 000a FFF7FEFF 		bl	lv_label_create
  63              	.LVL2:
  64 000e 0446     		mov	r4, r0
  65              	.LVL3:
  10:lvgl/lvgl/examples/widgets/label/lv_example_label_1.c ****     lv_label_set_long_mode(label1, LV_LABEL_LONG_WRAP);     /*Break the long lines*/
  66              		.loc 1 10 5 is_stmt 1 view .LVU6
  67 0010 0021     		movs	r1, #0
  68 0012 FFF7FEFF 		bl	lv_label_set_long_mode
  69              	.LVL4:
  11:lvgl/lvgl/examples/widgets/label/lv_example_label_1.c ****     lv_label_set_recolor(label1, true);                      /*Enable re-coloring by commands in th
  70              		.loc 1 11 5 view .LVU7
  71 0016 0121     		movs	r1, #1
  72 0018 2046     		mov	r0, r4
  73 001a FFF7FEFF 		bl	lv_label_set_recolor
  74              	.LVL5:
  12:lvgl/lvgl/examples/widgets/label/lv_example_label_1.c ****     lv_label_set_text(label1, "#0000ff Re-color# #ff00ff words# #ff0000 of a# label, align the line
  75              		.loc 1 12 5 view .LVU8
  76 001e 1649     		ldr	r1, .L3
  77 0020 2046     		mov	r0, r4
  78 0022 FFF7FEFF 		bl	lv_label_set_text
  79              	.LVL6:
  13:lvgl/lvgl/examples/widgets/label/lv_example_label_1.c ****                               "and wrap long text automatically.");
  14:lvgl/lvgl/examples/widgets/label/lv_example_label_1.c ****     lv_obj_set_width(label1, 150);  /*Set smaller width to make the lines wrap*/
  80              		.loc 1 14 5 view .LVU9
  81 0026 9621     		movs	r1, #150
  82 0028 2046     		mov	r0, r4
  83 002a FFF7FEFF 		bl	lv_obj_set_width
  84              	.LVL7:
  15:lvgl/lvgl/examples/widgets/label/lv_example_label_1.c ****     lv_obj_set_style_text_align(label1, LV_TEXT_ALIGN_CENTER, 0);
  85              		.loc 1 15 5 view .LVU10
  86 002e 0022     		movs	r2, #0
  87 0030 0221     		movs	r1, #2
  88 0032 2046     		mov	r0, r4
  89 0034 FFF7FEFF 		bl	lv_obj_set_style_text_align
  90              	.LVL8:
  16:lvgl/lvgl/examples/widgets/label/lv_example_label_1.c ****     lv_obj_align(label1, LV_ALIGN_CENTER, 0, -40);
ARM GAS  C:\Users\gx\AppData\Local\Temp\ccaEVWLL.s 			page 6


  91              		.loc 1 16 5 view .LVU11
  92 0038 6FF02703 		mvn	r3, #39
  93 003c 0022     		movs	r2, #0
  94 003e 0921     		movs	r1, #9
  95 0040 2046     		mov	r0, r4
  96 0042 FFF7FEFF 		bl	lv_obj_align
  97              	.LVL9:
  17:lvgl/lvgl/examples/widgets/label/lv_example_label_1.c **** 
  18:lvgl/lvgl/examples/widgets/label/lv_example_label_1.c **** 
  19:lvgl/lvgl/examples/widgets/label/lv_example_label_1.c ****     lv_obj_t * label2 = lv_label_create(lv_scr_act());
  98              		.loc 1 19 5 view .LVU12
  99              	.LBB8:
 100              	.LBI8:
 163:d:\practise\f407_disc\lvgl\lvgl\src/core\lv_disp.h **** {
 101              		.loc 2 163 26 view .LVU13
 102              	.LBB9:
 103              		.loc 2 165 5 view .LVU14
 104              		.loc 2 165 12 is_stmt 0 view .LVU15
 105 0046 FFF7FEFF 		bl	lv_disp_get_default
 106              	.LVL10:
 107 004a FFF7FEFF 		bl	lv_disp_get_scr_act
 108              	.LVL11:
 109              	.LBE9:
 110              	.LBE8:
 111              		.loc 1 19 25 view .LVU16
 112 004e FFF7FEFF 		bl	lv_label_create
 113              	.LVL12:
 114 0052 0446     		mov	r4, r0
 115              	.LVL13:
  20:lvgl/lvgl/examples/widgets/label/lv_example_label_1.c ****     lv_label_set_long_mode(label2, LV_LABEL_LONG_SCROLL_CIRCULAR);     /*Circular scroll*/
 116              		.loc 1 20 5 is_stmt 1 view .LVU17
 117 0054 0321     		movs	r1, #3
 118 0056 FFF7FEFF 		bl	lv_label_set_long_mode
 119              	.LVL14:
  21:lvgl/lvgl/examples/widgets/label/lv_example_label_1.c ****     lv_obj_set_width(label2, 150);
 120              		.loc 1 21 5 view .LVU18
 121 005a 9621     		movs	r1, #150
 122 005c 2046     		mov	r0, r4
 123 005e FFF7FEFF 		bl	lv_obj_set_width
 124              	.LVL15:
  22:lvgl/lvgl/examples/widgets/label/lv_example_label_1.c ****     lv_label_set_text(label2, "It is a circularly scrolling text. ");
 125              		.loc 1 22 5 view .LVU19
 126 0062 0649     		ldr	r1, .L3+4
 127 0064 2046     		mov	r0, r4
 128 0066 FFF7FEFF 		bl	lv_label_set_text
 129              	.LVL16:
  23:lvgl/lvgl/examples/widgets/label/lv_example_label_1.c ****     lv_obj_align(label2, LV_ALIGN_CENTER, 0, 40);
 130              		.loc 1 23 5 view .LVU20
 131 006a 2823     		movs	r3, #40
 132 006c 0022     		movs	r2, #0
 133 006e 0921     		movs	r1, #9
 134 0070 2046     		mov	r0, r4
 135 0072 FFF7FEFF 		bl	lv_obj_align
 136              	.LVL17:
  24:lvgl/lvgl/examples/widgets/label/lv_example_label_1.c **** }
 137              		.loc 1 24 1 is_stmt 0 view .LVU21
 138 0076 10BD     		pop	{r4, pc}
ARM GAS  C:\Users\gx\AppData\Local\Temp\ccaEVWLL.s 			page 7


 139              	.LVL18:
 140              	.L4:
 141              		.loc 1 24 1 view .LVU22
 142              		.align	2
 143              	.L3:
 144 0078 00000000 		.word	.LC0
 145 007c 78000000 		.word	.LC1
 146              		.cfi_endproc
 147              	.LFE189:
 149              		.text
 150              	.Letext0:
 151              		.file 3 "c:\\program files (x86)\\gnu arm embedded toolchain\\9 2020-q2-update\\arm-none-eabi\\inc
 152              		.file 4 "c:\\program files (x86)\\gnu arm embedded toolchain\\9 2020-q2-update\\arm-none-eabi\\inc
 153              		.file 5 "d:\\practise\\f407_disc\\lvgl\\lvgl\\src/misc/lv_ll.h"
 154              		.file 6 "c:\\program files (x86)\\gnu arm embedded toolchain\\9 2020-q2-update\\lib\\gcc\\arm-none
 155              		.file 7 "c:\\program files (x86)\\gnu arm embedded toolchain\\9 2020-q2-update\\arm-none-eabi\\inc
 156              		.file 8 "c:\\program files (x86)\\gnu arm embedded toolchain\\9 2020-q2-update\\arm-none-eabi\\inc
 157              		.file 9 "c:\\program files (x86)\\gnu arm embedded toolchain\\9 2020-q2-update\\arm-none-eabi\\inc
 158              		.file 10 "d:\\practise\\f407_disc\\lvgl\\lvgl\\src\\misc\\lv_color.h"
 159              		.file 11 "d:\\practise\\f407_disc\\lvgl\\lvgl\\src\\misc\\lv_area.h"
 160              		.file 12 "d:\\practise\\f407_disc\\lvgl\\lvgl\\src/core/lv_obj.h"
 161              		.file 13 "d:\\practise\\f407_disc\\lvgl\\lvgl\\src/core/lv_group.h"
 162              		.file 14 "d:\\practise\\f407_disc\\lvgl\\lvgl\\src\\font\\lv_font.h"
 163              		.file 15 "d:\\practise\\f407_disc\\lvgl\\lvgl\\src\\misc\\lv_txt.h"
 164              		.file 16 "d:\\practise\\f407_disc\\lvgl\\lvgl\\src\\misc\\lv_style.h"
 165              		.file 17 "d:\\practise\\f407_disc\\lvgl\\lvgl\\src/core/lv_obj_scroll.h"
 166              		.file 18 "d:\\practise\\f407_disc\\lvgl\\lvgl\\src/core/lv_obj_style.h"
 167              		.file 19 "d:\\practise\\f407_disc\\lvgl\\lvgl\\src\\draw\\lv_draw_label.h"
 168              		.file 20 "d:\\practise\\f407_disc\\lvgl\\lvgl\\src/core/lv_obj_class.h"
 169              		.file 21 "d:\\practise\\f407_disc\\lvgl\\lvgl\\src/core/lv_event.h"
 170              		.file 22 "d:\\practise\\f407_disc\\lvgl\\lvgl\\src/widgets/lv_arc.h"
 171              		.file 23 "d:\\practise\\f407_disc\\lvgl\\lvgl\\src/widgets/lv_btn.h"
 172              		.file 24 "d:\\practise\\f407_disc\\lvgl\\lvgl\\src/widgets/lv_img.h"
 173              		.file 25 "d:\\practise\\f407_disc\\lvgl\\lvgl\\src/widgets/lv_label.h"
 174              		.file 26 "d:\\practise\\f407_disc\\lvgl\\lvgl\\src/widgets/lv_line.h"
 175              		.file 27 "d:\\practise\\f407_disc\\lvgl\\lvgl\\src/widgets/lv_table.h"
 176              		.file 28 "d:\\practise\\f407_disc\\lvgl\\lvgl\\src/widgets/lv_checkbox.h"
 177              		.file 29 "d:\\practise\\f407_disc\\lvgl\\lvgl\\src/widgets/lv_bar.h"
 178              		.file 30 "d:\\practise\\f407_disc\\lvgl\\lvgl\\src/widgets/lv_slider.h"
 179              		.file 31 "d:\\practise\\f407_disc\\lvgl\\lvgl\\src/widgets/lv_btnmatrix.h"
 180              		.file 32 "d:\\practise\\f407_disc\\lvgl\\lvgl\\src/widgets/lv_dropdown.h"
 181              		.file 33 "d:\\practise\\f407_disc\\lvgl\\lvgl\\src/widgets/lv_roller.h"
 182              		.file 34 "d:\\practise\\f407_disc\\lvgl\\lvgl\\src/widgets/lv_textarea.h"
 183              		.file 35 "d:\\practise\\f407_disc\\lvgl\\lvgl\\src/widgets/lv_canvas.h"
 184              		.file 36 "d:\\practise\\f407_disc\\lvgl\\lvgl\\src/widgets/lv_switch.h"
 185              		.file 37 "d:\\practise\\f407_disc\\lvgl\\lvgl\\src/extra/widgets/animimg/lv_animimg.h"
 186              		.file 38 "d:\\practise\\f407_disc\\lvgl\\lvgl\\src/extra/widgets/calendar/lv_calendar.h"
 187              		.file 39 "d:\\practise\\f407_disc\\lvgl\\lvgl\\src/extra/widgets/calendar/lv_calendar_header_arrow
 188              		.file 40 "d:\\practise\\f407_disc\\lvgl\\lvgl\\src/extra/widgets/calendar/lv_calendar_header_dropd
 189              		.file 41 "d:\\practise\\f407_disc\\lvgl\\lvgl\\src/extra/widgets/chart/lv_chart.h"
 190              		.file 42 "d:\\practise\\f407_disc\\lvgl\\lvgl\\src/extra/widgets/keyboard/lv_keyboard.h"
 191              		.file 43 "d:\\practise\\f407_disc\\lvgl\\lvgl\\src\\extra\\layouts\\flex\\lv_flex.h"
 192              		.file 44 "d:\\practise\\f407_disc\\lvgl\\lvgl\\src/extra/widgets/list/lv_list.h"
 193              		.file 45 "d:\\practise\\f407_disc\\lvgl\\lvgl\\src/extra/widgets/msgbox/lv_msgbox.h"
 194              		.file 46 "d:\\practise\\f407_disc\\lvgl\\lvgl\\src/extra/widgets/meter/lv_meter.h"
 195              		.file 47 "d:\\practise\\f407_disc\\lvgl\\lvgl\\src/extra/widgets/spinbox/lv_spinbox.h"
 196              		.file 48 "d:\\practise\\f407_disc\\lvgl\\lvgl\\src/extra/widgets/spinner/lv_spinner.h"
ARM GAS  C:\Users\gx\AppData\Local\Temp\ccaEVWLL.s 			page 8


 197              		.file 49 "d:\\practise\\f407_disc\\lvgl\\lvgl\\src/extra/widgets/tabview/lv_tabview.h"
 198              		.file 50 "d:\\practise\\f407_disc\\lvgl\\lvgl\\src/extra/widgets/tileview/lv_tileview.h"
 199              		.file 51 "d:\\practise\\f407_disc\\lvgl\\lvgl\\src/extra/widgets/win/lv_win.h"
 200              		.file 52 "d:\\practise\\f407_disc\\lvgl\\lvgl\\src/extra/widgets/colorwheel/lv_colorwheel.h"
 201              		.file 53 "d:\\practise\\f407_disc\\lvgl\\lvgl\\src/extra/widgets/led/lv_led.h"
 202              		.file 54 "d:\\practise\\f407_disc\\lvgl\\lvgl\\src/extra/widgets/imgbtn/lv_imgbtn.h"
 203              		.file 55 "d:\\practise\\f407_disc\\lvgl\\lvgl\\src/extra/widgets/span/lv_span.h"
 204              		.file 56 "d:\\practise\\f407_disc\\lvgl\\lvgl\\src/extra/layouts/grid/lv_grid.h"
 205              		.file 57 "d:\\practise\\f407_disc\\lvgl\\lvgl\\src/hal/lv_hal_disp.h"
 206              		.file 58 "d:\\practise\\f407_disc\\lvgl\\lvgl\\src/core/lv_obj_pos.h"
 207              		.file 59 "d:\\practise\\f407_disc\\lvgl\\lvgl\\src/core/lv_obj_style_gen.h"
ARM GAS  C:\Users\gx\AppData\Local\Temp\ccaEVWLL.s 			page 9


DEFINED SYMBOLS
                            *ABS*:00000000 lv_example_label_1.c
C:\Users\gx\AppData\Local\Temp\ccaEVWLL.s:18     .rodata.lv_example_label_1.str1.4:00000000 $d
C:\Users\gx\AppData\Local\Temp\ccaEVWLL.s:27     .text.lv_example_label_1:00000000 $t
C:\Users\gx\AppData\Local\Temp\ccaEVWLL.s:35     .text.lv_example_label_1:00000000 lv_example_label_1
C:\Users\gx\AppData\Local\Temp\ccaEVWLL.s:144    .text.lv_example_label_1:00000078 $d

UNDEFINED SYMBOLS
lv_disp_get_default
lv_disp_get_scr_act
lv_label_create
lv_label_set_long_mode
lv_label_set_recolor
lv_label_set_text
lv_obj_set_width
lv_obj_set_style_text_align
lv_obj_align
