ARM GAS  C:\Users\gx\AppData\Local\Temp\ccMWL5ND.s 			page 1


   1              		.cpu cortex-m4
   2              		.eabi_attribute 27, 1
   3              		.eabi_attribute 28, 1
   4              		.eabi_attribute 20, 1
   5              		.eabi_attribute 21, 1
   6              		.eabi_attribute 23, 3
   7              		.eabi_attribute 24, 1
   8              		.eabi_attribute 25, 1
   9              		.eabi_attribute 26, 1
  10              		.eabi_attribute 30, 1
  11              		.eabi_attribute 34, 1
  12              		.eabi_attribute 18, 4
  13              		.file	"lv_example_label_2.c"
  14              		.text
  15              	.Ltext0:
  16              		.cfi_sections	.debug_frame
  17              		.section	.rodata.lv_example_label_2.str1.4,"aMS",%progbits,1
  18              		.align	2
  19              	.LC0:
  20 0000 41207369 		.ascii	"A simple method to create\012shadows on a text.\012"
  20      6D706C65 
  20      206D6574 
  20      686F6420 
  20      746F2063 
  21 002d 49742065 		.ascii	"It even works with\012\012newlines     and spaces.\000"
  21      76656E20 
  21      776F726B 
  21      73207769 
  21      74680A0A 
  22              		.section	.text.lv_example_label_2,"ax",%progbits
  23              		.align	1
  24              		.global	lv_example_label_2
  25              		.arch armv7e-m
  26              		.syntax unified
  27              		.thumb
  28              		.thumb_func
  29              		.fpu fpv4-sp-d16
  31              	lv_example_label_2:
  32              	.LFB189:
  33              		.file 1 "lvgl/lvgl/examples/widgets/label/lv_example_label_2.c"
   1:lvgl/lvgl/examples/widgets/label/lv_example_label_2.c **** #include "../../lv_examples.h"
   2:lvgl/lvgl/examples/widgets/label/lv_example_label_2.c **** #if LV_USE_LABEL && LV_BUILD_EXAMPLES
   3:lvgl/lvgl/examples/widgets/label/lv_example_label_2.c **** 
   4:lvgl/lvgl/examples/widgets/label/lv_example_label_2.c **** /**
   5:lvgl/lvgl/examples/widgets/label/lv_example_label_2.c ****  * Create a fake text shadow
   6:lvgl/lvgl/examples/widgets/label/lv_example_label_2.c ****  */
   7:lvgl/lvgl/examples/widgets/label/lv_example_label_2.c **** void lv_example_label_2(void)
   8:lvgl/lvgl/examples/widgets/label/lv_example_label_2.c **** {
  34              		.loc 1 8 1 view -0
  35              		.cfi_startproc
  36              		@ args = 0, pretend = 0, frame = 0
  37              		@ frame_needed = 0, uses_anonymous_args = 0
  38 0000 30B5     		push	{r4, r5, lr}
  39              	.LCFI0:
  40              		.cfi_def_cfa_offset 12
  41              		.cfi_offset 4, -12
  42              		.cfi_offset 5, -8
ARM GAS  C:\Users\gx\AppData\Local\Temp\ccMWL5ND.s 			page 2


  43              		.cfi_offset 14, -4
  44 0002 83B0     		sub	sp, sp, #12
  45              	.LCFI1:
  46              		.cfi_def_cfa_offset 24
   9:lvgl/lvgl/examples/widgets/label/lv_example_label_2.c ****     /*Create a style for the shadow*/
  10:lvgl/lvgl/examples/widgets/label/lv_example_label_2.c ****     static lv_style_t style_shadow;
  47              		.loc 1 10 5 view .LVU1
  11:lvgl/lvgl/examples/widgets/label/lv_example_label_2.c ****     lv_style_init(&style_shadow);
  48              		.loc 1 11 5 view .LVU2
  49 0004 1B4C     		ldr	r4, .L3
  50 0006 2046     		mov	r0, r4
  51 0008 FFF7FEFF 		bl	lv_style_init
  52              	.LVL0:
  12:lvgl/lvgl/examples/widgets/label/lv_example_label_2.c ****     lv_style_set_text_opa(&style_shadow, LV_OPA_30);
  53              		.loc 1 12 5 view .LVU3
  54 000c 4C21     		movs	r1, #76
  55 000e 2046     		mov	r0, r4
  56 0010 FFF7FEFF 		bl	lv_style_set_text_opa
  57              	.LVL1:
  13:lvgl/lvgl/examples/widgets/label/lv_example_label_2.c ****     lv_style_set_text_color(&style_shadow, lv_color_black());
  58              		.loc 1 13 5 view .LVU4
  59              	.LBB12:
  60              	.LBI12:
  61              		.file 2 "d:\\practise\\f407_disc\\lvgl\\lvgl\\src\\misc\\lv_color.h"
   1:d:\practise\f407_disc\lvgl\lvgl\src\misc\lv_color.h **** /**
   2:d:\practise\f407_disc\lvgl\lvgl\src\misc\lv_color.h ****  * @file lv_color.h
   3:d:\practise\f407_disc\lvgl\lvgl\src\misc\lv_color.h ****  *
   4:d:\practise\f407_disc\lvgl\lvgl\src\misc\lv_color.h ****  */
   5:d:\practise\f407_disc\lvgl\lvgl\src\misc\lv_color.h **** 
   6:d:\practise\f407_disc\lvgl\lvgl\src\misc\lv_color.h **** #ifndef LV_COLOR_H
   7:d:\practise\f407_disc\lvgl\lvgl\src\misc\lv_color.h **** #define LV_COLOR_H
   8:d:\practise\f407_disc\lvgl\lvgl\src\misc\lv_color.h **** 
   9:d:\practise\f407_disc\lvgl\lvgl\src\misc\lv_color.h **** #ifdef __cplusplus
  10:d:\practise\f407_disc\lvgl\lvgl\src\misc\lv_color.h **** extern "C" {
  11:d:\practise\f407_disc\lvgl\lvgl\src\misc\lv_color.h **** #endif
  12:d:\practise\f407_disc\lvgl\lvgl\src\misc\lv_color.h **** 
  13:d:\practise\f407_disc\lvgl\lvgl\src\misc\lv_color.h **** /*********************
  14:d:\practise\f407_disc\lvgl\lvgl\src\misc\lv_color.h ****  *      INCLUDES
  15:d:\practise\f407_disc\lvgl\lvgl\src\misc\lv_color.h ****  *********************/
  16:d:\practise\f407_disc\lvgl\lvgl\src\misc\lv_color.h **** #include "../lv_conf_internal.h"
  17:d:\practise\f407_disc\lvgl\lvgl\src\misc\lv_color.h **** #include "lv_math.h"
  18:d:\practise\f407_disc\lvgl\lvgl\src\misc\lv_color.h **** #include "lv_types.h"
  19:d:\practise\f407_disc\lvgl\lvgl\src\misc\lv_color.h **** 
  20:d:\practise\f407_disc\lvgl\lvgl\src\misc\lv_color.h **** /*Error checking*/
  21:d:\practise\f407_disc\lvgl\lvgl\src\misc\lv_color.h **** #if LV_COLOR_DEPTH == 24
  22:d:\practise\f407_disc\lvgl\lvgl\src\misc\lv_color.h **** #error "LV_COLOR_DEPTH 24 is deprecated. Use LV_COLOR_DEPTH 32 instead (lv_conf.h)"
  23:d:\practise\f407_disc\lvgl\lvgl\src\misc\lv_color.h **** #endif
  24:d:\practise\f407_disc\lvgl\lvgl\src\misc\lv_color.h **** 
  25:d:\practise\f407_disc\lvgl\lvgl\src\misc\lv_color.h **** #if LV_COLOR_DEPTH != 32 && LV_COLOR_SCREEN_TRANSP != 0
  26:d:\practise\f407_disc\lvgl\lvgl\src\misc\lv_color.h **** #error "LV_COLOR_SCREEN_TRANSP requires LV_COLOR_DEPTH == 32. Set it in lv_conf.h"
  27:d:\practise\f407_disc\lvgl\lvgl\src\misc\lv_color.h **** #endif
  28:d:\practise\f407_disc\lvgl\lvgl\src\misc\lv_color.h **** 
  29:d:\practise\f407_disc\lvgl\lvgl\src\misc\lv_color.h **** #if LV_COLOR_DEPTH != 16 && LV_COLOR_16_SWAP != 0
  30:d:\practise\f407_disc\lvgl\lvgl\src\misc\lv_color.h **** #error "LV_COLOR_16_SWAP requires LV_COLOR_DEPTH == 16. Set it in lv_conf.h"
  31:d:\practise\f407_disc\lvgl\lvgl\src\misc\lv_color.h **** #endif
  32:d:\practise\f407_disc\lvgl\lvgl\src\misc\lv_color.h **** 
  33:d:\practise\f407_disc\lvgl\lvgl\src\misc\lv_color.h **** #include <stdint.h>
ARM GAS  C:\Users\gx\AppData\Local\Temp\ccMWL5ND.s 			page 3


  34:d:\practise\f407_disc\lvgl\lvgl\src\misc\lv_color.h **** 
  35:d:\practise\f407_disc\lvgl\lvgl\src\misc\lv_color.h **** /*********************
  36:d:\practise\f407_disc\lvgl\lvgl\src\misc\lv_color.h ****  *      DEFINES
  37:d:\practise\f407_disc\lvgl\lvgl\src\misc\lv_color.h ****  *********************/
  38:d:\practise\f407_disc\lvgl\lvgl\src\misc\lv_color.h **** 
  39:d:\practise\f407_disc\lvgl\lvgl\src\misc\lv_color.h **** /**
  40:d:\practise\f407_disc\lvgl\lvgl\src\misc\lv_color.h ****  * Opacity percentages.
  41:d:\practise\f407_disc\lvgl\lvgl\src\misc\lv_color.h ****  */
  42:d:\practise\f407_disc\lvgl\lvgl\src\misc\lv_color.h **** enum {
  43:d:\practise\f407_disc\lvgl\lvgl\src\misc\lv_color.h ****     LV_OPA_TRANSP = 0,
  44:d:\practise\f407_disc\lvgl\lvgl\src\misc\lv_color.h ****     LV_OPA_0      = 0,
  45:d:\practise\f407_disc\lvgl\lvgl\src\misc\lv_color.h ****     LV_OPA_10     = 25,
  46:d:\practise\f407_disc\lvgl\lvgl\src\misc\lv_color.h ****     LV_OPA_20     = 51,
  47:d:\practise\f407_disc\lvgl\lvgl\src\misc\lv_color.h ****     LV_OPA_30     = 76,
  48:d:\practise\f407_disc\lvgl\lvgl\src\misc\lv_color.h ****     LV_OPA_40     = 102,
  49:d:\practise\f407_disc\lvgl\lvgl\src\misc\lv_color.h ****     LV_OPA_50     = 127,
  50:d:\practise\f407_disc\lvgl\lvgl\src\misc\lv_color.h ****     LV_OPA_60     = 153,
  51:d:\practise\f407_disc\lvgl\lvgl\src\misc\lv_color.h ****     LV_OPA_70     = 178,
  52:d:\practise\f407_disc\lvgl\lvgl\src\misc\lv_color.h ****     LV_OPA_80     = 204,
  53:d:\practise\f407_disc\lvgl\lvgl\src\misc\lv_color.h ****     LV_OPA_90     = 229,
  54:d:\practise\f407_disc\lvgl\lvgl\src\misc\lv_color.h ****     LV_OPA_100    = 255,
  55:d:\practise\f407_disc\lvgl\lvgl\src\misc\lv_color.h ****     LV_OPA_COVER  = 255,
  56:d:\practise\f407_disc\lvgl\lvgl\src\misc\lv_color.h **** };
  57:d:\practise\f407_disc\lvgl\lvgl\src\misc\lv_color.h **** 
  58:d:\practise\f407_disc\lvgl\lvgl\src\misc\lv_color.h **** #define LV_OPA_MIN 2    /*Opacities below this will be transparent*/
  59:d:\practise\f407_disc\lvgl\lvgl\src\misc\lv_color.h **** #define LV_OPA_MAX 253  /*Opacities above this will fully cover*/
  60:d:\practise\f407_disc\lvgl\lvgl\src\misc\lv_color.h **** 
  61:d:\practise\f407_disc\lvgl\lvgl\src\misc\lv_color.h **** #if LV_COLOR_DEPTH == 1
  62:d:\practise\f407_disc\lvgl\lvgl\src\misc\lv_color.h **** #define LV_COLOR_SIZE 8
  63:d:\practise\f407_disc\lvgl\lvgl\src\misc\lv_color.h **** #elif LV_COLOR_DEPTH == 8
  64:d:\practise\f407_disc\lvgl\lvgl\src\misc\lv_color.h **** #define LV_COLOR_SIZE 8
  65:d:\practise\f407_disc\lvgl\lvgl\src\misc\lv_color.h **** #elif LV_COLOR_DEPTH == 16
  66:d:\practise\f407_disc\lvgl\lvgl\src\misc\lv_color.h **** #define LV_COLOR_SIZE 16
  67:d:\practise\f407_disc\lvgl\lvgl\src\misc\lv_color.h **** #elif LV_COLOR_DEPTH == 32
  68:d:\practise\f407_disc\lvgl\lvgl\src\misc\lv_color.h **** #define LV_COLOR_SIZE 32
  69:d:\practise\f407_disc\lvgl\lvgl\src\misc\lv_color.h **** #else
  70:d:\practise\f407_disc\lvgl\lvgl\src\misc\lv_color.h **** #error "Invalid LV_COLOR_DEPTH in lv_conf.h! Set it to 1, 8, 16 or 32!"
  71:d:\practise\f407_disc\lvgl\lvgl\src\misc\lv_color.h **** #endif
  72:d:\practise\f407_disc\lvgl\lvgl\src\misc\lv_color.h **** 
  73:d:\practise\f407_disc\lvgl\lvgl\src\misc\lv_color.h **** /**
  74:d:\practise\f407_disc\lvgl\lvgl\src\misc\lv_color.h ****  * Adjust color mix functions rounding.
  75:d:\practise\f407_disc\lvgl\lvgl\src\misc\lv_color.h ****  * GPUs might calculate color mix (blending) differently.
  76:d:\practise\f407_disc\lvgl\lvgl\src\misc\lv_color.h ****  * Should be in range of 0..254
  77:d:\practise\f407_disc\lvgl\lvgl\src\misc\lv_color.h ****  * 0: no adjustment, get the integer part of the result (round down)
  78:d:\practise\f407_disc\lvgl\lvgl\src\misc\lv_color.h ****  * 64: round up from x.75
  79:d:\practise\f407_disc\lvgl\lvgl\src\misc\lv_color.h ****  * 128: round up from half
  80:d:\practise\f407_disc\lvgl\lvgl\src\misc\lv_color.h ****  * 192: round up from x.25
  81:d:\practise\f407_disc\lvgl\lvgl\src\misc\lv_color.h ****  * 254: round up*/
  82:d:\practise\f407_disc\lvgl\lvgl\src\misc\lv_color.h **** #ifndef LV_COLOR_MIX_ROUND_OFS
  83:d:\practise\f407_disc\lvgl\lvgl\src\misc\lv_color.h **** #if LV_COLOR_DEPTH == 32
  84:d:\practise\f407_disc\lvgl\lvgl\src\misc\lv_color.h **** #define LV_COLOR_MIX_ROUND_OFS 0
  85:d:\practise\f407_disc\lvgl\lvgl\src\misc\lv_color.h **** #else
  86:d:\practise\f407_disc\lvgl\lvgl\src\misc\lv_color.h **** #define LV_COLOR_MIX_ROUND_OFS 128
  87:d:\practise\f407_disc\lvgl\lvgl\src\misc\lv_color.h **** #endif
  88:d:\practise\f407_disc\lvgl\lvgl\src\misc\lv_color.h **** #endif
  89:d:\practise\f407_disc\lvgl\lvgl\src\misc\lv_color.h **** 
  90:d:\practise\f407_disc\lvgl\lvgl\src\misc\lv_color.h **** #if defined(__cplusplus) && !defined(_LV_COLOR_HAS_MODERN_CPP)
ARM GAS  C:\Users\gx\AppData\Local\Temp\ccMWL5ND.s 			page 4


  91:d:\practise\f407_disc\lvgl\lvgl\src\misc\lv_color.h **** /**
  92:d:\practise\f407_disc\lvgl\lvgl\src\misc\lv_color.h **** * MSVC compiler's definition of the __cplusplus indicating 199711L regardless to C++ standard versi
  93:d:\practise\f407_disc\lvgl\lvgl\src\misc\lv_color.h **** * see https://devblogs.microsoft.com/cppblog/msvc-now-correctly-reports-cplusplus
  94:d:\practise\f407_disc\lvgl\lvgl\src\misc\lv_color.h **** * so we use _MSC_VER macro instead of __cplusplus
  95:d:\practise\f407_disc\lvgl\lvgl\src\misc\lv_color.h **** */
  96:d:\practise\f407_disc\lvgl\lvgl\src\misc\lv_color.h **** #ifdef _MSC_VER
  97:d:\practise\f407_disc\lvgl\lvgl\src\misc\lv_color.h **** #if _MSC_VER >= 1900 /*Visual Studio 2015*/
  98:d:\practise\f407_disc\lvgl\lvgl\src\misc\lv_color.h **** #define _LV_COLOR_HAS_MODERN_CPP 1
  99:d:\practise\f407_disc\lvgl\lvgl\src\misc\lv_color.h **** #endif
 100:d:\practise\f407_disc\lvgl\lvgl\src\misc\lv_color.h **** #else
 101:d:\practise\f407_disc\lvgl\lvgl\src\misc\lv_color.h **** #if __cplusplus >= 201103L
 102:d:\practise\f407_disc\lvgl\lvgl\src\misc\lv_color.h **** #define _LV_COLOR_HAS_MODERN_CPP 1
 103:d:\practise\f407_disc\lvgl\lvgl\src\misc\lv_color.h **** #endif
 104:d:\practise\f407_disc\lvgl\lvgl\src\misc\lv_color.h **** #endif
 105:d:\practise\f407_disc\lvgl\lvgl\src\misc\lv_color.h **** #endif /*__cplusplus*/
 106:d:\practise\f407_disc\lvgl\lvgl\src\misc\lv_color.h **** 
 107:d:\practise\f407_disc\lvgl\lvgl\src\misc\lv_color.h **** #ifndef _LV_COLOR_HAS_MODERN_CPP
 108:d:\practise\f407_disc\lvgl\lvgl\src\misc\lv_color.h **** #define _LV_COLOR_HAS_MODERN_CPP 0
 109:d:\practise\f407_disc\lvgl\lvgl\src\misc\lv_color.h **** #endif
 110:d:\practise\f407_disc\lvgl\lvgl\src\misc\lv_color.h **** 
 111:d:\practise\f407_disc\lvgl\lvgl\src\misc\lv_color.h **** #if _LV_COLOR_HAS_MODERN_CPP
 112:d:\practise\f407_disc\lvgl\lvgl\src\misc\lv_color.h **** /*Fix msvc compiler error C4576 inside C++ code*/
 113:d:\practise\f407_disc\lvgl\lvgl\src\misc\lv_color.h **** #define _LV_COLOR_MAKE_TYPE_HELPER lv_color_t
 114:d:\practise\f407_disc\lvgl\lvgl\src\misc\lv_color.h **** #else
 115:d:\practise\f407_disc\lvgl\lvgl\src\misc\lv_color.h **** #define _LV_COLOR_MAKE_TYPE_HELPER (lv_color_t)
 116:d:\practise\f407_disc\lvgl\lvgl\src\misc\lv_color.h **** #endif
 117:d:\practise\f407_disc\lvgl\lvgl\src\misc\lv_color.h **** 
 118:d:\practise\f407_disc\lvgl\lvgl\src\misc\lv_color.h **** /*---------------------------------------
 119:d:\practise\f407_disc\lvgl\lvgl\src\misc\lv_color.h ****  * Macros for all existing color depths
 120:d:\practise\f407_disc\lvgl\lvgl\src\misc\lv_color.h ****  * to set/get values of the color channels
 121:d:\practise\f407_disc\lvgl\lvgl\src\misc\lv_color.h ****  *------------------------------------------*/
 122:d:\practise\f407_disc\lvgl\lvgl\src\misc\lv_color.h **** # define LV_COLOR_SET_R1(c, v) (c).ch.red = (uint8_t)((v) & 0x1)
 123:d:\practise\f407_disc\lvgl\lvgl\src\misc\lv_color.h **** # define LV_COLOR_SET_G1(c, v) (c).ch.green = (uint8_t)((v) & 0x1)
 124:d:\practise\f407_disc\lvgl\lvgl\src\misc\lv_color.h **** # define LV_COLOR_SET_B1(c, v) (c).ch.blue = (uint8_t)((v) & 0x1)
 125:d:\practise\f407_disc\lvgl\lvgl\src\misc\lv_color.h **** # define LV_COLOR_SET_A1(c, v) do {} while(0)
 126:d:\practise\f407_disc\lvgl\lvgl\src\misc\lv_color.h **** 
 127:d:\practise\f407_disc\lvgl\lvgl\src\misc\lv_color.h **** # define LV_COLOR_GET_R1(c) (c).ch.red
 128:d:\practise\f407_disc\lvgl\lvgl\src\misc\lv_color.h **** # define LV_COLOR_GET_G1(c) (c).ch.green
 129:d:\practise\f407_disc\lvgl\lvgl\src\misc\lv_color.h **** # define LV_COLOR_GET_B1(c) (c).ch.blue
 130:d:\practise\f407_disc\lvgl\lvgl\src\misc\lv_color.h **** # define LV_COLOR_GET_A1(c) 0xFF
 131:d:\practise\f407_disc\lvgl\lvgl\src\misc\lv_color.h **** 
 132:d:\practise\f407_disc\lvgl\lvgl\src\misc\lv_color.h **** # define _LV_COLOR_ZERO_INITIALIZER1 {0x00}
 133:d:\practise\f407_disc\lvgl\lvgl\src\misc\lv_color.h **** # define LV_COLOR_MAKE1(r8, g8, b8)  {(uint8_t)((b8 >> 7) | (g8 >> 7) | (r8 >> 7))}
 134:d:\practise\f407_disc\lvgl\lvgl\src\misc\lv_color.h **** 
 135:d:\practise\f407_disc\lvgl\lvgl\src\misc\lv_color.h **** # define LV_COLOR_SET_R8(c, v) (c).ch.red = (uint8_t)((v) & 0x7U)
 136:d:\practise\f407_disc\lvgl\lvgl\src\misc\lv_color.h **** # define LV_COLOR_SET_G8(c, v) (c).ch.green = (uint8_t)((v) & 0x7U)
 137:d:\practise\f407_disc\lvgl\lvgl\src\misc\lv_color.h **** # define LV_COLOR_SET_B8(c, v) (c).ch.blue = (uint8_t)((v) & 0x3U)
 138:d:\practise\f407_disc\lvgl\lvgl\src\misc\lv_color.h **** # define LV_COLOR_SET_A8(c, v) do {} while(0)
 139:d:\practise\f407_disc\lvgl\lvgl\src\misc\lv_color.h **** 
 140:d:\practise\f407_disc\lvgl\lvgl\src\misc\lv_color.h **** # define LV_COLOR_GET_R8(c) (c).ch.red
 141:d:\practise\f407_disc\lvgl\lvgl\src\misc\lv_color.h **** # define LV_COLOR_GET_G8(c) (c).ch.green
 142:d:\practise\f407_disc\lvgl\lvgl\src\misc\lv_color.h **** # define LV_COLOR_GET_B8(c) (c).ch.blue
 143:d:\practise\f407_disc\lvgl\lvgl\src\misc\lv_color.h **** # define LV_COLOR_GET_A8(c) 0xFF
 144:d:\practise\f407_disc\lvgl\lvgl\src\misc\lv_color.h **** 
 145:d:\practise\f407_disc\lvgl\lvgl\src\misc\lv_color.h **** # define _LV_COLOR_ZERO_INITIALIZER8 {{0x00, 0x00, 0x00}}
 146:d:\practise\f407_disc\lvgl\lvgl\src\misc\lv_color.h **** # define LV_COLOR_MAKE8(r8, g8, b8) {{(uint8_t)((b8 >> 6) & 0x3U), (uint8_t)((g8 >> 5) & 0x7U), (ui
 147:d:\practise\f407_disc\lvgl\lvgl\src\misc\lv_color.h **** 
ARM GAS  C:\Users\gx\AppData\Local\Temp\ccMWL5ND.s 			page 5


 148:d:\practise\f407_disc\lvgl\lvgl\src\misc\lv_color.h **** # define LV_COLOR_SET_R16(c, v) (c).ch.red = (uint8_t)((v) & 0x1FU)
 149:d:\practise\f407_disc\lvgl\lvgl\src\misc\lv_color.h **** #if LV_COLOR_16_SWAP == 0
 150:d:\practise\f407_disc\lvgl\lvgl\src\misc\lv_color.h **** # define LV_COLOR_SET_G16(c, v) (c).ch.green = (uint8_t)((v) & 0x3FU)
 151:d:\practise\f407_disc\lvgl\lvgl\src\misc\lv_color.h **** #else
 152:d:\practise\f407_disc\lvgl\lvgl\src\misc\lv_color.h **** # define LV_COLOR_SET_G16(c, v) {(c).ch.green_h = (uint8_t)(((v) >> 3) & 0x7); (c).ch.green_l = (ui
 153:d:\practise\f407_disc\lvgl\lvgl\src\misc\lv_color.h **** #endif
 154:d:\practise\f407_disc\lvgl\lvgl\src\misc\lv_color.h **** # define LV_COLOR_SET_B16(c, v) (c).ch.blue = (uint8_t)((v) & 0x1FU)
 155:d:\practise\f407_disc\lvgl\lvgl\src\misc\lv_color.h **** # define LV_COLOR_SET_A16(c, v) do {} while(0)
 156:d:\practise\f407_disc\lvgl\lvgl\src\misc\lv_color.h **** 
 157:d:\practise\f407_disc\lvgl\lvgl\src\misc\lv_color.h **** # define LV_COLOR_GET_R16(c) (c).ch.red
 158:d:\practise\f407_disc\lvgl\lvgl\src\misc\lv_color.h **** #if LV_COLOR_16_SWAP == 0
 159:d:\practise\f407_disc\lvgl\lvgl\src\misc\lv_color.h **** # define LV_COLOR_GET_G16(c) (c).ch.green
 160:d:\practise\f407_disc\lvgl\lvgl\src\misc\lv_color.h **** #else
 161:d:\practise\f407_disc\lvgl\lvgl\src\misc\lv_color.h **** # define LV_COLOR_GET_G16(c) (((c).ch.green_h << 3) + (c).ch.green_l)
 162:d:\practise\f407_disc\lvgl\lvgl\src\misc\lv_color.h **** #endif
 163:d:\practise\f407_disc\lvgl\lvgl\src\misc\lv_color.h **** # define LV_COLOR_GET_B16(c) (c).ch.blue
 164:d:\practise\f407_disc\lvgl\lvgl\src\misc\lv_color.h **** # define LV_COLOR_GET_A16(c) 0xFF
 165:d:\practise\f407_disc\lvgl\lvgl\src\misc\lv_color.h **** 
 166:d:\practise\f407_disc\lvgl\lvgl\src\misc\lv_color.h **** #if LV_COLOR_16_SWAP == 0
 167:d:\practise\f407_disc\lvgl\lvgl\src\misc\lv_color.h **** # define _LV_COLOR_ZERO_INITIALIZER16  {{0x00, 0x00, 0x00}}
 168:d:\practise\f407_disc\lvgl\lvgl\src\misc\lv_color.h **** # define LV_COLOR_MAKE16(r8, g8, b8) {{(uint8_t)((b8 >> 3) & 0x1FU), (uint8_t)((g8 >> 2) & 0x3FU), 
 169:d:\practise\f407_disc\lvgl\lvgl\src\misc\lv_color.h **** #else
 170:d:\practise\f407_disc\lvgl\lvgl\src\misc\lv_color.h **** # define _LV_COLOR_ZERO_INITIALIZER16 {{0x00, 0x00, 0x00, 0x00}}
 171:d:\practise\f407_disc\lvgl\lvgl\src\misc\lv_color.h **** # define LV_COLOR_MAKE16(r8, g8, b8) {{(uint8_t)((g8 >> 5) & 0x7U), (uint8_t)((r8 >> 3) & 0x1FU), (
 172:d:\practise\f407_disc\lvgl\lvgl\src\misc\lv_color.h **** #endif
 173:d:\practise\f407_disc\lvgl\lvgl\src\misc\lv_color.h **** 
 174:d:\practise\f407_disc\lvgl\lvgl\src\misc\lv_color.h **** # define LV_COLOR_SET_R32(c, v) (c).ch.red = (uint8_t)((v) & 0xFF)
 175:d:\practise\f407_disc\lvgl\lvgl\src\misc\lv_color.h **** # define LV_COLOR_SET_G32(c, v) (c).ch.green = (uint8_t)((v) & 0xFF)
 176:d:\practise\f407_disc\lvgl\lvgl\src\misc\lv_color.h **** # define LV_COLOR_SET_B32(c, v) (c).ch.blue = (uint8_t)((v) & 0xFF)
 177:d:\practise\f407_disc\lvgl\lvgl\src\misc\lv_color.h **** # define LV_COLOR_SET_A32(c, v) (c).ch.alpha = (uint8_t)((v) & 0xFF)
 178:d:\practise\f407_disc\lvgl\lvgl\src\misc\lv_color.h **** 
 179:d:\practise\f407_disc\lvgl\lvgl\src\misc\lv_color.h **** # define LV_COLOR_GET_R32(c) (c).ch.red
 180:d:\practise\f407_disc\lvgl\lvgl\src\misc\lv_color.h **** # define LV_COLOR_GET_G32(c) (c).ch.green
 181:d:\practise\f407_disc\lvgl\lvgl\src\misc\lv_color.h **** # define LV_COLOR_GET_B32(c) (c).ch.blue
 182:d:\practise\f407_disc\lvgl\lvgl\src\misc\lv_color.h **** # define LV_COLOR_GET_A32(c) (c).ch.alpha
 183:d:\practise\f407_disc\lvgl\lvgl\src\misc\lv_color.h **** 
 184:d:\practise\f407_disc\lvgl\lvgl\src\misc\lv_color.h **** # define _LV_COLOR_ZERO_INITIALIZER32  {{0x00, 0x00, 0x00, 0x00}}
 185:d:\practise\f407_disc\lvgl\lvgl\src\misc\lv_color.h **** # define LV_COLOR_MAKE32(r8, g8, b8) {{b8, g8, r8, 0xff}} /*Fix 0xff alpha*/
 186:d:\practise\f407_disc\lvgl\lvgl\src\misc\lv_color.h **** 
 187:d:\practise\f407_disc\lvgl\lvgl\src\misc\lv_color.h **** /*---------------------------------------
 188:d:\practise\f407_disc\lvgl\lvgl\src\misc\lv_color.h ****  * Macros for the current color depth
 189:d:\practise\f407_disc\lvgl\lvgl\src\misc\lv_color.h ****  * to set/get values of the color channels
 190:d:\practise\f407_disc\lvgl\lvgl\src\misc\lv_color.h ****  *------------------------------------------*/
 191:d:\practise\f407_disc\lvgl\lvgl\src\misc\lv_color.h **** #define LV_COLOR_SET_R(c, v) LV_CONCAT(LV_COLOR_SET_R, LV_COLOR_DEPTH)(c, v)
 192:d:\practise\f407_disc\lvgl\lvgl\src\misc\lv_color.h **** #define LV_COLOR_SET_G(c, v) LV_CONCAT(LV_COLOR_SET_G, LV_COLOR_DEPTH)(c, v)
 193:d:\practise\f407_disc\lvgl\lvgl\src\misc\lv_color.h **** #define LV_COLOR_SET_B(c, v) LV_CONCAT(LV_COLOR_SET_B, LV_COLOR_DEPTH)(c, v)
 194:d:\practise\f407_disc\lvgl\lvgl\src\misc\lv_color.h **** #define LV_COLOR_SET_A(c, v) LV_CONCAT(LV_COLOR_SET_A, LV_COLOR_DEPTH)(c, v)
 195:d:\practise\f407_disc\lvgl\lvgl\src\misc\lv_color.h **** 
 196:d:\practise\f407_disc\lvgl\lvgl\src\misc\lv_color.h **** #define LV_COLOR_GET_R(c) LV_CONCAT(LV_COLOR_GET_R, LV_COLOR_DEPTH)(c)
 197:d:\practise\f407_disc\lvgl\lvgl\src\misc\lv_color.h **** #define LV_COLOR_GET_G(c) LV_CONCAT(LV_COLOR_GET_G, LV_COLOR_DEPTH)(c)
 198:d:\practise\f407_disc\lvgl\lvgl\src\misc\lv_color.h **** #define LV_COLOR_GET_B(c) LV_CONCAT(LV_COLOR_GET_B, LV_COLOR_DEPTH)(c)
 199:d:\practise\f407_disc\lvgl\lvgl\src\misc\lv_color.h **** #define LV_COLOR_GET_A(c) LV_CONCAT(LV_COLOR_GET_A, LV_COLOR_DEPTH)(c)
 200:d:\practise\f407_disc\lvgl\lvgl\src\misc\lv_color.h **** 
 201:d:\practise\f407_disc\lvgl\lvgl\src\misc\lv_color.h **** #define _LV_COLOR_ZERO_INITIALIZER LV_CONCAT(_LV_COLOR_ZERO_INITIALIZER, LV_COLOR_DEPTH)
 202:d:\practise\f407_disc\lvgl\lvgl\src\misc\lv_color.h **** #define LV_COLOR_MAKE(r8, g8, b8) LV_CONCAT(LV_COLOR_MAKE, LV_COLOR_DEPTH)(r8, g8, b8)
 203:d:\practise\f407_disc\lvgl\lvgl\src\misc\lv_color.h **** 
 204:d:\practise\f407_disc\lvgl\lvgl\src\misc\lv_color.h **** #define LV_UDIV255(x) ((uint32_t)((uint32_t) (x) * 0x8081) >> 0x17)
ARM GAS  C:\Users\gx\AppData\Local\Temp\ccMWL5ND.s 			page 6


 205:d:\practise\f407_disc\lvgl\lvgl\src\misc\lv_color.h **** 
 206:d:\practise\f407_disc\lvgl\lvgl\src\misc\lv_color.h **** /**********************
 207:d:\practise\f407_disc\lvgl\lvgl\src\misc\lv_color.h ****  *      TYPEDEFS
 208:d:\practise\f407_disc\lvgl\lvgl\src\misc\lv_color.h ****  **********************/
 209:d:\practise\f407_disc\lvgl\lvgl\src\misc\lv_color.h **** 
 210:d:\practise\f407_disc\lvgl\lvgl\src\misc\lv_color.h **** typedef union {
 211:d:\practise\f407_disc\lvgl\lvgl\src\misc\lv_color.h ****     uint8_t full; /*must be declared first to set all bits of byte via initializer list*/
 212:d:\practise\f407_disc\lvgl\lvgl\src\misc\lv_color.h ****     union {
 213:d:\practise\f407_disc\lvgl\lvgl\src\misc\lv_color.h ****         uint8_t blue : 1;
 214:d:\practise\f407_disc\lvgl\lvgl\src\misc\lv_color.h ****         uint8_t green : 1;
 215:d:\practise\f407_disc\lvgl\lvgl\src\misc\lv_color.h ****         uint8_t red : 1;
 216:d:\practise\f407_disc\lvgl\lvgl\src\misc\lv_color.h ****     } ch;
 217:d:\practise\f407_disc\lvgl\lvgl\src\misc\lv_color.h **** } lv_color1_t;
 218:d:\practise\f407_disc\lvgl\lvgl\src\misc\lv_color.h **** 
 219:d:\practise\f407_disc\lvgl\lvgl\src\misc\lv_color.h **** typedef union {
 220:d:\practise\f407_disc\lvgl\lvgl\src\misc\lv_color.h ****     struct {
 221:d:\practise\f407_disc\lvgl\lvgl\src\misc\lv_color.h ****         uint8_t blue : 2;
 222:d:\practise\f407_disc\lvgl\lvgl\src\misc\lv_color.h ****         uint8_t green : 3;
 223:d:\practise\f407_disc\lvgl\lvgl\src\misc\lv_color.h ****         uint8_t red : 3;
 224:d:\practise\f407_disc\lvgl\lvgl\src\misc\lv_color.h ****     } ch;
 225:d:\practise\f407_disc\lvgl\lvgl\src\misc\lv_color.h ****     uint8_t full;
 226:d:\practise\f407_disc\lvgl\lvgl\src\misc\lv_color.h **** } lv_color8_t;
 227:d:\practise\f407_disc\lvgl\lvgl\src\misc\lv_color.h **** 
 228:d:\practise\f407_disc\lvgl\lvgl\src\misc\lv_color.h **** typedef union {
 229:d:\practise\f407_disc\lvgl\lvgl\src\misc\lv_color.h ****     struct {
 230:d:\practise\f407_disc\lvgl\lvgl\src\misc\lv_color.h **** #if LV_COLOR_16_SWAP == 0
 231:d:\practise\f407_disc\lvgl\lvgl\src\misc\lv_color.h ****         uint16_t blue : 5;
 232:d:\practise\f407_disc\lvgl\lvgl\src\misc\lv_color.h ****         uint16_t green : 6;
 233:d:\practise\f407_disc\lvgl\lvgl\src\misc\lv_color.h ****         uint16_t red : 5;
 234:d:\practise\f407_disc\lvgl\lvgl\src\misc\lv_color.h **** #else
 235:d:\practise\f407_disc\lvgl\lvgl\src\misc\lv_color.h ****         uint16_t green_h : 3;
 236:d:\practise\f407_disc\lvgl\lvgl\src\misc\lv_color.h ****         uint16_t red : 5;
 237:d:\practise\f407_disc\lvgl\lvgl\src\misc\lv_color.h ****         uint16_t blue : 5;
 238:d:\practise\f407_disc\lvgl\lvgl\src\misc\lv_color.h ****         uint16_t green_l : 3;
 239:d:\practise\f407_disc\lvgl\lvgl\src\misc\lv_color.h **** #endif
 240:d:\practise\f407_disc\lvgl\lvgl\src\misc\lv_color.h ****     } ch;
 241:d:\practise\f407_disc\lvgl\lvgl\src\misc\lv_color.h ****     uint16_t full;
 242:d:\practise\f407_disc\lvgl\lvgl\src\misc\lv_color.h **** } lv_color16_t;
 243:d:\practise\f407_disc\lvgl\lvgl\src\misc\lv_color.h **** 
 244:d:\practise\f407_disc\lvgl\lvgl\src\misc\lv_color.h **** typedef union {
 245:d:\practise\f407_disc\lvgl\lvgl\src\misc\lv_color.h ****     struct {
 246:d:\practise\f407_disc\lvgl\lvgl\src\misc\lv_color.h ****         uint8_t blue;
 247:d:\practise\f407_disc\lvgl\lvgl\src\misc\lv_color.h ****         uint8_t green;
 248:d:\practise\f407_disc\lvgl\lvgl\src\misc\lv_color.h ****         uint8_t red;
 249:d:\practise\f407_disc\lvgl\lvgl\src\misc\lv_color.h ****         uint8_t alpha;
 250:d:\practise\f407_disc\lvgl\lvgl\src\misc\lv_color.h ****     } ch;
 251:d:\practise\f407_disc\lvgl\lvgl\src\misc\lv_color.h ****     uint32_t full;
 252:d:\practise\f407_disc\lvgl\lvgl\src\misc\lv_color.h **** } lv_color32_t;
 253:d:\practise\f407_disc\lvgl\lvgl\src\misc\lv_color.h **** 
 254:d:\practise\f407_disc\lvgl\lvgl\src\misc\lv_color.h **** typedef LV_CONCAT3(uint, LV_COLOR_SIZE, _t) lv_color_int_t;
 255:d:\practise\f407_disc\lvgl\lvgl\src\misc\lv_color.h **** typedef LV_CONCAT3(lv_color, LV_COLOR_DEPTH, _t) lv_color_t;
 256:d:\practise\f407_disc\lvgl\lvgl\src\misc\lv_color.h **** 
 257:d:\practise\f407_disc\lvgl\lvgl\src\misc\lv_color.h **** typedef struct {
 258:d:\practise\f407_disc\lvgl\lvgl\src\misc\lv_color.h ****     uint16_t h;
 259:d:\practise\f407_disc\lvgl\lvgl\src\misc\lv_color.h ****     uint8_t s;
 260:d:\practise\f407_disc\lvgl\lvgl\src\misc\lv_color.h ****     uint8_t v;
 261:d:\practise\f407_disc\lvgl\lvgl\src\misc\lv_color.h **** } lv_color_hsv_t;
ARM GAS  C:\Users\gx\AppData\Local\Temp\ccMWL5ND.s 			page 7


 262:d:\practise\f407_disc\lvgl\lvgl\src\misc\lv_color.h **** 
 263:d:\practise\f407_disc\lvgl\lvgl\src\misc\lv_color.h **** //! @cond Doxygen_Suppress
 264:d:\practise\f407_disc\lvgl\lvgl\src\misc\lv_color.h **** /*No idea where the guard is required but else throws warnings in the docs*/
 265:d:\practise\f407_disc\lvgl\lvgl\src\misc\lv_color.h **** typedef uint8_t lv_opa_t;
 266:d:\practise\f407_disc\lvgl\lvgl\src\misc\lv_color.h **** //! @endcond
 267:d:\practise\f407_disc\lvgl\lvgl\src\misc\lv_color.h **** 
 268:d:\practise\f407_disc\lvgl\lvgl\src\misc\lv_color.h **** struct _lv_color_filter_dsc_t;
 269:d:\practise\f407_disc\lvgl\lvgl\src\misc\lv_color.h **** 
 270:d:\practise\f407_disc\lvgl\lvgl\src\misc\lv_color.h **** typedef lv_color_t (*lv_color_filter_cb_t)(const struct _lv_color_filter_dsc_t *, lv_color_t, lv_op
 271:d:\practise\f407_disc\lvgl\lvgl\src\misc\lv_color.h **** 
 272:d:\practise\f407_disc\lvgl\lvgl\src\misc\lv_color.h **** typedef struct _lv_color_filter_dsc_t {
 273:d:\practise\f407_disc\lvgl\lvgl\src\misc\lv_color.h ****     lv_color_filter_cb_t filter_cb;
 274:d:\practise\f407_disc\lvgl\lvgl\src\misc\lv_color.h ****     void * user_data;
 275:d:\practise\f407_disc\lvgl\lvgl\src\misc\lv_color.h **** }lv_color_filter_dsc_t;
 276:d:\practise\f407_disc\lvgl\lvgl\src\misc\lv_color.h **** 
 277:d:\practise\f407_disc\lvgl\lvgl\src\misc\lv_color.h **** 
 278:d:\practise\f407_disc\lvgl\lvgl\src\misc\lv_color.h **** typedef enum {
 279:d:\practise\f407_disc\lvgl\lvgl\src\misc\lv_color.h ****     LV_PALETTE_RED,
 280:d:\practise\f407_disc\lvgl\lvgl\src\misc\lv_color.h ****     LV_PALETTE_PINK,
 281:d:\practise\f407_disc\lvgl\lvgl\src\misc\lv_color.h ****     LV_PALETTE_PURPLE,
 282:d:\practise\f407_disc\lvgl\lvgl\src\misc\lv_color.h ****     LV_PALETTE_DEEP_PURPLE,
 283:d:\practise\f407_disc\lvgl\lvgl\src\misc\lv_color.h ****     LV_PALETTE_INDIGO,
 284:d:\practise\f407_disc\lvgl\lvgl\src\misc\lv_color.h ****     LV_PALETTE_BLUE,
 285:d:\practise\f407_disc\lvgl\lvgl\src\misc\lv_color.h ****     LV_PALETTE_LIGHT_BLUE,
 286:d:\practise\f407_disc\lvgl\lvgl\src\misc\lv_color.h ****     LV_PALETTE_CYAN,
 287:d:\practise\f407_disc\lvgl\lvgl\src\misc\lv_color.h ****     LV_PALETTE_TEAL,
 288:d:\practise\f407_disc\lvgl\lvgl\src\misc\lv_color.h ****     LV_PALETTE_GREEN,
 289:d:\practise\f407_disc\lvgl\lvgl\src\misc\lv_color.h ****     LV_PALETTE_LIGHT_GREEN,
 290:d:\practise\f407_disc\lvgl\lvgl\src\misc\lv_color.h ****     LV_PALETTE_LIME,
 291:d:\practise\f407_disc\lvgl\lvgl\src\misc\lv_color.h ****     LV_PALETTE_YELLOW,
 292:d:\practise\f407_disc\lvgl\lvgl\src\misc\lv_color.h ****     LV_PALETTE_AMBER,
 293:d:\practise\f407_disc\lvgl\lvgl\src\misc\lv_color.h ****     LV_PALETTE_ORANGE,
 294:d:\practise\f407_disc\lvgl\lvgl\src\misc\lv_color.h ****     LV_PALETTE_DEEP_ORANGE,
 295:d:\practise\f407_disc\lvgl\lvgl\src\misc\lv_color.h ****     LV_PALETTE_BROWN,
 296:d:\practise\f407_disc\lvgl\lvgl\src\misc\lv_color.h ****     LV_PALETTE_BLUE_GREY,
 297:d:\practise\f407_disc\lvgl\lvgl\src\misc\lv_color.h ****     LV_PALETTE_GREY,
 298:d:\practise\f407_disc\lvgl\lvgl\src\misc\lv_color.h ****     _LV_PALETTE_LAST,
 299:d:\practise\f407_disc\lvgl\lvgl\src\misc\lv_color.h ****     LV_PALETTE_NONE = 0xff,
 300:d:\practise\f407_disc\lvgl\lvgl\src\misc\lv_color.h **** }lv_palette_t;
 301:d:\practise\f407_disc\lvgl\lvgl\src\misc\lv_color.h **** 
 302:d:\practise\f407_disc\lvgl\lvgl\src\misc\lv_color.h **** /**********************
 303:d:\practise\f407_disc\lvgl\lvgl\src\misc\lv_color.h ****  * GLOBAL PROTOTYPES
 304:d:\practise\f407_disc\lvgl\lvgl\src\misc\lv_color.h ****  **********************/
 305:d:\practise\f407_disc\lvgl\lvgl\src\misc\lv_color.h **** 
 306:d:\practise\f407_disc\lvgl\lvgl\src\misc\lv_color.h **** /*In color conversations:
 307:d:\practise\f407_disc\lvgl\lvgl\src\misc\lv_color.h ****  * - When converting to bigger color type the LSB weight of 1 LSB is calculated
 308:d:\practise\f407_disc\lvgl\lvgl\src\misc\lv_color.h ****  *   E.g. 16 bit Red has 5 bits
 309:d:\practise\f407_disc\lvgl\lvgl\src\misc\lv_color.h ****  *         8 bit Red has 3 bits
 310:d:\practise\f407_disc\lvgl\lvgl\src\misc\lv_color.h ****  *        ----------------------
 311:d:\practise\f407_disc\lvgl\lvgl\src\misc\lv_color.h ****  *        8 bit red LSB = (2^5 - 1) / (2^3 - 1) = 31 / 7 = 4
 312:d:\practise\f407_disc\lvgl\lvgl\src\misc\lv_color.h ****  *
 313:d:\practise\f407_disc\lvgl\lvgl\src\misc\lv_color.h ****  * - When calculating to smaller color type simply shift out the LSBs
 314:d:\practise\f407_disc\lvgl\lvgl\src\misc\lv_color.h ****  *   E.g.  8 bit Red has 3 bits
 315:d:\practise\f407_disc\lvgl\lvgl\src\misc\lv_color.h ****  *        16 bit Red has 5 bits
 316:d:\practise\f407_disc\lvgl\lvgl\src\misc\lv_color.h ****  *        ----------------------
 317:d:\practise\f407_disc\lvgl\lvgl\src\misc\lv_color.h ****  *         Shift right with 5 - 3 = 2
 318:d:\practise\f407_disc\lvgl\lvgl\src\misc\lv_color.h ****  */
ARM GAS  C:\Users\gx\AppData\Local\Temp\ccMWL5ND.s 			page 8


 319:d:\practise\f407_disc\lvgl\lvgl\src\misc\lv_color.h **** static inline uint8_t lv_color_to1(lv_color_t color)
 320:d:\practise\f407_disc\lvgl\lvgl\src\misc\lv_color.h **** {
 321:d:\practise\f407_disc\lvgl\lvgl\src\misc\lv_color.h **** #if LV_COLOR_DEPTH == 1
 322:d:\practise\f407_disc\lvgl\lvgl\src\misc\lv_color.h ****     return color.full;
 323:d:\practise\f407_disc\lvgl\lvgl\src\misc\lv_color.h **** #elif LV_COLOR_DEPTH == 8
 324:d:\practise\f407_disc\lvgl\lvgl\src\misc\lv_color.h ****     if((LV_COLOR_GET_R(color) & 0x4) || (LV_COLOR_GET_G(color) & 0x4) || (LV_COLOR_GET_B(color) & 0
 325:d:\practise\f407_disc\lvgl\lvgl\src\misc\lv_color.h ****         return 1;
 326:d:\practise\f407_disc\lvgl\lvgl\src\misc\lv_color.h ****     }
 327:d:\practise\f407_disc\lvgl\lvgl\src\misc\lv_color.h ****     else {
 328:d:\practise\f407_disc\lvgl\lvgl\src\misc\lv_color.h ****         return 0;
 329:d:\practise\f407_disc\lvgl\lvgl\src\misc\lv_color.h ****     }
 330:d:\practise\f407_disc\lvgl\lvgl\src\misc\lv_color.h **** #elif LV_COLOR_DEPTH == 16
 331:d:\practise\f407_disc\lvgl\lvgl\src\misc\lv_color.h ****     if((LV_COLOR_GET_R(color) & 0x10) || (LV_COLOR_GET_G(color) & 0x20) || (LV_COLOR_GET_B(color) &
 332:d:\practise\f407_disc\lvgl\lvgl\src\misc\lv_color.h ****         return 1;
 333:d:\practise\f407_disc\lvgl\lvgl\src\misc\lv_color.h ****     }
 334:d:\practise\f407_disc\lvgl\lvgl\src\misc\lv_color.h ****     else {
 335:d:\practise\f407_disc\lvgl\lvgl\src\misc\lv_color.h ****         return 0;
 336:d:\practise\f407_disc\lvgl\lvgl\src\misc\lv_color.h ****     }
 337:d:\practise\f407_disc\lvgl\lvgl\src\misc\lv_color.h **** #elif LV_COLOR_DEPTH == 32
 338:d:\practise\f407_disc\lvgl\lvgl\src\misc\lv_color.h ****     if((LV_COLOR_GET_R(color) & 0x80) || (LV_COLOR_GET_G(color) & 0x80) || (LV_COLOR_GET_B(color) &
 339:d:\practise\f407_disc\lvgl\lvgl\src\misc\lv_color.h ****         return 1;
 340:d:\practise\f407_disc\lvgl\lvgl\src\misc\lv_color.h ****     }
 341:d:\practise\f407_disc\lvgl\lvgl\src\misc\lv_color.h ****     else {
 342:d:\practise\f407_disc\lvgl\lvgl\src\misc\lv_color.h ****         return 0;
 343:d:\practise\f407_disc\lvgl\lvgl\src\misc\lv_color.h ****     }
 344:d:\practise\f407_disc\lvgl\lvgl\src\misc\lv_color.h **** #endif
 345:d:\practise\f407_disc\lvgl\lvgl\src\misc\lv_color.h **** }
 346:d:\practise\f407_disc\lvgl\lvgl\src\misc\lv_color.h **** 
 347:d:\practise\f407_disc\lvgl\lvgl\src\misc\lv_color.h **** static inline uint8_t lv_color_to8(lv_color_t color)
 348:d:\practise\f407_disc\lvgl\lvgl\src\misc\lv_color.h **** {
 349:d:\practise\f407_disc\lvgl\lvgl\src\misc\lv_color.h **** #if LV_COLOR_DEPTH == 1
 350:d:\practise\f407_disc\lvgl\lvgl\src\misc\lv_color.h ****     if(color.full == 0)
 351:d:\practise\f407_disc\lvgl\lvgl\src\misc\lv_color.h ****         return 0;
 352:d:\practise\f407_disc\lvgl\lvgl\src\misc\lv_color.h ****     else
 353:d:\practise\f407_disc\lvgl\lvgl\src\misc\lv_color.h ****         return 0xFF;
 354:d:\practise\f407_disc\lvgl\lvgl\src\misc\lv_color.h **** #elif LV_COLOR_DEPTH == 8
 355:d:\practise\f407_disc\lvgl\lvgl\src\misc\lv_color.h ****     return color.full;
 356:d:\practise\f407_disc\lvgl\lvgl\src\misc\lv_color.h **** #elif LV_COLOR_DEPTH == 16
 357:d:\practise\f407_disc\lvgl\lvgl\src\misc\lv_color.h ****     lv_color8_t ret;
 358:d:\practise\f407_disc\lvgl\lvgl\src\misc\lv_color.h ****     LV_COLOR_SET_R8(ret, LV_COLOR_GET_R(color) >> 2); /*5 - 3  = 2*/
 359:d:\practise\f407_disc\lvgl\lvgl\src\misc\lv_color.h ****     LV_COLOR_SET_G8(ret, LV_COLOR_GET_G(color) >> 3); /*6 - 3  = 3*/
 360:d:\practise\f407_disc\lvgl\lvgl\src\misc\lv_color.h ****     LV_COLOR_SET_B8(ret, LV_COLOR_GET_B(color) >> 3); /*5 - 2  = 3*/
 361:d:\practise\f407_disc\lvgl\lvgl\src\misc\lv_color.h ****     return ret.full;
 362:d:\practise\f407_disc\lvgl\lvgl\src\misc\lv_color.h **** #elif LV_COLOR_DEPTH == 32
 363:d:\practise\f407_disc\lvgl\lvgl\src\misc\lv_color.h ****     lv_color8_t ret;
 364:d:\practise\f407_disc\lvgl\lvgl\src\misc\lv_color.h ****     LV_COLOR_SET_R8(ret, LV_COLOR_GET_R(color) >> 5); /*8 - 3  = 5*/
 365:d:\practise\f407_disc\lvgl\lvgl\src\misc\lv_color.h ****     LV_COLOR_SET_G8(ret, LV_COLOR_GET_G(color) >> 5); /*8 - 3  = 5*/
 366:d:\practise\f407_disc\lvgl\lvgl\src\misc\lv_color.h ****     LV_COLOR_SET_B8(ret, LV_COLOR_GET_B(color) >> 6); /*8 - 2  = 6*/
 367:d:\practise\f407_disc\lvgl\lvgl\src\misc\lv_color.h ****     return ret.full;
 368:d:\practise\f407_disc\lvgl\lvgl\src\misc\lv_color.h **** #endif
 369:d:\practise\f407_disc\lvgl\lvgl\src\misc\lv_color.h **** }
 370:d:\practise\f407_disc\lvgl\lvgl\src\misc\lv_color.h **** 
 371:d:\practise\f407_disc\lvgl\lvgl\src\misc\lv_color.h **** static inline uint16_t lv_color_to16(lv_color_t color)
 372:d:\practise\f407_disc\lvgl\lvgl\src\misc\lv_color.h **** {
 373:d:\practise\f407_disc\lvgl\lvgl\src\misc\lv_color.h **** #if LV_COLOR_DEPTH == 1
 374:d:\practise\f407_disc\lvgl\lvgl\src\misc\lv_color.h ****     if(color.full == 0)
 375:d:\practise\f407_disc\lvgl\lvgl\src\misc\lv_color.h ****         return 0;
ARM GAS  C:\Users\gx\AppData\Local\Temp\ccMWL5ND.s 			page 9


 376:d:\practise\f407_disc\lvgl\lvgl\src\misc\lv_color.h ****     else
 377:d:\practise\f407_disc\lvgl\lvgl\src\misc\lv_color.h ****         return 0xFFFF;
 378:d:\practise\f407_disc\lvgl\lvgl\src\misc\lv_color.h **** #elif LV_COLOR_DEPTH == 8
 379:d:\practise\f407_disc\lvgl\lvgl\src\misc\lv_color.h ****     lv_color16_t ret;
 380:d:\practise\f407_disc\lvgl\lvgl\src\misc\lv_color.h ****     LV_COLOR_SET_R16(ret, LV_COLOR_GET_R(color) * 4);  /*(2^5 - 1)/(2^3 - 1) = 31/7 = 4*/
 381:d:\practise\f407_disc\lvgl\lvgl\src\misc\lv_color.h ****     LV_COLOR_SET_G16(ret, LV_COLOR_GET_G(color) * 9);  /*(2^6 - 1)/(2^3 - 1) = 63/7 = 9*/
 382:d:\practise\f407_disc\lvgl\lvgl\src\misc\lv_color.h ****     LV_COLOR_SET_B16(ret, LV_COLOR_GET_B(color) * 10); /*(2^5 - 1)/(2^2 - 1) = 31/3 = 10*/
 383:d:\practise\f407_disc\lvgl\lvgl\src\misc\lv_color.h ****     return ret.full;
 384:d:\practise\f407_disc\lvgl\lvgl\src\misc\lv_color.h **** #elif LV_COLOR_DEPTH == 16
 385:d:\practise\f407_disc\lvgl\lvgl\src\misc\lv_color.h ****     return color.full;
 386:d:\practise\f407_disc\lvgl\lvgl\src\misc\lv_color.h **** #elif LV_COLOR_DEPTH == 32
 387:d:\practise\f407_disc\lvgl\lvgl\src\misc\lv_color.h ****     lv_color16_t ret;
 388:d:\practise\f407_disc\lvgl\lvgl\src\misc\lv_color.h ****     LV_COLOR_SET_R16(ret, LV_COLOR_GET_R(color) >> 3); /*8 - 5  = 3*/
 389:d:\practise\f407_disc\lvgl\lvgl\src\misc\lv_color.h ****     LV_COLOR_SET_G16(ret, LV_COLOR_GET_G(color) >> 2); /*8 - 6  = 2*/
 390:d:\practise\f407_disc\lvgl\lvgl\src\misc\lv_color.h ****     LV_COLOR_SET_B16(ret, LV_COLOR_GET_B(color) >> 3); /*8 - 5  = 3*/
 391:d:\practise\f407_disc\lvgl\lvgl\src\misc\lv_color.h ****     return ret.full;
 392:d:\practise\f407_disc\lvgl\lvgl\src\misc\lv_color.h **** #endif
 393:d:\practise\f407_disc\lvgl\lvgl\src\misc\lv_color.h **** }
 394:d:\practise\f407_disc\lvgl\lvgl\src\misc\lv_color.h **** 
 395:d:\practise\f407_disc\lvgl\lvgl\src\misc\lv_color.h **** static inline uint32_t lv_color_to32(lv_color_t color)
 396:d:\practise\f407_disc\lvgl\lvgl\src\misc\lv_color.h **** {
 397:d:\practise\f407_disc\lvgl\lvgl\src\misc\lv_color.h **** #if LV_COLOR_DEPTH == 1
 398:d:\practise\f407_disc\lvgl\lvgl\src\misc\lv_color.h ****     if(color.full == 0)
 399:d:\practise\f407_disc\lvgl\lvgl\src\misc\lv_color.h ****         return 0xFF000000;
 400:d:\practise\f407_disc\lvgl\lvgl\src\misc\lv_color.h ****     else
 401:d:\practise\f407_disc\lvgl\lvgl\src\misc\lv_color.h ****         return 0xFFFFFFFF;
 402:d:\practise\f407_disc\lvgl\lvgl\src\misc\lv_color.h **** #elif LV_COLOR_DEPTH == 8
 403:d:\practise\f407_disc\lvgl\lvgl\src\misc\lv_color.h ****     lv_color32_t ret;
 404:d:\practise\f407_disc\lvgl\lvgl\src\misc\lv_color.h ****     LV_COLOR_SET_R32(ret, LV_COLOR_GET_R(color) * 36); /*(2^8 - 1)/(2^3 - 1) = 255/7 = 36*/
 405:d:\practise\f407_disc\lvgl\lvgl\src\misc\lv_color.h ****     LV_COLOR_SET_G32(ret, LV_COLOR_GET_G(color) * 36); /*(2^8 - 1)/(2^3 - 1) = 255/7 = 36*/
 406:d:\practise\f407_disc\lvgl\lvgl\src\misc\lv_color.h ****     LV_COLOR_SET_B32(ret, LV_COLOR_GET_B(color) * 85); /*(2^8 - 1)/(2^2 - 1) = 255/3 = 85*/
 407:d:\practise\f407_disc\lvgl\lvgl\src\misc\lv_color.h ****     LV_COLOR_SET_A32(ret, 0xFF);
 408:d:\practise\f407_disc\lvgl\lvgl\src\misc\lv_color.h ****     return ret.full;
 409:d:\practise\f407_disc\lvgl\lvgl\src\misc\lv_color.h **** #elif LV_COLOR_DEPTH == 16
 410:d:\practise\f407_disc\lvgl\lvgl\src\misc\lv_color.h ****     /**
 411:d:\practise\f407_disc\lvgl\lvgl\src\misc\lv_color.h ****      * The floating point math for conversion is:
 412:d:\practise\f407_disc\lvgl\lvgl\src\misc\lv_color.h ****      *  valueto = valuefrom * ( (2^bitsto - 1) / (float)(2^bitsfrom - 1) )
 413:d:\practise\f407_disc\lvgl\lvgl\src\misc\lv_color.h ****      * The faster integer math for conversion is:
 414:d:\practise\f407_disc\lvgl\lvgl\src\misc\lv_color.h ****      *  valueto = ( valuefrom * multiplier + adder ) >> divisor
 415:d:\practise\f407_disc\lvgl\lvgl\src\misc\lv_color.h ****      *   multiplier = FLOOR( ( (2^bitsto - 1) << divisor ) / (float)(2^bitsfrom - 1) )
 416:d:\practise\f407_disc\lvgl\lvgl\src\misc\lv_color.h ****      *
 417:d:\practise\f407_disc\lvgl\lvgl\src\misc\lv_color.h ****      * Find the first divisor where ( adder >> divisor ) <= 0
 418:d:\practise\f407_disc\lvgl\lvgl\src\misc\lv_color.h ****      *
 419:d:\practise\f407_disc\lvgl\lvgl\src\misc\lv_color.h ****      * 5-bit to 8-bit: ( 31 * multiplier + adder ) >> divisor = 255
 420:d:\practise\f407_disc\lvgl\lvgl\src\misc\lv_color.h ****      * divisor  multiplier  adder  min (0)  max (31)
 421:d:\practise\f407_disc\lvgl\lvgl\src\misc\lv_color.h ****      *       0           8      7        7       255
 422:d:\practise\f407_disc\lvgl\lvgl\src\misc\lv_color.h ****      *       1          16     14        7       255
 423:d:\practise\f407_disc\lvgl\lvgl\src\misc\lv_color.h ****      *       2          32     28        7       255
 424:d:\practise\f407_disc\lvgl\lvgl\src\misc\lv_color.h ****      *       3          65     25        3       255
 425:d:\practise\f407_disc\lvgl\lvgl\src\misc\lv_color.h ****      *       4         131     19        1       255
 426:d:\practise\f407_disc\lvgl\lvgl\src\misc\lv_color.h ****      *       5         263      7        0       255
 427:d:\practise\f407_disc\lvgl\lvgl\src\misc\lv_color.h ****      *
 428:d:\practise\f407_disc\lvgl\lvgl\src\misc\lv_color.h ****      * 6-bit to 8-bit: 255 = ( 63 * multiplier + adder ) >> divisor
 429:d:\practise\f407_disc\lvgl\lvgl\src\misc\lv_color.h ****      * divisor  multiplier  adder  min (0)  max (63)
 430:d:\practise\f407_disc\lvgl\lvgl\src\misc\lv_color.h ****      *       0           4      3        3       255
 431:d:\practise\f407_disc\lvgl\lvgl\src\misc\lv_color.h ****      *       1           8      6        3       255
 432:d:\practise\f407_disc\lvgl\lvgl\src\misc\lv_color.h ****      *       2          16     12        3       255
ARM GAS  C:\Users\gx\AppData\Local\Temp\ccMWL5ND.s 			page 10


 433:d:\practise\f407_disc\lvgl\lvgl\src\misc\lv_color.h ****      *       3          32     24        3       255
 434:d:\practise\f407_disc\lvgl\lvgl\src\misc\lv_color.h ****      *       4          64     48        3       255
 435:d:\practise\f407_disc\lvgl\lvgl\src\misc\lv_color.h ****      *       5         129     33        1       255
 436:d:\practise\f407_disc\lvgl\lvgl\src\misc\lv_color.h ****      *       6         259      3        0       255
 437:d:\practise\f407_disc\lvgl\lvgl\src\misc\lv_color.h ****      */
 438:d:\practise\f407_disc\lvgl\lvgl\src\misc\lv_color.h **** 
 439:d:\practise\f407_disc\lvgl\lvgl\src\misc\lv_color.h ****     lv_color32_t ret;
 440:d:\practise\f407_disc\lvgl\lvgl\src\misc\lv_color.h ****     LV_COLOR_SET_R32(ret, (LV_COLOR_GET_R(color) * 263 + 7) >> 5);
 441:d:\practise\f407_disc\lvgl\lvgl\src\misc\lv_color.h ****     LV_COLOR_SET_G32(ret, (LV_COLOR_GET_G(color) * 259 + 3) >> 6);
 442:d:\practise\f407_disc\lvgl\lvgl\src\misc\lv_color.h ****     LV_COLOR_SET_B32(ret, (LV_COLOR_GET_B(color) * 263 + 7) >> 5);
 443:d:\practise\f407_disc\lvgl\lvgl\src\misc\lv_color.h ****     LV_COLOR_SET_A32(ret, 0xFF);
 444:d:\practise\f407_disc\lvgl\lvgl\src\misc\lv_color.h ****     return ret.full;
 445:d:\practise\f407_disc\lvgl\lvgl\src\misc\lv_color.h **** #elif LV_COLOR_DEPTH == 32
 446:d:\practise\f407_disc\lvgl\lvgl\src\misc\lv_color.h ****     return color.full;
 447:d:\practise\f407_disc\lvgl\lvgl\src\misc\lv_color.h **** #endif
 448:d:\practise\f407_disc\lvgl\lvgl\src\misc\lv_color.h **** }
 449:d:\practise\f407_disc\lvgl\lvgl\src\misc\lv_color.h **** 
 450:d:\practise\f407_disc\lvgl\lvgl\src\misc\lv_color.h **** //! @cond Doxygen_Suppress
 451:d:\practise\f407_disc\lvgl\lvgl\src\misc\lv_color.h **** 
 452:d:\practise\f407_disc\lvgl\lvgl\src\misc\lv_color.h **** /**
 453:d:\practise\f407_disc\lvgl\lvgl\src\misc\lv_color.h ****  * Mix two colors with a given ratio.
 454:d:\practise\f407_disc\lvgl\lvgl\src\misc\lv_color.h ****  * @param c1 the first color to mix (usually the foreground)
 455:d:\practise\f407_disc\lvgl\lvgl\src\misc\lv_color.h ****  * @param c2 the second color to mix (usually the background)
 456:d:\practise\f407_disc\lvgl\lvgl\src\misc\lv_color.h ****  * @param mix The ratio of the colors. 0: full `c2`, 255: full `c1`, 127: half `c1` and half`c2`
 457:d:\practise\f407_disc\lvgl\lvgl\src\misc\lv_color.h ****  * @return the mixed color
 458:d:\practise\f407_disc\lvgl\lvgl\src\misc\lv_color.h ****  */
 459:d:\practise\f407_disc\lvgl\lvgl\src\misc\lv_color.h **** LV_ATTRIBUTE_FAST_MEM static inline lv_color_t lv_color_mix(lv_color_t c1, lv_color_t c2, uint8_t m
 460:d:\practise\f407_disc\lvgl\lvgl\src\misc\lv_color.h **** {
 461:d:\practise\f407_disc\lvgl\lvgl\src\misc\lv_color.h ****     lv_color_t ret;
 462:d:\practise\f407_disc\lvgl\lvgl\src\misc\lv_color.h **** 
 463:d:\practise\f407_disc\lvgl\lvgl\src\misc\lv_color.h **** #if LV_COLOR_DEPTH == 16 && LV_COLOR_16_SWAP == 0
 464:d:\practise\f407_disc\lvgl\lvgl\src\misc\lv_color.h ****     /*Source: https://stackoverflow.com/a/50012418/1999969*/
 465:d:\practise\f407_disc\lvgl\lvgl\src\misc\lv_color.h ****     mix = ( mix + 4 ) >> 3;
 466:d:\practise\f407_disc\lvgl\lvgl\src\misc\lv_color.h ****     uint32_t bg = (uint32_t)((uint32_t)c2.full | ((uint32_t)c2.full << 16)) & 0x7E0F81F; /*0b000001
 467:d:\practise\f407_disc\lvgl\lvgl\src\misc\lv_color.h ****     uint32_t fg = (uint32_t)((uint32_t)c1.full | (uint32_t)(c1.full << 16)) & 0x7E0F81F;
 468:d:\practise\f407_disc\lvgl\lvgl\src\misc\lv_color.h ****     uint32_t result = ((((fg - bg) * mix) >> 5) + bg) & 0x7E0F81F;
 469:d:\practise\f407_disc\lvgl\lvgl\src\misc\lv_color.h ****     ret.full = (uint16_t)((result >> 16) | result);
 470:d:\practise\f407_disc\lvgl\lvgl\src\misc\lv_color.h **** #elif LV_COLOR_DEPTH != 1
 471:d:\practise\f407_disc\lvgl\lvgl\src\misc\lv_color.h ****     /*LV_COLOR_DEPTH == 8, 16 or 32*/
 472:d:\practise\f407_disc\lvgl\lvgl\src\misc\lv_color.h ****     LV_COLOR_SET_R(ret, LV_UDIV255((uint16_t) LV_COLOR_GET_R(c1) * mix + LV_COLOR_GET_R(c2) *
 473:d:\practise\f407_disc\lvgl\lvgl\src\misc\lv_color.h ****                                         (255 - mix) + LV_COLOR_MIX_ROUND_OFS));
 474:d:\practise\f407_disc\lvgl\lvgl\src\misc\lv_color.h ****     LV_COLOR_SET_G(ret, LV_UDIV255((uint16_t) LV_COLOR_GET_G(c1) * mix + LV_COLOR_GET_G(c2) *
 475:d:\practise\f407_disc\lvgl\lvgl\src\misc\lv_color.h ****                                         (255 - mix) + LV_COLOR_MIX_ROUND_OFS));
 476:d:\practise\f407_disc\lvgl\lvgl\src\misc\lv_color.h ****     LV_COLOR_SET_B(ret, LV_UDIV255((uint16_t) LV_COLOR_GET_B(c1) * mix + LV_COLOR_GET_B(c2) *
 477:d:\practise\f407_disc\lvgl\lvgl\src\misc\lv_color.h ****                                         (255 - mix) + LV_COLOR_MIX_ROUND_OFS));
 478:d:\practise\f407_disc\lvgl\lvgl\src\misc\lv_color.h ****     LV_COLOR_SET_A(ret, 0xFF);
 479:d:\practise\f407_disc\lvgl\lvgl\src\misc\lv_color.h **** #else
 480:d:\practise\f407_disc\lvgl\lvgl\src\misc\lv_color.h ****     /*LV_COLOR_DEPTH == 1*/
 481:d:\practise\f407_disc\lvgl\lvgl\src\misc\lv_color.h ****     ret.full = mix > LV_OPA_50 ? c1.full : c2.full;
 482:d:\practise\f407_disc\lvgl\lvgl\src\misc\lv_color.h **** #endif
 483:d:\practise\f407_disc\lvgl\lvgl\src\misc\lv_color.h **** 
 484:d:\practise\f407_disc\lvgl\lvgl\src\misc\lv_color.h ****     return ret;
 485:d:\practise\f407_disc\lvgl\lvgl\src\misc\lv_color.h **** }
 486:d:\practise\f407_disc\lvgl\lvgl\src\misc\lv_color.h **** 
 487:d:\practise\f407_disc\lvgl\lvgl\src\misc\lv_color.h **** LV_ATTRIBUTE_FAST_MEM static inline void lv_color_premult(lv_color_t c, uint8_t mix, uint16_t * out
 488:d:\practise\f407_disc\lvgl\lvgl\src\misc\lv_color.h **** {
 489:d:\practise\f407_disc\lvgl\lvgl\src\misc\lv_color.h **** #if LV_COLOR_DEPTH != 1
ARM GAS  C:\Users\gx\AppData\Local\Temp\ccMWL5ND.s 			page 11


 490:d:\practise\f407_disc\lvgl\lvgl\src\misc\lv_color.h ****     out[0] = (uint16_t) LV_COLOR_GET_R(c) * mix;
 491:d:\practise\f407_disc\lvgl\lvgl\src\misc\lv_color.h ****     out[1] = (uint16_t) LV_COLOR_GET_G(c) * mix;
 492:d:\practise\f407_disc\lvgl\lvgl\src\misc\lv_color.h ****     out[2] = (uint16_t) LV_COLOR_GET_B(c) * mix;
 493:d:\practise\f407_disc\lvgl\lvgl\src\misc\lv_color.h **** #else
 494:d:\practise\f407_disc\lvgl\lvgl\src\misc\lv_color.h ****     (void) mix;
 495:d:\practise\f407_disc\lvgl\lvgl\src\misc\lv_color.h ****     /*Pre-multiplication can't be used with 1 bpp*/
 496:d:\practise\f407_disc\lvgl\lvgl\src\misc\lv_color.h ****     out[0] = LV_COLOR_GET_R(c);
 497:d:\practise\f407_disc\lvgl\lvgl\src\misc\lv_color.h ****     out[1] = LV_COLOR_GET_G(c);
 498:d:\practise\f407_disc\lvgl\lvgl\src\misc\lv_color.h ****     out[2] = LV_COLOR_GET_B(c);
 499:d:\practise\f407_disc\lvgl\lvgl\src\misc\lv_color.h **** #endif
 500:d:\practise\f407_disc\lvgl\lvgl\src\misc\lv_color.h **** 
 501:d:\practise\f407_disc\lvgl\lvgl\src\misc\lv_color.h **** }
 502:d:\practise\f407_disc\lvgl\lvgl\src\misc\lv_color.h **** 
 503:d:\practise\f407_disc\lvgl\lvgl\src\misc\lv_color.h **** /**
 504:d:\practise\f407_disc\lvgl\lvgl\src\misc\lv_color.h ****  * Mix two colors with a given ratio. It runs faster then `lv_color_mix` but requires some pre comp
 505:d:\practise\f407_disc\lvgl\lvgl\src\misc\lv_color.h ****  * @param premult_c1 The first color. Should be preprocessed with `lv_color_premult(c1)`
 506:d:\practise\f407_disc\lvgl\lvgl\src\misc\lv_color.h ****  * @param c2 The second color. As it is no pre computation required on it
 507:d:\practise\f407_disc\lvgl\lvgl\src\misc\lv_color.h ****  * @param mix The ratio of the colors. 0: full `c1`, 255: full `c2`, 127: half `c1` and half `c2`.
 508:d:\practise\f407_disc\lvgl\lvgl\src\misc\lv_color.h ****  *            Should be modified like mix = `255 - mix`
 509:d:\practise\f407_disc\lvgl\lvgl\src\misc\lv_color.h ****  * @return the mixed color
 510:d:\practise\f407_disc\lvgl\lvgl\src\misc\lv_color.h ****  * @note 255 won't give clearly `c1`.
 511:d:\practise\f407_disc\lvgl\lvgl\src\misc\lv_color.h ****  */
 512:d:\practise\f407_disc\lvgl\lvgl\src\misc\lv_color.h **** LV_ATTRIBUTE_FAST_MEM static inline lv_color_t lv_color_mix_premult(uint16_t * premult_c1, lv_color
 513:d:\practise\f407_disc\lvgl\lvgl\src\misc\lv_color.h **** {
 514:d:\practise\f407_disc\lvgl\lvgl\src\misc\lv_color.h ****     lv_color_t ret;
 515:d:\practise\f407_disc\lvgl\lvgl\src\misc\lv_color.h **** #if LV_COLOR_DEPTH == 16 && LV_COLOR_16_SWAP == 0
 516:d:\practise\f407_disc\lvgl\lvgl\src\misc\lv_color.h ****     /*For compatibility with lv_color_mix on 16 bit color depth*/
 517:d:\practise\f407_disc\lvgl\lvgl\src\misc\lv_color.h ****     LV_COLOR_SET_R(ret, (premult_c1[0] + LV_COLOR_GET_R(c2) * mix) >> 8);
 518:d:\practise\f407_disc\lvgl\lvgl\src\misc\lv_color.h ****     LV_COLOR_SET_G(ret, (premult_c1[1] + LV_COLOR_GET_G(c2) * mix) >> 8);
 519:d:\practise\f407_disc\lvgl\lvgl\src\misc\lv_color.h ****     LV_COLOR_SET_B(ret, (premult_c1[2] + LV_COLOR_GET_B(c2) * mix) >> 8);
 520:d:\practise\f407_disc\lvgl\lvgl\src\misc\lv_color.h **** #elif LV_COLOR_DEPTH != 1
 521:d:\practise\f407_disc\lvgl\lvgl\src\misc\lv_color.h ****     /*LV_COLOR_DEPTH == 8 or 32*/
 522:d:\practise\f407_disc\lvgl\lvgl\src\misc\lv_color.h ****     LV_COLOR_SET_R(ret, LV_UDIV255(premult_c1[0] + LV_COLOR_GET_R(c2) * mix + LV_COLOR_MIX_ROUND_OF
 523:d:\practise\f407_disc\lvgl\lvgl\src\misc\lv_color.h ****     LV_COLOR_SET_G(ret, LV_UDIV255(premult_c1[1] + LV_COLOR_GET_G(c2) * mix + LV_COLOR_MIX_ROUND_OF
 524:d:\practise\f407_disc\lvgl\lvgl\src\misc\lv_color.h ****     LV_COLOR_SET_B(ret, LV_UDIV255(premult_c1[2] + LV_COLOR_GET_B(c2) * mix + LV_COLOR_MIX_ROUND_OF
 525:d:\practise\f407_disc\lvgl\lvgl\src\misc\lv_color.h ****     LV_COLOR_SET_A(ret, 0xFF);
 526:d:\practise\f407_disc\lvgl\lvgl\src\misc\lv_color.h **** #else
 527:d:\practise\f407_disc\lvgl\lvgl\src\misc\lv_color.h ****     /*LV_COLOR_DEPTH == 1*/
 528:d:\practise\f407_disc\lvgl\lvgl\src\misc\lv_color.h ****     /*Restore color1*/
 529:d:\practise\f407_disc\lvgl\lvgl\src\misc\lv_color.h ****     lv_color_t c1;
 530:d:\practise\f407_disc\lvgl\lvgl\src\misc\lv_color.h ****     LV_COLOR_SET_R(c1, premult_c1[0]);
 531:d:\practise\f407_disc\lvgl\lvgl\src\misc\lv_color.h ****     LV_COLOR_SET_G(c1, premult_c1[1]);
 532:d:\practise\f407_disc\lvgl\lvgl\src\misc\lv_color.h ****     LV_COLOR_SET_B(c1, premult_c1[2]);
 533:d:\practise\f407_disc\lvgl\lvgl\src\misc\lv_color.h ****     ret.full = mix > LV_OPA_50 ? c2.full : c1.full;
 534:d:\practise\f407_disc\lvgl\lvgl\src\misc\lv_color.h **** #endif
 535:d:\practise\f407_disc\lvgl\lvgl\src\misc\lv_color.h **** 
 536:d:\practise\f407_disc\lvgl\lvgl\src\misc\lv_color.h ****     return ret;
 537:d:\practise\f407_disc\lvgl\lvgl\src\misc\lv_color.h **** }
 538:d:\practise\f407_disc\lvgl\lvgl\src\misc\lv_color.h **** 
 539:d:\practise\f407_disc\lvgl\lvgl\src\misc\lv_color.h **** /**
 540:d:\practise\f407_disc\lvgl\lvgl\src\misc\lv_color.h ****  * Mix two colors. Both color can have alpha value.
 541:d:\practise\f407_disc\lvgl\lvgl\src\misc\lv_color.h ****  * @param bg_color background color
 542:d:\practise\f407_disc\lvgl\lvgl\src\misc\lv_color.h ****  * @param bg_opa alpha of the background color
 543:d:\practise\f407_disc\lvgl\lvgl\src\misc\lv_color.h ****  * @param fg_color foreground color
 544:d:\practise\f407_disc\lvgl\lvgl\src\misc\lv_color.h ****  * @param fg_opa alpha of the foreground color
 545:d:\practise\f407_disc\lvgl\lvgl\src\misc\lv_color.h ****  * @param res_color the result color
 546:d:\practise\f407_disc\lvgl\lvgl\src\misc\lv_color.h ****  * @param res_opa the result opacity
ARM GAS  C:\Users\gx\AppData\Local\Temp\ccMWL5ND.s 			page 12


 547:d:\practise\f407_disc\lvgl\lvgl\src\misc\lv_color.h ****  */
 548:d:\practise\f407_disc\lvgl\lvgl\src\misc\lv_color.h **** LV_ATTRIBUTE_FAST_MEM static inline void lv_color_mix_with_alpha(lv_color_t bg_color, lv_opa_t bg_o
 549:d:\practise\f407_disc\lvgl\lvgl\src\misc\lv_color.h ****                                                                  lv_color_t fg_color, lv_opa_t fg_o
 550:d:\practise\f407_disc\lvgl\lvgl\src\misc\lv_color.h ****                                                                  lv_color_t * res_color, lv_opa_t *
 551:d:\practise\f407_disc\lvgl\lvgl\src\misc\lv_color.h **** {
 552:d:\practise\f407_disc\lvgl\lvgl\src\misc\lv_color.h ****     /*Pick the foreground if it's fully opaque or the Background is fully transparent*/
 553:d:\practise\f407_disc\lvgl\lvgl\src\misc\lv_color.h ****     if(fg_opa >= LV_OPA_MAX || bg_opa <= LV_OPA_MIN) {
 554:d:\practise\f407_disc\lvgl\lvgl\src\misc\lv_color.h ****         res_color->full = fg_color.full;
 555:d:\practise\f407_disc\lvgl\lvgl\src\misc\lv_color.h ****         *res_opa = fg_opa;
 556:d:\practise\f407_disc\lvgl\lvgl\src\misc\lv_color.h ****     }
 557:d:\practise\f407_disc\lvgl\lvgl\src\misc\lv_color.h ****     /*Transparent foreground: use the Background*/
 558:d:\practise\f407_disc\lvgl\lvgl\src\misc\lv_color.h ****     else if(fg_opa <= LV_OPA_MIN) {
 559:d:\practise\f407_disc\lvgl\lvgl\src\misc\lv_color.h ****         res_color->full = bg_color.full;
 560:d:\practise\f407_disc\lvgl\lvgl\src\misc\lv_color.h ****         *res_opa = bg_opa;
 561:d:\practise\f407_disc\lvgl\lvgl\src\misc\lv_color.h ****     }
 562:d:\practise\f407_disc\lvgl\lvgl\src\misc\lv_color.h ****     /*Opaque background: use simple mix*/
 563:d:\practise\f407_disc\lvgl\lvgl\src\misc\lv_color.h ****     else if(bg_opa >= LV_OPA_MAX) {
 564:d:\practise\f407_disc\lvgl\lvgl\src\misc\lv_color.h ****         *res_color = lv_color_mix(fg_color, bg_color, fg_opa);
 565:d:\practise\f407_disc\lvgl\lvgl\src\misc\lv_color.h ****         *res_opa = LV_OPA_COVER;
 566:d:\practise\f407_disc\lvgl\lvgl\src\misc\lv_color.h ****     }
 567:d:\practise\f407_disc\lvgl\lvgl\src\misc\lv_color.h ****     /*Both colors have alpha. Expensive calculation need to be applied*/
 568:d:\practise\f407_disc\lvgl\lvgl\src\misc\lv_color.h ****     else {
 569:d:\practise\f407_disc\lvgl\lvgl\src\misc\lv_color.h ****         /*Save the parameters and the result. If they will be asked again don't compute again*/
 570:d:\practise\f407_disc\lvgl\lvgl\src\misc\lv_color.h ****         static lv_opa_t fg_opa_save     = 0;
 571:d:\practise\f407_disc\lvgl\lvgl\src\misc\lv_color.h ****         static lv_opa_t bg_opa_save     = 0;
 572:d:\practise\f407_disc\lvgl\lvgl\src\misc\lv_color.h ****         static lv_color_t fg_color_save = _LV_COLOR_ZERO_INITIALIZER;
 573:d:\practise\f407_disc\lvgl\lvgl\src\misc\lv_color.h ****         static lv_color_t bg_color_save = _LV_COLOR_ZERO_INITIALIZER;
 574:d:\practise\f407_disc\lvgl\lvgl\src\misc\lv_color.h ****         static lv_color_t res_color_saved = _LV_COLOR_ZERO_INITIALIZER;
 575:d:\practise\f407_disc\lvgl\lvgl\src\misc\lv_color.h ****         static lv_opa_t res_opa_saved = 0;
 576:d:\practise\f407_disc\lvgl\lvgl\src\misc\lv_color.h **** 
 577:d:\practise\f407_disc\lvgl\lvgl\src\misc\lv_color.h ****         if(fg_opa != fg_opa_save || bg_opa != bg_opa_save || fg_color.full != fg_color_save.full ||
 578:d:\practise\f407_disc\lvgl\lvgl\src\misc\lv_color.h ****            bg_color.full != bg_color_save.full) {
 579:d:\practise\f407_disc\lvgl\lvgl\src\misc\lv_color.h ****             fg_opa_save        = fg_opa;
 580:d:\practise\f407_disc\lvgl\lvgl\src\misc\lv_color.h ****             bg_opa_save        = bg_opa;
 581:d:\practise\f407_disc\lvgl\lvgl\src\misc\lv_color.h ****             fg_color_save.full = fg_color.full;
 582:d:\practise\f407_disc\lvgl\lvgl\src\misc\lv_color.h ****             bg_color_save.full = bg_color.full;
 583:d:\practise\f407_disc\lvgl\lvgl\src\misc\lv_color.h ****             /*Info:
 584:d:\practise\f407_disc\lvgl\lvgl\src\misc\lv_color.h ****              * https://en.wikipedia.org/wiki/Alpha_compositing#Analytical_derivation_of_the_over_op
 585:d:\practise\f407_disc\lvgl\lvgl\src\misc\lv_color.h ****             res_opa_saved = 255 - ((uint16_t)((uint16_t)(255 - fg_opa) * (255 - bg_opa)) >> 8);
 586:d:\practise\f407_disc\lvgl\lvgl\src\misc\lv_color.h ****             if(res_opa_saved == 0) {
 587:d:\practise\f407_disc\lvgl\lvgl\src\misc\lv_color.h ****                 while(1)
 588:d:\practise\f407_disc\lvgl\lvgl\src\misc\lv_color.h ****                     ;
 589:d:\practise\f407_disc\lvgl\lvgl\src\misc\lv_color.h ****             }
 590:d:\practise\f407_disc\lvgl\lvgl\src\misc\lv_color.h ****             lv_opa_t ratio = (uint16_t)((uint16_t)fg_opa * 255) / res_opa_saved;
 591:d:\practise\f407_disc\lvgl\lvgl\src\misc\lv_color.h ****             res_color_saved = lv_color_mix(fg_color, bg_color, ratio);
 592:d:\practise\f407_disc\lvgl\lvgl\src\misc\lv_color.h **** 
 593:d:\practise\f407_disc\lvgl\lvgl\src\misc\lv_color.h ****         }
 594:d:\practise\f407_disc\lvgl\lvgl\src\misc\lv_color.h **** 
 595:d:\practise\f407_disc\lvgl\lvgl\src\misc\lv_color.h ****         res_color->full = res_color_saved.full;
 596:d:\practise\f407_disc\lvgl\lvgl\src\misc\lv_color.h ****         *res_opa = res_opa_saved;
 597:d:\practise\f407_disc\lvgl\lvgl\src\misc\lv_color.h ****     }
 598:d:\practise\f407_disc\lvgl\lvgl\src\misc\lv_color.h **** }
 599:d:\practise\f407_disc\lvgl\lvgl\src\misc\lv_color.h **** 
 600:d:\practise\f407_disc\lvgl\lvgl\src\misc\lv_color.h **** //! @endcond
 601:d:\practise\f407_disc\lvgl\lvgl\src\misc\lv_color.h **** 
 602:d:\practise\f407_disc\lvgl\lvgl\src\misc\lv_color.h **** /**
 603:d:\practise\f407_disc\lvgl\lvgl\src\misc\lv_color.h ****  * Get the brightness of a color
ARM GAS  C:\Users\gx\AppData\Local\Temp\ccMWL5ND.s 			page 13


 604:d:\practise\f407_disc\lvgl\lvgl\src\misc\lv_color.h ****  * @param color a color
 605:d:\practise\f407_disc\lvgl\lvgl\src\misc\lv_color.h ****  * @return the brightness [0..255]
 606:d:\practise\f407_disc\lvgl\lvgl\src\misc\lv_color.h ****  */
 607:d:\practise\f407_disc\lvgl\lvgl\src\misc\lv_color.h **** static inline uint8_t lv_color_brightness(lv_color_t color)
 608:d:\practise\f407_disc\lvgl\lvgl\src\misc\lv_color.h **** {
 609:d:\practise\f407_disc\lvgl\lvgl\src\misc\lv_color.h ****     lv_color32_t c32;
 610:d:\practise\f407_disc\lvgl\lvgl\src\misc\lv_color.h ****     c32.full        = lv_color_to32(color);
 611:d:\practise\f407_disc\lvgl\lvgl\src\misc\lv_color.h ****     uint16_t bright = (uint16_t)(3u * LV_COLOR_GET_R32(c32) + LV_COLOR_GET_B32(c32) + 4u * LV_COLOR
 612:d:\practise\f407_disc\lvgl\lvgl\src\misc\lv_color.h ****     return (uint8_t)(bright >> 3);
 613:d:\practise\f407_disc\lvgl\lvgl\src\misc\lv_color.h **** }
 614:d:\practise\f407_disc\lvgl\lvgl\src\misc\lv_color.h **** 
 615:d:\practise\f407_disc\lvgl\lvgl\src\misc\lv_color.h **** static inline lv_color_t lv_color_make(uint8_t r, uint8_t g, uint8_t b)
 616:d:\practise\f407_disc\lvgl\lvgl\src\misc\lv_color.h **** {
 617:d:\practise\f407_disc\lvgl\lvgl\src\misc\lv_color.h ****     return _LV_COLOR_MAKE_TYPE_HELPER LV_COLOR_MAKE(r, g, b);
 618:d:\practise\f407_disc\lvgl\lvgl\src\misc\lv_color.h **** }
 619:d:\practise\f407_disc\lvgl\lvgl\src\misc\lv_color.h **** 
 620:d:\practise\f407_disc\lvgl\lvgl\src\misc\lv_color.h **** static inline lv_color_t lv_color_hex(uint32_t c)
 621:d:\practise\f407_disc\lvgl\lvgl\src\misc\lv_color.h **** {
 622:d:\practise\f407_disc\lvgl\lvgl\src\misc\lv_color.h ****     return lv_color_make((uint8_t)((c >> 16) & 0xFF), (uint8_t)((c >> 8) & 0xFF), (uint8_t)(c & 0xF
 623:d:\practise\f407_disc\lvgl\lvgl\src\misc\lv_color.h **** }
 624:d:\practise\f407_disc\lvgl\lvgl\src\misc\lv_color.h **** 
 625:d:\practise\f407_disc\lvgl\lvgl\src\misc\lv_color.h **** static inline lv_color_t lv_color_hex3(uint32_t c)
 626:d:\practise\f407_disc\lvgl\lvgl\src\misc\lv_color.h **** {
 627:d:\practise\f407_disc\lvgl\lvgl\src\misc\lv_color.h ****     return lv_color_make((uint8_t)(((c >> 4) & 0xF0) | ((c >> 8) & 0xF)), (uint8_t)((c & 0xF0) | ((
 628:d:\practise\f407_disc\lvgl\lvgl\src\misc\lv_color.h ****                          (uint8_t)((c & 0xF) | ((c & 0xF) << 4)));
 629:d:\practise\f407_disc\lvgl\lvgl\src\misc\lv_color.h **** }
 630:d:\practise\f407_disc\lvgl\lvgl\src\misc\lv_color.h **** 
 631:d:\practise\f407_disc\lvgl\lvgl\src\misc\lv_color.h **** static inline void lv_color_filter_dsc_init(lv_color_filter_dsc_t * dsc, lv_color_filter_cb_t cb)
 632:d:\practise\f407_disc\lvgl\lvgl\src\misc\lv_color.h **** {
 633:d:\practise\f407_disc\lvgl\lvgl\src\misc\lv_color.h ****     dsc->filter_cb = cb;
 634:d:\practise\f407_disc\lvgl\lvgl\src\misc\lv_color.h **** }
 635:d:\practise\f407_disc\lvgl\lvgl\src\misc\lv_color.h **** 
 636:d:\practise\f407_disc\lvgl\lvgl\src\misc\lv_color.h **** //! @cond Doxygen_Suppress
 637:d:\practise\f407_disc\lvgl\lvgl\src\misc\lv_color.h **** //!
 638:d:\practise\f407_disc\lvgl\lvgl\src\misc\lv_color.h **** LV_ATTRIBUTE_FAST_MEM void lv_color_fill(lv_color_t * buf, lv_color_t color, uint32_t px_num);
 639:d:\practise\f407_disc\lvgl\lvgl\src\misc\lv_color.h **** 
 640:d:\practise\f407_disc\lvgl\lvgl\src\misc\lv_color.h **** //! @endcond
 641:d:\practise\f407_disc\lvgl\lvgl\src\misc\lv_color.h **** lv_color_t lv_color_lighten(lv_color_t c, lv_opa_t lvl);
 642:d:\practise\f407_disc\lvgl\lvgl\src\misc\lv_color.h **** 
 643:d:\practise\f407_disc\lvgl\lvgl\src\misc\lv_color.h **** lv_color_t lv_color_darken(lv_color_t c, lv_opa_t lvl);
 644:d:\practise\f407_disc\lvgl\lvgl\src\misc\lv_color.h **** 
 645:d:\practise\f407_disc\lvgl\lvgl\src\misc\lv_color.h **** lv_color_t lv_color_change_lightness(lv_color_t c, lv_opa_t lvl);
 646:d:\practise\f407_disc\lvgl\lvgl\src\misc\lv_color.h **** 
 647:d:\practise\f407_disc\lvgl\lvgl\src\misc\lv_color.h **** /**
 648:d:\practise\f407_disc\lvgl\lvgl\src\misc\lv_color.h ****  * Convert a HSV color to RGB
 649:d:\practise\f407_disc\lvgl\lvgl\src\misc\lv_color.h ****  * @param h hue [0..359]
 650:d:\practise\f407_disc\lvgl\lvgl\src\misc\lv_color.h ****  * @param s saturation [0..100]
 651:d:\practise\f407_disc\lvgl\lvgl\src\misc\lv_color.h ****  * @param v value [0..100]
 652:d:\practise\f407_disc\lvgl\lvgl\src\misc\lv_color.h ****  * @return the given RGB color in RGB (with LV_COLOR_DEPTH depth)
 653:d:\practise\f407_disc\lvgl\lvgl\src\misc\lv_color.h ****  */
 654:d:\practise\f407_disc\lvgl\lvgl\src\misc\lv_color.h **** lv_color_t lv_color_hsv_to_rgb(uint16_t h, uint8_t s, uint8_t v);
 655:d:\practise\f407_disc\lvgl\lvgl\src\misc\lv_color.h **** 
 656:d:\practise\f407_disc\lvgl\lvgl\src\misc\lv_color.h **** /**
 657:d:\practise\f407_disc\lvgl\lvgl\src\misc\lv_color.h ****  * Convert a 32-bit RGB color to HSV
 658:d:\practise\f407_disc\lvgl\lvgl\src\misc\lv_color.h ****  * @param r8 8-bit red
 659:d:\practise\f407_disc\lvgl\lvgl\src\misc\lv_color.h ****  * @param g8 8-bit green
 660:d:\practise\f407_disc\lvgl\lvgl\src\misc\lv_color.h ****  * @param b8 8-bit blue
ARM GAS  C:\Users\gx\AppData\Local\Temp\ccMWL5ND.s 			page 14


 661:d:\practise\f407_disc\lvgl\lvgl\src\misc\lv_color.h ****  * @return the given RGB color in HSV
 662:d:\practise\f407_disc\lvgl\lvgl\src\misc\lv_color.h ****  */
 663:d:\practise\f407_disc\lvgl\lvgl\src\misc\lv_color.h **** lv_color_hsv_t lv_color_rgb_to_hsv(uint8_t r8, uint8_t g8, uint8_t b8);
 664:d:\practise\f407_disc\lvgl\lvgl\src\misc\lv_color.h **** 
 665:d:\practise\f407_disc\lvgl\lvgl\src\misc\lv_color.h **** /**
 666:d:\practise\f407_disc\lvgl\lvgl\src\misc\lv_color.h ****  * Convert a color to HSV
 667:d:\practise\f407_disc\lvgl\lvgl\src\misc\lv_color.h ****  * @param color color
 668:d:\practise\f407_disc\lvgl\lvgl\src\misc\lv_color.h ****  * @return the given color in HSV
 669:d:\practise\f407_disc\lvgl\lvgl\src\misc\lv_color.h ****  */
 670:d:\practise\f407_disc\lvgl\lvgl\src\misc\lv_color.h **** lv_color_hsv_t lv_color_to_hsv(lv_color_t color);
 671:d:\practise\f407_disc\lvgl\lvgl\src\misc\lv_color.h **** 
 672:d:\practise\f407_disc\lvgl\lvgl\src\misc\lv_color.h **** /**
 673:d:\practise\f407_disc\lvgl\lvgl\src\misc\lv_color.h ****  * Just a wrapper around LV_COLOR_CHROMA_KEY because it might be more convenient to use a function 
 674:d:\practise\f407_disc\lvgl\lvgl\src\misc\lv_color.h ****  * @return LV_COLOR_CHROMA_KEY
 675:d:\practise\f407_disc\lvgl\lvgl\src\misc\lv_color.h ****  */
 676:d:\practise\f407_disc\lvgl\lvgl\src\misc\lv_color.h **** static inline lv_color_t lv_color_chroma_key(void)
 677:d:\practise\f407_disc\lvgl\lvgl\src\misc\lv_color.h **** {
 678:d:\practise\f407_disc\lvgl\lvgl\src\misc\lv_color.h ****     return LV_COLOR_CHROMA_KEY;
 679:d:\practise\f407_disc\lvgl\lvgl\src\misc\lv_color.h **** }
 680:d:\practise\f407_disc\lvgl\lvgl\src\misc\lv_color.h **** 
 681:d:\practise\f407_disc\lvgl\lvgl\src\misc\lv_color.h **** /**********************
 682:d:\practise\f407_disc\lvgl\lvgl\src\misc\lv_color.h ****  *  PREDEFINED COLORS
 683:d:\practise\f407_disc\lvgl\lvgl\src\misc\lv_color.h ****  **********************/
 684:d:\practise\f407_disc\lvgl\lvgl\src\misc\lv_color.h **** /*Source: https://vuetifyjs.com/en/styles/colors/#material-colors*/
 685:d:\practise\f407_disc\lvgl\lvgl\src\misc\lv_color.h **** 
 686:d:\practise\f407_disc\lvgl\lvgl\src\misc\lv_color.h **** lv_color_t lv_palette_main(lv_palette_t p);
 687:d:\practise\f407_disc\lvgl\lvgl\src\misc\lv_color.h **** static inline lv_color_t lv_color_white(void) { return lv_color_make(0xff, 0xff, 0xff);}
 688:d:\practise\f407_disc\lvgl\lvgl\src\misc\lv_color.h **** static inline lv_color_t lv_color_black(void) { return lv_color_make(0x00, 0x0, 0x00);}
  62              		.loc 2 688 26 view .LVU5
  63              	.LBE12:
  64              		.loc 2 688 49 view .LVU6
  65              	.LBB15:
  66              	.LBB13:
  67              	.LBI13:
 615:d:\practise\f407_disc\lvgl\lvgl\src\misc\lv_color.h **** {
  68              		.loc 2 615 26 view .LVU7
  69              	.LBB14:
 617:d:\practise\f407_disc\lvgl\lvgl\src\misc\lv_color.h **** }
  70              		.loc 2 617 5 view .LVU8
 617:d:\practise\f407_disc\lvgl\lvgl\src\misc\lv_color.h **** }
  71              		.loc 2 617 5 is_stmt 0 view .LVU9
  72              	.LBE14:
  73              	.LBE13:
  74              	.LBE15:
  75              		.loc 1 13 5 view .LVU10
  76 0014 4FF00001 		mov	r1, #0	@ movhi
  77 0018 2046     		mov	r0, r4
  78 001a FFF7FEFF 		bl	lv_style_set_text_color
  79              	.LVL2:
  14:lvgl/lvgl/examples/widgets/label/lv_example_label_2.c **** 
  15:lvgl/lvgl/examples/widgets/label/lv_example_label_2.c ****     /*Create a label for the shadow first (it's in the background)*/
  16:lvgl/lvgl/examples/widgets/label/lv_example_label_2.c ****     lv_obj_t * shadow_label = lv_label_create(lv_scr_act());
  80              		.loc 1 16 5 is_stmt 1 view .LVU11
  81              	.LBB16:
  82              	.LBI16:
  83              		.file 3 "d:\\practise\\f407_disc\\lvgl\\lvgl\\src/core/lv_disp.h"
   1:d:\practise\f407_disc\lvgl\lvgl\src/core\lv_disp.h **** /**
ARM GAS  C:\Users\gx\AppData\Local\Temp\ccMWL5ND.s 			page 15


   2:d:\practise\f407_disc\lvgl\lvgl\src/core\lv_disp.h ****  * @file lv_disp.h
   3:d:\practise\f407_disc\lvgl\lvgl\src/core\lv_disp.h ****  *
   4:d:\practise\f407_disc\lvgl\lvgl\src/core\lv_disp.h ****  */
   5:d:\practise\f407_disc\lvgl\lvgl\src/core\lv_disp.h **** 
   6:d:\practise\f407_disc\lvgl\lvgl\src/core\lv_disp.h **** #ifndef LV_DISP_H
   7:d:\practise\f407_disc\lvgl\lvgl\src/core\lv_disp.h **** #define LV_DISP_H
   8:d:\practise\f407_disc\lvgl\lvgl\src/core\lv_disp.h **** 
   9:d:\practise\f407_disc\lvgl\lvgl\src/core\lv_disp.h **** #ifdef __cplusplus
  10:d:\practise\f407_disc\lvgl\lvgl\src/core\lv_disp.h **** extern "C" {
  11:d:\practise\f407_disc\lvgl\lvgl\src/core\lv_disp.h **** #endif
  12:d:\practise\f407_disc\lvgl\lvgl\src/core\lv_disp.h **** 
  13:d:\practise\f407_disc\lvgl\lvgl\src/core\lv_disp.h **** /*********************
  14:d:\practise\f407_disc\lvgl\lvgl\src/core\lv_disp.h ****  *      INCLUDES
  15:d:\practise\f407_disc\lvgl\lvgl\src/core\lv_disp.h ****  *********************/
  16:d:\practise\f407_disc\lvgl\lvgl\src/core\lv_disp.h **** #include "../hal/lv_hal.h"
  17:d:\practise\f407_disc\lvgl\lvgl\src/core\lv_disp.h **** #include "lv_obj.h"
  18:d:\practise\f407_disc\lvgl\lvgl\src/core\lv_disp.h **** #include "lv_theme.h"
  19:d:\practise\f407_disc\lvgl\lvgl\src/core\lv_disp.h **** 
  20:d:\practise\f407_disc\lvgl\lvgl\src/core\lv_disp.h **** /*********************
  21:d:\practise\f407_disc\lvgl\lvgl\src/core\lv_disp.h ****  *      DEFINES
  22:d:\practise\f407_disc\lvgl\lvgl\src/core\lv_disp.h ****  *********************/
  23:d:\practise\f407_disc\lvgl\lvgl\src/core\lv_disp.h **** 
  24:d:\practise\f407_disc\lvgl\lvgl\src/core\lv_disp.h **** /**********************
  25:d:\practise\f407_disc\lvgl\lvgl\src/core\lv_disp.h ****  *      TYPEDEFS
  26:d:\practise\f407_disc\lvgl\lvgl\src/core\lv_disp.h ****  **********************/
  27:d:\practise\f407_disc\lvgl\lvgl\src/core\lv_disp.h **** 
  28:d:\practise\f407_disc\lvgl\lvgl\src/core\lv_disp.h **** typedef enum {
  29:d:\practise\f407_disc\lvgl\lvgl\src/core\lv_disp.h ****     LV_SCR_LOAD_ANIM_NONE,
  30:d:\practise\f407_disc\lvgl\lvgl\src/core\lv_disp.h ****     LV_SCR_LOAD_ANIM_OVER_LEFT,
  31:d:\practise\f407_disc\lvgl\lvgl\src/core\lv_disp.h ****     LV_SCR_LOAD_ANIM_OVER_RIGHT,
  32:d:\practise\f407_disc\lvgl\lvgl\src/core\lv_disp.h ****     LV_SCR_LOAD_ANIM_OVER_TOP,
  33:d:\practise\f407_disc\lvgl\lvgl\src/core\lv_disp.h ****     LV_SCR_LOAD_ANIM_OVER_BOTTOM,
  34:d:\practise\f407_disc\lvgl\lvgl\src/core\lv_disp.h ****     LV_SCR_LOAD_ANIM_MOVE_LEFT,
  35:d:\practise\f407_disc\lvgl\lvgl\src/core\lv_disp.h ****     LV_SCR_LOAD_ANIM_MOVE_RIGHT,
  36:d:\practise\f407_disc\lvgl\lvgl\src/core\lv_disp.h ****     LV_SCR_LOAD_ANIM_MOVE_TOP,
  37:d:\practise\f407_disc\lvgl\lvgl\src/core\lv_disp.h ****     LV_SCR_LOAD_ANIM_MOVE_BOTTOM,
  38:d:\practise\f407_disc\lvgl\lvgl\src/core\lv_disp.h ****     LV_SCR_LOAD_ANIM_FADE_ON,
  39:d:\practise\f407_disc\lvgl\lvgl\src/core\lv_disp.h **** } lv_scr_load_anim_t;
  40:d:\practise\f407_disc\lvgl\lvgl\src/core\lv_disp.h **** 
  41:d:\practise\f407_disc\lvgl\lvgl\src/core\lv_disp.h **** /**********************
  42:d:\practise\f407_disc\lvgl\lvgl\src/core\lv_disp.h ****  * GLOBAL PROTOTYPES
  43:d:\practise\f407_disc\lvgl\lvgl\src/core\lv_disp.h ****  **********************/
  44:d:\practise\f407_disc\lvgl\lvgl\src/core\lv_disp.h **** 
  45:d:\practise\f407_disc\lvgl\lvgl\src/core\lv_disp.h **** /**
  46:d:\practise\f407_disc\lvgl\lvgl\src/core\lv_disp.h ****  * Return with a pointer to the active screen
  47:d:\practise\f407_disc\lvgl\lvgl\src/core\lv_disp.h ****  * @param disp pointer to display which active screen should be get. (NULL to use the default
  48:d:\practise\f407_disc\lvgl\lvgl\src/core\lv_disp.h ****  * screen)
  49:d:\practise\f407_disc\lvgl\lvgl\src/core\lv_disp.h ****  * @return pointer to the active screen object (loaded by 'lv_scr_load()')
  50:d:\practise\f407_disc\lvgl\lvgl\src/core\lv_disp.h ****  */
  51:d:\practise\f407_disc\lvgl\lvgl\src/core\lv_disp.h **** lv_obj_t * lv_disp_get_scr_act(lv_disp_t * disp);
  52:d:\practise\f407_disc\lvgl\lvgl\src/core\lv_disp.h **** 
  53:d:\practise\f407_disc\lvgl\lvgl\src/core\lv_disp.h **** /**
  54:d:\practise\f407_disc\lvgl\lvgl\src/core\lv_disp.h ****  * Return with a pointer to the previous screen. Only used during screen transitions.
  55:d:\practise\f407_disc\lvgl\lvgl\src/core\lv_disp.h ****  * @param disp pointer to display which previous screen should be get. (NULL to use the default
  56:d:\practise\f407_disc\lvgl\lvgl\src/core\lv_disp.h ****  * screen)
  57:d:\practise\f407_disc\lvgl\lvgl\src/core\lv_disp.h ****  * @return pointer to the previous screen object or NULL if not used now
  58:d:\practise\f407_disc\lvgl\lvgl\src/core\lv_disp.h ****  */
ARM GAS  C:\Users\gx\AppData\Local\Temp\ccMWL5ND.s 			page 16


  59:d:\practise\f407_disc\lvgl\lvgl\src/core\lv_disp.h **** lv_obj_t * lv_disp_get_scr_prev(lv_disp_t * disp);
  60:d:\practise\f407_disc\lvgl\lvgl\src/core\lv_disp.h **** 
  61:d:\practise\f407_disc\lvgl\lvgl\src/core\lv_disp.h **** /**
  62:d:\practise\f407_disc\lvgl\lvgl\src/core\lv_disp.h ****  * Make a screen active
  63:d:\practise\f407_disc\lvgl\lvgl\src/core\lv_disp.h ****  * @param scr pointer to a screen
  64:d:\practise\f407_disc\lvgl\lvgl\src/core\lv_disp.h ****  */
  65:d:\practise\f407_disc\lvgl\lvgl\src/core\lv_disp.h **** void lv_disp_load_scr(lv_obj_t * scr);
  66:d:\practise\f407_disc\lvgl\lvgl\src/core\lv_disp.h **** 
  67:d:\practise\f407_disc\lvgl\lvgl\src/core\lv_disp.h **** /**
  68:d:\practise\f407_disc\lvgl\lvgl\src/core\lv_disp.h ****  * Return with the top layer. (Same on every screen and it is above the normal screen layer)
  69:d:\practise\f407_disc\lvgl\lvgl\src/core\lv_disp.h ****  * @param disp pointer to display which top layer should be get. (NULL to use the default screen)
  70:d:\practise\f407_disc\lvgl\lvgl\src/core\lv_disp.h ****  * @return pointer to the top layer object  (transparent screen sized lv_obj)
  71:d:\practise\f407_disc\lvgl\lvgl\src/core\lv_disp.h ****  */
  72:d:\practise\f407_disc\lvgl\lvgl\src/core\lv_disp.h **** lv_obj_t * lv_disp_get_layer_top(lv_disp_t * disp);
  73:d:\practise\f407_disc\lvgl\lvgl\src/core\lv_disp.h **** 
  74:d:\practise\f407_disc\lvgl\lvgl\src/core\lv_disp.h **** /**
  75:d:\practise\f407_disc\lvgl\lvgl\src/core\lv_disp.h ****  * Return with the sys. layer. (Same on every screen and it is above the normal screen and the top
  76:d:\practise\f407_disc\lvgl\lvgl\src/core\lv_disp.h ****  * layer)
  77:d:\practise\f407_disc\lvgl\lvgl\src/core\lv_disp.h ****  * @param disp pointer to display which sys. layer  should be get. (NULL to use the default screen)
  78:d:\practise\f407_disc\lvgl\lvgl\src/core\lv_disp.h ****  * @return pointer to the sys layer object  (transparent screen sized lv_obj)
  79:d:\practise\f407_disc\lvgl\lvgl\src/core\lv_disp.h ****  */
  80:d:\practise\f407_disc\lvgl\lvgl\src/core\lv_disp.h **** lv_obj_t * lv_disp_get_layer_sys(lv_disp_t * disp);
  81:d:\practise\f407_disc\lvgl\lvgl\src/core\lv_disp.h **** 
  82:d:\practise\f407_disc\lvgl\lvgl\src/core\lv_disp.h **** /**
  83:d:\practise\f407_disc\lvgl\lvgl\src/core\lv_disp.h ****  * Get the theme of a display
  84:d:\practise\f407_disc\lvgl\lvgl\src/core\lv_disp.h ****  * @param disp pointer to a display
  85:d:\practise\f407_disc\lvgl\lvgl\src/core\lv_disp.h ****  * @return the display's theme (can be NULL)
  86:d:\practise\f407_disc\lvgl\lvgl\src/core\lv_disp.h ****  */
  87:d:\practise\f407_disc\lvgl\lvgl\src/core\lv_disp.h **** void lv_disp_set_theme(lv_disp_t * disp, lv_theme_t * th);
  88:d:\practise\f407_disc\lvgl\lvgl\src/core\lv_disp.h **** 
  89:d:\practise\f407_disc\lvgl\lvgl\src/core\lv_disp.h **** /**
  90:d:\practise\f407_disc\lvgl\lvgl\src/core\lv_disp.h ****  * Get the theme of a display
  91:d:\practise\f407_disc\lvgl\lvgl\src/core\lv_disp.h ****  * @param disp pointer to a display
  92:d:\practise\f407_disc\lvgl\lvgl\src/core\lv_disp.h ****  * @return the display's theme (can be NULL)
  93:d:\practise\f407_disc\lvgl\lvgl\src/core\lv_disp.h ****  */
  94:d:\practise\f407_disc\lvgl\lvgl\src/core\lv_disp.h **** lv_theme_t * lv_disp_get_theme(lv_disp_t * disp);
  95:d:\practise\f407_disc\lvgl\lvgl\src/core\lv_disp.h **** 
  96:d:\practise\f407_disc\lvgl\lvgl\src/core\lv_disp.h **** /**
  97:d:\practise\f407_disc\lvgl\lvgl\src/core\lv_disp.h ****  * Set the background color of a display
  98:d:\practise\f407_disc\lvgl\lvgl\src/core\lv_disp.h ****  * @param disp pointer to a display
  99:d:\practise\f407_disc\lvgl\lvgl\src/core\lv_disp.h ****  * @param color color of the background
 100:d:\practise\f407_disc\lvgl\lvgl\src/core\lv_disp.h ****  */
 101:d:\practise\f407_disc\lvgl\lvgl\src/core\lv_disp.h **** void lv_disp_set_bg_color(lv_disp_t * disp, lv_color_t color);
 102:d:\practise\f407_disc\lvgl\lvgl\src/core\lv_disp.h **** 
 103:d:\practise\f407_disc\lvgl\lvgl\src/core\lv_disp.h **** /**
 104:d:\practise\f407_disc\lvgl\lvgl\src/core\lv_disp.h ****  * Set the background image of a display
 105:d:\practise\f407_disc\lvgl\lvgl\src/core\lv_disp.h ****  * @param disp pointer to a display
 106:d:\practise\f407_disc\lvgl\lvgl\src/core\lv_disp.h ****  * @param img_src path to file or pointer to an `lv_img_dsc_t` variable
 107:d:\practise\f407_disc\lvgl\lvgl\src/core\lv_disp.h ****  */
 108:d:\practise\f407_disc\lvgl\lvgl\src/core\lv_disp.h **** void lv_disp_set_bg_image(lv_disp_t * disp, const void  * img_src);
 109:d:\practise\f407_disc\lvgl\lvgl\src/core\lv_disp.h **** 
 110:d:\practise\f407_disc\lvgl\lvgl\src/core\lv_disp.h **** /**
 111:d:\practise\f407_disc\lvgl\lvgl\src/core\lv_disp.h ****  * Opacity of the background
 112:d:\practise\f407_disc\lvgl\lvgl\src/core\lv_disp.h ****  * @param disp pointer to a display
 113:d:\practise\f407_disc\lvgl\lvgl\src/core\lv_disp.h ****  * @param opa opacity (0..255)
 114:d:\practise\f407_disc\lvgl\lvgl\src/core\lv_disp.h ****  */
 115:d:\practise\f407_disc\lvgl\lvgl\src/core\lv_disp.h **** void lv_disp_set_bg_opa(lv_disp_t * disp, lv_opa_t opa);
ARM GAS  C:\Users\gx\AppData\Local\Temp\ccMWL5ND.s 			page 17


 116:d:\practise\f407_disc\lvgl\lvgl\src/core\lv_disp.h **** 
 117:d:\practise\f407_disc\lvgl\lvgl\src/core\lv_disp.h **** /**
 118:d:\practise\f407_disc\lvgl\lvgl\src/core\lv_disp.h ****  * Switch screen with animation
 119:d:\practise\f407_disc\lvgl\lvgl\src/core\lv_disp.h ****  * @param scr pointer to the new screen to load
 120:d:\practise\f407_disc\lvgl\lvgl\src/core\lv_disp.h ****  * @param anim_type type of the animation from `lv_scr_load_anim_t`. E.g.  `LV_SCR_LOAD_ANIM_MOVE_L
 121:d:\practise\f407_disc\lvgl\lvgl\src/core\lv_disp.h ****  * @param time time of the animation
 122:d:\practise\f407_disc\lvgl\lvgl\src/core\lv_disp.h ****  * @param delay delay before the transition
 123:d:\practise\f407_disc\lvgl\lvgl\src/core\lv_disp.h ****  * @param auto_del true: automatically delete the old screen
 124:d:\practise\f407_disc\lvgl\lvgl\src/core\lv_disp.h ****  */
 125:d:\practise\f407_disc\lvgl\lvgl\src/core\lv_disp.h **** void lv_scr_load_anim(lv_obj_t * scr, lv_scr_load_anim_t anim_type, uint32_t time, uint32_t delay, 
 126:d:\practise\f407_disc\lvgl\lvgl\src/core\lv_disp.h **** 
 127:d:\practise\f407_disc\lvgl\lvgl\src/core\lv_disp.h **** /**
 128:d:\practise\f407_disc\lvgl\lvgl\src/core\lv_disp.h ****  * Get elapsed time since last user activity on a display (e.g. click)
 129:d:\practise\f407_disc\lvgl\lvgl\src/core\lv_disp.h ****  * @param disp pointer to an display (NULL to get the overall smallest inactivity)
 130:d:\practise\f407_disc\lvgl\lvgl\src/core\lv_disp.h ****  * @return elapsed ticks (milliseconds) since the last activity
 131:d:\practise\f407_disc\lvgl\lvgl\src/core\lv_disp.h ****  */
 132:d:\practise\f407_disc\lvgl\lvgl\src/core\lv_disp.h **** uint32_t lv_disp_get_inactive_time(const lv_disp_t * disp);
 133:d:\practise\f407_disc\lvgl\lvgl\src/core\lv_disp.h **** 
 134:d:\practise\f407_disc\lvgl\lvgl\src/core\lv_disp.h **** /**
 135:d:\practise\f407_disc\lvgl\lvgl\src/core\lv_disp.h ****  * Manually trigger an activity on a display
 136:d:\practise\f407_disc\lvgl\lvgl\src/core\lv_disp.h ****  * @param disp pointer to an display (NULL to use the default display)
 137:d:\practise\f407_disc\lvgl\lvgl\src/core\lv_disp.h ****  */
 138:d:\practise\f407_disc\lvgl\lvgl\src/core\lv_disp.h **** void lv_disp_trig_activity(lv_disp_t * disp);
 139:d:\practise\f407_disc\lvgl\lvgl\src/core\lv_disp.h **** 
 140:d:\practise\f407_disc\lvgl\lvgl\src/core\lv_disp.h **** /**
 141:d:\practise\f407_disc\lvgl\lvgl\src/core\lv_disp.h ****  * Clean any CPU cache that is related to the display.
 142:d:\practise\f407_disc\lvgl\lvgl\src/core\lv_disp.h ****  * @param disp pointer to an display (NULL to use the default display)
 143:d:\practise\f407_disc\lvgl\lvgl\src/core\lv_disp.h ****  */
 144:d:\practise\f407_disc\lvgl\lvgl\src/core\lv_disp.h **** void lv_disp_clean_dcache(lv_disp_t * disp);
 145:d:\practise\f407_disc\lvgl\lvgl\src/core\lv_disp.h **** 
 146:d:\practise\f407_disc\lvgl\lvgl\src/core\lv_disp.h **** /**
 147:d:\practise\f407_disc\lvgl\lvgl\src/core\lv_disp.h ****  * Get a pointer to the screen refresher timer to
 148:d:\practise\f407_disc\lvgl\lvgl\src/core\lv_disp.h ****  * modify its parameters with `lv_timer_...` functions.
 149:d:\practise\f407_disc\lvgl\lvgl\src/core\lv_disp.h ****  * @param disp pointer to a display
 150:d:\practise\f407_disc\lvgl\lvgl\src/core\lv_disp.h ****  * @return pointer to the display refresher timer. (NULL on error)
 151:d:\practise\f407_disc\lvgl\lvgl\src/core\lv_disp.h ****  */
 152:d:\practise\f407_disc\lvgl\lvgl\src/core\lv_disp.h **** lv_timer_t * _lv_disp_get_refr_timer(lv_disp_t * disp);
 153:d:\practise\f407_disc\lvgl\lvgl\src/core\lv_disp.h **** 
 154:d:\practise\f407_disc\lvgl\lvgl\src/core\lv_disp.h **** /*------------------------------------------------
 155:d:\practise\f407_disc\lvgl\lvgl\src/core\lv_disp.h ****  * To improve backward compatibility
 156:d:\practise\f407_disc\lvgl\lvgl\src/core\lv_disp.h ****  * Recommended only if you have one display
 157:d:\practise\f407_disc\lvgl\lvgl\src/core\lv_disp.h ****  *------------------------------------------------*/
 158:d:\practise\f407_disc\lvgl\lvgl\src/core\lv_disp.h **** 
 159:d:\practise\f407_disc\lvgl\lvgl\src/core\lv_disp.h **** /**
 160:d:\practise\f407_disc\lvgl\lvgl\src/core\lv_disp.h ****  * Get the active screen of the default display
 161:d:\practise\f407_disc\lvgl\lvgl\src/core\lv_disp.h ****  * @return pointer to the active screen
 162:d:\practise\f407_disc\lvgl\lvgl\src/core\lv_disp.h ****  */
 163:d:\practise\f407_disc\lvgl\lvgl\src/core\lv_disp.h **** static inline lv_obj_t * lv_scr_act(void)
  84              		.loc 3 163 26 view .LVU12
  85              	.LBB17:
 164:d:\practise\f407_disc\lvgl\lvgl\src/core\lv_disp.h **** {
 165:d:\practise\f407_disc\lvgl\lvgl\src/core\lv_disp.h ****     return lv_disp_get_scr_act(lv_disp_get_default());
  86              		.loc 3 165 5 view .LVU13
  87              		.loc 3 165 12 is_stmt 0 view .LVU14
  88 001e FFF7FEFF 		bl	lv_disp_get_default
  89              	.LVL3:
  90 0022 FFF7FEFF 		bl	lv_disp_get_scr_act
ARM GAS  C:\Users\gx\AppData\Local\Temp\ccMWL5ND.s 			page 18


  91              	.LVL4:
  92              	.LBE17:
  93              	.LBE16:
  94              		.loc 1 16 31 view .LVU15
  95 0026 FFF7FEFF 		bl	lv_label_create
  96              	.LVL5:
  97 002a 0546     		mov	r5, r0
  98              	.LVL6:
  17:lvgl/lvgl/examples/widgets/label/lv_example_label_2.c ****     lv_obj_add_style(shadow_label, &style_shadow, 0);
  99              		.loc 1 17 5 is_stmt 1 view .LVU16
 100 002c 0022     		movs	r2, #0
 101 002e 2146     		mov	r1, r4
 102 0030 FFF7FEFF 		bl	lv_obj_add_style
 103              	.LVL7:
  18:lvgl/lvgl/examples/widgets/label/lv_example_label_2.c **** 
  19:lvgl/lvgl/examples/widgets/label/lv_example_label_2.c ****     /*Create the main label*/
  20:lvgl/lvgl/examples/widgets/label/lv_example_label_2.c ****     lv_obj_t * main_label = lv_label_create(lv_scr_act());
 104              		.loc 1 20 5 view .LVU17
 105              	.LBB18:
 106              	.LBI18:
 163:d:\practise\f407_disc\lvgl\lvgl\src/core\lv_disp.h **** {
 107              		.loc 3 163 26 view .LVU18
 108              	.LBB19:
 109              		.loc 3 165 5 view .LVU19
 110              		.loc 3 165 12 is_stmt 0 view .LVU20
 111 0034 FFF7FEFF 		bl	lv_disp_get_default
 112              	.LVL8:
 113 0038 FFF7FEFF 		bl	lv_disp_get_scr_act
 114              	.LVL9:
 115              	.LBE19:
 116              	.LBE18:
 117              		.loc 1 20 29 view .LVU21
 118 003c FFF7FEFF 		bl	lv_label_create
 119              	.LVL10:
 120 0040 0446     		mov	r4, r0
 121              	.LVL11:
  21:lvgl/lvgl/examples/widgets/label/lv_example_label_2.c ****     lv_label_set_text(main_label, "A simple method to create\n"
 122              		.loc 1 21 5 is_stmt 1 view .LVU22
 123 0042 0D49     		ldr	r1, .L3+4
 124 0044 FFF7FEFF 		bl	lv_label_set_text
 125              	.LVL12:
  22:lvgl/lvgl/examples/widgets/label/lv_example_label_2.c ****                                   "shadows on a text.\n"
  23:lvgl/lvgl/examples/widgets/label/lv_example_label_2.c ****                                   "It even works with\n\n"
  24:lvgl/lvgl/examples/widgets/label/lv_example_label_2.c ****                                   "newlines     and spaces.");
  25:lvgl/lvgl/examples/widgets/label/lv_example_label_2.c **** 
  26:lvgl/lvgl/examples/widgets/label/lv_example_label_2.c ****     /*Set the same text for the shadow label*/
  27:lvgl/lvgl/examples/widgets/label/lv_example_label_2.c ****     lv_label_set_text(shadow_label, lv_label_get_text(main_label));
 126              		.loc 1 27 5 view .LVU23
 127              		.loc 1 27 37 is_stmt 0 view .LVU24
 128 0048 2046     		mov	r0, r4
 129 004a FFF7FEFF 		bl	lv_label_get_text
 130              	.LVL13:
 131 004e 0146     		mov	r1, r0
 132              		.loc 1 27 5 view .LVU25
 133 0050 2846     		mov	r0, r5
 134 0052 FFF7FEFF 		bl	lv_label_set_text
 135              	.LVL14:
ARM GAS  C:\Users\gx\AppData\Local\Temp\ccMWL5ND.s 			page 19


  28:lvgl/lvgl/examples/widgets/label/lv_example_label_2.c **** 
  29:lvgl/lvgl/examples/widgets/label/lv_example_label_2.c ****     /*Position the main label*/
  30:lvgl/lvgl/examples/widgets/label/lv_example_label_2.c ****     lv_obj_align(main_label, LV_ALIGN_CENTER, 0, 0);
 136              		.loc 1 30 5 is_stmt 1 view .LVU26
 137 0056 0023     		movs	r3, #0
 138 0058 1A46     		mov	r2, r3
 139 005a 0921     		movs	r1, #9
 140 005c 2046     		mov	r0, r4
 141 005e FFF7FEFF 		bl	lv_obj_align
 142              	.LVL15:
  31:lvgl/lvgl/examples/widgets/label/lv_example_label_2.c **** 
  32:lvgl/lvgl/examples/widgets/label/lv_example_label_2.c ****     /*Shift the second label down and to the right by 2 pixel*/
  33:lvgl/lvgl/examples/widgets/label/lv_example_label_2.c ****     lv_obj_align_to(shadow_label, main_label, LV_ALIGN_TOP_LEFT, 2, 2);
 143              		.loc 1 33 5 view .LVU27
 144 0062 0223     		movs	r3, #2
 145 0064 0093     		str	r3, [sp]
 146 0066 0122     		movs	r2, #1
 147 0068 2146     		mov	r1, r4
 148 006a 2846     		mov	r0, r5
 149 006c FFF7FEFF 		bl	lv_obj_align_to
 150              	.LVL16:
  34:lvgl/lvgl/examples/widgets/label/lv_example_label_2.c **** }
 151              		.loc 1 34 1 is_stmt 0 view .LVU28
 152 0070 03B0     		add	sp, sp, #12
 153              	.LCFI2:
 154              		.cfi_def_cfa_offset 12
 155              		@ sp needed
 156 0072 30BD     		pop	{r4, r5, pc}
 157              	.LVL17:
 158              	.L4:
 159              		.loc 1 34 1 view .LVU29
 160              		.align	2
 161              	.L3:
 162 0074 00000000 		.word	.LANCHOR0
 163 0078 00000000 		.word	.LC0
 164              		.cfi_endproc
 165              	.LFE189:
 167              		.section	.bss.style_shadow.12313,"aw",%nobits
 168              		.align	2
 169              		.set	.LANCHOR0,. + 0
 172              	style_shadow.12313:
 173 0000 00000000 		.space	8
 173      00000000 
 174              		.text
 175              	.Letext0:
 176              		.file 4 "c:\\program files (x86)\\gnu arm embedded toolchain\\9 2020-q2-update\\arm-none-eabi\\inc
 177              		.file 5 "c:\\program files (x86)\\gnu arm embedded toolchain\\9 2020-q2-update\\arm-none-eabi\\inc
 178              		.file 6 "d:\\practise\\f407_disc\\lvgl\\lvgl\\src/misc/lv_ll.h"
 179              		.file 7 "c:\\program files (x86)\\gnu arm embedded toolchain\\9 2020-q2-update\\lib\\gcc\\arm-none
 180              		.file 8 "c:\\program files (x86)\\gnu arm embedded toolchain\\9 2020-q2-update\\arm-none-eabi\\inc
 181              		.file 9 "c:\\program files (x86)\\gnu arm embedded toolchain\\9 2020-q2-update\\arm-none-eabi\\inc
 182              		.file 10 "c:\\program files (x86)\\gnu arm embedded toolchain\\9 2020-q2-update\\arm-none-eabi\\in
 183              		.file 11 "d:\\practise\\f407_disc\\lvgl\\lvgl\\src\\misc\\lv_area.h"
 184              		.file 12 "d:\\practise\\f407_disc\\lvgl\\lvgl\\src/core/lv_obj.h"
 185              		.file 13 "d:\\practise\\f407_disc\\lvgl\\lvgl\\src/core/lv_group.h"
 186              		.file 14 "d:\\practise\\f407_disc\\lvgl\\lvgl\\src\\font\\lv_font.h"
 187              		.file 15 "d:\\practise\\f407_disc\\lvgl\\lvgl\\src\\misc\\lv_txt.h"
ARM GAS  C:\Users\gx\AppData\Local\Temp\ccMWL5ND.s 			page 20


 188              		.file 16 "d:\\practise\\f407_disc\\lvgl\\lvgl\\src\\misc\\lv_style.h"
 189              		.file 17 "d:\\practise\\f407_disc\\lvgl\\lvgl\\src/core/lv_obj_scroll.h"
 190              		.file 18 "d:\\practise\\f407_disc\\lvgl\\lvgl\\src/core/lv_obj_style.h"
 191              		.file 19 "d:\\practise\\f407_disc\\lvgl\\lvgl\\src\\draw\\lv_draw_label.h"
 192              		.file 20 "d:\\practise\\f407_disc\\lvgl\\lvgl\\src/core/lv_obj_class.h"
 193              		.file 21 "d:\\practise\\f407_disc\\lvgl\\lvgl\\src/core/lv_event.h"
 194              		.file 22 "d:\\practise\\f407_disc\\lvgl\\lvgl\\src/widgets/lv_arc.h"
 195              		.file 23 "d:\\practise\\f407_disc\\lvgl\\lvgl\\src/widgets/lv_btn.h"
 196              		.file 24 "d:\\practise\\f407_disc\\lvgl\\lvgl\\src/widgets/lv_img.h"
 197              		.file 25 "d:\\practise\\f407_disc\\lvgl\\lvgl\\src/widgets/lv_label.h"
 198              		.file 26 "d:\\practise\\f407_disc\\lvgl\\lvgl\\src/widgets/lv_line.h"
 199              		.file 27 "d:\\practise\\f407_disc\\lvgl\\lvgl\\src/widgets/lv_table.h"
 200              		.file 28 "d:\\practise\\f407_disc\\lvgl\\lvgl\\src/widgets/lv_checkbox.h"
 201              		.file 29 "d:\\practise\\f407_disc\\lvgl\\lvgl\\src/widgets/lv_bar.h"
 202              		.file 30 "d:\\practise\\f407_disc\\lvgl\\lvgl\\src/widgets/lv_slider.h"
 203              		.file 31 "d:\\practise\\f407_disc\\lvgl\\lvgl\\src/widgets/lv_btnmatrix.h"
 204              		.file 32 "d:\\practise\\f407_disc\\lvgl\\lvgl\\src/widgets/lv_dropdown.h"
 205              		.file 33 "d:\\practise\\f407_disc\\lvgl\\lvgl\\src/widgets/lv_roller.h"
 206              		.file 34 "d:\\practise\\f407_disc\\lvgl\\lvgl\\src/widgets/lv_textarea.h"
 207              		.file 35 "d:\\practise\\f407_disc\\lvgl\\lvgl\\src/widgets/lv_canvas.h"
 208              		.file 36 "d:\\practise\\f407_disc\\lvgl\\lvgl\\src/widgets/lv_switch.h"
 209              		.file 37 "d:\\practise\\f407_disc\\lvgl\\lvgl\\src/extra/widgets/animimg/lv_animimg.h"
 210              		.file 38 "d:\\practise\\f407_disc\\lvgl\\lvgl\\src/extra/widgets/calendar/lv_calendar.h"
 211              		.file 39 "d:\\practise\\f407_disc\\lvgl\\lvgl\\src/extra/widgets/calendar/lv_calendar_header_arrow
 212              		.file 40 "d:\\practise\\f407_disc\\lvgl\\lvgl\\src/extra/widgets/calendar/lv_calendar_header_dropd
 213              		.file 41 "d:\\practise\\f407_disc\\lvgl\\lvgl\\src/extra/widgets/chart/lv_chart.h"
 214              		.file 42 "d:\\practise\\f407_disc\\lvgl\\lvgl\\src/extra/widgets/keyboard/lv_keyboard.h"
 215              		.file 43 "d:\\practise\\f407_disc\\lvgl\\lvgl\\src\\extra\\layouts\\flex\\lv_flex.h"
 216              		.file 44 "d:\\practise\\f407_disc\\lvgl\\lvgl\\src/extra/widgets/list/lv_list.h"
 217              		.file 45 "d:\\practise\\f407_disc\\lvgl\\lvgl\\src/extra/widgets/msgbox/lv_msgbox.h"
 218              		.file 46 "d:\\practise\\f407_disc\\lvgl\\lvgl\\src/extra/widgets/meter/lv_meter.h"
 219              		.file 47 "d:\\practise\\f407_disc\\lvgl\\lvgl\\src/extra/widgets/spinbox/lv_spinbox.h"
 220              		.file 48 "d:\\practise\\f407_disc\\lvgl\\lvgl\\src/extra/widgets/spinner/lv_spinner.h"
 221              		.file 49 "d:\\practise\\f407_disc\\lvgl\\lvgl\\src/extra/widgets/tabview/lv_tabview.h"
 222              		.file 50 "d:\\practise\\f407_disc\\lvgl\\lvgl\\src/extra/widgets/tileview/lv_tileview.h"
 223              		.file 51 "d:\\practise\\f407_disc\\lvgl\\lvgl\\src/extra/widgets/win/lv_win.h"
 224              		.file 52 "d:\\practise\\f407_disc\\lvgl\\lvgl\\src/extra/widgets/colorwheel/lv_colorwheel.h"
 225              		.file 53 "d:\\practise\\f407_disc\\lvgl\\lvgl\\src/extra/widgets/led/lv_led.h"
 226              		.file 54 "d:\\practise\\f407_disc\\lvgl\\lvgl\\src/extra/widgets/imgbtn/lv_imgbtn.h"
 227              		.file 55 "d:\\practise\\f407_disc\\lvgl\\lvgl\\src/extra/widgets/span/lv_span.h"
 228              		.file 56 "d:\\practise\\f407_disc\\lvgl\\lvgl\\src/extra/layouts/grid/lv_grid.h"
 229              		.file 57 "d:\\practise\\f407_disc\\lvgl\\lvgl\\src/hal/lv_hal_disp.h"
 230              		.file 58 "d:\\practise\\f407_disc\\lvgl\\lvgl\\src\\misc\\lv_style_gen.h"
 231              		.file 59 "d:\\practise\\f407_disc\\lvgl\\lvgl\\src/core/lv_obj_pos.h"
ARM GAS  C:\Users\gx\AppData\Local\Temp\ccMWL5ND.s 			page 21


DEFINED SYMBOLS
                            *ABS*:00000000 lv_example_label_2.c
C:\Users\gx\AppData\Local\Temp\ccMWL5ND.s:18     .rodata.lv_example_label_2.str1.4:00000000 $d
C:\Users\gx\AppData\Local\Temp\ccMWL5ND.s:23     .text.lv_example_label_2:00000000 $t
C:\Users\gx\AppData\Local\Temp\ccMWL5ND.s:31     .text.lv_example_label_2:00000000 lv_example_label_2
C:\Users\gx\AppData\Local\Temp\ccMWL5ND.s:162    .text.lv_example_label_2:00000074 $d
C:\Users\gx\AppData\Local\Temp\ccMWL5ND.s:168    .bss.style_shadow.12313:00000000 $d
C:\Users\gx\AppData\Local\Temp\ccMWL5ND.s:172    .bss.style_shadow.12313:00000000 style_shadow.12313

UNDEFINED SYMBOLS
lv_style_init
lv_style_set_text_opa
lv_style_set_text_color
lv_disp_get_default
lv_disp_get_scr_act
lv_label_create
lv_obj_add_style
lv_label_set_text
lv_label_get_text
lv_obj_align
lv_obj_align_to
