ARM GAS  C:\Users\gx\AppData\Local\Temp\cc5yq2ez.s 			page 1


   1              		.cpu cortex-m4
   2              		.eabi_attribute 27, 1
   3              		.eabi_attribute 28, 1
   4              		.eabi_attribute 20, 1
   5              		.eabi_attribute 21, 1
   6              		.eabi_attribute 23, 3
   7              		.eabi_attribute 24, 1
   8              		.eabi_attribute 25, 1
   9              		.eabi_attribute 26, 1
  10              		.eabi_attribute 30, 1
  11              		.eabi_attribute 34, 1
  12              		.eabi_attribute 18, 4
  13              		.file	"lv_example_slider_3.c"
  14              		.text
  15              	.Ltext0:
  16              		.cfi_sections	.debug_frame
  17              		.section	.rodata.slider_event_cb.str1.4,"aMS",%progbits,1
  18              		.align	2
  19              	.LC0:
  20 0000 2564202D 		.ascii	"%d - %d\000"
  20      20256400 
  21              		.section	.text.slider_event_cb,"ax",%progbits
  22              		.align	1
  23              		.arch armv7e-m
  24              		.syntax unified
  25              		.thumb
  26              		.thumb_func
  27              		.fpu fpv4-sp-d16
  29              	slider_event_cb:
  30              	.LVL0:
  31              	.LFB190:
  32              		.file 1 "lvgl/lvgl/examples/widgets/slider/lv_example_slider_3.c"
   1:lvgl/lvgl/examples/widgets/slider/lv_example_slider_3.c **** #include "../../lv_examples.h"
   2:lvgl/lvgl/examples/widgets/slider/lv_example_slider_3.c **** #if LV_USE_SLIDER && LV_BUILD_EXAMPLES
   3:lvgl/lvgl/examples/widgets/slider/lv_example_slider_3.c **** 
   4:lvgl/lvgl/examples/widgets/slider/lv_example_slider_3.c **** static void slider_event_cb(lv_event_t * e);
   5:lvgl/lvgl/examples/widgets/slider/lv_example_slider_3.c **** 
   6:lvgl/lvgl/examples/widgets/slider/lv_example_slider_3.c **** /**
   7:lvgl/lvgl/examples/widgets/slider/lv_example_slider_3.c ****  * Show the current value when the slider is pressed by extending the drawer
   8:lvgl/lvgl/examples/widgets/slider/lv_example_slider_3.c ****  *
   9:lvgl/lvgl/examples/widgets/slider/lv_example_slider_3.c ****  */
  10:lvgl/lvgl/examples/widgets/slider/lv_example_slider_3.c **** void lv_example_slider_3(void)
  11:lvgl/lvgl/examples/widgets/slider/lv_example_slider_3.c **** {
  12:lvgl/lvgl/examples/widgets/slider/lv_example_slider_3.c ****     /*Create a slider in the center of the display*/
  13:lvgl/lvgl/examples/widgets/slider/lv_example_slider_3.c ****     lv_obj_t * slider;
  14:lvgl/lvgl/examples/widgets/slider/lv_example_slider_3.c ****     slider = lv_slider_create(lv_scr_act());
  15:lvgl/lvgl/examples/widgets/slider/lv_example_slider_3.c ****     lv_obj_center(slider);
  16:lvgl/lvgl/examples/widgets/slider/lv_example_slider_3.c **** 
  17:lvgl/lvgl/examples/widgets/slider/lv_example_slider_3.c ****     lv_slider_set_mode(slider, LV_SLIDER_MODE_RANGE);
  18:lvgl/lvgl/examples/widgets/slider/lv_example_slider_3.c ****     lv_slider_set_value(slider, 70, LV_ANIM_OFF);
  19:lvgl/lvgl/examples/widgets/slider/lv_example_slider_3.c ****     lv_slider_set_left_value(slider, 20, LV_ANIM_OFF);
  20:lvgl/lvgl/examples/widgets/slider/lv_example_slider_3.c **** 
  21:lvgl/lvgl/examples/widgets/slider/lv_example_slider_3.c ****     lv_obj_add_event_cb(slider, slider_event_cb, LV_EVENT_ALL, NULL);
  22:lvgl/lvgl/examples/widgets/slider/lv_example_slider_3.c ****     lv_obj_refresh_ext_draw_size(slider);
  23:lvgl/lvgl/examples/widgets/slider/lv_example_slider_3.c **** }
  24:lvgl/lvgl/examples/widgets/slider/lv_example_slider_3.c **** 
  25:lvgl/lvgl/examples/widgets/slider/lv_example_slider_3.c **** static void slider_event_cb(lv_event_t * e)
ARM GAS  C:\Users\gx\AppData\Local\Temp\cc5yq2ez.s 			page 2


  26:lvgl/lvgl/examples/widgets/slider/lv_example_slider_3.c **** {
  33              		.loc 1 26 1 view -0
  34              		.cfi_startproc
  35              		@ args = 0, pretend = 0, frame = 64
  36              		@ frame_needed = 0, uses_anonymous_args = 0
  37              		.loc 1 26 1 is_stmt 0 view .LVU1
  38 0000 70B5     		push	{r4, r5, r6, lr}
  39              	.LCFI0:
  40              		.cfi_def_cfa_offset 16
  41              		.cfi_offset 4, -16
  42              		.cfi_offset 5, -12
  43              		.cfi_offset 6, -8
  44              		.cfi_offset 14, -4
  45 0002 94B0     		sub	sp, sp, #80
  46              	.LCFI1:
  47              		.cfi_def_cfa_offset 96
  48 0004 0546     		mov	r5, r0
  27:lvgl/lvgl/examples/widgets/slider/lv_example_slider_3.c ****     lv_event_code_t code = lv_event_get_code(e);
  49              		.loc 1 27 5 is_stmt 1 view .LVU2
  50              		.loc 1 27 28 is_stmt 0 view .LVU3
  51 0006 FFF7FEFF 		bl	lv_event_get_code
  52              	.LVL1:
  53              		.loc 1 27 28 view .LVU4
  54 000a 0446     		mov	r4, r0
  55              	.LVL2:
  28:lvgl/lvgl/examples/widgets/slider/lv_example_slider_3.c ****     lv_obj_t * obj = lv_event_get_target(e);
  56              		.loc 1 28 5 is_stmt 1 view .LVU5
  57              		.loc 1 28 22 is_stmt 0 view .LVU6
  58 000c 2846     		mov	r0, r5
  59 000e FFF7FEFF 		bl	lv_event_get_target
  60              	.LVL3:
  29:lvgl/lvgl/examples/widgets/slider/lv_example_slider_3.c **** 
  30:lvgl/lvgl/examples/widgets/slider/lv_example_slider_3.c ****     /*Provide some extra space for the value*/
  31:lvgl/lvgl/examples/widgets/slider/lv_example_slider_3.c ****     if(code == LV_EVENT_REFR_EXT_DRAW_SIZE) {
  61              		.loc 1 31 5 is_stmt 1 view .LVU7
  62              		.loc 1 31 7 is_stmt 0 view .LVU8
  63 0012 132C     		cmp	r4, #19
  64 0014 04D0     		beq	.L5
  65 0016 0646     		mov	r6, r0
  32:lvgl/lvgl/examples/widgets/slider/lv_example_slider_3.c ****         lv_coord_t * size = lv_event_get_param(e);
  33:lvgl/lvgl/examples/widgets/slider/lv_example_slider_3.c ****         *size = LV_MAX(*size, 50);
  34:lvgl/lvgl/examples/widgets/slider/lv_example_slider_3.c ****     }
  35:lvgl/lvgl/examples/widgets/slider/lv_example_slider_3.c ****     else if(code == LV_EVENT_DRAW_PART_END) {
  66              		.loc 1 35 10 is_stmt 1 view .LVU9
  67              		.loc 1 35 12 is_stmt 0 view .LVU10
  68 0018 1B2C     		cmp	r4, #27
  69 001a 0BD0     		beq	.L6
  70              	.LVL4:
  71              	.L1:
  36:lvgl/lvgl/examples/widgets/slider/lv_example_slider_3.c ****         lv_obj_draw_part_dsc_t * dsc = lv_event_get_param(e);
  37:lvgl/lvgl/examples/widgets/slider/lv_example_slider_3.c ****         if(dsc->part == LV_PART_INDICATOR) {
  38:lvgl/lvgl/examples/widgets/slider/lv_example_slider_3.c ****             char buf[16];
  39:lvgl/lvgl/examples/widgets/slider/lv_example_slider_3.c ****             lv_snprintf(buf, sizeof(buf), "%d - %d", lv_slider_get_left_value(obj), lv_slider_get_v
  40:lvgl/lvgl/examples/widgets/slider/lv_example_slider_3.c **** 
  41:lvgl/lvgl/examples/widgets/slider/lv_example_slider_3.c ****             lv_point_t label_size;
  42:lvgl/lvgl/examples/widgets/slider/lv_example_slider_3.c ****             lv_txt_get_size(&label_size, buf, LV_FONT_DEFAULT, 0, 0, LV_COORD_MAX, 0);
  43:lvgl/lvgl/examples/widgets/slider/lv_example_slider_3.c ****             lv_area_t label_area;
ARM GAS  C:\Users\gx\AppData\Local\Temp\cc5yq2ez.s 			page 3


  44:lvgl/lvgl/examples/widgets/slider/lv_example_slider_3.c ****             label_area.x1 = dsc->draw_area->x1 + lv_area_get_width(dsc->draw_area) / 2 - label_size
  45:lvgl/lvgl/examples/widgets/slider/lv_example_slider_3.c ****             label_area.x2 = label_area.x1 + label_size.x;
  46:lvgl/lvgl/examples/widgets/slider/lv_example_slider_3.c ****             label_area.y2 = dsc->draw_area->y1 - 10;
  47:lvgl/lvgl/examples/widgets/slider/lv_example_slider_3.c ****             label_area.y1 = label_area.y2 - label_size.y;
  48:lvgl/lvgl/examples/widgets/slider/lv_example_slider_3.c **** 
  49:lvgl/lvgl/examples/widgets/slider/lv_example_slider_3.c ****             lv_draw_label_dsc_t label_draw_dsc;
  50:lvgl/lvgl/examples/widgets/slider/lv_example_slider_3.c ****             lv_draw_label_dsc_init(&label_draw_dsc);
  51:lvgl/lvgl/examples/widgets/slider/lv_example_slider_3.c **** 
  52:lvgl/lvgl/examples/widgets/slider/lv_example_slider_3.c ****             lv_draw_label(&label_area, dsc->clip_area, &label_draw_dsc, buf, NULL);
  53:lvgl/lvgl/examples/widgets/slider/lv_example_slider_3.c ****         }
  54:lvgl/lvgl/examples/widgets/slider/lv_example_slider_3.c ****     }
  55:lvgl/lvgl/examples/widgets/slider/lv_example_slider_3.c **** }
  72              		.loc 1 55 1 view .LVU11
  73 001c 14B0     		add	sp, sp, #80
  74              	.LCFI2:
  75              		.cfi_remember_state
  76              		.cfi_def_cfa_offset 16
  77              		@ sp needed
  78 001e 70BD     		pop	{r4, r5, r6, pc}
  79              	.LVL5:
  80              	.L5:
  81              	.LCFI3:
  82              		.cfi_restore_state
  83              	.LBB21:
  32:lvgl/lvgl/examples/widgets/slider/lv_example_slider_3.c ****         lv_coord_t * size = lv_event_get_param(e);
  84              		.loc 1 32 9 is_stmt 1 view .LVU12
  32:lvgl/lvgl/examples/widgets/slider/lv_example_slider_3.c ****         lv_coord_t * size = lv_event_get_param(e);
  85              		.loc 1 32 29 is_stmt 0 view .LVU13
  86 0020 2846     		mov	r0, r5
  87              	.LVL6:
  32:lvgl/lvgl/examples/widgets/slider/lv_example_slider_3.c ****         lv_coord_t * size = lv_event_get_param(e);
  88              		.loc 1 32 29 view .LVU14
  89 0022 FFF7FEFF 		bl	lv_event_get_param
  90              	.LVL7:
  33:lvgl/lvgl/examples/widgets/slider/lv_example_slider_3.c ****     }
  91              		.loc 1 33 9 is_stmt 1 view .LVU15
  33:lvgl/lvgl/examples/widgets/slider/lv_example_slider_3.c ****     }
  92              		.loc 1 33 17 is_stmt 0 view .LVU16
  93 0026 B0F90030 		ldrsh	r3, [r0]
  94 002a 322B     		cmp	r3, #50
  95 002c B8BF     		it	lt
  96 002e 3223     		movlt	r3, #50
  33:lvgl/lvgl/examples/widgets/slider/lv_example_slider_3.c ****     }
  97              		.loc 1 33 15 view .LVU17
  98 0030 0380     		strh	r3, [r0]	@ movhi
  99              	.LBE21:
 100 0032 F3E7     		b	.L1
 101              	.LVL8:
 102              	.L6:
 103              	.LBB22:
  36:lvgl/lvgl/examples/widgets/slider/lv_example_slider_3.c ****         lv_obj_draw_part_dsc_t * dsc = lv_event_get_param(e);
 104              		.loc 1 36 9 is_stmt 1 view .LVU18
  36:lvgl/lvgl/examples/widgets/slider/lv_example_slider_3.c ****         lv_obj_draw_part_dsc_t * dsc = lv_event_get_param(e);
 105              		.loc 1 36 40 is_stmt 0 view .LVU19
 106 0034 2846     		mov	r0, r5
 107              	.LVL9:
  36:lvgl/lvgl/examples/widgets/slider/lv_example_slider_3.c ****         lv_obj_draw_part_dsc_t * dsc = lv_event_get_param(e);
ARM GAS  C:\Users\gx\AppData\Local\Temp\cc5yq2ez.s 			page 4


 108              		.loc 1 36 40 view .LVU20
 109 0036 FFF7FEFF 		bl	lv_event_get_param
 110              	.LVL10:
 111 003a 0446     		mov	r4, r0
 112              	.LVL11:
  37:lvgl/lvgl/examples/widgets/slider/lv_example_slider_3.c ****             char buf[16];
 113              		.loc 1 37 9 is_stmt 1 view .LVU21
  37:lvgl/lvgl/examples/widgets/slider/lv_example_slider_3.c ****             char buf[16];
 114              		.loc 1 37 15 is_stmt 0 view .LVU22
 115 003c 036B     		ldr	r3, [r0, #48]
  37:lvgl/lvgl/examples/widgets/slider/lv_example_slider_3.c ****             char buf[16];
 116              		.loc 1 37 11 view .LVU23
 117 003e B3F5003F 		cmp	r3, #131072
 118 0042 EBD1     		bne	.L1
 119              	.LBB23:
  38:lvgl/lvgl/examples/widgets/slider/lv_example_slider_3.c ****             lv_snprintf(buf, sizeof(buf), "%d - %d", lv_slider_get_left_value(obj), lv_slider_get_v
 120              		.loc 1 38 13 is_stmt 1 view .LVU24
  39:lvgl/lvgl/examples/widgets/slider/lv_example_slider_3.c **** 
 121              		.loc 1 39 13 view .LVU25
 122              	.LVL12:
 123              	.LBB24:
 124              	.LBI24:
 125              		.file 2 "d:\\practise\\f407_disc\\lvgl\\lvgl\\src/widgets/lv_slider.h"
   1:d:\practise\f407_disc\lvgl\lvgl\src/widgets\lv_slider.h **** /**
   2:d:\practise\f407_disc\lvgl\lvgl\src/widgets\lv_slider.h ****  * @file lv_slider.h
   3:d:\practise\f407_disc\lvgl\lvgl\src/widgets\lv_slider.h ****  *
   4:d:\practise\f407_disc\lvgl\lvgl\src/widgets\lv_slider.h ****  */
   5:d:\practise\f407_disc\lvgl\lvgl\src/widgets\lv_slider.h **** 
   6:d:\practise\f407_disc\lvgl\lvgl\src/widgets\lv_slider.h **** #ifndef LV_SLIDER_H
   7:d:\practise\f407_disc\lvgl\lvgl\src/widgets\lv_slider.h **** #define LV_SLIDER_H
   8:d:\practise\f407_disc\lvgl\lvgl\src/widgets\lv_slider.h **** 
   9:d:\practise\f407_disc\lvgl\lvgl\src/widgets\lv_slider.h **** #ifdef __cplusplus
  10:d:\practise\f407_disc\lvgl\lvgl\src/widgets\lv_slider.h **** extern "C" {
  11:d:\practise\f407_disc\lvgl\lvgl\src/widgets\lv_slider.h **** #endif
  12:d:\practise\f407_disc\lvgl\lvgl\src/widgets\lv_slider.h **** 
  13:d:\practise\f407_disc\lvgl\lvgl\src/widgets\lv_slider.h **** /*********************
  14:d:\practise\f407_disc\lvgl\lvgl\src/widgets\lv_slider.h ****  *      INCLUDES
  15:d:\practise\f407_disc\lvgl\lvgl\src/widgets\lv_slider.h ****  *********************/
  16:d:\practise\f407_disc\lvgl\lvgl\src/widgets\lv_slider.h **** #include "../lv_conf_internal.h"
  17:d:\practise\f407_disc\lvgl\lvgl\src/widgets\lv_slider.h **** 
  18:d:\practise\f407_disc\lvgl\lvgl\src/widgets\lv_slider.h **** #if LV_USE_SLIDER != 0
  19:d:\practise\f407_disc\lvgl\lvgl\src/widgets\lv_slider.h **** 
  20:d:\practise\f407_disc\lvgl\lvgl\src/widgets\lv_slider.h **** /*Testing of dependencies*/
  21:d:\practise\f407_disc\lvgl\lvgl\src/widgets\lv_slider.h **** #if LV_USE_BAR == 0
  22:d:\practise\f407_disc\lvgl\lvgl\src/widgets\lv_slider.h **** #error "lv_slider: lv_bar is required. Enable it in lv_conf.h (LV_USE_BAR 1)"
  23:d:\practise\f407_disc\lvgl\lvgl\src/widgets\lv_slider.h **** #endif
  24:d:\practise\f407_disc\lvgl\lvgl\src/widgets\lv_slider.h **** 
  25:d:\practise\f407_disc\lvgl\lvgl\src/widgets\lv_slider.h **** #include "../core/lv_obj.h"
  26:d:\practise\f407_disc\lvgl\lvgl\src/widgets\lv_slider.h **** #include "lv_bar.h"
  27:d:\practise\f407_disc\lvgl\lvgl\src/widgets\lv_slider.h **** 
  28:d:\practise\f407_disc\lvgl\lvgl\src/widgets\lv_slider.h **** /*********************
  29:d:\practise\f407_disc\lvgl\lvgl\src/widgets\lv_slider.h ****  *      DEFINES
  30:d:\practise\f407_disc\lvgl\lvgl\src/widgets\lv_slider.h ****  *********************/
  31:d:\practise\f407_disc\lvgl\lvgl\src/widgets\lv_slider.h **** 
  32:d:\practise\f407_disc\lvgl\lvgl\src/widgets\lv_slider.h **** /**********************
  33:d:\practise\f407_disc\lvgl\lvgl\src/widgets\lv_slider.h ****  *      TYPEDEFS
  34:d:\practise\f407_disc\lvgl\lvgl\src/widgets\lv_slider.h ****  **********************/
ARM GAS  C:\Users\gx\AppData\Local\Temp\cc5yq2ez.s 			page 5


  35:d:\practise\f407_disc\lvgl\lvgl\src/widgets\lv_slider.h **** 
  36:d:\practise\f407_disc\lvgl\lvgl\src/widgets\lv_slider.h **** enum {
  37:d:\practise\f407_disc\lvgl\lvgl\src/widgets\lv_slider.h ****     LV_SLIDER_MODE_NORMAL = LV_BAR_MODE_NORMAL,
  38:d:\practise\f407_disc\lvgl\lvgl\src/widgets\lv_slider.h ****     LV_SLIDER_MODE_SYMMETRICAL = LV_BAR_MODE_SYMMETRICAL,
  39:d:\practise\f407_disc\lvgl\lvgl\src/widgets\lv_slider.h ****     LV_SLIDER_MODE_RANGE = LV_BAR_MODE_RANGE
  40:d:\practise\f407_disc\lvgl\lvgl\src/widgets\lv_slider.h **** };
  41:d:\practise\f407_disc\lvgl\lvgl\src/widgets\lv_slider.h **** typedef uint8_t lv_slider_mode_t;
  42:d:\practise\f407_disc\lvgl\lvgl\src/widgets\lv_slider.h **** 
  43:d:\practise\f407_disc\lvgl\lvgl\src/widgets\lv_slider.h **** typedef struct {
  44:d:\practise\f407_disc\lvgl\lvgl\src/widgets\lv_slider.h ****     lv_bar_t bar;       /*Add the ancestor's type first*/
  45:d:\practise\f407_disc\lvgl\lvgl\src/widgets\lv_slider.h ****     lv_area_t left_knob_area;
  46:d:\practise\f407_disc\lvgl\lvgl\src/widgets\lv_slider.h ****     lv_area_t right_knob_area;
  47:d:\practise\f407_disc\lvgl\lvgl\src/widgets\lv_slider.h ****     int32_t * value_to_set; /*Which bar value to set*/
  48:d:\practise\f407_disc\lvgl\lvgl\src/widgets\lv_slider.h ****     uint8_t dragging : 1;       /*1: the slider is being dragged*/
  49:d:\practise\f407_disc\lvgl\lvgl\src/widgets\lv_slider.h ****     uint8_t left_knob_focus : 1; /*1: with encoder now the right knob can be adjusted*/
  50:d:\practise\f407_disc\lvgl\lvgl\src/widgets\lv_slider.h **** }lv_slider_t;
  51:d:\practise\f407_disc\lvgl\lvgl\src/widgets\lv_slider.h **** 
  52:d:\practise\f407_disc\lvgl\lvgl\src/widgets\lv_slider.h **** extern const lv_obj_class_t lv_slider_class;
  53:d:\practise\f407_disc\lvgl\lvgl\src/widgets\lv_slider.h **** 
  54:d:\practise\f407_disc\lvgl\lvgl\src/widgets\lv_slider.h **** /**
  55:d:\practise\f407_disc\lvgl\lvgl\src/widgets\lv_slider.h ****  * `type` field in `lv_obj_draw_part_dsc_t` if `class_p = lv_slider_class`
  56:d:\practise\f407_disc\lvgl\lvgl\src/widgets\lv_slider.h ****  * Used in `LV_EVENT_DRAW_PART_BEGIN` and `LV_EVENT_DRAW_PART_END`
  57:d:\practise\f407_disc\lvgl\lvgl\src/widgets\lv_slider.h ****  */
  58:d:\practise\f407_disc\lvgl\lvgl\src/widgets\lv_slider.h **** typedef enum {
  59:d:\practise\f407_disc\lvgl\lvgl\src/widgets\lv_slider.h ****     LV_SLIDER_DRAW_PART_KNOB,           /**< The main (right) knob's rectangle*/
  60:d:\practise\f407_disc\lvgl\lvgl\src/widgets\lv_slider.h ****     LV_SLIDER_DRAW_PART_KNOB_LEFT,      /**< The left knob's rectangle*/
  61:d:\practise\f407_disc\lvgl\lvgl\src/widgets\lv_slider.h **** }lv_slider_draw_part_type_t;
  62:d:\practise\f407_disc\lvgl\lvgl\src/widgets\lv_slider.h **** 
  63:d:\practise\f407_disc\lvgl\lvgl\src/widgets\lv_slider.h **** /**********************
  64:d:\practise\f407_disc\lvgl\lvgl\src/widgets\lv_slider.h ****  * GLOBAL PROTOTYPES
  65:d:\practise\f407_disc\lvgl\lvgl\src/widgets\lv_slider.h ****  **********************/
  66:d:\practise\f407_disc\lvgl\lvgl\src/widgets\lv_slider.h **** 
  67:d:\practise\f407_disc\lvgl\lvgl\src/widgets\lv_slider.h **** /**
  68:d:\practise\f407_disc\lvgl\lvgl\src/widgets\lv_slider.h ****  * Create a slider objects
  69:d:\practise\f407_disc\lvgl\lvgl\src/widgets\lv_slider.h ****  * @param parent    pointer to an object, it will be the parent of the new slider.
  70:d:\practise\f407_disc\lvgl\lvgl\src/widgets\lv_slider.h ****  * @return          pointer to the created slider
  71:d:\practise\f407_disc\lvgl\lvgl\src/widgets\lv_slider.h ****  */
  72:d:\practise\f407_disc\lvgl\lvgl\src/widgets\lv_slider.h **** lv_obj_t * lv_slider_create(lv_obj_t * parent);
  73:d:\practise\f407_disc\lvgl\lvgl\src/widgets\lv_slider.h **** 
  74:d:\practise\f407_disc\lvgl\lvgl\src/widgets\lv_slider.h **** /*=====================
  75:d:\practise\f407_disc\lvgl\lvgl\src/widgets\lv_slider.h ****  * Setter functions
  76:d:\practise\f407_disc\lvgl\lvgl\src/widgets\lv_slider.h ****  *====================*/
  77:d:\practise\f407_disc\lvgl\lvgl\src/widgets\lv_slider.h **** 
  78:d:\practise\f407_disc\lvgl\lvgl\src/widgets\lv_slider.h **** /**
  79:d:\practise\f407_disc\lvgl\lvgl\src/widgets\lv_slider.h ****  * Set a new value on the slider
  80:d:\practise\f407_disc\lvgl\lvgl\src/widgets\lv_slider.h ****  * @param obj       pointer to a slider object
  81:d:\practise\f407_disc\lvgl\lvgl\src/widgets\lv_slider.h ****  * @param value     the new value
  82:d:\practise\f407_disc\lvgl\lvgl\src/widgets\lv_slider.h ****  * @param anim      LV_ANIM_ON: set the value with an animation; LV_ANIM_OFF: change the value imme
  83:d:\practise\f407_disc\lvgl\lvgl\src/widgets\lv_slider.h ****  */
  84:d:\practise\f407_disc\lvgl\lvgl\src/widgets\lv_slider.h **** static inline void lv_slider_set_value(lv_obj_t * obj, int32_t value, lv_anim_enable_t anim)
  85:d:\practise\f407_disc\lvgl\lvgl\src/widgets\lv_slider.h **** {
  86:d:\practise\f407_disc\lvgl\lvgl\src/widgets\lv_slider.h ****     lv_bar_set_value(obj, value, anim);
  87:d:\practise\f407_disc\lvgl\lvgl\src/widgets\lv_slider.h **** }
  88:d:\practise\f407_disc\lvgl\lvgl\src/widgets\lv_slider.h **** 
  89:d:\practise\f407_disc\lvgl\lvgl\src/widgets\lv_slider.h **** /**
  90:d:\practise\f407_disc\lvgl\lvgl\src/widgets\lv_slider.h ****  * Set a new value for the left knob of a slider
  91:d:\practise\f407_disc\lvgl\lvgl\src/widgets\lv_slider.h ****  * @param obj       pointer to a slider object
ARM GAS  C:\Users\gx\AppData\Local\Temp\cc5yq2ez.s 			page 6


  92:d:\practise\f407_disc\lvgl\lvgl\src/widgets\lv_slider.h ****  * @param value     new value
  93:d:\practise\f407_disc\lvgl\lvgl\src/widgets\lv_slider.h ****  * @param anim      LV_ANIM_ON: set the value with an animation; LV_ANIM_OFF: change the value imme
  94:d:\practise\f407_disc\lvgl\lvgl\src/widgets\lv_slider.h ****  */
  95:d:\practise\f407_disc\lvgl\lvgl\src/widgets\lv_slider.h **** static inline void lv_slider_set_left_value(lv_obj_t * obj, int32_t value, lv_anim_enable_t anim)
  96:d:\practise\f407_disc\lvgl\lvgl\src/widgets\lv_slider.h **** {
  97:d:\practise\f407_disc\lvgl\lvgl\src/widgets\lv_slider.h ****     lv_bar_set_start_value(obj, value, anim);
  98:d:\practise\f407_disc\lvgl\lvgl\src/widgets\lv_slider.h **** }
  99:d:\practise\f407_disc\lvgl\lvgl\src/widgets\lv_slider.h **** 
 100:d:\practise\f407_disc\lvgl\lvgl\src/widgets\lv_slider.h **** /**
 101:d:\practise\f407_disc\lvgl\lvgl\src/widgets\lv_slider.h ****  * Set minimum and the maximum values of a bar
 102:d:\practise\f407_disc\lvgl\lvgl\src/widgets\lv_slider.h ****  * @param obj       pointer to the slider object
 103:d:\practise\f407_disc\lvgl\lvgl\src/widgets\lv_slider.h ****  * @param min       minimum value
 104:d:\practise\f407_disc\lvgl\lvgl\src/widgets\lv_slider.h ****  * @param max       maximum value
 105:d:\practise\f407_disc\lvgl\lvgl\src/widgets\lv_slider.h ****  */
 106:d:\practise\f407_disc\lvgl\lvgl\src/widgets\lv_slider.h **** static inline void lv_slider_set_range(lv_obj_t * obj, int32_t min, int32_t max)
 107:d:\practise\f407_disc\lvgl\lvgl\src/widgets\lv_slider.h **** {
 108:d:\practise\f407_disc\lvgl\lvgl\src/widgets\lv_slider.h ****     lv_bar_set_range(obj, min, max);
 109:d:\practise\f407_disc\lvgl\lvgl\src/widgets\lv_slider.h **** }
 110:d:\practise\f407_disc\lvgl\lvgl\src/widgets\lv_slider.h **** 
 111:d:\practise\f407_disc\lvgl\lvgl\src/widgets\lv_slider.h **** /**
 112:d:\practise\f407_disc\lvgl\lvgl\src/widgets\lv_slider.h ****  * Set the mode of slider.
 113:d:\practise\f407_disc\lvgl\lvgl\src/widgets\lv_slider.h ****  * @param obj       pointer to a slider object
 114:d:\practise\f407_disc\lvgl\lvgl\src/widgets\lv_slider.h ****  * @param mode      the mode of the slider. See ::lv_slider_mode_t
 115:d:\practise\f407_disc\lvgl\lvgl\src/widgets\lv_slider.h ****  */
 116:d:\practise\f407_disc\lvgl\lvgl\src/widgets\lv_slider.h **** static inline void lv_slider_set_mode(lv_obj_t * obj, lv_slider_mode_t mode)
 117:d:\practise\f407_disc\lvgl\lvgl\src/widgets\lv_slider.h **** {
 118:d:\practise\f407_disc\lvgl\lvgl\src/widgets\lv_slider.h ****     lv_bar_set_mode(obj, (lv_bar_mode_t)mode);
 119:d:\practise\f407_disc\lvgl\lvgl\src/widgets\lv_slider.h **** }
 120:d:\practise\f407_disc\lvgl\lvgl\src/widgets\lv_slider.h **** 
 121:d:\practise\f407_disc\lvgl\lvgl\src/widgets\lv_slider.h **** /*=====================
 122:d:\practise\f407_disc\lvgl\lvgl\src/widgets\lv_slider.h ****  * Getter functions
 123:d:\practise\f407_disc\lvgl\lvgl\src/widgets\lv_slider.h ****  *====================*/
 124:d:\practise\f407_disc\lvgl\lvgl\src/widgets\lv_slider.h **** 
 125:d:\practise\f407_disc\lvgl\lvgl\src/widgets\lv_slider.h **** /**
 126:d:\practise\f407_disc\lvgl\lvgl\src/widgets\lv_slider.h ****  * Get the value of the main knob of a slider
 127:d:\practise\f407_disc\lvgl\lvgl\src/widgets\lv_slider.h ****  * @param obj       pointer to a slider object
 128:d:\practise\f407_disc\lvgl\lvgl\src/widgets\lv_slider.h ****  * @return          the value of the main knob of the slider
 129:d:\practise\f407_disc\lvgl\lvgl\src/widgets\lv_slider.h ****  */
 130:d:\practise\f407_disc\lvgl\lvgl\src/widgets\lv_slider.h **** static inline int32_t lv_slider_get_value(const lv_obj_t * obj)
 131:d:\practise\f407_disc\lvgl\lvgl\src/widgets\lv_slider.h **** {
 132:d:\practise\f407_disc\lvgl\lvgl\src/widgets\lv_slider.h ****     return lv_bar_get_value(obj);
 133:d:\practise\f407_disc\lvgl\lvgl\src/widgets\lv_slider.h **** }
 134:d:\practise\f407_disc\lvgl\lvgl\src/widgets\lv_slider.h **** 
 135:d:\practise\f407_disc\lvgl\lvgl\src/widgets\lv_slider.h **** /**
 136:d:\practise\f407_disc\lvgl\lvgl\src/widgets\lv_slider.h ****  * Get the value of the left knob of a slider
 137:d:\practise\f407_disc\lvgl\lvgl\src/widgets\lv_slider.h ****  * @param obj       pointer to a slider object
 138:d:\practise\f407_disc\lvgl\lvgl\src/widgets\lv_slider.h ****  * @return          the value of the left knob of the slider
 139:d:\practise\f407_disc\lvgl\lvgl\src/widgets\lv_slider.h ****  */
 140:d:\practise\f407_disc\lvgl\lvgl\src/widgets\lv_slider.h **** static inline int32_t lv_slider_get_left_value(const lv_obj_t * obj)
 126              		.loc 2 140 23 view .LVU26
 127              	.LBB25:
 141:d:\practise\f407_disc\lvgl\lvgl\src/widgets\lv_slider.h **** {
 142:d:\practise\f407_disc\lvgl\lvgl\src/widgets\lv_slider.h ****     return lv_bar_get_start_value(obj);
 128              		.loc 2 142 5 view .LVU27
 129              		.loc 2 142 12 is_stmt 0 view .LVU28
 130 0044 3046     		mov	r0, r6
 131              	.LVL13:
ARM GAS  C:\Users\gx\AppData\Local\Temp\cc5yq2ez.s 			page 7


 132              		.loc 2 142 12 view .LVU29
 133 0046 FFF7FEFF 		bl	lv_bar_get_start_value
 134              	.LVL14:
 135 004a 0546     		mov	r5, r0
 136              	.LVL15:
 137              		.loc 2 142 12 view .LVU30
 138              	.LBE25:
 139              	.LBE24:
 140              	.LBB26:
 141              	.LBI26:
 130:d:\practise\f407_disc\lvgl\lvgl\src/widgets\lv_slider.h **** {
 142              		.loc 2 130 23 is_stmt 1 view .LVU31
 143              	.LBB27:
 132:d:\practise\f407_disc\lvgl\lvgl\src/widgets\lv_slider.h **** }
 144              		.loc 2 132 5 view .LVU32
 132:d:\practise\f407_disc\lvgl\lvgl\src/widgets\lv_slider.h **** }
 145              		.loc 2 132 12 is_stmt 0 view .LVU33
 146 004c 3046     		mov	r0, r6
 147 004e FFF7FEFF 		bl	lv_bar_get_value
 148              	.LVL16:
 132:d:\practise\f407_disc\lvgl\lvgl\src/widgets\lv_slider.h **** }
 149              		.loc 2 132 12 view .LVU34
 150              	.LBE27:
 151              	.LBE26:
  39:lvgl/lvgl/examples/widgets/slider/lv_example_slider_3.c **** 
 152              		.loc 1 39 13 view .LVU35
 153 0052 0090     		str	r0, [sp]
 154 0054 2B46     		mov	r3, r5
 155 0056 204A     		ldr	r2, .L7
 156 0058 1021     		movs	r1, #16
 157 005a 08A8     		add	r0, sp, #32
 158 005c FFF7FEFF 		bl	lv_snprintf
 159              	.LVL17:
  41:lvgl/lvgl/examples/widgets/slider/lv_example_slider_3.c ****             lv_txt_get_size(&label_size, buf, LV_FONT_DEFAULT, 0, 0, LV_COORD_MAX, 0);
 160              		.loc 1 41 13 is_stmt 1 view .LVU36
  42:lvgl/lvgl/examples/widgets/slider/lv_example_slider_3.c ****             lv_area_t label_area;
 161              		.loc 1 42 13 view .LVU37
 162 0060 0025     		movs	r5, #0
 163 0062 0295     		str	r5, [sp, #8]
 164 0064 4FF4C043 		mov	r3, #24576
 165 0068 0193     		str	r3, [sp, #4]
 166 006a 0095     		str	r5, [sp]
 167 006c 2B46     		mov	r3, r5
 168 006e 1B4A     		ldr	r2, .L7+4
 169 0070 08A9     		add	r1, sp, #32
 170 0072 05A8     		add	r0, sp, #20
 171 0074 FFF7FEFF 		bl	lv_txt_get_size
 172              	.LVL18:
  43:lvgl/lvgl/examples/widgets/slider/lv_example_slider_3.c ****             label_area.x1 = dsc->draw_area->x1 + lv_area_get_width(dsc->draw_area) / 2 - label_size
 173              		.loc 1 43 13 view .LVU38
  44:lvgl/lvgl/examples/widgets/slider/lv_example_slider_3.c ****             label_area.x2 = label_area.x1 + label_size.x;
 174              		.loc 1 44 13 view .LVU39
  44:lvgl/lvgl/examples/widgets/slider/lv_example_slider_3.c ****             label_area.x2 = label_area.x1 + label_size.x;
 175              		.loc 1 44 32 is_stmt 0 view .LVU40
 176 0078 E168     		ldr	r1, [r4, #12]
  44:lvgl/lvgl/examples/widgets/slider/lv_example_slider_3.c ****             label_area.x2 = label_area.x1 + label_size.x;
 177              		.loc 1 44 43 view .LVU41
ARM GAS  C:\Users\gx\AppData\Local\Temp\cc5yq2ez.s 			page 8


 178 007a 0B88     		ldrh	r3, [r1]
 179              	.LVL19:
 180              	.LBB28:
 181              	.LBI28:
 182              		.file 3 "d:\\practise\\f407_disc\\lvgl\\lvgl\\src\\misc\\lv_area.h"
   1:d:\practise\f407_disc\lvgl\lvgl\src\misc\lv_area.h **** /**
   2:d:\practise\f407_disc\lvgl\lvgl\src\misc\lv_area.h ****  * @file lv_area.h
   3:d:\practise\f407_disc\lvgl\lvgl\src\misc\lv_area.h ****  *
   4:d:\practise\f407_disc\lvgl\lvgl\src\misc\lv_area.h ****  */
   5:d:\practise\f407_disc\lvgl\lvgl\src\misc\lv_area.h **** 
   6:d:\practise\f407_disc\lvgl\lvgl\src\misc\lv_area.h **** #ifndef LV_AREA_H
   7:d:\practise\f407_disc\lvgl\lvgl\src\misc\lv_area.h **** #define LV_AREA_H
   8:d:\practise\f407_disc\lvgl\lvgl\src\misc\lv_area.h **** 
   9:d:\practise\f407_disc\lvgl\lvgl\src\misc\lv_area.h **** #ifdef __cplusplus
  10:d:\practise\f407_disc\lvgl\lvgl\src\misc\lv_area.h **** extern "C" {
  11:d:\practise\f407_disc\lvgl\lvgl\src\misc\lv_area.h **** #endif
  12:d:\practise\f407_disc\lvgl\lvgl\src\misc\lv_area.h **** 
  13:d:\practise\f407_disc\lvgl\lvgl\src\misc\lv_area.h **** /*********************
  14:d:\practise\f407_disc\lvgl\lvgl\src\misc\lv_area.h ****  *      INCLUDES
  15:d:\practise\f407_disc\lvgl\lvgl\src\misc\lv_area.h ****  *********************/
  16:d:\practise\f407_disc\lvgl\lvgl\src\misc\lv_area.h **** #include "../lv_conf_internal.h"
  17:d:\practise\f407_disc\lvgl\lvgl\src\misc\lv_area.h **** #include <string.h>
  18:d:\practise\f407_disc\lvgl\lvgl\src\misc\lv_area.h **** #include <stdbool.h>
  19:d:\practise\f407_disc\lvgl\lvgl\src\misc\lv_area.h **** #include <stdint.h>
  20:d:\practise\f407_disc\lvgl\lvgl\src\misc\lv_area.h **** 
  21:d:\practise\f407_disc\lvgl\lvgl\src\misc\lv_area.h **** /*********************
  22:d:\practise\f407_disc\lvgl\lvgl\src\misc\lv_area.h ****  *      DEFINES
  23:d:\practise\f407_disc\lvgl\lvgl\src\misc\lv_area.h ****  *********************/
  24:d:\practise\f407_disc\lvgl\lvgl\src\misc\lv_area.h **** 
  25:d:\practise\f407_disc\lvgl\lvgl\src\misc\lv_area.h **** #define _LV_COORD_MAX_REDUCE    8192
  26:d:\practise\f407_disc\lvgl\lvgl\src\misc\lv_area.h **** 
  27:d:\practise\f407_disc\lvgl\lvgl\src\misc\lv_area.h **** #if LV_USE_LARGE_COORD
  28:d:\practise\f407_disc\lvgl\lvgl\src\misc\lv_area.h **** typedef int32_t lv_coord_t;
  29:d:\practise\f407_disc\lvgl\lvgl\src\misc\lv_area.h **** #else
  30:d:\practise\f407_disc\lvgl\lvgl\src\misc\lv_area.h **** typedef int16_t lv_coord_t;
  31:d:\practise\f407_disc\lvgl\lvgl\src\misc\lv_area.h **** #endif
  32:d:\practise\f407_disc\lvgl\lvgl\src\misc\lv_area.h **** 
  33:d:\practise\f407_disc\lvgl\lvgl\src\misc\lv_area.h **** /*To allow some special values in the end reduce the max value*/
  34:d:\practise\f407_disc\lvgl\lvgl\src\misc\lv_area.h **** #define LV_COORD_MAX ((lv_coord_t)((uint32_t)((uint32_t)1 << (8 * sizeof(lv_coord_t) - 1)) - _LV_CO
  35:d:\practise\f407_disc\lvgl\lvgl\src\misc\lv_area.h **** #define LV_COORD_MIN (-LV_COORD_MAX)
  36:d:\practise\f407_disc\lvgl\lvgl\src\misc\lv_area.h **** 
  37:d:\practise\f407_disc\lvgl\lvgl\src\misc\lv_area.h **** LV_EXPORT_CONST_INT(LV_COORD_MAX);
  38:d:\practise\f407_disc\lvgl\lvgl\src\misc\lv_area.h **** LV_EXPORT_CONST_INT(LV_COORD_MIN);
  39:d:\practise\f407_disc\lvgl\lvgl\src\misc\lv_area.h **** 
  40:d:\practise\f407_disc\lvgl\lvgl\src\misc\lv_area.h **** /**********************
  41:d:\practise\f407_disc\lvgl\lvgl\src\misc\lv_area.h ****  *      TYPEDEFS
  42:d:\practise\f407_disc\lvgl\lvgl\src\misc\lv_area.h ****  **********************/
  43:d:\practise\f407_disc\lvgl\lvgl\src\misc\lv_area.h **** 
  44:d:\practise\f407_disc\lvgl\lvgl\src\misc\lv_area.h **** /**
  45:d:\practise\f407_disc\lvgl\lvgl\src\misc\lv_area.h ****  * Represents a point on the screen.
  46:d:\practise\f407_disc\lvgl\lvgl\src\misc\lv_area.h ****  */
  47:d:\practise\f407_disc\lvgl\lvgl\src\misc\lv_area.h **** typedef struct {
  48:d:\practise\f407_disc\lvgl\lvgl\src\misc\lv_area.h ****     lv_coord_t x;
  49:d:\practise\f407_disc\lvgl\lvgl\src\misc\lv_area.h ****     lv_coord_t y;
  50:d:\practise\f407_disc\lvgl\lvgl\src\misc\lv_area.h **** } lv_point_t;
  51:d:\practise\f407_disc\lvgl\lvgl\src\misc\lv_area.h **** 
  52:d:\practise\f407_disc\lvgl\lvgl\src\misc\lv_area.h **** /** Represents an area of the screen.*/
ARM GAS  C:\Users\gx\AppData\Local\Temp\cc5yq2ez.s 			page 9


  53:d:\practise\f407_disc\lvgl\lvgl\src\misc\lv_area.h **** typedef struct {
  54:d:\practise\f407_disc\lvgl\lvgl\src\misc\lv_area.h ****     lv_coord_t x1;
  55:d:\practise\f407_disc\lvgl\lvgl\src\misc\lv_area.h ****     lv_coord_t y1;
  56:d:\practise\f407_disc\lvgl\lvgl\src\misc\lv_area.h ****     lv_coord_t x2;
  57:d:\practise\f407_disc\lvgl\lvgl\src\misc\lv_area.h ****     lv_coord_t y2;
  58:d:\practise\f407_disc\lvgl\lvgl\src\misc\lv_area.h **** } lv_area_t;
  59:d:\practise\f407_disc\lvgl\lvgl\src\misc\lv_area.h **** 
  60:d:\practise\f407_disc\lvgl\lvgl\src\misc\lv_area.h **** /** Alignments*/
  61:d:\practise\f407_disc\lvgl\lvgl\src\misc\lv_area.h **** enum {
  62:d:\practise\f407_disc\lvgl\lvgl\src\misc\lv_area.h ****     LV_ALIGN_DEFAULT = 0,
  63:d:\practise\f407_disc\lvgl\lvgl\src\misc\lv_area.h ****     LV_ALIGN_TOP_LEFT,
  64:d:\practise\f407_disc\lvgl\lvgl\src\misc\lv_area.h ****     LV_ALIGN_TOP_MID,
  65:d:\practise\f407_disc\lvgl\lvgl\src\misc\lv_area.h ****     LV_ALIGN_TOP_RIGHT,
  66:d:\practise\f407_disc\lvgl\lvgl\src\misc\lv_area.h ****     LV_ALIGN_BOTTOM_LEFT,
  67:d:\practise\f407_disc\lvgl\lvgl\src\misc\lv_area.h ****     LV_ALIGN_BOTTOM_MID,
  68:d:\practise\f407_disc\lvgl\lvgl\src\misc\lv_area.h ****     LV_ALIGN_BOTTOM_RIGHT,
  69:d:\practise\f407_disc\lvgl\lvgl\src\misc\lv_area.h ****     LV_ALIGN_LEFT_MID,
  70:d:\practise\f407_disc\lvgl\lvgl\src\misc\lv_area.h ****     LV_ALIGN_RIGHT_MID,
  71:d:\practise\f407_disc\lvgl\lvgl\src\misc\lv_area.h ****     LV_ALIGN_CENTER,
  72:d:\practise\f407_disc\lvgl\lvgl\src\misc\lv_area.h **** 
  73:d:\practise\f407_disc\lvgl\lvgl\src\misc\lv_area.h ****     LV_ALIGN_OUT_TOP_LEFT,
  74:d:\practise\f407_disc\lvgl\lvgl\src\misc\lv_area.h ****     LV_ALIGN_OUT_TOP_MID,
  75:d:\practise\f407_disc\lvgl\lvgl\src\misc\lv_area.h ****     LV_ALIGN_OUT_TOP_RIGHT,
  76:d:\practise\f407_disc\lvgl\lvgl\src\misc\lv_area.h ****     LV_ALIGN_OUT_BOTTOM_LEFT,
  77:d:\practise\f407_disc\lvgl\lvgl\src\misc\lv_area.h ****     LV_ALIGN_OUT_BOTTOM_MID,
  78:d:\practise\f407_disc\lvgl\lvgl\src\misc\lv_area.h ****     LV_ALIGN_OUT_BOTTOM_RIGHT,
  79:d:\practise\f407_disc\lvgl\lvgl\src\misc\lv_area.h ****     LV_ALIGN_OUT_LEFT_TOP,
  80:d:\practise\f407_disc\lvgl\lvgl\src\misc\lv_area.h ****     LV_ALIGN_OUT_LEFT_MID,
  81:d:\practise\f407_disc\lvgl\lvgl\src\misc\lv_area.h ****     LV_ALIGN_OUT_LEFT_BOTTOM,
  82:d:\practise\f407_disc\lvgl\lvgl\src\misc\lv_area.h ****     LV_ALIGN_OUT_RIGHT_TOP,
  83:d:\practise\f407_disc\lvgl\lvgl\src\misc\lv_area.h ****     LV_ALIGN_OUT_RIGHT_MID,
  84:d:\practise\f407_disc\lvgl\lvgl\src\misc\lv_area.h ****     LV_ALIGN_OUT_RIGHT_BOTTOM,
  85:d:\practise\f407_disc\lvgl\lvgl\src\misc\lv_area.h **** };
  86:d:\practise\f407_disc\lvgl\lvgl\src\misc\lv_area.h **** typedef uint8_t lv_align_t;
  87:d:\practise\f407_disc\lvgl\lvgl\src\misc\lv_area.h **** 
  88:d:\practise\f407_disc\lvgl\lvgl\src\misc\lv_area.h **** enum {
  89:d:\practise\f407_disc\lvgl\lvgl\src\misc\lv_area.h ****     LV_DIR_NONE     = 0x00,
  90:d:\practise\f407_disc\lvgl\lvgl\src\misc\lv_area.h ****     LV_DIR_LEFT     = (1 << 0),
  91:d:\practise\f407_disc\lvgl\lvgl\src\misc\lv_area.h ****     LV_DIR_RIGHT    = (1 << 1),
  92:d:\practise\f407_disc\lvgl\lvgl\src\misc\lv_area.h ****     LV_DIR_TOP      = (1 << 2),
  93:d:\practise\f407_disc\lvgl\lvgl\src\misc\lv_area.h ****     LV_DIR_BOTTOM   = (1 << 3),
  94:d:\practise\f407_disc\lvgl\lvgl\src\misc\lv_area.h ****     LV_DIR_HOR      = LV_DIR_LEFT | LV_DIR_RIGHT,
  95:d:\practise\f407_disc\lvgl\lvgl\src\misc\lv_area.h ****     LV_DIR_VER      = LV_DIR_TOP | LV_DIR_BOTTOM,
  96:d:\practise\f407_disc\lvgl\lvgl\src\misc\lv_area.h ****     LV_DIR_ALL      = LV_DIR_HOR | LV_DIR_VER,
  97:d:\practise\f407_disc\lvgl\lvgl\src\misc\lv_area.h **** };
  98:d:\practise\f407_disc\lvgl\lvgl\src\misc\lv_area.h **** 
  99:d:\practise\f407_disc\lvgl\lvgl\src\misc\lv_area.h **** typedef uint8_t lv_dir_t;
 100:d:\practise\f407_disc\lvgl\lvgl\src\misc\lv_area.h **** 
 101:d:\practise\f407_disc\lvgl\lvgl\src\misc\lv_area.h **** /**********************
 102:d:\practise\f407_disc\lvgl\lvgl\src\misc\lv_area.h ****  * GLOBAL PROTOTYPES
 103:d:\practise\f407_disc\lvgl\lvgl\src\misc\lv_area.h ****  **********************/
 104:d:\practise\f407_disc\lvgl\lvgl\src\misc\lv_area.h **** 
 105:d:\practise\f407_disc\lvgl\lvgl\src\misc\lv_area.h **** /**
 106:d:\practise\f407_disc\lvgl\lvgl\src\misc\lv_area.h ****  * Initialize an area
 107:d:\practise\f407_disc\lvgl\lvgl\src\misc\lv_area.h ****  * @param area_p pointer to an area
 108:d:\practise\f407_disc\lvgl\lvgl\src\misc\lv_area.h ****  * @param x1 left coordinate of the area
 109:d:\practise\f407_disc\lvgl\lvgl\src\misc\lv_area.h ****  * @param y1 top coordinate of the area
ARM GAS  C:\Users\gx\AppData\Local\Temp\cc5yq2ez.s 			page 10


 110:d:\practise\f407_disc\lvgl\lvgl\src\misc\lv_area.h ****  * @param x2 right coordinate of the area
 111:d:\practise\f407_disc\lvgl\lvgl\src\misc\lv_area.h ****  * @param y2 bottom coordinate of the area
 112:d:\practise\f407_disc\lvgl\lvgl\src\misc\lv_area.h ****  */
 113:d:\practise\f407_disc\lvgl\lvgl\src\misc\lv_area.h **** void lv_area_set(lv_area_t * area_p, lv_coord_t x1, lv_coord_t y1, lv_coord_t x2, lv_coord_t y2);
 114:d:\practise\f407_disc\lvgl\lvgl\src\misc\lv_area.h **** 
 115:d:\practise\f407_disc\lvgl\lvgl\src\misc\lv_area.h **** /**
 116:d:\practise\f407_disc\lvgl\lvgl\src\misc\lv_area.h ****  * Copy an area
 117:d:\practise\f407_disc\lvgl\lvgl\src\misc\lv_area.h ****  * @param dest pointer to the destination area
 118:d:\practise\f407_disc\lvgl\lvgl\src\misc\lv_area.h ****  * @param src pointer to the source area
 119:d:\practise\f407_disc\lvgl\lvgl\src\misc\lv_area.h ****  */
 120:d:\practise\f407_disc\lvgl\lvgl\src\misc\lv_area.h **** inline static void lv_area_copy(lv_area_t * dest, const lv_area_t * src)
 121:d:\practise\f407_disc\lvgl\lvgl\src\misc\lv_area.h **** {
 122:d:\practise\f407_disc\lvgl\lvgl\src\misc\lv_area.h ****     dest->x1 = src->x1;
 123:d:\practise\f407_disc\lvgl\lvgl\src\misc\lv_area.h ****     dest->y1 = src->y1;
 124:d:\practise\f407_disc\lvgl\lvgl\src\misc\lv_area.h ****     dest->x2 = src->x2;
 125:d:\practise\f407_disc\lvgl\lvgl\src\misc\lv_area.h ****     dest->y2 = src->y2;
 126:d:\practise\f407_disc\lvgl\lvgl\src\misc\lv_area.h **** }
 127:d:\practise\f407_disc\lvgl\lvgl\src\misc\lv_area.h **** 
 128:d:\practise\f407_disc\lvgl\lvgl\src\misc\lv_area.h **** /**
 129:d:\practise\f407_disc\lvgl\lvgl\src\misc\lv_area.h ****  * Get the width of an area
 130:d:\practise\f407_disc\lvgl\lvgl\src\misc\lv_area.h ****  * @param area_p pointer to an area
 131:d:\practise\f407_disc\lvgl\lvgl\src\misc\lv_area.h ****  * @return the width of the area (if x1 == x2 -> width = 1)
 132:d:\practise\f407_disc\lvgl\lvgl\src\misc\lv_area.h ****  */
 133:d:\practise\f407_disc\lvgl\lvgl\src\misc\lv_area.h **** static inline lv_coord_t lv_area_get_width(const lv_area_t * area_p)
 183              		.loc 3 133 26 is_stmt 1 view .LVU42
 184              	.LBB29:
 134:d:\practise\f407_disc\lvgl\lvgl\src\misc\lv_area.h **** {
 135:d:\practise\f407_disc\lvgl\lvgl\src\misc\lv_area.h ****     return (lv_coord_t)(area_p->x2 - area_p->x1 + 1);
 185              		.loc 3 135 5 view .LVU43
 186              		.loc 3 135 31 is_stmt 0 view .LVU44
 187 007c 8A88     		ldrh	r2, [r1, #4]
 188              		.loc 3 135 36 view .LVU45
 189 007e D21A     		subs	r2, r2, r3
 190 0080 92B2     		uxth	r2, r2
 191              		.loc 3 135 49 view .LVU46
 192 0082 0132     		adds	r2, r2, #1
 193              	.LVL20:
 194              		.loc 3 135 49 view .LVU47
 195              	.LBE29:
 196              	.LBE28:
  44:lvgl/lvgl/examples/widgets/slider/lv_example_slider_3.c ****             label_area.x2 = label_area.x1 + label_size.x;
 197              		.loc 1 44 48 view .LVU48
 198 0084 C2F3C030 		ubfx	r0, r2, #15, #1
 199 0088 00FA82F2 		sxtah	r2, r0, r2
 200 008c 03EB6203 		add	r3, r3, r2, asr #1
 201 0090 9BB2     		uxth	r3, r3
  44:lvgl/lvgl/examples/widgets/slider/lv_example_slider_3.c ****             label_area.x2 = label_area.x1 + label_size.x;
 202              		.loc 1 44 100 view .LVU49
 203 0092 BDF91420 		ldrsh	r2, [sp, #20]
  44:lvgl/lvgl/examples/widgets/slider/lv_example_slider_3.c ****             label_area.x2 = label_area.x1 + label_size.x;
 204              		.loc 1 44 88 view .LVU50
 205 0096 02EBD270 		add	r0, r2, r2, lsr #31
 206 009a A3EB6003 		sub	r3, r3, r0, asr #1
  44:lvgl/lvgl/examples/widgets/slider/lv_example_slider_3.c ****             label_area.x2 = label_area.x1 + label_size.x;
 207              		.loc 1 44 27 view .LVU51
 208 009e ADF81830 		strh	r3, [sp, #24]	@ movhi
  45:lvgl/lvgl/examples/widgets/slider/lv_example_slider_3.c ****             label_area.y2 = dsc->draw_area->y1 - 10;
ARM GAS  C:\Users\gx\AppData\Local\Temp\cc5yq2ez.s 			page 11


 209              		.loc 1 45 13 is_stmt 1 view .LVU52
  45:lvgl/lvgl/examples/widgets/slider/lv_example_slider_3.c ****             label_area.y2 = dsc->draw_area->y1 - 10;
 210              		.loc 1 45 55 is_stmt 0 view .LVU53
 211 00a2 92B2     		uxth	r2, r2
  45:lvgl/lvgl/examples/widgets/slider/lv_example_slider_3.c ****             label_area.y2 = dsc->draw_area->y1 - 10;
 212              		.loc 1 45 43 view .LVU54
 213 00a4 12FA83F3 		uxtah	r3, r2, r3
  45:lvgl/lvgl/examples/widgets/slider/lv_example_slider_3.c ****             label_area.y2 = dsc->draw_area->y1 - 10;
 214              		.loc 1 45 27 view .LVU55
 215 00a8 ADF81C30 		strh	r3, [sp, #28]	@ movhi
  46:lvgl/lvgl/examples/widgets/slider/lv_example_slider_3.c ****             label_area.y1 = label_area.y2 - label_size.y;
 216              		.loc 1 46 13 is_stmt 1 view .LVU56
  46:lvgl/lvgl/examples/widgets/slider/lv_example_slider_3.c ****             label_area.y1 = label_area.y2 - label_size.y;
 217              		.loc 1 46 43 is_stmt 0 view .LVU57
 218 00ac 4B88     		ldrh	r3, [r1, #2]
  46:lvgl/lvgl/examples/widgets/slider/lv_example_slider_3.c ****             label_area.y1 = label_area.y2 - label_size.y;
 219              		.loc 1 46 48 view .LVU58
 220 00ae 0A3B     		subs	r3, r3, #10
 221 00b0 9AB2     		uxth	r2, r3
  46:lvgl/lvgl/examples/widgets/slider/lv_example_slider_3.c ****             label_area.y1 = label_area.y2 - label_size.y;
 222              		.loc 1 46 27 view .LVU59
 223 00b2 ADF81E30 		strh	r3, [sp, #30]	@ movhi
  47:lvgl/lvgl/examples/widgets/slider/lv_example_slider_3.c **** 
 224              		.loc 1 47 13 is_stmt 1 view .LVU60
  47:lvgl/lvgl/examples/widgets/slider/lv_example_slider_3.c **** 
 225              		.loc 1 47 55 is_stmt 0 view .LVU61
 226 00b6 BDF81630 		ldrh	r3, [sp, #22]
  47:lvgl/lvgl/examples/widgets/slider/lv_example_slider_3.c **** 
 227              		.loc 1 47 43 view .LVU62
 228 00ba D31A     		subs	r3, r2, r3
  47:lvgl/lvgl/examples/widgets/slider/lv_example_slider_3.c **** 
 229              		.loc 1 47 27 view .LVU63
 230 00bc ADF81A30 		strh	r3, [sp, #26]	@ movhi
  49:lvgl/lvgl/examples/widgets/slider/lv_example_slider_3.c ****             lv_draw_label_dsc_init(&label_draw_dsc);
 231              		.loc 1 49 13 is_stmt 1 view .LVU64
  50:lvgl/lvgl/examples/widgets/slider/lv_example_slider_3.c **** 
 232              		.loc 1 50 13 view .LVU65
 233 00c0 0CA8     		add	r0, sp, #48
 234 00c2 FFF7FEFF 		bl	lv_draw_label_dsc_init
 235              	.LVL21:
  52:lvgl/lvgl/examples/widgets/slider/lv_example_slider_3.c ****         }
 236              		.loc 1 52 13 view .LVU66
 237 00c6 2168     		ldr	r1, [r4]
 238 00c8 0095     		str	r5, [sp]
 239 00ca 08AB     		add	r3, sp, #32
 240 00cc 0CAA     		add	r2, sp, #48
 241 00ce 06A8     		add	r0, sp, #24
 242 00d0 FFF7FEFF 		bl	lv_draw_label
 243              	.LVL22:
 244              	.LBE23:
 245              	.LBE22:
 246              		.loc 1 55 1 is_stmt 0 view .LVU67
 247 00d4 A2E7     		b	.L1
 248              	.L8:
 249 00d6 00BF     		.align	2
 250              	.L7:
 251 00d8 00000000 		.word	.LC0
ARM GAS  C:\Users\gx\AppData\Local\Temp\cc5yq2ez.s 			page 12


 252 00dc 00000000 		.word	lv_font_montserrat_14
 253              		.cfi_endproc
 254              	.LFE190:
 256              		.section	.text.lv_example_slider_3,"ax",%progbits
 257              		.align	1
 258              		.global	lv_example_slider_3
 259              		.syntax unified
 260              		.thumb
 261              		.thumb_func
 262              		.fpu fpv4-sp-d16
 264              	lv_example_slider_3:
 265              	.LFB189:
  11:lvgl/lvgl/examples/widgets/slider/lv_example_slider_3.c ****     /*Create a slider in the center of the display*/
 266              		.loc 1 11 1 is_stmt 1 view -0
 267              		.cfi_startproc
 268              		@ args = 0, pretend = 0, frame = 0
 269              		@ frame_needed = 0, uses_anonymous_args = 0
 270 0000 10B5     		push	{r4, lr}
 271              	.LCFI4:
 272              		.cfi_def_cfa_offset 8
 273              		.cfi_offset 4, -8
 274              		.cfi_offset 14, -4
  13:lvgl/lvgl/examples/widgets/slider/lv_example_slider_3.c ****     slider = lv_slider_create(lv_scr_act());
 275              		.loc 1 13 5 view .LVU69
  14:lvgl/lvgl/examples/widgets/slider/lv_example_slider_3.c ****     lv_obj_center(slider);
 276              		.loc 1 14 5 view .LVU70
 277              	.LBB30:
 278              	.LBI30:
 279              		.file 4 "d:\\practise\\f407_disc\\lvgl\\lvgl\\src/core/lv_disp.h"
   1:d:\practise\f407_disc\lvgl\lvgl\src/core\lv_disp.h **** /**
   2:d:\practise\f407_disc\lvgl\lvgl\src/core\lv_disp.h ****  * @file lv_disp.h
   3:d:\practise\f407_disc\lvgl\lvgl\src/core\lv_disp.h ****  *
   4:d:\practise\f407_disc\lvgl\lvgl\src/core\lv_disp.h ****  */
   5:d:\practise\f407_disc\lvgl\lvgl\src/core\lv_disp.h **** 
   6:d:\practise\f407_disc\lvgl\lvgl\src/core\lv_disp.h **** #ifndef LV_DISP_H
   7:d:\practise\f407_disc\lvgl\lvgl\src/core\lv_disp.h **** #define LV_DISP_H
   8:d:\practise\f407_disc\lvgl\lvgl\src/core\lv_disp.h **** 
   9:d:\practise\f407_disc\lvgl\lvgl\src/core\lv_disp.h **** #ifdef __cplusplus
  10:d:\practise\f407_disc\lvgl\lvgl\src/core\lv_disp.h **** extern "C" {
  11:d:\practise\f407_disc\lvgl\lvgl\src/core\lv_disp.h **** #endif
  12:d:\practise\f407_disc\lvgl\lvgl\src/core\lv_disp.h **** 
  13:d:\practise\f407_disc\lvgl\lvgl\src/core\lv_disp.h **** /*********************
  14:d:\practise\f407_disc\lvgl\lvgl\src/core\lv_disp.h ****  *      INCLUDES
  15:d:\practise\f407_disc\lvgl\lvgl\src/core\lv_disp.h ****  *********************/
  16:d:\practise\f407_disc\lvgl\lvgl\src/core\lv_disp.h **** #include "../hal/lv_hal.h"
  17:d:\practise\f407_disc\lvgl\lvgl\src/core\lv_disp.h **** #include "lv_obj.h"
  18:d:\practise\f407_disc\lvgl\lvgl\src/core\lv_disp.h **** #include "lv_theme.h"
  19:d:\practise\f407_disc\lvgl\lvgl\src/core\lv_disp.h **** 
  20:d:\practise\f407_disc\lvgl\lvgl\src/core\lv_disp.h **** /*********************
  21:d:\practise\f407_disc\lvgl\lvgl\src/core\lv_disp.h ****  *      DEFINES
  22:d:\practise\f407_disc\lvgl\lvgl\src/core\lv_disp.h ****  *********************/
  23:d:\practise\f407_disc\lvgl\lvgl\src/core\lv_disp.h **** 
  24:d:\practise\f407_disc\lvgl\lvgl\src/core\lv_disp.h **** /**********************
  25:d:\practise\f407_disc\lvgl\lvgl\src/core\lv_disp.h ****  *      TYPEDEFS
  26:d:\practise\f407_disc\lvgl\lvgl\src/core\lv_disp.h ****  **********************/
  27:d:\practise\f407_disc\lvgl\lvgl\src/core\lv_disp.h **** 
  28:d:\practise\f407_disc\lvgl\lvgl\src/core\lv_disp.h **** typedef enum {
ARM GAS  C:\Users\gx\AppData\Local\Temp\cc5yq2ez.s 			page 13


  29:d:\practise\f407_disc\lvgl\lvgl\src/core\lv_disp.h ****     LV_SCR_LOAD_ANIM_NONE,
  30:d:\practise\f407_disc\lvgl\lvgl\src/core\lv_disp.h ****     LV_SCR_LOAD_ANIM_OVER_LEFT,
  31:d:\practise\f407_disc\lvgl\lvgl\src/core\lv_disp.h ****     LV_SCR_LOAD_ANIM_OVER_RIGHT,
  32:d:\practise\f407_disc\lvgl\lvgl\src/core\lv_disp.h ****     LV_SCR_LOAD_ANIM_OVER_TOP,
  33:d:\practise\f407_disc\lvgl\lvgl\src/core\lv_disp.h ****     LV_SCR_LOAD_ANIM_OVER_BOTTOM,
  34:d:\practise\f407_disc\lvgl\lvgl\src/core\lv_disp.h ****     LV_SCR_LOAD_ANIM_MOVE_LEFT,
  35:d:\practise\f407_disc\lvgl\lvgl\src/core\lv_disp.h ****     LV_SCR_LOAD_ANIM_MOVE_RIGHT,
  36:d:\practise\f407_disc\lvgl\lvgl\src/core\lv_disp.h ****     LV_SCR_LOAD_ANIM_MOVE_TOP,
  37:d:\practise\f407_disc\lvgl\lvgl\src/core\lv_disp.h ****     LV_SCR_LOAD_ANIM_MOVE_BOTTOM,
  38:d:\practise\f407_disc\lvgl\lvgl\src/core\lv_disp.h ****     LV_SCR_LOAD_ANIM_FADE_ON,
  39:d:\practise\f407_disc\lvgl\lvgl\src/core\lv_disp.h **** } lv_scr_load_anim_t;
  40:d:\practise\f407_disc\lvgl\lvgl\src/core\lv_disp.h **** 
  41:d:\practise\f407_disc\lvgl\lvgl\src/core\lv_disp.h **** /**********************
  42:d:\practise\f407_disc\lvgl\lvgl\src/core\lv_disp.h ****  * GLOBAL PROTOTYPES
  43:d:\practise\f407_disc\lvgl\lvgl\src/core\lv_disp.h ****  **********************/
  44:d:\practise\f407_disc\lvgl\lvgl\src/core\lv_disp.h **** 
  45:d:\practise\f407_disc\lvgl\lvgl\src/core\lv_disp.h **** /**
  46:d:\practise\f407_disc\lvgl\lvgl\src/core\lv_disp.h ****  * Return with a pointer to the active screen
  47:d:\practise\f407_disc\lvgl\lvgl\src/core\lv_disp.h ****  * @param disp pointer to display which active screen should be get. (NULL to use the default
  48:d:\practise\f407_disc\lvgl\lvgl\src/core\lv_disp.h ****  * screen)
  49:d:\practise\f407_disc\lvgl\lvgl\src/core\lv_disp.h ****  * @return pointer to the active screen object (loaded by 'lv_scr_load()')
  50:d:\practise\f407_disc\lvgl\lvgl\src/core\lv_disp.h ****  */
  51:d:\practise\f407_disc\lvgl\lvgl\src/core\lv_disp.h **** lv_obj_t * lv_disp_get_scr_act(lv_disp_t * disp);
  52:d:\practise\f407_disc\lvgl\lvgl\src/core\lv_disp.h **** 
  53:d:\practise\f407_disc\lvgl\lvgl\src/core\lv_disp.h **** /**
  54:d:\practise\f407_disc\lvgl\lvgl\src/core\lv_disp.h ****  * Return with a pointer to the previous screen. Only used during screen transitions.
  55:d:\practise\f407_disc\lvgl\lvgl\src/core\lv_disp.h ****  * @param disp pointer to display which previous screen should be get. (NULL to use the default
  56:d:\practise\f407_disc\lvgl\lvgl\src/core\lv_disp.h ****  * screen)
  57:d:\practise\f407_disc\lvgl\lvgl\src/core\lv_disp.h ****  * @return pointer to the previous screen object or NULL if not used now
  58:d:\practise\f407_disc\lvgl\lvgl\src/core\lv_disp.h ****  */
  59:d:\practise\f407_disc\lvgl\lvgl\src/core\lv_disp.h **** lv_obj_t * lv_disp_get_scr_prev(lv_disp_t * disp);
  60:d:\practise\f407_disc\lvgl\lvgl\src/core\lv_disp.h **** 
  61:d:\practise\f407_disc\lvgl\lvgl\src/core\lv_disp.h **** /**
  62:d:\practise\f407_disc\lvgl\lvgl\src/core\lv_disp.h ****  * Make a screen active
  63:d:\practise\f407_disc\lvgl\lvgl\src/core\lv_disp.h ****  * @param scr pointer to a screen
  64:d:\practise\f407_disc\lvgl\lvgl\src/core\lv_disp.h ****  */
  65:d:\practise\f407_disc\lvgl\lvgl\src/core\lv_disp.h **** void lv_disp_load_scr(lv_obj_t * scr);
  66:d:\practise\f407_disc\lvgl\lvgl\src/core\lv_disp.h **** 
  67:d:\practise\f407_disc\lvgl\lvgl\src/core\lv_disp.h **** /**
  68:d:\practise\f407_disc\lvgl\lvgl\src/core\lv_disp.h ****  * Return with the top layer. (Same on every screen and it is above the normal screen layer)
  69:d:\practise\f407_disc\lvgl\lvgl\src/core\lv_disp.h ****  * @param disp pointer to display which top layer should be get. (NULL to use the default screen)
  70:d:\practise\f407_disc\lvgl\lvgl\src/core\lv_disp.h ****  * @return pointer to the top layer object  (transparent screen sized lv_obj)
  71:d:\practise\f407_disc\lvgl\lvgl\src/core\lv_disp.h ****  */
  72:d:\practise\f407_disc\lvgl\lvgl\src/core\lv_disp.h **** lv_obj_t * lv_disp_get_layer_top(lv_disp_t * disp);
  73:d:\practise\f407_disc\lvgl\lvgl\src/core\lv_disp.h **** 
  74:d:\practise\f407_disc\lvgl\lvgl\src/core\lv_disp.h **** /**
  75:d:\practise\f407_disc\lvgl\lvgl\src/core\lv_disp.h ****  * Return with the sys. layer. (Same on every screen and it is above the normal screen and the top
  76:d:\practise\f407_disc\lvgl\lvgl\src/core\lv_disp.h ****  * layer)
  77:d:\practise\f407_disc\lvgl\lvgl\src/core\lv_disp.h ****  * @param disp pointer to display which sys. layer  should be get. (NULL to use the default screen)
  78:d:\practise\f407_disc\lvgl\lvgl\src/core\lv_disp.h ****  * @return pointer to the sys layer object  (transparent screen sized lv_obj)
  79:d:\practise\f407_disc\lvgl\lvgl\src/core\lv_disp.h ****  */
  80:d:\practise\f407_disc\lvgl\lvgl\src/core\lv_disp.h **** lv_obj_t * lv_disp_get_layer_sys(lv_disp_t * disp);
  81:d:\practise\f407_disc\lvgl\lvgl\src/core\lv_disp.h **** 
  82:d:\practise\f407_disc\lvgl\lvgl\src/core\lv_disp.h **** /**
  83:d:\practise\f407_disc\lvgl\lvgl\src/core\lv_disp.h ****  * Get the theme of a display
  84:d:\practise\f407_disc\lvgl\lvgl\src/core\lv_disp.h ****  * @param disp pointer to a display
  85:d:\practise\f407_disc\lvgl\lvgl\src/core\lv_disp.h ****  * @return the display's theme (can be NULL)
ARM GAS  C:\Users\gx\AppData\Local\Temp\cc5yq2ez.s 			page 14


  86:d:\practise\f407_disc\lvgl\lvgl\src/core\lv_disp.h ****  */
  87:d:\practise\f407_disc\lvgl\lvgl\src/core\lv_disp.h **** void lv_disp_set_theme(lv_disp_t * disp, lv_theme_t * th);
  88:d:\practise\f407_disc\lvgl\lvgl\src/core\lv_disp.h **** 
  89:d:\practise\f407_disc\lvgl\lvgl\src/core\lv_disp.h **** /**
  90:d:\practise\f407_disc\lvgl\lvgl\src/core\lv_disp.h ****  * Get the theme of a display
  91:d:\practise\f407_disc\lvgl\lvgl\src/core\lv_disp.h ****  * @param disp pointer to a display
  92:d:\practise\f407_disc\lvgl\lvgl\src/core\lv_disp.h ****  * @return the display's theme (can be NULL)
  93:d:\practise\f407_disc\lvgl\lvgl\src/core\lv_disp.h ****  */
  94:d:\practise\f407_disc\lvgl\lvgl\src/core\lv_disp.h **** lv_theme_t * lv_disp_get_theme(lv_disp_t * disp);
  95:d:\practise\f407_disc\lvgl\lvgl\src/core\lv_disp.h **** 
  96:d:\practise\f407_disc\lvgl\lvgl\src/core\lv_disp.h **** /**
  97:d:\practise\f407_disc\lvgl\lvgl\src/core\lv_disp.h ****  * Set the background color of a display
  98:d:\practise\f407_disc\lvgl\lvgl\src/core\lv_disp.h ****  * @param disp pointer to a display
  99:d:\practise\f407_disc\lvgl\lvgl\src/core\lv_disp.h ****  * @param color color of the background
 100:d:\practise\f407_disc\lvgl\lvgl\src/core\lv_disp.h ****  */
 101:d:\practise\f407_disc\lvgl\lvgl\src/core\lv_disp.h **** void lv_disp_set_bg_color(lv_disp_t * disp, lv_color_t color);
 102:d:\practise\f407_disc\lvgl\lvgl\src/core\lv_disp.h **** 
 103:d:\practise\f407_disc\lvgl\lvgl\src/core\lv_disp.h **** /**
 104:d:\practise\f407_disc\lvgl\lvgl\src/core\lv_disp.h ****  * Set the background image of a display
 105:d:\practise\f407_disc\lvgl\lvgl\src/core\lv_disp.h ****  * @param disp pointer to a display
 106:d:\practise\f407_disc\lvgl\lvgl\src/core\lv_disp.h ****  * @param img_src path to file or pointer to an `lv_img_dsc_t` variable
 107:d:\practise\f407_disc\lvgl\lvgl\src/core\lv_disp.h ****  */
 108:d:\practise\f407_disc\lvgl\lvgl\src/core\lv_disp.h **** void lv_disp_set_bg_image(lv_disp_t * disp, const void  * img_src);
 109:d:\practise\f407_disc\lvgl\lvgl\src/core\lv_disp.h **** 
 110:d:\practise\f407_disc\lvgl\lvgl\src/core\lv_disp.h **** /**
 111:d:\practise\f407_disc\lvgl\lvgl\src/core\lv_disp.h ****  * Opacity of the background
 112:d:\practise\f407_disc\lvgl\lvgl\src/core\lv_disp.h ****  * @param disp pointer to a display
 113:d:\practise\f407_disc\lvgl\lvgl\src/core\lv_disp.h ****  * @param opa opacity (0..255)
 114:d:\practise\f407_disc\lvgl\lvgl\src/core\lv_disp.h ****  */
 115:d:\practise\f407_disc\lvgl\lvgl\src/core\lv_disp.h **** void lv_disp_set_bg_opa(lv_disp_t * disp, lv_opa_t opa);
 116:d:\practise\f407_disc\lvgl\lvgl\src/core\lv_disp.h **** 
 117:d:\practise\f407_disc\lvgl\lvgl\src/core\lv_disp.h **** /**
 118:d:\practise\f407_disc\lvgl\lvgl\src/core\lv_disp.h ****  * Switch screen with animation
 119:d:\practise\f407_disc\lvgl\lvgl\src/core\lv_disp.h ****  * @param scr pointer to the new screen to load
 120:d:\practise\f407_disc\lvgl\lvgl\src/core\lv_disp.h ****  * @param anim_type type of the animation from `lv_scr_load_anim_t`. E.g.  `LV_SCR_LOAD_ANIM_MOVE_L
 121:d:\practise\f407_disc\lvgl\lvgl\src/core\lv_disp.h ****  * @param time time of the animation
 122:d:\practise\f407_disc\lvgl\lvgl\src/core\lv_disp.h ****  * @param delay delay before the transition
 123:d:\practise\f407_disc\lvgl\lvgl\src/core\lv_disp.h ****  * @param auto_del true: automatically delete the old screen
 124:d:\practise\f407_disc\lvgl\lvgl\src/core\lv_disp.h ****  */
 125:d:\practise\f407_disc\lvgl\lvgl\src/core\lv_disp.h **** void lv_scr_load_anim(lv_obj_t * scr, lv_scr_load_anim_t anim_type, uint32_t time, uint32_t delay, 
 126:d:\practise\f407_disc\lvgl\lvgl\src/core\lv_disp.h **** 
 127:d:\practise\f407_disc\lvgl\lvgl\src/core\lv_disp.h **** /**
 128:d:\practise\f407_disc\lvgl\lvgl\src/core\lv_disp.h ****  * Get elapsed time since last user activity on a display (e.g. click)
 129:d:\practise\f407_disc\lvgl\lvgl\src/core\lv_disp.h ****  * @param disp pointer to an display (NULL to get the overall smallest inactivity)
 130:d:\practise\f407_disc\lvgl\lvgl\src/core\lv_disp.h ****  * @return elapsed ticks (milliseconds) since the last activity
 131:d:\practise\f407_disc\lvgl\lvgl\src/core\lv_disp.h ****  */
 132:d:\practise\f407_disc\lvgl\lvgl\src/core\lv_disp.h **** uint32_t lv_disp_get_inactive_time(const lv_disp_t * disp);
 133:d:\practise\f407_disc\lvgl\lvgl\src/core\lv_disp.h **** 
 134:d:\practise\f407_disc\lvgl\lvgl\src/core\lv_disp.h **** /**
 135:d:\practise\f407_disc\lvgl\lvgl\src/core\lv_disp.h ****  * Manually trigger an activity on a display
 136:d:\practise\f407_disc\lvgl\lvgl\src/core\lv_disp.h ****  * @param disp pointer to an display (NULL to use the default display)
 137:d:\practise\f407_disc\lvgl\lvgl\src/core\lv_disp.h ****  */
 138:d:\practise\f407_disc\lvgl\lvgl\src/core\lv_disp.h **** void lv_disp_trig_activity(lv_disp_t * disp);
 139:d:\practise\f407_disc\lvgl\lvgl\src/core\lv_disp.h **** 
 140:d:\practise\f407_disc\lvgl\lvgl\src/core\lv_disp.h **** /**
 141:d:\practise\f407_disc\lvgl\lvgl\src/core\lv_disp.h ****  * Clean any CPU cache that is related to the display.
 142:d:\practise\f407_disc\lvgl\lvgl\src/core\lv_disp.h ****  * @param disp pointer to an display (NULL to use the default display)
ARM GAS  C:\Users\gx\AppData\Local\Temp\cc5yq2ez.s 			page 15


 143:d:\practise\f407_disc\lvgl\lvgl\src/core\lv_disp.h ****  */
 144:d:\practise\f407_disc\lvgl\lvgl\src/core\lv_disp.h **** void lv_disp_clean_dcache(lv_disp_t * disp);
 145:d:\practise\f407_disc\lvgl\lvgl\src/core\lv_disp.h **** 
 146:d:\practise\f407_disc\lvgl\lvgl\src/core\lv_disp.h **** /**
 147:d:\practise\f407_disc\lvgl\lvgl\src/core\lv_disp.h ****  * Get a pointer to the screen refresher timer to
 148:d:\practise\f407_disc\lvgl\lvgl\src/core\lv_disp.h ****  * modify its parameters with `lv_timer_...` functions.
 149:d:\practise\f407_disc\lvgl\lvgl\src/core\lv_disp.h ****  * @param disp pointer to a display
 150:d:\practise\f407_disc\lvgl\lvgl\src/core\lv_disp.h ****  * @return pointer to the display refresher timer. (NULL on error)
 151:d:\practise\f407_disc\lvgl\lvgl\src/core\lv_disp.h ****  */
 152:d:\practise\f407_disc\lvgl\lvgl\src/core\lv_disp.h **** lv_timer_t * _lv_disp_get_refr_timer(lv_disp_t * disp);
 153:d:\practise\f407_disc\lvgl\lvgl\src/core\lv_disp.h **** 
 154:d:\practise\f407_disc\lvgl\lvgl\src/core\lv_disp.h **** /*------------------------------------------------
 155:d:\practise\f407_disc\lvgl\lvgl\src/core\lv_disp.h ****  * To improve backward compatibility
 156:d:\practise\f407_disc\lvgl\lvgl\src/core\lv_disp.h ****  * Recommended only if you have one display
 157:d:\practise\f407_disc\lvgl\lvgl\src/core\lv_disp.h ****  *------------------------------------------------*/
 158:d:\practise\f407_disc\lvgl\lvgl\src/core\lv_disp.h **** 
 159:d:\practise\f407_disc\lvgl\lvgl\src/core\lv_disp.h **** /**
 160:d:\practise\f407_disc\lvgl\lvgl\src/core\lv_disp.h ****  * Get the active screen of the default display
 161:d:\practise\f407_disc\lvgl\lvgl\src/core\lv_disp.h ****  * @return pointer to the active screen
 162:d:\practise\f407_disc\lvgl\lvgl\src/core\lv_disp.h ****  */
 163:d:\practise\f407_disc\lvgl\lvgl\src/core\lv_disp.h **** static inline lv_obj_t * lv_scr_act(void)
 280              		.loc 4 163 26 view .LVU71
 281              	.LBB31:
 164:d:\practise\f407_disc\lvgl\lvgl\src/core\lv_disp.h **** {
 165:d:\practise\f407_disc\lvgl\lvgl\src/core\lv_disp.h ****     return lv_disp_get_scr_act(lv_disp_get_default());
 282              		.loc 4 165 5 view .LVU72
 283              		.loc 4 165 12 is_stmt 0 view .LVU73
 284 0002 FFF7FEFF 		bl	lv_disp_get_default
 285              	.LVL23:
 286 0006 FFF7FEFF 		bl	lv_disp_get_scr_act
 287              	.LVL24:
 288              	.LBE31:
 289              	.LBE30:
  14:lvgl/lvgl/examples/widgets/slider/lv_example_slider_3.c ****     lv_obj_center(slider);
 290              		.loc 1 14 14 view .LVU74
 291 000a FFF7FEFF 		bl	lv_slider_create
 292              	.LVL25:
 293 000e 0446     		mov	r4, r0
 294              	.LVL26:
  15:lvgl/lvgl/examples/widgets/slider/lv_example_slider_3.c **** 
 295              		.loc 1 15 5 is_stmt 1 view .LVU75
 296              	.LBB32:
 297              	.LBI32:
 298              		.file 5 "d:\\practise\\f407_disc\\lvgl\\lvgl\\src/core/lv_obj_pos.h"
   1:d:\practise\f407_disc\lvgl\lvgl\src/core\lv_obj_pos.h **** /**
   2:d:\practise\f407_disc\lvgl\lvgl\src/core\lv_obj_pos.h ****  * @file lv_obj_pos.h
   3:d:\practise\f407_disc\lvgl\lvgl\src/core\lv_obj_pos.h ****  *
   4:d:\practise\f407_disc\lvgl\lvgl\src/core\lv_obj_pos.h ****  */
   5:d:\practise\f407_disc\lvgl\lvgl\src/core\lv_obj_pos.h **** 
   6:d:\practise\f407_disc\lvgl\lvgl\src/core\lv_obj_pos.h **** #ifndef LV_OBJ_POS_H
   7:d:\practise\f407_disc\lvgl\lvgl\src/core\lv_obj_pos.h **** #define LV_OBJ_POS_H
   8:d:\practise\f407_disc\lvgl\lvgl\src/core\lv_obj_pos.h **** 
   9:d:\practise\f407_disc\lvgl\lvgl\src/core\lv_obj_pos.h **** #ifdef __cplusplus
  10:d:\practise\f407_disc\lvgl\lvgl\src/core\lv_obj_pos.h **** extern "C" {
  11:d:\practise\f407_disc\lvgl\lvgl\src/core\lv_obj_pos.h **** #endif
  12:d:\practise\f407_disc\lvgl\lvgl\src/core\lv_obj_pos.h **** 
  13:d:\practise\f407_disc\lvgl\lvgl\src/core\lv_obj_pos.h **** /*********************
ARM GAS  C:\Users\gx\AppData\Local\Temp\cc5yq2ez.s 			page 16


  14:d:\practise\f407_disc\lvgl\lvgl\src/core\lv_obj_pos.h ****  *      INCLUDES
  15:d:\practise\f407_disc\lvgl\lvgl\src/core\lv_obj_pos.h ****  *********************/
  16:d:\practise\f407_disc\lvgl\lvgl\src/core\lv_obj_pos.h **** #include "../misc/lv_area.h"
  17:d:\practise\f407_disc\lvgl\lvgl\src/core\lv_obj_pos.h **** 
  18:d:\practise\f407_disc\lvgl\lvgl\src/core\lv_obj_pos.h **** /*********************
  19:d:\practise\f407_disc\lvgl\lvgl\src/core\lv_obj_pos.h ****  *      DEFINES
  20:d:\practise\f407_disc\lvgl\lvgl\src/core\lv_obj_pos.h ****  *********************/
  21:d:\practise\f407_disc\lvgl\lvgl\src/core\lv_obj_pos.h **** 
  22:d:\practise\f407_disc\lvgl\lvgl\src/core\lv_obj_pos.h **** /**********************
  23:d:\practise\f407_disc\lvgl\lvgl\src/core\lv_obj_pos.h ****  *      TYPEDEFS
  24:d:\practise\f407_disc\lvgl\lvgl\src/core\lv_obj_pos.h ****  **********************/
  25:d:\practise\f407_disc\lvgl\lvgl\src/core\lv_obj_pos.h **** struct _lv_obj_t;
  26:d:\practise\f407_disc\lvgl\lvgl\src/core\lv_obj_pos.h **** 
  27:d:\practise\f407_disc\lvgl\lvgl\src/core\lv_obj_pos.h **** typedef void (*lv_layout_update_cb_t)(struct _lv_obj_t *, void * user_data);
  28:d:\practise\f407_disc\lvgl\lvgl\src/core\lv_obj_pos.h **** typedef struct {
  29:d:\practise\f407_disc\lvgl\lvgl\src/core\lv_obj_pos.h ****     lv_layout_update_cb_t cb;
  30:d:\practise\f407_disc\lvgl\lvgl\src/core\lv_obj_pos.h ****     void * user_data;
  31:d:\practise\f407_disc\lvgl\lvgl\src/core\lv_obj_pos.h **** }lv_layout_dsc_t;
  32:d:\practise\f407_disc\lvgl\lvgl\src/core\lv_obj_pos.h **** 
  33:d:\practise\f407_disc\lvgl\lvgl\src/core\lv_obj_pos.h **** /**********************
  34:d:\practise\f407_disc\lvgl\lvgl\src/core\lv_obj_pos.h ****  * GLOBAL PROTOTYPES
  35:d:\practise\f407_disc\lvgl\lvgl\src/core\lv_obj_pos.h ****  **********************/
  36:d:\practise\f407_disc\lvgl\lvgl\src/core\lv_obj_pos.h **** 
  37:d:\practise\f407_disc\lvgl\lvgl\src/core\lv_obj_pos.h **** /**
  38:d:\practise\f407_disc\lvgl\lvgl\src/core\lv_obj_pos.h ****  * Set the relative the position of an object (relative to the parent's top left corner)
  39:d:\practise\f407_disc\lvgl\lvgl\src/core\lv_obj_pos.h ****  * @param obj       pointer to an object
  40:d:\practise\f407_disc\lvgl\lvgl\src/core\lv_obj_pos.h ****  * @param x         new distance from the left side of the parent plus the parent's left padding
  41:d:\practise\f407_disc\lvgl\lvgl\src/core\lv_obj_pos.h ****  * @param y         new distance from the top side of the parent  plus the parent's right padding
  42:d:\practise\f407_disc\lvgl\lvgl\src/core\lv_obj_pos.h ****  */
  43:d:\practise\f407_disc\lvgl\lvgl\src/core\lv_obj_pos.h **** void lv_obj_set_pos(struct _lv_obj_t * obj, lv_coord_t x, lv_coord_t y);
  44:d:\practise\f407_disc\lvgl\lvgl\src/core\lv_obj_pos.h **** 
  45:d:\practise\f407_disc\lvgl\lvgl\src/core\lv_obj_pos.h **** /**
  46:d:\practise\f407_disc\lvgl\lvgl\src/core\lv_obj_pos.h ****  * Set the x coordinate of a object
  47:d:\practise\f407_disc\lvgl\lvgl\src/core\lv_obj_pos.h ****  * @param obj       pointer to an object
  48:d:\practise\f407_disc\lvgl\lvgl\src/core\lv_obj_pos.h ****  * @param x         new distance from the left side from the parent plus the parent's left padding
  49:d:\practise\f407_disc\lvgl\lvgl\src/core\lv_obj_pos.h ****  */
  50:d:\practise\f407_disc\lvgl\lvgl\src/core\lv_obj_pos.h **** void lv_obj_set_x(struct _lv_obj_t * obj, lv_coord_t x);
  51:d:\practise\f407_disc\lvgl\lvgl\src/core\lv_obj_pos.h **** 
  52:d:\practise\f407_disc\lvgl\lvgl\src/core\lv_obj_pos.h **** /**
  53:d:\practise\f407_disc\lvgl\lvgl\src/core\lv_obj_pos.h ****  * Set the y coordinate of a object
  54:d:\practise\f407_disc\lvgl\lvgl\src/core\lv_obj_pos.h ****  * @param obj       pointer to an object
  55:d:\practise\f407_disc\lvgl\lvgl\src/core\lv_obj_pos.h ****  * @param y         new distance from the top of the parent  plus the parent's top padding
  56:d:\practise\f407_disc\lvgl\lvgl\src/core\lv_obj_pos.h ****  */
  57:d:\practise\f407_disc\lvgl\lvgl\src/core\lv_obj_pos.h **** void lv_obj_set_y(struct _lv_obj_t * obj, lv_coord_t y);
  58:d:\practise\f407_disc\lvgl\lvgl\src/core\lv_obj_pos.h **** 
  59:d:\practise\f407_disc\lvgl\lvgl\src/core\lv_obj_pos.h **** /**
  60:d:\practise\f407_disc\lvgl\lvgl\src/core\lv_obj_pos.h ****  * Set the size of an object.
  61:d:\practise\f407_disc\lvgl\lvgl\src/core\lv_obj_pos.h ****  * @param obj       pointer to an object
  62:d:\practise\f407_disc\lvgl\lvgl\src/core\lv_obj_pos.h ****  * @param w         the new width
  63:d:\practise\f407_disc\lvgl\lvgl\src/core\lv_obj_pos.h ****  * @param h         the new height
  64:d:\practise\f407_disc\lvgl\lvgl\src/core\lv_obj_pos.h ****  * @note            possible values are:
  65:d:\practise\f407_disc\lvgl\lvgl\src/core\lv_obj_pos.h ****  *                  pixel               simple set the size accordingly
  66:d:\practise\f407_disc\lvgl\lvgl\src/core\lv_obj_pos.h ****  *                  LV_SIZE_CONTENT     set the size to involve all children in the given direction
  67:d:\practise\f407_disc\lvgl\lvgl\src/core\lv_obj_pos.h ****  *                  LV_SIZE_PCT(x)     to set size in percentage of the parent's content area size 
  68:d:\practise\f407_disc\lvgl\lvgl\src/core\lv_obj_pos.h ****  *                                      x should be in [0..1000]% range
  69:d:\practise\f407_disc\lvgl\lvgl\src/core\lv_obj_pos.h ****  */
  70:d:\practise\f407_disc\lvgl\lvgl\src/core\lv_obj_pos.h **** void lv_obj_set_size(struct _lv_obj_t * obj, lv_coord_t w, lv_coord_t h);
ARM GAS  C:\Users\gx\AppData\Local\Temp\cc5yq2ez.s 			page 17


  71:d:\practise\f407_disc\lvgl\lvgl\src/core\lv_obj_pos.h **** 
  72:d:\practise\f407_disc\lvgl\lvgl\src/core\lv_obj_pos.h **** /**
  73:d:\practise\f407_disc\lvgl\lvgl\src/core\lv_obj_pos.h ****  * Recalculate the size of the object
  74:d:\practise\f407_disc\lvgl\lvgl\src/core\lv_obj_pos.h ****  * @param obj       pointer to an object
  75:d:\practise\f407_disc\lvgl\lvgl\src/core\lv_obj_pos.h ****  * @return          true: the size has been changed
  76:d:\practise\f407_disc\lvgl\lvgl\src/core\lv_obj_pos.h ****  */
  77:d:\practise\f407_disc\lvgl\lvgl\src/core\lv_obj_pos.h **** bool lv_obj_refr_size(struct _lv_obj_t * obj);
  78:d:\practise\f407_disc\lvgl\lvgl\src/core\lv_obj_pos.h **** 
  79:d:\practise\f407_disc\lvgl\lvgl\src/core\lv_obj_pos.h **** /**
  80:d:\practise\f407_disc\lvgl\lvgl\src/core\lv_obj_pos.h ****  * Set the width of an object
  81:d:\practise\f407_disc\lvgl\lvgl\src/core\lv_obj_pos.h ****  * @param obj       pointer to an object
  82:d:\practise\f407_disc\lvgl\lvgl\src/core\lv_obj_pos.h ****  * @param w         the new width
  83:d:\practise\f407_disc\lvgl\lvgl\src/core\lv_obj_pos.h ****  * @note            possible values are:
  84:d:\practise\f407_disc\lvgl\lvgl\src/core\lv_obj_pos.h ****  *                  pixel               simple set the size accordingly
  85:d:\practise\f407_disc\lvgl\lvgl\src/core\lv_obj_pos.h ****  *                  LV_SIZE_CONTENT     set the size to involve all children in the given direction
  86:d:\practise\f407_disc\lvgl\lvgl\src/core\lv_obj_pos.h ****  *                  lv_pct(x)           to set size in percentage of the parent's content area size
  87:d:\practise\f407_disc\lvgl\lvgl\src/core\lv_obj_pos.h ****  *                                      x should be in [0..1000]% range
  88:d:\practise\f407_disc\lvgl\lvgl\src/core\lv_obj_pos.h ****  */
  89:d:\practise\f407_disc\lvgl\lvgl\src/core\lv_obj_pos.h **** void lv_obj_set_width(struct _lv_obj_t * obj, lv_coord_t w);
  90:d:\practise\f407_disc\lvgl\lvgl\src/core\lv_obj_pos.h **** 
  91:d:\practise\f407_disc\lvgl\lvgl\src/core\lv_obj_pos.h **** /**
  92:d:\practise\f407_disc\lvgl\lvgl\src/core\lv_obj_pos.h ****  * Set the height of an object
  93:d:\practise\f407_disc\lvgl\lvgl\src/core\lv_obj_pos.h ****  * @param obj       pointer to an object
  94:d:\practise\f407_disc\lvgl\lvgl\src/core\lv_obj_pos.h ****  * @param h         the new height
  95:d:\practise\f407_disc\lvgl\lvgl\src/core\lv_obj_pos.h ****  * @note            possible values are:
  96:d:\practise\f407_disc\lvgl\lvgl\src/core\lv_obj_pos.h ****  *                  pixel               simple set the size accordingly
  97:d:\practise\f407_disc\lvgl\lvgl\src/core\lv_obj_pos.h ****  *                  LV_SIZE_CONTENT     set the size to involve all children in the given direction
  98:d:\practise\f407_disc\lvgl\lvgl\src/core\lv_obj_pos.h ****  *                  lv_pct(x)           to set size in percentage of the parent's content area size
  99:d:\practise\f407_disc\lvgl\lvgl\src/core\lv_obj_pos.h ****  *                                      x should be in [0..1000]% range
 100:d:\practise\f407_disc\lvgl\lvgl\src/core\lv_obj_pos.h ****  */
 101:d:\practise\f407_disc\lvgl\lvgl\src/core\lv_obj_pos.h **** void lv_obj_set_height(struct _lv_obj_t * obj, lv_coord_t h);
 102:d:\practise\f407_disc\lvgl\lvgl\src/core\lv_obj_pos.h **** 
 103:d:\practise\f407_disc\lvgl\lvgl\src/core\lv_obj_pos.h **** /**
 104:d:\practise\f407_disc\lvgl\lvgl\src/core\lv_obj_pos.h ****  * Set the width reduced by the left and right padding and the border width.
 105:d:\practise\f407_disc\lvgl\lvgl\src/core\lv_obj_pos.h ****  * @param obj       pointer to an object
 106:d:\practise\f407_disc\lvgl\lvgl\src/core\lv_obj_pos.h ****  * @param w         the width without paddings in pixels
 107:d:\practise\f407_disc\lvgl\lvgl\src/core\lv_obj_pos.h ****  */
 108:d:\practise\f407_disc\lvgl\lvgl\src/core\lv_obj_pos.h **** void lv_obj_set_content_width(struct _lv_obj_t * obj, lv_coord_t w);
 109:d:\practise\f407_disc\lvgl\lvgl\src/core\lv_obj_pos.h **** 
 110:d:\practise\f407_disc\lvgl\lvgl\src/core\lv_obj_pos.h **** /**
 111:d:\practise\f407_disc\lvgl\lvgl\src/core\lv_obj_pos.h ****  * Set the height reduced by the top and bottom padding and the border width.
 112:d:\practise\f407_disc\lvgl\lvgl\src/core\lv_obj_pos.h ****  * @param obj       pointer to an object
 113:d:\practise\f407_disc\lvgl\lvgl\src/core\lv_obj_pos.h ****  * @param h         the height without paddings in pixels
 114:d:\practise\f407_disc\lvgl\lvgl\src/core\lv_obj_pos.h ****  */
 115:d:\practise\f407_disc\lvgl\lvgl\src/core\lv_obj_pos.h **** void lv_obj_set_content_height(struct _lv_obj_t * obj, lv_coord_t h);
 116:d:\practise\f407_disc\lvgl\lvgl\src/core\lv_obj_pos.h **** 
 117:d:\practise\f407_disc\lvgl\lvgl\src/core\lv_obj_pos.h **** /**
 118:d:\practise\f407_disc\lvgl\lvgl\src/core\lv_obj_pos.h ****  * Set a layout for an object
 119:d:\practise\f407_disc\lvgl\lvgl\src/core\lv_obj_pos.h ****  * @param obj       pointer to an object
 120:d:\practise\f407_disc\lvgl\lvgl\src/core\lv_obj_pos.h ****  * @param layout    pointer to a layout descriptor to set
 121:d:\practise\f407_disc\lvgl\lvgl\src/core\lv_obj_pos.h ****  */
 122:d:\practise\f407_disc\lvgl\lvgl\src/core\lv_obj_pos.h **** void lv_obj_set_layout(struct _lv_obj_t * obj, uint32_t layout);
 123:d:\practise\f407_disc\lvgl\lvgl\src/core\lv_obj_pos.h **** 
 124:d:\practise\f407_disc\lvgl\lvgl\src/core\lv_obj_pos.h **** /**
 125:d:\practise\f407_disc\lvgl\lvgl\src/core\lv_obj_pos.h ****  * Test whether the and object is positioned by a layout or not
 126:d:\practise\f407_disc\lvgl\lvgl\src/core\lv_obj_pos.h ****  * @param obj       pointer to an object to test
 127:d:\practise\f407_disc\lvgl\lvgl\src/core\lv_obj_pos.h ****  * @return true:    positioned by a layout; false: not positioned by a layout
ARM GAS  C:\Users\gx\AppData\Local\Temp\cc5yq2ez.s 			page 18


 128:d:\practise\f407_disc\lvgl\lvgl\src/core\lv_obj_pos.h ****  */
 129:d:\practise\f407_disc\lvgl\lvgl\src/core\lv_obj_pos.h **** bool lv_obj_is_layout_positioned(const struct _lv_obj_t * obj);
 130:d:\practise\f407_disc\lvgl\lvgl\src/core\lv_obj_pos.h **** 
 131:d:\practise\f407_disc\lvgl\lvgl\src/core\lv_obj_pos.h **** /**
 132:d:\practise\f407_disc\lvgl\lvgl\src/core\lv_obj_pos.h ****  * Mark the object for layout update.
 133:d:\practise\f407_disc\lvgl\lvgl\src/core\lv_obj_pos.h ****  * @param obj      pointer to an object whose children needs to be updated
 134:d:\practise\f407_disc\lvgl\lvgl\src/core\lv_obj_pos.h ****  */
 135:d:\practise\f407_disc\lvgl\lvgl\src/core\lv_obj_pos.h **** void lv_obj_mark_layout_as_dirty(struct _lv_obj_t * obj);
 136:d:\practise\f407_disc\lvgl\lvgl\src/core\lv_obj_pos.h **** 
 137:d:\practise\f407_disc\lvgl\lvgl\src/core\lv_obj_pos.h **** /**
 138:d:\practise\f407_disc\lvgl\lvgl\src/core\lv_obj_pos.h ****  * Update the layout of an object.
 139:d:\practise\f407_disc\lvgl\lvgl\src/core\lv_obj_pos.h ****  * @param obj      pointer to an object whose children needs to be updated
 140:d:\practise\f407_disc\lvgl\lvgl\src/core\lv_obj_pos.h ****  */
 141:d:\practise\f407_disc\lvgl\lvgl\src/core\lv_obj_pos.h **** void lv_obj_update_layout(const struct _lv_obj_t * obj);
 142:d:\practise\f407_disc\lvgl\lvgl\src/core\lv_obj_pos.h **** 
 143:d:\practise\f407_disc\lvgl\lvgl\src/core\lv_obj_pos.h **** /**
 144:d:\practise\f407_disc\lvgl\lvgl\src/core\lv_obj_pos.h ****  * Regsiter a new layout
 145:d:\practise\f407_disc\lvgl\lvgl\src/core\lv_obj_pos.h ****  * @param cb        the layout update callback
 146:d:\practise\f407_disc\lvgl\lvgl\src/core\lv_obj_pos.h ****  * @param user_data custom data that will be passed to `cb`
 147:d:\practise\f407_disc\lvgl\lvgl\src/core\lv_obj_pos.h ****  * @return          the ID of the new layout
 148:d:\practise\f407_disc\lvgl\lvgl\src/core\lv_obj_pos.h ****  */
 149:d:\practise\f407_disc\lvgl\lvgl\src/core\lv_obj_pos.h **** uint32_t lv_layout_register(lv_layout_update_cb_t cb, void * user_data);
 150:d:\practise\f407_disc\lvgl\lvgl\src/core\lv_obj_pos.h **** 
 151:d:\practise\f407_disc\lvgl\lvgl\src/core\lv_obj_pos.h **** /**
 152:d:\practise\f407_disc\lvgl\lvgl\src/core\lv_obj_pos.h ****  * Change the alignment of an object.
 153:d:\practise\f407_disc\lvgl\lvgl\src/core\lv_obj_pos.h ****  * @param obj       pointer to an object to align
 154:d:\practise\f407_disc\lvgl\lvgl\src/core\lv_obj_pos.h ****  * @param align     type of alignment (see 'lv_align_t' enum) `LV_ALIGN_OUT_...` can't be used.
 155:d:\practise\f407_disc\lvgl\lvgl\src/core\lv_obj_pos.h ****  */
 156:d:\practise\f407_disc\lvgl\lvgl\src/core\lv_obj_pos.h **** void lv_obj_set_align(struct _lv_obj_t * obj, lv_align_t align);
 157:d:\practise\f407_disc\lvgl\lvgl\src/core\lv_obj_pos.h **** 
 158:d:\practise\f407_disc\lvgl\lvgl\src/core\lv_obj_pos.h **** /**
 159:d:\practise\f407_disc\lvgl\lvgl\src/core\lv_obj_pos.h ****  * Change the alignment of an object and set new coordinates.
 160:d:\practise\f407_disc\lvgl\lvgl\src/core\lv_obj_pos.h ****  * Equivalent to:
 161:d:\practise\f407_disc\lvgl\lvgl\src/core\lv_obj_pos.h ****  * lv_obj_set_align(obj, align);
 162:d:\practise\f407_disc\lvgl\lvgl\src/core\lv_obj_pos.h ****  * lv_obj_set_pos(obj, x_ofs, y_ofs);
 163:d:\practise\f407_disc\lvgl\lvgl\src/core\lv_obj_pos.h ****  * @param obj       pointer to an object to align
 164:d:\practise\f407_disc\lvgl\lvgl\src/core\lv_obj_pos.h ****  * @param align     type of alignment (see 'lv_align_t' enum) `LV_ALIGN_OUT_...` can't be used.
 165:d:\practise\f407_disc\lvgl\lvgl\src/core\lv_obj_pos.h ****  * @param x_ofs     x coordinate offset after alignment
 166:d:\practise\f407_disc\lvgl\lvgl\src/core\lv_obj_pos.h ****  * @param y_ofs     y coordinate offset after alignment
 167:d:\practise\f407_disc\lvgl\lvgl\src/core\lv_obj_pos.h ****  */
 168:d:\practise\f407_disc\lvgl\lvgl\src/core\lv_obj_pos.h **** void lv_obj_align(struct _lv_obj_t * obj, lv_align_t align, lv_coord_t x_ofs, lv_coord_t y_ofs);
 169:d:\practise\f407_disc\lvgl\lvgl\src/core\lv_obj_pos.h **** 
 170:d:\practise\f407_disc\lvgl\lvgl\src/core\lv_obj_pos.h **** /**
 171:d:\practise\f407_disc\lvgl\lvgl\src/core\lv_obj_pos.h ****  * Align an object to an other object.
 172:d:\practise\f407_disc\lvgl\lvgl\src/core\lv_obj_pos.h ****  * @param obj       pointer to an object to align
 173:d:\practise\f407_disc\lvgl\lvgl\src/core\lv_obj_pos.h ****  * @param base      pointer to an other object (if NULL `obj`s parent is used). 'obj' will be align
 174:d:\practise\f407_disc\lvgl\lvgl\src/core\lv_obj_pos.h ****  * @param align     type of alignment (see 'lv_align_t' enum)
 175:d:\practise\f407_disc\lvgl\lvgl\src/core\lv_obj_pos.h ****  * @param x_ofs     x coordinate offset after alignment
 176:d:\practise\f407_disc\lvgl\lvgl\src/core\lv_obj_pos.h ****  * @param y_ofs     y coordinate offset after alignment
 177:d:\practise\f407_disc\lvgl\lvgl\src/core\lv_obj_pos.h ****  * @note            if the position or size of `base` changes `obj` needs to be aligned manually ag
 178:d:\practise\f407_disc\lvgl\lvgl\src/core\lv_obj_pos.h ****  */
 179:d:\practise\f407_disc\lvgl\lvgl\src/core\lv_obj_pos.h **** void lv_obj_align_to(struct _lv_obj_t * obj, const struct _lv_obj_t * base, lv_align_t align, lv_co
 180:d:\practise\f407_disc\lvgl\lvgl\src/core\lv_obj_pos.h **** 
 181:d:\practise\f407_disc\lvgl\lvgl\src/core\lv_obj_pos.h **** /**
 182:d:\practise\f407_disc\lvgl\lvgl\src/core\lv_obj_pos.h ****  * Align an object to the center on its parent.
 183:d:\practise\f407_disc\lvgl\lvgl\src/core\lv_obj_pos.h ****  * @param obj       pointer to an object to align
 184:d:\practise\f407_disc\lvgl\lvgl\src/core\lv_obj_pos.h ****  * @note            if the parent size changes `obj` needs to be aligned manually again
ARM GAS  C:\Users\gx\AppData\Local\Temp\cc5yq2ez.s 			page 19


 185:d:\practise\f407_disc\lvgl\lvgl\src/core\lv_obj_pos.h ****  */
 186:d:\practise\f407_disc\lvgl\lvgl\src/core\lv_obj_pos.h **** static inline void lv_obj_center(struct _lv_obj_t * obj)
 299              		.loc 5 186 20 view .LVU76
 300              	.LBB33:
 187:d:\practise\f407_disc\lvgl\lvgl\src/core\lv_obj_pos.h **** {
 188:d:\practise\f407_disc\lvgl\lvgl\src/core\lv_obj_pos.h ****     lv_obj_align(obj, LV_ALIGN_CENTER, 0, 0);
 301              		.loc 5 188 5 view .LVU77
 302 0010 0023     		movs	r3, #0
 303 0012 1A46     		mov	r2, r3
 304 0014 0921     		movs	r1, #9
 305 0016 FFF7FEFF 		bl	lv_obj_align
 306              	.LVL27:
 307              		.loc 5 188 5 is_stmt 0 view .LVU78
 308              	.LBE33:
 309              	.LBE32:
  17:lvgl/lvgl/examples/widgets/slider/lv_example_slider_3.c ****     lv_slider_set_value(slider, 70, LV_ANIM_OFF);
 310              		.loc 1 17 5 is_stmt 1 view .LVU79
 311              	.LBB34:
 312              	.LBI34:
 116:d:\practise\f407_disc\lvgl\lvgl\src/widgets\lv_slider.h **** {
 313              		.loc 2 116 20 view .LVU80
 314              	.LBB35:
 118:d:\practise\f407_disc\lvgl\lvgl\src/widgets\lv_slider.h **** }
 315              		.loc 2 118 5 view .LVU81
 316 001a 0221     		movs	r1, #2
 317 001c 2046     		mov	r0, r4
 318 001e FFF7FEFF 		bl	lv_bar_set_mode
 319              	.LVL28:
 118:d:\practise\f407_disc\lvgl\lvgl\src/widgets\lv_slider.h **** }
 320              		.loc 2 118 5 is_stmt 0 view .LVU82
 321              	.LBE35:
 322              	.LBE34:
  18:lvgl/lvgl/examples/widgets/slider/lv_example_slider_3.c ****     lv_slider_set_left_value(slider, 20, LV_ANIM_OFF);
 323              		.loc 1 18 5 is_stmt 1 view .LVU83
 324              	.LBB36:
 325              	.LBI36:
  84:d:\practise\f407_disc\lvgl\lvgl\src/widgets\lv_slider.h **** {
 326              		.loc 2 84 20 view .LVU84
 327              	.LBB37:
  86:d:\practise\f407_disc\lvgl\lvgl\src/widgets\lv_slider.h **** }
 328              		.loc 2 86 5 view .LVU85
 329 0022 0022     		movs	r2, #0
 330 0024 4621     		movs	r1, #70
 331 0026 2046     		mov	r0, r4
 332 0028 FFF7FEFF 		bl	lv_bar_set_value
 333              	.LVL29:
  86:d:\practise\f407_disc\lvgl\lvgl\src/widgets\lv_slider.h **** }
 334              		.loc 2 86 5 is_stmt 0 view .LVU86
 335              	.LBE37:
 336              	.LBE36:
  19:lvgl/lvgl/examples/widgets/slider/lv_example_slider_3.c **** 
 337              		.loc 1 19 5 is_stmt 1 view .LVU87
 338              	.LBB38:
 339              	.LBI38:
  95:d:\practise\f407_disc\lvgl\lvgl\src/widgets\lv_slider.h **** {
 340              		.loc 2 95 20 view .LVU88
 341              	.LBB39:
ARM GAS  C:\Users\gx\AppData\Local\Temp\cc5yq2ez.s 			page 20


  97:d:\practise\f407_disc\lvgl\lvgl\src/widgets\lv_slider.h **** }
 342              		.loc 2 97 5 view .LVU89
 343 002c 0022     		movs	r2, #0
 344 002e 1421     		movs	r1, #20
 345 0030 2046     		mov	r0, r4
 346 0032 FFF7FEFF 		bl	lv_bar_set_start_value
 347              	.LVL30:
  97:d:\practise\f407_disc\lvgl\lvgl\src/widgets\lv_slider.h **** }
 348              		.loc 2 97 5 is_stmt 0 view .LVU90
 349              	.LBE39:
 350              	.LBE38:
  21:lvgl/lvgl/examples/widgets/slider/lv_example_slider_3.c ****     lv_obj_refresh_ext_draw_size(slider);
 351              		.loc 1 21 5 is_stmt 1 view .LVU91
 352 0036 0023     		movs	r3, #0
 353 0038 1A46     		mov	r2, r3
 354 003a 0449     		ldr	r1, .L11
 355 003c 2046     		mov	r0, r4
 356 003e FFF7FEFF 		bl	lv_obj_add_event_cb
 357              	.LVL31:
  22:lvgl/lvgl/examples/widgets/slider/lv_example_slider_3.c **** }
 358              		.loc 1 22 5 view .LVU92
 359 0042 2046     		mov	r0, r4
 360 0044 FFF7FEFF 		bl	lv_obj_refresh_ext_draw_size
 361              	.LVL32:
  23:lvgl/lvgl/examples/widgets/slider/lv_example_slider_3.c **** 
 362              		.loc 1 23 1 is_stmt 0 view .LVU93
 363 0048 10BD     		pop	{r4, pc}
 364              	.LVL33:
 365              	.L12:
  23:lvgl/lvgl/examples/widgets/slider/lv_example_slider_3.c **** 
 366              		.loc 1 23 1 view .LVU94
 367 004a 00BF     		.align	2
 368              	.L11:
 369 004c 00000000 		.word	slider_event_cb
 370              		.cfi_endproc
 371              	.LFE189:
 373              		.text
 374              	.Letext0:
 375              		.file 6 "c:\\program files (x86)\\gnu arm embedded toolchain\\9 2020-q2-update\\arm-none-eabi\\inc
 376              		.file 7 "c:\\program files (x86)\\gnu arm embedded toolchain\\9 2020-q2-update\\arm-none-eabi\\inc
 377              		.file 8 "d:\\practise\\f407_disc\\lvgl\\lvgl\\src/misc/lv_ll.h"
 378              		.file 9 "c:\\program files (x86)\\gnu arm embedded toolchain\\9 2020-q2-update\\lib\\gcc\\arm-none
 379              		.file 10 "c:\\program files (x86)\\gnu arm embedded toolchain\\9 2020-q2-update\\arm-none-eabi\\in
 380              		.file 11 "c:\\program files (x86)\\gnu arm embedded toolchain\\9 2020-q2-update\\arm-none-eabi\\in
 381              		.file 12 "c:\\program files (x86)\\gnu arm embedded toolchain\\9 2020-q2-update\\arm-none-eabi\\in
 382              		.file 13 "d:\\practise\\f407_disc\\lvgl\\lvgl\\src/misc/lv_anim.h"
 383              		.file 14 "d:\\practise\\f407_disc\\lvgl\\lvgl\\src\\misc\\lv_color.h"
 384              		.file 15 "d:\\practise\\f407_disc\\lvgl\\lvgl\\src/core/lv_obj.h"
 385              		.file 16 "d:\\practise\\f407_disc\\lvgl\\lvgl\\src/core/lv_group.h"
 386              		.file 17 "d:\\practise\\f407_disc\\lvgl\\lvgl\\src\\font\\lv_font.h"
 387              		.file 18 "d:\\practise\\f407_disc\\lvgl\\lvgl\\src\\misc\\lv_txt.h"
 388              		.file 19 "d:\\practise\\f407_disc\\lvgl\\lvgl\\src\\misc\\lv_bidi.h"
 389              		.file 20 "d:\\practise\\f407_disc\\lvgl\\lvgl\\src\\misc\\lv_style.h"
 390              		.file 21 "d:\\practise\\f407_disc\\lvgl\\lvgl\\src/core/lv_obj_scroll.h"
 391              		.file 22 "d:\\practise\\f407_disc\\lvgl\\lvgl\\src/core/lv_obj_style.h"
 392              		.file 23 "d:\\practise\\f407_disc\\lvgl\\lvgl\\src\\draw\\lv_draw_rect.h"
 393              		.file 24 "d:\\practise\\f407_disc\\lvgl\\lvgl\\src\\draw\\lv_draw_label.h"
ARM GAS  C:\Users\gx\AppData\Local\Temp\cc5yq2ez.s 			page 21


 394              		.file 25 "d:\\practise\\f407_disc\\lvgl\\lvgl\\src\\draw\\lv_draw_img.h"
 395              		.file 26 "d:\\practise\\f407_disc\\lvgl\\lvgl\\src\\draw\\lv_draw_line.h"
 396              		.file 27 "d:\\practise\\f407_disc\\lvgl\\lvgl\\src\\draw\\lv_draw_arc.h"
 397              		.file 28 "d:\\practise\\f407_disc\\lvgl\\lvgl\\src/core/lv_obj_draw.h"
 398              		.file 29 "d:\\practise\\f407_disc\\lvgl\\lvgl\\src/core/lv_obj_class.h"
 399              		.file 30 "d:\\practise\\f407_disc\\lvgl\\lvgl\\src/core/lv_event.h"
 400              		.file 31 "d:\\practise\\f407_disc\\lvgl\\lvgl\\src/widgets/lv_arc.h"
 401              		.file 32 "d:\\practise\\f407_disc\\lvgl\\lvgl\\src/widgets/lv_btn.h"
 402              		.file 33 "d:\\practise\\f407_disc\\lvgl\\lvgl\\src/widgets/lv_img.h"
 403              		.file 34 "d:\\practise\\f407_disc\\lvgl\\lvgl\\src/widgets/lv_label.h"
 404              		.file 35 "d:\\practise\\f407_disc\\lvgl\\lvgl\\src/widgets/lv_line.h"
 405              		.file 36 "d:\\practise\\f407_disc\\lvgl\\lvgl\\src/widgets/lv_table.h"
 406              		.file 37 "d:\\practise\\f407_disc\\lvgl\\lvgl\\src/widgets/lv_checkbox.h"
 407              		.file 38 "d:\\practise\\f407_disc\\lvgl\\lvgl\\src/widgets/lv_bar.h"
 408              		.file 39 "d:\\practise\\f407_disc\\lvgl\\lvgl\\src/widgets/lv_btnmatrix.h"
 409              		.file 40 "d:\\practise\\f407_disc\\lvgl\\lvgl\\src/widgets/lv_dropdown.h"
 410              		.file 41 "d:\\practise\\f407_disc\\lvgl\\lvgl\\src/widgets/lv_roller.h"
 411              		.file 42 "d:\\practise\\f407_disc\\lvgl\\lvgl\\src/widgets/lv_textarea.h"
 412              		.file 43 "d:\\practise\\f407_disc\\lvgl\\lvgl\\src/widgets/lv_canvas.h"
 413              		.file 44 "d:\\practise\\f407_disc\\lvgl\\lvgl\\src/widgets/lv_switch.h"
 414              		.file 45 "d:\\practise\\f407_disc\\lvgl\\lvgl\\src/extra/widgets/animimg/lv_animimg.h"
 415              		.file 46 "d:\\practise\\f407_disc\\lvgl\\lvgl\\src/extra/widgets/calendar/lv_calendar.h"
 416              		.file 47 "d:\\practise\\f407_disc\\lvgl\\lvgl\\src/extra/widgets/calendar/lv_calendar_header_arrow
 417              		.file 48 "d:\\practise\\f407_disc\\lvgl\\lvgl\\src/extra/widgets/calendar/lv_calendar_header_dropd
 418              		.file 49 "d:\\practise\\f407_disc\\lvgl\\lvgl\\src/extra/widgets/chart/lv_chart.h"
 419              		.file 50 "d:\\practise\\f407_disc\\lvgl\\lvgl\\src/extra/widgets/keyboard/lv_keyboard.h"
 420              		.file 51 "d:\\practise\\f407_disc\\lvgl\\lvgl\\src\\extra\\layouts\\flex\\lv_flex.h"
 421              		.file 52 "d:\\practise\\f407_disc\\lvgl\\lvgl\\src/extra/widgets/list/lv_list.h"
 422              		.file 53 "d:\\practise\\f407_disc\\lvgl\\lvgl\\src/extra/widgets/msgbox/lv_msgbox.h"
 423              		.file 54 "d:\\practise\\f407_disc\\lvgl\\lvgl\\src/extra/widgets/meter/lv_meter.h"
 424              		.file 55 "d:\\practise\\f407_disc\\lvgl\\lvgl\\src/extra/widgets/spinbox/lv_spinbox.h"
 425              		.file 56 "d:\\practise\\f407_disc\\lvgl\\lvgl\\src/extra/widgets/spinner/lv_spinner.h"
 426              		.file 57 "d:\\practise\\f407_disc\\lvgl\\lvgl\\src/extra/widgets/tabview/lv_tabview.h"
 427              		.file 58 "d:\\practise\\f407_disc\\lvgl\\lvgl\\src/extra/widgets/tileview/lv_tileview.h"
 428              		.file 59 "d:\\practise\\f407_disc\\lvgl\\lvgl\\src/extra/widgets/win/lv_win.h"
 429              		.file 60 "d:\\practise\\f407_disc\\lvgl\\lvgl\\src/extra/widgets/colorwheel/lv_colorwheel.h"
 430              		.file 61 "d:\\practise\\f407_disc\\lvgl\\lvgl\\src/extra/widgets/led/lv_led.h"
 431              		.file 62 "d:\\practise\\f407_disc\\lvgl\\lvgl\\src/extra/widgets/imgbtn/lv_imgbtn.h"
 432              		.file 63 "d:\\practise\\f407_disc\\lvgl\\lvgl\\src/extra/widgets/span/lv_span.h"
 433              		.file 64 "d:\\practise\\f407_disc\\lvgl\\lvgl\\src/extra/layouts/grid/lv_grid.h"
 434              		.file 65 "d:\\practise\\f407_disc\\lvgl\\lvgl\\src\\misc\\lv_printf.h"
 435              		.file 66 "d:\\practise\\f407_disc\\lvgl\\lvgl\\src/hal/lv_hal_disp.h"
ARM GAS  C:\Users\gx\AppData\Local\Temp\cc5yq2ez.s 			page 22


DEFINED SYMBOLS
                            *ABS*:00000000 lv_example_slider_3.c
C:\Users\gx\AppData\Local\Temp\cc5yq2ez.s:18     .rodata.slider_event_cb.str1.4:00000000 $d
C:\Users\gx\AppData\Local\Temp\cc5yq2ez.s:22     .text.slider_event_cb:00000000 $t
C:\Users\gx\AppData\Local\Temp\cc5yq2ez.s:29     .text.slider_event_cb:00000000 slider_event_cb
C:\Users\gx\AppData\Local\Temp\cc5yq2ez.s:251    .text.slider_event_cb:000000d8 $d
C:\Users\gx\AppData\Local\Temp\cc5yq2ez.s:257    .text.lv_example_slider_3:00000000 $t
C:\Users\gx\AppData\Local\Temp\cc5yq2ez.s:264    .text.lv_example_slider_3:00000000 lv_example_slider_3
C:\Users\gx\AppData\Local\Temp\cc5yq2ez.s:369    .text.lv_example_slider_3:0000004c $d

UNDEFINED SYMBOLS
lv_event_get_code
lv_event_get_target
lv_event_get_param
lv_bar_get_start_value
lv_bar_get_value
lv_snprintf
lv_txt_get_size
lv_draw_label_dsc_init
lv_draw_label
lv_font_montserrat_14
lv_disp_get_default
lv_disp_get_scr_act
lv_slider_create
lv_obj_align
lv_bar_set_mode
lv_bar_set_value
lv_bar_set_start_value
lv_obj_add_event_cb
lv_obj_refresh_ext_draw_size
