ARM GAS  C:\Users\gx\AppData\Local\Temp\ccBNP2Vl.s 			page 1


   1              		.cpu cortex-m4
   2              		.eabi_attribute 27, 1
   3              		.eabi_attribute 28, 1
   4              		.eabi_attribute 20, 1
   5              		.eabi_attribute 21, 1
   6              		.eabi_attribute 23, 3
   7              		.eabi_attribute 24, 1
   8              		.eabi_attribute 25, 1
   9              		.eabi_attribute 26, 1
  10              		.eabi_attribute 30, 1
  11              		.eabi_attribute 34, 1
  12              		.eabi_attribute 18, 4
  13              		.file	"lv_example_line_1.c"
  14              		.text
  15              	.Ltext0:
  16              		.cfi_sections	.debug_frame
  17              		.section	.text.lv_example_line_1,"ax",%progbits
  18              		.align	1
  19              		.global	lv_example_line_1
  20              		.arch armv7e-m
  21              		.syntax unified
  22              		.thumb
  23              		.thumb_func
  24              		.fpu fpv4-sp-d16
  26              	lv_example_line_1:
  27              	.LFB189:
  28              		.file 1 "lvgl/lvgl/examples/widgets/line/lv_example_line_1.c"
   1:lvgl/lvgl/examples/widgets/line/lv_example_line_1.c **** #include "../../lv_examples.h"
   2:lvgl/lvgl/examples/widgets/line/lv_example_line_1.c **** #if LV_USE_LINE && LV_BUILD_EXAMPLES
   3:lvgl/lvgl/examples/widgets/line/lv_example_line_1.c **** 
   4:lvgl/lvgl/examples/widgets/line/lv_example_line_1.c **** void lv_example_line_1(void)
   5:lvgl/lvgl/examples/widgets/line/lv_example_line_1.c **** {
  29              		.loc 1 5 1 view -0
  30              		.cfi_startproc
  31              		@ args = 0, pretend = 0, frame = 0
  32              		@ frame_needed = 0, uses_anonymous_args = 0
  33 0000 38B5     		push	{r3, r4, r5, lr}
  34              	.LCFI0:
  35              		.cfi_def_cfa_offset 16
  36              		.cfi_offset 3, -16
  37              		.cfi_offset 4, -12
  38              		.cfi_offset 5, -8
  39              		.cfi_offset 14, -4
   6:lvgl/lvgl/examples/widgets/line/lv_example_line_1.c ****     /*Create an array for the points of the line*/
   7:lvgl/lvgl/examples/widgets/line/lv_example_line_1.c ****     static lv_point_t line_points[] = { {5, 5}, {70, 70}, {120, 10}, {180, 60}, {240, 10} };
  40              		.loc 1 7 5 view .LVU1
   8:lvgl/lvgl/examples/widgets/line/lv_example_line_1.c **** 
   9:lvgl/lvgl/examples/widgets/line/lv_example_line_1.c ****     /*Create style*/
  10:lvgl/lvgl/examples/widgets/line/lv_example_line_1.c ****     static lv_style_t style_line;
  41              		.loc 1 10 5 view .LVU2
  11:lvgl/lvgl/examples/widgets/line/lv_example_line_1.c ****     lv_style_init(&style_line);
  42              		.loc 1 11 5 view .LVU3
  43 0002 154C     		ldr	r4, .L3
  44 0004 2046     		mov	r0, r4
  45 0006 FFF7FEFF 		bl	lv_style_init
  46              	.LVL0:
  12:lvgl/lvgl/examples/widgets/line/lv_example_line_1.c ****     lv_style_set_line_width(&style_line, 8);
ARM GAS  C:\Users\gx\AppData\Local\Temp\ccBNP2Vl.s 			page 2


  47              		.loc 1 12 5 view .LVU4
  48 000a 0821     		movs	r1, #8
  49 000c 2046     		mov	r0, r4
  50 000e FFF7FEFF 		bl	lv_style_set_line_width
  51              	.LVL1:
  13:lvgl/lvgl/examples/widgets/line/lv_example_line_1.c ****     lv_style_set_line_color(&style_line, lv_palette_main(LV_PALETTE_BLUE));
  52              		.loc 1 13 5 view .LVU5
  53 0012 0520     		movs	r0, #5
  54 0014 FFF7FEFF 		bl	lv_palette_main
  55              	.LVL2:
  56 0018 0146     		mov	r1, r0	@ movhi
  57 001a 2046     		mov	r0, r4
  58 001c FFF7FEFF 		bl	lv_style_set_line_color
  59              	.LVL3:
  14:lvgl/lvgl/examples/widgets/line/lv_example_line_1.c ****     lv_style_set_line_rounded(&style_line, true);
  60              		.loc 1 14 5 view .LVU6
  61 0020 0121     		movs	r1, #1
  62 0022 2046     		mov	r0, r4
  63 0024 FFF7FEFF 		bl	lv_style_set_line_rounded
  64              	.LVL4:
  15:lvgl/lvgl/examples/widgets/line/lv_example_line_1.c **** 
  16:lvgl/lvgl/examples/widgets/line/lv_example_line_1.c ****     /*Create a line and apply the new style*/
  17:lvgl/lvgl/examples/widgets/line/lv_example_line_1.c ****     lv_obj_t * line1;
  65              		.loc 1 17 5 view .LVU7
  18:lvgl/lvgl/examples/widgets/line/lv_example_line_1.c ****     line1 = lv_line_create(lv_scr_act());
  66              		.loc 1 18 5 view .LVU8
  67              	.LBB6:
  68              	.LBI6:
  69              		.file 2 "d:\\practise\\f407_disc\\lvgl\\lvgl\\src/core/lv_disp.h"
   1:d:\practise\f407_disc\lvgl\lvgl\src/core\lv_disp.h **** /**
   2:d:\practise\f407_disc\lvgl\lvgl\src/core\lv_disp.h ****  * @file lv_disp.h
   3:d:\practise\f407_disc\lvgl\lvgl\src/core\lv_disp.h ****  *
   4:d:\practise\f407_disc\lvgl\lvgl\src/core\lv_disp.h ****  */
   5:d:\practise\f407_disc\lvgl\lvgl\src/core\lv_disp.h **** 
   6:d:\practise\f407_disc\lvgl\lvgl\src/core\lv_disp.h **** #ifndef LV_DISP_H
   7:d:\practise\f407_disc\lvgl\lvgl\src/core\lv_disp.h **** #define LV_DISP_H
   8:d:\practise\f407_disc\lvgl\lvgl\src/core\lv_disp.h **** 
   9:d:\practise\f407_disc\lvgl\lvgl\src/core\lv_disp.h **** #ifdef __cplusplus
  10:d:\practise\f407_disc\lvgl\lvgl\src/core\lv_disp.h **** extern "C" {
  11:d:\practise\f407_disc\lvgl\lvgl\src/core\lv_disp.h **** #endif
  12:d:\practise\f407_disc\lvgl\lvgl\src/core\lv_disp.h **** 
  13:d:\practise\f407_disc\lvgl\lvgl\src/core\lv_disp.h **** /*********************
  14:d:\practise\f407_disc\lvgl\lvgl\src/core\lv_disp.h ****  *      INCLUDES
  15:d:\practise\f407_disc\lvgl\lvgl\src/core\lv_disp.h ****  *********************/
  16:d:\practise\f407_disc\lvgl\lvgl\src/core\lv_disp.h **** #include "../hal/lv_hal.h"
  17:d:\practise\f407_disc\lvgl\lvgl\src/core\lv_disp.h **** #include "lv_obj.h"
  18:d:\practise\f407_disc\lvgl\lvgl\src/core\lv_disp.h **** #include "lv_theme.h"
  19:d:\practise\f407_disc\lvgl\lvgl\src/core\lv_disp.h **** 
  20:d:\practise\f407_disc\lvgl\lvgl\src/core\lv_disp.h **** /*********************
  21:d:\practise\f407_disc\lvgl\lvgl\src/core\lv_disp.h ****  *      DEFINES
  22:d:\practise\f407_disc\lvgl\lvgl\src/core\lv_disp.h ****  *********************/
  23:d:\practise\f407_disc\lvgl\lvgl\src/core\lv_disp.h **** 
  24:d:\practise\f407_disc\lvgl\lvgl\src/core\lv_disp.h **** /**********************
  25:d:\practise\f407_disc\lvgl\lvgl\src/core\lv_disp.h ****  *      TYPEDEFS
  26:d:\practise\f407_disc\lvgl\lvgl\src/core\lv_disp.h ****  **********************/
  27:d:\practise\f407_disc\lvgl\lvgl\src/core\lv_disp.h **** 
  28:d:\practise\f407_disc\lvgl\lvgl\src/core\lv_disp.h **** typedef enum {
ARM GAS  C:\Users\gx\AppData\Local\Temp\ccBNP2Vl.s 			page 3


  29:d:\practise\f407_disc\lvgl\lvgl\src/core\lv_disp.h ****     LV_SCR_LOAD_ANIM_NONE,
  30:d:\practise\f407_disc\lvgl\lvgl\src/core\lv_disp.h ****     LV_SCR_LOAD_ANIM_OVER_LEFT,
  31:d:\practise\f407_disc\lvgl\lvgl\src/core\lv_disp.h ****     LV_SCR_LOAD_ANIM_OVER_RIGHT,
  32:d:\practise\f407_disc\lvgl\lvgl\src/core\lv_disp.h ****     LV_SCR_LOAD_ANIM_OVER_TOP,
  33:d:\practise\f407_disc\lvgl\lvgl\src/core\lv_disp.h ****     LV_SCR_LOAD_ANIM_OVER_BOTTOM,
  34:d:\practise\f407_disc\lvgl\lvgl\src/core\lv_disp.h ****     LV_SCR_LOAD_ANIM_MOVE_LEFT,
  35:d:\practise\f407_disc\lvgl\lvgl\src/core\lv_disp.h ****     LV_SCR_LOAD_ANIM_MOVE_RIGHT,
  36:d:\practise\f407_disc\lvgl\lvgl\src/core\lv_disp.h ****     LV_SCR_LOAD_ANIM_MOVE_TOP,
  37:d:\practise\f407_disc\lvgl\lvgl\src/core\lv_disp.h ****     LV_SCR_LOAD_ANIM_MOVE_BOTTOM,
  38:d:\practise\f407_disc\lvgl\lvgl\src/core\lv_disp.h ****     LV_SCR_LOAD_ANIM_FADE_ON,
  39:d:\practise\f407_disc\lvgl\lvgl\src/core\lv_disp.h **** } lv_scr_load_anim_t;
  40:d:\practise\f407_disc\lvgl\lvgl\src/core\lv_disp.h **** 
  41:d:\practise\f407_disc\lvgl\lvgl\src/core\lv_disp.h **** /**********************
  42:d:\practise\f407_disc\lvgl\lvgl\src/core\lv_disp.h ****  * GLOBAL PROTOTYPES
  43:d:\practise\f407_disc\lvgl\lvgl\src/core\lv_disp.h ****  **********************/
  44:d:\practise\f407_disc\lvgl\lvgl\src/core\lv_disp.h **** 
  45:d:\practise\f407_disc\lvgl\lvgl\src/core\lv_disp.h **** /**
  46:d:\practise\f407_disc\lvgl\lvgl\src/core\lv_disp.h ****  * Return with a pointer to the active screen
  47:d:\practise\f407_disc\lvgl\lvgl\src/core\lv_disp.h ****  * @param disp pointer to display which active screen should be get. (NULL to use the default
  48:d:\practise\f407_disc\lvgl\lvgl\src/core\lv_disp.h ****  * screen)
  49:d:\practise\f407_disc\lvgl\lvgl\src/core\lv_disp.h ****  * @return pointer to the active screen object (loaded by 'lv_scr_load()')
  50:d:\practise\f407_disc\lvgl\lvgl\src/core\lv_disp.h ****  */
  51:d:\practise\f407_disc\lvgl\lvgl\src/core\lv_disp.h **** lv_obj_t * lv_disp_get_scr_act(lv_disp_t * disp);
  52:d:\practise\f407_disc\lvgl\lvgl\src/core\lv_disp.h **** 
  53:d:\practise\f407_disc\lvgl\lvgl\src/core\lv_disp.h **** /**
  54:d:\practise\f407_disc\lvgl\lvgl\src/core\lv_disp.h ****  * Return with a pointer to the previous screen. Only used during screen transitions.
  55:d:\practise\f407_disc\lvgl\lvgl\src/core\lv_disp.h ****  * @param disp pointer to display which previous screen should be get. (NULL to use the default
  56:d:\practise\f407_disc\lvgl\lvgl\src/core\lv_disp.h ****  * screen)
  57:d:\practise\f407_disc\lvgl\lvgl\src/core\lv_disp.h ****  * @return pointer to the previous screen object or NULL if not used now
  58:d:\practise\f407_disc\lvgl\lvgl\src/core\lv_disp.h ****  */
  59:d:\practise\f407_disc\lvgl\lvgl\src/core\lv_disp.h **** lv_obj_t * lv_disp_get_scr_prev(lv_disp_t * disp);
  60:d:\practise\f407_disc\lvgl\lvgl\src/core\lv_disp.h **** 
  61:d:\practise\f407_disc\lvgl\lvgl\src/core\lv_disp.h **** /**
  62:d:\practise\f407_disc\lvgl\lvgl\src/core\lv_disp.h ****  * Make a screen active
  63:d:\practise\f407_disc\lvgl\lvgl\src/core\lv_disp.h ****  * @param scr pointer to a screen
  64:d:\practise\f407_disc\lvgl\lvgl\src/core\lv_disp.h ****  */
  65:d:\practise\f407_disc\lvgl\lvgl\src/core\lv_disp.h **** void lv_disp_load_scr(lv_obj_t * scr);
  66:d:\practise\f407_disc\lvgl\lvgl\src/core\lv_disp.h **** 
  67:d:\practise\f407_disc\lvgl\lvgl\src/core\lv_disp.h **** /**
  68:d:\practise\f407_disc\lvgl\lvgl\src/core\lv_disp.h ****  * Return with the top layer. (Same on every screen and it is above the normal screen layer)
  69:d:\practise\f407_disc\lvgl\lvgl\src/core\lv_disp.h ****  * @param disp pointer to display which top layer should be get. (NULL to use the default screen)
  70:d:\practise\f407_disc\lvgl\lvgl\src/core\lv_disp.h ****  * @return pointer to the top layer object  (transparent screen sized lv_obj)
  71:d:\practise\f407_disc\lvgl\lvgl\src/core\lv_disp.h ****  */
  72:d:\practise\f407_disc\lvgl\lvgl\src/core\lv_disp.h **** lv_obj_t * lv_disp_get_layer_top(lv_disp_t * disp);
  73:d:\practise\f407_disc\lvgl\lvgl\src/core\lv_disp.h **** 
  74:d:\practise\f407_disc\lvgl\lvgl\src/core\lv_disp.h **** /**
  75:d:\practise\f407_disc\lvgl\lvgl\src/core\lv_disp.h ****  * Return with the sys. layer. (Same on every screen and it is above the normal screen and the top
  76:d:\practise\f407_disc\lvgl\lvgl\src/core\lv_disp.h ****  * layer)
  77:d:\practise\f407_disc\lvgl\lvgl\src/core\lv_disp.h ****  * @param disp pointer to display which sys. layer  should be get. (NULL to use the default screen)
  78:d:\practise\f407_disc\lvgl\lvgl\src/core\lv_disp.h ****  * @return pointer to the sys layer object  (transparent screen sized lv_obj)
  79:d:\practise\f407_disc\lvgl\lvgl\src/core\lv_disp.h ****  */
  80:d:\practise\f407_disc\lvgl\lvgl\src/core\lv_disp.h **** lv_obj_t * lv_disp_get_layer_sys(lv_disp_t * disp);
  81:d:\practise\f407_disc\lvgl\lvgl\src/core\lv_disp.h **** 
  82:d:\practise\f407_disc\lvgl\lvgl\src/core\lv_disp.h **** /**
  83:d:\practise\f407_disc\lvgl\lvgl\src/core\lv_disp.h ****  * Get the theme of a display
  84:d:\practise\f407_disc\lvgl\lvgl\src/core\lv_disp.h ****  * @param disp pointer to a display
  85:d:\practise\f407_disc\lvgl\lvgl\src/core\lv_disp.h ****  * @return the display's theme (can be NULL)
ARM GAS  C:\Users\gx\AppData\Local\Temp\ccBNP2Vl.s 			page 4


  86:d:\practise\f407_disc\lvgl\lvgl\src/core\lv_disp.h ****  */
  87:d:\practise\f407_disc\lvgl\lvgl\src/core\lv_disp.h **** void lv_disp_set_theme(lv_disp_t * disp, lv_theme_t * th);
  88:d:\practise\f407_disc\lvgl\lvgl\src/core\lv_disp.h **** 
  89:d:\practise\f407_disc\lvgl\lvgl\src/core\lv_disp.h **** /**
  90:d:\practise\f407_disc\lvgl\lvgl\src/core\lv_disp.h ****  * Get the theme of a display
  91:d:\practise\f407_disc\lvgl\lvgl\src/core\lv_disp.h ****  * @param disp pointer to a display
  92:d:\practise\f407_disc\lvgl\lvgl\src/core\lv_disp.h ****  * @return the display's theme (can be NULL)
  93:d:\practise\f407_disc\lvgl\lvgl\src/core\lv_disp.h ****  */
  94:d:\practise\f407_disc\lvgl\lvgl\src/core\lv_disp.h **** lv_theme_t * lv_disp_get_theme(lv_disp_t * disp);
  95:d:\practise\f407_disc\lvgl\lvgl\src/core\lv_disp.h **** 
  96:d:\practise\f407_disc\lvgl\lvgl\src/core\lv_disp.h **** /**
  97:d:\practise\f407_disc\lvgl\lvgl\src/core\lv_disp.h ****  * Set the background color of a display
  98:d:\practise\f407_disc\lvgl\lvgl\src/core\lv_disp.h ****  * @param disp pointer to a display
  99:d:\practise\f407_disc\lvgl\lvgl\src/core\lv_disp.h ****  * @param color color of the background
 100:d:\practise\f407_disc\lvgl\lvgl\src/core\lv_disp.h ****  */
 101:d:\practise\f407_disc\lvgl\lvgl\src/core\lv_disp.h **** void lv_disp_set_bg_color(lv_disp_t * disp, lv_color_t color);
 102:d:\practise\f407_disc\lvgl\lvgl\src/core\lv_disp.h **** 
 103:d:\practise\f407_disc\lvgl\lvgl\src/core\lv_disp.h **** /**
 104:d:\practise\f407_disc\lvgl\lvgl\src/core\lv_disp.h ****  * Set the background image of a display
 105:d:\practise\f407_disc\lvgl\lvgl\src/core\lv_disp.h ****  * @param disp pointer to a display
 106:d:\practise\f407_disc\lvgl\lvgl\src/core\lv_disp.h ****  * @param img_src path to file or pointer to an `lv_img_dsc_t` variable
 107:d:\practise\f407_disc\lvgl\lvgl\src/core\lv_disp.h ****  */
 108:d:\practise\f407_disc\lvgl\lvgl\src/core\lv_disp.h **** void lv_disp_set_bg_image(lv_disp_t * disp, const void  * img_src);
 109:d:\practise\f407_disc\lvgl\lvgl\src/core\lv_disp.h **** 
 110:d:\practise\f407_disc\lvgl\lvgl\src/core\lv_disp.h **** /**
 111:d:\practise\f407_disc\lvgl\lvgl\src/core\lv_disp.h ****  * Opacity of the background
 112:d:\practise\f407_disc\lvgl\lvgl\src/core\lv_disp.h ****  * @param disp pointer to a display
 113:d:\practise\f407_disc\lvgl\lvgl\src/core\lv_disp.h ****  * @param opa opacity (0..255)
 114:d:\practise\f407_disc\lvgl\lvgl\src/core\lv_disp.h ****  */
 115:d:\practise\f407_disc\lvgl\lvgl\src/core\lv_disp.h **** void lv_disp_set_bg_opa(lv_disp_t * disp, lv_opa_t opa);
 116:d:\practise\f407_disc\lvgl\lvgl\src/core\lv_disp.h **** 
 117:d:\practise\f407_disc\lvgl\lvgl\src/core\lv_disp.h **** /**
 118:d:\practise\f407_disc\lvgl\lvgl\src/core\lv_disp.h ****  * Switch screen with animation
 119:d:\practise\f407_disc\lvgl\lvgl\src/core\lv_disp.h ****  * @param scr pointer to the new screen to load
 120:d:\practise\f407_disc\lvgl\lvgl\src/core\lv_disp.h ****  * @param anim_type type of the animation from `lv_scr_load_anim_t`. E.g.  `LV_SCR_LOAD_ANIM_MOVE_L
 121:d:\practise\f407_disc\lvgl\lvgl\src/core\lv_disp.h ****  * @param time time of the animation
 122:d:\practise\f407_disc\lvgl\lvgl\src/core\lv_disp.h ****  * @param delay delay before the transition
 123:d:\practise\f407_disc\lvgl\lvgl\src/core\lv_disp.h ****  * @param auto_del true: automatically delete the old screen
 124:d:\practise\f407_disc\lvgl\lvgl\src/core\lv_disp.h ****  */
 125:d:\practise\f407_disc\lvgl\lvgl\src/core\lv_disp.h **** void lv_scr_load_anim(lv_obj_t * scr, lv_scr_load_anim_t anim_type, uint32_t time, uint32_t delay, 
 126:d:\practise\f407_disc\lvgl\lvgl\src/core\lv_disp.h **** 
 127:d:\practise\f407_disc\lvgl\lvgl\src/core\lv_disp.h **** /**
 128:d:\practise\f407_disc\lvgl\lvgl\src/core\lv_disp.h ****  * Get elapsed time since last user activity on a display (e.g. click)
 129:d:\practise\f407_disc\lvgl\lvgl\src/core\lv_disp.h ****  * @param disp pointer to an display (NULL to get the overall smallest inactivity)
 130:d:\practise\f407_disc\lvgl\lvgl\src/core\lv_disp.h ****  * @return elapsed ticks (milliseconds) since the last activity
 131:d:\practise\f407_disc\lvgl\lvgl\src/core\lv_disp.h ****  */
 132:d:\practise\f407_disc\lvgl\lvgl\src/core\lv_disp.h **** uint32_t lv_disp_get_inactive_time(const lv_disp_t * disp);
 133:d:\practise\f407_disc\lvgl\lvgl\src/core\lv_disp.h **** 
 134:d:\practise\f407_disc\lvgl\lvgl\src/core\lv_disp.h **** /**
 135:d:\practise\f407_disc\lvgl\lvgl\src/core\lv_disp.h ****  * Manually trigger an activity on a display
 136:d:\practise\f407_disc\lvgl\lvgl\src/core\lv_disp.h ****  * @param disp pointer to an display (NULL to use the default display)
 137:d:\practise\f407_disc\lvgl\lvgl\src/core\lv_disp.h ****  */
 138:d:\practise\f407_disc\lvgl\lvgl\src/core\lv_disp.h **** void lv_disp_trig_activity(lv_disp_t * disp);
 139:d:\practise\f407_disc\lvgl\lvgl\src/core\lv_disp.h **** 
 140:d:\practise\f407_disc\lvgl\lvgl\src/core\lv_disp.h **** /**
 141:d:\practise\f407_disc\lvgl\lvgl\src/core\lv_disp.h ****  * Clean any CPU cache that is related to the display.
 142:d:\practise\f407_disc\lvgl\lvgl\src/core\lv_disp.h ****  * @param disp pointer to an display (NULL to use the default display)
ARM GAS  C:\Users\gx\AppData\Local\Temp\ccBNP2Vl.s 			page 5


 143:d:\practise\f407_disc\lvgl\lvgl\src/core\lv_disp.h ****  */
 144:d:\practise\f407_disc\lvgl\lvgl\src/core\lv_disp.h **** void lv_disp_clean_dcache(lv_disp_t * disp);
 145:d:\practise\f407_disc\lvgl\lvgl\src/core\lv_disp.h **** 
 146:d:\practise\f407_disc\lvgl\lvgl\src/core\lv_disp.h **** /**
 147:d:\practise\f407_disc\lvgl\lvgl\src/core\lv_disp.h ****  * Get a pointer to the screen refresher timer to
 148:d:\practise\f407_disc\lvgl\lvgl\src/core\lv_disp.h ****  * modify its parameters with `lv_timer_...` functions.
 149:d:\practise\f407_disc\lvgl\lvgl\src/core\lv_disp.h ****  * @param disp pointer to a display
 150:d:\practise\f407_disc\lvgl\lvgl\src/core\lv_disp.h ****  * @return pointer to the display refresher timer. (NULL on error)
 151:d:\practise\f407_disc\lvgl\lvgl\src/core\lv_disp.h ****  */
 152:d:\practise\f407_disc\lvgl\lvgl\src/core\lv_disp.h **** lv_timer_t * _lv_disp_get_refr_timer(lv_disp_t * disp);
 153:d:\practise\f407_disc\lvgl\lvgl\src/core\lv_disp.h **** 
 154:d:\practise\f407_disc\lvgl\lvgl\src/core\lv_disp.h **** /*------------------------------------------------
 155:d:\practise\f407_disc\lvgl\lvgl\src/core\lv_disp.h ****  * To improve backward compatibility
 156:d:\practise\f407_disc\lvgl\lvgl\src/core\lv_disp.h ****  * Recommended only if you have one display
 157:d:\practise\f407_disc\lvgl\lvgl\src/core\lv_disp.h ****  *------------------------------------------------*/
 158:d:\practise\f407_disc\lvgl\lvgl\src/core\lv_disp.h **** 
 159:d:\practise\f407_disc\lvgl\lvgl\src/core\lv_disp.h **** /**
 160:d:\practise\f407_disc\lvgl\lvgl\src/core\lv_disp.h ****  * Get the active screen of the default display
 161:d:\practise\f407_disc\lvgl\lvgl\src/core\lv_disp.h ****  * @return pointer to the active screen
 162:d:\practise\f407_disc\lvgl\lvgl\src/core\lv_disp.h ****  */
 163:d:\practise\f407_disc\lvgl\lvgl\src/core\lv_disp.h **** static inline lv_obj_t * lv_scr_act(void)
  70              		.loc 2 163 26 view .LVU9
  71              	.LBB7:
 164:d:\practise\f407_disc\lvgl\lvgl\src/core\lv_disp.h **** {
 165:d:\practise\f407_disc\lvgl\lvgl\src/core\lv_disp.h ****     return lv_disp_get_scr_act(lv_disp_get_default());
  72              		.loc 2 165 5 view .LVU10
  73              		.loc 2 165 12 is_stmt 0 view .LVU11
  74 0028 FFF7FEFF 		bl	lv_disp_get_default
  75              	.LVL5:
  76 002c FFF7FEFF 		bl	lv_disp_get_scr_act
  77              	.LVL6:
  78              	.LBE7:
  79              	.LBE6:
  80              		.loc 1 18 13 view .LVU12
  81 0030 FFF7FEFF 		bl	lv_line_create
  82              	.LVL7:
  83 0034 0546     		mov	r5, r0
  84              	.LVL8:
  19:lvgl/lvgl/examples/widgets/line/lv_example_line_1.c ****     lv_line_set_points(line1, line_points, 5);     /*Set the points*/
  85              		.loc 1 19 5 is_stmt 1 view .LVU13
  86 0036 0522     		movs	r2, #5
  87 0038 0849     		ldr	r1, .L3+4
  88 003a FFF7FEFF 		bl	lv_line_set_points
  89              	.LVL9:
  20:lvgl/lvgl/examples/widgets/line/lv_example_line_1.c ****     lv_obj_add_style(line1, &style_line, 0);
  90              		.loc 1 20 5 view .LVU14
  91 003e 0022     		movs	r2, #0
  92 0040 2146     		mov	r1, r4
  93 0042 2846     		mov	r0, r5
  94 0044 FFF7FEFF 		bl	lv_obj_add_style
  95              	.LVL10:
  21:lvgl/lvgl/examples/widgets/line/lv_example_line_1.c ****     lv_obj_center(line1);
  96              		.loc 1 21 5 view .LVU15
  97              	.LBB8:
  98              	.LBI8:
  99              		.file 3 "d:\\practise\\f407_disc\\lvgl\\lvgl\\src/core/lv_obj_pos.h"
   1:d:\practise\f407_disc\lvgl\lvgl\src/core\lv_obj_pos.h **** /**
ARM GAS  C:\Users\gx\AppData\Local\Temp\ccBNP2Vl.s 			page 6


   2:d:\practise\f407_disc\lvgl\lvgl\src/core\lv_obj_pos.h ****  * @file lv_obj_pos.h
   3:d:\practise\f407_disc\lvgl\lvgl\src/core\lv_obj_pos.h ****  *
   4:d:\practise\f407_disc\lvgl\lvgl\src/core\lv_obj_pos.h ****  */
   5:d:\practise\f407_disc\lvgl\lvgl\src/core\lv_obj_pos.h **** 
   6:d:\practise\f407_disc\lvgl\lvgl\src/core\lv_obj_pos.h **** #ifndef LV_OBJ_POS_H
   7:d:\practise\f407_disc\lvgl\lvgl\src/core\lv_obj_pos.h **** #define LV_OBJ_POS_H
   8:d:\practise\f407_disc\lvgl\lvgl\src/core\lv_obj_pos.h **** 
   9:d:\practise\f407_disc\lvgl\lvgl\src/core\lv_obj_pos.h **** #ifdef __cplusplus
  10:d:\practise\f407_disc\lvgl\lvgl\src/core\lv_obj_pos.h **** extern "C" {
  11:d:\practise\f407_disc\lvgl\lvgl\src/core\lv_obj_pos.h **** #endif
  12:d:\practise\f407_disc\lvgl\lvgl\src/core\lv_obj_pos.h **** 
  13:d:\practise\f407_disc\lvgl\lvgl\src/core\lv_obj_pos.h **** /*********************
  14:d:\practise\f407_disc\lvgl\lvgl\src/core\lv_obj_pos.h ****  *      INCLUDES
  15:d:\practise\f407_disc\lvgl\lvgl\src/core\lv_obj_pos.h ****  *********************/
  16:d:\practise\f407_disc\lvgl\lvgl\src/core\lv_obj_pos.h **** #include "../misc/lv_area.h"
  17:d:\practise\f407_disc\lvgl\lvgl\src/core\lv_obj_pos.h **** 
  18:d:\practise\f407_disc\lvgl\lvgl\src/core\lv_obj_pos.h **** /*********************
  19:d:\practise\f407_disc\lvgl\lvgl\src/core\lv_obj_pos.h ****  *      DEFINES
  20:d:\practise\f407_disc\lvgl\lvgl\src/core\lv_obj_pos.h ****  *********************/
  21:d:\practise\f407_disc\lvgl\lvgl\src/core\lv_obj_pos.h **** 
  22:d:\practise\f407_disc\lvgl\lvgl\src/core\lv_obj_pos.h **** /**********************
  23:d:\practise\f407_disc\lvgl\lvgl\src/core\lv_obj_pos.h ****  *      TYPEDEFS
  24:d:\practise\f407_disc\lvgl\lvgl\src/core\lv_obj_pos.h ****  **********************/
  25:d:\practise\f407_disc\lvgl\lvgl\src/core\lv_obj_pos.h **** struct _lv_obj_t;
  26:d:\practise\f407_disc\lvgl\lvgl\src/core\lv_obj_pos.h **** 
  27:d:\practise\f407_disc\lvgl\lvgl\src/core\lv_obj_pos.h **** typedef void (*lv_layout_update_cb_t)(struct _lv_obj_t *, void * user_data);
  28:d:\practise\f407_disc\lvgl\lvgl\src/core\lv_obj_pos.h **** typedef struct {
  29:d:\practise\f407_disc\lvgl\lvgl\src/core\lv_obj_pos.h ****     lv_layout_update_cb_t cb;
  30:d:\practise\f407_disc\lvgl\lvgl\src/core\lv_obj_pos.h ****     void * user_data;
  31:d:\practise\f407_disc\lvgl\lvgl\src/core\lv_obj_pos.h **** }lv_layout_dsc_t;
  32:d:\practise\f407_disc\lvgl\lvgl\src/core\lv_obj_pos.h **** 
  33:d:\practise\f407_disc\lvgl\lvgl\src/core\lv_obj_pos.h **** /**********************
  34:d:\practise\f407_disc\lvgl\lvgl\src/core\lv_obj_pos.h ****  * GLOBAL PROTOTYPES
  35:d:\practise\f407_disc\lvgl\lvgl\src/core\lv_obj_pos.h ****  **********************/
  36:d:\practise\f407_disc\lvgl\lvgl\src/core\lv_obj_pos.h **** 
  37:d:\practise\f407_disc\lvgl\lvgl\src/core\lv_obj_pos.h **** /**
  38:d:\practise\f407_disc\lvgl\lvgl\src/core\lv_obj_pos.h ****  * Set the relative the position of an object (relative to the parent's top left corner)
  39:d:\practise\f407_disc\lvgl\lvgl\src/core\lv_obj_pos.h ****  * @param obj       pointer to an object
  40:d:\practise\f407_disc\lvgl\lvgl\src/core\lv_obj_pos.h ****  * @param x         new distance from the left side of the parent plus the parent's left padding
  41:d:\practise\f407_disc\lvgl\lvgl\src/core\lv_obj_pos.h ****  * @param y         new distance from the top side of the parent  plus the parent's right padding
  42:d:\practise\f407_disc\lvgl\lvgl\src/core\lv_obj_pos.h ****  */
  43:d:\practise\f407_disc\lvgl\lvgl\src/core\lv_obj_pos.h **** void lv_obj_set_pos(struct _lv_obj_t * obj, lv_coord_t x, lv_coord_t y);
  44:d:\practise\f407_disc\lvgl\lvgl\src/core\lv_obj_pos.h **** 
  45:d:\practise\f407_disc\lvgl\lvgl\src/core\lv_obj_pos.h **** /**
  46:d:\practise\f407_disc\lvgl\lvgl\src/core\lv_obj_pos.h ****  * Set the x coordinate of a object
  47:d:\practise\f407_disc\lvgl\lvgl\src/core\lv_obj_pos.h ****  * @param obj       pointer to an object
  48:d:\practise\f407_disc\lvgl\lvgl\src/core\lv_obj_pos.h ****  * @param x         new distance from the left side from the parent plus the parent's left padding
  49:d:\practise\f407_disc\lvgl\lvgl\src/core\lv_obj_pos.h ****  */
  50:d:\practise\f407_disc\lvgl\lvgl\src/core\lv_obj_pos.h **** void lv_obj_set_x(struct _lv_obj_t * obj, lv_coord_t x);
  51:d:\practise\f407_disc\lvgl\lvgl\src/core\lv_obj_pos.h **** 
  52:d:\practise\f407_disc\lvgl\lvgl\src/core\lv_obj_pos.h **** /**
  53:d:\practise\f407_disc\lvgl\lvgl\src/core\lv_obj_pos.h ****  * Set the y coordinate of a object
  54:d:\practise\f407_disc\lvgl\lvgl\src/core\lv_obj_pos.h ****  * @param obj       pointer to an object
  55:d:\practise\f407_disc\lvgl\lvgl\src/core\lv_obj_pos.h ****  * @param y         new distance from the top of the parent  plus the parent's top padding
  56:d:\practise\f407_disc\lvgl\lvgl\src/core\lv_obj_pos.h ****  */
  57:d:\practise\f407_disc\lvgl\lvgl\src/core\lv_obj_pos.h **** void lv_obj_set_y(struct _lv_obj_t * obj, lv_coord_t y);
  58:d:\practise\f407_disc\lvgl\lvgl\src/core\lv_obj_pos.h **** 
ARM GAS  C:\Users\gx\AppData\Local\Temp\ccBNP2Vl.s 			page 7


  59:d:\practise\f407_disc\lvgl\lvgl\src/core\lv_obj_pos.h **** /**
  60:d:\practise\f407_disc\lvgl\lvgl\src/core\lv_obj_pos.h ****  * Set the size of an object.
  61:d:\practise\f407_disc\lvgl\lvgl\src/core\lv_obj_pos.h ****  * @param obj       pointer to an object
  62:d:\practise\f407_disc\lvgl\lvgl\src/core\lv_obj_pos.h ****  * @param w         the new width
  63:d:\practise\f407_disc\lvgl\lvgl\src/core\lv_obj_pos.h ****  * @param h         the new height
  64:d:\practise\f407_disc\lvgl\lvgl\src/core\lv_obj_pos.h ****  * @note            possible values are:
  65:d:\practise\f407_disc\lvgl\lvgl\src/core\lv_obj_pos.h ****  *                  pixel               simple set the size accordingly
  66:d:\practise\f407_disc\lvgl\lvgl\src/core\lv_obj_pos.h ****  *                  LV_SIZE_CONTENT     set the size to involve all children in the given direction
  67:d:\practise\f407_disc\lvgl\lvgl\src/core\lv_obj_pos.h ****  *                  LV_SIZE_PCT(x)     to set size in percentage of the parent's content area size 
  68:d:\practise\f407_disc\lvgl\lvgl\src/core\lv_obj_pos.h ****  *                                      x should be in [0..1000]% range
  69:d:\practise\f407_disc\lvgl\lvgl\src/core\lv_obj_pos.h ****  */
  70:d:\practise\f407_disc\lvgl\lvgl\src/core\lv_obj_pos.h **** void lv_obj_set_size(struct _lv_obj_t * obj, lv_coord_t w, lv_coord_t h);
  71:d:\practise\f407_disc\lvgl\lvgl\src/core\lv_obj_pos.h **** 
  72:d:\practise\f407_disc\lvgl\lvgl\src/core\lv_obj_pos.h **** /**
  73:d:\practise\f407_disc\lvgl\lvgl\src/core\lv_obj_pos.h ****  * Recalculate the size of the object
  74:d:\practise\f407_disc\lvgl\lvgl\src/core\lv_obj_pos.h ****  * @param obj       pointer to an object
  75:d:\practise\f407_disc\lvgl\lvgl\src/core\lv_obj_pos.h ****  * @return          true: the size has been changed
  76:d:\practise\f407_disc\lvgl\lvgl\src/core\lv_obj_pos.h ****  */
  77:d:\practise\f407_disc\lvgl\lvgl\src/core\lv_obj_pos.h **** bool lv_obj_refr_size(struct _lv_obj_t * obj);
  78:d:\practise\f407_disc\lvgl\lvgl\src/core\lv_obj_pos.h **** 
  79:d:\practise\f407_disc\lvgl\lvgl\src/core\lv_obj_pos.h **** /**
  80:d:\practise\f407_disc\lvgl\lvgl\src/core\lv_obj_pos.h ****  * Set the width of an object
  81:d:\practise\f407_disc\lvgl\lvgl\src/core\lv_obj_pos.h ****  * @param obj       pointer to an object
  82:d:\practise\f407_disc\lvgl\lvgl\src/core\lv_obj_pos.h ****  * @param w         the new width
  83:d:\practise\f407_disc\lvgl\lvgl\src/core\lv_obj_pos.h ****  * @note            possible values are:
  84:d:\practise\f407_disc\lvgl\lvgl\src/core\lv_obj_pos.h ****  *                  pixel               simple set the size accordingly
  85:d:\practise\f407_disc\lvgl\lvgl\src/core\lv_obj_pos.h ****  *                  LV_SIZE_CONTENT     set the size to involve all children in the given direction
  86:d:\practise\f407_disc\lvgl\lvgl\src/core\lv_obj_pos.h ****  *                  lv_pct(x)           to set size in percentage of the parent's content area size
  87:d:\practise\f407_disc\lvgl\lvgl\src/core\lv_obj_pos.h ****  *                                      x should be in [0..1000]% range
  88:d:\practise\f407_disc\lvgl\lvgl\src/core\lv_obj_pos.h ****  */
  89:d:\practise\f407_disc\lvgl\lvgl\src/core\lv_obj_pos.h **** void lv_obj_set_width(struct _lv_obj_t * obj, lv_coord_t w);
  90:d:\practise\f407_disc\lvgl\lvgl\src/core\lv_obj_pos.h **** 
  91:d:\practise\f407_disc\lvgl\lvgl\src/core\lv_obj_pos.h **** /**
  92:d:\practise\f407_disc\lvgl\lvgl\src/core\lv_obj_pos.h ****  * Set the height of an object
  93:d:\practise\f407_disc\lvgl\lvgl\src/core\lv_obj_pos.h ****  * @param obj       pointer to an object
  94:d:\practise\f407_disc\lvgl\lvgl\src/core\lv_obj_pos.h ****  * @param h         the new height
  95:d:\practise\f407_disc\lvgl\lvgl\src/core\lv_obj_pos.h ****  * @note            possible values are:
  96:d:\practise\f407_disc\lvgl\lvgl\src/core\lv_obj_pos.h ****  *                  pixel               simple set the size accordingly
  97:d:\practise\f407_disc\lvgl\lvgl\src/core\lv_obj_pos.h ****  *                  LV_SIZE_CONTENT     set the size to involve all children in the given direction
  98:d:\practise\f407_disc\lvgl\lvgl\src/core\lv_obj_pos.h ****  *                  lv_pct(x)           to set size in percentage of the parent's content area size
  99:d:\practise\f407_disc\lvgl\lvgl\src/core\lv_obj_pos.h ****  *                                      x should be in [0..1000]% range
 100:d:\practise\f407_disc\lvgl\lvgl\src/core\lv_obj_pos.h ****  */
 101:d:\practise\f407_disc\lvgl\lvgl\src/core\lv_obj_pos.h **** void lv_obj_set_height(struct _lv_obj_t * obj, lv_coord_t h);
 102:d:\practise\f407_disc\lvgl\lvgl\src/core\lv_obj_pos.h **** 
 103:d:\practise\f407_disc\lvgl\lvgl\src/core\lv_obj_pos.h **** /**
 104:d:\practise\f407_disc\lvgl\lvgl\src/core\lv_obj_pos.h ****  * Set the width reduced by the left and right padding and the border width.
 105:d:\practise\f407_disc\lvgl\lvgl\src/core\lv_obj_pos.h ****  * @param obj       pointer to an object
 106:d:\practise\f407_disc\lvgl\lvgl\src/core\lv_obj_pos.h ****  * @param w         the width without paddings in pixels
 107:d:\practise\f407_disc\lvgl\lvgl\src/core\lv_obj_pos.h ****  */
 108:d:\practise\f407_disc\lvgl\lvgl\src/core\lv_obj_pos.h **** void lv_obj_set_content_width(struct _lv_obj_t * obj, lv_coord_t w);
 109:d:\practise\f407_disc\lvgl\lvgl\src/core\lv_obj_pos.h **** 
 110:d:\practise\f407_disc\lvgl\lvgl\src/core\lv_obj_pos.h **** /**
 111:d:\practise\f407_disc\lvgl\lvgl\src/core\lv_obj_pos.h ****  * Set the height reduced by the top and bottom padding and the border width.
 112:d:\practise\f407_disc\lvgl\lvgl\src/core\lv_obj_pos.h ****  * @param obj       pointer to an object
 113:d:\practise\f407_disc\lvgl\lvgl\src/core\lv_obj_pos.h ****  * @param h         the height without paddings in pixels
 114:d:\practise\f407_disc\lvgl\lvgl\src/core\lv_obj_pos.h ****  */
 115:d:\practise\f407_disc\lvgl\lvgl\src/core\lv_obj_pos.h **** void lv_obj_set_content_height(struct _lv_obj_t * obj, lv_coord_t h);
ARM GAS  C:\Users\gx\AppData\Local\Temp\ccBNP2Vl.s 			page 8


 116:d:\practise\f407_disc\lvgl\lvgl\src/core\lv_obj_pos.h **** 
 117:d:\practise\f407_disc\lvgl\lvgl\src/core\lv_obj_pos.h **** /**
 118:d:\practise\f407_disc\lvgl\lvgl\src/core\lv_obj_pos.h ****  * Set a layout for an object
 119:d:\practise\f407_disc\lvgl\lvgl\src/core\lv_obj_pos.h ****  * @param obj       pointer to an object
 120:d:\practise\f407_disc\lvgl\lvgl\src/core\lv_obj_pos.h ****  * @param layout    pointer to a layout descriptor to set
 121:d:\practise\f407_disc\lvgl\lvgl\src/core\lv_obj_pos.h ****  */
 122:d:\practise\f407_disc\lvgl\lvgl\src/core\lv_obj_pos.h **** void lv_obj_set_layout(struct _lv_obj_t * obj, uint32_t layout);
 123:d:\practise\f407_disc\lvgl\lvgl\src/core\lv_obj_pos.h **** 
 124:d:\practise\f407_disc\lvgl\lvgl\src/core\lv_obj_pos.h **** /**
 125:d:\practise\f407_disc\lvgl\lvgl\src/core\lv_obj_pos.h ****  * Test whether the and object is positioned by a layout or not
 126:d:\practise\f407_disc\lvgl\lvgl\src/core\lv_obj_pos.h ****  * @param obj       pointer to an object to test
 127:d:\practise\f407_disc\lvgl\lvgl\src/core\lv_obj_pos.h ****  * @return true:    positioned by a layout; false: not positioned by a layout
 128:d:\practise\f407_disc\lvgl\lvgl\src/core\lv_obj_pos.h ****  */
 129:d:\practise\f407_disc\lvgl\lvgl\src/core\lv_obj_pos.h **** bool lv_obj_is_layout_positioned(const struct _lv_obj_t * obj);
 130:d:\practise\f407_disc\lvgl\lvgl\src/core\lv_obj_pos.h **** 
 131:d:\practise\f407_disc\lvgl\lvgl\src/core\lv_obj_pos.h **** /**
 132:d:\practise\f407_disc\lvgl\lvgl\src/core\lv_obj_pos.h ****  * Mark the object for layout update.
 133:d:\practise\f407_disc\lvgl\lvgl\src/core\lv_obj_pos.h ****  * @param obj      pointer to an object whose children needs to be updated
 134:d:\practise\f407_disc\lvgl\lvgl\src/core\lv_obj_pos.h ****  */
 135:d:\practise\f407_disc\lvgl\lvgl\src/core\lv_obj_pos.h **** void lv_obj_mark_layout_as_dirty(struct _lv_obj_t * obj);
 136:d:\practise\f407_disc\lvgl\lvgl\src/core\lv_obj_pos.h **** 
 137:d:\practise\f407_disc\lvgl\lvgl\src/core\lv_obj_pos.h **** /**
 138:d:\practise\f407_disc\lvgl\lvgl\src/core\lv_obj_pos.h ****  * Update the layout of an object.
 139:d:\practise\f407_disc\lvgl\lvgl\src/core\lv_obj_pos.h ****  * @param obj      pointer to an object whose children needs to be updated
 140:d:\practise\f407_disc\lvgl\lvgl\src/core\lv_obj_pos.h ****  */
 141:d:\practise\f407_disc\lvgl\lvgl\src/core\lv_obj_pos.h **** void lv_obj_update_layout(const struct _lv_obj_t * obj);
 142:d:\practise\f407_disc\lvgl\lvgl\src/core\lv_obj_pos.h **** 
 143:d:\practise\f407_disc\lvgl\lvgl\src/core\lv_obj_pos.h **** /**
 144:d:\practise\f407_disc\lvgl\lvgl\src/core\lv_obj_pos.h ****  * Regsiter a new layout
 145:d:\practise\f407_disc\lvgl\lvgl\src/core\lv_obj_pos.h ****  * @param cb        the layout update callback
 146:d:\practise\f407_disc\lvgl\lvgl\src/core\lv_obj_pos.h ****  * @param user_data custom data that will be passed to `cb`
 147:d:\practise\f407_disc\lvgl\lvgl\src/core\lv_obj_pos.h ****  * @return          the ID of the new layout
 148:d:\practise\f407_disc\lvgl\lvgl\src/core\lv_obj_pos.h ****  */
 149:d:\practise\f407_disc\lvgl\lvgl\src/core\lv_obj_pos.h **** uint32_t lv_layout_register(lv_layout_update_cb_t cb, void * user_data);
 150:d:\practise\f407_disc\lvgl\lvgl\src/core\lv_obj_pos.h **** 
 151:d:\practise\f407_disc\lvgl\lvgl\src/core\lv_obj_pos.h **** /**
 152:d:\practise\f407_disc\lvgl\lvgl\src/core\lv_obj_pos.h ****  * Change the alignment of an object.
 153:d:\practise\f407_disc\lvgl\lvgl\src/core\lv_obj_pos.h ****  * @param obj       pointer to an object to align
 154:d:\practise\f407_disc\lvgl\lvgl\src/core\lv_obj_pos.h ****  * @param align     type of alignment (see 'lv_align_t' enum) `LV_ALIGN_OUT_...` can't be used.
 155:d:\practise\f407_disc\lvgl\lvgl\src/core\lv_obj_pos.h ****  */
 156:d:\practise\f407_disc\lvgl\lvgl\src/core\lv_obj_pos.h **** void lv_obj_set_align(struct _lv_obj_t * obj, lv_align_t align);
 157:d:\practise\f407_disc\lvgl\lvgl\src/core\lv_obj_pos.h **** 
 158:d:\practise\f407_disc\lvgl\lvgl\src/core\lv_obj_pos.h **** /**
 159:d:\practise\f407_disc\lvgl\lvgl\src/core\lv_obj_pos.h ****  * Change the alignment of an object and set new coordinates.
 160:d:\practise\f407_disc\lvgl\lvgl\src/core\lv_obj_pos.h ****  * Equivalent to:
 161:d:\practise\f407_disc\lvgl\lvgl\src/core\lv_obj_pos.h ****  * lv_obj_set_align(obj, align);
 162:d:\practise\f407_disc\lvgl\lvgl\src/core\lv_obj_pos.h ****  * lv_obj_set_pos(obj, x_ofs, y_ofs);
 163:d:\practise\f407_disc\lvgl\lvgl\src/core\lv_obj_pos.h ****  * @param obj       pointer to an object to align
 164:d:\practise\f407_disc\lvgl\lvgl\src/core\lv_obj_pos.h ****  * @param align     type of alignment (see 'lv_align_t' enum) `LV_ALIGN_OUT_...` can't be used.
 165:d:\practise\f407_disc\lvgl\lvgl\src/core\lv_obj_pos.h ****  * @param x_ofs     x coordinate offset after alignment
 166:d:\practise\f407_disc\lvgl\lvgl\src/core\lv_obj_pos.h ****  * @param y_ofs     y coordinate offset after alignment
 167:d:\practise\f407_disc\lvgl\lvgl\src/core\lv_obj_pos.h ****  */
 168:d:\practise\f407_disc\lvgl\lvgl\src/core\lv_obj_pos.h **** void lv_obj_align(struct _lv_obj_t * obj, lv_align_t align, lv_coord_t x_ofs, lv_coord_t y_ofs);
 169:d:\practise\f407_disc\lvgl\lvgl\src/core\lv_obj_pos.h **** 
 170:d:\practise\f407_disc\lvgl\lvgl\src/core\lv_obj_pos.h **** /**
 171:d:\practise\f407_disc\lvgl\lvgl\src/core\lv_obj_pos.h ****  * Align an object to an other object.
 172:d:\practise\f407_disc\lvgl\lvgl\src/core\lv_obj_pos.h ****  * @param obj       pointer to an object to align
ARM GAS  C:\Users\gx\AppData\Local\Temp\ccBNP2Vl.s 			page 9


 173:d:\practise\f407_disc\lvgl\lvgl\src/core\lv_obj_pos.h ****  * @param base      pointer to an other object (if NULL `obj`s parent is used). 'obj' will be align
 174:d:\practise\f407_disc\lvgl\lvgl\src/core\lv_obj_pos.h ****  * @param align     type of alignment (see 'lv_align_t' enum)
 175:d:\practise\f407_disc\lvgl\lvgl\src/core\lv_obj_pos.h ****  * @param x_ofs     x coordinate offset after alignment
 176:d:\practise\f407_disc\lvgl\lvgl\src/core\lv_obj_pos.h ****  * @param y_ofs     y coordinate offset after alignment
 177:d:\practise\f407_disc\lvgl\lvgl\src/core\lv_obj_pos.h ****  * @note            if the position or size of `base` changes `obj` needs to be aligned manually ag
 178:d:\practise\f407_disc\lvgl\lvgl\src/core\lv_obj_pos.h ****  */
 179:d:\practise\f407_disc\lvgl\lvgl\src/core\lv_obj_pos.h **** void lv_obj_align_to(struct _lv_obj_t * obj, const struct _lv_obj_t * base, lv_align_t align, lv_co
 180:d:\practise\f407_disc\lvgl\lvgl\src/core\lv_obj_pos.h **** 
 181:d:\practise\f407_disc\lvgl\lvgl\src/core\lv_obj_pos.h **** /**
 182:d:\practise\f407_disc\lvgl\lvgl\src/core\lv_obj_pos.h ****  * Align an object to the center on its parent.
 183:d:\practise\f407_disc\lvgl\lvgl\src/core\lv_obj_pos.h ****  * @param obj       pointer to an object to align
 184:d:\practise\f407_disc\lvgl\lvgl\src/core\lv_obj_pos.h ****  * @note            if the parent size changes `obj` needs to be aligned manually again
 185:d:\practise\f407_disc\lvgl\lvgl\src/core\lv_obj_pos.h ****  */
 186:d:\practise\f407_disc\lvgl\lvgl\src/core\lv_obj_pos.h **** static inline void lv_obj_center(struct _lv_obj_t * obj)
 100              		.loc 3 186 20 view .LVU16
 101              	.LBB9:
 187:d:\practise\f407_disc\lvgl\lvgl\src/core\lv_obj_pos.h **** {
 188:d:\practise\f407_disc\lvgl\lvgl\src/core\lv_obj_pos.h ****     lv_obj_align(obj, LV_ALIGN_CENTER, 0, 0);
 102              		.loc 3 188 5 view .LVU17
 103 0048 0023     		movs	r3, #0
 104 004a 1A46     		mov	r2, r3
 105 004c 0921     		movs	r1, #9
 106 004e 2846     		mov	r0, r5
 107 0050 FFF7FEFF 		bl	lv_obj_align
 108              	.LVL11:
 109              		.loc 3 188 5 is_stmt 0 view .LVU18
 110              	.LBE9:
 111              	.LBE8:
  22:lvgl/lvgl/examples/widgets/line/lv_example_line_1.c **** }
 112              		.loc 1 22 1 view .LVU19
 113 0054 38BD     		pop	{r3, r4, r5, pc}
 114              	.LVL12:
 115              	.L4:
 116              		.loc 1 22 1 view .LVU20
 117 0056 00BF     		.align	2
 118              	.L3:
 119 0058 00000000 		.word	.LANCHOR0
 120 005c 00000000 		.word	.LANCHOR1
 121              		.cfi_endproc
 122              	.LFE189:
 124              		.section	.bss.style_line.12314,"aw",%nobits
 125              		.align	2
 126              		.set	.LANCHOR0,. + 0
 129              	style_line.12314:
 130 0000 00000000 		.space	8
 130      00000000 
 131              		.section	.data.line_points.12313,"aw"
 132              		.align	2
 133              		.set	.LANCHOR1,. + 0
 136              	line_points.12313:
 137 0000 0500     		.short	5
 138 0002 0500     		.short	5
 139 0004 4600     		.short	70
 140 0006 4600     		.short	70
 141 0008 7800     		.short	120
 142 000a 0A00     		.short	10
 143 000c B400     		.short	180
ARM GAS  C:\Users\gx\AppData\Local\Temp\ccBNP2Vl.s 			page 10


 144 000e 3C00     		.short	60
 145 0010 F000     		.short	240
 146 0012 0A00     		.short	10
 147              		.text
 148              	.Letext0:
 149              		.file 4 "c:\\program files (x86)\\gnu arm embedded toolchain\\9 2020-q2-update\\arm-none-eabi\\inc
 150              		.file 5 "c:\\program files (x86)\\gnu arm embedded toolchain\\9 2020-q2-update\\arm-none-eabi\\inc
 151              		.file 6 "d:\\practise\\f407_disc\\lvgl\\lvgl\\src/misc/lv_ll.h"
 152              		.file 7 "c:\\program files (x86)\\gnu arm embedded toolchain\\9 2020-q2-update\\lib\\gcc\\arm-none
 153              		.file 8 "c:\\program files (x86)\\gnu arm embedded toolchain\\9 2020-q2-update\\arm-none-eabi\\inc
 154              		.file 9 "c:\\program files (x86)\\gnu arm embedded toolchain\\9 2020-q2-update\\arm-none-eabi\\inc
 155              		.file 10 "c:\\program files (x86)\\gnu arm embedded toolchain\\9 2020-q2-update\\arm-none-eabi\\in
 156              		.file 11 "d:\\practise\\f407_disc\\lvgl\\lvgl\\src\\misc\\lv_color.h"
 157              		.file 12 "d:\\practise\\f407_disc\\lvgl\\lvgl\\src\\misc\\lv_area.h"
 158              		.file 13 "d:\\practise\\f407_disc\\lvgl\\lvgl\\src/core/lv_obj.h"
 159              		.file 14 "d:\\practise\\f407_disc\\lvgl\\lvgl\\src/core/lv_group.h"
 160              		.file 15 "d:\\practise\\f407_disc\\lvgl\\lvgl\\src\\font\\lv_font.h"
 161              		.file 16 "d:\\practise\\f407_disc\\lvgl\\lvgl\\src\\misc\\lv_txt.h"
 162              		.file 17 "d:\\practise\\f407_disc\\lvgl\\lvgl\\src\\misc\\lv_style.h"
 163              		.file 18 "d:\\practise\\f407_disc\\lvgl\\lvgl\\src/core/lv_obj_scroll.h"
 164              		.file 19 "d:\\practise\\f407_disc\\lvgl\\lvgl\\src/core/lv_obj_style.h"
 165              		.file 20 "d:\\practise\\f407_disc\\lvgl\\lvgl\\src\\draw\\lv_draw_label.h"
 166              		.file 21 "d:\\practise\\f407_disc\\lvgl\\lvgl\\src/core/lv_obj_class.h"
 167              		.file 22 "d:\\practise\\f407_disc\\lvgl\\lvgl\\src/core/lv_event.h"
 168              		.file 23 "d:\\practise\\f407_disc\\lvgl\\lvgl\\src/widgets/lv_arc.h"
 169              		.file 24 "d:\\practise\\f407_disc\\lvgl\\lvgl\\src/widgets/lv_btn.h"
 170              		.file 25 "d:\\practise\\f407_disc\\lvgl\\lvgl\\src/widgets/lv_img.h"
 171              		.file 26 "d:\\practise\\f407_disc\\lvgl\\lvgl\\src/widgets/lv_label.h"
 172              		.file 27 "d:\\practise\\f407_disc\\lvgl\\lvgl\\src/widgets/lv_line.h"
 173              		.file 28 "d:\\practise\\f407_disc\\lvgl\\lvgl\\src/widgets/lv_table.h"
 174              		.file 29 "d:\\practise\\f407_disc\\lvgl\\lvgl\\src/widgets/lv_checkbox.h"
 175              		.file 30 "d:\\practise\\f407_disc\\lvgl\\lvgl\\src/widgets/lv_bar.h"
 176              		.file 31 "d:\\practise\\f407_disc\\lvgl\\lvgl\\src/widgets/lv_slider.h"
 177              		.file 32 "d:\\practise\\f407_disc\\lvgl\\lvgl\\src/widgets/lv_btnmatrix.h"
 178              		.file 33 "d:\\practise\\f407_disc\\lvgl\\lvgl\\src/widgets/lv_dropdown.h"
 179              		.file 34 "d:\\practise\\f407_disc\\lvgl\\lvgl\\src/widgets/lv_roller.h"
 180              		.file 35 "d:\\practise\\f407_disc\\lvgl\\lvgl\\src/widgets/lv_textarea.h"
 181              		.file 36 "d:\\practise\\f407_disc\\lvgl\\lvgl\\src/widgets/lv_canvas.h"
 182              		.file 37 "d:\\practise\\f407_disc\\lvgl\\lvgl\\src/widgets/lv_switch.h"
 183              		.file 38 "d:\\practise\\f407_disc\\lvgl\\lvgl\\src/extra/widgets/animimg/lv_animimg.h"
 184              		.file 39 "d:\\practise\\f407_disc\\lvgl\\lvgl\\src/extra/widgets/calendar/lv_calendar.h"
 185              		.file 40 "d:\\practise\\f407_disc\\lvgl\\lvgl\\src/extra/widgets/calendar/lv_calendar_header_arrow
 186              		.file 41 "d:\\practise\\f407_disc\\lvgl\\lvgl\\src/extra/widgets/calendar/lv_calendar_header_dropd
 187              		.file 42 "d:\\practise\\f407_disc\\lvgl\\lvgl\\src/extra/widgets/chart/lv_chart.h"
 188              		.file 43 "d:\\practise\\f407_disc\\lvgl\\lvgl\\src/extra/widgets/keyboard/lv_keyboard.h"
 189              		.file 44 "d:\\practise\\f407_disc\\lvgl\\lvgl\\src\\extra\\layouts\\flex\\lv_flex.h"
 190              		.file 45 "d:\\practise\\f407_disc\\lvgl\\lvgl\\src/extra/widgets/list/lv_list.h"
 191              		.file 46 "d:\\practise\\f407_disc\\lvgl\\lvgl\\src/extra/widgets/msgbox/lv_msgbox.h"
 192              		.file 47 "d:\\practise\\f407_disc\\lvgl\\lvgl\\src/extra/widgets/meter/lv_meter.h"
 193              		.file 48 "d:\\practise\\f407_disc\\lvgl\\lvgl\\src/extra/widgets/spinbox/lv_spinbox.h"
 194              		.file 49 "d:\\practise\\f407_disc\\lvgl\\lvgl\\src/extra/widgets/spinner/lv_spinner.h"
 195              		.file 50 "d:\\practise\\f407_disc\\lvgl\\lvgl\\src/extra/widgets/tabview/lv_tabview.h"
 196              		.file 51 "d:\\practise\\f407_disc\\lvgl\\lvgl\\src/extra/widgets/tileview/lv_tileview.h"
 197              		.file 52 "d:\\practise\\f407_disc\\lvgl\\lvgl\\src/extra/widgets/win/lv_win.h"
 198              		.file 53 "d:\\practise\\f407_disc\\lvgl\\lvgl\\src/extra/widgets/colorwheel/lv_colorwheel.h"
 199              		.file 54 "d:\\practise\\f407_disc\\lvgl\\lvgl\\src/extra/widgets/led/lv_led.h"
 200              		.file 55 "d:\\practise\\f407_disc\\lvgl\\lvgl\\src/extra/widgets/imgbtn/lv_imgbtn.h"
ARM GAS  C:\Users\gx\AppData\Local\Temp\ccBNP2Vl.s 			page 11


 201              		.file 56 "d:\\practise\\f407_disc\\lvgl\\lvgl\\src/extra/widgets/span/lv_span.h"
 202              		.file 57 "d:\\practise\\f407_disc\\lvgl\\lvgl\\src/extra/layouts/grid/lv_grid.h"
 203              		.file 58 "d:\\practise\\f407_disc\\lvgl\\lvgl\\src/hal/lv_hal_disp.h"
 204              		.file 59 "d:\\practise\\f407_disc\\lvgl\\lvgl\\src\\misc\\lv_style_gen.h"
ARM GAS  C:\Users\gx\AppData\Local\Temp\ccBNP2Vl.s 			page 12


DEFINED SYMBOLS
                            *ABS*:00000000 lv_example_line_1.c
C:\Users\gx\AppData\Local\Temp\ccBNP2Vl.s:18     .text.lv_example_line_1:00000000 $t
C:\Users\gx\AppData\Local\Temp\ccBNP2Vl.s:26     .text.lv_example_line_1:00000000 lv_example_line_1
C:\Users\gx\AppData\Local\Temp\ccBNP2Vl.s:119    .text.lv_example_line_1:00000058 $d
C:\Users\gx\AppData\Local\Temp\ccBNP2Vl.s:125    .bss.style_line.12314:00000000 $d
C:\Users\gx\AppData\Local\Temp\ccBNP2Vl.s:129    .bss.style_line.12314:00000000 style_line.12314
C:\Users\gx\AppData\Local\Temp\ccBNP2Vl.s:132    .data.line_points.12313:00000000 $d
C:\Users\gx\AppData\Local\Temp\ccBNP2Vl.s:136    .data.line_points.12313:00000000 line_points.12313

UNDEFINED SYMBOLS
lv_style_init
lv_style_set_line_width
lv_palette_main
lv_style_set_line_color
lv_style_set_line_rounded
lv_disp_get_default
lv_disp_get_scr_act
lv_line_create
lv_line_set_points
lv_obj_add_style
lv_obj_align
