ARM GAS  C:\Users\gx\AppData\Local\Temp\ccdSSTLR.s 			page 1


   1              		.cpu cortex-m4
   2              		.eabi_attribute 27, 1
   3              		.eabi_attribute 28, 1
   4              		.eabi_attribute 20, 1
   5              		.eabi_attribute 21, 1
   6              		.eabi_attribute 23, 3
   7              		.eabi_attribute 24, 1
   8              		.eabi_attribute 25, 1
   9              		.eabi_attribute 26, 1
  10              		.eabi_attribute 30, 1
  11              		.eabi_attribute 34, 1
  12              		.eabi_attribute 18, 4
  13              		.file	"lv_example_chart_3.c"
  14              		.section	.rodata.str1.4,"aMS",%progbits,1
  15              		.align	2
  16              	.LC0:
  17 0000 4A616E00 		.ascii	"Jan\000"
  18              		.align	2
  19              	.LC1:
  20 0004 46656272 		.ascii	"Febr\000"
  20      00
  21 0009 000000   		.align	2
  22              	.LC2:
  23 000c 4D617263 		.ascii	"March\000"
  23      6800
  24 0012 0000     		.align	2
  25              	.LC3:
  26 0014 41707200 		.ascii	"Apr\000"
  27              		.align	2
  28              	.LC4:
  29 0018 4D617900 		.ascii	"May\000"
  30              		.align	2
  31              	.LC5:
  32 001c 4A756E00 		.ascii	"Jun\000"
  33              		.align	2
  34              	.LC6:
  35 0020 4A756C79 		.ascii	"July\000"
  35      00
  36 0025 000000   		.align	2
  37              	.LC7:
  38 0028 41756700 		.ascii	"Aug\000"
  39              		.align	2
  40              	.LC8:
  41 002c 53657074 		.ascii	"Sept\000"
  41      00
  42 0031 000000   		.align	2
  43              	.LC9:
  44 0034 4F637400 		.ascii	"Oct\000"
  45              		.align	2
  46              	.LC10:
  47 0038 4E6F7600 		.ascii	"Nov\000"
  48              		.align	2
  49              	.LC11:
  50 003c 44656300 		.ascii	"Dec\000"
  51              		.text
  52              	.Ltext0:
  53              		.cfi_sections	.debug_frame
ARM GAS  C:\Users\gx\AppData\Local\Temp\ccdSSTLR.s 			page 2


  54              		.section	.text.draw_event_cb,"ax",%progbits
  55              		.align	1
  56              		.arch armv7e-m
  57              		.syntax unified
  58              		.thumb
  59              		.thumb_func
  60              		.fpu fpv4-sp-d16
  62              	draw_event_cb:
  63              	.LVL0:
  64              	.LFB189:
  65              		.file 1 "lvgl/lvgl/examples/widgets/chart/lv_example_chart_3.c"
   1:lvgl/lvgl/examples/widgets/chart/lv_example_chart_3.c **** #include "../../lv_examples.h"
   2:lvgl/lvgl/examples/widgets/chart/lv_example_chart_3.c **** #if LV_USE_CHART && LV_BUILD_EXAMPLES
   3:lvgl/lvgl/examples/widgets/chart/lv_example_chart_3.c **** 
   4:lvgl/lvgl/examples/widgets/chart/lv_example_chart_3.c **** static void draw_event_cb(lv_event_t * e)
   5:lvgl/lvgl/examples/widgets/chart/lv_example_chart_3.c **** {
  66              		.loc 1 5 1 view -0
  67              		.cfi_startproc
  68              		@ args = 0, pretend = 0, frame = 48
  69              		@ frame_needed = 0, uses_anonymous_args = 0
  70              		.loc 1 5 1 is_stmt 0 view .LVU1
  71 0000 70B5     		push	{r4, r5, r6, lr}
  72              	.LCFI0:
  73              		.cfi_def_cfa_offset 16
  74              		.cfi_offset 4, -16
  75              		.cfi_offset 5, -12
  76              		.cfi_offset 6, -8
  77              		.cfi_offset 14, -4
  78 0002 8CB0     		sub	sp, sp, #48
  79              	.LCFI1:
  80              		.cfi_def_cfa_offset 64
   6:lvgl/lvgl/examples/widgets/chart/lv_example_chart_3.c ****     lv_obj_draw_part_dsc_t * dsc = lv_event_get_draw_part_dsc(e);
  81              		.loc 1 6 5 is_stmt 1 view .LVU2
  82              		.loc 1 6 36 is_stmt 0 view .LVU3
  83 0004 FFF7FEFF 		bl	lv_event_get_draw_part_dsc
  84              	.LVL1:
  85              		.loc 1 6 36 view .LVU4
  86 0008 0446     		mov	r4, r0
  87              	.LVL2:
   7:lvgl/lvgl/examples/widgets/chart/lv_example_chart_3.c ****     if(!lv_obj_draw_part_check_type(dsc, &lv_chart_class, LV_CHART_DRAW_PART_TICK_LABEL)) return;
  88              		.loc 1 7 5 is_stmt 1 view .LVU5
  89              		.loc 1 7 9 is_stmt 0 view .LVU6
  90 000a 0622     		movs	r2, #6
  91 000c 0E49     		ldr	r1, .L5
  92 000e FFF7FEFF 		bl	lv_obj_draw_part_check_type
  93              	.LVL3:
  94              		.loc 1 7 7 view .LVU7
  95 0012 10B1     		cbz	r0, .L1
   8:lvgl/lvgl/examples/widgets/chart/lv_example_chart_3.c **** 
   9:lvgl/lvgl/examples/widgets/chart/lv_example_chart_3.c ****     if(dsc->id == LV_CHART_AXIS_PRIMARY_X && dsc->text) {
  96              		.loc 1 9 5 is_stmt 1 view .LVU8
  97              		.loc 1 9 11 is_stmt 0 view .LVU9
  98 0014 636B     		ldr	r3, [r4, #52]
  99              		.loc 1 9 7 view .LVU10
 100 0016 022B     		cmp	r3, #2
 101 0018 01D0     		beq	.L4
 102              	.L1:
ARM GAS  C:\Users\gx\AppData\Local\Temp\ccdSSTLR.s 			page 3


  10:lvgl/lvgl/examples/widgets/chart/lv_example_chart_3.c ****         const char * month[] = {"Jan", "Febr", "March", "Apr", "May", "Jun", "July", "Aug", "Sept",
  11:lvgl/lvgl/examples/widgets/chart/lv_example_chart_3.c ****         dsc->text = month[dsc->value];
  12:lvgl/lvgl/examples/widgets/chart/lv_example_chart_3.c ****     }
  13:lvgl/lvgl/examples/widgets/chart/lv_example_chart_3.c **** }
 103              		.loc 1 13 1 view .LVU11
 104 001a 0CB0     		add	sp, sp, #48
 105              	.LCFI2:
 106              		.cfi_remember_state
 107              		.cfi_def_cfa_offset 16
 108              		@ sp needed
 109 001c 70BD     		pop	{r4, r5, r6, pc}
 110              	.LVL4:
 111              	.L4:
 112              	.LCFI3:
 113              		.cfi_restore_state
   9:lvgl/lvgl/examples/widgets/chart/lv_example_chart_3.c ****         const char * month[] = {"Jan", "Febr", "March", "Apr", "May", "Jun", "July", "Aug", "Sept",
 114              		.loc 1 9 49 discriminator 1 view .LVU12
 115 001e E36A     		ldr	r3, [r4, #44]
   9:lvgl/lvgl/examples/widgets/chart/lv_example_chart_3.c ****         const char * month[] = {"Jan", "Febr", "March", "Apr", "May", "Jun", "July", "Aug", "Sept",
 116              		.loc 1 9 43 discriminator 1 view .LVU13
 117 0020 002B     		cmp	r3, #0
 118 0022 FAD0     		beq	.L1
 119              	.LBB6:
  10:lvgl/lvgl/examples/widgets/chart/lv_example_chart_3.c ****         const char * month[] = {"Jan", "Febr", "March", "Apr", "May", "Jun", "July", "Aug", "Sept",
 120              		.loc 1 10 9 is_stmt 1 view .LVU14
  10:lvgl/lvgl/examples/widgets/chart/lv_example_chart_3.c ****         const char * month[] = {"Jan", "Febr", "March", "Apr", "May", "Jun", "July", "Aug", "Sept",
 121              		.loc 1 10 22 is_stmt 0 view .LVU15
 122 0024 6D46     		mov	r5, sp
 123 0026 094E     		ldr	r6, .L5+4
 124 0028 0FCE     		ldmia	r6!, {r0, r1, r2, r3}
 125 002a 0FC5     		stmia	r5!, {r0, r1, r2, r3}
 126 002c 0FCE     		ldmia	r6!, {r0, r1, r2, r3}
 127 002e 0FC5     		stmia	r5!, {r0, r1, r2, r3}
 128 0030 96E80F00 		ldm	r6, {r0, r1, r2, r3}
 129 0034 85E80F00 		stm	r5, {r0, r1, r2, r3}
  11:lvgl/lvgl/examples/widgets/chart/lv_example_chart_3.c ****     }
 130              		.loc 1 11 9 is_stmt 1 view .LVU16
  11:lvgl/lvgl/examples/widgets/chart/lv_example_chart_3.c ****     }
 131              		.loc 1 11 30 is_stmt 0 view .LVU17
 132 0038 E36B     		ldr	r3, [r4, #60]
  11:lvgl/lvgl/examples/widgets/chart/lv_example_chart_3.c ****     }
 133              		.loc 1 11 26 view .LVU18
 134 003a 0CAA     		add	r2, sp, #48
 135 003c 02EB8303 		add	r3, r2, r3, lsl #2
 136 0040 53F8303C 		ldr	r3, [r3, #-48]
  11:lvgl/lvgl/examples/widgets/chart/lv_example_chart_3.c ****     }
 137              		.loc 1 11 19 view .LVU19
 138 0044 E362     		str	r3, [r4, #44]
 139 0046 E8E7     		b	.L1
 140              	.L6:
 141              		.align	2
 142              	.L5:
 143 0048 00000000 		.word	lv_chart_class
 144 004c 00000000 		.word	.LANCHOR0
 145              	.LBE6:
 146              		.cfi_endproc
 147              	.LFE189:
ARM GAS  C:\Users\gx\AppData\Local\Temp\ccdSSTLR.s 			page 4


 149              		.section	.text.lv_example_chart_3,"ax",%progbits
 150              		.align	1
 151              		.global	lv_example_chart_3
 152              		.syntax unified
 153              		.thumb
 154              		.thumb_func
 155              		.fpu fpv4-sp-d16
 157              	lv_example_chart_3:
 158              	.LFB190:
  14:lvgl/lvgl/examples/widgets/chart/lv_example_chart_3.c **** 
  15:lvgl/lvgl/examples/widgets/chart/lv_example_chart_3.c **** /**
  16:lvgl/lvgl/examples/widgets/chart/lv_example_chart_3.c ****  * Add ticks and labels to the axis and demonstrate scrolling
  17:lvgl/lvgl/examples/widgets/chart/lv_example_chart_3.c ****  */
  18:lvgl/lvgl/examples/widgets/chart/lv_example_chart_3.c **** void lv_example_chart_3(void)
  19:lvgl/lvgl/examples/widgets/chart/lv_example_chart_3.c **** {
 159              		.loc 1 19 1 is_stmt 1 view -0
 160              		.cfi_startproc
 161              		@ args = 0, pretend = 0, frame = 0
 162              		@ frame_needed = 0, uses_anonymous_args = 0
 163 0000 2DE9F041 		push	{r4, r5, r6, r7, r8, lr}
 164              	.LCFI4:
 165              		.cfi_def_cfa_offset 24
 166              		.cfi_offset 4, -24
 167              		.cfi_offset 5, -20
 168              		.cfi_offset 6, -16
 169              		.cfi_offset 7, -12
 170              		.cfi_offset 8, -8
 171              		.cfi_offset 14, -4
 172 0004 84B0     		sub	sp, sp, #16
 173              	.LCFI5:
 174              		.cfi_def_cfa_offset 40
  20:lvgl/lvgl/examples/widgets/chart/lv_example_chart_3.c ****     /*Create a chart*/
  21:lvgl/lvgl/examples/widgets/chart/lv_example_chart_3.c ****     lv_obj_t * chart;
 175              		.loc 1 21 5 view .LVU21
  22:lvgl/lvgl/examples/widgets/chart/lv_example_chart_3.c ****     chart = lv_chart_create(lv_scr_act());
 176              		.loc 1 22 5 view .LVU22
 177              	.LBB7:
 178              	.LBI7:
 179              		.file 2 "d:\\practise\\f407_disc\\lvgl\\lvgl\\src/core/lv_disp.h"
   1:d:\practise\f407_disc\lvgl\lvgl\src/core\lv_disp.h **** /**
   2:d:\practise\f407_disc\lvgl\lvgl\src/core\lv_disp.h ****  * @file lv_disp.h
   3:d:\practise\f407_disc\lvgl\lvgl\src/core\lv_disp.h ****  *
   4:d:\practise\f407_disc\lvgl\lvgl\src/core\lv_disp.h ****  */
   5:d:\practise\f407_disc\lvgl\lvgl\src/core\lv_disp.h **** 
   6:d:\practise\f407_disc\lvgl\lvgl\src/core\lv_disp.h **** #ifndef LV_DISP_H
   7:d:\practise\f407_disc\lvgl\lvgl\src/core\lv_disp.h **** #define LV_DISP_H
   8:d:\practise\f407_disc\lvgl\lvgl\src/core\lv_disp.h **** 
   9:d:\practise\f407_disc\lvgl\lvgl\src/core\lv_disp.h **** #ifdef __cplusplus
  10:d:\practise\f407_disc\lvgl\lvgl\src/core\lv_disp.h **** extern "C" {
  11:d:\practise\f407_disc\lvgl\lvgl\src/core\lv_disp.h **** #endif
  12:d:\practise\f407_disc\lvgl\lvgl\src/core\lv_disp.h **** 
  13:d:\practise\f407_disc\lvgl\lvgl\src/core\lv_disp.h **** /*********************
  14:d:\practise\f407_disc\lvgl\lvgl\src/core\lv_disp.h ****  *      INCLUDES
  15:d:\practise\f407_disc\lvgl\lvgl\src/core\lv_disp.h ****  *********************/
  16:d:\practise\f407_disc\lvgl\lvgl\src/core\lv_disp.h **** #include "../hal/lv_hal.h"
  17:d:\practise\f407_disc\lvgl\lvgl\src/core\lv_disp.h **** #include "lv_obj.h"
  18:d:\practise\f407_disc\lvgl\lvgl\src/core\lv_disp.h **** #include "lv_theme.h"
ARM GAS  C:\Users\gx\AppData\Local\Temp\ccdSSTLR.s 			page 5


  19:d:\practise\f407_disc\lvgl\lvgl\src/core\lv_disp.h **** 
  20:d:\practise\f407_disc\lvgl\lvgl\src/core\lv_disp.h **** /*********************
  21:d:\practise\f407_disc\lvgl\lvgl\src/core\lv_disp.h ****  *      DEFINES
  22:d:\practise\f407_disc\lvgl\lvgl\src/core\lv_disp.h ****  *********************/
  23:d:\practise\f407_disc\lvgl\lvgl\src/core\lv_disp.h **** 
  24:d:\practise\f407_disc\lvgl\lvgl\src/core\lv_disp.h **** /**********************
  25:d:\practise\f407_disc\lvgl\lvgl\src/core\lv_disp.h ****  *      TYPEDEFS
  26:d:\practise\f407_disc\lvgl\lvgl\src/core\lv_disp.h ****  **********************/
  27:d:\practise\f407_disc\lvgl\lvgl\src/core\lv_disp.h **** 
  28:d:\practise\f407_disc\lvgl\lvgl\src/core\lv_disp.h **** typedef enum {
  29:d:\practise\f407_disc\lvgl\lvgl\src/core\lv_disp.h ****     LV_SCR_LOAD_ANIM_NONE,
  30:d:\practise\f407_disc\lvgl\lvgl\src/core\lv_disp.h ****     LV_SCR_LOAD_ANIM_OVER_LEFT,
  31:d:\practise\f407_disc\lvgl\lvgl\src/core\lv_disp.h ****     LV_SCR_LOAD_ANIM_OVER_RIGHT,
  32:d:\practise\f407_disc\lvgl\lvgl\src/core\lv_disp.h ****     LV_SCR_LOAD_ANIM_OVER_TOP,
  33:d:\practise\f407_disc\lvgl\lvgl\src/core\lv_disp.h ****     LV_SCR_LOAD_ANIM_OVER_BOTTOM,
  34:d:\practise\f407_disc\lvgl\lvgl\src/core\lv_disp.h ****     LV_SCR_LOAD_ANIM_MOVE_LEFT,
  35:d:\practise\f407_disc\lvgl\lvgl\src/core\lv_disp.h ****     LV_SCR_LOAD_ANIM_MOVE_RIGHT,
  36:d:\practise\f407_disc\lvgl\lvgl\src/core\lv_disp.h ****     LV_SCR_LOAD_ANIM_MOVE_TOP,
  37:d:\practise\f407_disc\lvgl\lvgl\src/core\lv_disp.h ****     LV_SCR_LOAD_ANIM_MOVE_BOTTOM,
  38:d:\practise\f407_disc\lvgl\lvgl\src/core\lv_disp.h ****     LV_SCR_LOAD_ANIM_FADE_ON,
  39:d:\practise\f407_disc\lvgl\lvgl\src/core\lv_disp.h **** } lv_scr_load_anim_t;
  40:d:\practise\f407_disc\lvgl\lvgl\src/core\lv_disp.h **** 
  41:d:\practise\f407_disc\lvgl\lvgl\src/core\lv_disp.h **** /**********************
  42:d:\practise\f407_disc\lvgl\lvgl\src/core\lv_disp.h ****  * GLOBAL PROTOTYPES
  43:d:\practise\f407_disc\lvgl\lvgl\src/core\lv_disp.h ****  **********************/
  44:d:\practise\f407_disc\lvgl\lvgl\src/core\lv_disp.h **** 
  45:d:\practise\f407_disc\lvgl\lvgl\src/core\lv_disp.h **** /**
  46:d:\practise\f407_disc\lvgl\lvgl\src/core\lv_disp.h ****  * Return with a pointer to the active screen
  47:d:\practise\f407_disc\lvgl\lvgl\src/core\lv_disp.h ****  * @param disp pointer to display which active screen should be get. (NULL to use the default
  48:d:\practise\f407_disc\lvgl\lvgl\src/core\lv_disp.h ****  * screen)
  49:d:\practise\f407_disc\lvgl\lvgl\src/core\lv_disp.h ****  * @return pointer to the active screen object (loaded by 'lv_scr_load()')
  50:d:\practise\f407_disc\lvgl\lvgl\src/core\lv_disp.h ****  */
  51:d:\practise\f407_disc\lvgl\lvgl\src/core\lv_disp.h **** lv_obj_t * lv_disp_get_scr_act(lv_disp_t * disp);
  52:d:\practise\f407_disc\lvgl\lvgl\src/core\lv_disp.h **** 
  53:d:\practise\f407_disc\lvgl\lvgl\src/core\lv_disp.h **** /**
  54:d:\practise\f407_disc\lvgl\lvgl\src/core\lv_disp.h ****  * Return with a pointer to the previous screen. Only used during screen transitions.
  55:d:\practise\f407_disc\lvgl\lvgl\src/core\lv_disp.h ****  * @param disp pointer to display which previous screen should be get. (NULL to use the default
  56:d:\practise\f407_disc\lvgl\lvgl\src/core\lv_disp.h ****  * screen)
  57:d:\practise\f407_disc\lvgl\lvgl\src/core\lv_disp.h ****  * @return pointer to the previous screen object or NULL if not used now
  58:d:\practise\f407_disc\lvgl\lvgl\src/core\lv_disp.h ****  */
  59:d:\practise\f407_disc\lvgl\lvgl\src/core\lv_disp.h **** lv_obj_t * lv_disp_get_scr_prev(lv_disp_t * disp);
  60:d:\practise\f407_disc\lvgl\lvgl\src/core\lv_disp.h **** 
  61:d:\practise\f407_disc\lvgl\lvgl\src/core\lv_disp.h **** /**
  62:d:\practise\f407_disc\lvgl\lvgl\src/core\lv_disp.h ****  * Make a screen active
  63:d:\practise\f407_disc\lvgl\lvgl\src/core\lv_disp.h ****  * @param scr pointer to a screen
  64:d:\practise\f407_disc\lvgl\lvgl\src/core\lv_disp.h ****  */
  65:d:\practise\f407_disc\lvgl\lvgl\src/core\lv_disp.h **** void lv_disp_load_scr(lv_obj_t * scr);
  66:d:\practise\f407_disc\lvgl\lvgl\src/core\lv_disp.h **** 
  67:d:\practise\f407_disc\lvgl\lvgl\src/core\lv_disp.h **** /**
  68:d:\practise\f407_disc\lvgl\lvgl\src/core\lv_disp.h ****  * Return with the top layer. (Same on every screen and it is above the normal screen layer)
  69:d:\practise\f407_disc\lvgl\lvgl\src/core\lv_disp.h ****  * @param disp pointer to display which top layer should be get. (NULL to use the default screen)
  70:d:\practise\f407_disc\lvgl\lvgl\src/core\lv_disp.h ****  * @return pointer to the top layer object  (transparent screen sized lv_obj)
  71:d:\practise\f407_disc\lvgl\lvgl\src/core\lv_disp.h ****  */
  72:d:\practise\f407_disc\lvgl\lvgl\src/core\lv_disp.h **** lv_obj_t * lv_disp_get_layer_top(lv_disp_t * disp);
  73:d:\practise\f407_disc\lvgl\lvgl\src/core\lv_disp.h **** 
  74:d:\practise\f407_disc\lvgl\lvgl\src/core\lv_disp.h **** /**
  75:d:\practise\f407_disc\lvgl\lvgl\src/core\lv_disp.h ****  * Return with the sys. layer. (Same on every screen and it is above the normal screen and the top
ARM GAS  C:\Users\gx\AppData\Local\Temp\ccdSSTLR.s 			page 6


  76:d:\practise\f407_disc\lvgl\lvgl\src/core\lv_disp.h ****  * layer)
  77:d:\practise\f407_disc\lvgl\lvgl\src/core\lv_disp.h ****  * @param disp pointer to display which sys. layer  should be get. (NULL to use the default screen)
  78:d:\practise\f407_disc\lvgl\lvgl\src/core\lv_disp.h ****  * @return pointer to the sys layer object  (transparent screen sized lv_obj)
  79:d:\practise\f407_disc\lvgl\lvgl\src/core\lv_disp.h ****  */
  80:d:\practise\f407_disc\lvgl\lvgl\src/core\lv_disp.h **** lv_obj_t * lv_disp_get_layer_sys(lv_disp_t * disp);
  81:d:\practise\f407_disc\lvgl\lvgl\src/core\lv_disp.h **** 
  82:d:\practise\f407_disc\lvgl\lvgl\src/core\lv_disp.h **** /**
  83:d:\practise\f407_disc\lvgl\lvgl\src/core\lv_disp.h ****  * Get the theme of a display
  84:d:\practise\f407_disc\lvgl\lvgl\src/core\lv_disp.h ****  * @param disp pointer to a display
  85:d:\practise\f407_disc\lvgl\lvgl\src/core\lv_disp.h ****  * @return the display's theme (can be NULL)
  86:d:\practise\f407_disc\lvgl\lvgl\src/core\lv_disp.h ****  */
  87:d:\practise\f407_disc\lvgl\lvgl\src/core\lv_disp.h **** void lv_disp_set_theme(lv_disp_t * disp, lv_theme_t * th);
  88:d:\practise\f407_disc\lvgl\lvgl\src/core\lv_disp.h **** 
  89:d:\practise\f407_disc\lvgl\lvgl\src/core\lv_disp.h **** /**
  90:d:\practise\f407_disc\lvgl\lvgl\src/core\lv_disp.h ****  * Get the theme of a display
  91:d:\practise\f407_disc\lvgl\lvgl\src/core\lv_disp.h ****  * @param disp pointer to a display
  92:d:\practise\f407_disc\lvgl\lvgl\src/core\lv_disp.h ****  * @return the display's theme (can be NULL)
  93:d:\practise\f407_disc\lvgl\lvgl\src/core\lv_disp.h ****  */
  94:d:\practise\f407_disc\lvgl\lvgl\src/core\lv_disp.h **** lv_theme_t * lv_disp_get_theme(lv_disp_t * disp);
  95:d:\practise\f407_disc\lvgl\lvgl\src/core\lv_disp.h **** 
  96:d:\practise\f407_disc\lvgl\lvgl\src/core\lv_disp.h **** /**
  97:d:\practise\f407_disc\lvgl\lvgl\src/core\lv_disp.h ****  * Set the background color of a display
  98:d:\practise\f407_disc\lvgl\lvgl\src/core\lv_disp.h ****  * @param disp pointer to a display
  99:d:\practise\f407_disc\lvgl\lvgl\src/core\lv_disp.h ****  * @param color color of the background
 100:d:\practise\f407_disc\lvgl\lvgl\src/core\lv_disp.h ****  */
 101:d:\practise\f407_disc\lvgl\lvgl\src/core\lv_disp.h **** void lv_disp_set_bg_color(lv_disp_t * disp, lv_color_t color);
 102:d:\practise\f407_disc\lvgl\lvgl\src/core\lv_disp.h **** 
 103:d:\practise\f407_disc\lvgl\lvgl\src/core\lv_disp.h **** /**
 104:d:\practise\f407_disc\lvgl\lvgl\src/core\lv_disp.h ****  * Set the background image of a display
 105:d:\practise\f407_disc\lvgl\lvgl\src/core\lv_disp.h ****  * @param disp pointer to a display
 106:d:\practise\f407_disc\lvgl\lvgl\src/core\lv_disp.h ****  * @param img_src path to file or pointer to an `lv_img_dsc_t` variable
 107:d:\practise\f407_disc\lvgl\lvgl\src/core\lv_disp.h ****  */
 108:d:\practise\f407_disc\lvgl\lvgl\src/core\lv_disp.h **** void lv_disp_set_bg_image(lv_disp_t * disp, const void  * img_src);
 109:d:\practise\f407_disc\lvgl\lvgl\src/core\lv_disp.h **** 
 110:d:\practise\f407_disc\lvgl\lvgl\src/core\lv_disp.h **** /**
 111:d:\practise\f407_disc\lvgl\lvgl\src/core\lv_disp.h ****  * Opacity of the background
 112:d:\practise\f407_disc\lvgl\lvgl\src/core\lv_disp.h ****  * @param disp pointer to a display
 113:d:\practise\f407_disc\lvgl\lvgl\src/core\lv_disp.h ****  * @param opa opacity (0..255)
 114:d:\practise\f407_disc\lvgl\lvgl\src/core\lv_disp.h ****  */
 115:d:\practise\f407_disc\lvgl\lvgl\src/core\lv_disp.h **** void lv_disp_set_bg_opa(lv_disp_t * disp, lv_opa_t opa);
 116:d:\practise\f407_disc\lvgl\lvgl\src/core\lv_disp.h **** 
 117:d:\practise\f407_disc\lvgl\lvgl\src/core\lv_disp.h **** /**
 118:d:\practise\f407_disc\lvgl\lvgl\src/core\lv_disp.h ****  * Switch screen with animation
 119:d:\practise\f407_disc\lvgl\lvgl\src/core\lv_disp.h ****  * @param scr pointer to the new screen to load
 120:d:\practise\f407_disc\lvgl\lvgl\src/core\lv_disp.h ****  * @param anim_type type of the animation from `lv_scr_load_anim_t`. E.g.  `LV_SCR_LOAD_ANIM_MOVE_L
 121:d:\practise\f407_disc\lvgl\lvgl\src/core\lv_disp.h ****  * @param time time of the animation
 122:d:\practise\f407_disc\lvgl\lvgl\src/core\lv_disp.h ****  * @param delay delay before the transition
 123:d:\practise\f407_disc\lvgl\lvgl\src/core\lv_disp.h ****  * @param auto_del true: automatically delete the old screen
 124:d:\practise\f407_disc\lvgl\lvgl\src/core\lv_disp.h ****  */
 125:d:\practise\f407_disc\lvgl\lvgl\src/core\lv_disp.h **** void lv_scr_load_anim(lv_obj_t * scr, lv_scr_load_anim_t anim_type, uint32_t time, uint32_t delay, 
 126:d:\practise\f407_disc\lvgl\lvgl\src/core\lv_disp.h **** 
 127:d:\practise\f407_disc\lvgl\lvgl\src/core\lv_disp.h **** /**
 128:d:\practise\f407_disc\lvgl\lvgl\src/core\lv_disp.h ****  * Get elapsed time since last user activity on a display (e.g. click)
 129:d:\practise\f407_disc\lvgl\lvgl\src/core\lv_disp.h ****  * @param disp pointer to an display (NULL to get the overall smallest inactivity)
 130:d:\practise\f407_disc\lvgl\lvgl\src/core\lv_disp.h ****  * @return elapsed ticks (milliseconds) since the last activity
 131:d:\practise\f407_disc\lvgl\lvgl\src/core\lv_disp.h ****  */
 132:d:\practise\f407_disc\lvgl\lvgl\src/core\lv_disp.h **** uint32_t lv_disp_get_inactive_time(const lv_disp_t * disp);
ARM GAS  C:\Users\gx\AppData\Local\Temp\ccdSSTLR.s 			page 7


 133:d:\practise\f407_disc\lvgl\lvgl\src/core\lv_disp.h **** 
 134:d:\practise\f407_disc\lvgl\lvgl\src/core\lv_disp.h **** /**
 135:d:\practise\f407_disc\lvgl\lvgl\src/core\lv_disp.h ****  * Manually trigger an activity on a display
 136:d:\practise\f407_disc\lvgl\lvgl\src/core\lv_disp.h ****  * @param disp pointer to an display (NULL to use the default display)
 137:d:\practise\f407_disc\lvgl\lvgl\src/core\lv_disp.h ****  */
 138:d:\practise\f407_disc\lvgl\lvgl\src/core\lv_disp.h **** void lv_disp_trig_activity(lv_disp_t * disp);
 139:d:\practise\f407_disc\lvgl\lvgl\src/core\lv_disp.h **** 
 140:d:\practise\f407_disc\lvgl\lvgl\src/core\lv_disp.h **** /**
 141:d:\practise\f407_disc\lvgl\lvgl\src/core\lv_disp.h ****  * Clean any CPU cache that is related to the display.
 142:d:\practise\f407_disc\lvgl\lvgl\src/core\lv_disp.h ****  * @param disp pointer to an display (NULL to use the default display)
 143:d:\practise\f407_disc\lvgl\lvgl\src/core\lv_disp.h ****  */
 144:d:\practise\f407_disc\lvgl\lvgl\src/core\lv_disp.h **** void lv_disp_clean_dcache(lv_disp_t * disp);
 145:d:\practise\f407_disc\lvgl\lvgl\src/core\lv_disp.h **** 
 146:d:\practise\f407_disc\lvgl\lvgl\src/core\lv_disp.h **** /**
 147:d:\practise\f407_disc\lvgl\lvgl\src/core\lv_disp.h ****  * Get a pointer to the screen refresher timer to
 148:d:\practise\f407_disc\lvgl\lvgl\src/core\lv_disp.h ****  * modify its parameters with `lv_timer_...` functions.
 149:d:\practise\f407_disc\lvgl\lvgl\src/core\lv_disp.h ****  * @param disp pointer to a display
 150:d:\practise\f407_disc\lvgl\lvgl\src/core\lv_disp.h ****  * @return pointer to the display refresher timer. (NULL on error)
 151:d:\practise\f407_disc\lvgl\lvgl\src/core\lv_disp.h ****  */
 152:d:\practise\f407_disc\lvgl\lvgl\src/core\lv_disp.h **** lv_timer_t * _lv_disp_get_refr_timer(lv_disp_t * disp);
 153:d:\practise\f407_disc\lvgl\lvgl\src/core\lv_disp.h **** 
 154:d:\practise\f407_disc\lvgl\lvgl\src/core\lv_disp.h **** /*------------------------------------------------
 155:d:\practise\f407_disc\lvgl\lvgl\src/core\lv_disp.h ****  * To improve backward compatibility
 156:d:\practise\f407_disc\lvgl\lvgl\src/core\lv_disp.h ****  * Recommended only if you have one display
 157:d:\practise\f407_disc\lvgl\lvgl\src/core\lv_disp.h ****  *------------------------------------------------*/
 158:d:\practise\f407_disc\lvgl\lvgl\src/core\lv_disp.h **** 
 159:d:\practise\f407_disc\lvgl\lvgl\src/core\lv_disp.h **** /**
 160:d:\practise\f407_disc\lvgl\lvgl\src/core\lv_disp.h ****  * Get the active screen of the default display
 161:d:\practise\f407_disc\lvgl\lvgl\src/core\lv_disp.h ****  * @return pointer to the active screen
 162:d:\practise\f407_disc\lvgl\lvgl\src/core\lv_disp.h ****  */
 163:d:\practise\f407_disc\lvgl\lvgl\src/core\lv_disp.h **** static inline lv_obj_t * lv_scr_act(void)
 180              		.loc 2 163 26 view .LVU23
 181              	.LBB8:
 164:d:\practise\f407_disc\lvgl\lvgl\src/core\lv_disp.h **** {
 165:d:\practise\f407_disc\lvgl\lvgl\src/core\lv_disp.h ****     return lv_disp_get_scr_act(lv_disp_get_default());
 182              		.loc 2 165 5 view .LVU24
 183              		.loc 2 165 12 is_stmt 0 view .LVU25
 184 0006 FFF7FEFF 		bl	lv_disp_get_default
 185              	.LVL5:
 186 000a FFF7FEFF 		bl	lv_disp_get_scr_act
 187              	.LVL6:
 188              	.LBE8:
 189              	.LBE7:
 190              		.loc 1 22 13 view .LVU26
 191 000e FFF7FEFF 		bl	lv_chart_create
 192              	.LVL7:
 193 0012 0446     		mov	r4, r0
 194              	.LVL8:
  23:lvgl/lvgl/examples/widgets/chart/lv_example_chart_3.c ****     lv_obj_set_size(chart, 200, 150);
 195              		.loc 1 23 5 is_stmt 1 view .LVU27
 196 0014 9622     		movs	r2, #150
 197 0016 C821     		movs	r1, #200
 198 0018 FFF7FEFF 		bl	lv_obj_set_size
 199              	.LVL9:
  24:lvgl/lvgl/examples/widgets/chart/lv_example_chart_3.c ****     lv_obj_center(chart);
 200              		.loc 1 24 5 view .LVU28
 201              	.LBB9:
ARM GAS  C:\Users\gx\AppData\Local\Temp\ccdSSTLR.s 			page 8


 202              	.LBI9:
 203              		.file 3 "d:\\practise\\f407_disc\\lvgl\\lvgl\\src/core/lv_obj_pos.h"
   1:d:\practise\f407_disc\lvgl\lvgl\src/core\lv_obj_pos.h **** /**
   2:d:\practise\f407_disc\lvgl\lvgl\src/core\lv_obj_pos.h ****  * @file lv_obj_pos.h
   3:d:\practise\f407_disc\lvgl\lvgl\src/core\lv_obj_pos.h ****  *
   4:d:\practise\f407_disc\lvgl\lvgl\src/core\lv_obj_pos.h ****  */
   5:d:\practise\f407_disc\lvgl\lvgl\src/core\lv_obj_pos.h **** 
   6:d:\practise\f407_disc\lvgl\lvgl\src/core\lv_obj_pos.h **** #ifndef LV_OBJ_POS_H
   7:d:\practise\f407_disc\lvgl\lvgl\src/core\lv_obj_pos.h **** #define LV_OBJ_POS_H
   8:d:\practise\f407_disc\lvgl\lvgl\src/core\lv_obj_pos.h **** 
   9:d:\practise\f407_disc\lvgl\lvgl\src/core\lv_obj_pos.h **** #ifdef __cplusplus
  10:d:\practise\f407_disc\lvgl\lvgl\src/core\lv_obj_pos.h **** extern "C" {
  11:d:\practise\f407_disc\lvgl\lvgl\src/core\lv_obj_pos.h **** #endif
  12:d:\practise\f407_disc\lvgl\lvgl\src/core\lv_obj_pos.h **** 
  13:d:\practise\f407_disc\lvgl\lvgl\src/core\lv_obj_pos.h **** /*********************
  14:d:\practise\f407_disc\lvgl\lvgl\src/core\lv_obj_pos.h ****  *      INCLUDES
  15:d:\practise\f407_disc\lvgl\lvgl\src/core\lv_obj_pos.h ****  *********************/
  16:d:\practise\f407_disc\lvgl\lvgl\src/core\lv_obj_pos.h **** #include "../misc/lv_area.h"
  17:d:\practise\f407_disc\lvgl\lvgl\src/core\lv_obj_pos.h **** 
  18:d:\practise\f407_disc\lvgl\lvgl\src/core\lv_obj_pos.h **** /*********************
  19:d:\practise\f407_disc\lvgl\lvgl\src/core\lv_obj_pos.h ****  *      DEFINES
  20:d:\practise\f407_disc\lvgl\lvgl\src/core\lv_obj_pos.h ****  *********************/
  21:d:\practise\f407_disc\lvgl\lvgl\src/core\lv_obj_pos.h **** 
  22:d:\practise\f407_disc\lvgl\lvgl\src/core\lv_obj_pos.h **** /**********************
  23:d:\practise\f407_disc\lvgl\lvgl\src/core\lv_obj_pos.h ****  *      TYPEDEFS
  24:d:\practise\f407_disc\lvgl\lvgl\src/core\lv_obj_pos.h ****  **********************/
  25:d:\practise\f407_disc\lvgl\lvgl\src/core\lv_obj_pos.h **** struct _lv_obj_t;
  26:d:\practise\f407_disc\lvgl\lvgl\src/core\lv_obj_pos.h **** 
  27:d:\practise\f407_disc\lvgl\lvgl\src/core\lv_obj_pos.h **** typedef void (*lv_layout_update_cb_t)(struct _lv_obj_t *, void * user_data);
  28:d:\practise\f407_disc\lvgl\lvgl\src/core\lv_obj_pos.h **** typedef struct {
  29:d:\practise\f407_disc\lvgl\lvgl\src/core\lv_obj_pos.h ****     lv_layout_update_cb_t cb;
  30:d:\practise\f407_disc\lvgl\lvgl\src/core\lv_obj_pos.h ****     void * user_data;
  31:d:\practise\f407_disc\lvgl\lvgl\src/core\lv_obj_pos.h **** }lv_layout_dsc_t;
  32:d:\practise\f407_disc\lvgl\lvgl\src/core\lv_obj_pos.h **** 
  33:d:\practise\f407_disc\lvgl\lvgl\src/core\lv_obj_pos.h **** /**********************
  34:d:\practise\f407_disc\lvgl\lvgl\src/core\lv_obj_pos.h ****  * GLOBAL PROTOTYPES
  35:d:\practise\f407_disc\lvgl\lvgl\src/core\lv_obj_pos.h ****  **********************/
  36:d:\practise\f407_disc\lvgl\lvgl\src/core\lv_obj_pos.h **** 
  37:d:\practise\f407_disc\lvgl\lvgl\src/core\lv_obj_pos.h **** /**
  38:d:\practise\f407_disc\lvgl\lvgl\src/core\lv_obj_pos.h ****  * Set the relative the position of an object (relative to the parent's top left corner)
  39:d:\practise\f407_disc\lvgl\lvgl\src/core\lv_obj_pos.h ****  * @param obj       pointer to an object
  40:d:\practise\f407_disc\lvgl\lvgl\src/core\lv_obj_pos.h ****  * @param x         new distance from the left side of the parent plus the parent's left padding
  41:d:\practise\f407_disc\lvgl\lvgl\src/core\lv_obj_pos.h ****  * @param y         new distance from the top side of the parent  plus the parent's right padding
  42:d:\practise\f407_disc\lvgl\lvgl\src/core\lv_obj_pos.h ****  */
  43:d:\practise\f407_disc\lvgl\lvgl\src/core\lv_obj_pos.h **** void lv_obj_set_pos(struct _lv_obj_t * obj, lv_coord_t x, lv_coord_t y);
  44:d:\practise\f407_disc\lvgl\lvgl\src/core\lv_obj_pos.h **** 
  45:d:\practise\f407_disc\lvgl\lvgl\src/core\lv_obj_pos.h **** /**
  46:d:\practise\f407_disc\lvgl\lvgl\src/core\lv_obj_pos.h ****  * Set the x coordinate of a object
  47:d:\practise\f407_disc\lvgl\lvgl\src/core\lv_obj_pos.h ****  * @param obj       pointer to an object
  48:d:\practise\f407_disc\lvgl\lvgl\src/core\lv_obj_pos.h ****  * @param x         new distance from the left side from the parent plus the parent's left padding
  49:d:\practise\f407_disc\lvgl\lvgl\src/core\lv_obj_pos.h ****  */
  50:d:\practise\f407_disc\lvgl\lvgl\src/core\lv_obj_pos.h **** void lv_obj_set_x(struct _lv_obj_t * obj, lv_coord_t x);
  51:d:\practise\f407_disc\lvgl\lvgl\src/core\lv_obj_pos.h **** 
  52:d:\practise\f407_disc\lvgl\lvgl\src/core\lv_obj_pos.h **** /**
  53:d:\practise\f407_disc\lvgl\lvgl\src/core\lv_obj_pos.h ****  * Set the y coordinate of a object
  54:d:\practise\f407_disc\lvgl\lvgl\src/core\lv_obj_pos.h ****  * @param obj       pointer to an object
  55:d:\practise\f407_disc\lvgl\lvgl\src/core\lv_obj_pos.h ****  * @param y         new distance from the top of the parent  plus the parent's top padding
ARM GAS  C:\Users\gx\AppData\Local\Temp\ccdSSTLR.s 			page 9


  56:d:\practise\f407_disc\lvgl\lvgl\src/core\lv_obj_pos.h ****  */
  57:d:\practise\f407_disc\lvgl\lvgl\src/core\lv_obj_pos.h **** void lv_obj_set_y(struct _lv_obj_t * obj, lv_coord_t y);
  58:d:\practise\f407_disc\lvgl\lvgl\src/core\lv_obj_pos.h **** 
  59:d:\practise\f407_disc\lvgl\lvgl\src/core\lv_obj_pos.h **** /**
  60:d:\practise\f407_disc\lvgl\lvgl\src/core\lv_obj_pos.h ****  * Set the size of an object.
  61:d:\practise\f407_disc\lvgl\lvgl\src/core\lv_obj_pos.h ****  * @param obj       pointer to an object
  62:d:\practise\f407_disc\lvgl\lvgl\src/core\lv_obj_pos.h ****  * @param w         the new width
  63:d:\practise\f407_disc\lvgl\lvgl\src/core\lv_obj_pos.h ****  * @param h         the new height
  64:d:\practise\f407_disc\lvgl\lvgl\src/core\lv_obj_pos.h ****  * @note            possible values are:
  65:d:\practise\f407_disc\lvgl\lvgl\src/core\lv_obj_pos.h ****  *                  pixel               simple set the size accordingly
  66:d:\practise\f407_disc\lvgl\lvgl\src/core\lv_obj_pos.h ****  *                  LV_SIZE_CONTENT     set the size to involve all children in the given direction
  67:d:\practise\f407_disc\lvgl\lvgl\src/core\lv_obj_pos.h ****  *                  LV_SIZE_PCT(x)     to set size in percentage of the parent's content area size 
  68:d:\practise\f407_disc\lvgl\lvgl\src/core\lv_obj_pos.h ****  *                                      x should be in [0..1000]% range
  69:d:\practise\f407_disc\lvgl\lvgl\src/core\lv_obj_pos.h ****  */
  70:d:\practise\f407_disc\lvgl\lvgl\src/core\lv_obj_pos.h **** void lv_obj_set_size(struct _lv_obj_t * obj, lv_coord_t w, lv_coord_t h);
  71:d:\practise\f407_disc\lvgl\lvgl\src/core\lv_obj_pos.h **** 
  72:d:\practise\f407_disc\lvgl\lvgl\src/core\lv_obj_pos.h **** /**
  73:d:\practise\f407_disc\lvgl\lvgl\src/core\lv_obj_pos.h ****  * Recalculate the size of the object
  74:d:\practise\f407_disc\lvgl\lvgl\src/core\lv_obj_pos.h ****  * @param obj       pointer to an object
  75:d:\practise\f407_disc\lvgl\lvgl\src/core\lv_obj_pos.h ****  * @return          true: the size has been changed
  76:d:\practise\f407_disc\lvgl\lvgl\src/core\lv_obj_pos.h ****  */
  77:d:\practise\f407_disc\lvgl\lvgl\src/core\lv_obj_pos.h **** bool lv_obj_refr_size(struct _lv_obj_t * obj);
  78:d:\practise\f407_disc\lvgl\lvgl\src/core\lv_obj_pos.h **** 
  79:d:\practise\f407_disc\lvgl\lvgl\src/core\lv_obj_pos.h **** /**
  80:d:\practise\f407_disc\lvgl\lvgl\src/core\lv_obj_pos.h ****  * Set the width of an object
  81:d:\practise\f407_disc\lvgl\lvgl\src/core\lv_obj_pos.h ****  * @param obj       pointer to an object
  82:d:\practise\f407_disc\lvgl\lvgl\src/core\lv_obj_pos.h ****  * @param w         the new width
  83:d:\practise\f407_disc\lvgl\lvgl\src/core\lv_obj_pos.h ****  * @note            possible values are:
  84:d:\practise\f407_disc\lvgl\lvgl\src/core\lv_obj_pos.h ****  *                  pixel               simple set the size accordingly
  85:d:\practise\f407_disc\lvgl\lvgl\src/core\lv_obj_pos.h ****  *                  LV_SIZE_CONTENT     set the size to involve all children in the given direction
  86:d:\practise\f407_disc\lvgl\lvgl\src/core\lv_obj_pos.h ****  *                  lv_pct(x)           to set size in percentage of the parent's content area size
  87:d:\practise\f407_disc\lvgl\lvgl\src/core\lv_obj_pos.h ****  *                                      x should be in [0..1000]% range
  88:d:\practise\f407_disc\lvgl\lvgl\src/core\lv_obj_pos.h ****  */
  89:d:\practise\f407_disc\lvgl\lvgl\src/core\lv_obj_pos.h **** void lv_obj_set_width(struct _lv_obj_t * obj, lv_coord_t w);
  90:d:\practise\f407_disc\lvgl\lvgl\src/core\lv_obj_pos.h **** 
  91:d:\practise\f407_disc\lvgl\lvgl\src/core\lv_obj_pos.h **** /**
  92:d:\practise\f407_disc\lvgl\lvgl\src/core\lv_obj_pos.h ****  * Set the height of an object
  93:d:\practise\f407_disc\lvgl\lvgl\src/core\lv_obj_pos.h ****  * @param obj       pointer to an object
  94:d:\practise\f407_disc\lvgl\lvgl\src/core\lv_obj_pos.h ****  * @param h         the new height
  95:d:\practise\f407_disc\lvgl\lvgl\src/core\lv_obj_pos.h ****  * @note            possible values are:
  96:d:\practise\f407_disc\lvgl\lvgl\src/core\lv_obj_pos.h ****  *                  pixel               simple set the size accordingly
  97:d:\practise\f407_disc\lvgl\lvgl\src/core\lv_obj_pos.h ****  *                  LV_SIZE_CONTENT     set the size to involve all children in the given direction
  98:d:\practise\f407_disc\lvgl\lvgl\src/core\lv_obj_pos.h ****  *                  lv_pct(x)           to set size in percentage of the parent's content area size
  99:d:\practise\f407_disc\lvgl\lvgl\src/core\lv_obj_pos.h ****  *                                      x should be in [0..1000]% range
 100:d:\practise\f407_disc\lvgl\lvgl\src/core\lv_obj_pos.h ****  */
 101:d:\practise\f407_disc\lvgl\lvgl\src/core\lv_obj_pos.h **** void lv_obj_set_height(struct _lv_obj_t * obj, lv_coord_t h);
 102:d:\practise\f407_disc\lvgl\lvgl\src/core\lv_obj_pos.h **** 
 103:d:\practise\f407_disc\lvgl\lvgl\src/core\lv_obj_pos.h **** /**
 104:d:\practise\f407_disc\lvgl\lvgl\src/core\lv_obj_pos.h ****  * Set the width reduced by the left and right padding and the border width.
 105:d:\practise\f407_disc\lvgl\lvgl\src/core\lv_obj_pos.h ****  * @param obj       pointer to an object
 106:d:\practise\f407_disc\lvgl\lvgl\src/core\lv_obj_pos.h ****  * @param w         the width without paddings in pixels
 107:d:\practise\f407_disc\lvgl\lvgl\src/core\lv_obj_pos.h ****  */
 108:d:\practise\f407_disc\lvgl\lvgl\src/core\lv_obj_pos.h **** void lv_obj_set_content_width(struct _lv_obj_t * obj, lv_coord_t w);
 109:d:\practise\f407_disc\lvgl\lvgl\src/core\lv_obj_pos.h **** 
 110:d:\practise\f407_disc\lvgl\lvgl\src/core\lv_obj_pos.h **** /**
 111:d:\practise\f407_disc\lvgl\lvgl\src/core\lv_obj_pos.h ****  * Set the height reduced by the top and bottom padding and the border width.
 112:d:\practise\f407_disc\lvgl\lvgl\src/core\lv_obj_pos.h ****  * @param obj       pointer to an object
ARM GAS  C:\Users\gx\AppData\Local\Temp\ccdSSTLR.s 			page 10


 113:d:\practise\f407_disc\lvgl\lvgl\src/core\lv_obj_pos.h ****  * @param h         the height without paddings in pixels
 114:d:\practise\f407_disc\lvgl\lvgl\src/core\lv_obj_pos.h ****  */
 115:d:\practise\f407_disc\lvgl\lvgl\src/core\lv_obj_pos.h **** void lv_obj_set_content_height(struct _lv_obj_t * obj, lv_coord_t h);
 116:d:\practise\f407_disc\lvgl\lvgl\src/core\lv_obj_pos.h **** 
 117:d:\practise\f407_disc\lvgl\lvgl\src/core\lv_obj_pos.h **** /**
 118:d:\practise\f407_disc\lvgl\lvgl\src/core\lv_obj_pos.h ****  * Set a layout for an object
 119:d:\practise\f407_disc\lvgl\lvgl\src/core\lv_obj_pos.h ****  * @param obj       pointer to an object
 120:d:\practise\f407_disc\lvgl\lvgl\src/core\lv_obj_pos.h ****  * @param layout    pointer to a layout descriptor to set
 121:d:\practise\f407_disc\lvgl\lvgl\src/core\lv_obj_pos.h ****  */
 122:d:\practise\f407_disc\lvgl\lvgl\src/core\lv_obj_pos.h **** void lv_obj_set_layout(struct _lv_obj_t * obj, uint32_t layout);
 123:d:\practise\f407_disc\lvgl\lvgl\src/core\lv_obj_pos.h **** 
 124:d:\practise\f407_disc\lvgl\lvgl\src/core\lv_obj_pos.h **** /**
 125:d:\practise\f407_disc\lvgl\lvgl\src/core\lv_obj_pos.h ****  * Test whether the and object is positioned by a layout or not
 126:d:\practise\f407_disc\lvgl\lvgl\src/core\lv_obj_pos.h ****  * @param obj       pointer to an object to test
 127:d:\practise\f407_disc\lvgl\lvgl\src/core\lv_obj_pos.h ****  * @return true:    positioned by a layout; false: not positioned by a layout
 128:d:\practise\f407_disc\lvgl\lvgl\src/core\lv_obj_pos.h ****  */
 129:d:\practise\f407_disc\lvgl\lvgl\src/core\lv_obj_pos.h **** bool lv_obj_is_layout_positioned(const struct _lv_obj_t * obj);
 130:d:\practise\f407_disc\lvgl\lvgl\src/core\lv_obj_pos.h **** 
 131:d:\practise\f407_disc\lvgl\lvgl\src/core\lv_obj_pos.h **** /**
 132:d:\practise\f407_disc\lvgl\lvgl\src/core\lv_obj_pos.h ****  * Mark the object for layout update.
 133:d:\practise\f407_disc\lvgl\lvgl\src/core\lv_obj_pos.h ****  * @param obj      pointer to an object whose children needs to be updated
 134:d:\practise\f407_disc\lvgl\lvgl\src/core\lv_obj_pos.h ****  */
 135:d:\practise\f407_disc\lvgl\lvgl\src/core\lv_obj_pos.h **** void lv_obj_mark_layout_as_dirty(struct _lv_obj_t * obj);
 136:d:\practise\f407_disc\lvgl\lvgl\src/core\lv_obj_pos.h **** 
 137:d:\practise\f407_disc\lvgl\lvgl\src/core\lv_obj_pos.h **** /**
 138:d:\practise\f407_disc\lvgl\lvgl\src/core\lv_obj_pos.h ****  * Update the layout of an object.
 139:d:\practise\f407_disc\lvgl\lvgl\src/core\lv_obj_pos.h ****  * @param obj      pointer to an object whose children needs to be updated
 140:d:\practise\f407_disc\lvgl\lvgl\src/core\lv_obj_pos.h ****  */
 141:d:\practise\f407_disc\lvgl\lvgl\src/core\lv_obj_pos.h **** void lv_obj_update_layout(const struct _lv_obj_t * obj);
 142:d:\practise\f407_disc\lvgl\lvgl\src/core\lv_obj_pos.h **** 
 143:d:\practise\f407_disc\lvgl\lvgl\src/core\lv_obj_pos.h **** /**
 144:d:\practise\f407_disc\lvgl\lvgl\src/core\lv_obj_pos.h ****  * Regsiter a new layout
 145:d:\practise\f407_disc\lvgl\lvgl\src/core\lv_obj_pos.h ****  * @param cb        the layout update callback
 146:d:\practise\f407_disc\lvgl\lvgl\src/core\lv_obj_pos.h ****  * @param user_data custom data that will be passed to `cb`
 147:d:\practise\f407_disc\lvgl\lvgl\src/core\lv_obj_pos.h ****  * @return          the ID of the new layout
 148:d:\practise\f407_disc\lvgl\lvgl\src/core\lv_obj_pos.h ****  */
 149:d:\practise\f407_disc\lvgl\lvgl\src/core\lv_obj_pos.h **** uint32_t lv_layout_register(lv_layout_update_cb_t cb, void * user_data);
 150:d:\practise\f407_disc\lvgl\lvgl\src/core\lv_obj_pos.h **** 
 151:d:\practise\f407_disc\lvgl\lvgl\src/core\lv_obj_pos.h **** /**
 152:d:\practise\f407_disc\lvgl\lvgl\src/core\lv_obj_pos.h ****  * Change the alignment of an object.
 153:d:\practise\f407_disc\lvgl\lvgl\src/core\lv_obj_pos.h ****  * @param obj       pointer to an object to align
 154:d:\practise\f407_disc\lvgl\lvgl\src/core\lv_obj_pos.h ****  * @param align     type of alignment (see 'lv_align_t' enum) `LV_ALIGN_OUT_...` can't be used.
 155:d:\practise\f407_disc\lvgl\lvgl\src/core\lv_obj_pos.h ****  */
 156:d:\practise\f407_disc\lvgl\lvgl\src/core\lv_obj_pos.h **** void lv_obj_set_align(struct _lv_obj_t * obj, lv_align_t align);
 157:d:\practise\f407_disc\lvgl\lvgl\src/core\lv_obj_pos.h **** 
 158:d:\practise\f407_disc\lvgl\lvgl\src/core\lv_obj_pos.h **** /**
 159:d:\practise\f407_disc\lvgl\lvgl\src/core\lv_obj_pos.h ****  * Change the alignment of an object and set new coordinates.
 160:d:\practise\f407_disc\lvgl\lvgl\src/core\lv_obj_pos.h ****  * Equivalent to:
 161:d:\practise\f407_disc\lvgl\lvgl\src/core\lv_obj_pos.h ****  * lv_obj_set_align(obj, align);
 162:d:\practise\f407_disc\lvgl\lvgl\src/core\lv_obj_pos.h ****  * lv_obj_set_pos(obj, x_ofs, y_ofs);
 163:d:\practise\f407_disc\lvgl\lvgl\src/core\lv_obj_pos.h ****  * @param obj       pointer to an object to align
 164:d:\practise\f407_disc\lvgl\lvgl\src/core\lv_obj_pos.h ****  * @param align     type of alignment (see 'lv_align_t' enum) `LV_ALIGN_OUT_...` can't be used.
 165:d:\practise\f407_disc\lvgl\lvgl\src/core\lv_obj_pos.h ****  * @param x_ofs     x coordinate offset after alignment
 166:d:\practise\f407_disc\lvgl\lvgl\src/core\lv_obj_pos.h ****  * @param y_ofs     y coordinate offset after alignment
 167:d:\practise\f407_disc\lvgl\lvgl\src/core\lv_obj_pos.h ****  */
 168:d:\practise\f407_disc\lvgl\lvgl\src/core\lv_obj_pos.h **** void lv_obj_align(struct _lv_obj_t * obj, lv_align_t align, lv_coord_t x_ofs, lv_coord_t y_ofs);
 169:d:\practise\f407_disc\lvgl\lvgl\src/core\lv_obj_pos.h **** 
ARM GAS  C:\Users\gx\AppData\Local\Temp\ccdSSTLR.s 			page 11


 170:d:\practise\f407_disc\lvgl\lvgl\src/core\lv_obj_pos.h **** /**
 171:d:\practise\f407_disc\lvgl\lvgl\src/core\lv_obj_pos.h ****  * Align an object to an other object.
 172:d:\practise\f407_disc\lvgl\lvgl\src/core\lv_obj_pos.h ****  * @param obj       pointer to an object to align
 173:d:\practise\f407_disc\lvgl\lvgl\src/core\lv_obj_pos.h ****  * @param base      pointer to an other object (if NULL `obj`s parent is used). 'obj' will be align
 174:d:\practise\f407_disc\lvgl\lvgl\src/core\lv_obj_pos.h ****  * @param align     type of alignment (see 'lv_align_t' enum)
 175:d:\practise\f407_disc\lvgl\lvgl\src/core\lv_obj_pos.h ****  * @param x_ofs     x coordinate offset after alignment
 176:d:\practise\f407_disc\lvgl\lvgl\src/core\lv_obj_pos.h ****  * @param y_ofs     y coordinate offset after alignment
 177:d:\practise\f407_disc\lvgl\lvgl\src/core\lv_obj_pos.h ****  * @note            if the position or size of `base` changes `obj` needs to be aligned manually ag
 178:d:\practise\f407_disc\lvgl\lvgl\src/core\lv_obj_pos.h ****  */
 179:d:\practise\f407_disc\lvgl\lvgl\src/core\lv_obj_pos.h **** void lv_obj_align_to(struct _lv_obj_t * obj, const struct _lv_obj_t * base, lv_align_t align, lv_co
 180:d:\practise\f407_disc\lvgl\lvgl\src/core\lv_obj_pos.h **** 
 181:d:\practise\f407_disc\lvgl\lvgl\src/core\lv_obj_pos.h **** /**
 182:d:\practise\f407_disc\lvgl\lvgl\src/core\lv_obj_pos.h ****  * Align an object to the center on its parent.
 183:d:\practise\f407_disc\lvgl\lvgl\src/core\lv_obj_pos.h ****  * @param obj       pointer to an object to align
 184:d:\practise\f407_disc\lvgl\lvgl\src/core\lv_obj_pos.h ****  * @note            if the parent size changes `obj` needs to be aligned manually again
 185:d:\practise\f407_disc\lvgl\lvgl\src/core\lv_obj_pos.h ****  */
 186:d:\practise\f407_disc\lvgl\lvgl\src/core\lv_obj_pos.h **** static inline void lv_obj_center(struct _lv_obj_t * obj)
 204              		.loc 3 186 20 view .LVU29
 205              	.LBB10:
 187:d:\practise\f407_disc\lvgl\lvgl\src/core\lv_obj_pos.h **** {
 188:d:\practise\f407_disc\lvgl\lvgl\src/core\lv_obj_pos.h ****     lv_obj_align(obj, LV_ALIGN_CENTER, 0, 0);
 206              		.loc 3 188 5 view .LVU30
 207 001c 0023     		movs	r3, #0
 208 001e 1A46     		mov	r2, r3
 209 0020 0921     		movs	r1, #9
 210 0022 2046     		mov	r0, r4
 211 0024 FFF7FEFF 		bl	lv_obj_align
 212              	.LVL10:
 213              		.loc 3 188 5 is_stmt 0 view .LVU31
 214              	.LBE10:
 215              	.LBE9:
  25:lvgl/lvgl/examples/widgets/chart/lv_example_chart_3.c ****     lv_chart_set_type(chart, LV_CHART_TYPE_BAR);
 216              		.loc 1 25 5 is_stmt 1 view .LVU32
 217 0028 0221     		movs	r1, #2
 218 002a 2046     		mov	r0, r4
 219 002c FFF7FEFF 		bl	lv_chart_set_type
 220              	.LVL11:
  26:lvgl/lvgl/examples/widgets/chart/lv_example_chart_3.c ****     lv_chart_set_range(chart, LV_CHART_AXIS_PRIMARY_Y, 0, 100);
 221              		.loc 1 26 5 view .LVU33
 222 0030 6423     		movs	r3, #100
 223 0032 0022     		movs	r2, #0
 224 0034 1146     		mov	r1, r2
 225 0036 2046     		mov	r0, r4
 226 0038 FFF7FEFF 		bl	lv_chart_set_range
 227              	.LVL12:
  27:lvgl/lvgl/examples/widgets/chart/lv_example_chart_3.c ****     lv_chart_set_range(chart, LV_CHART_AXIS_SECONDARY_Y, 0, 400);
 228              		.loc 1 27 5 view .LVU34
 229 003c 4FF4C873 		mov	r3, #400
 230 0040 0022     		movs	r2, #0
 231 0042 0121     		movs	r1, #1
 232 0044 2046     		mov	r0, r4
 233 0046 FFF7FEFF 		bl	lv_chart_set_range
 234              	.LVL13:
  28:lvgl/lvgl/examples/widgets/chart/lv_example_chart_3.c ****     lv_chart_set_point_count(chart, 12);
 235              		.loc 1 28 5 view .LVU35
 236 004a 0C21     		movs	r1, #12
 237 004c 2046     		mov	r0, r4
ARM GAS  C:\Users\gx\AppData\Local\Temp\ccdSSTLR.s 			page 12


 238 004e FFF7FEFF 		bl	lv_chart_set_point_count
 239              	.LVL14:
  29:lvgl/lvgl/examples/widgets/chart/lv_example_chart_3.c ****     lv_obj_add_event_cb(chart, draw_event_cb, LV_EVENT_DRAW_PART_BEGIN, NULL);
 240              		.loc 1 29 5 view .LVU36
 241 0052 0023     		movs	r3, #0
 242 0054 1A22     		movs	r2, #26
 243 0056 5149     		ldr	r1, .L9
 244 0058 2046     		mov	r0, r4
 245 005a FFF7FEFF 		bl	lv_obj_add_event_cb
 246              	.LVL15:
  30:lvgl/lvgl/examples/widgets/chart/lv_example_chart_3.c **** 
  31:lvgl/lvgl/examples/widgets/chart/lv_example_chart_3.c ****     /*Add ticks and label to every axis*/
  32:lvgl/lvgl/examples/widgets/chart/lv_example_chart_3.c ****     lv_chart_set_axis_tick(chart, LV_CHART_AXIS_PRIMARY_X, 10, 5, 12, 3, true, 40);
 247              		.loc 1 32 5 view .LVU37
 248 005e 2823     		movs	r3, #40
 249 0060 0393     		str	r3, [sp, #12]
 250 0062 0126     		movs	r6, #1
 251 0064 0296     		str	r6, [sp, #8]
 252 0066 0325     		movs	r5, #3
 253 0068 0195     		str	r5, [sp, #4]
 254 006a 0C23     		movs	r3, #12
 255 006c 0093     		str	r3, [sp]
 256 006e 0523     		movs	r3, #5
 257 0070 0A22     		movs	r2, #10
 258 0072 0221     		movs	r1, #2
 259 0074 2046     		mov	r0, r4
 260 0076 FFF7FEFF 		bl	lv_chart_set_axis_tick
 261              	.LVL16:
  33:lvgl/lvgl/examples/widgets/chart/lv_example_chart_3.c ****     lv_chart_set_axis_tick(chart, LV_CHART_AXIS_PRIMARY_Y, 10, 5, 6, 2, true, 50);
 262              		.loc 1 33 5 view .LVU38
 263 007a 4FF03208 		mov	r8, #50
 264 007e CDF80C80 		str	r8, [sp, #12]
 265 0082 0296     		str	r6, [sp, #8]
 266 0084 0227     		movs	r7, #2
 267 0086 0197     		str	r7, [sp, #4]
 268 0088 0623     		movs	r3, #6
 269 008a 0093     		str	r3, [sp]
 270 008c 0523     		movs	r3, #5
 271 008e 0A22     		movs	r2, #10
 272 0090 0021     		movs	r1, #0
 273 0092 2046     		mov	r0, r4
 274 0094 FFF7FEFF 		bl	lv_chart_set_axis_tick
 275              	.LVL17:
  34:lvgl/lvgl/examples/widgets/chart/lv_example_chart_3.c ****     lv_chart_set_axis_tick(chart, LV_CHART_AXIS_SECONDARY_Y, 10, 5, 3, 4, true, 50);
 276              		.loc 1 34 5 view .LVU39
 277 0098 CDF80C80 		str	r8, [sp, #12]
 278 009c 0296     		str	r6, [sp, #8]
 279 009e 0423     		movs	r3, #4
 280 00a0 0193     		str	r3, [sp, #4]
 281 00a2 0095     		str	r5, [sp]
 282 00a4 0523     		movs	r3, #5
 283 00a6 0A22     		movs	r2, #10
 284 00a8 3146     		mov	r1, r6
 285 00aa 2046     		mov	r0, r4
 286 00ac FFF7FEFF 		bl	lv_chart_set_axis_tick
 287              	.LVL18:
  35:lvgl/lvgl/examples/widgets/chart/lv_example_chart_3.c **** 
ARM GAS  C:\Users\gx\AppData\Local\Temp\ccdSSTLR.s 			page 13


  36:lvgl/lvgl/examples/widgets/chart/lv_example_chart_3.c ****     /*Zoom in a little in X*/
  37:lvgl/lvgl/examples/widgets/chart/lv_example_chart_3.c ****     lv_chart_set_zoom_x(chart, 800);
 288              		.loc 1 37 5 view .LVU40
 289 00b0 4FF44871 		mov	r1, #800
 290 00b4 2046     		mov	r0, r4
 291 00b6 FFF7FEFF 		bl	lv_chart_set_zoom_x
 292              	.LVL19:
  38:lvgl/lvgl/examples/widgets/chart/lv_example_chart_3.c **** 
  39:lvgl/lvgl/examples/widgets/chart/lv_example_chart_3.c ****     /*Add two data series*/
  40:lvgl/lvgl/examples/widgets/chart/lv_example_chart_3.c ****     lv_chart_series_t * ser1 = lv_chart_add_series(chart, lv_palette_lighten(LV_PALETTE_GREEN, 2), 
 293              		.loc 1 40 5 view .LVU41
 294              		.loc 1 40 32 is_stmt 0 view .LVU42
 295 00ba 3946     		mov	r1, r7
 296 00bc 0920     		movs	r0, #9
 297 00be FFF7FEFF 		bl	lv_palette_lighten
 298              	.LVL20:
 299 00c2 0146     		mov	r1, r0	@ movhi
 300 00c4 0022     		movs	r2, #0
 301 00c6 2046     		mov	r0, r4
 302 00c8 FFF7FEFF 		bl	lv_chart_add_series
 303              	.LVL21:
 304 00cc 0546     		mov	r5, r0
 305              	.LVL22:
  41:lvgl/lvgl/examples/widgets/chart/lv_example_chart_3.c ****     lv_chart_series_t * ser2 = lv_chart_add_series(chart, lv_palette_darken(LV_PALETTE_GREEN, 2), L
 306              		.loc 1 41 5 is_stmt 1 view .LVU43
 307              		.loc 1 41 32 is_stmt 0 view .LVU44
 308 00ce 3946     		mov	r1, r7
 309 00d0 0920     		movs	r0, #9
 310              	.LVL23:
 311              		.loc 1 41 32 view .LVU45
 312 00d2 FFF7FEFF 		bl	lv_palette_darken
 313              	.LVL24:
 314 00d6 0146     		mov	r1, r0	@ movhi
 315 00d8 3246     		mov	r2, r6
 316 00da 2046     		mov	r0, r4
 317 00dc FFF7FEFF 		bl	lv_chart_add_series
 318              	.LVL25:
 319 00e0 0646     		mov	r6, r0
 320              	.LVL26:
  42:lvgl/lvgl/examples/widgets/chart/lv_example_chart_3.c **** 
  43:lvgl/lvgl/examples/widgets/chart/lv_example_chart_3.c ****     /*Set the next points on 'ser1'*/
  44:lvgl/lvgl/examples/widgets/chart/lv_example_chart_3.c ****     lv_chart_set_next_value(chart, ser1, 31);
 321              		.loc 1 44 5 is_stmt 1 view .LVU46
 322 00e2 1F22     		movs	r2, #31
 323 00e4 2946     		mov	r1, r5
 324 00e6 2046     		mov	r0, r4
 325              	.LVL27:
 326              		.loc 1 44 5 is_stmt 0 view .LVU47
 327 00e8 FFF7FEFF 		bl	lv_chart_set_next_value
 328              	.LVL28:
  45:lvgl/lvgl/examples/widgets/chart/lv_example_chart_3.c ****     lv_chart_set_next_value(chart, ser1, 66);
 329              		.loc 1 45 5 is_stmt 1 view .LVU48
 330 00ec 4222     		movs	r2, #66
 331 00ee 2946     		mov	r1, r5
 332 00f0 2046     		mov	r0, r4
 333 00f2 FFF7FEFF 		bl	lv_chart_set_next_value
 334              	.LVL29:
ARM GAS  C:\Users\gx\AppData\Local\Temp\ccdSSTLR.s 			page 14


  46:lvgl/lvgl/examples/widgets/chart/lv_example_chart_3.c ****     lv_chart_set_next_value(chart, ser1, 10);
 335              		.loc 1 46 5 view .LVU49
 336 00f6 0A22     		movs	r2, #10
 337 00f8 2946     		mov	r1, r5
 338 00fa 2046     		mov	r0, r4
 339 00fc FFF7FEFF 		bl	lv_chart_set_next_value
 340              	.LVL30:
  47:lvgl/lvgl/examples/widgets/chart/lv_example_chart_3.c ****     lv_chart_set_next_value(chart, ser1, 89);
 341              		.loc 1 47 5 view .LVU50
 342 0100 5922     		movs	r2, #89
 343 0102 2946     		mov	r1, r5
 344 0104 2046     		mov	r0, r4
 345 0106 FFF7FEFF 		bl	lv_chart_set_next_value
 346              	.LVL31:
  48:lvgl/lvgl/examples/widgets/chart/lv_example_chart_3.c ****     lv_chart_set_next_value(chart, ser1, 63);
 347              		.loc 1 48 5 view .LVU51
 348 010a 3F22     		movs	r2, #63
 349 010c 2946     		mov	r1, r5
 350 010e 2046     		mov	r0, r4
 351 0110 FFF7FEFF 		bl	lv_chart_set_next_value
 352              	.LVL32:
  49:lvgl/lvgl/examples/widgets/chart/lv_example_chart_3.c ****     lv_chart_set_next_value(chart, ser1, 56);
 353              		.loc 1 49 5 view .LVU52
 354 0114 3822     		movs	r2, #56
 355 0116 2946     		mov	r1, r5
 356 0118 2046     		mov	r0, r4
 357 011a FFF7FEFF 		bl	lv_chart_set_next_value
 358              	.LVL33:
  50:lvgl/lvgl/examples/widgets/chart/lv_example_chart_3.c ****     lv_chart_set_next_value(chart, ser1, 32);
 359              		.loc 1 50 5 view .LVU53
 360 011e 2022     		movs	r2, #32
 361 0120 2946     		mov	r1, r5
 362 0122 2046     		mov	r0, r4
 363 0124 FFF7FEFF 		bl	lv_chart_set_next_value
 364              	.LVL34:
  51:lvgl/lvgl/examples/widgets/chart/lv_example_chart_3.c ****     lv_chart_set_next_value(chart, ser1, 35);
 365              		.loc 1 51 5 view .LVU54
 366 0128 2322     		movs	r2, #35
 367 012a 2946     		mov	r1, r5
 368 012c 2046     		mov	r0, r4
 369 012e FFF7FEFF 		bl	lv_chart_set_next_value
 370              	.LVL35:
  52:lvgl/lvgl/examples/widgets/chart/lv_example_chart_3.c ****     lv_chart_set_next_value(chart, ser1, 57);
 371              		.loc 1 52 5 view .LVU55
 372 0132 3922     		movs	r2, #57
 373 0134 2946     		mov	r1, r5
 374 0136 2046     		mov	r0, r4
 375 0138 FFF7FEFF 		bl	lv_chart_set_next_value
 376              	.LVL36:
  53:lvgl/lvgl/examples/widgets/chart/lv_example_chart_3.c ****     lv_chart_set_next_value(chart, ser1, 85);
 377              		.loc 1 53 5 view .LVU56
 378 013c 5522     		movs	r2, #85
 379 013e 2946     		mov	r1, r5
 380 0140 2046     		mov	r0, r4
 381 0142 FFF7FEFF 		bl	lv_chart_set_next_value
 382              	.LVL37:
  54:lvgl/lvgl/examples/widgets/chart/lv_example_chart_3.c ****     lv_chart_set_next_value(chart, ser1, 22);
ARM GAS  C:\Users\gx\AppData\Local\Temp\ccdSSTLR.s 			page 15


 383              		.loc 1 54 5 view .LVU57
 384 0146 1622     		movs	r2, #22
 385 0148 2946     		mov	r1, r5
 386 014a 2046     		mov	r0, r4
 387 014c FFF7FEFF 		bl	lv_chart_set_next_value
 388              	.LVL38:
  55:lvgl/lvgl/examples/widgets/chart/lv_example_chart_3.c ****     lv_chart_set_next_value(chart, ser1, 58);
 389              		.loc 1 55 5 view .LVU58
 390 0150 3A22     		movs	r2, #58
 391 0152 2946     		mov	r1, r5
 392 0154 2046     		mov	r0, r4
 393 0156 FFF7FEFF 		bl	lv_chart_set_next_value
 394              	.LVL39:
  56:lvgl/lvgl/examples/widgets/chart/lv_example_chart_3.c **** 
  57:lvgl/lvgl/examples/widgets/chart/lv_example_chart_3.c ****     lv_coord_t * ser2_array =  lv_chart_get_y_array(chart, ser2);
 395              		.loc 1 57 5 view .LVU59
 396              		.loc 1 57 32 is_stmt 0 view .LVU60
 397 015a 3146     		mov	r1, r6
 398 015c 2046     		mov	r0, r4
 399 015e FFF7FEFF 		bl	lv_chart_get_y_array
 400              	.LVL40:
  58:lvgl/lvgl/examples/widgets/chart/lv_example_chart_3.c ****     /*Directly set points on 'ser2'*/
  59:lvgl/lvgl/examples/widgets/chart/lv_example_chart_3.c ****     ser2_array[0] = 92;
 401              		.loc 1 59 5 is_stmt 1 view .LVU61
 402              		.loc 1 59 19 is_stmt 0 view .LVU62
 403 0162 5C23     		movs	r3, #92
 404 0164 0380     		strh	r3, [r0]	@ movhi
  60:lvgl/lvgl/examples/widgets/chart/lv_example_chart_3.c ****     ser2_array[1] = 71;
 405              		.loc 1 60 5 is_stmt 1 view .LVU63
 406              		.loc 1 60 19 is_stmt 0 view .LVU64
 407 0166 4723     		movs	r3, #71
 408 0168 4380     		strh	r3, [r0, #2]	@ movhi
  61:lvgl/lvgl/examples/widgets/chart/lv_example_chart_3.c ****     ser2_array[2] = 61;
 409              		.loc 1 61 5 is_stmt 1 view .LVU65
 410              		.loc 1 61 19 is_stmt 0 view .LVU66
 411 016a 3D23     		movs	r3, #61
 412 016c 8380     		strh	r3, [r0, #4]	@ movhi
  62:lvgl/lvgl/examples/widgets/chart/lv_example_chart_3.c ****     ser2_array[3] = 15;
 413              		.loc 1 62 5 is_stmt 1 view .LVU67
 414              		.loc 1 62 19 is_stmt 0 view .LVU68
 415 016e 0F23     		movs	r3, #15
 416 0170 C380     		strh	r3, [r0, #6]	@ movhi
  63:lvgl/lvgl/examples/widgets/chart/lv_example_chart_3.c ****     ser2_array[4] = 21;
 417              		.loc 1 63 5 is_stmt 1 view .LVU69
 418              		.loc 1 63 19 is_stmt 0 view .LVU70
 419 0172 1523     		movs	r3, #21
 420 0174 0381     		strh	r3, [r0, #8]	@ movhi
  64:lvgl/lvgl/examples/widgets/chart/lv_example_chart_3.c ****     ser2_array[5] = 35;
 421              		.loc 1 64 5 is_stmt 1 view .LVU71
 422              		.loc 1 64 19 is_stmt 0 view .LVU72
 423 0176 2323     		movs	r3, #35
 424 0178 4381     		strh	r3, [r0, #10]	@ movhi
  65:lvgl/lvgl/examples/widgets/chart/lv_example_chart_3.c ****     ser2_array[6] = 35;
 425              		.loc 1 65 5 is_stmt 1 view .LVU73
 426              		.loc 1 65 19 is_stmt 0 view .LVU74
 427 017a 8381     		strh	r3, [r0, #12]	@ movhi
  66:lvgl/lvgl/examples/widgets/chart/lv_example_chart_3.c ****     ser2_array[7] = 58;
ARM GAS  C:\Users\gx\AppData\Local\Temp\ccdSSTLR.s 			page 16


 428              		.loc 1 66 5 is_stmt 1 view .LVU75
 429              		.loc 1 66 19 is_stmt 0 view .LVU76
 430 017c 3A23     		movs	r3, #58
 431 017e C381     		strh	r3, [r0, #14]	@ movhi
  67:lvgl/lvgl/examples/widgets/chart/lv_example_chart_3.c ****     ser2_array[8] = 31;
 432              		.loc 1 67 5 is_stmt 1 view .LVU77
 433              		.loc 1 67 19 is_stmt 0 view .LVU78
 434 0180 1F23     		movs	r3, #31
 435 0182 0382     		strh	r3, [r0, #16]	@ movhi
  68:lvgl/lvgl/examples/widgets/chart/lv_example_chart_3.c ****     ser2_array[9] = 53;
 436              		.loc 1 68 5 is_stmt 1 view .LVU79
 437              		.loc 1 68 19 is_stmt 0 view .LVU80
 438 0184 3523     		movs	r3, #53
 439 0186 4382     		strh	r3, [r0, #18]	@ movhi
  69:lvgl/lvgl/examples/widgets/chart/lv_example_chart_3.c ****     ser2_array[10] = 33;
 440              		.loc 1 69 5 is_stmt 1 view .LVU81
 441              		.loc 1 69 20 is_stmt 0 view .LVU82
 442 0188 2123     		movs	r3, #33
 443 018a 8382     		strh	r3, [r0, #20]	@ movhi
  70:lvgl/lvgl/examples/widgets/chart/lv_example_chart_3.c ****     ser2_array[11] = 73;
 444              		.loc 1 70 5 is_stmt 1 view .LVU83
 445              		.loc 1 70 20 is_stmt 0 view .LVU84
 446 018c 4923     		movs	r3, #73
 447 018e C382     		strh	r3, [r0, #22]	@ movhi
  71:lvgl/lvgl/examples/widgets/chart/lv_example_chart_3.c **** 
  72:lvgl/lvgl/examples/widgets/chart/lv_example_chart_3.c ****     lv_chart_refresh(chart); /*Required after direct set*/
 448              		.loc 1 72 5 is_stmt 1 view .LVU85
 449 0190 2046     		mov	r0, r4
 450              	.LVL41:
 451              		.loc 1 72 5 is_stmt 0 view .LVU86
 452 0192 FFF7FEFF 		bl	lv_chart_refresh
 453              	.LVL42:
  73:lvgl/lvgl/examples/widgets/chart/lv_example_chart_3.c **** }
 454              		.loc 1 73 1 view .LVU87
 455 0196 04B0     		add	sp, sp, #16
 456              	.LCFI6:
 457              		.cfi_def_cfa_offset 24
 458              		@ sp needed
 459 0198 BDE8F081 		pop	{r4, r5, r6, r7, r8, pc}
 460              	.LVL43:
 461              	.L10:
 462              		.loc 1 73 1 view .LVU88
 463              		.align	2
 464              	.L9:
 465 019c 00000000 		.word	draw_event_cb
 466              		.cfi_endproc
 467              	.LFE190:
 469              		.section	.rodata
 470              		.align	2
 471              		.set	.LANCHOR0,. + 0
 472              	.LC13:
 473 0000 00000000 		.word	.LC0
 474 0004 04000000 		.word	.LC1
 475 0008 0C000000 		.word	.LC2
 476 000c 14000000 		.word	.LC3
 477 0010 18000000 		.word	.LC4
 478 0014 1C000000 		.word	.LC5
ARM GAS  C:\Users\gx\AppData\Local\Temp\ccdSSTLR.s 			page 17


 479 0018 20000000 		.word	.LC6
 480 001c 28000000 		.word	.LC7
 481 0020 2C000000 		.word	.LC8
 482 0024 34000000 		.word	.LC9
 483 0028 38000000 		.word	.LC10
 484 002c 3C000000 		.word	.LC11
 485              		.text
 486              	.Letext0:
 487              		.file 4 "c:\\program files (x86)\\gnu arm embedded toolchain\\9 2020-q2-update\\arm-none-eabi\\inc
 488              		.file 5 "c:\\program files (x86)\\gnu arm embedded toolchain\\9 2020-q2-update\\arm-none-eabi\\inc
 489              		.file 6 "d:\\practise\\f407_disc\\lvgl\\lvgl\\src/misc/lv_ll.h"
 490              		.file 7 "c:\\program files (x86)\\gnu arm embedded toolchain\\9 2020-q2-update\\lib\\gcc\\arm-none
 491              		.file 8 "c:\\program files (x86)\\gnu arm embedded toolchain\\9 2020-q2-update\\arm-none-eabi\\inc
 492              		.file 9 "c:\\program files (x86)\\gnu arm embedded toolchain\\9 2020-q2-update\\arm-none-eabi\\inc
 493              		.file 10 "c:\\program files (x86)\\gnu arm embedded toolchain\\9 2020-q2-update\\arm-none-eabi\\in
 494              		.file 11 "d:\\practise\\f407_disc\\lvgl\\lvgl\\src\\misc\\lv_color.h"
 495              		.file 12 "d:\\practise\\f407_disc\\lvgl\\lvgl\\src\\misc\\lv_area.h"
 496              		.file 13 "d:\\practise\\f407_disc\\lvgl\\lvgl\\src/core/lv_obj.h"
 497              		.file 14 "d:\\practise\\f407_disc\\lvgl\\lvgl\\src/core/lv_group.h"
 498              		.file 15 "d:\\practise\\f407_disc\\lvgl\\lvgl\\src\\font\\lv_font.h"
 499              		.file 16 "d:\\practise\\f407_disc\\lvgl\\lvgl\\src\\misc\\lv_txt.h"
 500              		.file 17 "d:\\practise\\f407_disc\\lvgl\\lvgl\\src\\misc\\lv_bidi.h"
 501              		.file 18 "d:\\practise\\f407_disc\\lvgl\\lvgl\\src\\misc\\lv_style.h"
 502              		.file 19 "d:\\practise\\f407_disc\\lvgl\\lvgl\\src/core/lv_obj_scroll.h"
 503              		.file 20 "d:\\practise\\f407_disc\\lvgl\\lvgl\\src/core/lv_obj_style.h"
 504              		.file 21 "d:\\practise\\f407_disc\\lvgl\\lvgl\\src\\draw\\lv_draw_rect.h"
 505              		.file 22 "d:\\practise\\f407_disc\\lvgl\\lvgl\\src\\draw\\lv_draw_label.h"
 506              		.file 23 "d:\\practise\\f407_disc\\lvgl\\lvgl\\src\\draw\\lv_draw_img.h"
 507              		.file 24 "d:\\practise\\f407_disc\\lvgl\\lvgl\\src\\draw\\lv_draw_line.h"
 508              		.file 25 "d:\\practise\\f407_disc\\lvgl\\lvgl\\src\\draw\\lv_draw_arc.h"
 509              		.file 26 "d:\\practise\\f407_disc\\lvgl\\lvgl\\src/core/lv_obj_draw.h"
 510              		.file 27 "d:\\practise\\f407_disc\\lvgl\\lvgl\\src/core/lv_obj_class.h"
 511              		.file 28 "d:\\practise\\f407_disc\\lvgl\\lvgl\\src/core/lv_event.h"
 512              		.file 29 "d:\\practise\\f407_disc\\lvgl\\lvgl\\src/widgets/lv_arc.h"
 513              		.file 30 "d:\\practise\\f407_disc\\lvgl\\lvgl\\src/widgets/lv_btn.h"
 514              		.file 31 "d:\\practise\\f407_disc\\lvgl\\lvgl\\src/widgets/lv_img.h"
 515              		.file 32 "d:\\practise\\f407_disc\\lvgl\\lvgl\\src/widgets/lv_label.h"
 516              		.file 33 "d:\\practise\\f407_disc\\lvgl\\lvgl\\src/widgets/lv_line.h"
 517              		.file 34 "d:\\practise\\f407_disc\\lvgl\\lvgl\\src/widgets/lv_table.h"
 518              		.file 35 "d:\\practise\\f407_disc\\lvgl\\lvgl\\src/widgets/lv_checkbox.h"
 519              		.file 36 "d:\\practise\\f407_disc\\lvgl\\lvgl\\src/widgets/lv_bar.h"
 520              		.file 37 "d:\\practise\\f407_disc\\lvgl\\lvgl\\src/widgets/lv_slider.h"
 521              		.file 38 "d:\\practise\\f407_disc\\lvgl\\lvgl\\src/widgets/lv_btnmatrix.h"
 522              		.file 39 "d:\\practise\\f407_disc\\lvgl\\lvgl\\src/widgets/lv_dropdown.h"
 523              		.file 40 "d:\\practise\\f407_disc\\lvgl\\lvgl\\src/widgets/lv_roller.h"
 524              		.file 41 "d:\\practise\\f407_disc\\lvgl\\lvgl\\src/widgets/lv_textarea.h"
 525              		.file 42 "d:\\practise\\f407_disc\\lvgl\\lvgl\\src/widgets/lv_canvas.h"
 526              		.file 43 "d:\\practise\\f407_disc\\lvgl\\lvgl\\src/widgets/lv_switch.h"
 527              		.file 44 "d:\\practise\\f407_disc\\lvgl\\lvgl\\src/extra/widgets/animimg/lv_animimg.h"
 528              		.file 45 "d:\\practise\\f407_disc\\lvgl\\lvgl\\src/extra/widgets/calendar/lv_calendar.h"
 529              		.file 46 "d:\\practise\\f407_disc\\lvgl\\lvgl\\src/extra/widgets/calendar/lv_calendar_header_arrow
 530              		.file 47 "d:\\practise\\f407_disc\\lvgl\\lvgl\\src/extra/widgets/calendar/lv_calendar_header_dropd
 531              		.file 48 "d:\\practise\\f407_disc\\lvgl\\lvgl\\src/extra/widgets/chart/lv_chart.h"
 532              		.file 49 "d:\\practise\\f407_disc\\lvgl\\lvgl\\src/extra/widgets/keyboard/lv_keyboard.h"
 533              		.file 50 "d:\\practise\\f407_disc\\lvgl\\lvgl\\src\\extra\\layouts\\flex\\lv_flex.h"
 534              		.file 51 "d:\\practise\\f407_disc\\lvgl\\lvgl\\src/extra/widgets/list/lv_list.h"
 535              		.file 52 "d:\\practise\\f407_disc\\lvgl\\lvgl\\src/extra/widgets/msgbox/lv_msgbox.h"
ARM GAS  C:\Users\gx\AppData\Local\Temp\ccdSSTLR.s 			page 18


 536              		.file 53 "d:\\practise\\f407_disc\\lvgl\\lvgl\\src/extra/widgets/meter/lv_meter.h"
 537              		.file 54 "d:\\practise\\f407_disc\\lvgl\\lvgl\\src/extra/widgets/spinbox/lv_spinbox.h"
 538              		.file 55 "d:\\practise\\f407_disc\\lvgl\\lvgl\\src/extra/widgets/spinner/lv_spinner.h"
 539              		.file 56 "d:\\practise\\f407_disc\\lvgl\\lvgl\\src/extra/widgets/tabview/lv_tabview.h"
 540              		.file 57 "d:\\practise\\f407_disc\\lvgl\\lvgl\\src/extra/widgets/tileview/lv_tileview.h"
 541              		.file 58 "d:\\practise\\f407_disc\\lvgl\\lvgl\\src/extra/widgets/win/lv_win.h"
 542              		.file 59 "d:\\practise\\f407_disc\\lvgl\\lvgl\\src/extra/widgets/colorwheel/lv_colorwheel.h"
 543              		.file 60 "d:\\practise\\f407_disc\\lvgl\\lvgl\\src/extra/widgets/led/lv_led.h"
 544              		.file 61 "d:\\practise\\f407_disc\\lvgl\\lvgl\\src/extra/widgets/imgbtn/lv_imgbtn.h"
 545              		.file 62 "d:\\practise\\f407_disc\\lvgl\\lvgl\\src/extra/widgets/span/lv_span.h"
 546              		.file 63 "d:\\practise\\f407_disc\\lvgl\\lvgl\\src/extra/layouts/grid/lv_grid.h"
 547              		.file 64 "d:\\practise\\f407_disc\\lvgl\\lvgl\\src/hal/lv_hal_disp.h"
ARM GAS  C:\Users\gx\AppData\Local\Temp\ccdSSTLR.s 			page 19


DEFINED SYMBOLS
                            *ABS*:00000000 lv_example_chart_3.c
C:\Users\gx\AppData\Local\Temp\ccdSSTLR.s:15     .rodata.str1.4:00000000 $d
C:\Users\gx\AppData\Local\Temp\ccdSSTLR.s:55     .text.draw_event_cb:00000000 $t
C:\Users\gx\AppData\Local\Temp\ccdSSTLR.s:62     .text.draw_event_cb:00000000 draw_event_cb
C:\Users\gx\AppData\Local\Temp\ccdSSTLR.s:143    .text.draw_event_cb:00000048 $d
C:\Users\gx\AppData\Local\Temp\ccdSSTLR.s:150    .text.lv_example_chart_3:00000000 $t
C:\Users\gx\AppData\Local\Temp\ccdSSTLR.s:157    .text.lv_example_chart_3:00000000 lv_example_chart_3
C:\Users\gx\AppData\Local\Temp\ccdSSTLR.s:465    .text.lv_example_chart_3:0000019c $d
C:\Users\gx\AppData\Local\Temp\ccdSSTLR.s:470    .rodata:00000000 $d

UNDEFINED SYMBOLS
lv_event_get_draw_part_dsc
lv_obj_draw_part_check_type
lv_chart_class
lv_disp_get_default
lv_disp_get_scr_act
lv_chart_create
lv_obj_set_size
lv_obj_align
lv_chart_set_type
lv_chart_set_range
lv_chart_set_point_count
lv_obj_add_event_cb
lv_chart_set_axis_tick
lv_chart_set_zoom_x
lv_palette_lighten
lv_chart_add_series
lv_palette_darken
lv_chart_set_next_value
lv_chart_get_y_array
lv_chart_refresh
