ARM GAS  C:\Users\gx\AppData\Local\Temp\ccJanbr3.s 			page 1


   1              		.cpu cortex-m4
   2              		.eabi_attribute 27, 1
   3              		.eabi_attribute 28, 1
   4              		.eabi_attribute 20, 1
   5              		.eabi_attribute 21, 1
   6              		.eabi_attribute 23, 3
   7              		.eabi_attribute 24, 1
   8              		.eabi_attribute 25, 1
   9              		.eabi_attribute 26, 1
  10              		.eabi_attribute 30, 1
  11              		.eabi_attribute 34, 1
  12              		.eabi_attribute 18, 4
  13              		.file	"lv_example_textarea_1.c"
  14              		.text
  15              	.Ltext0:
  16              		.cfi_sections	.debug_frame
  17              		.section	.rodata.btnm_event_handler.str1.4,"aMS",%progbits,1
  18              		.align	2
  19              	.LC0:
  20 0000 EF959A00 		.ascii	"\357\225\232\000"
  21              		.align	2
  22              	.LC1:
  23 0004 EFA2A200 		.ascii	"\357\242\242\000"
  24              		.section	.text.btnm_event_handler,"ax",%progbits
  25              		.align	1
  26              		.arch armv7e-m
  27              		.syntax unified
  28              		.thumb
  29              		.thumb_func
  30              		.fpu fpv4-sp-d16
  32              	btnm_event_handler:
  33              	.LVL0:
  34              	.LFB190:
  35              		.file 1 "lvgl/lvgl/examples/widgets/textarea/lv_example_textarea_1.c"
   1:lvgl/lvgl/examples/widgets/textarea/lv_example_textarea_1.c **** #include "../../lv_examples.h"
   2:lvgl/lvgl/examples/widgets/textarea/lv_example_textarea_1.c **** #if LV_USE_TEXTAREA && LV_BUILD_EXAMPLES
   3:lvgl/lvgl/examples/widgets/textarea/lv_example_textarea_1.c **** 
   4:lvgl/lvgl/examples/widgets/textarea/lv_example_textarea_1.c **** static void textarea_event_handler(lv_event_t * e)
   5:lvgl/lvgl/examples/widgets/textarea/lv_example_textarea_1.c **** {
   6:lvgl/lvgl/examples/widgets/textarea/lv_example_textarea_1.c ****     lv_obj_t * ta = lv_event_get_target(e);
   7:lvgl/lvgl/examples/widgets/textarea/lv_example_textarea_1.c ****     LV_LOG_USER("Enter was pressed. The current text is: %s", lv_textarea_get_text(ta));
   8:lvgl/lvgl/examples/widgets/textarea/lv_example_textarea_1.c **** }
   9:lvgl/lvgl/examples/widgets/textarea/lv_example_textarea_1.c **** 
  10:lvgl/lvgl/examples/widgets/textarea/lv_example_textarea_1.c **** static void btnm_event_handler(lv_event_t * e)
  11:lvgl/lvgl/examples/widgets/textarea/lv_example_textarea_1.c **** {
  36              		.loc 1 11 1 view -0
  37              		.cfi_startproc
  38              		@ args = 0, pretend = 0, frame = 0
  39              		@ frame_needed = 0, uses_anonymous_args = 0
  40              		.loc 1 11 1 is_stmt 0 view .LVU1
  41 0000 38B5     		push	{r3, r4, r5, lr}
  42              	.LCFI0:
  43              		.cfi_def_cfa_offset 16
  44              		.cfi_offset 3, -16
  45              		.cfi_offset 4, -12
  46              		.cfi_offset 5, -8
  47              		.cfi_offset 14, -4
ARM GAS  C:\Users\gx\AppData\Local\Temp\ccJanbr3.s 			page 2


  48 0002 0546     		mov	r5, r0
  12:lvgl/lvgl/examples/widgets/textarea/lv_example_textarea_1.c ****     lv_obj_t * obj = lv_event_get_target(e);
  49              		.loc 1 12 5 is_stmt 1 view .LVU2
  50              		.loc 1 12 22 is_stmt 0 view .LVU3
  51 0004 FFF7FEFF 		bl	lv_event_get_target
  52              	.LVL1:
  53              		.loc 1 12 22 view .LVU4
  54 0008 0446     		mov	r4, r0
  55              	.LVL2:
  13:lvgl/lvgl/examples/widgets/textarea/lv_example_textarea_1.c ****     lv_obj_t * ta = lv_event_get_user_data(e);
  56              		.loc 1 13 5 is_stmt 1 view .LVU5
  57              		.loc 1 13 21 is_stmt 0 view .LVU6
  58 000a 2846     		mov	r0, r5
  59              	.LVL3:
  60              		.loc 1 13 21 view .LVU7
  61 000c FFF7FEFF 		bl	lv_event_get_user_data
  62              	.LVL4:
  63 0010 0546     		mov	r5, r0
  64              	.LVL5:
  14:lvgl/lvgl/examples/widgets/textarea/lv_example_textarea_1.c ****     const char * txt = lv_btnmatrix_get_btn_text(obj, lv_btnmatrix_get_selected_btn(obj));
  65              		.loc 1 14 5 is_stmt 1 view .LVU8
  66              		.loc 1 14 24 is_stmt 0 view .LVU9
  67 0012 2046     		mov	r0, r4
  68              	.LVL6:
  69              		.loc 1 14 24 view .LVU10
  70 0014 FFF7FEFF 		bl	lv_btnmatrix_get_selected_btn
  71              	.LVL7:
  72 0018 0146     		mov	r1, r0
  73 001a 2046     		mov	r0, r4
  74 001c FFF7FEFF 		bl	lv_btnmatrix_get_btn_text
  75              	.LVL8:
  76 0020 0446     		mov	r4, r0
  77              	.LVL9:
  15:lvgl/lvgl/examples/widgets/textarea/lv_example_textarea_1.c **** 
  16:lvgl/lvgl/examples/widgets/textarea/lv_example_textarea_1.c ****     if(strcmp(txt, LV_SYMBOL_BACKSPACE) == 0) lv_textarea_del_char(ta);
  78              		.loc 1 16 5 is_stmt 1 view .LVU11
  79              		.loc 1 16 8 is_stmt 0 view .LVU12
  80 0022 0C49     		ldr	r1, .L7
  81 0024 FFF7FEFF 		bl	strcmp
  82              	.LVL10:
  83              		.loc 1 16 7 view .LVU13
  84 0028 50B1     		cbz	r0, .L6
  17:lvgl/lvgl/examples/widgets/textarea/lv_example_textarea_1.c ****     else if(strcmp(txt, LV_SYMBOL_NEW_LINE) == 0) lv_event_send(ta, LV_EVENT_READY, NULL);
  85              		.loc 1 17 10 is_stmt 1 view .LVU14
  86              		.loc 1 17 13 is_stmt 0 view .LVU15
  87 002a 0B49     		ldr	r1, .L7+4
  88 002c 2046     		mov	r0, r4
  89 002e FFF7FEFF 		bl	strcmp
  90              	.LVL11:
  91              		.loc 1 17 12 view .LVU16
  92 0032 48B9     		cbnz	r0, .L4
  93              		.loc 1 17 51 is_stmt 1 discriminator 1 view .LVU17
  94 0034 0022     		movs	r2, #0
  95 0036 1F21     		movs	r1, #31
  96 0038 2846     		mov	r0, r5
  97 003a FFF7FEFF 		bl	lv_event_send
  98              	.LVL12:
ARM GAS  C:\Users\gx\AppData\Local\Temp\ccJanbr3.s 			page 3


  99              	.L1:
  18:lvgl/lvgl/examples/widgets/textarea/lv_example_textarea_1.c ****     else lv_textarea_add_text(ta, txt);
  19:lvgl/lvgl/examples/widgets/textarea/lv_example_textarea_1.c **** 
  20:lvgl/lvgl/examples/widgets/textarea/lv_example_textarea_1.c **** }
 100              		.loc 1 20 1 is_stmt 0 view .LVU18
 101 003e 38BD     		pop	{r3, r4, r5, pc}
 102              	.LVL13:
 103              	.L6:
  16:lvgl/lvgl/examples/widgets/textarea/lv_example_textarea_1.c ****     else if(strcmp(txt, LV_SYMBOL_NEW_LINE) == 0) lv_event_send(ta, LV_EVENT_READY, NULL);
 104              		.loc 1 16 47 is_stmt 1 discriminator 1 view .LVU19
 105 0040 2846     		mov	r0, r5
 106 0042 FFF7FEFF 		bl	lv_textarea_del_char
 107              	.LVL14:
 108 0046 FAE7     		b	.L1
 109              	.L4:
  18:lvgl/lvgl/examples/widgets/textarea/lv_example_textarea_1.c ****     else lv_textarea_add_text(ta, txt);
 110              		.loc 1 18 10 view .LVU20
 111 0048 2146     		mov	r1, r4
 112 004a 2846     		mov	r0, r5
 113 004c FFF7FEFF 		bl	lv_textarea_add_text
 114              	.LVL15:
 115              		.loc 1 20 1 is_stmt 0 view .LVU21
 116 0050 F5E7     		b	.L1
 117              	.L8:
 118 0052 00BF     		.align	2
 119              	.L7:
 120 0054 00000000 		.word	.LC0
 121 0058 04000000 		.word	.LC1
 122              		.cfi_endproc
 123              	.LFE190:
 125              		.section	.rodata.textarea_event_handler.str1.4,"aMS",%progbits,1
 126              		.align	2
 127              	.LC2:
 128 0000 6C76676C 		.ascii	"lvgl/lvgl/examples/widgets/textarea/lv_example_text"
 128      2F6C7667 
 128      6C2F6578 
 128      616D706C 
 128      65732F77 
 129 0033 61726561 		.ascii	"area_1.c\000"
 129      5F312E63 
 129      00
 130              		.align	2
 131              	.LC3:
 132 003c 456E7465 		.ascii	"Enter was pressed. The current text is: %s\000"
 132      72207761 
 132      73207072 
 132      65737365 
 132      642E2054 
 133              		.section	.text.textarea_event_handler,"ax",%progbits
 134              		.align	1
 135              		.syntax unified
 136              		.thumb
 137              		.thumb_func
 138              		.fpu fpv4-sp-d16
 140              	textarea_event_handler:
 141              	.LVL16:
 142              	.LFB189:
ARM GAS  C:\Users\gx\AppData\Local\Temp\ccJanbr3.s 			page 4


   5:lvgl/lvgl/examples/widgets/textarea/lv_example_textarea_1.c ****     lv_obj_t * ta = lv_event_get_target(e);
 143              		.loc 1 5 1 is_stmt 1 view -0
 144              		.cfi_startproc
 145              		@ args = 0, pretend = 0, frame = 0
 146              		@ frame_needed = 0, uses_anonymous_args = 0
   5:lvgl/lvgl/examples/widgets/textarea/lv_example_textarea_1.c ****     lv_obj_t * ta = lv_event_get_target(e);
 147              		.loc 1 5 1 is_stmt 0 view .LVU23
 148 0000 00B5     		push	{lr}
 149              	.LCFI1:
 150              		.cfi_def_cfa_offset 4
 151              		.cfi_offset 14, -4
 152 0002 83B0     		sub	sp, sp, #12
 153              	.LCFI2:
 154              		.cfi_def_cfa_offset 16
   6:lvgl/lvgl/examples/widgets/textarea/lv_example_textarea_1.c ****     LV_LOG_USER("Enter was pressed. The current text is: %s", lv_textarea_get_text(ta));
 155              		.loc 1 6 5 is_stmt 1 view .LVU24
   6:lvgl/lvgl/examples/widgets/textarea/lv_example_textarea_1.c ****     LV_LOG_USER("Enter was pressed. The current text is: %s", lv_textarea_get_text(ta));
 156              		.loc 1 6 21 is_stmt 0 view .LVU25
 157 0004 FFF7FEFF 		bl	lv_event_get_target
 158              	.LVL17:
   7:lvgl/lvgl/examples/widgets/textarea/lv_example_textarea_1.c **** }
 159              		.loc 1 7 5 is_stmt 1 view .LVU26
 160 0008 FFF7FEFF 		bl	lv_textarea_get_text
 161              	.LVL18:
   7:lvgl/lvgl/examples/widgets/textarea/lv_example_textarea_1.c **** }
 162              		.loc 1 7 5 is_stmt 0 view .LVU27
 163 000c 0190     		str	r0, [sp, #4]
 164 000e 054B     		ldr	r3, .L11
 165 0010 0093     		str	r3, [sp]
 166 0012 054B     		ldr	r3, .L11+4
 167 0014 0722     		movs	r2, #7
 168 0016 0549     		ldr	r1, .L11+8
 169 0018 0420     		movs	r0, #4
 170 001a FFF7FEFF 		bl	_lv_log_add
 171              	.LVL19:
   7:lvgl/lvgl/examples/widgets/textarea/lv_example_textarea_1.c **** }
 172              		.loc 1 7 88 is_stmt 1 view .LVU28
   8:lvgl/lvgl/examples/widgets/textarea/lv_example_textarea_1.c **** 
 173              		.loc 1 8 1 is_stmt 0 view .LVU29
 174 001e 03B0     		add	sp, sp, #12
 175              	.LCFI3:
 176              		.cfi_def_cfa_offset 4
 177              		@ sp needed
 178 0020 5DF804FB 		ldr	pc, [sp], #4
 179              	.L12:
 180              		.align	2
 181              	.L11:
 182 0024 3C000000 		.word	.LC3
 183 0028 00000000 		.word	.LANCHOR0
 184 002c 00000000 		.word	.LC2
 185              		.cfi_endproc
 186              	.LFE189:
 188              		.section	.text.lv_example_textarea_1,"ax",%progbits
 189              		.align	1
 190              		.global	lv_example_textarea_1
 191              		.syntax unified
 192              		.thumb
ARM GAS  C:\Users\gx\AppData\Local\Temp\ccJanbr3.s 			page 5


 193              		.thumb_func
 194              		.fpu fpv4-sp-d16
 196              	lv_example_textarea_1:
 197              	.LFB191:
  21:lvgl/lvgl/examples/widgets/textarea/lv_example_textarea_1.c **** 
  22:lvgl/lvgl/examples/widgets/textarea/lv_example_textarea_1.c **** void lv_example_textarea_1(void)
  23:lvgl/lvgl/examples/widgets/textarea/lv_example_textarea_1.c **** {
 198              		.loc 1 23 1 is_stmt 1 view -0
 199              		.cfi_startproc
 200              		@ args = 0, pretend = 0, frame = 0
 201              		@ frame_needed = 0, uses_anonymous_args = 0
 202 0000 38B5     		push	{r3, r4, r5, lr}
 203              	.LCFI4:
 204              		.cfi_def_cfa_offset 16
 205              		.cfi_offset 3, -16
 206              		.cfi_offset 4, -12
 207              		.cfi_offset 5, -8
 208              		.cfi_offset 14, -4
  24:lvgl/lvgl/examples/widgets/textarea/lv_example_textarea_1.c ****     lv_obj_t * ta = lv_textarea_create(lv_scr_act());
 209              		.loc 1 24 5 view .LVU31
 210              	.LBB6:
 211              	.LBI6:
 212              		.file 2 "d:\\practise\\f407_disc\\lvgl\\lvgl\\src/core/lv_disp.h"
   1:d:\practise\f407_disc\lvgl\lvgl\src/core\lv_disp.h **** /**
   2:d:\practise\f407_disc\lvgl\lvgl\src/core\lv_disp.h ****  * @file lv_disp.h
   3:d:\practise\f407_disc\lvgl\lvgl\src/core\lv_disp.h ****  *
   4:d:\practise\f407_disc\lvgl\lvgl\src/core\lv_disp.h ****  */
   5:d:\practise\f407_disc\lvgl\lvgl\src/core\lv_disp.h **** 
   6:d:\practise\f407_disc\lvgl\lvgl\src/core\lv_disp.h **** #ifndef LV_DISP_H
   7:d:\practise\f407_disc\lvgl\lvgl\src/core\lv_disp.h **** #define LV_DISP_H
   8:d:\practise\f407_disc\lvgl\lvgl\src/core\lv_disp.h **** 
   9:d:\practise\f407_disc\lvgl\lvgl\src/core\lv_disp.h **** #ifdef __cplusplus
  10:d:\practise\f407_disc\lvgl\lvgl\src/core\lv_disp.h **** extern "C" {
  11:d:\practise\f407_disc\lvgl\lvgl\src/core\lv_disp.h **** #endif
  12:d:\practise\f407_disc\lvgl\lvgl\src/core\lv_disp.h **** 
  13:d:\practise\f407_disc\lvgl\lvgl\src/core\lv_disp.h **** /*********************
  14:d:\practise\f407_disc\lvgl\lvgl\src/core\lv_disp.h ****  *      INCLUDES
  15:d:\practise\f407_disc\lvgl\lvgl\src/core\lv_disp.h ****  *********************/
  16:d:\practise\f407_disc\lvgl\lvgl\src/core\lv_disp.h **** #include "../hal/lv_hal.h"
  17:d:\practise\f407_disc\lvgl\lvgl\src/core\lv_disp.h **** #include "lv_obj.h"
  18:d:\practise\f407_disc\lvgl\lvgl\src/core\lv_disp.h **** #include "lv_theme.h"
  19:d:\practise\f407_disc\lvgl\lvgl\src/core\lv_disp.h **** 
  20:d:\practise\f407_disc\lvgl\lvgl\src/core\lv_disp.h **** /*********************
  21:d:\practise\f407_disc\lvgl\lvgl\src/core\lv_disp.h ****  *      DEFINES
  22:d:\practise\f407_disc\lvgl\lvgl\src/core\lv_disp.h ****  *********************/
  23:d:\practise\f407_disc\lvgl\lvgl\src/core\lv_disp.h **** 
  24:d:\practise\f407_disc\lvgl\lvgl\src/core\lv_disp.h **** /**********************
  25:d:\practise\f407_disc\lvgl\lvgl\src/core\lv_disp.h ****  *      TYPEDEFS
  26:d:\practise\f407_disc\lvgl\lvgl\src/core\lv_disp.h ****  **********************/
  27:d:\practise\f407_disc\lvgl\lvgl\src/core\lv_disp.h **** 
  28:d:\practise\f407_disc\lvgl\lvgl\src/core\lv_disp.h **** typedef enum {
  29:d:\practise\f407_disc\lvgl\lvgl\src/core\lv_disp.h ****     LV_SCR_LOAD_ANIM_NONE,
  30:d:\practise\f407_disc\lvgl\lvgl\src/core\lv_disp.h ****     LV_SCR_LOAD_ANIM_OVER_LEFT,
  31:d:\practise\f407_disc\lvgl\lvgl\src/core\lv_disp.h ****     LV_SCR_LOAD_ANIM_OVER_RIGHT,
  32:d:\practise\f407_disc\lvgl\lvgl\src/core\lv_disp.h ****     LV_SCR_LOAD_ANIM_OVER_TOP,
  33:d:\practise\f407_disc\lvgl\lvgl\src/core\lv_disp.h ****     LV_SCR_LOAD_ANIM_OVER_BOTTOM,
  34:d:\practise\f407_disc\lvgl\lvgl\src/core\lv_disp.h ****     LV_SCR_LOAD_ANIM_MOVE_LEFT,
ARM GAS  C:\Users\gx\AppData\Local\Temp\ccJanbr3.s 			page 6


  35:d:\practise\f407_disc\lvgl\lvgl\src/core\lv_disp.h ****     LV_SCR_LOAD_ANIM_MOVE_RIGHT,
  36:d:\practise\f407_disc\lvgl\lvgl\src/core\lv_disp.h ****     LV_SCR_LOAD_ANIM_MOVE_TOP,
  37:d:\practise\f407_disc\lvgl\lvgl\src/core\lv_disp.h ****     LV_SCR_LOAD_ANIM_MOVE_BOTTOM,
  38:d:\practise\f407_disc\lvgl\lvgl\src/core\lv_disp.h ****     LV_SCR_LOAD_ANIM_FADE_ON,
  39:d:\practise\f407_disc\lvgl\lvgl\src/core\lv_disp.h **** } lv_scr_load_anim_t;
  40:d:\practise\f407_disc\lvgl\lvgl\src/core\lv_disp.h **** 
  41:d:\practise\f407_disc\lvgl\lvgl\src/core\lv_disp.h **** /**********************
  42:d:\practise\f407_disc\lvgl\lvgl\src/core\lv_disp.h ****  * GLOBAL PROTOTYPES
  43:d:\practise\f407_disc\lvgl\lvgl\src/core\lv_disp.h ****  **********************/
  44:d:\practise\f407_disc\lvgl\lvgl\src/core\lv_disp.h **** 
  45:d:\practise\f407_disc\lvgl\lvgl\src/core\lv_disp.h **** /**
  46:d:\practise\f407_disc\lvgl\lvgl\src/core\lv_disp.h ****  * Return with a pointer to the active screen
  47:d:\practise\f407_disc\lvgl\lvgl\src/core\lv_disp.h ****  * @param disp pointer to display which active screen should be get. (NULL to use the default
  48:d:\practise\f407_disc\lvgl\lvgl\src/core\lv_disp.h ****  * screen)
  49:d:\practise\f407_disc\lvgl\lvgl\src/core\lv_disp.h ****  * @return pointer to the active screen object (loaded by 'lv_scr_load()')
  50:d:\practise\f407_disc\lvgl\lvgl\src/core\lv_disp.h ****  */
  51:d:\practise\f407_disc\lvgl\lvgl\src/core\lv_disp.h **** lv_obj_t * lv_disp_get_scr_act(lv_disp_t * disp);
  52:d:\practise\f407_disc\lvgl\lvgl\src/core\lv_disp.h **** 
  53:d:\practise\f407_disc\lvgl\lvgl\src/core\lv_disp.h **** /**
  54:d:\practise\f407_disc\lvgl\lvgl\src/core\lv_disp.h ****  * Return with a pointer to the previous screen. Only used during screen transitions.
  55:d:\practise\f407_disc\lvgl\lvgl\src/core\lv_disp.h ****  * @param disp pointer to display which previous screen should be get. (NULL to use the default
  56:d:\practise\f407_disc\lvgl\lvgl\src/core\lv_disp.h ****  * screen)
  57:d:\practise\f407_disc\lvgl\lvgl\src/core\lv_disp.h ****  * @return pointer to the previous screen object or NULL if not used now
  58:d:\practise\f407_disc\lvgl\lvgl\src/core\lv_disp.h ****  */
  59:d:\practise\f407_disc\lvgl\lvgl\src/core\lv_disp.h **** lv_obj_t * lv_disp_get_scr_prev(lv_disp_t * disp);
  60:d:\practise\f407_disc\lvgl\lvgl\src/core\lv_disp.h **** 
  61:d:\practise\f407_disc\lvgl\lvgl\src/core\lv_disp.h **** /**
  62:d:\practise\f407_disc\lvgl\lvgl\src/core\lv_disp.h ****  * Make a screen active
  63:d:\practise\f407_disc\lvgl\lvgl\src/core\lv_disp.h ****  * @param scr pointer to a screen
  64:d:\practise\f407_disc\lvgl\lvgl\src/core\lv_disp.h ****  */
  65:d:\practise\f407_disc\lvgl\lvgl\src/core\lv_disp.h **** void lv_disp_load_scr(lv_obj_t * scr);
  66:d:\practise\f407_disc\lvgl\lvgl\src/core\lv_disp.h **** 
  67:d:\practise\f407_disc\lvgl\lvgl\src/core\lv_disp.h **** /**
  68:d:\practise\f407_disc\lvgl\lvgl\src/core\lv_disp.h ****  * Return with the top layer. (Same on every screen and it is above the normal screen layer)
  69:d:\practise\f407_disc\lvgl\lvgl\src/core\lv_disp.h ****  * @param disp pointer to display which top layer should be get. (NULL to use the default screen)
  70:d:\practise\f407_disc\lvgl\lvgl\src/core\lv_disp.h ****  * @return pointer to the top layer object  (transparent screen sized lv_obj)
  71:d:\practise\f407_disc\lvgl\lvgl\src/core\lv_disp.h ****  */
  72:d:\practise\f407_disc\lvgl\lvgl\src/core\lv_disp.h **** lv_obj_t * lv_disp_get_layer_top(lv_disp_t * disp);
  73:d:\practise\f407_disc\lvgl\lvgl\src/core\lv_disp.h **** 
  74:d:\practise\f407_disc\lvgl\lvgl\src/core\lv_disp.h **** /**
  75:d:\practise\f407_disc\lvgl\lvgl\src/core\lv_disp.h ****  * Return with the sys. layer. (Same on every screen and it is above the normal screen and the top
  76:d:\practise\f407_disc\lvgl\lvgl\src/core\lv_disp.h ****  * layer)
  77:d:\practise\f407_disc\lvgl\lvgl\src/core\lv_disp.h ****  * @param disp pointer to display which sys. layer  should be get. (NULL to use the default screen)
  78:d:\practise\f407_disc\lvgl\lvgl\src/core\lv_disp.h ****  * @return pointer to the sys layer object  (transparent screen sized lv_obj)
  79:d:\practise\f407_disc\lvgl\lvgl\src/core\lv_disp.h ****  */
  80:d:\practise\f407_disc\lvgl\lvgl\src/core\lv_disp.h **** lv_obj_t * lv_disp_get_layer_sys(lv_disp_t * disp);
  81:d:\practise\f407_disc\lvgl\lvgl\src/core\lv_disp.h **** 
  82:d:\practise\f407_disc\lvgl\lvgl\src/core\lv_disp.h **** /**
  83:d:\practise\f407_disc\lvgl\lvgl\src/core\lv_disp.h ****  * Get the theme of a display
  84:d:\practise\f407_disc\lvgl\lvgl\src/core\lv_disp.h ****  * @param disp pointer to a display
  85:d:\practise\f407_disc\lvgl\lvgl\src/core\lv_disp.h ****  * @return the display's theme (can be NULL)
  86:d:\practise\f407_disc\lvgl\lvgl\src/core\lv_disp.h ****  */
  87:d:\practise\f407_disc\lvgl\lvgl\src/core\lv_disp.h **** void lv_disp_set_theme(lv_disp_t * disp, lv_theme_t * th);
  88:d:\practise\f407_disc\lvgl\lvgl\src/core\lv_disp.h **** 
  89:d:\practise\f407_disc\lvgl\lvgl\src/core\lv_disp.h **** /**
  90:d:\practise\f407_disc\lvgl\lvgl\src/core\lv_disp.h ****  * Get the theme of a display
  91:d:\practise\f407_disc\lvgl\lvgl\src/core\lv_disp.h ****  * @param disp pointer to a display
ARM GAS  C:\Users\gx\AppData\Local\Temp\ccJanbr3.s 			page 7


  92:d:\practise\f407_disc\lvgl\lvgl\src/core\lv_disp.h ****  * @return the display's theme (can be NULL)
  93:d:\practise\f407_disc\lvgl\lvgl\src/core\lv_disp.h ****  */
  94:d:\practise\f407_disc\lvgl\lvgl\src/core\lv_disp.h **** lv_theme_t * lv_disp_get_theme(lv_disp_t * disp);
  95:d:\practise\f407_disc\lvgl\lvgl\src/core\lv_disp.h **** 
  96:d:\practise\f407_disc\lvgl\lvgl\src/core\lv_disp.h **** /**
  97:d:\practise\f407_disc\lvgl\lvgl\src/core\lv_disp.h ****  * Set the background color of a display
  98:d:\practise\f407_disc\lvgl\lvgl\src/core\lv_disp.h ****  * @param disp pointer to a display
  99:d:\practise\f407_disc\lvgl\lvgl\src/core\lv_disp.h ****  * @param color color of the background
 100:d:\practise\f407_disc\lvgl\lvgl\src/core\lv_disp.h ****  */
 101:d:\practise\f407_disc\lvgl\lvgl\src/core\lv_disp.h **** void lv_disp_set_bg_color(lv_disp_t * disp, lv_color_t color);
 102:d:\practise\f407_disc\lvgl\lvgl\src/core\lv_disp.h **** 
 103:d:\practise\f407_disc\lvgl\lvgl\src/core\lv_disp.h **** /**
 104:d:\practise\f407_disc\lvgl\lvgl\src/core\lv_disp.h ****  * Set the background image of a display
 105:d:\practise\f407_disc\lvgl\lvgl\src/core\lv_disp.h ****  * @param disp pointer to a display
 106:d:\practise\f407_disc\lvgl\lvgl\src/core\lv_disp.h ****  * @param img_src path to file or pointer to an `lv_img_dsc_t` variable
 107:d:\practise\f407_disc\lvgl\lvgl\src/core\lv_disp.h ****  */
 108:d:\practise\f407_disc\lvgl\lvgl\src/core\lv_disp.h **** void lv_disp_set_bg_image(lv_disp_t * disp, const void  * img_src);
 109:d:\practise\f407_disc\lvgl\lvgl\src/core\lv_disp.h **** 
 110:d:\practise\f407_disc\lvgl\lvgl\src/core\lv_disp.h **** /**
 111:d:\practise\f407_disc\lvgl\lvgl\src/core\lv_disp.h ****  * Opacity of the background
 112:d:\practise\f407_disc\lvgl\lvgl\src/core\lv_disp.h ****  * @param disp pointer to a display
 113:d:\practise\f407_disc\lvgl\lvgl\src/core\lv_disp.h ****  * @param opa opacity (0..255)
 114:d:\practise\f407_disc\lvgl\lvgl\src/core\lv_disp.h ****  */
 115:d:\practise\f407_disc\lvgl\lvgl\src/core\lv_disp.h **** void lv_disp_set_bg_opa(lv_disp_t * disp, lv_opa_t opa);
 116:d:\practise\f407_disc\lvgl\lvgl\src/core\lv_disp.h **** 
 117:d:\practise\f407_disc\lvgl\lvgl\src/core\lv_disp.h **** /**
 118:d:\practise\f407_disc\lvgl\lvgl\src/core\lv_disp.h ****  * Switch screen with animation
 119:d:\practise\f407_disc\lvgl\lvgl\src/core\lv_disp.h ****  * @param scr pointer to the new screen to load
 120:d:\practise\f407_disc\lvgl\lvgl\src/core\lv_disp.h ****  * @param anim_type type of the animation from `lv_scr_load_anim_t`. E.g.  `LV_SCR_LOAD_ANIM_MOVE_L
 121:d:\practise\f407_disc\lvgl\lvgl\src/core\lv_disp.h ****  * @param time time of the animation
 122:d:\practise\f407_disc\lvgl\lvgl\src/core\lv_disp.h ****  * @param delay delay before the transition
 123:d:\practise\f407_disc\lvgl\lvgl\src/core\lv_disp.h ****  * @param auto_del true: automatically delete the old screen
 124:d:\practise\f407_disc\lvgl\lvgl\src/core\lv_disp.h ****  */
 125:d:\practise\f407_disc\lvgl\lvgl\src/core\lv_disp.h **** void lv_scr_load_anim(lv_obj_t * scr, lv_scr_load_anim_t anim_type, uint32_t time, uint32_t delay, 
 126:d:\practise\f407_disc\lvgl\lvgl\src/core\lv_disp.h **** 
 127:d:\practise\f407_disc\lvgl\lvgl\src/core\lv_disp.h **** /**
 128:d:\practise\f407_disc\lvgl\lvgl\src/core\lv_disp.h ****  * Get elapsed time since last user activity on a display (e.g. click)
 129:d:\practise\f407_disc\lvgl\lvgl\src/core\lv_disp.h ****  * @param disp pointer to an display (NULL to get the overall smallest inactivity)
 130:d:\practise\f407_disc\lvgl\lvgl\src/core\lv_disp.h ****  * @return elapsed ticks (milliseconds) since the last activity
 131:d:\practise\f407_disc\lvgl\lvgl\src/core\lv_disp.h ****  */
 132:d:\practise\f407_disc\lvgl\lvgl\src/core\lv_disp.h **** uint32_t lv_disp_get_inactive_time(const lv_disp_t * disp);
 133:d:\practise\f407_disc\lvgl\lvgl\src/core\lv_disp.h **** 
 134:d:\practise\f407_disc\lvgl\lvgl\src/core\lv_disp.h **** /**
 135:d:\practise\f407_disc\lvgl\lvgl\src/core\lv_disp.h ****  * Manually trigger an activity on a display
 136:d:\practise\f407_disc\lvgl\lvgl\src/core\lv_disp.h ****  * @param disp pointer to an display (NULL to use the default display)
 137:d:\practise\f407_disc\lvgl\lvgl\src/core\lv_disp.h ****  */
 138:d:\practise\f407_disc\lvgl\lvgl\src/core\lv_disp.h **** void lv_disp_trig_activity(lv_disp_t * disp);
 139:d:\practise\f407_disc\lvgl\lvgl\src/core\lv_disp.h **** 
 140:d:\practise\f407_disc\lvgl\lvgl\src/core\lv_disp.h **** /**
 141:d:\practise\f407_disc\lvgl\lvgl\src/core\lv_disp.h ****  * Clean any CPU cache that is related to the display.
 142:d:\practise\f407_disc\lvgl\lvgl\src/core\lv_disp.h ****  * @param disp pointer to an display (NULL to use the default display)
 143:d:\practise\f407_disc\lvgl\lvgl\src/core\lv_disp.h ****  */
 144:d:\practise\f407_disc\lvgl\lvgl\src/core\lv_disp.h **** void lv_disp_clean_dcache(lv_disp_t * disp);
 145:d:\practise\f407_disc\lvgl\lvgl\src/core\lv_disp.h **** 
 146:d:\practise\f407_disc\lvgl\lvgl\src/core\lv_disp.h **** /**
 147:d:\practise\f407_disc\lvgl\lvgl\src/core\lv_disp.h ****  * Get a pointer to the screen refresher timer to
 148:d:\practise\f407_disc\lvgl\lvgl\src/core\lv_disp.h ****  * modify its parameters with `lv_timer_...` functions.
ARM GAS  C:\Users\gx\AppData\Local\Temp\ccJanbr3.s 			page 8


 149:d:\practise\f407_disc\lvgl\lvgl\src/core\lv_disp.h ****  * @param disp pointer to a display
 150:d:\practise\f407_disc\lvgl\lvgl\src/core\lv_disp.h ****  * @return pointer to the display refresher timer. (NULL on error)
 151:d:\practise\f407_disc\lvgl\lvgl\src/core\lv_disp.h ****  */
 152:d:\practise\f407_disc\lvgl\lvgl\src/core\lv_disp.h **** lv_timer_t * _lv_disp_get_refr_timer(lv_disp_t * disp);
 153:d:\practise\f407_disc\lvgl\lvgl\src/core\lv_disp.h **** 
 154:d:\practise\f407_disc\lvgl\lvgl\src/core\lv_disp.h **** /*------------------------------------------------
 155:d:\practise\f407_disc\lvgl\lvgl\src/core\lv_disp.h ****  * To improve backward compatibility
 156:d:\practise\f407_disc\lvgl\lvgl\src/core\lv_disp.h ****  * Recommended only if you have one display
 157:d:\practise\f407_disc\lvgl\lvgl\src/core\lv_disp.h ****  *------------------------------------------------*/
 158:d:\practise\f407_disc\lvgl\lvgl\src/core\lv_disp.h **** 
 159:d:\practise\f407_disc\lvgl\lvgl\src/core\lv_disp.h **** /**
 160:d:\practise\f407_disc\lvgl\lvgl\src/core\lv_disp.h ****  * Get the active screen of the default display
 161:d:\practise\f407_disc\lvgl\lvgl\src/core\lv_disp.h ****  * @return pointer to the active screen
 162:d:\practise\f407_disc\lvgl\lvgl\src/core\lv_disp.h ****  */
 163:d:\practise\f407_disc\lvgl\lvgl\src/core\lv_disp.h **** static inline lv_obj_t * lv_scr_act(void)
 213              		.loc 2 163 26 view .LVU32
 214              	.LBB7:
 164:d:\practise\f407_disc\lvgl\lvgl\src/core\lv_disp.h **** {
 165:d:\practise\f407_disc\lvgl\lvgl\src/core\lv_disp.h ****     return lv_disp_get_scr_act(lv_disp_get_default());
 215              		.loc 2 165 5 view .LVU33
 216              		.loc 2 165 12 is_stmt 0 view .LVU34
 217 0002 FFF7FEFF 		bl	lv_disp_get_default
 218              	.LVL20:
 219 0006 FFF7FEFF 		bl	lv_disp_get_scr_act
 220              	.LVL21:
 221              	.LBE7:
 222              	.LBE6:
 223              		.loc 1 24 21 view .LVU35
 224 000a FFF7FEFF 		bl	lv_textarea_create
 225              	.LVL22:
 226 000e 0446     		mov	r4, r0
 227              	.LVL23:
  25:lvgl/lvgl/examples/widgets/textarea/lv_example_textarea_1.c ****     lv_textarea_set_one_line(ta, true);
 228              		.loc 1 25 5 is_stmt 1 view .LVU36
 229 0010 0121     		movs	r1, #1
 230 0012 FFF7FEFF 		bl	lv_textarea_set_one_line
 231              	.LVL24:
  26:lvgl/lvgl/examples/widgets/textarea/lv_example_textarea_1.c ****     lv_obj_align(ta, LV_ALIGN_TOP_MID, 0, 10);
 232              		.loc 1 26 5 view .LVU37
 233 0016 0A23     		movs	r3, #10
 234 0018 0022     		movs	r2, #0
 235 001a 0221     		movs	r1, #2
 236 001c 2046     		mov	r0, r4
 237 001e FFF7FEFF 		bl	lv_obj_align
 238              	.LVL25:
  27:lvgl/lvgl/examples/widgets/textarea/lv_example_textarea_1.c ****     lv_obj_add_event_cb(ta, textarea_event_handler, LV_EVENT_READY, ta);
 239              		.loc 1 27 5 view .LVU38
 240 0022 2346     		mov	r3, r4
 241 0024 1F22     		movs	r2, #31
 242 0026 1449     		ldr	r1, .L15
 243 0028 2046     		mov	r0, r4
 244 002a FFF7FEFF 		bl	lv_obj_add_event_cb
 245              	.LVL26:
  28:lvgl/lvgl/examples/widgets/textarea/lv_example_textarea_1.c ****     lv_obj_add_state(ta, LV_STATE_FOCUSED); /*To be sure the cursor is visible*/
 246              		.loc 1 28 5 view .LVU39
 247 002e 0221     		movs	r1, #2
 248 0030 2046     		mov	r0, r4
ARM GAS  C:\Users\gx\AppData\Local\Temp\ccJanbr3.s 			page 9


 249 0032 FFF7FEFF 		bl	lv_obj_add_state
 250              	.LVL27:
  29:lvgl/lvgl/examples/widgets/textarea/lv_example_textarea_1.c **** 
  30:lvgl/lvgl/examples/widgets/textarea/lv_example_textarea_1.c ****     static const char * btnm_map[] = {"1", "2", "3", "\n",
 251              		.loc 1 30 5 view .LVU40
  31:lvgl/lvgl/examples/widgets/textarea/lv_example_textarea_1.c ****                                "4", "5", "6", "\n",
  32:lvgl/lvgl/examples/widgets/textarea/lv_example_textarea_1.c ****                                "7", "8", "9", "\n",
  33:lvgl/lvgl/examples/widgets/textarea/lv_example_textarea_1.c ****                                LV_SYMBOL_BACKSPACE, "0", LV_SYMBOL_NEW_LINE, ""};
  34:lvgl/lvgl/examples/widgets/textarea/lv_example_textarea_1.c **** 
  35:lvgl/lvgl/examples/widgets/textarea/lv_example_textarea_1.c ****     lv_obj_t * btnm = lv_btnmatrix_create(lv_scr_act());
 252              		.loc 1 35 5 view .LVU41
 253              	.LBB8:
 254              	.LBI8:
 163:d:\practise\f407_disc\lvgl\lvgl\src/core\lv_disp.h **** {
 255              		.loc 2 163 26 view .LVU42
 256              	.LBB9:
 257              		.loc 2 165 5 view .LVU43
 258              		.loc 2 165 12 is_stmt 0 view .LVU44
 259 0036 FFF7FEFF 		bl	lv_disp_get_default
 260              	.LVL28:
 261 003a FFF7FEFF 		bl	lv_disp_get_scr_act
 262              	.LVL29:
 263              	.LBE9:
 264              	.LBE8:
 265              		.loc 1 35 23 view .LVU45
 266 003e FFF7FEFF 		bl	lv_btnmatrix_create
 267              	.LVL30:
 268 0042 0546     		mov	r5, r0
 269              	.LVL31:
  36:lvgl/lvgl/examples/widgets/textarea/lv_example_textarea_1.c ****     lv_obj_set_size(btnm, 200, 150);
 270              		.loc 1 36 5 is_stmt 1 view .LVU46
 271 0044 9622     		movs	r2, #150
 272 0046 C821     		movs	r1, #200
 273 0048 FFF7FEFF 		bl	lv_obj_set_size
 274              	.LVL32:
  37:lvgl/lvgl/examples/widgets/textarea/lv_example_textarea_1.c ****     lv_obj_align(btnm, LV_ALIGN_BOTTOM_MID, 0, -10);
 275              		.loc 1 37 5 view .LVU47
 276 004c 6FF00903 		mvn	r3, #9
 277 0050 0022     		movs	r2, #0
 278 0052 0521     		movs	r1, #5
 279 0054 2846     		mov	r0, r5
 280 0056 FFF7FEFF 		bl	lv_obj_align
 281              	.LVL33:
  38:lvgl/lvgl/examples/widgets/textarea/lv_example_textarea_1.c ****     lv_obj_add_event_cb(btnm, btnm_event_handler, LV_EVENT_VALUE_CHANGED, ta);
 282              		.loc 1 38 5 view .LVU48
 283 005a 2346     		mov	r3, r4
 284 005c 1C22     		movs	r2, #28
 285 005e 0749     		ldr	r1, .L15+4
 286 0060 2846     		mov	r0, r5
 287 0062 FFF7FEFF 		bl	lv_obj_add_event_cb
 288              	.LVL34:
  39:lvgl/lvgl/examples/widgets/textarea/lv_example_textarea_1.c ****     lv_obj_clear_flag(btnm, LV_OBJ_FLAG_CLICK_FOCUSABLE); /*To keep the text area focused on button
 289              		.loc 1 39 5 view .LVU49
 290 0066 0421     		movs	r1, #4
 291 0068 2846     		mov	r0, r5
 292 006a FFF7FEFF 		bl	lv_obj_clear_flag
 293              	.LVL35:
ARM GAS  C:\Users\gx\AppData\Local\Temp\ccJanbr3.s 			page 10


  40:lvgl/lvgl/examples/widgets/textarea/lv_example_textarea_1.c ****     lv_btnmatrix_set_map(btnm, btnm_map);
 294              		.loc 1 40 5 view .LVU50
 295 006e 0449     		ldr	r1, .L15+8
 296 0070 2846     		mov	r0, r5
 297 0072 FFF7FEFF 		bl	lv_btnmatrix_set_map
 298              	.LVL36:
  41:lvgl/lvgl/examples/widgets/textarea/lv_example_textarea_1.c **** }
 299              		.loc 1 41 1 is_stmt 0 view .LVU51
 300 0076 38BD     		pop	{r3, r4, r5, pc}
 301              	.LVL37:
 302              	.L16:
 303              		.loc 1 41 1 view .LVU52
 304              		.align	2
 305              	.L15:
 306 0078 00000000 		.word	textarea_event_handler
 307 007c 00000000 		.word	btnm_event_handler
 308 0080 00000000 		.word	.LANCHOR1
 309              		.cfi_endproc
 310              	.LFE191:
 312              		.section	.rodata.str1.4,"aMS",%progbits,1
 313              		.align	2
 314              	.LC4:
 315 0000 3100     		.ascii	"1\000"
 316 0002 0000     		.align	2
 317              	.LC5:
 318 0004 3200     		.ascii	"2\000"
 319 0006 0000     		.align	2
 320              	.LC6:
 321 0008 3300     		.ascii	"3\000"
 322 000a 0000     		.align	2
 323              	.LC7:
 324 000c 0A00     		.ascii	"\012\000"
 325 000e 0000     		.align	2
 326              	.LC8:
 327 0010 3400     		.ascii	"4\000"
 328 0012 0000     		.align	2
 329              	.LC9:
 330 0014 3500     		.ascii	"5\000"
 331 0016 0000     		.align	2
 332              	.LC10:
 333 0018 3600     		.ascii	"6\000"
 334 001a 0000     		.align	2
 335              	.LC11:
 336 001c 3700     		.ascii	"7\000"
 337 001e 0000     		.align	2
 338              	.LC12:
 339 0020 3800     		.ascii	"8\000"
 340 0022 0000     		.align	2
 341              	.LC13:
 342 0024 3900     		.ascii	"9\000"
 343 0026 0000     		.align	2
 344              	.LC14:
 345 0028 3000     		.ascii	"0\000"
 346 002a 0000     		.align	2
 347              	.LC15:
 348 002c 00       		.ascii	"\000"
 349              		.section	.data.btnm_map.12325,"aw"
ARM GAS  C:\Users\gx\AppData\Local\Temp\ccJanbr3.s 			page 11


 350              		.align	2
 351              		.set	.LANCHOR1,. + 0
 354              	btnm_map.12325:
 355 0000 00000000 		.word	.LC4
 356 0004 04000000 		.word	.LC5
 357 0008 08000000 		.word	.LC6
 358 000c 0C000000 		.word	.LC7
 359 0010 10000000 		.word	.LC8
 360 0014 14000000 		.word	.LC9
 361 0018 18000000 		.word	.LC10
 362 001c 0C000000 		.word	.LC7
 363 0020 1C000000 		.word	.LC11
 364 0024 20000000 		.word	.LC12
 365 0028 24000000 		.word	.LC13
 366 002c 0C000000 		.word	.LC7
 367 0030 00000000 		.word	.LC0
 368 0034 28000000 		.word	.LC14
 369 0038 04000000 		.word	.LC1
 370 003c 2C000000 		.word	.LC15
 371              		.section	.rodata.__func__.12314,"a"
 372              		.align	2
 373              		.set	.LANCHOR0,. + 0
 376              	__func__.12314:
 377 0000 74657874 		.ascii	"textarea_event_handler\000"
 377      61726561 
 377      5F657665 
 377      6E745F68 
 377      616E646C 
 378              		.text
 379              	.Letext0:
 380              		.file 3 "c:\\program files (x86)\\gnu arm embedded toolchain\\9 2020-q2-update\\arm-none-eabi\\inc
 381              		.file 4 "c:\\program files (x86)\\gnu arm embedded toolchain\\9 2020-q2-update\\arm-none-eabi\\inc
 382              		.file 5 "d:\\practise\\f407_disc\\lvgl\\lvgl\\src/misc/lv_ll.h"
 383              		.file 6 "c:\\program files (x86)\\gnu arm embedded toolchain\\9 2020-q2-update\\lib\\gcc\\arm-none
 384              		.file 7 "c:\\program files (x86)\\gnu arm embedded toolchain\\9 2020-q2-update\\arm-none-eabi\\inc
 385              		.file 8 "c:\\program files (x86)\\gnu arm embedded toolchain\\9 2020-q2-update\\arm-none-eabi\\inc
 386              		.file 9 "c:\\program files (x86)\\gnu arm embedded toolchain\\9 2020-q2-update\\arm-none-eabi\\inc
 387              		.file 10 "d:\\practise\\f407_disc\\lvgl\\lvgl\\src\\misc\\lv_color.h"
 388              		.file 11 "d:\\practise\\f407_disc\\lvgl\\lvgl\\src\\misc\\lv_area.h"
 389              		.file 12 "d:\\practise\\f407_disc\\lvgl\\lvgl\\src/core/lv_obj.h"
 390              		.file 13 "d:\\practise\\f407_disc\\lvgl\\lvgl\\src/core/lv_group.h"
 391              		.file 14 "d:\\practise\\f407_disc\\lvgl\\lvgl\\src\\font\\lv_font.h"
 392              		.file 15 "d:\\practise\\f407_disc\\lvgl\\lvgl\\src\\misc\\lv_txt.h"
 393              		.file 16 "d:\\practise\\f407_disc\\lvgl\\lvgl\\src\\misc\\lv_style.h"
 394              		.file 17 "d:\\practise\\f407_disc\\lvgl\\lvgl\\src/core/lv_obj_scroll.h"
 395              		.file 18 "d:\\practise\\f407_disc\\lvgl\\lvgl\\src/core/lv_obj_style.h"
 396              		.file 19 "d:\\practise\\f407_disc\\lvgl\\lvgl\\src\\draw\\lv_draw_label.h"
 397              		.file 20 "d:\\practise\\f407_disc\\lvgl\\lvgl\\src/core/lv_obj_class.h"
 398              		.file 21 "d:\\practise\\f407_disc\\lvgl\\lvgl\\src/core/lv_event.h"
 399              		.file 22 "d:\\practise\\f407_disc\\lvgl\\lvgl\\src/widgets/lv_arc.h"
 400              		.file 23 "d:\\practise\\f407_disc\\lvgl\\lvgl\\src/widgets/lv_btn.h"
 401              		.file 24 "d:\\practise\\f407_disc\\lvgl\\lvgl\\src/widgets/lv_img.h"
 402              		.file 25 "d:\\practise\\f407_disc\\lvgl\\lvgl\\src/widgets/lv_label.h"
 403              		.file 26 "d:\\practise\\f407_disc\\lvgl\\lvgl\\src/widgets/lv_line.h"
 404              		.file 27 "d:\\practise\\f407_disc\\lvgl\\lvgl\\src/widgets/lv_table.h"
 405              		.file 28 "d:\\practise\\f407_disc\\lvgl\\lvgl\\src/widgets/lv_checkbox.h"
 406              		.file 29 "d:\\practise\\f407_disc\\lvgl\\lvgl\\src/widgets/lv_bar.h"
ARM GAS  C:\Users\gx\AppData\Local\Temp\ccJanbr3.s 			page 12


 407              		.file 30 "d:\\practise\\f407_disc\\lvgl\\lvgl\\src/widgets/lv_slider.h"
 408              		.file 31 "d:\\practise\\f407_disc\\lvgl\\lvgl\\src/widgets/lv_btnmatrix.h"
 409              		.file 32 "d:\\practise\\f407_disc\\lvgl\\lvgl\\src/widgets/lv_dropdown.h"
 410              		.file 33 "d:\\practise\\f407_disc\\lvgl\\lvgl\\src/widgets/lv_roller.h"
 411              		.file 34 "d:\\practise\\f407_disc\\lvgl\\lvgl\\src/widgets/lv_textarea.h"
 412              		.file 35 "d:\\practise\\f407_disc\\lvgl\\lvgl\\src/widgets/lv_canvas.h"
 413              		.file 36 "d:\\practise\\f407_disc\\lvgl\\lvgl\\src/widgets/lv_switch.h"
 414              		.file 37 "d:\\practise\\f407_disc\\lvgl\\lvgl\\src/extra/widgets/animimg/lv_animimg.h"
 415              		.file 38 "d:\\practise\\f407_disc\\lvgl\\lvgl\\src/extra/widgets/calendar/lv_calendar.h"
 416              		.file 39 "d:\\practise\\f407_disc\\lvgl\\lvgl\\src/extra/widgets/calendar/lv_calendar_header_arrow
 417              		.file 40 "d:\\practise\\f407_disc\\lvgl\\lvgl\\src/extra/widgets/calendar/lv_calendar_header_dropd
 418              		.file 41 "d:\\practise\\f407_disc\\lvgl\\lvgl\\src/extra/widgets/chart/lv_chart.h"
 419              		.file 42 "d:\\practise\\f407_disc\\lvgl\\lvgl\\src/extra/widgets/keyboard/lv_keyboard.h"
 420              		.file 43 "d:\\practise\\f407_disc\\lvgl\\lvgl\\src\\extra\\layouts\\flex\\lv_flex.h"
 421              		.file 44 "d:\\practise\\f407_disc\\lvgl\\lvgl\\src/extra/widgets/list/lv_list.h"
 422              		.file 45 "d:\\practise\\f407_disc\\lvgl\\lvgl\\src/extra/widgets/msgbox/lv_msgbox.h"
 423              		.file 46 "d:\\practise\\f407_disc\\lvgl\\lvgl\\src/extra/widgets/meter/lv_meter.h"
 424              		.file 47 "d:\\practise\\f407_disc\\lvgl\\lvgl\\src/extra/widgets/spinbox/lv_spinbox.h"
 425              		.file 48 "d:\\practise\\f407_disc\\lvgl\\lvgl\\src/extra/widgets/spinner/lv_spinner.h"
 426              		.file 49 "d:\\practise\\f407_disc\\lvgl\\lvgl\\src/extra/widgets/tabview/lv_tabview.h"
 427              		.file 50 "d:\\practise\\f407_disc\\lvgl\\lvgl\\src/extra/widgets/tileview/lv_tileview.h"
 428              		.file 51 "d:\\practise\\f407_disc\\lvgl\\lvgl\\src/extra/widgets/win/lv_win.h"
 429              		.file 52 "d:\\practise\\f407_disc\\lvgl\\lvgl\\src/extra/widgets/colorwheel/lv_colorwheel.h"
 430              		.file 53 "d:\\practise\\f407_disc\\lvgl\\lvgl\\src/extra/widgets/led/lv_led.h"
 431              		.file 54 "d:\\practise\\f407_disc\\lvgl\\lvgl\\src/extra/widgets/imgbtn/lv_imgbtn.h"
 432              		.file 55 "d:\\practise\\f407_disc\\lvgl\\lvgl\\src/extra/widgets/span/lv_span.h"
 433              		.file 56 "d:\\practise\\f407_disc\\lvgl\\lvgl\\src/extra/layouts/grid/lv_grid.h"
 434              		.file 57 "d:\\practise\\f407_disc\\lvgl\\lvgl\\src/hal/lv_hal_disp.h"
 435              		.file 58 "d:\\practise\\f407_disc\\lvgl\\lvgl\\src/core/lv_obj_pos.h"
 436              		.file 59 "c:\\program files (x86)\\gnu arm embedded toolchain\\9 2020-q2-update\\arm-none-eabi\\in
 437              		.file 60 "d:\\practise\\f407_disc\\lvgl\\lvgl\\src/misc/lv_log.h"
ARM GAS  C:\Users\gx\AppData\Local\Temp\ccJanbr3.s 			page 13


DEFINED SYMBOLS
                            *ABS*:00000000 lv_example_textarea_1.c
C:\Users\gx\AppData\Local\Temp\ccJanbr3.s:18     .rodata.btnm_event_handler.str1.4:00000000 $d
C:\Users\gx\AppData\Local\Temp\ccJanbr3.s:25     .text.btnm_event_handler:00000000 $t
C:\Users\gx\AppData\Local\Temp\ccJanbr3.s:32     .text.btnm_event_handler:00000000 btnm_event_handler
C:\Users\gx\AppData\Local\Temp\ccJanbr3.s:120    .text.btnm_event_handler:00000054 $d
C:\Users\gx\AppData\Local\Temp\ccJanbr3.s:126    .rodata.textarea_event_handler.str1.4:00000000 $d
C:\Users\gx\AppData\Local\Temp\ccJanbr3.s:134    .text.textarea_event_handler:00000000 $t
C:\Users\gx\AppData\Local\Temp\ccJanbr3.s:140    .text.textarea_event_handler:00000000 textarea_event_handler
C:\Users\gx\AppData\Local\Temp\ccJanbr3.s:182    .text.textarea_event_handler:00000024 $d
C:\Users\gx\AppData\Local\Temp\ccJanbr3.s:189    .text.lv_example_textarea_1:00000000 $t
C:\Users\gx\AppData\Local\Temp\ccJanbr3.s:196    .text.lv_example_textarea_1:00000000 lv_example_textarea_1
C:\Users\gx\AppData\Local\Temp\ccJanbr3.s:306    .text.lv_example_textarea_1:00000078 $d
C:\Users\gx\AppData\Local\Temp\ccJanbr3.s:313    .rodata.str1.4:00000000 $d
C:\Users\gx\AppData\Local\Temp\ccJanbr3.s:350    .data.btnm_map.12325:00000000 $d
C:\Users\gx\AppData\Local\Temp\ccJanbr3.s:354    .data.btnm_map.12325:00000000 btnm_map.12325
C:\Users\gx\AppData\Local\Temp\ccJanbr3.s:372    .rodata.__func__.12314:00000000 $d
C:\Users\gx\AppData\Local\Temp\ccJanbr3.s:376    .rodata.__func__.12314:00000000 __func__.12314

UNDEFINED SYMBOLS
lv_event_get_target
lv_event_get_user_data
lv_btnmatrix_get_selected_btn
lv_btnmatrix_get_btn_text
strcmp
lv_event_send
lv_textarea_del_char
lv_textarea_add_text
lv_textarea_get_text
_lv_log_add
lv_disp_get_default
lv_disp_get_scr_act
lv_textarea_create
lv_textarea_set_one_line
lv_obj_align
lv_obj_add_event_cb
lv_obj_add_state
lv_btnmatrix_create
lv_obj_set_size
lv_obj_clear_flag
lv_btnmatrix_set_map
