ARM GAS  C:\Users\gx\AppData\Local\Temp\ccoIfgFC.s 			page 1


   1              		.cpu cortex-m4
   2              		.eabi_attribute 27, 1
   3              		.eabi_attribute 28, 1
   4              		.eabi_attribute 20, 1
   5              		.eabi_attribute 21, 1
   6              		.eabi_attribute 23, 3
   7              		.eabi_attribute 24, 1
   8              		.eabi_attribute 25, 1
   9              		.eabi_attribute 26, 1
  10              		.eabi_attribute 30, 1
  11              		.eabi_attribute 34, 1
  12              		.eabi_attribute 18, 4
  13              		.file	"lv_example_dropdown_3.c"
  14              		.text
  15              	.Ltext0:
  16              		.cfi_sections	.debug_frame
  17              		.section	.rodata.event_cb.str1.4,"aMS",%progbits,1
  18              		.align	2
  19              	.LC0:
  20 0000 6C76676C 		.ascii	"lvgl/lvgl/examples/widgets/dropdown/lv_example_drop"
  20      2F6C7667 
  20      6C2F6578 
  20      616D706C 
  20      65732F77 
  21 0033 646F776E 		.ascii	"down_3.c\000"
  21      5F332E63 
  21      00
  22              		.align	2
  23              	.LC1:
  24 003c 27257327 		.ascii	"'%s' is selected\000"
  24      20697320 
  24      73656C65 
  24      63746564 
  24      00
  25              		.section	.text.event_cb,"ax",%progbits
  26              		.align	1
  27              		.arch armv7e-m
  28              		.syntax unified
  29              		.thumb
  30              		.thumb_func
  31              		.fpu fpv4-sp-d16
  33              	event_cb:
  34              	.LVL0:
  35              	.LFB189:
  36              		.file 1 "lvgl/lvgl/examples/widgets/dropdown/lv_example_dropdown_3.c"
   1:lvgl/lvgl/examples/widgets/dropdown/lv_example_dropdown_3.c **** #include "../../lv_examples.h"
   2:lvgl/lvgl/examples/widgets/dropdown/lv_example_dropdown_3.c **** #if LV_USE_DROPDOWN && LV_BUILD_EXAMPLES
   3:lvgl/lvgl/examples/widgets/dropdown/lv_example_dropdown_3.c **** 
   4:lvgl/lvgl/examples/widgets/dropdown/lv_example_dropdown_3.c **** static void event_cb(lv_event_t * e)
   5:lvgl/lvgl/examples/widgets/dropdown/lv_example_dropdown_3.c **** {
  37              		.loc 1 5 1 view -0
  38              		.cfi_startproc
  39              		@ args = 0, pretend = 0, frame = 64
  40              		@ frame_needed = 0, uses_anonymous_args = 0
  41              		.loc 1 5 1 is_stmt 0 view .LVU1
  42 0000 10B5     		push	{r4, lr}
  43              	.LCFI0:
ARM GAS  C:\Users\gx\AppData\Local\Temp\ccoIfgFC.s 			page 2


  44              		.cfi_def_cfa_offset 8
  45              		.cfi_offset 4, -8
  46              		.cfi_offset 14, -4
  47 0002 92B0     		sub	sp, sp, #72
  48              	.LCFI1:
  49              		.cfi_def_cfa_offset 80
   6:lvgl/lvgl/examples/widgets/dropdown/lv_example_dropdown_3.c ****     lv_obj_t * dropdown = lv_event_get_target(e);
  50              		.loc 1 6 5 is_stmt 1 view .LVU2
  51              		.loc 1 6 27 is_stmt 0 view .LVU3
  52 0004 FFF7FEFF 		bl	lv_event_get_target
  53              	.LVL1:
   7:lvgl/lvgl/examples/widgets/dropdown/lv_example_dropdown_3.c ****     char buf[64];
  54              		.loc 1 7 5 is_stmt 1 view .LVU4
   8:lvgl/lvgl/examples/widgets/dropdown/lv_example_dropdown_3.c ****     lv_dropdown_get_selected_str(dropdown, buf, sizeof(buf));
  55              		.loc 1 8 5 view .LVU5
  56 0008 02AC     		add	r4, sp, #8
  57 000a 4022     		movs	r2, #64
  58 000c 2146     		mov	r1, r4
  59 000e FFF7FEFF 		bl	lv_dropdown_get_selected_str
  60              	.LVL2:
   9:lvgl/lvgl/examples/widgets/dropdown/lv_example_dropdown_3.c ****     LV_LOG_USER("'%s' is selected", buf);
  61              		.loc 1 9 5 view .LVU6
  62 0012 0194     		str	r4, [sp, #4]
  63 0014 044B     		ldr	r3, .L3
  64 0016 0093     		str	r3, [sp]
  65 0018 044B     		ldr	r3, .L3+4
  66 001a 0922     		movs	r2, #9
  67 001c 0449     		ldr	r1, .L3+8
  68 001e 0420     		movs	r0, #4
  69 0020 FFF7FEFF 		bl	_lv_log_add
  70              	.LVL3:
  71              		.loc 1 9 41 view .LVU7
  10:lvgl/lvgl/examples/widgets/dropdown/lv_example_dropdown_3.c **** }
  72              		.loc 1 10 1 is_stmt 0 view .LVU8
  73 0024 12B0     		add	sp, sp, #72
  74              	.LCFI2:
  75              		.cfi_def_cfa_offset 8
  76              		@ sp needed
  77 0026 10BD     		pop	{r4, pc}
  78              	.L4:
  79              		.align	2
  80              	.L3:
  81 0028 3C000000 		.word	.LC1
  82 002c 00000000 		.word	.LANCHOR0
  83 0030 00000000 		.word	.LC0
  84              		.cfi_endproc
  85              	.LFE189:
  87              		.section	.rodata.lv_example_dropdown_3.str1.4,"aMS",%progbits,1
  88              		.align	2
  89              	.LC2:
  90 0000 4E657720 		.ascii	"New project\012New file\012Save\012Save as ...\012O"
  90      70726F6A 
  90      6563740A 
  90      4E657720 
  90      66696C65 
  91 0027 70656E20 		.ascii	"pen project\012Recent projects\012Preferences\012Ex"
  91      70726F6A 
ARM GAS  C:\Users\gx\AppData\Local\Temp\ccoIfgFC.s 			page 3


  91      6563740A 
  91      52656365 
  91      6E742070 
  92 0051 697400   		.ascii	"it\000"
  93              		.align	2
  94              	.LC3:
  95 0054 4D656E75 		.ascii	"Menu\000"
  95      00
  96              		.section	.text.lv_example_dropdown_3,"ax",%progbits
  97              		.align	1
  98              		.global	lv_example_dropdown_3
  99              		.syntax unified
 100              		.thumb
 101              		.thumb_func
 102              		.fpu fpv4-sp-d16
 104              	lv_example_dropdown_3:
 105              	.LFB190:
  11:lvgl/lvgl/examples/widgets/dropdown/lv_example_dropdown_3.c **** 
  12:lvgl/lvgl/examples/widgets/dropdown/lv_example_dropdown_3.c **** /**
  13:lvgl/lvgl/examples/widgets/dropdown/lv_example_dropdown_3.c ****  * Create a menu from a drop-down list and show some drop-down list features and styling
  14:lvgl/lvgl/examples/widgets/dropdown/lv_example_dropdown_3.c ****  */
  15:lvgl/lvgl/examples/widgets/dropdown/lv_example_dropdown_3.c **** void lv_example_dropdown_3(void)
  16:lvgl/lvgl/examples/widgets/dropdown/lv_example_dropdown_3.c **** {
 106              		.loc 1 16 1 is_stmt 1 view -0
 107              		.cfi_startproc
 108              		@ args = 0, pretend = 0, frame = 0
 109              		@ frame_needed = 0, uses_anonymous_args = 0
 110 0000 10B5     		push	{r4, lr}
 111              	.LCFI3:
 112              		.cfi_def_cfa_offset 8
 113              		.cfi_offset 4, -8
 114              		.cfi_offset 14, -4
  17:lvgl/lvgl/examples/widgets/dropdown/lv_example_dropdown_3.c ****     /*Create a drop down list*/
  18:lvgl/lvgl/examples/widgets/dropdown/lv_example_dropdown_3.c ****     lv_obj_t * dropdown = lv_dropdown_create(lv_scr_act());
 115              		.loc 1 18 5 view .LVU10
 116              	.LBB4:
 117              	.LBI4:
 118              		.file 2 "d:\\practise\\f407_disc\\lvgl\\lvgl\\src/core/lv_disp.h"
   1:d:\practise\f407_disc\lvgl\lvgl\src/core\lv_disp.h **** /**
   2:d:\practise\f407_disc\lvgl\lvgl\src/core\lv_disp.h ****  * @file lv_disp.h
   3:d:\practise\f407_disc\lvgl\lvgl\src/core\lv_disp.h ****  *
   4:d:\practise\f407_disc\lvgl\lvgl\src/core\lv_disp.h ****  */
   5:d:\practise\f407_disc\lvgl\lvgl\src/core\lv_disp.h **** 
   6:d:\practise\f407_disc\lvgl\lvgl\src/core\lv_disp.h **** #ifndef LV_DISP_H
   7:d:\practise\f407_disc\lvgl\lvgl\src/core\lv_disp.h **** #define LV_DISP_H
   8:d:\practise\f407_disc\lvgl\lvgl\src/core\lv_disp.h **** 
   9:d:\practise\f407_disc\lvgl\lvgl\src/core\lv_disp.h **** #ifdef __cplusplus
  10:d:\practise\f407_disc\lvgl\lvgl\src/core\lv_disp.h **** extern "C" {
  11:d:\practise\f407_disc\lvgl\lvgl\src/core\lv_disp.h **** #endif
  12:d:\practise\f407_disc\lvgl\lvgl\src/core\lv_disp.h **** 
  13:d:\practise\f407_disc\lvgl\lvgl\src/core\lv_disp.h **** /*********************
  14:d:\practise\f407_disc\lvgl\lvgl\src/core\lv_disp.h ****  *      INCLUDES
  15:d:\practise\f407_disc\lvgl\lvgl\src/core\lv_disp.h ****  *********************/
  16:d:\practise\f407_disc\lvgl\lvgl\src/core\lv_disp.h **** #include "../hal/lv_hal.h"
  17:d:\practise\f407_disc\lvgl\lvgl\src/core\lv_disp.h **** #include "lv_obj.h"
  18:d:\practise\f407_disc\lvgl\lvgl\src/core\lv_disp.h **** #include "lv_theme.h"
  19:d:\practise\f407_disc\lvgl\lvgl\src/core\lv_disp.h **** 
ARM GAS  C:\Users\gx\AppData\Local\Temp\ccoIfgFC.s 			page 4


  20:d:\practise\f407_disc\lvgl\lvgl\src/core\lv_disp.h **** /*********************
  21:d:\practise\f407_disc\lvgl\lvgl\src/core\lv_disp.h ****  *      DEFINES
  22:d:\practise\f407_disc\lvgl\lvgl\src/core\lv_disp.h ****  *********************/
  23:d:\practise\f407_disc\lvgl\lvgl\src/core\lv_disp.h **** 
  24:d:\practise\f407_disc\lvgl\lvgl\src/core\lv_disp.h **** /**********************
  25:d:\practise\f407_disc\lvgl\lvgl\src/core\lv_disp.h ****  *      TYPEDEFS
  26:d:\practise\f407_disc\lvgl\lvgl\src/core\lv_disp.h ****  **********************/
  27:d:\practise\f407_disc\lvgl\lvgl\src/core\lv_disp.h **** 
  28:d:\practise\f407_disc\lvgl\lvgl\src/core\lv_disp.h **** typedef enum {
  29:d:\practise\f407_disc\lvgl\lvgl\src/core\lv_disp.h ****     LV_SCR_LOAD_ANIM_NONE,
  30:d:\practise\f407_disc\lvgl\lvgl\src/core\lv_disp.h ****     LV_SCR_LOAD_ANIM_OVER_LEFT,
  31:d:\practise\f407_disc\lvgl\lvgl\src/core\lv_disp.h ****     LV_SCR_LOAD_ANIM_OVER_RIGHT,
  32:d:\practise\f407_disc\lvgl\lvgl\src/core\lv_disp.h ****     LV_SCR_LOAD_ANIM_OVER_TOP,
  33:d:\practise\f407_disc\lvgl\lvgl\src/core\lv_disp.h ****     LV_SCR_LOAD_ANIM_OVER_BOTTOM,
  34:d:\practise\f407_disc\lvgl\lvgl\src/core\lv_disp.h ****     LV_SCR_LOAD_ANIM_MOVE_LEFT,
  35:d:\practise\f407_disc\lvgl\lvgl\src/core\lv_disp.h ****     LV_SCR_LOAD_ANIM_MOVE_RIGHT,
  36:d:\practise\f407_disc\lvgl\lvgl\src/core\lv_disp.h ****     LV_SCR_LOAD_ANIM_MOVE_TOP,
  37:d:\practise\f407_disc\lvgl\lvgl\src/core\lv_disp.h ****     LV_SCR_LOAD_ANIM_MOVE_BOTTOM,
  38:d:\practise\f407_disc\lvgl\lvgl\src/core\lv_disp.h ****     LV_SCR_LOAD_ANIM_FADE_ON,
  39:d:\practise\f407_disc\lvgl\lvgl\src/core\lv_disp.h **** } lv_scr_load_anim_t;
  40:d:\practise\f407_disc\lvgl\lvgl\src/core\lv_disp.h **** 
  41:d:\practise\f407_disc\lvgl\lvgl\src/core\lv_disp.h **** /**********************
  42:d:\practise\f407_disc\lvgl\lvgl\src/core\lv_disp.h ****  * GLOBAL PROTOTYPES
  43:d:\practise\f407_disc\lvgl\lvgl\src/core\lv_disp.h ****  **********************/
  44:d:\practise\f407_disc\lvgl\lvgl\src/core\lv_disp.h **** 
  45:d:\practise\f407_disc\lvgl\lvgl\src/core\lv_disp.h **** /**
  46:d:\practise\f407_disc\lvgl\lvgl\src/core\lv_disp.h ****  * Return with a pointer to the active screen
  47:d:\practise\f407_disc\lvgl\lvgl\src/core\lv_disp.h ****  * @param disp pointer to display which active screen should be get. (NULL to use the default
  48:d:\practise\f407_disc\lvgl\lvgl\src/core\lv_disp.h ****  * screen)
  49:d:\practise\f407_disc\lvgl\lvgl\src/core\lv_disp.h ****  * @return pointer to the active screen object (loaded by 'lv_scr_load()')
  50:d:\practise\f407_disc\lvgl\lvgl\src/core\lv_disp.h ****  */
  51:d:\practise\f407_disc\lvgl\lvgl\src/core\lv_disp.h **** lv_obj_t * lv_disp_get_scr_act(lv_disp_t * disp);
  52:d:\practise\f407_disc\lvgl\lvgl\src/core\lv_disp.h **** 
  53:d:\practise\f407_disc\lvgl\lvgl\src/core\lv_disp.h **** /**
  54:d:\practise\f407_disc\lvgl\lvgl\src/core\lv_disp.h ****  * Return with a pointer to the previous screen. Only used during screen transitions.
  55:d:\practise\f407_disc\lvgl\lvgl\src/core\lv_disp.h ****  * @param disp pointer to display which previous screen should be get. (NULL to use the default
  56:d:\practise\f407_disc\lvgl\lvgl\src/core\lv_disp.h ****  * screen)
  57:d:\practise\f407_disc\lvgl\lvgl\src/core\lv_disp.h ****  * @return pointer to the previous screen object or NULL if not used now
  58:d:\practise\f407_disc\lvgl\lvgl\src/core\lv_disp.h ****  */
  59:d:\practise\f407_disc\lvgl\lvgl\src/core\lv_disp.h **** lv_obj_t * lv_disp_get_scr_prev(lv_disp_t * disp);
  60:d:\practise\f407_disc\lvgl\lvgl\src/core\lv_disp.h **** 
  61:d:\practise\f407_disc\lvgl\lvgl\src/core\lv_disp.h **** /**
  62:d:\practise\f407_disc\lvgl\lvgl\src/core\lv_disp.h ****  * Make a screen active
  63:d:\practise\f407_disc\lvgl\lvgl\src/core\lv_disp.h ****  * @param scr pointer to a screen
  64:d:\practise\f407_disc\lvgl\lvgl\src/core\lv_disp.h ****  */
  65:d:\practise\f407_disc\lvgl\lvgl\src/core\lv_disp.h **** void lv_disp_load_scr(lv_obj_t * scr);
  66:d:\practise\f407_disc\lvgl\lvgl\src/core\lv_disp.h **** 
  67:d:\practise\f407_disc\lvgl\lvgl\src/core\lv_disp.h **** /**
  68:d:\practise\f407_disc\lvgl\lvgl\src/core\lv_disp.h ****  * Return with the top layer. (Same on every screen and it is above the normal screen layer)
  69:d:\practise\f407_disc\lvgl\lvgl\src/core\lv_disp.h ****  * @param disp pointer to display which top layer should be get. (NULL to use the default screen)
  70:d:\practise\f407_disc\lvgl\lvgl\src/core\lv_disp.h ****  * @return pointer to the top layer object  (transparent screen sized lv_obj)
  71:d:\practise\f407_disc\lvgl\lvgl\src/core\lv_disp.h ****  */
  72:d:\practise\f407_disc\lvgl\lvgl\src/core\lv_disp.h **** lv_obj_t * lv_disp_get_layer_top(lv_disp_t * disp);
  73:d:\practise\f407_disc\lvgl\lvgl\src/core\lv_disp.h **** 
  74:d:\practise\f407_disc\lvgl\lvgl\src/core\lv_disp.h **** /**
  75:d:\practise\f407_disc\lvgl\lvgl\src/core\lv_disp.h ****  * Return with the sys. layer. (Same on every screen and it is above the normal screen and the top
  76:d:\practise\f407_disc\lvgl\lvgl\src/core\lv_disp.h ****  * layer)
ARM GAS  C:\Users\gx\AppData\Local\Temp\ccoIfgFC.s 			page 5


  77:d:\practise\f407_disc\lvgl\lvgl\src/core\lv_disp.h ****  * @param disp pointer to display which sys. layer  should be get. (NULL to use the default screen)
  78:d:\practise\f407_disc\lvgl\lvgl\src/core\lv_disp.h ****  * @return pointer to the sys layer object  (transparent screen sized lv_obj)
  79:d:\practise\f407_disc\lvgl\lvgl\src/core\lv_disp.h ****  */
  80:d:\practise\f407_disc\lvgl\lvgl\src/core\lv_disp.h **** lv_obj_t * lv_disp_get_layer_sys(lv_disp_t * disp);
  81:d:\practise\f407_disc\lvgl\lvgl\src/core\lv_disp.h **** 
  82:d:\practise\f407_disc\lvgl\lvgl\src/core\lv_disp.h **** /**
  83:d:\practise\f407_disc\lvgl\lvgl\src/core\lv_disp.h ****  * Get the theme of a display
  84:d:\practise\f407_disc\lvgl\lvgl\src/core\lv_disp.h ****  * @param disp pointer to a display
  85:d:\practise\f407_disc\lvgl\lvgl\src/core\lv_disp.h ****  * @return the display's theme (can be NULL)
  86:d:\practise\f407_disc\lvgl\lvgl\src/core\lv_disp.h ****  */
  87:d:\practise\f407_disc\lvgl\lvgl\src/core\lv_disp.h **** void lv_disp_set_theme(lv_disp_t * disp, lv_theme_t * th);
  88:d:\practise\f407_disc\lvgl\lvgl\src/core\lv_disp.h **** 
  89:d:\practise\f407_disc\lvgl\lvgl\src/core\lv_disp.h **** /**
  90:d:\practise\f407_disc\lvgl\lvgl\src/core\lv_disp.h ****  * Get the theme of a display
  91:d:\practise\f407_disc\lvgl\lvgl\src/core\lv_disp.h ****  * @param disp pointer to a display
  92:d:\practise\f407_disc\lvgl\lvgl\src/core\lv_disp.h ****  * @return the display's theme (can be NULL)
  93:d:\practise\f407_disc\lvgl\lvgl\src/core\lv_disp.h ****  */
  94:d:\practise\f407_disc\lvgl\lvgl\src/core\lv_disp.h **** lv_theme_t * lv_disp_get_theme(lv_disp_t * disp);
  95:d:\practise\f407_disc\lvgl\lvgl\src/core\lv_disp.h **** 
  96:d:\practise\f407_disc\lvgl\lvgl\src/core\lv_disp.h **** /**
  97:d:\practise\f407_disc\lvgl\lvgl\src/core\lv_disp.h ****  * Set the background color of a display
  98:d:\practise\f407_disc\lvgl\lvgl\src/core\lv_disp.h ****  * @param disp pointer to a display
  99:d:\practise\f407_disc\lvgl\lvgl\src/core\lv_disp.h ****  * @param color color of the background
 100:d:\practise\f407_disc\lvgl\lvgl\src/core\lv_disp.h ****  */
 101:d:\practise\f407_disc\lvgl\lvgl\src/core\lv_disp.h **** void lv_disp_set_bg_color(lv_disp_t * disp, lv_color_t color);
 102:d:\practise\f407_disc\lvgl\lvgl\src/core\lv_disp.h **** 
 103:d:\practise\f407_disc\lvgl\lvgl\src/core\lv_disp.h **** /**
 104:d:\practise\f407_disc\lvgl\lvgl\src/core\lv_disp.h ****  * Set the background image of a display
 105:d:\practise\f407_disc\lvgl\lvgl\src/core\lv_disp.h ****  * @param disp pointer to a display
 106:d:\practise\f407_disc\lvgl\lvgl\src/core\lv_disp.h ****  * @param img_src path to file or pointer to an `lv_img_dsc_t` variable
 107:d:\practise\f407_disc\lvgl\lvgl\src/core\lv_disp.h ****  */
 108:d:\practise\f407_disc\lvgl\lvgl\src/core\lv_disp.h **** void lv_disp_set_bg_image(lv_disp_t * disp, const void  * img_src);
 109:d:\practise\f407_disc\lvgl\lvgl\src/core\lv_disp.h **** 
 110:d:\practise\f407_disc\lvgl\lvgl\src/core\lv_disp.h **** /**
 111:d:\practise\f407_disc\lvgl\lvgl\src/core\lv_disp.h ****  * Opacity of the background
 112:d:\practise\f407_disc\lvgl\lvgl\src/core\lv_disp.h ****  * @param disp pointer to a display
 113:d:\practise\f407_disc\lvgl\lvgl\src/core\lv_disp.h ****  * @param opa opacity (0..255)
 114:d:\practise\f407_disc\lvgl\lvgl\src/core\lv_disp.h ****  */
 115:d:\practise\f407_disc\lvgl\lvgl\src/core\lv_disp.h **** void lv_disp_set_bg_opa(lv_disp_t * disp, lv_opa_t opa);
 116:d:\practise\f407_disc\lvgl\lvgl\src/core\lv_disp.h **** 
 117:d:\practise\f407_disc\lvgl\lvgl\src/core\lv_disp.h **** /**
 118:d:\practise\f407_disc\lvgl\lvgl\src/core\lv_disp.h ****  * Switch screen with animation
 119:d:\practise\f407_disc\lvgl\lvgl\src/core\lv_disp.h ****  * @param scr pointer to the new screen to load
 120:d:\practise\f407_disc\lvgl\lvgl\src/core\lv_disp.h ****  * @param anim_type type of the animation from `lv_scr_load_anim_t`. E.g.  `LV_SCR_LOAD_ANIM_MOVE_L
 121:d:\practise\f407_disc\lvgl\lvgl\src/core\lv_disp.h ****  * @param time time of the animation
 122:d:\practise\f407_disc\lvgl\lvgl\src/core\lv_disp.h ****  * @param delay delay before the transition
 123:d:\practise\f407_disc\lvgl\lvgl\src/core\lv_disp.h ****  * @param auto_del true: automatically delete the old screen
 124:d:\practise\f407_disc\lvgl\lvgl\src/core\lv_disp.h ****  */
 125:d:\practise\f407_disc\lvgl\lvgl\src/core\lv_disp.h **** void lv_scr_load_anim(lv_obj_t * scr, lv_scr_load_anim_t anim_type, uint32_t time, uint32_t delay, 
 126:d:\practise\f407_disc\lvgl\lvgl\src/core\lv_disp.h **** 
 127:d:\practise\f407_disc\lvgl\lvgl\src/core\lv_disp.h **** /**
 128:d:\practise\f407_disc\lvgl\lvgl\src/core\lv_disp.h ****  * Get elapsed time since last user activity on a display (e.g. click)
 129:d:\practise\f407_disc\lvgl\lvgl\src/core\lv_disp.h ****  * @param disp pointer to an display (NULL to get the overall smallest inactivity)
 130:d:\practise\f407_disc\lvgl\lvgl\src/core\lv_disp.h ****  * @return elapsed ticks (milliseconds) since the last activity
 131:d:\practise\f407_disc\lvgl\lvgl\src/core\lv_disp.h ****  */
 132:d:\practise\f407_disc\lvgl\lvgl\src/core\lv_disp.h **** uint32_t lv_disp_get_inactive_time(const lv_disp_t * disp);
 133:d:\practise\f407_disc\lvgl\lvgl\src/core\lv_disp.h **** 
ARM GAS  C:\Users\gx\AppData\Local\Temp\ccoIfgFC.s 			page 6


 134:d:\practise\f407_disc\lvgl\lvgl\src/core\lv_disp.h **** /**
 135:d:\practise\f407_disc\lvgl\lvgl\src/core\lv_disp.h ****  * Manually trigger an activity on a display
 136:d:\practise\f407_disc\lvgl\lvgl\src/core\lv_disp.h ****  * @param disp pointer to an display (NULL to use the default display)
 137:d:\practise\f407_disc\lvgl\lvgl\src/core\lv_disp.h ****  */
 138:d:\practise\f407_disc\lvgl\lvgl\src/core\lv_disp.h **** void lv_disp_trig_activity(lv_disp_t * disp);
 139:d:\practise\f407_disc\lvgl\lvgl\src/core\lv_disp.h **** 
 140:d:\practise\f407_disc\lvgl\lvgl\src/core\lv_disp.h **** /**
 141:d:\practise\f407_disc\lvgl\lvgl\src/core\lv_disp.h ****  * Clean any CPU cache that is related to the display.
 142:d:\practise\f407_disc\lvgl\lvgl\src/core\lv_disp.h ****  * @param disp pointer to an display (NULL to use the default display)
 143:d:\practise\f407_disc\lvgl\lvgl\src/core\lv_disp.h ****  */
 144:d:\practise\f407_disc\lvgl\lvgl\src/core\lv_disp.h **** void lv_disp_clean_dcache(lv_disp_t * disp);
 145:d:\practise\f407_disc\lvgl\lvgl\src/core\lv_disp.h **** 
 146:d:\practise\f407_disc\lvgl\lvgl\src/core\lv_disp.h **** /**
 147:d:\practise\f407_disc\lvgl\lvgl\src/core\lv_disp.h ****  * Get a pointer to the screen refresher timer to
 148:d:\practise\f407_disc\lvgl\lvgl\src/core\lv_disp.h ****  * modify its parameters with `lv_timer_...` functions.
 149:d:\practise\f407_disc\lvgl\lvgl\src/core\lv_disp.h ****  * @param disp pointer to a display
 150:d:\practise\f407_disc\lvgl\lvgl\src/core\lv_disp.h ****  * @return pointer to the display refresher timer. (NULL on error)
 151:d:\practise\f407_disc\lvgl\lvgl\src/core\lv_disp.h ****  */
 152:d:\practise\f407_disc\lvgl\lvgl\src/core\lv_disp.h **** lv_timer_t * _lv_disp_get_refr_timer(lv_disp_t * disp);
 153:d:\practise\f407_disc\lvgl\lvgl\src/core\lv_disp.h **** 
 154:d:\practise\f407_disc\lvgl\lvgl\src/core\lv_disp.h **** /*------------------------------------------------
 155:d:\practise\f407_disc\lvgl\lvgl\src/core\lv_disp.h ****  * To improve backward compatibility
 156:d:\practise\f407_disc\lvgl\lvgl\src/core\lv_disp.h ****  * Recommended only if you have one display
 157:d:\practise\f407_disc\lvgl\lvgl\src/core\lv_disp.h ****  *------------------------------------------------*/
 158:d:\practise\f407_disc\lvgl\lvgl\src/core\lv_disp.h **** 
 159:d:\practise\f407_disc\lvgl\lvgl\src/core\lv_disp.h **** /**
 160:d:\practise\f407_disc\lvgl\lvgl\src/core\lv_disp.h ****  * Get the active screen of the default display
 161:d:\practise\f407_disc\lvgl\lvgl\src/core\lv_disp.h ****  * @return pointer to the active screen
 162:d:\practise\f407_disc\lvgl\lvgl\src/core\lv_disp.h ****  */
 163:d:\practise\f407_disc\lvgl\lvgl\src/core\lv_disp.h **** static inline lv_obj_t * lv_scr_act(void)
 119              		.loc 2 163 26 view .LVU11
 120              	.LBB5:
 164:d:\practise\f407_disc\lvgl\lvgl\src/core\lv_disp.h **** {
 165:d:\practise\f407_disc\lvgl\lvgl\src/core\lv_disp.h ****     return lv_disp_get_scr_act(lv_disp_get_default());
 121              		.loc 2 165 5 view .LVU12
 122              		.loc 2 165 12 is_stmt 0 view .LVU13
 123 0002 FFF7FEFF 		bl	lv_disp_get_default
 124              	.LVL4:
 125 0006 FFF7FEFF 		bl	lv_disp_get_scr_act
 126              	.LVL5:
 127              	.LBE5:
 128              	.LBE4:
 129              		.loc 1 18 27 view .LVU14
 130 000a FFF7FEFF 		bl	lv_dropdown_create
 131              	.LVL6:
 132 000e 0446     		mov	r4, r0
 133              	.LVL7:
  19:lvgl/lvgl/examples/widgets/dropdown/lv_example_dropdown_3.c ****     lv_obj_align(dropdown, LV_ALIGN_TOP_LEFT, 10, 10);
 134              		.loc 1 19 5 is_stmt 1 view .LVU15
 135 0010 0A23     		movs	r3, #10
 136 0012 1A46     		mov	r2, r3
 137 0014 0121     		movs	r1, #1
 138 0016 FFF7FEFF 		bl	lv_obj_align
 139              	.LVL8:
  20:lvgl/lvgl/examples/widgets/dropdown/lv_example_dropdown_3.c ****     lv_dropdown_set_options(dropdown, "New project\n"
 140              		.loc 1 20 5 view .LVU16
 141 001a 0E49     		ldr	r1, .L7
ARM GAS  C:\Users\gx\AppData\Local\Temp\ccoIfgFC.s 			page 7


 142 001c 2046     		mov	r0, r4
 143 001e FFF7FEFF 		bl	lv_dropdown_set_options
 144              	.LVL9:
  21:lvgl/lvgl/examples/widgets/dropdown/lv_example_dropdown_3.c ****                                       "New file\n"
  22:lvgl/lvgl/examples/widgets/dropdown/lv_example_dropdown_3.c ****                                       "Save\n"
  23:lvgl/lvgl/examples/widgets/dropdown/lv_example_dropdown_3.c ****                                       "Save as ...\n"
  24:lvgl/lvgl/examples/widgets/dropdown/lv_example_dropdown_3.c ****                                       "Open project\n"
  25:lvgl/lvgl/examples/widgets/dropdown/lv_example_dropdown_3.c ****                                       "Recent projects\n"
  26:lvgl/lvgl/examples/widgets/dropdown/lv_example_dropdown_3.c ****                                       "Preferences\n"
  27:lvgl/lvgl/examples/widgets/dropdown/lv_example_dropdown_3.c ****                                       "Exit");
  28:lvgl/lvgl/examples/widgets/dropdown/lv_example_dropdown_3.c **** 
  29:lvgl/lvgl/examples/widgets/dropdown/lv_example_dropdown_3.c ****     /*Set a fixed text to display on the button of the drop-down list*/
  30:lvgl/lvgl/examples/widgets/dropdown/lv_example_dropdown_3.c ****     lv_dropdown_set_text(dropdown, "Menu");
 145              		.loc 1 30 5 view .LVU17
 146 0022 0D49     		ldr	r1, .L7+4
 147 0024 2046     		mov	r0, r4
 148 0026 FFF7FEFF 		bl	lv_dropdown_set_text
 149              	.LVL10:
  31:lvgl/lvgl/examples/widgets/dropdown/lv_example_dropdown_3.c **** 
  32:lvgl/lvgl/examples/widgets/dropdown/lv_example_dropdown_3.c ****     /*Use a custom image as down icon and flip it when the list is opened*/
  33:lvgl/lvgl/examples/widgets/dropdown/lv_example_dropdown_3.c ****     LV_IMG_DECLARE(img_caret_down)
 150              		.loc 1 33 5 view .LVU18
  34:lvgl/lvgl/examples/widgets/dropdown/lv_example_dropdown_3.c ****     lv_dropdown_set_symbol(dropdown, &img_caret_down);
 151              		.loc 1 34 5 view .LVU19
 152 002a 0C49     		ldr	r1, .L7+8
 153 002c 2046     		mov	r0, r4
 154 002e FFF7FEFF 		bl	lv_dropdown_set_symbol
 155              	.LVL11:
  35:lvgl/lvgl/examples/widgets/dropdown/lv_example_dropdown_3.c ****     lv_obj_set_style_transform_angle(dropdown, 1800, LV_PART_INDICATOR | LV_STATE_CHECKED);
 156              		.loc 1 35 5 view .LVU20
 157 0032 0B4A     		ldr	r2, .L7+12
 158 0034 4FF4E161 		mov	r1, #1800
 159 0038 2046     		mov	r0, r4
 160 003a FFF7FEFF 		bl	lv_obj_set_style_transform_angle
 161              	.LVL12:
  36:lvgl/lvgl/examples/widgets/dropdown/lv_example_dropdown_3.c **** 
  37:lvgl/lvgl/examples/widgets/dropdown/lv_example_dropdown_3.c ****     /*In a menu we don't need to show the last clicked item*/
  38:lvgl/lvgl/examples/widgets/dropdown/lv_example_dropdown_3.c ****     lv_dropdown_set_selected_highlight(dropdown, false);
 162              		.loc 1 38 5 view .LVU21
 163 003e 0021     		movs	r1, #0
 164 0040 2046     		mov	r0, r4
 165 0042 FFF7FEFF 		bl	lv_dropdown_set_selected_highlight
 166              	.LVL13:
  39:lvgl/lvgl/examples/widgets/dropdown/lv_example_dropdown_3.c **** 
  40:lvgl/lvgl/examples/widgets/dropdown/lv_example_dropdown_3.c ****     lv_obj_add_event_cb(dropdown, event_cb, LV_EVENT_VALUE_CHANGED, NULL);
 167              		.loc 1 40 5 view .LVU22
 168 0046 0023     		movs	r3, #0
 169 0048 1C22     		movs	r2, #28
 170 004a 0649     		ldr	r1, .L7+16
 171 004c 2046     		mov	r0, r4
 172 004e FFF7FEFF 		bl	lv_obj_add_event_cb
 173              	.LVL14:
  41:lvgl/lvgl/examples/widgets/dropdown/lv_example_dropdown_3.c **** }
 174              		.loc 1 41 1 is_stmt 0 view .LVU23
 175 0052 10BD     		pop	{r4, pc}
 176              	.LVL15:
 177              	.L8:
ARM GAS  C:\Users\gx\AppData\Local\Temp\ccoIfgFC.s 			page 8


 178              		.loc 1 41 1 view .LVU24
 179              		.align	2
 180              	.L7:
 181 0054 00000000 		.word	.LC2
 182 0058 54000000 		.word	.LC3
 183 005c 00000000 		.word	img_caret_down
 184 0060 01000200 		.word	131073
 185 0064 00000000 		.word	event_cb
 186              		.cfi_endproc
 187              	.LFE190:
 189              		.section	.rodata.__func__.12315,"a"
 190              		.align	2
 191              		.set	.LANCHOR0,. + 0
 194              	__func__.12315:
 195 0000 6576656E 		.ascii	"event_cb\000"
 195      745F6362 
 195      00
 196              		.text
 197              	.Letext0:
 198              		.file 3 "c:\\program files (x86)\\gnu arm embedded toolchain\\9 2020-q2-update\\arm-none-eabi\\inc
 199              		.file 4 "c:\\program files (x86)\\gnu arm embedded toolchain\\9 2020-q2-update\\arm-none-eabi\\inc
 200              		.file 5 "d:\\practise\\f407_disc\\lvgl\\lvgl\\src/misc/lv_ll.h"
 201              		.file 6 "c:\\program files (x86)\\gnu arm embedded toolchain\\9 2020-q2-update\\lib\\gcc\\arm-none
 202              		.file 7 "c:\\program files (x86)\\gnu arm embedded toolchain\\9 2020-q2-update\\arm-none-eabi\\inc
 203              		.file 8 "c:\\program files (x86)\\gnu arm embedded toolchain\\9 2020-q2-update\\arm-none-eabi\\inc
 204              		.file 9 "c:\\program files (x86)\\gnu arm embedded toolchain\\9 2020-q2-update\\arm-none-eabi\\inc
 205              		.file 10 "d:\\practise\\f407_disc\\lvgl\\lvgl\\src\\misc\\lv_color.h"
 206              		.file 11 "d:\\practise\\f407_disc\\lvgl\\lvgl\\src\\misc\\lv_area.h"
 207              		.file 12 "d:\\practise\\f407_disc\\lvgl\\lvgl\\src\\draw\\lv_img_buf.h"
 208              		.file 13 "d:\\practise\\f407_disc\\lvgl\\lvgl\\src/core/lv_obj.h"
 209              		.file 14 "d:\\practise\\f407_disc\\lvgl\\lvgl\\src/core/lv_group.h"
 210              		.file 15 "d:\\practise\\f407_disc\\lvgl\\lvgl\\src\\font\\lv_font.h"
 211              		.file 16 "d:\\practise\\f407_disc\\lvgl\\lvgl\\src\\misc\\lv_txt.h"
 212              		.file 17 "d:\\practise\\f407_disc\\lvgl\\lvgl\\src\\misc\\lv_style.h"
 213              		.file 18 "d:\\practise\\f407_disc\\lvgl\\lvgl\\src/core/lv_obj_scroll.h"
 214              		.file 19 "d:\\practise\\f407_disc\\lvgl\\lvgl\\src/core/lv_obj_style.h"
 215              		.file 20 "d:\\practise\\f407_disc\\lvgl\\lvgl\\src\\draw\\lv_draw_label.h"
 216              		.file 21 "d:\\practise\\f407_disc\\lvgl\\lvgl\\src/core/lv_obj_class.h"
 217              		.file 22 "d:\\practise\\f407_disc\\lvgl\\lvgl\\src/core/lv_event.h"
 218              		.file 23 "d:\\practise\\f407_disc\\lvgl\\lvgl\\src/widgets/lv_arc.h"
 219              		.file 24 "d:\\practise\\f407_disc\\lvgl\\lvgl\\src/widgets/lv_btn.h"
 220              		.file 25 "d:\\practise\\f407_disc\\lvgl\\lvgl\\src/widgets/lv_img.h"
 221              		.file 26 "d:\\practise\\f407_disc\\lvgl\\lvgl\\src/widgets/lv_label.h"
 222              		.file 27 "d:\\practise\\f407_disc\\lvgl\\lvgl\\src/widgets/lv_line.h"
 223              		.file 28 "d:\\practise\\f407_disc\\lvgl\\lvgl\\src/widgets/lv_table.h"
 224              		.file 29 "d:\\practise\\f407_disc\\lvgl\\lvgl\\src/widgets/lv_checkbox.h"
 225              		.file 30 "d:\\practise\\f407_disc\\lvgl\\lvgl\\src/widgets/lv_bar.h"
 226              		.file 31 "d:\\practise\\f407_disc\\lvgl\\lvgl\\src/widgets/lv_slider.h"
 227              		.file 32 "d:\\practise\\f407_disc\\lvgl\\lvgl\\src/widgets/lv_btnmatrix.h"
 228              		.file 33 "d:\\practise\\f407_disc\\lvgl\\lvgl\\src/widgets/lv_dropdown.h"
 229              		.file 34 "d:\\practise\\f407_disc\\lvgl\\lvgl\\src/widgets/lv_roller.h"
 230              		.file 35 "d:\\practise\\f407_disc\\lvgl\\lvgl\\src/widgets/lv_textarea.h"
 231              		.file 36 "d:\\practise\\f407_disc\\lvgl\\lvgl\\src/widgets/lv_canvas.h"
 232              		.file 37 "d:\\practise\\f407_disc\\lvgl\\lvgl\\src/widgets/lv_switch.h"
 233              		.file 38 "d:\\practise\\f407_disc\\lvgl\\lvgl\\src/extra/widgets/animimg/lv_animimg.h"
 234              		.file 39 "d:\\practise\\f407_disc\\lvgl\\lvgl\\src/extra/widgets/calendar/lv_calendar.h"
 235              		.file 40 "d:\\practise\\f407_disc\\lvgl\\lvgl\\src/extra/widgets/calendar/lv_calendar_header_arrow
ARM GAS  C:\Users\gx\AppData\Local\Temp\ccoIfgFC.s 			page 9


 236              		.file 41 "d:\\practise\\f407_disc\\lvgl\\lvgl\\src/extra/widgets/calendar/lv_calendar_header_dropd
 237              		.file 42 "d:\\practise\\f407_disc\\lvgl\\lvgl\\src/extra/widgets/chart/lv_chart.h"
 238              		.file 43 "d:\\practise\\f407_disc\\lvgl\\lvgl\\src/extra/widgets/keyboard/lv_keyboard.h"
 239              		.file 44 "d:\\practise\\f407_disc\\lvgl\\lvgl\\src\\extra\\layouts\\flex\\lv_flex.h"
 240              		.file 45 "d:\\practise\\f407_disc\\lvgl\\lvgl\\src/extra/widgets/list/lv_list.h"
 241              		.file 46 "d:\\practise\\f407_disc\\lvgl\\lvgl\\src/extra/widgets/msgbox/lv_msgbox.h"
 242              		.file 47 "d:\\practise\\f407_disc\\lvgl\\lvgl\\src/extra/widgets/meter/lv_meter.h"
 243              		.file 48 "d:\\practise\\f407_disc\\lvgl\\lvgl\\src/extra/widgets/spinbox/lv_spinbox.h"
 244              		.file 49 "d:\\practise\\f407_disc\\lvgl\\lvgl\\src/extra/widgets/spinner/lv_spinner.h"
 245              		.file 50 "d:\\practise\\f407_disc\\lvgl\\lvgl\\src/extra/widgets/tabview/lv_tabview.h"
 246              		.file 51 "d:\\practise\\f407_disc\\lvgl\\lvgl\\src/extra/widgets/tileview/lv_tileview.h"
 247              		.file 52 "d:\\practise\\f407_disc\\lvgl\\lvgl\\src/extra/widgets/win/lv_win.h"
 248              		.file 53 "d:\\practise\\f407_disc\\lvgl\\lvgl\\src/extra/widgets/colorwheel/lv_colorwheel.h"
 249              		.file 54 "d:\\practise\\f407_disc\\lvgl\\lvgl\\src/extra/widgets/led/lv_led.h"
 250              		.file 55 "d:\\practise\\f407_disc\\lvgl\\lvgl\\src/extra/widgets/imgbtn/lv_imgbtn.h"
 251              		.file 56 "d:\\practise\\f407_disc\\lvgl\\lvgl\\src/extra/widgets/span/lv_span.h"
 252              		.file 57 "d:\\practise\\f407_disc\\lvgl\\lvgl\\src/extra/layouts/grid/lv_grid.h"
 253              		.file 58 "d:\\practise\\f407_disc\\lvgl\\lvgl\\src/hal/lv_hal_disp.h"
 254              		.file 59 "d:\\practise\\f407_disc\\lvgl\\lvgl\\src/core/lv_obj_pos.h"
 255              		.file 60 "d:\\practise\\f407_disc\\lvgl\\lvgl\\src/core/lv_obj_style_gen.h"
 256              		.file 61 "d:\\practise\\f407_disc\\lvgl\\lvgl\\src/misc/lv_log.h"
ARM GAS  C:\Users\gx\AppData\Local\Temp\ccoIfgFC.s 			page 10


DEFINED SYMBOLS
                            *ABS*:00000000 lv_example_dropdown_3.c
C:\Users\gx\AppData\Local\Temp\ccoIfgFC.s:18     .rodata.event_cb.str1.4:00000000 $d
C:\Users\gx\AppData\Local\Temp\ccoIfgFC.s:26     .text.event_cb:00000000 $t
C:\Users\gx\AppData\Local\Temp\ccoIfgFC.s:33     .text.event_cb:00000000 event_cb
C:\Users\gx\AppData\Local\Temp\ccoIfgFC.s:81     .text.event_cb:00000028 $d
C:\Users\gx\AppData\Local\Temp\ccoIfgFC.s:88     .rodata.lv_example_dropdown_3.str1.4:00000000 $d
C:\Users\gx\AppData\Local\Temp\ccoIfgFC.s:97     .text.lv_example_dropdown_3:00000000 $t
C:\Users\gx\AppData\Local\Temp\ccoIfgFC.s:104    .text.lv_example_dropdown_3:00000000 lv_example_dropdown_3
C:\Users\gx\AppData\Local\Temp\ccoIfgFC.s:181    .text.lv_example_dropdown_3:00000054 $d
C:\Users\gx\AppData\Local\Temp\ccoIfgFC.s:190    .rodata.__func__.12315:00000000 $d
C:\Users\gx\AppData\Local\Temp\ccoIfgFC.s:194    .rodata.__func__.12315:00000000 __func__.12315

UNDEFINED SYMBOLS
lv_event_get_target
lv_dropdown_get_selected_str
_lv_log_add
lv_disp_get_default
lv_disp_get_scr_act
lv_dropdown_create
lv_obj_align
lv_dropdown_set_options
lv_dropdown_set_text
lv_dropdown_set_symbol
lv_obj_set_style_transform_angle
lv_dropdown_set_selected_highlight
lv_obj_add_event_cb
img_caret_down
