ARM GAS  C:\Users\gx\AppData\Local\Temp\ccdZTJmv.s 			page 1


   1              		.cpu cortex-m4
   2              		.eabi_attribute 27, 1
   3              		.eabi_attribute 28, 1
   4              		.eabi_attribute 20, 1
   5              		.eabi_attribute 21, 1
   6              		.eabi_attribute 23, 3
   7              		.eabi_attribute 24, 1
   8              		.eabi_attribute 25, 1
   9              		.eabi_attribute 26, 1
  10              		.eabi_attribute 30, 1
  11              		.eabi_attribute 34, 1
  12              		.eabi_attribute 18, 4
  13              		.file	"lv_font_montserrat_42.c"
  14              		.text
  15              	.Ltext0:
  16              		.cfi_sections	.debug_frame
  17              	.Letext0:
  18              		.file 1 "c:\\program files (x86)\\gnu arm embedded toolchain\\9 2020-q2-update\\arm-none-eabi\\inc
  19              		.file 2 "c:\\program files (x86)\\gnu arm embedded toolchain\\9 2020-q2-update\\arm-none-eabi\\inc
  20              		.file 3 "lvgl/lvgl/src/font/../../src/misc/lv_ll.h"
  21              		.file 4 "c:\\program files (x86)\\gnu arm embedded toolchain\\9 2020-q2-update\\lib\\gcc\\arm-none
  22              		.file 5 "c:\\program files (x86)\\gnu arm embedded toolchain\\9 2020-q2-update\\arm-none-eabi\\inc
  23              		.file 6 "c:\\program files (x86)\\gnu arm embedded toolchain\\9 2020-q2-update\\arm-none-eabi\\inc
  24              		.file 7 "c:\\program files (x86)\\gnu arm embedded toolchain\\9 2020-q2-update\\arm-none-eabi\\inc
  25              		.file 8 "d:\\practise\\f407_disc\\lvgl\\lvgl\\src\\misc\\lv_color.h"
  26              		.file 9 "d:\\practise\\f407_disc\\lvgl\\lvgl\\src\\misc\\lv_area.h"
  27              		.file 10 "lvgl/lvgl/src/font/../../src/core/lv_obj.h"
  28              		.file 11 "lvgl/lvgl/src/font/../../src/core/lv_group.h"
  29              		.file 12 "d:\\practise\\f407_disc\\lvgl\\lvgl\\src\\font\\lv_font.h"
  30              		.file 13 "d:\\practise\\f407_disc\\lvgl\\lvgl\\src\\misc\\lv_txt.h"
  31              		.file 14 "d:\\practise\\f407_disc\\lvgl\\lvgl\\src\\misc\\lv_style.h"
  32              		.file 15 "lvgl/lvgl/src/font/../../src/core/lv_obj_scroll.h"
  33              		.file 16 "lvgl/lvgl/src/font/../../src/core/lv_obj_style.h"
  34              		.file 17 "d:\\practise\\f407_disc\\lvgl\\lvgl\\src\\draw\\lv_draw_label.h"
  35              		.file 18 "lvgl/lvgl/src/font/../../src/core/lv_obj_class.h"
  36              		.file 19 "lvgl/lvgl/src/font/../../src/core/lv_event.h"
  37              		.file 20 "lvgl/lvgl/src/font/../../src/widgets/lv_arc.h"
  38              		.file 21 "lvgl/lvgl/src/font/../../src/widgets/lv_btn.h"
  39              		.file 22 "lvgl/lvgl/src/font/../../src/widgets/lv_img.h"
  40              		.file 23 "lvgl/lvgl/src/font/../../src/widgets/lv_label.h"
  41              		.file 24 "lvgl/lvgl/src/font/../../src/widgets/lv_line.h"
  42              		.file 25 "lvgl/lvgl/src/font/../../src/widgets/lv_table.h"
  43              		.file 26 "lvgl/lvgl/src/font/../../src/widgets/lv_checkbox.h"
  44              		.file 27 "lvgl/lvgl/src/font/../../src/widgets/lv_bar.h"
  45              		.file 28 "lvgl/lvgl/src/font/../../src/widgets/lv_slider.h"
  46              		.file 29 "lvgl/lvgl/src/font/../../src/widgets/lv_btnmatrix.h"
  47              		.file 30 "lvgl/lvgl/src/font/../../src/widgets/lv_dropdown.h"
  48              		.file 31 "lvgl/lvgl/src/font/../../src/widgets/lv_roller.h"
  49              		.file 32 "lvgl/lvgl/src/font/../../src/widgets/lv_textarea.h"
  50              		.file 33 "lvgl/lvgl/src/font/../../src/widgets/lv_canvas.h"
  51              		.file 34 "lvgl/lvgl/src/font/../../src/widgets/lv_switch.h"
  52              		.file 35 "lvgl/lvgl/src/font/../../src/extra/widgets/animimg/lv_animimg.h"
  53              		.file 36 "lvgl/lvgl/src/font/../../src/extra/widgets/calendar/lv_calendar.h"
  54              		.file 37 "lvgl/lvgl/src/font/../../src/extra/widgets/calendar/lv_calendar_header_arrow.h"
  55              		.file 38 "lvgl/lvgl/src/font/../../src/extra/widgets/calendar/lv_calendar_header_dropdown.h"
  56              		.file 39 "lvgl/lvgl/src/font/../../src/extra/widgets/chart/lv_chart.h"
  57              		.file 40 "lvgl/lvgl/src/font/../../src/extra/widgets/keyboard/lv_keyboard.h"
ARM GAS  C:\Users\gx\AppData\Local\Temp\ccdZTJmv.s 			page 2


  58              		.file 41 "d:\\practise\\f407_disc\\lvgl\\lvgl\\src\\extra\\layouts\\flex\\lv_flex.h"
  59              		.file 42 "lvgl/lvgl/src/font/../../src/extra/widgets/list/lv_list.h"
  60              		.file 43 "lvgl/lvgl/src/font/../../src/extra/widgets/msgbox/lv_msgbox.h"
  61              		.file 44 "lvgl/lvgl/src/font/../../src/extra/widgets/meter/lv_meter.h"
  62              		.file 45 "lvgl/lvgl/src/font/../../src/extra/widgets/spinbox/lv_spinbox.h"
  63              		.file 46 "lvgl/lvgl/src/font/../../src/extra/widgets/spinner/lv_spinner.h"
  64              		.file 47 "lvgl/lvgl/src/font/../../src/extra/widgets/tabview/lv_tabview.h"
  65              		.file 48 "lvgl/lvgl/src/font/../../src/extra/widgets/tileview/lv_tileview.h"
  66              		.file 49 "lvgl/lvgl/src/font/../../src/extra/widgets/win/lv_win.h"
  67              		.file 50 "lvgl/lvgl/src/font/../../src/extra/widgets/colorwheel/lv_colorwheel.h"
  68              		.file 51 "lvgl/lvgl/src/font/../../src/extra/widgets/led/lv_led.h"
  69              		.file 52 "lvgl/lvgl/src/font/../../src/extra/widgets/imgbtn/lv_imgbtn.h"
  70              		.file 53 "lvgl/lvgl/src/font/../../src/extra/widgets/span/lv_span.h"
  71              		.file 54 "lvgl/lvgl/src/font/../../src/extra/layouts/grid/lv_grid.h"
ARM GAS  C:\Users\gx\AppData\Local\Temp\ccdZTJmv.s 			page 3


DEFINED SYMBOLS
                            *ABS*:00000000 lv_font_montserrat_42.c

NO UNDEFINED SYMBOLS
