ARM GAS  C:\Users\gx\AppData\Local\Temp\ccxPUe5H.s 			page 1


   1              		.cpu cortex-m4
   2              		.eabi_attribute 27, 1
   3              		.eabi_attribute 28, 1
   4              		.eabi_attribute 20, 1
   5              		.eabi_attribute 21, 1
   6              		.eabi_attribute 23, 3
   7              		.eabi_attribute 24, 1
   8              		.eabi_attribute 25, 1
   9              		.eabi_attribute 26, 1
  10              		.eabi_attribute 30, 1
  11              		.eabi_attribute 34, 1
  12              		.eabi_attribute 18, 4
  13              		.file	"lv_gpu_stm32_dma2d.c"
  14              		.text
  15              	.Ltext0:
  16              		.cfi_sections	.debug_frame
  17              	.Letext0:
  18              		.file 1 "c:\\program files (x86)\\gnu arm embedded toolchain\\9 2020-q2-update\\arm-none-eabi\\inc
  19              		.file 2 "c:\\program files (x86)\\gnu arm embedded toolchain\\9 2020-q2-update\\arm-none-eabi\\inc
  20              		.file 3 "c:\\program files (x86)\\gnu arm embedded toolchain\\9 2020-q2-update\\lib\\gcc\\arm-none
  21              		.file 4 "c:\\program files (x86)\\gnu arm embedded toolchain\\9 2020-q2-update\\arm-none-eabi\\inc
  22              		.file 5 "c:\\program files (x86)\\gnu arm embedded toolchain\\9 2020-q2-update\\arm-none-eabi\\inc
  23              		.file 6 "c:\\program files (x86)\\gnu arm embedded toolchain\\9 2020-q2-update\\arm-none-eabi\\inc
  24              		.file 7 "lvgl/lvgl/src/gpu/../misc/lv_area.h"
  25              		.file 8 "lvgl/lvgl/src/gpu/../misc/lv_color.h"
  26              		.file 9 "lvgl/lvgl/src/gpu/../hal/../misc/lv_ll.h"
  27              		.file 10 "lvgl/lvgl/src/gpu/../core/lv_obj.h"
  28              		.file 11 "lvgl/lvgl/src/gpu/../core/lv_group.h"
  29              		.file 12 "d:\\practise\\f407_disc\\lvgl\\lvgl\\src\\font\\lv_font.h"
  30              		.file 13 "lvgl/lvgl/src/gpu/../core/../misc/lv_txt.h"
  31              		.file 14 "lvgl/lvgl/src/gpu/../core/../misc/lv_style.h"
  32              		.file 15 "lvgl/lvgl/src/gpu/../core/lv_obj_scroll.h"
  33              		.file 16 "lvgl/lvgl/src/gpu/../core/lv_obj_style.h"
  34              		.file 17 "lvgl/lvgl/src/gpu/../core/../draw/lv_draw_label.h"
  35              		.file 18 "lvgl/lvgl/src/gpu/../core/lv_obj_class.h"
  36              		.file 19 "lvgl/lvgl/src/gpu/../core/lv_event.h"
ARM GAS  C:\Users\gx\AppData\Local\Temp\ccxPUe5H.s 			page 2


DEFINED SYMBOLS
                            *ABS*:00000000 lv_gpu_stm32_dma2d.c

NO UNDEFINED SYMBOLS
