ARM GAS  C:\Users\gx\AppData\Local\Temp\cc1905qa.s 			page 1


   1              		.cpu cortex-m4
   2              		.eabi_attribute 27, 1
   3              		.eabi_attribute 28, 1
   4              		.eabi_attribute 20, 1
   5              		.eabi_attribute 21, 1
   6              		.eabi_attribute 23, 3
   7              		.eabi_attribute 24, 1
   8              		.eabi_attribute 25, 1
   9              		.eabi_attribute 26, 1
  10              		.eabi_attribute 30, 1
  11              		.eabi_attribute 34, 1
  12              		.eabi_attribute 18, 4
  13              		.file	"lv_port_disp.c"
  14              		.text
  15              	.Ltext0:
  16              		.cfi_sections	.debug_frame
  17              		.section	.text.disp_flush,"ax",%progbits
  18              		.align	1
  19              		.arch armv7e-m
  20              		.syntax unified
  21              		.thumb
  22              		.thumb_func
  23              		.fpu fpv4-sp-d16
  25              	disp_flush:
  26              	.LVL0:
  27              	.LFB317:
  28              		.file 1 "lvgl/lv_port_disp.c"
   1:lvgl/lv_port_disp.c **** /**
   2:lvgl/lv_port_disp.c ****  * @file lv_port_disp_templ.c
   3:lvgl/lv_port_disp.c ****  *
   4:lvgl/lv_port_disp.c ****  */
   5:lvgl/lv_port_disp.c **** 
   6:lvgl/lv_port_disp.c ****  /*Copy this file as "lv_port_disp.c" and set this value to "1" to enable content*/
   7:lvgl/lv_port_disp.c **** #if 1
   8:lvgl/lv_port_disp.c **** 
   9:lvgl/lv_port_disp.c **** /*********************
  10:lvgl/lv_port_disp.c ****  *      INCLUDES
  11:lvgl/lv_port_disp.c ****  *********************/
  12:lvgl/lv_port_disp.c **** #include "lv_port_disp.h"
  13:lvgl/lv_port_disp.c **** #include "lvgl/lvgl.h"
  14:lvgl/lv_port_disp.c **** #include "lcd.h"
  15:lvgl/lv_port_disp.c **** /*********************
  16:lvgl/lv_port_disp.c ****  *      DEFINES
  17:lvgl/lv_port_disp.c ****  *********************/
  18:lvgl/lv_port_disp.c **** 
  19:lvgl/lv_port_disp.c **** /**********************
  20:lvgl/lv_port_disp.c ****  *      TYPEDEFS
  21:lvgl/lv_port_disp.c ****  **********************/
  22:lvgl/lv_port_disp.c **** 
  23:lvgl/lv_port_disp.c **** /**********************
  24:lvgl/lv_port_disp.c ****  *  STATIC PROTOTYPES
  25:lvgl/lv_port_disp.c ****  **********************/
  26:lvgl/lv_port_disp.c **** static void disp_init(void);
  27:lvgl/lv_port_disp.c **** 
  28:lvgl/lv_port_disp.c **** static void disp_flush(lv_disp_drv_t * disp_drv, const lv_area_t * area, lv_color_t * color_p);
  29:lvgl/lv_port_disp.c **** //static void gpu_fill(lv_disp_drv_t * disp_drv, lv_color_t * dest_buf, lv_coord_t dest_width,
  30:lvgl/lv_port_disp.c **** //        const lv_area_t * fill_area, lv_color_t color);
ARM GAS  C:\Users\gx\AppData\Local\Temp\cc1905qa.s 			page 2


  31:lvgl/lv_port_disp.c **** 
  32:lvgl/lv_port_disp.c **** /**********************
  33:lvgl/lv_port_disp.c ****  *  STATIC VARIABLES
  34:lvgl/lv_port_disp.c ****  **********************/
  35:lvgl/lv_port_disp.c **** 
  36:lvgl/lv_port_disp.c **** /**********************
  37:lvgl/lv_port_disp.c ****  *      MACROS
  38:lvgl/lv_port_disp.c ****  **********************/
  39:lvgl/lv_port_disp.c **** 
  40:lvgl/lv_port_disp.c **** /**********************
  41:lvgl/lv_port_disp.c ****  *   GLOBAL FUNCTIONS
  42:lvgl/lv_port_disp.c ****  **********************/
  43:lvgl/lv_port_disp.c **** #define MY_DISP_HOR_RES (320)
  44:lvgl/lv_port_disp.c **** void lv_port_disp_init(void)
  45:lvgl/lv_port_disp.c **** {
  46:lvgl/lv_port_disp.c ****     /*-------------------------
  47:lvgl/lv_port_disp.c ****      * Initialize your display
  48:lvgl/lv_port_disp.c ****      * -----------------------*/
  49:lvgl/lv_port_disp.c ****     disp_init();
  50:lvgl/lv_port_disp.c **** 
  51:lvgl/lv_port_disp.c ****     /*-----------------------------
  52:lvgl/lv_port_disp.c ****      * Create a buffer for drawing
  53:lvgl/lv_port_disp.c ****      *----------------------------*/
  54:lvgl/lv_port_disp.c **** 
  55:lvgl/lv_port_disp.c ****     /**
  56:lvgl/lv_port_disp.c ****      * LVGL requires a buffer where it internally draws the widgets.
  57:lvgl/lv_port_disp.c ****      * Later this buffer will passed to your display driver's `flush_cb` to copy its content to you
  58:lvgl/lv_port_disp.c ****      * The buffer has to be greater than 1 display row
  59:lvgl/lv_port_disp.c ****      *
  60:lvgl/lv_port_disp.c ****      * There are 3 buffering configurations:
  61:lvgl/lv_port_disp.c ****      * 1. Create ONE buffer:
  62:lvgl/lv_port_disp.c ****      *      LVGL will draw the display's content here and writes it to your display
  63:lvgl/lv_port_disp.c ****      *
  64:lvgl/lv_port_disp.c ****      * 2. Create TWO buffer:
  65:lvgl/lv_port_disp.c ****      *      LVGL will draw the display's content to a buffer and writes it your display.
  66:lvgl/lv_port_disp.c ****      *      You should use DMA to write the buffer's content to the display.
  67:lvgl/lv_port_disp.c ****      *      It will enable LVGL to draw the next part of the screen to the other buffer while
  68:lvgl/lv_port_disp.c ****      *      the data is being sent form the first buffer. It makes rendering and flushing parallel.
  69:lvgl/lv_port_disp.c ****      *
  70:lvgl/lv_port_disp.c ****      * 3. Double buffering
  71:lvgl/lv_port_disp.c ****      *      Set 2 screens sized buffers and set disp_drv.full_refresh = 1.
  72:lvgl/lv_port_disp.c ****      *      This way LVGL will always provide the whole rendered screen in `flush_cb`
  73:lvgl/lv_port_disp.c ****      *      and you only need to change the frame buffer's address.
  74:lvgl/lv_port_disp.c ****      */
  75:lvgl/lv_port_disp.c **** 
  76:lvgl/lv_port_disp.c ****     /* Example for 1) */
  77:lvgl/lv_port_disp.c ****     static lv_disp_draw_buf_t draw_buf_dsc_1;
  78:lvgl/lv_port_disp.c ****     static lv_color_t buf_1[MY_DISP_HOR_RES * 10];                          /*A buffer for 10 rows*
  79:lvgl/lv_port_disp.c ****     lv_disp_draw_buf_init(&draw_buf_dsc_1, buf_1, NULL, MY_DISP_HOR_RES * 10);   /*Initialize the d
  80:lvgl/lv_port_disp.c **** 
  81:lvgl/lv_port_disp.c ****     /* Example for 2) */
  82:lvgl/lv_port_disp.c ****     // static lv_disp_draw_buf_t draw_buf_dsc_2;
  83:lvgl/lv_port_disp.c ****     // static lv_color_t buf_2_1[MY_DISP_HOR_RES * 10];                        /*A buffer for 10 ro
  84:lvgl/lv_port_disp.c ****     // static lv_color_t buf_2_1[MY_DISP_HOR_RES * 10];                        /*An other buffer fo
  85:lvgl/lv_port_disp.c ****     // lv_disp_draw_buf_init(&draw_buf_dsc_2, buf_2_1, buf_2_1, MY_DISP_HOR_RES * 10);   /*Initiali
  86:lvgl/lv_port_disp.c **** 
  87:lvgl/lv_port_disp.c ****     /* Example for 3) also set disp_drv.full_refresh = 1 below*/
ARM GAS  C:\Users\gx\AppData\Local\Temp\cc1905qa.s 			page 3


  88:lvgl/lv_port_disp.c ****     // static lv_disp_draw_buf_t draw_buf_dsc_3;
  89:lvgl/lv_port_disp.c ****     // static lv_color_t buf_3_1[MY_DISP_HOR_RES * MY_DISP_VER_RES];            /*A screen sized bu
  90:lvgl/lv_port_disp.c ****     // static lv_color_t buf_3_1[MY_DISP_HOR_RES * MY_DISP_VER_RES];            /*An other screen s
  91:lvgl/lv_port_disp.c ****     // lv_disp_draw_buf_init(&draw_buf_dsc_3, buf_3_1, buf_3_2, MY_DISP_VER_RES * LV_VER_RES_MAX); 
  92:lvgl/lv_port_disp.c **** 
  93:lvgl/lv_port_disp.c ****     /*-----------------------------------
  94:lvgl/lv_port_disp.c ****      * Register the display in LVGL
  95:lvgl/lv_port_disp.c ****      *----------------------------------*/
  96:lvgl/lv_port_disp.c **** 
  97:lvgl/lv_port_disp.c ****     static lv_disp_drv_t disp_drv;                         /*Descriptor of a display driver*/
  98:lvgl/lv_port_disp.c ****     lv_disp_drv_init(&disp_drv);                    /*Basic initialization*/
  99:lvgl/lv_port_disp.c **** 
 100:lvgl/lv_port_disp.c ****     /*Set up the functions to access to your display*/
 101:lvgl/lv_port_disp.c **** 
 102:lvgl/lv_port_disp.c ****     /*Set the resolution of the display*/
 103:lvgl/lv_port_disp.c ****     disp_drv.hor_res = 320;
 104:lvgl/lv_port_disp.c ****     disp_drv.ver_res = 480;
 105:lvgl/lv_port_disp.c **** 
 106:lvgl/lv_port_disp.c ****     /*Used to copy the buffer's content to the display*/
 107:lvgl/lv_port_disp.c ****     disp_drv.flush_cb = disp_flush;
 108:lvgl/lv_port_disp.c **** 
 109:lvgl/lv_port_disp.c ****     /*Set a display buffer*/
 110:lvgl/lv_port_disp.c ****     disp_drv.draw_buf = &draw_buf_dsc_1;
 111:lvgl/lv_port_disp.c **** 
 112:lvgl/lv_port_disp.c ****     /*Required for Example 3)*/
 113:lvgl/lv_port_disp.c ****     //disp_drv.full_refresh = 1
 114:lvgl/lv_port_disp.c **** 
 115:lvgl/lv_port_disp.c ****     /* Fill a memory array with a color if you have GPU.
 116:lvgl/lv_port_disp.c ****      * Note that, in lv_conf.h you can enable GPUs that has built-in support in LVGL.
 117:lvgl/lv_port_disp.c ****      * But if you have a different GPU you can use with this callback.*/
 118:lvgl/lv_port_disp.c ****     //disp_drv.gpu_fill_cb = gpu_fill;
 119:lvgl/lv_port_disp.c **** 
 120:lvgl/lv_port_disp.c ****     /*Finally register the driver*/
 121:lvgl/lv_port_disp.c ****     lv_disp_drv_register(&disp_drv);
 122:lvgl/lv_port_disp.c **** }
 123:lvgl/lv_port_disp.c **** 
 124:lvgl/lv_port_disp.c **** /**********************
 125:lvgl/lv_port_disp.c ****  *   STATIC FUNCTIONS
 126:lvgl/lv_port_disp.c ****  **********************/
 127:lvgl/lv_port_disp.c **** 
 128:lvgl/lv_port_disp.c **** /*Initialize your display and the required peripherals.*/
 129:lvgl/lv_port_disp.c **** static void disp_init(void)
 130:lvgl/lv_port_disp.c **** {
 131:lvgl/lv_port_disp.c ****     /*You code here*/
 132:lvgl/lv_port_disp.c ****     LCD_Init();
 133:lvgl/lv_port_disp.c **** }
 134:lvgl/lv_port_disp.c **** 
 135:lvgl/lv_port_disp.c **** /*Flush the content of the internal buffer the specific area on the display
 136:lvgl/lv_port_disp.c ****  *You can use DMA or any hardware acceleration to do this operation in the background but
 137:lvgl/lv_port_disp.c ****  *'lv_disp_flush_ready()' has to be called when finished.*/
 138:lvgl/lv_port_disp.c **** static void disp_flush(lv_disp_drv_t * disp_drv, const lv_area_t * area, lv_color_t * color_p)
 139:lvgl/lv_port_disp.c **** {
  29              		.loc 1 139 1 view -0
  30              		.cfi_startproc
  31              		@ args = 0, pretend = 0, frame = 0
  32              		@ frame_needed = 0, uses_anonymous_args = 0
  33              		.loc 1 139 1 is_stmt 0 view .LVU1
ARM GAS  C:\Users\gx\AppData\Local\Temp\cc1905qa.s 			page 4


  34 0000 2DE9F041 		push	{r4, r5, r6, r7, r8, lr}
  35              	.LCFI0:
  36              		.cfi_def_cfa_offset 24
  37              		.cfi_offset 4, -24
  38              		.cfi_offset 5, -20
  39              		.cfi_offset 6, -16
  40              		.cfi_offset 7, -12
  41              		.cfi_offset 8, -8
  42              		.cfi_offset 14, -4
  43 0004 8046     		mov	r8, r0
  44 0006 0E46     		mov	r6, r1
  45 0008 1546     		mov	r5, r2
 140:lvgl/lv_port_disp.c ****     /*The most simple case (but also the slowest) to put all pixels to the screen one-by-one*/
 141:lvgl/lv_port_disp.c **** 
 142:lvgl/lv_port_disp.c ****     int32_t x;
  46              		.loc 1 142 5 is_stmt 1 view .LVU2
 143:lvgl/lv_port_disp.c ****     int32_t y;
  47              		.loc 1 143 5 view .LVU3
 144:lvgl/lv_port_disp.c ****     LCD_SetWindow(area->x1, area->y1, area->x2, area->y2);
  48              		.loc 1 144 5 view .LVU4
  49 000a B1F90630 		ldrsh	r3, [r1, #6]
  50 000e B1F90420 		ldrsh	r2, [r1, #4]
  51              	.LVL1:
  52              		.loc 1 144 5 is_stmt 0 view .LVU5
  53 0012 B1F90210 		ldrsh	r1, [r1, #2]
  54              	.LVL2:
  55              		.loc 1 144 5 view .LVU6
  56 0016 B6F90000 		ldrsh	r0, [r6]
  57              	.LVL3:
  58              		.loc 1 144 5 view .LVU7
  59 001a FFF7FEFF 		bl	LCD_SetWindow
  60              	.LVL4:
 145:lvgl/lv_port_disp.c ****     for(y = area->y1; y <= area->y2; y++) {
  61              		.loc 1 145 5 is_stmt 1 view .LVU8
  62              		.loc 1 145 17 is_stmt 0 view .LVU9
  63 001e B6F90270 		ldrsh	r7, [r6, #2]
  64              	.LVL5:
  65              		.loc 1 145 5 view .LVU10
  66 0022 09E0     		b	.L2
  67              	.LVL6:
  68              	.L4:
 146:lvgl/lv_port_disp.c ****         for(x = area->x1; x <= area->x2; x++) {
 147:lvgl/lv_port_disp.c ****             /*Put a pixel to the display. For example:*/
 148:lvgl/lv_port_disp.c ****             /*put_px(x, y, *color_p)*/
 149:lvgl/lv_port_disp.c ****             LCD_WRITE_DATA(*(uint16_t*)color_p);
  69              		.loc 1 149 13 is_stmt 1 discriminator 3 view .LVU11
  70 0024 35F8020B 		ldrh	r0, [r5], #2
  71              	.LVL7:
  72              		.loc 1 149 13 is_stmt 0 discriminator 3 view .LVU12
  73 0028 FFF7FEFF 		bl	LCD_WRITE_DATA
  74              	.LVL8:
 150:lvgl/lv_port_disp.c ****             color_p++;
  75              		.loc 1 150 13 is_stmt 1 discriminator 3 view .LVU13
 146:lvgl/lv_port_disp.c ****         for(x = area->x1; x <= area->x2; x++) {
  76              		.loc 1 146 42 discriminator 3 view .LVU14
 146:lvgl/lv_port_disp.c ****         for(x = area->x1; x <= area->x2; x++) {
  77              		.loc 1 146 43 is_stmt 0 discriminator 3 view .LVU15
ARM GAS  C:\Users\gx\AppData\Local\Temp\cc1905qa.s 			page 5


  78 002c 0134     		adds	r4, r4, #1
  79              	.LVL9:
  80              	.L3:
 146:lvgl/lv_port_disp.c ****         for(x = area->x1; x <= area->x2; x++) {
  81              		.loc 1 146 27 is_stmt 1 discriminator 1 view .LVU16
 146:lvgl/lv_port_disp.c ****         for(x = area->x1; x <= area->x2; x++) {
  82              		.loc 1 146 36 is_stmt 0 discriminator 1 view .LVU17
  83 002e B6F90430 		ldrsh	r3, [r6, #4]
 146:lvgl/lv_port_disp.c ****         for(x = area->x1; x <= area->x2; x++) {
  84              		.loc 1 146 9 discriminator 1 view .LVU18
  85 0032 A342     		cmp	r3, r4
  86 0034 F6DA     		bge	.L4
 145:lvgl/lv_port_disp.c ****     for(y = area->y1; y <= area->y2; y++) {
  87              		.loc 1 145 38 is_stmt 1 discriminator 2 view .LVU19
 145:lvgl/lv_port_disp.c ****     for(y = area->y1; y <= area->y2; y++) {
  88              		.loc 1 145 39 is_stmt 0 discriminator 2 view .LVU20
  89 0036 0137     		adds	r7, r7, #1
  90              	.LVL10:
  91              	.L2:
 145:lvgl/lv_port_disp.c ****     for(y = area->y1; y <= area->y2; y++) {
  92              		.loc 1 145 23 is_stmt 1 discriminator 1 view .LVU21
 145:lvgl/lv_port_disp.c ****     for(y = area->y1; y <= area->y2; y++) {
  93              		.loc 1 145 32 is_stmt 0 discriminator 1 view .LVU22
  94 0038 B6F90630 		ldrsh	r3, [r6, #6]
 145:lvgl/lv_port_disp.c ****     for(y = area->y1; y <= area->y2; y++) {
  95              		.loc 1 145 5 discriminator 1 view .LVU23
  96 003c BB42     		cmp	r3, r7
  97 003e 02DB     		blt	.L7
 146:lvgl/lv_port_disp.c ****         for(x = area->x1; x <= area->x2; x++) {
  98              		.loc 1 146 9 is_stmt 1 view .LVU24
 146:lvgl/lv_port_disp.c ****         for(x = area->x1; x <= area->x2; x++) {
  99              		.loc 1 146 21 is_stmt 0 view .LVU25
 100 0040 B6F90040 		ldrsh	r4, [r6]
 101              	.LVL11:
 146:lvgl/lv_port_disp.c ****         for(x = area->x1; x <= area->x2; x++) {
 102              		.loc 1 146 9 view .LVU26
 103 0044 F3E7     		b	.L3
 104              	.LVL12:
 105              	.L7:
 151:lvgl/lv_port_disp.c ****         }
 152:lvgl/lv_port_disp.c ****     }
 153:lvgl/lv_port_disp.c ****     // LCD_Draw(area->x1,area->y1,area->x2,area->y2,(uint16_t *)color_p);
 154:lvgl/lv_port_disp.c ****     /*IMPORTANT!!!
 155:lvgl/lv_port_disp.c ****      *Inform the graphics library that you are ready with the flushing*/
 156:lvgl/lv_port_disp.c ****     lv_disp_flush_ready(disp_drv);
 106              		.loc 1 156 5 is_stmt 1 view .LVU27
 107 0046 4046     		mov	r0, r8
 108 0048 FFF7FEFF 		bl	lv_disp_flush_ready
 109              	.LVL13:
 157:lvgl/lv_port_disp.c **** }
 110              		.loc 1 157 1 is_stmt 0 view .LVU28
 111 004c BDE8F081 		pop	{r4, r5, r6, r7, r8, pc}
 112              		.loc 1 157 1 view .LVU29
 113              		.cfi_endproc
 114              	.LFE317:
 116              		.section	.text.disp_init,"ax",%progbits
 117              		.align	1
ARM GAS  C:\Users\gx\AppData\Local\Temp\cc1905qa.s 			page 6


 118              		.syntax unified
 119              		.thumb
 120              		.thumb_func
 121              		.fpu fpv4-sp-d16
 123              	disp_init:
 124              	.LFB316:
 130:lvgl/lv_port_disp.c ****     /*You code here*/
 125              		.loc 1 130 1 is_stmt 1 view -0
 126              		.cfi_startproc
 127              		@ args = 0, pretend = 0, frame = 0
 128              		@ frame_needed = 0, uses_anonymous_args = 0
 129 0000 08B5     		push	{r3, lr}
 130              	.LCFI1:
 131              		.cfi_def_cfa_offset 8
 132              		.cfi_offset 3, -8
 133              		.cfi_offset 14, -4
 132:lvgl/lv_port_disp.c **** }
 134              		.loc 1 132 5 view .LVU31
 135 0002 FFF7FEFF 		bl	LCD_Init
 136              	.LVL14:
 133:lvgl/lv_port_disp.c **** 
 137              		.loc 1 133 1 is_stmt 0 view .LVU32
 138 0006 08BD     		pop	{r3, pc}
 139              		.cfi_endproc
 140              	.LFE316:
 142              		.section	.text.lv_port_disp_init,"ax",%progbits
 143              		.align	1
 144              		.global	lv_port_disp_init
 145              		.syntax unified
 146              		.thumb
 147              		.thumb_func
 148              		.fpu fpv4-sp-d16
 150              	lv_port_disp_init:
 151              	.LFB315:
  45:lvgl/lv_port_disp.c ****     /*-------------------------
 152              		.loc 1 45 1 is_stmt 1 view -0
 153              		.cfi_startproc
 154              		@ args = 0, pretend = 0, frame = 0
 155              		@ frame_needed = 0, uses_anonymous_args = 0
 156 0000 38B5     		push	{r3, r4, r5, lr}
 157              	.LCFI2:
 158              		.cfi_def_cfa_offset 16
 159              		.cfi_offset 3, -16
 160              		.cfi_offset 4, -12
 161              		.cfi_offset 5, -8
 162              		.cfi_offset 14, -4
  49:lvgl/lv_port_disp.c **** 
 163              		.loc 1 49 5 view .LVU34
 164 0002 FFF7FEFF 		bl	disp_init
 165              	.LVL15:
  77:lvgl/lv_port_disp.c ****     static lv_color_t buf_1[MY_DISP_HOR_RES * 10];                          /*A buffer for 10 rows*
 166              		.loc 1 77 5 view .LVU35
  78:lvgl/lv_port_disp.c ****     lv_disp_draw_buf_init(&draw_buf_dsc_1, buf_1, NULL, MY_DISP_HOR_RES * 10);   /*Initialize the d
 167              		.loc 1 78 5 view .LVU36
  79:lvgl/lv_port_disp.c **** 
 168              		.loc 1 79 5 view .LVU37
 169 0006 0C4D     		ldr	r5, .L12
ARM GAS  C:\Users\gx\AppData\Local\Temp\cc1905qa.s 			page 7


 170 0008 4FF44863 		mov	r3, #3200
 171 000c 0022     		movs	r2, #0
 172 000e 0B49     		ldr	r1, .L12+4
 173 0010 2846     		mov	r0, r5
 174 0012 FFF7FEFF 		bl	lv_disp_draw_buf_init
 175              	.LVL16:
  97:lvgl/lv_port_disp.c ****     lv_disp_drv_init(&disp_drv);                    /*Basic initialization*/
 176              		.loc 1 97 5 view .LVU38
  98:lvgl/lv_port_disp.c **** 
 177              		.loc 1 98 5 view .LVU39
 178 0016 0A4C     		ldr	r4, .L12+8
 179 0018 2046     		mov	r0, r4
 180 001a FFF7FEFF 		bl	lv_disp_drv_init
 181              	.LVL17:
 103:lvgl/lv_port_disp.c ****     disp_drv.ver_res = 480;
 182              		.loc 1 103 5 view .LVU40
 103:lvgl/lv_port_disp.c ****     disp_drv.ver_res = 480;
 183              		.loc 1 103 22 is_stmt 0 view .LVU41
 184 001e 4FF4A073 		mov	r3, #320
 185 0022 2380     		strh	r3, [r4]	@ movhi
 104:lvgl/lv_port_disp.c **** 
 186              		.loc 1 104 5 is_stmt 1 view .LVU42
 104:lvgl/lv_port_disp.c **** 
 187              		.loc 1 104 22 is_stmt 0 view .LVU43
 188 0024 4FF4F073 		mov	r3, #480
 189 0028 6380     		strh	r3, [r4, #2]	@ movhi
 107:lvgl/lv_port_disp.c **** 
 190              		.loc 1 107 5 is_stmt 1 view .LVU44
 107:lvgl/lv_port_disp.c **** 
 191              		.loc 1 107 23 is_stmt 0 view .LVU45
 192 002a 064B     		ldr	r3, .L12+12
 193 002c E360     		str	r3, [r4, #12]
 110:lvgl/lv_port_disp.c **** 
 194              		.loc 1 110 5 is_stmt 1 view .LVU46
 110:lvgl/lv_port_disp.c **** 
 195              		.loc 1 110 23 is_stmt 0 view .LVU47
 196 002e 6560     		str	r5, [r4, #4]
 121:lvgl/lv_port_disp.c **** }
 197              		.loc 1 121 5 is_stmt 1 view .LVU48
 198 0030 2046     		mov	r0, r4
 199 0032 FFF7FEFF 		bl	lv_disp_drv_register
 200              	.LVL18:
 122:lvgl/lv_port_disp.c **** 
 201              		.loc 1 122 1 is_stmt 0 view .LVU49
 202 0036 38BD     		pop	{r3, r4, r5, pc}
 203              	.L13:
 204              		.align	2
 205              	.L12:
 206 0038 00000000 		.word	.LANCHOR0
 207 003c 00000000 		.word	buf_1.16315
 208 0040 00000000 		.word	.LANCHOR1
 209 0044 00000000 		.word	disp_flush
 210              		.cfi_endproc
 211              	.LFE315:
 213              		.section	.bss.buf_1.16315,"aw",%nobits
 214              		.align	2
 217              	buf_1.16315:
ARM GAS  C:\Users\gx\AppData\Local\Temp\cc1905qa.s 			page 8


 218 0000 00000000 		.space	6400
 218      00000000 
 218      00000000 
 218      00000000 
 218      00000000 
 219              		.section	.bss.disp_drv.16316,"aw",%nobits
 220              		.align	2
 221              		.set	.LANCHOR1,. + 0
 224              	disp_drv.16316:
 225 0000 00000000 		.space	56
 225      00000000 
 225      00000000 
 225      00000000 
 225      00000000 
 226              		.section	.bss.draw_buf_dsc_1.16314,"aw",%nobits
 227              		.align	2
 228              		.set	.LANCHOR0,. + 0
 231              	draw_buf_dsc_1.16314:
 232 0000 00000000 		.space	36
 232      00000000 
 232      00000000 
 232      00000000 
 232      00000000 
 233              		.text
 234              	.Letext0:
 235              		.file 2 "c:\\program files (x86)\\gnu arm embedded toolchain\\9 2020-q2-update\\arm-none-eabi\\inc
 236              		.file 3 "c:\\program files (x86)\\gnu arm embedded toolchain\\9 2020-q2-update\\arm-none-eabi\\inc
 237              		.file 4 "lvgl/lvgl/src/misc/lv_ll.h"
 238              		.file 5 "c:\\program files (x86)\\gnu arm embedded toolchain\\9 2020-q2-update\\lib\\gcc\\arm-none
 239              		.file 6 "c:\\program files (x86)\\gnu arm embedded toolchain\\9 2020-q2-update\\arm-none-eabi\\inc
 240              		.file 7 "c:\\program files (x86)\\gnu arm embedded toolchain\\9 2020-q2-update\\arm-none-eabi\\inc
 241              		.file 8 "c:\\program files (x86)\\gnu arm embedded toolchain\\9 2020-q2-update\\arm-none-eabi\\inc
 242              		.file 9 "lvgl/lvgl/src/hal/../draw/../misc/lv_color.h"
 243              		.file 10 "lvgl/lvgl/src/hal/../draw/../misc/lv_area.h"
 244              		.file 11 "lvgl/lvgl/src/hal/lv_hal_disp.h"
 245              		.file 12 "lvgl/lvgl/src/core/lv_obj.h"
 246              		.file 13 "lvgl/lvgl/src/core/lv_group.h"
 247              		.file 14 "lvgl/lvgl/src/core/../misc/../font/lv_font.h"
 248              		.file 15 "lvgl/lvgl/src/core/../misc/lv_txt.h"
 249              		.file 16 "lvgl/lvgl/src/core/../misc/lv_style.h"
 250              		.file 17 "lvgl/lvgl/src/core/lv_obj_scroll.h"
 251              		.file 18 "lvgl/lvgl/src/core/lv_obj_style.h"
 252              		.file 19 "lvgl/lvgl/src/core/../draw/lv_draw_label.h"
 253              		.file 20 "lvgl/lvgl/src/core/lv_obj_class.h"
 254              		.file 21 "lvgl/lvgl/src/core/lv_event.h"
 255              		.file 22 "lvgl/lvgl/src/widgets/lv_arc.h"
 256              		.file 23 "lvgl/lvgl/src/widgets/lv_btn.h"
 257              		.file 24 "lvgl/lvgl/src/widgets/lv_img.h"
 258              		.file 25 "lvgl/lvgl/src/widgets/lv_label.h"
 259              		.file 26 "lvgl/lvgl/src/widgets/lv_line.h"
 260              		.file 27 "lvgl/lvgl/src/widgets/lv_table.h"
 261              		.file 28 "lvgl/lvgl/src/widgets/lv_checkbox.h"
 262              		.file 29 "lvgl/lvgl/src/widgets/lv_bar.h"
 263              		.file 30 "lvgl/lvgl/src/widgets/lv_slider.h"
 264              		.file 31 "lvgl/lvgl/src/widgets/lv_btnmatrix.h"
 265              		.file 32 "lvgl/lvgl/src/widgets/lv_dropdown.h"
 266              		.file 33 "lvgl/lvgl/src/widgets/lv_roller.h"
ARM GAS  C:\Users\gx\AppData\Local\Temp\cc1905qa.s 			page 9


 267              		.file 34 "lvgl/lvgl/src/widgets/lv_textarea.h"
 268              		.file 35 "lvgl/lvgl/src/widgets/lv_canvas.h"
 269              		.file 36 "lvgl/lvgl/src/widgets/lv_switch.h"
 270              		.file 37 "lvgl/lvgl/src/extra/widgets/animimg/lv_animimg.h"
 271              		.file 38 "lvgl/lvgl/src/extra/widgets/calendar/lv_calendar.h"
 272              		.file 39 "lvgl/lvgl/src/extra/widgets/calendar/lv_calendar_header_arrow.h"
 273              		.file 40 "lvgl/lvgl/src/extra/widgets/calendar/lv_calendar_header_dropdown.h"
 274              		.file 41 "lvgl/lvgl/src/extra/widgets/chart/lv_chart.h"
 275              		.file 42 "lvgl/lvgl/src/extra/widgets/keyboard/lv_keyboard.h"
 276              		.file 43 "lvgl/lvgl/src/extra/widgets/list/../../layouts/flex/lv_flex.h"
 277              		.file 44 "lvgl/lvgl/src/extra/widgets/list/lv_list.h"
 278              		.file 45 "lvgl/lvgl/src/extra/widgets/msgbox/lv_msgbox.h"
 279              		.file 46 "lvgl/lvgl/src/extra/widgets/meter/lv_meter.h"
 280              		.file 47 "lvgl/lvgl/src/extra/widgets/spinbox/lv_spinbox.h"
 281              		.file 48 "lvgl/lvgl/src/extra/widgets/spinner/lv_spinner.h"
 282              		.file 49 "lvgl/lvgl/src/extra/widgets/tabview/lv_tabview.h"
 283              		.file 50 "lvgl/lvgl/src/extra/widgets/tileview/lv_tileview.h"
 284              		.file 51 "lvgl/lvgl/src/extra/widgets/win/lv_win.h"
 285              		.file 52 "lvgl/lvgl/src/extra/widgets/colorwheel/lv_colorwheel.h"
 286              		.file 53 "lvgl/lvgl/src/extra/widgets/led/lv_led.h"
 287              		.file 54 "lvgl/lvgl/src/extra/widgets/imgbtn/lv_imgbtn.h"
 288              		.file 55 "lvgl/lvgl/src/extra/widgets/span/lv_span.h"
 289              		.file 56 "lvgl/lvgl/src/extra/layouts/grid/lv_grid.h"
 290              		.file 57 "Drivers/CMSIS/Include/core_cm4.h"
 291              		.file 58 "Drivers/CMSIS/Device/ST/STM32F4xx/Include/system_stm32f4xx.h"
 292              		.file 59 "user/lcd.h"
ARM GAS  C:\Users\gx\AppData\Local\Temp\cc1905qa.s 			page 10


DEFINED SYMBOLS
                            *ABS*:00000000 lv_port_disp.c
C:\Users\gx\AppData\Local\Temp\cc1905qa.s:18     .text.disp_flush:00000000 $t
C:\Users\gx\AppData\Local\Temp\cc1905qa.s:25     .text.disp_flush:00000000 disp_flush
C:\Users\gx\AppData\Local\Temp\cc1905qa.s:117    .text.disp_init:00000000 $t
C:\Users\gx\AppData\Local\Temp\cc1905qa.s:123    .text.disp_init:00000000 disp_init
C:\Users\gx\AppData\Local\Temp\cc1905qa.s:143    .text.lv_port_disp_init:00000000 $t
C:\Users\gx\AppData\Local\Temp\cc1905qa.s:150    .text.lv_port_disp_init:00000000 lv_port_disp_init
C:\Users\gx\AppData\Local\Temp\cc1905qa.s:206    .text.lv_port_disp_init:00000038 $d
C:\Users\gx\AppData\Local\Temp\cc1905qa.s:217    .bss.buf_1.16315:00000000 buf_1.16315
C:\Users\gx\AppData\Local\Temp\cc1905qa.s:214    .bss.buf_1.16315:00000000 $d
C:\Users\gx\AppData\Local\Temp\cc1905qa.s:220    .bss.disp_drv.16316:00000000 $d
C:\Users\gx\AppData\Local\Temp\cc1905qa.s:224    .bss.disp_drv.16316:00000000 disp_drv.16316
C:\Users\gx\AppData\Local\Temp\cc1905qa.s:227    .bss.draw_buf_dsc_1.16314:00000000 $d
C:\Users\gx\AppData\Local\Temp\cc1905qa.s:231    .bss.draw_buf_dsc_1.16314:00000000 draw_buf_dsc_1.16314

UNDEFINED SYMBOLS
LCD_SetWindow
LCD_WRITE_DATA
lv_disp_flush_ready
LCD_Init
lv_disp_draw_buf_init
lv_disp_drv_init
lv_disp_drv_register
