ARM GAS  C:\Users\gx\AppData\Local\Temp\ccAQkrvm.s 			page 1


   1              		.cpu cortex-m4
   2              		.eabi_attribute 27, 1
   3              		.eabi_attribute 28, 1
   4              		.eabi_attribute 20, 1
   5              		.eabi_attribute 21, 1
   6              		.eabi_attribute 23, 3
   7              		.eabi_attribute 24, 1
   8              		.eabi_attribute 25, 1
   9              		.eabi_attribute 26, 1
  10              		.eabi_attribute 30, 1
  11              		.eabi_attribute 34, 1
  12              		.eabi_attribute 18, 4
  13              		.file	"main.c"
  14              		.text
  15              	.Ltext0:
  16              		.cfi_sections	.debug_frame
  17              		.section	.text.SystemClock_Config,"ax",%progbits
  18              		.align	1
  19              		.global	SystemClock_Config
  20              		.arch armv7e-m
  21              		.syntax unified
  22              		.thumb
  23              		.thumb_func
  24              		.fpu fpv4-sp-d16
  26              	SystemClock_Config:
  27              	.LFB132:
  28              		.file 1 "Src/main.c"
   1:Src/main.c    **** /* USER CODE BEGIN Header */
   2:Src/main.c    **** /**
   3:Src/main.c    ****   ******************************************************************************
   4:Src/main.c    ****   * @file           : main.c
   5:Src/main.c    ****   * @brief          : Main program body
   6:Src/main.c    ****   ******************************************************************************
   7:Src/main.c    ****   * This notice applies to any and all portions of this file
   8:Src/main.c    ****   * that are not between comment pairs USER CODE BEGIN and
   9:Src/main.c    ****   * USER CODE END. Other portions of this file, whether 
  10:Src/main.c    ****   * inserted by the user or by software development tools
  11:Src/main.c    ****   * are owned by their respective copyright owners.
  12:Src/main.c    ****   *
  13:Src/main.c    ****   * Copyright (c) 2020 STMicroelectronics International N.V. 
  14:Src/main.c    ****   * All rights reserved.
  15:Src/main.c    ****   *
  16:Src/main.c    ****   * Redistribution and use in source and binary forms, with or without 
  17:Src/main.c    ****   * modification, are permitted, provided that the following conditions are met:
  18:Src/main.c    ****   *
  19:Src/main.c    ****   * 1. Redistribution of source code must retain the above copyright notice, 
  20:Src/main.c    ****   *    this list of conditions and the following disclaimer.
  21:Src/main.c    ****   * 2. Redistributions in binary form must reproduce the above copyright notice,
  22:Src/main.c    ****   *    this list of conditions and the following disclaimer in the documentation
  23:Src/main.c    ****   *    and/or other materials provided with the distribution.
  24:Src/main.c    ****   * 3. Neither the name of STMicroelectronics nor the names of other 
  25:Src/main.c    ****   *    contributors to this software may be used to endorse or promote products 
  26:Src/main.c    ****   *    derived from this software without specific written permission.
  27:Src/main.c    ****   * 4. This software, including modifications and/or derivative works of this 
  28:Src/main.c    ****   *    software, must execute solely and exclusively on microcontroller or
  29:Src/main.c    ****   *    microprocessor devices manufactured by or for STMicroelectronics.
  30:Src/main.c    ****   * 5. Redistribution and use of this software other than as permitted under 
ARM GAS  C:\Users\gx\AppData\Local\Temp\ccAQkrvm.s 			page 2


  31:Src/main.c    ****   *    this license is void and will automatically terminate your rights under 
  32:Src/main.c    ****   *    this license. 
  33:Src/main.c    ****   *
  34:Src/main.c    ****   * THIS SOFTWARE IS PROVIDED BY STMICROELECTRONICS AND CONTRIBUTORS "AS IS" 
  35:Src/main.c    ****   * AND ANY EXPRESS, IMPLIED OR STATUTORY WARRANTIES, INCLUDING, BUT NOT 
  36:Src/main.c    ****   * LIMITED TO, THE IMPLIED WARRANTIES OF MERCHANTABILITY, FITNESS FOR A 
  37:Src/main.c    ****   * PARTICULAR PURPOSE AND NON-INFRINGEMENT OF THIRD PARTY INTELLECTUAL PROPERTY
  38:Src/main.c    ****   * RIGHTS ARE DISCLAIMED TO THE FULLEST EXTENT PERMITTED BY LAW. IN NO EVENT 
  39:Src/main.c    ****   * SHALL STMICROELECTRONICS OR CONTRIBUTORS BE LIABLE FOR ANY DIRECT, INDIRECT,
  40:Src/main.c    ****   * INCIDENTAL, SPECIAL, EXEMPLARY, OR CONSEQUENTIAL DAMAGES (INCLUDING, BUT NOT
  41:Src/main.c    ****   * LIMITED TO, PROCUREMENT OF SUBSTITUTE GOODS OR SERVICES; LOSS OF USE, DATA, 
  42:Src/main.c    ****   * OR PROFITS; OR BUSINESS INTERRUPTION) HOWEVER CAUSED AND ON ANY THEORY OF 
  43:Src/main.c    ****   * LIABILITY, WHETHER IN CONTRACT, STRICT LIABILITY, OR TORT (INCLUDING 
  44:Src/main.c    ****   * NEGLIGENCE OR OTHERWISE) ARISING IN ANY WAY OUT OF THE USE OF THIS SOFTWARE,
  45:Src/main.c    ****   * EVEN IF ADVISED OF THE POSSIBILITY OF SUCH DAMAGE.
  46:Src/main.c    ****   *
  47:Src/main.c    ****   ******************************************************************************
  48:Src/main.c    ****   */
  49:Src/main.c    **** /* USER CODE END Header */
  50:Src/main.c    **** 
  51:Src/main.c    **** /* Includes ------------------------------------------------------------------*/
  52:Src/main.c    **** #include "main.h"
  53:Src/main.c    **** #include "cmsis_os.h"
  54:Src/main.c    **** #include "crc.h"
  55:Src/main.c    **** #include "fatfs.h"
  56:Src/main.c    **** #include "i2c.h"
  57:Src/main.c    **** #include "rtc.h"
  58:Src/main.c    **** #include "sdio.h"
  59:Src/main.c    **** #include "spi.h"
  60:Src/main.c    **** #include "usart.h"
  61:Src/main.c    **** #include "usb_device.h"
  62:Src/main.c    **** #include "gpio.h"
  63:Src/main.c    **** #include "fsmc.h"
  64:Src/main.c    **** 
  65:Src/main.c    **** /* Private includes ----------------------------------------------------------*/
  66:Src/main.c    **** /* USER CODE BEGIN Includes */
  67:Src/main.c    **** 
  68:Src/main.c    **** /* USER CODE END Includes */
  69:Src/main.c    **** 
  70:Src/main.c    **** /* Private typedef -----------------------------------------------------------*/
  71:Src/main.c    **** /* USER CODE BEGIN PTD */
  72:Src/main.c    **** 
  73:Src/main.c    **** /* USER CODE END PTD */
  74:Src/main.c    **** 
  75:Src/main.c    **** /* Private define ------------------------------------------------------------*/
  76:Src/main.c    **** /* USER CODE BEGIN PD */
  77:Src/main.c    **** 
  78:Src/main.c    **** /* USER CODE END PD */
  79:Src/main.c    **** 
  80:Src/main.c    **** /* Private macro -------------------------------------------------------------*/
  81:Src/main.c    **** /* USER CODE BEGIN PM */
  82:Src/main.c    **** 
  83:Src/main.c    **** /* USER CODE END PM */
  84:Src/main.c    **** 
  85:Src/main.c    **** /* Private variables ---------------------------------------------------------*/
  86:Src/main.c    **** 
  87:Src/main.c    **** /* USER CODE BEGIN PV */
ARM GAS  C:\Users\gx\AppData\Local\Temp\ccAQkrvm.s 			page 3


  88:Src/main.c    **** 
  89:Src/main.c    **** /* USER CODE END PV */
  90:Src/main.c    **** 
  91:Src/main.c    **** /* Private function prototypes -----------------------------------------------*/
  92:Src/main.c    **** void SystemClock_Config(void);
  93:Src/main.c    **** void MX_FREERTOS_Init(void);
  94:Src/main.c    **** /* USER CODE BEGIN PFP */
  95:Src/main.c    **** 
  96:Src/main.c    **** /* USER CODE END PFP */
  97:Src/main.c    **** 
  98:Src/main.c    **** /* Private user code ---------------------------------------------------------*/
  99:Src/main.c    **** /* USER CODE BEGIN 0 */
 100:Src/main.c    **** 
 101:Src/main.c    **** /* USER CODE END 0 */
 102:Src/main.c    **** 
 103:Src/main.c    **** /**
 104:Src/main.c    ****   * @brief  The application entry point.
 105:Src/main.c    ****   * @retval int
 106:Src/main.c    ****   */
 107:Src/main.c    **** int main(void)
 108:Src/main.c    **** {
 109:Src/main.c    ****   /* USER CODE BEGIN 1 */
 110:Src/main.c    **** 
 111:Src/main.c    ****   /* USER CODE END 1 */
 112:Src/main.c    **** 
 113:Src/main.c    ****   /* MCU Configuration--------------------------------------------------------*/
 114:Src/main.c    **** 
 115:Src/main.c    ****   /* Reset of all peripherals, Initializes the Flash interface and the Systick. */
 116:Src/main.c    ****   HAL_Init();
 117:Src/main.c    **** 
 118:Src/main.c    ****   /* USER CODE BEGIN Init */
 119:Src/main.c    **** 
 120:Src/main.c    ****   /* USER CODE END Init */
 121:Src/main.c    **** 
 122:Src/main.c    ****   /* Configure the system clock */
 123:Src/main.c    ****   SystemClock_Config();
 124:Src/main.c    **** 
 125:Src/main.c    ****   /* USER CODE BEGIN SysInit */
 126:Src/main.c    **** 
 127:Src/main.c    ****   /* USER CODE END SysInit */
 128:Src/main.c    **** 
 129:Src/main.c    ****   /* Initialize all configured peripherals */
 130:Src/main.c    ****   MX_GPIO_Init();
 131:Src/main.c    ****   MX_RTC_Init();
 132:Src/main.c    ****   MX_CRC_Init();
 133:Src/main.c    ****   MX_SDIO_SD_Init();
 134:Src/main.c    ****   MX_USART1_UART_Init();
 135:Src/main.c    ****   MX_FSMC_Init();
 136:Src/main.c    ****   MX_SPI1_Init();
 137:Src/main.c    ****   MX_I2C1_Init();
 138:Src/main.c    ****   MX_USART2_UART_Init();
 139:Src/main.c    ****   /* USER CODE BEGIN 2 */
 140:Src/main.c    **** 
 141:Src/main.c    ****   /* USER CODE END 2 */
 142:Src/main.c    **** 
 143:Src/main.c    ****   /* Call init function for freertos objects (in freertos.c) */
 144:Src/main.c    ****   MX_FREERTOS_Init();
ARM GAS  C:\Users\gx\AppData\Local\Temp\ccAQkrvm.s 			page 4


 145:Src/main.c    **** 
 146:Src/main.c    ****   /* Start scheduler */
 147:Src/main.c    ****   osKernelStart();
 148:Src/main.c    ****   
 149:Src/main.c    ****   /* We should never get here as control is now taken by the scheduler */
 150:Src/main.c    **** 
 151:Src/main.c    ****   /* Infinite loop */
 152:Src/main.c    ****   /* USER CODE BEGIN WHILE */
 153:Src/main.c    ****   while (1)
 154:Src/main.c    ****   {
 155:Src/main.c    ****     /* USER CODE END WHILE */
 156:Src/main.c    **** 
 157:Src/main.c    ****     /* USER CODE BEGIN 3 */
 158:Src/main.c    ****   }
 159:Src/main.c    ****   /* USER CODE END 3 */
 160:Src/main.c    **** }
 161:Src/main.c    **** 
 162:Src/main.c    **** /**
 163:Src/main.c    ****   * @brief System Clock Configuration
 164:Src/main.c    ****   * @retval None
 165:Src/main.c    ****   */
 166:Src/main.c    **** void SystemClock_Config(void)
 167:Src/main.c    **** {
  29              		.loc 1 167 1 view -0
  30              		.cfi_startproc
  31              		@ args = 0, pretend = 0, frame = 96
  32              		@ frame_needed = 0, uses_anonymous_args = 0
  33 0000 30B5     		push	{r4, r5, lr}
  34              	.LCFI0:
  35              		.cfi_def_cfa_offset 12
  36              		.cfi_offset 4, -12
  37              		.cfi_offset 5, -8
  38              		.cfi_offset 14, -4
  39 0002 99B0     		sub	sp, sp, #100
  40              	.LCFI1:
  41              		.cfi_def_cfa_offset 112
 168:Src/main.c    ****   RCC_OscInitTypeDef RCC_OscInitStruct = {0};
  42              		.loc 1 168 3 view .LVU1
  43              		.loc 1 168 22 is_stmt 0 view .LVU2
  44 0004 3022     		movs	r2, #48
  45 0006 0021     		movs	r1, #0
  46 0008 0DEB0200 		add	r0, sp, r2
  47 000c FFF7FEFF 		bl	memset
  48              	.LVL0:
 169:Src/main.c    ****   RCC_ClkInitTypeDef RCC_ClkInitStruct = {0};
  49              		.loc 1 169 3 is_stmt 1 view .LVU3
  50              		.loc 1 169 22 is_stmt 0 view .LVU4
  51 0010 0024     		movs	r4, #0
  52 0012 0794     		str	r4, [sp, #28]
  53 0014 0894     		str	r4, [sp, #32]
  54 0016 0994     		str	r4, [sp, #36]
  55 0018 0A94     		str	r4, [sp, #40]
  56 001a 0B94     		str	r4, [sp, #44]
 170:Src/main.c    ****   RCC_PeriphCLKInitTypeDef PeriphClkInitStruct = {0};
  57              		.loc 1 170 3 is_stmt 1 view .LVU5
  58              		.loc 1 170 28 is_stmt 0 view .LVU6
  59 001c 0394     		str	r4, [sp, #12]
ARM GAS  C:\Users\gx\AppData\Local\Temp\ccAQkrvm.s 			page 5


  60 001e 0494     		str	r4, [sp, #16]
  61 0020 0594     		str	r4, [sp, #20]
  62 0022 0694     		str	r4, [sp, #24]
 171:Src/main.c    **** 
 172:Src/main.c    ****   /**Configure the main internal regulator output voltage 
 173:Src/main.c    ****   */
 174:Src/main.c    ****   __HAL_RCC_PWR_CLK_ENABLE();
  63              		.loc 1 174 3 is_stmt 1 view .LVU7
  64              	.LBB2:
  65              		.loc 1 174 3 view .LVU8
  66 0024 0194     		str	r4, [sp, #4]
  67              		.loc 1 174 3 view .LVU9
  68 0026 214B     		ldr	r3, .L3
  69 0028 1A6C     		ldr	r2, [r3, #64]
  70 002a 42F08052 		orr	r2, r2, #268435456
  71 002e 1A64     		str	r2, [r3, #64]
  72              		.loc 1 174 3 view .LVU10
  73 0030 1B6C     		ldr	r3, [r3, #64]
  74 0032 03F08053 		and	r3, r3, #268435456
  75 0036 0193     		str	r3, [sp, #4]
  76              		.loc 1 174 3 view .LVU11
  77 0038 019B     		ldr	r3, [sp, #4]
  78              	.LBE2:
  79              		.loc 1 174 3 view .LVU12
 175:Src/main.c    ****   __HAL_PWR_VOLTAGESCALING_CONFIG(PWR_REGULATOR_VOLTAGE_SCALE1);
  80              		.loc 1 175 3 view .LVU13
  81              	.LBB3:
  82              		.loc 1 175 3 view .LVU14
  83 003a 0294     		str	r4, [sp, #8]
  84              		.loc 1 175 3 view .LVU15
  85 003c 1C4B     		ldr	r3, .L3+4
  86 003e 1A68     		ldr	r2, [r3]
  87 0040 42F48042 		orr	r2, r2, #16384
  88 0044 1A60     		str	r2, [r3]
  89              		.loc 1 175 3 view .LVU16
  90 0046 1B68     		ldr	r3, [r3]
  91 0048 03F48043 		and	r3, r3, #16384
  92 004c 0293     		str	r3, [sp, #8]
  93              		.loc 1 175 3 view .LVU17
  94 004e 029B     		ldr	r3, [sp, #8]
  95              	.LBE3:
  96              		.loc 1 175 3 view .LVU18
 176:Src/main.c    ****   /**Initializes the CPU, AHB and APB busses clocks 
 177:Src/main.c    ****   */
 178:Src/main.c    ****   RCC_OscInitStruct.OscillatorType = RCC_OSCILLATORTYPE_LSI|RCC_OSCILLATORTYPE_HSE;
  97              		.loc 1 178 3 view .LVU19
  98              		.loc 1 178 36 is_stmt 0 view .LVU20
  99 0050 0923     		movs	r3, #9
 100 0052 0C93     		str	r3, [sp, #48]
 179:Src/main.c    ****   RCC_OscInitStruct.HSEState = RCC_HSE_ON;
 101              		.loc 1 179 3 is_stmt 1 view .LVU21
 102              		.loc 1 179 30 is_stmt 0 view .LVU22
 103 0054 4FF48033 		mov	r3, #65536
 104 0058 0D93     		str	r3, [sp, #52]
 180:Src/main.c    ****   RCC_OscInitStruct.LSIState = RCC_LSI_ON;
 105              		.loc 1 180 3 is_stmt 1 view .LVU23
 106              		.loc 1 180 30 is_stmt 0 view .LVU24
ARM GAS  C:\Users\gx\AppData\Local\Temp\ccAQkrvm.s 			page 6


 107 005a 0123     		movs	r3, #1
 108 005c 1193     		str	r3, [sp, #68]
 181:Src/main.c    ****   RCC_OscInitStruct.PLL.PLLState = RCC_PLL_ON;
 109              		.loc 1 181 3 is_stmt 1 view .LVU25
 110              		.loc 1 181 34 is_stmt 0 view .LVU26
 111 005e 0225     		movs	r5, #2
 112 0060 1295     		str	r5, [sp, #72]
 182:Src/main.c    ****   RCC_OscInitStruct.PLL.PLLSource = RCC_PLLSOURCE_HSE;
 113              		.loc 1 182 3 is_stmt 1 view .LVU27
 114              		.loc 1 182 35 is_stmt 0 view .LVU28
 115 0062 4FF48003 		mov	r3, #4194304
 116 0066 1393     		str	r3, [sp, #76]
 183:Src/main.c    ****   RCC_OscInitStruct.PLL.PLLM = 8;
 117              		.loc 1 183 3 is_stmt 1 view .LVU29
 118              		.loc 1 183 30 is_stmt 0 view .LVU30
 119 0068 0823     		movs	r3, #8
 120 006a 1493     		str	r3, [sp, #80]
 184:Src/main.c    ****   RCC_OscInitStruct.PLL.PLLN = 336;
 121              		.loc 1 184 3 is_stmt 1 view .LVU31
 122              		.loc 1 184 30 is_stmt 0 view .LVU32
 123 006c 4FF4A873 		mov	r3, #336
 124 0070 1593     		str	r3, [sp, #84]
 185:Src/main.c    ****   RCC_OscInitStruct.PLL.PLLP = RCC_PLLP_DIV2;
 125              		.loc 1 185 3 is_stmt 1 view .LVU33
 126              		.loc 1 185 30 is_stmt 0 view .LVU34
 127 0072 1695     		str	r5, [sp, #88]
 186:Src/main.c    ****   RCC_OscInitStruct.PLL.PLLQ = 7;
 128              		.loc 1 186 3 is_stmt 1 view .LVU35
 129              		.loc 1 186 30 is_stmt 0 view .LVU36
 130 0074 0723     		movs	r3, #7
 131 0076 1793     		str	r3, [sp, #92]
 187:Src/main.c    ****   if (HAL_RCC_OscConfig(&RCC_OscInitStruct) != HAL_OK)
 132              		.loc 1 187 3 is_stmt 1 view .LVU37
 133              		.loc 1 187 7 is_stmt 0 view .LVU38
 134 0078 0CA8     		add	r0, sp, #48
 135 007a FFF7FEFF 		bl	HAL_RCC_OscConfig
 136              	.LVL1:
 188:Src/main.c    ****   {
 189:Src/main.c    ****     Error_Handler();
 190:Src/main.c    ****   }
 191:Src/main.c    ****   /**Initializes the CPU, AHB and APB busses clocks 
 192:Src/main.c    ****   */
 193:Src/main.c    ****   RCC_ClkInitStruct.ClockType = RCC_CLOCKTYPE_HCLK|RCC_CLOCKTYPE_SYSCLK
 137              		.loc 1 193 3 is_stmt 1 view .LVU39
 138              		.loc 1 193 31 is_stmt 0 view .LVU40
 139 007e 0F23     		movs	r3, #15
 140 0080 0793     		str	r3, [sp, #28]
 194:Src/main.c    ****                               |RCC_CLOCKTYPE_PCLK1|RCC_CLOCKTYPE_PCLK2;
 195:Src/main.c    ****   RCC_ClkInitStruct.SYSCLKSource = RCC_SYSCLKSOURCE_PLLCLK;
 141              		.loc 1 195 3 is_stmt 1 view .LVU41
 142              		.loc 1 195 34 is_stmt 0 view .LVU42
 143 0082 0895     		str	r5, [sp, #32]
 196:Src/main.c    ****   RCC_ClkInitStruct.AHBCLKDivider = RCC_SYSCLK_DIV1;
 144              		.loc 1 196 3 is_stmt 1 view .LVU43
 145              		.loc 1 196 35 is_stmt 0 view .LVU44
 146 0084 0994     		str	r4, [sp, #36]
 197:Src/main.c    ****   RCC_ClkInitStruct.APB1CLKDivider = RCC_HCLK_DIV4;
ARM GAS  C:\Users\gx\AppData\Local\Temp\ccAQkrvm.s 			page 7


 147              		.loc 1 197 3 is_stmt 1 view .LVU45
 148              		.loc 1 197 36 is_stmt 0 view .LVU46
 149 0086 4FF4A053 		mov	r3, #5120
 150 008a 0A93     		str	r3, [sp, #40]
 198:Src/main.c    ****   RCC_ClkInitStruct.APB2CLKDivider = RCC_HCLK_DIV2;
 151              		.loc 1 198 3 is_stmt 1 view .LVU47
 152              		.loc 1 198 36 is_stmt 0 view .LVU48
 153 008c 4FF48053 		mov	r3, #4096
 154 0090 0B93     		str	r3, [sp, #44]
 199:Src/main.c    **** 
 200:Src/main.c    ****   if (HAL_RCC_ClockConfig(&RCC_ClkInitStruct, FLASH_LATENCY_5) != HAL_OK)
 155              		.loc 1 200 3 is_stmt 1 view .LVU49
 156              		.loc 1 200 7 is_stmt 0 view .LVU50
 157 0092 0521     		movs	r1, #5
 158 0094 07A8     		add	r0, sp, #28
 159 0096 FFF7FEFF 		bl	HAL_RCC_ClockConfig
 160              	.LVL2:
 201:Src/main.c    ****   {
 202:Src/main.c    ****     Error_Handler();
 203:Src/main.c    ****   }
 204:Src/main.c    ****   PeriphClkInitStruct.PeriphClockSelection = RCC_PERIPHCLK_RTC;
 161              		.loc 1 204 3 is_stmt 1 view .LVU51
 162              		.loc 1 204 44 is_stmt 0 view .LVU52
 163 009a 0395     		str	r5, [sp, #12]
 205:Src/main.c    ****   PeriphClkInitStruct.RTCClockSelection = RCC_RTCCLKSOURCE_LSI;
 164              		.loc 1 205 3 is_stmt 1 view .LVU53
 165              		.loc 1 205 41 is_stmt 0 view .LVU54
 166 009c 4FF40073 		mov	r3, #512
 167 00a0 0693     		str	r3, [sp, #24]
 206:Src/main.c    ****   if (HAL_RCCEx_PeriphCLKConfig(&PeriphClkInitStruct) != HAL_OK)
 168              		.loc 1 206 3 is_stmt 1 view .LVU55
 169              		.loc 1 206 7 is_stmt 0 view .LVU56
 170 00a2 03A8     		add	r0, sp, #12
 171 00a4 FFF7FEFF 		bl	HAL_RCCEx_PeriphCLKConfig
 172              	.LVL3:
 207:Src/main.c    ****   {
 208:Src/main.c    ****     Error_Handler();
 209:Src/main.c    ****   }
 210:Src/main.c    **** }
 173              		.loc 1 210 1 view .LVU57
 174 00a8 19B0     		add	sp, sp, #100
 175              	.LCFI2:
 176              		.cfi_def_cfa_offset 12
 177              		@ sp needed
 178 00aa 30BD     		pop	{r4, r5, pc}
 179              	.L4:
 180              		.align	2
 181              	.L3:
 182 00ac 00380240 		.word	1073887232
 183 00b0 00700040 		.word	1073770496
 184              		.cfi_endproc
 185              	.LFE132:
 187              		.section	.text.main,"ax",%progbits
 188              		.align	1
 189              		.global	main
 190              		.syntax unified
 191              		.thumb
ARM GAS  C:\Users\gx\AppData\Local\Temp\ccAQkrvm.s 			page 8


 192              		.thumb_func
 193              		.fpu fpv4-sp-d16
 195              	main:
 196              	.LFB131:
 108:Src/main.c    ****   /* USER CODE BEGIN 1 */
 197              		.loc 1 108 1 is_stmt 1 view -0
 198              		.cfi_startproc
 199              		@ Volatile: function does not return.
 200              		@ args = 0, pretend = 0, frame = 0
 201              		@ frame_needed = 0, uses_anonymous_args = 0
 202 0000 08B5     		push	{r3, lr}
 203              	.LCFI3:
 204              		.cfi_def_cfa_offset 8
 205              		.cfi_offset 3, -8
 206              		.cfi_offset 14, -4
 116:Src/main.c    **** 
 207              		.loc 1 116 3 view .LVU59
 208 0002 FFF7FEFF 		bl	HAL_Init
 209              	.LVL4:
 123:Src/main.c    **** 
 210              		.loc 1 123 3 view .LVU60
 211 0006 FFF7FEFF 		bl	SystemClock_Config
 212              	.LVL5:
 130:Src/main.c    ****   MX_RTC_Init();
 213              		.loc 1 130 3 view .LVU61
 214 000a FFF7FEFF 		bl	MX_GPIO_Init
 215              	.LVL6:
 131:Src/main.c    ****   MX_CRC_Init();
 216              		.loc 1 131 3 view .LVU62
 217 000e FFF7FEFF 		bl	MX_RTC_Init
 218              	.LVL7:
 132:Src/main.c    ****   MX_SDIO_SD_Init();
 219              		.loc 1 132 3 view .LVU63
 220 0012 FFF7FEFF 		bl	MX_CRC_Init
 221              	.LVL8:
 133:Src/main.c    ****   MX_USART1_UART_Init();
 222              		.loc 1 133 3 view .LVU64
 223 0016 FFF7FEFF 		bl	MX_SDIO_SD_Init
 224              	.LVL9:
 134:Src/main.c    ****   MX_FSMC_Init();
 225              		.loc 1 134 3 view .LVU65
 226 001a FFF7FEFF 		bl	MX_USART1_UART_Init
 227              	.LVL10:
 135:Src/main.c    ****   MX_SPI1_Init();
 228              		.loc 1 135 3 view .LVU66
 229 001e FFF7FEFF 		bl	MX_FSMC_Init
 230              	.LVL11:
 136:Src/main.c    ****   MX_I2C1_Init();
 231              		.loc 1 136 3 view .LVU67
 232 0022 FFF7FEFF 		bl	MX_SPI1_Init
 233              	.LVL12:
 137:Src/main.c    ****   MX_USART2_UART_Init();
 234              		.loc 1 137 3 view .LVU68
 235 0026 FFF7FEFF 		bl	MX_I2C1_Init
 236              	.LVL13:
 138:Src/main.c    ****   /* USER CODE BEGIN 2 */
 237              		.loc 1 138 3 view .LVU69
ARM GAS  C:\Users\gx\AppData\Local\Temp\ccAQkrvm.s 			page 9


 238 002a FFF7FEFF 		bl	MX_USART2_UART_Init
 239              	.LVL14:
 144:Src/main.c    **** 
 240              		.loc 1 144 3 view .LVU70
 241 002e FFF7FEFF 		bl	MX_FREERTOS_Init
 242              	.LVL15:
 147:Src/main.c    ****   
 243              		.loc 1 147 3 view .LVU71
 244 0032 FFF7FEFF 		bl	osKernelStart
 245              	.LVL16:
 246              	.L6:
 153:Src/main.c    ****   {
 247              		.loc 1 153 3 discriminator 1 view .LVU72
 158:Src/main.c    ****   /* USER CODE END 3 */
 248              		.loc 1 158 3 discriminator 1 view .LVU73
 153:Src/main.c    ****   {
 249              		.loc 1 153 9 discriminator 1 view .LVU74
 250 0036 FEE7     		b	.L6
 251              		.cfi_endproc
 252              	.LFE131:
 254              		.section	.text.Error_Handler,"ax",%progbits
 255              		.align	1
 256              		.global	Error_Handler
 257              		.syntax unified
 258              		.thumb
 259              		.thumb_func
 260              		.fpu fpv4-sp-d16
 262              	Error_Handler:
 263              	.LFB133:
 211:Src/main.c    **** 
 212:Src/main.c    **** /* USER CODE BEGIN 4 */
 213:Src/main.c    **** 
 214:Src/main.c    **** /* USER CODE END 4 */
 215:Src/main.c    **** 
 216:Src/main.c    **** /**
 217:Src/main.c    ****   * @brief  This function is executed in case of error occurrence.
 218:Src/main.c    ****   * @retval None
 219:Src/main.c    ****   */
 220:Src/main.c    **** void Error_Handler(void)
 221:Src/main.c    **** {
 264              		.loc 1 221 1 view -0
 265              		.cfi_startproc
 266              		@ args = 0, pretend = 0, frame = 0
 267              		@ frame_needed = 0, uses_anonymous_args = 0
 268              		@ link register save eliminated.
 222:Src/main.c    ****   /* USER CODE BEGIN Error_Handler_Debug */
 223:Src/main.c    ****   /* User can add his own implementation to report the HAL error return state */
 224:Src/main.c    **** 
 225:Src/main.c    ****   /* USER CODE END Error_Handler_Debug */
 226:Src/main.c    **** }
 269              		.loc 1 226 1 view .LVU76
 270 0000 7047     		bx	lr
 271              		.cfi_endproc
 272              	.LFE133:
 274              		.text
 275              	.Letext0:
 276              		.file 2 "c:\\program files (x86)\\gnu arm embedded toolchain\\9 2020-q2-update\\arm-none-eabi\\inc
ARM GAS  C:\Users\gx\AppData\Local\Temp\ccAQkrvm.s 			page 10


 277              		.file 3 "c:\\program files (x86)\\gnu arm embedded toolchain\\9 2020-q2-update\\arm-none-eabi\\inc
 278              		.file 4 "Drivers/CMSIS/Include/core_cm4.h"
 279              		.file 5 "Drivers/CMSIS/Device/ST/STM32F4xx/Include/system_stm32f4xx.h"
 280              		.file 6 "Drivers/CMSIS/Device/ST/STM32F4xx/Include/stm32f407xx.h"
 281              		.file 7 "c:\\program files (x86)\\gnu arm embedded toolchain\\9 2020-q2-update\\lib\\gcc\\arm-none
 282              		.file 8 "c:\\program files (x86)\\gnu arm embedded toolchain\\9 2020-q2-update\\arm-none-eabi\\inc
 283              		.file 9 "c:\\program files (x86)\\gnu arm embedded toolchain\\9 2020-q2-update\\arm-none-eabi\\inc
 284              		.file 10 "c:\\program files (x86)\\gnu arm embedded toolchain\\9 2020-q2-update\\arm-none-eabi\\in
 285              		.file 11 "Drivers/STM32F4xx_HAL_Driver/Inc/stm32f4xx_hal_def.h"
 286              		.file 12 "Drivers/STM32F4xx_HAL_Driver/Inc/stm32f4xx_hal_rcc_ex.h"
 287              		.file 13 "Drivers/STM32F4xx_HAL_Driver/Inc/stm32f4xx_hal_rcc.h"
 288              		.file 14 "Drivers/STM32F4xx_HAL_Driver/Inc/stm32f4xx_hal_dma.h"
 289              		.file 15 "Drivers/STM32F4xx_HAL_Driver/Inc/stm32f4xx_hal_crc.h"
 290              		.file 16 "Drivers/STM32F4xx_HAL_Driver/Inc/stm32f4xx_ll_fsmc.h"
 291              		.file 17 "Drivers/STM32F4xx_HAL_Driver/Inc/stm32f4xx_hal_sram.h"
 292              		.file 18 "Drivers/STM32F4xx_HAL_Driver/Inc/stm32f4xx_hal_rtc.h"
 293              		.file 19 "Drivers/STM32F4xx_HAL_Driver/Inc/stm32f4xx_ll_sdmmc.h"
 294              		.file 20 "Drivers/STM32F4xx_HAL_Driver/Inc/stm32f4xx_hal_sd.h"
 295              		.file 21 "Drivers/STM32F4xx_HAL_Driver/Inc/stm32f4xx_hal_spi.h"
 296              		.file 22 "Drivers/STM32F4xx_HAL_Driver/Inc/stm32f4xx_hal_uart.h"
 297              		.file 23 "Middlewares/Third_Party/FreeRTOS/Source/include/queue.h"
 298              		.file 24 "Middlewares/Third_Party/FreeRTOS/Source/include/semphr.h"
 299              		.file 25 "Middlewares/Third_Party/FreeRTOS/Source/CMSIS_RTOS/cmsis_os.h"
 300              		.file 26 "Inc/crc.h"
 301              		.file 27 "Middlewares/Third_Party/FatFs/src/integer.h"
 302              		.file 28 "c:\\program files (x86)\\gnu arm embedded toolchain\\9 2020-q2-update\\arm-none-eabi\\in
 303              		.file 29 "Middlewares/Third_Party/FatFs/src/ff.h"
 304              		.file 30 "Middlewares/Third_Party/FatFs/src/diskio.h"
 305              		.file 31 "Middlewares/Third_Party/FatFs/src/ff_gen_drv.h"
 306              		.file 32 "Inc/user_diskio.h"
 307              		.file 33 "Inc/fatfs.h"
 308              		.file 34 "Inc/rtc.h"
 309              		.file 35 "Inc/spi.h"
 310              		.file 36 "Inc/usart.h"
 311              		.file 37 "Inc/fsmc.h"
 312              		.file 38 "Drivers/STM32F4xx_HAL_Driver/Inc/stm32f4xx_hal.h"
 313              		.file 39 "Inc/gpio.h"
 314              		.file 40 "Inc/sdio.h"
 315              		.file 41 "Inc/i2c.h"
 316              		.file 42 "<built-in>"
ARM GAS  C:\Users\gx\AppData\Local\Temp\ccAQkrvm.s 			page 11


DEFINED SYMBOLS
                            *ABS*:00000000 main.c
C:\Users\gx\AppData\Local\Temp\ccAQkrvm.s:18     .text.SystemClock_Config:00000000 $t
C:\Users\gx\AppData\Local\Temp\ccAQkrvm.s:26     .text.SystemClock_Config:00000000 SystemClock_Config
C:\Users\gx\AppData\Local\Temp\ccAQkrvm.s:182    .text.SystemClock_Config:000000ac $d
C:\Users\gx\AppData\Local\Temp\ccAQkrvm.s:188    .text.main:00000000 $t
C:\Users\gx\AppData\Local\Temp\ccAQkrvm.s:195    .text.main:00000000 main
C:\Users\gx\AppData\Local\Temp\ccAQkrvm.s:255    .text.Error_Handler:00000000 $t
C:\Users\gx\AppData\Local\Temp\ccAQkrvm.s:262    .text.Error_Handler:00000000 Error_Handler

UNDEFINED SYMBOLS
memset
HAL_RCC_OscConfig
HAL_RCC_ClockConfig
HAL_RCCEx_PeriphCLKConfig
HAL_Init
MX_GPIO_Init
MX_RTC_Init
MX_CRC_Init
MX_SDIO_SD_Init
MX_USART1_UART_Init
MX_FSMC_Init
MX_SPI1_Init
MX_I2C1_Init
MX_USART2_UART_Init
MX_FREERTOS_Init
osKernelStart
