ARM GAS  C:\Users\gx\AppData\Local\Temp\ccVhDbc3.s 			page 1


   1              		.cpu cortex-m4
   2              		.eabi_attribute 27, 1
   3              		.eabi_attribute 28, 1
   4              		.eabi_attribute 20, 1
   5              		.eabi_attribute 21, 1
   6              		.eabi_attribute 23, 3
   7              		.eabi_attribute 24, 1
   8              		.eabi_attribute 25, 1
   9              		.eabi_attribute 26, 1
  10              		.eabi_attribute 30, 1
  11              		.eabi_attribute 34, 1
  12              		.eabi_attribute 18, 4
  13              		.file	"spi.c"
  14              		.text
  15              	.Ltext0:
  16              		.cfi_sections	.debug_frame
  17              		.section	.text.MX_SPI1_Init,"ax",%progbits
  18              		.align	1
  19              		.global	MX_SPI1_Init
  20              		.arch armv7e-m
  21              		.syntax unified
  22              		.thumb
  23              		.thumb_func
  24              		.fpu fpv4-sp-d16
  26              	MX_SPI1_Init:
  27              	.LFB126:
  28              		.file 1 "Src/spi.c"
   1:Src/spi.c     **** /**
   2:Src/spi.c     ****   ******************************************************************************
   3:Src/spi.c     ****   * File Name          : SPI.c
   4:Src/spi.c     ****   * Description        : This file provides code for the configuration
   5:Src/spi.c     ****   *                      of the SPI instances.
   6:Src/spi.c     ****   ******************************************************************************
   7:Src/spi.c     ****   * This notice applies to any and all portions of this file
   8:Src/spi.c     ****   * that are not between comment pairs USER CODE BEGIN and
   9:Src/spi.c     ****   * USER CODE END. Other portions of this file, whether 
  10:Src/spi.c     ****   * inserted by the user or by software development tools
  11:Src/spi.c     ****   * are owned by their respective copyright owners.
  12:Src/spi.c     ****   *
  13:Src/spi.c     ****   * Copyright (c) 2020 STMicroelectronics International N.V. 
  14:Src/spi.c     ****   * All rights reserved.
  15:Src/spi.c     ****   *
  16:Src/spi.c     ****   * Redistribution and use in source and binary forms, with or without 
  17:Src/spi.c     ****   * modification, are permitted, provided that the following conditions are met:
  18:Src/spi.c     ****   *
  19:Src/spi.c     ****   * 1. Redistribution of source code must retain the above copyright notice, 
  20:Src/spi.c     ****   *    this list of conditions and the following disclaimer.
  21:Src/spi.c     ****   * 2. Redistributions in binary form must reproduce the above copyright notice,
  22:Src/spi.c     ****   *    this list of conditions and the following disclaimer in the documentation
  23:Src/spi.c     ****   *    and/or other materials provided with the distribution.
  24:Src/spi.c     ****   * 3. Neither the name of STMicroelectronics nor the names of other 
  25:Src/spi.c     ****   *    contributors to this software may be used to endorse or promote products 
  26:Src/spi.c     ****   *    derived from this software without specific written permission.
  27:Src/spi.c     ****   * 4. This software, including modifications and/or derivative works of this 
  28:Src/spi.c     ****   *    software, must execute solely and exclusively on microcontroller or
  29:Src/spi.c     ****   *    microprocessor devices manufactured by or for STMicroelectronics.
  30:Src/spi.c     ****   * 5. Redistribution and use of this software other than as permitted under 
ARM GAS  C:\Users\gx\AppData\Local\Temp\ccVhDbc3.s 			page 2


  31:Src/spi.c     ****   *    this license is void and will automatically terminate your rights under 
  32:Src/spi.c     ****   *    this license. 
  33:Src/spi.c     ****   *
  34:Src/spi.c     ****   * THIS SOFTWARE IS PROVIDED BY STMICROELECTRONICS AND CONTRIBUTORS "AS IS" 
  35:Src/spi.c     ****   * AND ANY EXPRESS, IMPLIED OR STATUTORY WARRANTIES, INCLUDING, BUT NOT 
  36:Src/spi.c     ****   * LIMITED TO, THE IMPLIED WARRANTIES OF MERCHANTABILITY, FITNESS FOR A 
  37:Src/spi.c     ****   * PARTICULAR PURPOSE AND NON-INFRINGEMENT OF THIRD PARTY INTELLECTUAL PROPERTY
  38:Src/spi.c     ****   * RIGHTS ARE DISCLAIMED TO THE FULLEST EXTENT PERMITTED BY LAW. IN NO EVENT 
  39:Src/spi.c     ****   * SHALL STMICROELECTRONICS OR CONTRIBUTORS BE LIABLE FOR ANY DIRECT, INDIRECT,
  40:Src/spi.c     ****   * INCIDENTAL, SPECIAL, EXEMPLARY, OR CONSEQUENTIAL DAMAGES (INCLUDING, BUT NOT
  41:Src/spi.c     ****   * LIMITED TO, PROCUREMENT OF SUBSTITUTE GOODS OR SERVICES; LOSS OF USE, DATA, 
  42:Src/spi.c     ****   * OR PROFITS; OR BUSINESS INTERRUPTION) HOWEVER CAUSED AND ON ANY THEORY OF 
  43:Src/spi.c     ****   * LIABILITY, WHETHER IN CONTRACT, STRICT LIABILITY, OR TORT (INCLUDING 
  44:Src/spi.c     ****   * NEGLIGENCE OR OTHERWISE) ARISING IN ANY WAY OUT OF THE USE OF THIS SOFTWARE,
  45:Src/spi.c     ****   * EVEN IF ADVISED OF THE POSSIBILITY OF SUCH DAMAGE.
  46:Src/spi.c     ****   *
  47:Src/spi.c     ****   ******************************************************************************
  48:Src/spi.c     ****   */
  49:Src/spi.c     **** 
  50:Src/spi.c     **** /* Includes ------------------------------------------------------------------*/
  51:Src/spi.c     **** #include "spi.h"
  52:Src/spi.c     **** 
  53:Src/spi.c     **** /* USER CODE BEGIN 0 */
  54:Src/spi.c     **** 
  55:Src/spi.c     **** /* USER CODE END 0 */
  56:Src/spi.c     **** 
  57:Src/spi.c     **** SPI_HandleTypeDef hspi1;
  58:Src/spi.c     **** 
  59:Src/spi.c     **** /* SPI1 init function */
  60:Src/spi.c     **** void MX_SPI1_Init(void)
  61:Src/spi.c     **** {
  29              		.loc 1 61 1 view -0
  30              		.cfi_startproc
  31              		@ args = 0, pretend = 0, frame = 0
  32              		@ frame_needed = 0, uses_anonymous_args = 0
  33 0000 08B5     		push	{r3, lr}
  34              	.LCFI0:
  35              		.cfi_def_cfa_offset 8
  36              		.cfi_offset 3, -8
  37              		.cfi_offset 14, -4
  62:Src/spi.c     **** 
  63:Src/spi.c     ****   hspi1.Instance = SPI1;
  38              		.loc 1 63 3 view .LVU1
  39              		.loc 1 63 18 is_stmt 0 view .LVU2
  40 0002 0D48     		ldr	r0, .L5
  41 0004 0D4B     		ldr	r3, .L5+4
  42 0006 0360     		str	r3, [r0]
  64:Src/spi.c     ****   hspi1.Init.Mode = SPI_MODE_MASTER;
  43              		.loc 1 64 3 is_stmt 1 view .LVU3
  44              		.loc 1 64 19 is_stmt 0 view .LVU4
  45 0008 4FF48273 		mov	r3, #260
  46 000c 4360     		str	r3, [r0, #4]
  65:Src/spi.c     ****   hspi1.Init.Direction = SPI_DIRECTION_2LINES;
  47              		.loc 1 65 3 is_stmt 1 view .LVU5
  48              		.loc 1 65 24 is_stmt 0 view .LVU6
  49 000e 0023     		movs	r3, #0
  50 0010 8360     		str	r3, [r0, #8]
ARM GAS  C:\Users\gx\AppData\Local\Temp\ccVhDbc3.s 			page 3


  66:Src/spi.c     ****   hspi1.Init.DataSize = SPI_DATASIZE_8BIT;
  51              		.loc 1 66 3 is_stmt 1 view .LVU7
  52              		.loc 1 66 23 is_stmt 0 view .LVU8
  53 0012 C360     		str	r3, [r0, #12]
  67:Src/spi.c     ****   hspi1.Init.CLKPolarity = SPI_POLARITY_LOW;
  54              		.loc 1 67 3 is_stmt 1 view .LVU9
  55              		.loc 1 67 26 is_stmt 0 view .LVU10
  56 0014 0361     		str	r3, [r0, #16]
  68:Src/spi.c     ****   hspi1.Init.CLKPhase = SPI_PHASE_1EDGE;
  57              		.loc 1 68 3 is_stmt 1 view .LVU11
  58              		.loc 1 68 23 is_stmt 0 view .LVU12
  59 0016 4361     		str	r3, [r0, #20]
  69:Src/spi.c     ****   hspi1.Init.NSS = SPI_NSS_SOFT;
  60              		.loc 1 69 3 is_stmt 1 view .LVU13
  61              		.loc 1 69 18 is_stmt 0 view .LVU14
  62 0018 4FF40072 		mov	r2, #512
  63 001c 8261     		str	r2, [r0, #24]
  70:Src/spi.c     ****   hspi1.Init.BaudRatePrescaler = SPI_BAUDRATEPRESCALER_2;
  64              		.loc 1 70 3 is_stmt 1 view .LVU15
  65              		.loc 1 70 32 is_stmt 0 view .LVU16
  66 001e C361     		str	r3, [r0, #28]
  71:Src/spi.c     ****   hspi1.Init.FirstBit = SPI_FIRSTBIT_MSB;
  67              		.loc 1 71 3 is_stmt 1 view .LVU17
  68              		.loc 1 71 23 is_stmt 0 view .LVU18
  69 0020 0362     		str	r3, [r0, #32]
  72:Src/spi.c     ****   hspi1.Init.TIMode = SPI_TIMODE_DISABLE;
  70              		.loc 1 72 3 is_stmt 1 view .LVU19
  71              		.loc 1 72 21 is_stmt 0 view .LVU20
  72 0022 4362     		str	r3, [r0, #36]
  73:Src/spi.c     ****   hspi1.Init.CRCCalculation = SPI_CRCCALCULATION_DISABLE;
  73              		.loc 1 73 3 is_stmt 1 view .LVU21
  74              		.loc 1 73 29 is_stmt 0 view .LVU22
  75 0024 8362     		str	r3, [r0, #40]
  74:Src/spi.c     ****   hspi1.Init.CRCPolynomial = 10;
  76              		.loc 1 74 3 is_stmt 1 view .LVU23
  77              		.loc 1 74 28 is_stmt 0 view .LVU24
  78 0026 0A23     		movs	r3, #10
  79 0028 C362     		str	r3, [r0, #44]
  75:Src/spi.c     ****   if (HAL_SPI_Init(&hspi1) != HAL_OK)
  80              		.loc 1 75 3 is_stmt 1 view .LVU25
  81              		.loc 1 75 7 is_stmt 0 view .LVU26
  82 002a FFF7FEFF 		bl	HAL_SPI_Init
  83              	.LVL0:
  84              		.loc 1 75 6 view .LVU27
  85 002e 00B9     		cbnz	r0, .L4
  86              	.L1:
  76:Src/spi.c     ****   {
  77:Src/spi.c     ****     Error_Handler();
  78:Src/spi.c     ****   }
  79:Src/spi.c     **** 
  80:Src/spi.c     **** }
  87              		.loc 1 80 1 view .LVU28
  88 0030 08BD     		pop	{r3, pc}
  89              	.L4:
  77:Src/spi.c     ****   }
  90              		.loc 1 77 5 is_stmt 1 view .LVU29
  91 0032 FFF7FEFF 		bl	Error_Handler
ARM GAS  C:\Users\gx\AppData\Local\Temp\ccVhDbc3.s 			page 4


  92              	.LVL1:
  93              		.loc 1 80 1 is_stmt 0 view .LVU30
  94 0036 FBE7     		b	.L1
  95              	.L6:
  96              		.align	2
  97              	.L5:
  98 0038 00000000 		.word	hspi1
  99 003c 00300140 		.word	1073819648
 100              		.cfi_endproc
 101              	.LFE126:
 103              		.section	.text.HAL_SPI_MspInit,"ax",%progbits
 104              		.align	1
 105              		.global	HAL_SPI_MspInit
 106              		.syntax unified
 107              		.thumb
 108              		.thumb_func
 109              		.fpu fpv4-sp-d16
 111              	HAL_SPI_MspInit:
 112              	.LVL2:
 113              	.LFB127:
  81:Src/spi.c     **** 
  82:Src/spi.c     **** void HAL_SPI_MspInit(SPI_HandleTypeDef* spiHandle)
  83:Src/spi.c     **** {
 114              		.loc 1 83 1 is_stmt 1 view -0
 115              		.cfi_startproc
 116              		@ args = 0, pretend = 0, frame = 32
 117              		@ frame_needed = 0, uses_anonymous_args = 0
 118              		.loc 1 83 1 is_stmt 0 view .LVU32
 119 0000 00B5     		push	{lr}
 120              	.LCFI1:
 121              		.cfi_def_cfa_offset 4
 122              		.cfi_offset 14, -4
 123 0002 89B0     		sub	sp, sp, #36
 124              	.LCFI2:
 125              		.cfi_def_cfa_offset 40
  84:Src/spi.c     **** 
  85:Src/spi.c     ****   GPIO_InitTypeDef GPIO_InitStruct = {0};
 126              		.loc 1 85 3 is_stmt 1 view .LVU33
 127              		.loc 1 85 20 is_stmt 0 view .LVU34
 128 0004 0023     		movs	r3, #0
 129 0006 0393     		str	r3, [sp, #12]
 130 0008 0493     		str	r3, [sp, #16]
 131 000a 0593     		str	r3, [sp, #20]
 132 000c 0693     		str	r3, [sp, #24]
 133 000e 0793     		str	r3, [sp, #28]
  86:Src/spi.c     ****   if(spiHandle->Instance==SPI1)
 134              		.loc 1 86 3 is_stmt 1 view .LVU35
 135              		.loc 1 86 15 is_stmt 0 view .LVU36
 136 0010 0268     		ldr	r2, [r0]
 137              		.loc 1 86 5 view .LVU37
 138 0012 154B     		ldr	r3, .L11
 139 0014 9A42     		cmp	r2, r3
 140 0016 02D0     		beq	.L10
 141              	.LVL3:
 142              	.L7:
  87:Src/spi.c     ****   {
  88:Src/spi.c     ****   /* USER CODE BEGIN SPI1_MspInit 0 */
ARM GAS  C:\Users\gx\AppData\Local\Temp\ccVhDbc3.s 			page 5


  89:Src/spi.c     **** 
  90:Src/spi.c     ****   /* USER CODE END SPI1_MspInit 0 */
  91:Src/spi.c     ****     /* SPI1 clock enable */
  92:Src/spi.c     ****     __HAL_RCC_SPI1_CLK_ENABLE();
  93:Src/spi.c     ****   
  94:Src/spi.c     ****     __HAL_RCC_GPIOB_CLK_ENABLE();
  95:Src/spi.c     ****     /**SPI1 GPIO Configuration    
  96:Src/spi.c     ****     PB3     ------> SPI1_SCK
  97:Src/spi.c     ****     PB4     ------> SPI1_MISO
  98:Src/spi.c     ****     PB5     ------> SPI1_MOSI 
  99:Src/spi.c     ****     */
 100:Src/spi.c     ****     GPIO_InitStruct.Pin = GPIO_PIN_3|GPIO_PIN_4|GPIO_PIN_5;
 101:Src/spi.c     ****     GPIO_InitStruct.Mode = GPIO_MODE_AF_PP;
 102:Src/spi.c     ****     GPIO_InitStruct.Pull = GPIO_NOPULL;
 103:Src/spi.c     ****     GPIO_InitStruct.Speed = GPIO_SPEED_FREQ_VERY_HIGH;
 104:Src/spi.c     ****     GPIO_InitStruct.Alternate = GPIO_AF5_SPI1;
 105:Src/spi.c     ****     HAL_GPIO_Init(GPIOB, &GPIO_InitStruct);
 106:Src/spi.c     **** 
 107:Src/spi.c     ****   /* USER CODE BEGIN SPI1_MspInit 1 */
 108:Src/spi.c     **** 
 109:Src/spi.c     ****   /* USER CODE END SPI1_MspInit 1 */
 110:Src/spi.c     ****   }
 111:Src/spi.c     **** }
 143              		.loc 1 111 1 view .LVU38
 144 0018 09B0     		add	sp, sp, #36
 145              	.LCFI3:
 146              		.cfi_remember_state
 147              		.cfi_def_cfa_offset 4
 148              		@ sp needed
 149 001a 5DF804FB 		ldr	pc, [sp], #4
 150              	.LVL4:
 151              	.L10:
 152              	.LCFI4:
 153              		.cfi_restore_state
  92:Src/spi.c     ****   
 154              		.loc 1 92 5 is_stmt 1 view .LVU39
 155              	.LBB2:
  92:Src/spi.c     ****   
 156              		.loc 1 92 5 view .LVU40
 157 001e 0022     		movs	r2, #0
 158 0020 0192     		str	r2, [sp, #4]
  92:Src/spi.c     ****   
 159              		.loc 1 92 5 view .LVU41
 160 0022 03F58433 		add	r3, r3, #67584
 161 0026 596C     		ldr	r1, [r3, #68]
 162 0028 41F48051 		orr	r1, r1, #4096
 163 002c 5964     		str	r1, [r3, #68]
  92:Src/spi.c     ****   
 164              		.loc 1 92 5 view .LVU42
 165 002e 596C     		ldr	r1, [r3, #68]
 166 0030 01F48051 		and	r1, r1, #4096
 167 0034 0191     		str	r1, [sp, #4]
  92:Src/spi.c     ****   
 168              		.loc 1 92 5 view .LVU43
 169 0036 0199     		ldr	r1, [sp, #4]
 170              	.LBE2:
  92:Src/spi.c     ****   
ARM GAS  C:\Users\gx\AppData\Local\Temp\ccVhDbc3.s 			page 6


 171              		.loc 1 92 5 view .LVU44
  94:Src/spi.c     ****     /**SPI1 GPIO Configuration    
 172              		.loc 1 94 5 view .LVU45
 173              	.LBB3:
  94:Src/spi.c     ****     /**SPI1 GPIO Configuration    
 174              		.loc 1 94 5 view .LVU46
 175 0038 0292     		str	r2, [sp, #8]
  94:Src/spi.c     ****     /**SPI1 GPIO Configuration    
 176              		.loc 1 94 5 view .LVU47
 177 003a 196B     		ldr	r1, [r3, #48]
 178 003c 41F00201 		orr	r1, r1, #2
 179 0040 1963     		str	r1, [r3, #48]
  94:Src/spi.c     ****     /**SPI1 GPIO Configuration    
 180              		.loc 1 94 5 view .LVU48
 181 0042 1B6B     		ldr	r3, [r3, #48]
 182 0044 03F00203 		and	r3, r3, #2
 183 0048 0293     		str	r3, [sp, #8]
  94:Src/spi.c     ****     /**SPI1 GPIO Configuration    
 184              		.loc 1 94 5 view .LVU49
 185 004a 029B     		ldr	r3, [sp, #8]
 186              	.LBE3:
  94:Src/spi.c     ****     /**SPI1 GPIO Configuration    
 187              		.loc 1 94 5 view .LVU50
 100:Src/spi.c     ****     GPIO_InitStruct.Mode = GPIO_MODE_AF_PP;
 188              		.loc 1 100 5 view .LVU51
 100:Src/spi.c     ****     GPIO_InitStruct.Mode = GPIO_MODE_AF_PP;
 189              		.loc 1 100 25 is_stmt 0 view .LVU52
 190 004c 3823     		movs	r3, #56
 191 004e 0393     		str	r3, [sp, #12]
 101:Src/spi.c     ****     GPIO_InitStruct.Pull = GPIO_NOPULL;
 192              		.loc 1 101 5 is_stmt 1 view .LVU53
 101:Src/spi.c     ****     GPIO_InitStruct.Pull = GPIO_NOPULL;
 193              		.loc 1 101 26 is_stmt 0 view .LVU54
 194 0050 0223     		movs	r3, #2
 195 0052 0493     		str	r3, [sp, #16]
 102:Src/spi.c     ****     GPIO_InitStruct.Speed = GPIO_SPEED_FREQ_VERY_HIGH;
 196              		.loc 1 102 5 is_stmt 1 view .LVU55
 102:Src/spi.c     ****     GPIO_InitStruct.Speed = GPIO_SPEED_FREQ_VERY_HIGH;
 197              		.loc 1 102 26 is_stmt 0 view .LVU56
 198 0054 0592     		str	r2, [sp, #20]
 103:Src/spi.c     ****     GPIO_InitStruct.Alternate = GPIO_AF5_SPI1;
 199              		.loc 1 103 5 is_stmt 1 view .LVU57
 103:Src/spi.c     ****     GPIO_InitStruct.Alternate = GPIO_AF5_SPI1;
 200              		.loc 1 103 27 is_stmt 0 view .LVU58
 201 0056 0323     		movs	r3, #3
 202 0058 0693     		str	r3, [sp, #24]
 104:Src/spi.c     ****     HAL_GPIO_Init(GPIOB, &GPIO_InitStruct);
 203              		.loc 1 104 5 is_stmt 1 view .LVU59
 104:Src/spi.c     ****     HAL_GPIO_Init(GPIOB, &GPIO_InitStruct);
 204              		.loc 1 104 31 is_stmt 0 view .LVU60
 205 005a 0523     		movs	r3, #5
 206 005c 0793     		str	r3, [sp, #28]
 105:Src/spi.c     **** 
 207              		.loc 1 105 5 is_stmt 1 view .LVU61
 208 005e 03A9     		add	r1, sp, #12
 209 0060 0248     		ldr	r0, .L11+4
 210              	.LVL5:
ARM GAS  C:\Users\gx\AppData\Local\Temp\ccVhDbc3.s 			page 7


 105:Src/spi.c     **** 
 211              		.loc 1 105 5 is_stmt 0 view .LVU62
 212 0062 FFF7FEFF 		bl	HAL_GPIO_Init
 213              	.LVL6:
 214              		.loc 1 111 1 view .LVU63
 215 0066 D7E7     		b	.L7
 216              	.L12:
 217              		.align	2
 218              	.L11:
 219 0068 00300140 		.word	1073819648
 220 006c 00040240 		.word	1073873920
 221              		.cfi_endproc
 222              	.LFE127:
 224              		.section	.text.HAL_SPI_MspDeInit,"ax",%progbits
 225              		.align	1
 226              		.global	HAL_SPI_MspDeInit
 227              		.syntax unified
 228              		.thumb
 229              		.thumb_func
 230              		.fpu fpv4-sp-d16
 232              	HAL_SPI_MspDeInit:
 233              	.LVL7:
 234              	.LFB128:
 112:Src/spi.c     **** 
 113:Src/spi.c     **** void HAL_SPI_MspDeInit(SPI_HandleTypeDef* spiHandle)
 114:Src/spi.c     **** {
 235              		.loc 1 114 1 is_stmt 1 view -0
 236              		.cfi_startproc
 237              		@ args = 0, pretend = 0, frame = 0
 238              		@ frame_needed = 0, uses_anonymous_args = 0
 239              		.loc 1 114 1 is_stmt 0 view .LVU65
 240 0000 08B5     		push	{r3, lr}
 241              	.LCFI5:
 242              		.cfi_def_cfa_offset 8
 243              		.cfi_offset 3, -8
 244              		.cfi_offset 14, -4
 115:Src/spi.c     **** 
 116:Src/spi.c     ****   if(spiHandle->Instance==SPI1)
 245              		.loc 1 116 3 is_stmt 1 view .LVU66
 246              		.loc 1 116 15 is_stmt 0 view .LVU67
 247 0002 0268     		ldr	r2, [r0]
 248              		.loc 1 116 5 view .LVU68
 249 0004 064B     		ldr	r3, .L17
 250 0006 9A42     		cmp	r2, r3
 251 0008 00D0     		beq	.L16
 252              	.LVL8:
 253              	.L13:
 117:Src/spi.c     ****   {
 118:Src/spi.c     ****   /* USER CODE BEGIN SPI1_MspDeInit 0 */
 119:Src/spi.c     **** 
 120:Src/spi.c     ****   /* USER CODE END SPI1_MspDeInit 0 */
 121:Src/spi.c     ****     /* Peripheral clock disable */
 122:Src/spi.c     ****     __HAL_RCC_SPI1_CLK_DISABLE();
 123:Src/spi.c     ****   
 124:Src/spi.c     ****     /**SPI1 GPIO Configuration    
 125:Src/spi.c     ****     PB3     ------> SPI1_SCK
 126:Src/spi.c     ****     PB4     ------> SPI1_MISO
ARM GAS  C:\Users\gx\AppData\Local\Temp\ccVhDbc3.s 			page 8


 127:Src/spi.c     ****     PB5     ------> SPI1_MOSI 
 128:Src/spi.c     ****     */
 129:Src/spi.c     ****     HAL_GPIO_DeInit(GPIOB, GPIO_PIN_3|GPIO_PIN_4|GPIO_PIN_5);
 130:Src/spi.c     **** 
 131:Src/spi.c     ****   /* USER CODE BEGIN SPI1_MspDeInit 1 */
 132:Src/spi.c     **** 
 133:Src/spi.c     ****   /* USER CODE END SPI1_MspDeInit 1 */
 134:Src/spi.c     ****   }
 135:Src/spi.c     **** } 
 254              		.loc 1 135 1 view .LVU69
 255 000a 08BD     		pop	{r3, pc}
 256              	.LVL9:
 257              	.L16:
 122:Src/spi.c     ****   
 258              		.loc 1 122 5 is_stmt 1 view .LVU70
 259 000c 054A     		ldr	r2, .L17+4
 260 000e 536C     		ldr	r3, [r2, #68]
 261 0010 23F48053 		bic	r3, r3, #4096
 262 0014 5364     		str	r3, [r2, #68]
 129:Src/spi.c     **** 
 263              		.loc 1 129 5 view .LVU71
 264 0016 3821     		movs	r1, #56
 265 0018 0348     		ldr	r0, .L17+8
 266              	.LVL10:
 129:Src/spi.c     **** 
 267              		.loc 1 129 5 is_stmt 0 view .LVU72
 268 001a FFF7FEFF 		bl	HAL_GPIO_DeInit
 269              	.LVL11:
 270              		.loc 1 135 1 view .LVU73
 271 001e F4E7     		b	.L13
 272              	.L18:
 273              		.align	2
 274              	.L17:
 275 0020 00300140 		.word	1073819648
 276 0024 00380240 		.word	1073887232
 277 0028 00040240 		.word	1073873920
 278              		.cfi_endproc
 279              	.LFE128:
 281              		.comm	hspi1,88,4
 282              		.text
 283              	.Letext0:
 284              		.file 2 "c:\\program files (x86)\\gnu arm embedded toolchain\\9 2020-q2-update\\arm-none-eabi\\inc
 285              		.file 3 "c:\\program files (x86)\\gnu arm embedded toolchain\\9 2020-q2-update\\arm-none-eabi\\inc
 286              		.file 4 "Drivers/CMSIS/Include/core_cm4.h"
 287              		.file 5 "Drivers/CMSIS/Device/ST/STM32F4xx/Include/system_stm32f4xx.h"
 288              		.file 6 "Drivers/CMSIS/Device/ST/STM32F4xx/Include/stm32f407xx.h"
 289              		.file 7 "c:\\program files (x86)\\gnu arm embedded toolchain\\9 2020-q2-update\\lib\\gcc\\arm-none
 290              		.file 8 "c:\\program files (x86)\\gnu arm embedded toolchain\\9 2020-q2-update\\arm-none-eabi\\inc
 291              		.file 9 "c:\\program files (x86)\\gnu arm embedded toolchain\\9 2020-q2-update\\arm-none-eabi\\inc
 292              		.file 10 "c:\\program files (x86)\\gnu arm embedded toolchain\\9 2020-q2-update\\arm-none-eabi\\in
 293              		.file 11 "Drivers/STM32F4xx_HAL_Driver/Inc/stm32f4xx_hal_def.h"
 294              		.file 12 "Drivers/STM32F4xx_HAL_Driver/Inc/stm32f4xx_hal_gpio.h"
 295              		.file 13 "Drivers/STM32F4xx_HAL_Driver/Inc/stm32f4xx_hal_dma.h"
 296              		.file 14 "Drivers/STM32F4xx_HAL_Driver/Inc/stm32f4xx_hal_spi.h"
 297              		.file 15 "Inc/spi.h"
 298              		.file 16 "Inc/main.h"
ARM GAS  C:\Users\gx\AppData\Local\Temp\ccVhDbc3.s 			page 9


DEFINED SYMBOLS
                            *ABS*:00000000 spi.c
C:\Users\gx\AppData\Local\Temp\ccVhDbc3.s:18     .text.MX_SPI1_Init:00000000 $t
C:\Users\gx\AppData\Local\Temp\ccVhDbc3.s:26     .text.MX_SPI1_Init:00000000 MX_SPI1_Init
C:\Users\gx\AppData\Local\Temp\ccVhDbc3.s:98     .text.MX_SPI1_Init:00000038 $d
                            *COM*:00000058 hspi1
C:\Users\gx\AppData\Local\Temp\ccVhDbc3.s:104    .text.HAL_SPI_MspInit:00000000 $t
C:\Users\gx\AppData\Local\Temp\ccVhDbc3.s:111    .text.HAL_SPI_MspInit:00000000 HAL_SPI_MspInit
C:\Users\gx\AppData\Local\Temp\ccVhDbc3.s:219    .text.HAL_SPI_MspInit:00000068 $d
C:\Users\gx\AppData\Local\Temp\ccVhDbc3.s:225    .text.HAL_SPI_MspDeInit:00000000 $t
C:\Users\gx\AppData\Local\Temp\ccVhDbc3.s:232    .text.HAL_SPI_MspDeInit:00000000 HAL_SPI_MspDeInit
C:\Users\gx\AppData\Local\Temp\ccVhDbc3.s:275    .text.HAL_SPI_MspDeInit:00000020 $d

UNDEFINED SYMBOLS
HAL_SPI_Init
Error_Handler
HAL_GPIO_Init
HAL_GPIO_DeInit
