ARM GAS  C:\Users\gx\AppData\Local\Temp\cchq2EsS.s 			page 1


   1              		.cpu cortex-m4
   2              		.eabi_attribute 27, 1
   3              		.eabi_attribute 28, 1
   4              		.eabi_attribute 20, 1
   5              		.eabi_attribute 21, 1
   6              		.eabi_attribute 23, 3
   7              		.eabi_attribute 24, 1
   8              		.eabi_attribute 25, 1
   9              		.eabi_attribute 26, 1
  10              		.eabi_attribute 30, 1
  11              		.eabi_attribute 34, 1
  12              		.eabi_attribute 18, 4
  13              		.file	"stm32f4xx_it.c"
  14              		.text
  15              	.Ltext0:
  16              		.cfi_sections	.debug_frame
  17              		.section	.text.NMI_Handler,"ax",%progbits
  18              		.align	1
  19              		.global	NMI_Handler
  20              		.arch armv7e-m
  21              		.syntax unified
  22              		.thumb
  23              		.thumb_func
  24              		.fpu fpv4-sp-d16
  26              	NMI_Handler:
  27              	.LFB131:
  28              		.file 1 "Src/stm32f4xx_it.c"
   1:Src/stm32f4xx_it.c **** /* USER CODE BEGIN Header */
   2:Src/stm32f4xx_it.c **** /**
   3:Src/stm32f4xx_it.c ****   ******************************************************************************
   4:Src/stm32f4xx_it.c ****   * @file    stm32f4xx_it.c
   5:Src/stm32f4xx_it.c ****   * @brief   Interrupt Service Routines.
   6:Src/stm32f4xx_it.c ****   ******************************************************************************
   7:Src/stm32f4xx_it.c ****   *
   8:Src/stm32f4xx_it.c ****   * COPYRIGHT(c) 2020 STMicroelectronics
   9:Src/stm32f4xx_it.c ****   *
  10:Src/stm32f4xx_it.c ****   * Redistribution and use in source and binary forms, with or without modification,
  11:Src/stm32f4xx_it.c ****   * are permitted provided that the following conditions are met:
  12:Src/stm32f4xx_it.c ****   *   1. Redistributions of source code must retain the above copyright notice,
  13:Src/stm32f4xx_it.c ****   *      this list of conditions and the following disclaimer.
  14:Src/stm32f4xx_it.c ****   *   2. Redistributions in binary form must reproduce the above copyright notice,
  15:Src/stm32f4xx_it.c ****   *      this list of conditions and the following disclaimer in the documentation
  16:Src/stm32f4xx_it.c ****   *      and/or other materials provided with the distribution.
  17:Src/stm32f4xx_it.c ****   *   3. Neither the name of STMicroelectronics nor the names of its contributors
  18:Src/stm32f4xx_it.c ****   *      may be used to endorse or promote products derived from this software
  19:Src/stm32f4xx_it.c ****   *      without specific prior written permission.
  20:Src/stm32f4xx_it.c ****   *
  21:Src/stm32f4xx_it.c ****   * THIS SOFTWARE IS PROVIDED BY THE COPYRIGHT HOLDERS AND CONTRIBUTORS "AS IS"
  22:Src/stm32f4xx_it.c ****   * AND ANY EXPRESS OR IMPLIED WARRANTIES, INCLUDING, BUT NOT LIMITED TO, THE
  23:Src/stm32f4xx_it.c ****   * IMPLIED WARRANTIES OF MERCHANTABILITY AND FITNESS FOR A PARTICULAR PURPOSE ARE
  24:Src/stm32f4xx_it.c ****   * DISCLAIMED. IN NO EVENT SHALL THE COPYRIGHT HOLDER OR CONTRIBUTORS BE LIABLE
  25:Src/stm32f4xx_it.c ****   * FOR ANY DIRECT, INDIRECT, INCIDENTAL, SPECIAL, EXEMPLARY, OR CONSEQUENTIAL
  26:Src/stm32f4xx_it.c ****   * DAMAGES (INCLUDING, BUT NOT LIMITED TO, PROCUREMENT OF SUBSTITUTE GOODS OR
  27:Src/stm32f4xx_it.c ****   * SERVICES; LOSS OF USE, DATA, OR PROFITS; OR BUSINESS INTERRUPTION) HOWEVER
  28:Src/stm32f4xx_it.c ****   * CAUSED AND ON ANY THEORY OF LIABILITY, WHETHER IN CONTRACT, STRICT LIABILITY,
  29:Src/stm32f4xx_it.c ****   * OR TORT (INCLUDING NEGLIGENCE OR OTHERWISE) ARISING IN ANY WAY OUT OF THE USE
  30:Src/stm32f4xx_it.c ****   * OF THIS SOFTWARE, EVEN IF ADVISED OF THE POSSIBILITY OF SUCH DAMAGE.
ARM GAS  C:\Users\gx\AppData\Local\Temp\cchq2EsS.s 			page 2


  31:Src/stm32f4xx_it.c ****   *
  32:Src/stm32f4xx_it.c ****   ******************************************************************************
  33:Src/stm32f4xx_it.c ****   */
  34:Src/stm32f4xx_it.c **** /* USER CODE END Header */
  35:Src/stm32f4xx_it.c **** 
  36:Src/stm32f4xx_it.c **** /* Includes ------------------------------------------------------------------*/
  37:Src/stm32f4xx_it.c **** #include "main.h"
  38:Src/stm32f4xx_it.c **** #include "stm32f4xx_it.h"
  39:Src/stm32f4xx_it.c **** #include "cmsis_os.h"
  40:Src/stm32f4xx_it.c **** /* Private includes ----------------------------------------------------------*/
  41:Src/stm32f4xx_it.c **** /* USER CODE BEGIN Includes */
  42:Src/stm32f4xx_it.c **** /* USER CODE END Includes */
  43:Src/stm32f4xx_it.c **** 
  44:Src/stm32f4xx_it.c **** /* Private typedef -----------------------------------------------------------*/
  45:Src/stm32f4xx_it.c **** /* USER CODE BEGIN TD */
  46:Src/stm32f4xx_it.c **** 
  47:Src/stm32f4xx_it.c **** /* USER CODE END TD */
  48:Src/stm32f4xx_it.c **** 
  49:Src/stm32f4xx_it.c **** /* Private define ------------------------------------------------------------*/
  50:Src/stm32f4xx_it.c **** /* USER CODE BEGIN PD */
  51:Src/stm32f4xx_it.c ****  
  52:Src/stm32f4xx_it.c **** /* USER CODE END PD */
  53:Src/stm32f4xx_it.c **** 
  54:Src/stm32f4xx_it.c **** /* Private macro -------------------------------------------------------------*/
  55:Src/stm32f4xx_it.c **** /* USER CODE BEGIN PM */
  56:Src/stm32f4xx_it.c **** 
  57:Src/stm32f4xx_it.c **** /* USER CODE END PM */
  58:Src/stm32f4xx_it.c **** 
  59:Src/stm32f4xx_it.c **** /* Private variables ---------------------------------------------------------*/
  60:Src/stm32f4xx_it.c **** /* USER CODE BEGIN PV */
  61:Src/stm32f4xx_it.c **** 
  62:Src/stm32f4xx_it.c **** /* USER CODE END PV */
  63:Src/stm32f4xx_it.c **** 
  64:Src/stm32f4xx_it.c **** /* Private function prototypes -----------------------------------------------*/
  65:Src/stm32f4xx_it.c **** /* USER CODE BEGIN PFP */
  66:Src/stm32f4xx_it.c **** 
  67:Src/stm32f4xx_it.c **** /* USER CODE END PFP */
  68:Src/stm32f4xx_it.c **** 
  69:Src/stm32f4xx_it.c **** /* Private user code ---------------------------------------------------------*/
  70:Src/stm32f4xx_it.c **** /* USER CODE BEGIN 0 */
  71:Src/stm32f4xx_it.c **** 
  72:Src/stm32f4xx_it.c **** /* USER CODE END 0 */
  73:Src/stm32f4xx_it.c **** 
  74:Src/stm32f4xx_it.c **** /* External variables --------------------------------------------------------*/
  75:Src/stm32f4xx_it.c **** extern PCD_HandleTypeDef hpcd_USB_OTG_FS;
  76:Src/stm32f4xx_it.c **** /* USER CODE BEGIN EV */
  77:Src/stm32f4xx_it.c **** 
  78:Src/stm32f4xx_it.c **** /* USER CODE END EV */
  79:Src/stm32f4xx_it.c **** 
  80:Src/stm32f4xx_it.c **** /******************************************************************************/
  81:Src/stm32f4xx_it.c **** /*           Cortex-M4 Processor Interruption and Exception Handlers          */ 
  82:Src/stm32f4xx_it.c **** /******************************************************************************/
  83:Src/stm32f4xx_it.c **** /**
  84:Src/stm32f4xx_it.c ****   * @brief This function handles Non maskable interrupt.
  85:Src/stm32f4xx_it.c ****   */
  86:Src/stm32f4xx_it.c **** void NMI_Handler(void)
  87:Src/stm32f4xx_it.c **** {
ARM GAS  C:\Users\gx\AppData\Local\Temp\cchq2EsS.s 			page 3


  29              		.loc 1 87 1 view -0
  30              		.cfi_startproc
  31              		@ args = 0, pretend = 0, frame = 0
  32              		@ frame_needed = 0, uses_anonymous_args = 0
  33              		@ link register save eliminated.
  88:Src/stm32f4xx_it.c ****   /* USER CODE BEGIN NonMaskableInt_IRQn 0 */
  89:Src/stm32f4xx_it.c **** 
  90:Src/stm32f4xx_it.c ****   /* USER CODE END NonMaskableInt_IRQn 0 */
  91:Src/stm32f4xx_it.c ****   /* USER CODE BEGIN NonMaskableInt_IRQn 1 */
  92:Src/stm32f4xx_it.c **** 
  93:Src/stm32f4xx_it.c ****   /* USER CODE END NonMaskableInt_IRQn 1 */
  94:Src/stm32f4xx_it.c **** }
  34              		.loc 1 94 1 view .LVU1
  35 0000 7047     		bx	lr
  36              		.cfi_endproc
  37              	.LFE131:
  39              		.section	.text.HardFault_Handler,"ax",%progbits
  40              		.align	1
  41              		.global	HardFault_Handler
  42              		.syntax unified
  43              		.thumb
  44              		.thumb_func
  45              		.fpu fpv4-sp-d16
  47              	HardFault_Handler:
  48              	.LFB132:
  95:Src/stm32f4xx_it.c **** 
  96:Src/stm32f4xx_it.c **** /**
  97:Src/stm32f4xx_it.c ****   * @brief This function handles Hard fault interrupt.
  98:Src/stm32f4xx_it.c ****   */
  99:Src/stm32f4xx_it.c **** void HardFault_Handler(void)
 100:Src/stm32f4xx_it.c **** {
  49              		.loc 1 100 1 view -0
  50              		.cfi_startproc
  51              		@ Volatile: function does not return.
  52              		@ args = 0, pretend = 0, frame = 0
  53              		@ frame_needed = 0, uses_anonymous_args = 0
  54              		@ link register save eliminated.
  55              	.L3:
 101:Src/stm32f4xx_it.c ****   /* USER CODE BEGIN HardFault_IRQn 0 */
 102:Src/stm32f4xx_it.c **** 
 103:Src/stm32f4xx_it.c ****   /* USER CODE END HardFault_IRQn 0 */
 104:Src/stm32f4xx_it.c ****   while (1)
  56              		.loc 1 104 3 discriminator 1 view .LVU3
 105:Src/stm32f4xx_it.c ****   {
 106:Src/stm32f4xx_it.c ****     /* USER CODE BEGIN W1_HardFault_IRQn 0 */
 107:Src/stm32f4xx_it.c ****     /* USER CODE END W1_HardFault_IRQn 0 */
 108:Src/stm32f4xx_it.c ****   }
  57              		.loc 1 108 3 discriminator 1 view .LVU4
 104:Src/stm32f4xx_it.c ****   {
  58              		.loc 1 104 9 discriminator 1 view .LVU5
  59 0000 FEE7     		b	.L3
  60              		.cfi_endproc
  61              	.LFE132:
  63              		.section	.text.MemManage_Handler,"ax",%progbits
  64              		.align	1
  65              		.global	MemManage_Handler
  66              		.syntax unified
ARM GAS  C:\Users\gx\AppData\Local\Temp\cchq2EsS.s 			page 4


  67              		.thumb
  68              		.thumb_func
  69              		.fpu fpv4-sp-d16
  71              	MemManage_Handler:
  72              	.LFB133:
 109:Src/stm32f4xx_it.c **** }
 110:Src/stm32f4xx_it.c **** 
 111:Src/stm32f4xx_it.c **** /**
 112:Src/stm32f4xx_it.c ****   * @brief This function handles Memory management fault.
 113:Src/stm32f4xx_it.c ****   */
 114:Src/stm32f4xx_it.c **** void MemManage_Handler(void)
 115:Src/stm32f4xx_it.c **** {
  73              		.loc 1 115 1 view -0
  74              		.cfi_startproc
  75              		@ Volatile: function does not return.
  76              		@ args = 0, pretend = 0, frame = 0
  77              		@ frame_needed = 0, uses_anonymous_args = 0
  78              		@ link register save eliminated.
  79              	.L5:
 116:Src/stm32f4xx_it.c ****   /* USER CODE BEGIN MemoryManagement_IRQn 0 */
 117:Src/stm32f4xx_it.c **** 
 118:Src/stm32f4xx_it.c ****   /* USER CODE END MemoryManagement_IRQn 0 */
 119:Src/stm32f4xx_it.c ****   while (1)
  80              		.loc 1 119 3 discriminator 1 view .LVU7
 120:Src/stm32f4xx_it.c ****   {
 121:Src/stm32f4xx_it.c ****     /* USER CODE BEGIN W1_MemoryManagement_IRQn 0 */
 122:Src/stm32f4xx_it.c ****     /* USER CODE END W1_MemoryManagement_IRQn 0 */
 123:Src/stm32f4xx_it.c ****   }
  81              		.loc 1 123 3 discriminator 1 view .LVU8
 119:Src/stm32f4xx_it.c ****   {
  82              		.loc 1 119 9 discriminator 1 view .LVU9
  83 0000 FEE7     		b	.L5
  84              		.cfi_endproc
  85              	.LFE133:
  87              		.section	.text.BusFault_Handler,"ax",%progbits
  88              		.align	1
  89              		.global	BusFault_Handler
  90              		.syntax unified
  91              		.thumb
  92              		.thumb_func
  93              		.fpu fpv4-sp-d16
  95              	BusFault_Handler:
  96              	.LFB134:
 124:Src/stm32f4xx_it.c **** }
 125:Src/stm32f4xx_it.c **** 
 126:Src/stm32f4xx_it.c **** /**
 127:Src/stm32f4xx_it.c ****   * @brief This function handles Pre-fetch fault, memory access fault.
 128:Src/stm32f4xx_it.c ****   */
 129:Src/stm32f4xx_it.c **** void BusFault_Handler(void)
 130:Src/stm32f4xx_it.c **** {
  97              		.loc 1 130 1 view -0
  98              		.cfi_startproc
  99              		@ Volatile: function does not return.
 100              		@ args = 0, pretend = 0, frame = 0
 101              		@ frame_needed = 0, uses_anonymous_args = 0
 102              		@ link register save eliminated.
 103              	.L7:
ARM GAS  C:\Users\gx\AppData\Local\Temp\cchq2EsS.s 			page 5


 131:Src/stm32f4xx_it.c ****   /* USER CODE BEGIN BusFault_IRQn 0 */
 132:Src/stm32f4xx_it.c **** 
 133:Src/stm32f4xx_it.c ****   /* USER CODE END BusFault_IRQn 0 */
 134:Src/stm32f4xx_it.c ****   while (1)
 104              		.loc 1 134 3 discriminator 1 view .LVU11
 135:Src/stm32f4xx_it.c ****   {
 136:Src/stm32f4xx_it.c ****     /* USER CODE BEGIN W1_BusFault_IRQn 0 */
 137:Src/stm32f4xx_it.c ****     /* USER CODE END W1_BusFault_IRQn 0 */
 138:Src/stm32f4xx_it.c ****   }
 105              		.loc 1 138 3 discriminator 1 view .LVU12
 134:Src/stm32f4xx_it.c ****   {
 106              		.loc 1 134 9 discriminator 1 view .LVU13
 107 0000 FEE7     		b	.L7
 108              		.cfi_endproc
 109              	.LFE134:
 111              		.section	.text.UsageFault_Handler,"ax",%progbits
 112              		.align	1
 113              		.global	UsageFault_Handler
 114              		.syntax unified
 115              		.thumb
 116              		.thumb_func
 117              		.fpu fpv4-sp-d16
 119              	UsageFault_Handler:
 120              	.LFB135:
 139:Src/stm32f4xx_it.c **** }
 140:Src/stm32f4xx_it.c **** 
 141:Src/stm32f4xx_it.c **** /**
 142:Src/stm32f4xx_it.c ****   * @brief This function handles Undefined instruction or illegal state.
 143:Src/stm32f4xx_it.c ****   */
 144:Src/stm32f4xx_it.c **** void UsageFault_Handler(void)
 145:Src/stm32f4xx_it.c **** {
 121              		.loc 1 145 1 view -0
 122              		.cfi_startproc
 123              		@ Volatile: function does not return.
 124              		@ args = 0, pretend = 0, frame = 0
 125              		@ frame_needed = 0, uses_anonymous_args = 0
 126              		@ link register save eliminated.
 127              	.L9:
 146:Src/stm32f4xx_it.c ****   /* USER CODE BEGIN UsageFault_IRQn 0 */
 147:Src/stm32f4xx_it.c **** 
 148:Src/stm32f4xx_it.c ****   /* USER CODE END UsageFault_IRQn 0 */
 149:Src/stm32f4xx_it.c ****   while (1)
 128              		.loc 1 149 3 discriminator 1 view .LVU15
 150:Src/stm32f4xx_it.c ****   {
 151:Src/stm32f4xx_it.c ****     /* USER CODE BEGIN W1_UsageFault_IRQn 0 */
 152:Src/stm32f4xx_it.c ****     /* USER CODE END W1_UsageFault_IRQn 0 */
 153:Src/stm32f4xx_it.c ****   }
 129              		.loc 1 153 3 discriminator 1 view .LVU16
 149:Src/stm32f4xx_it.c ****   {
 130              		.loc 1 149 9 discriminator 1 view .LVU17
 131 0000 FEE7     		b	.L9
 132              		.cfi_endproc
 133              	.LFE135:
 135              		.section	.text.DebugMon_Handler,"ax",%progbits
 136              		.align	1
 137              		.global	DebugMon_Handler
 138              		.syntax unified
ARM GAS  C:\Users\gx\AppData\Local\Temp\cchq2EsS.s 			page 6


 139              		.thumb
 140              		.thumb_func
 141              		.fpu fpv4-sp-d16
 143              	DebugMon_Handler:
 144              	.LFB136:
 154:Src/stm32f4xx_it.c **** }
 155:Src/stm32f4xx_it.c **** 
 156:Src/stm32f4xx_it.c **** /**
 157:Src/stm32f4xx_it.c ****   * @brief This function handles Debug monitor.
 158:Src/stm32f4xx_it.c ****   */
 159:Src/stm32f4xx_it.c **** void DebugMon_Handler(void)
 160:Src/stm32f4xx_it.c **** {
 145              		.loc 1 160 1 view -0
 146              		.cfi_startproc
 147              		@ args = 0, pretend = 0, frame = 0
 148              		@ frame_needed = 0, uses_anonymous_args = 0
 149              		@ link register save eliminated.
 161:Src/stm32f4xx_it.c ****   /* USER CODE BEGIN DebugMonitor_IRQn 0 */
 162:Src/stm32f4xx_it.c **** 
 163:Src/stm32f4xx_it.c ****   /* USER CODE END DebugMonitor_IRQn 0 */
 164:Src/stm32f4xx_it.c ****   /* USER CODE BEGIN DebugMonitor_IRQn 1 */
 165:Src/stm32f4xx_it.c **** 
 166:Src/stm32f4xx_it.c ****   /* USER CODE END DebugMonitor_IRQn 1 */
 167:Src/stm32f4xx_it.c **** }
 150              		.loc 1 167 1 view .LVU19
 151 0000 7047     		bx	lr
 152              		.cfi_endproc
 153              	.LFE136:
 155              		.section	.text.SysTick_Handler,"ax",%progbits
 156              		.align	1
 157              		.global	SysTick_Handler
 158              		.syntax unified
 159              		.thumb
 160              		.thumb_func
 161              		.fpu fpv4-sp-d16
 163              	SysTick_Handler:
 164              	.LFB137:
 168:Src/stm32f4xx_it.c **** 
 169:Src/stm32f4xx_it.c **** /**
 170:Src/stm32f4xx_it.c ****   * @brief This function handles System tick timer.
 171:Src/stm32f4xx_it.c ****   */
 172:Src/stm32f4xx_it.c **** void SysTick_Handler(void)
 173:Src/stm32f4xx_it.c **** {
 165              		.loc 1 173 1 view -0
 166              		.cfi_startproc
 167              		@ args = 0, pretend = 0, frame = 0
 168              		@ frame_needed = 0, uses_anonymous_args = 0
 169 0000 08B5     		push	{r3, lr}
 170              	.LCFI0:
 171              		.cfi_def_cfa_offset 8
 172              		.cfi_offset 3, -8
 173              		.cfi_offset 14, -4
 174:Src/stm32f4xx_it.c ****   /* USER CODE BEGIN SysTick_IRQn 0 */
 175:Src/stm32f4xx_it.c **** 
 176:Src/stm32f4xx_it.c ****   /* USER CODE END SysTick_IRQn 0 */
 177:Src/stm32f4xx_it.c ****   HAL_IncTick();
 174              		.loc 1 177 3 view .LVU21
ARM GAS  C:\Users\gx\AppData\Local\Temp\cchq2EsS.s 			page 7


 175 0002 FFF7FEFF 		bl	HAL_IncTick
 176              	.LVL0:
 178:Src/stm32f4xx_it.c ****   osSystickHandler();
 177              		.loc 1 178 3 view .LVU22
 178 0006 FFF7FEFF 		bl	osSystickHandler
 179              	.LVL1:
 179:Src/stm32f4xx_it.c ****   /* USER CODE BEGIN SysTick_IRQn 1 */
 180:Src/stm32f4xx_it.c **** 
 181:Src/stm32f4xx_it.c ****   /* USER CODE END SysTick_IRQn 1 */
 182:Src/stm32f4xx_it.c **** }
 180              		.loc 1 182 1 is_stmt 0 view .LVU23
 181 000a 08BD     		pop	{r3, pc}
 182              		.cfi_endproc
 183              	.LFE137:
 185              		.section	.text.OTG_FS_IRQHandler,"ax",%progbits
 186              		.align	1
 187              		.global	OTG_FS_IRQHandler
 188              		.syntax unified
 189              		.thumb
 190              		.thumb_func
 191              		.fpu fpv4-sp-d16
 193              	OTG_FS_IRQHandler:
 194              	.LFB138:
 183:Src/stm32f4xx_it.c **** 
 184:Src/stm32f4xx_it.c **** /******************************************************************************/
 185:Src/stm32f4xx_it.c **** /* STM32F4xx Peripheral Interrupt Handlers                                    */
 186:Src/stm32f4xx_it.c **** /* Add here the Interrupt Handlers for the used peripherals.                  */
 187:Src/stm32f4xx_it.c **** /* For the available peripheral interrupt handler names,                      */
 188:Src/stm32f4xx_it.c **** /* please refer to the startup file (startup_stm32f4xx.s).                    */
 189:Src/stm32f4xx_it.c **** /******************************************************************************/
 190:Src/stm32f4xx_it.c **** 
 191:Src/stm32f4xx_it.c **** /**
 192:Src/stm32f4xx_it.c ****   * @brief This function handles USB On The Go FS global interrupt.
 193:Src/stm32f4xx_it.c ****   */
 194:Src/stm32f4xx_it.c **** void OTG_FS_IRQHandler(void)
 195:Src/stm32f4xx_it.c **** {
 195              		.loc 1 195 1 is_stmt 1 view -0
 196              		.cfi_startproc
 197              		@ args = 0, pretend = 0, frame = 0
 198              		@ frame_needed = 0, uses_anonymous_args = 0
 199 0000 08B5     		push	{r3, lr}
 200              	.LCFI1:
 201              		.cfi_def_cfa_offset 8
 202              		.cfi_offset 3, -8
 203              		.cfi_offset 14, -4
 196:Src/stm32f4xx_it.c ****   /* USER CODE BEGIN OTG_FS_IRQn 0 */
 197:Src/stm32f4xx_it.c **** 
 198:Src/stm32f4xx_it.c ****   /* USER CODE END OTG_FS_IRQn 0 */
 199:Src/stm32f4xx_it.c ****   HAL_PCD_IRQHandler(&hpcd_USB_OTG_FS);
 204              		.loc 1 199 3 view .LVU25
 205 0002 0248     		ldr	r0, .L15
 206 0004 FFF7FEFF 		bl	HAL_PCD_IRQHandler
 207              	.LVL2:
 200:Src/stm32f4xx_it.c ****   /* USER CODE BEGIN OTG_FS_IRQn 1 */
 201:Src/stm32f4xx_it.c **** 
 202:Src/stm32f4xx_it.c ****   /* USER CODE END OTG_FS_IRQn 1 */
 203:Src/stm32f4xx_it.c **** }
ARM GAS  C:\Users\gx\AppData\Local\Temp\cchq2EsS.s 			page 8


 208              		.loc 1 203 1 is_stmt 0 view .LVU26
 209 0008 08BD     		pop	{r3, pc}
 210              	.L16:
 211 000a 00BF     		.align	2
 212              	.L15:
 213 000c 00000000 		.word	hpcd_USB_OTG_FS
 214              		.cfi_endproc
 215              	.LFE138:
 217              		.text
 218              	.Letext0:
 219              		.file 2 "c:\\program files (x86)\\gnu arm embedded toolchain\\9 2020-q2-update\\arm-none-eabi\\inc
 220              		.file 3 "c:\\program files (x86)\\gnu arm embedded toolchain\\9 2020-q2-update\\arm-none-eabi\\inc
 221              		.file 4 "Drivers/CMSIS/Include/core_cm4.h"
 222              		.file 5 "Drivers/CMSIS/Device/ST/STM32F4xx/Include/system_stm32f4xx.h"
 223              		.file 6 "Drivers/CMSIS/Device/ST/STM32F4xx/Include/stm32f407xx.h"
 224              		.file 7 "c:\\program files (x86)\\gnu arm embedded toolchain\\9 2020-q2-update\\lib\\gcc\\arm-none
 225              		.file 8 "c:\\program files (x86)\\gnu arm embedded toolchain\\9 2020-q2-update\\arm-none-eabi\\inc
 226              		.file 9 "c:\\program files (x86)\\gnu arm embedded toolchain\\9 2020-q2-update\\arm-none-eabi\\inc
 227              		.file 10 "c:\\program files (x86)\\gnu arm embedded toolchain\\9 2020-q2-update\\arm-none-eabi\\in
 228              		.file 11 "Drivers/STM32F4xx_HAL_Driver/Inc/stm32f4xx_hal_def.h"
 229              		.file 12 "Drivers/STM32F4xx_HAL_Driver/Inc/stm32f4xx_ll_usb.h"
 230              		.file 13 "Drivers/STM32F4xx_HAL_Driver/Inc/stm32f4xx_hal_pcd.h"
 231              		.file 14 "Drivers/STM32F4xx_HAL_Driver/Inc/stm32f4xx_hal.h"
 232              		.file 15 "Middlewares/Third_Party/FreeRTOS/Source/CMSIS_RTOS/cmsis_os.h"
ARM GAS  C:\Users\gx\AppData\Local\Temp\cchq2EsS.s 			page 9


DEFINED SYMBOLS
                            *ABS*:00000000 stm32f4xx_it.c
C:\Users\gx\AppData\Local\Temp\cchq2EsS.s:18     .text.NMI_Handler:00000000 $t
C:\Users\gx\AppData\Local\Temp\cchq2EsS.s:26     .text.NMI_Handler:00000000 NMI_Handler
C:\Users\gx\AppData\Local\Temp\cchq2EsS.s:40     .text.HardFault_Handler:00000000 $t
C:\Users\gx\AppData\Local\Temp\cchq2EsS.s:47     .text.HardFault_Handler:00000000 HardFault_Handler
C:\Users\gx\AppData\Local\Temp\cchq2EsS.s:64     .text.MemManage_Handler:00000000 $t
C:\Users\gx\AppData\Local\Temp\cchq2EsS.s:71     .text.MemManage_Handler:00000000 MemManage_Handler
C:\Users\gx\AppData\Local\Temp\cchq2EsS.s:88     .text.BusFault_Handler:00000000 $t
C:\Users\gx\AppData\Local\Temp\cchq2EsS.s:95     .text.BusFault_Handler:00000000 BusFault_Handler
C:\Users\gx\AppData\Local\Temp\cchq2EsS.s:112    .text.UsageFault_Handler:00000000 $t
C:\Users\gx\AppData\Local\Temp\cchq2EsS.s:119    .text.UsageFault_Handler:00000000 UsageFault_Handler
C:\Users\gx\AppData\Local\Temp\cchq2EsS.s:136    .text.DebugMon_Handler:00000000 $t
C:\Users\gx\AppData\Local\Temp\cchq2EsS.s:143    .text.DebugMon_Handler:00000000 DebugMon_Handler
C:\Users\gx\AppData\Local\Temp\cchq2EsS.s:156    .text.SysTick_Handler:00000000 $t
C:\Users\gx\AppData\Local\Temp\cchq2EsS.s:163    .text.SysTick_Handler:00000000 SysTick_Handler
C:\Users\gx\AppData\Local\Temp\cchq2EsS.s:186    .text.OTG_FS_IRQHandler:00000000 $t
C:\Users\gx\AppData\Local\Temp\cchq2EsS.s:193    .text.OTG_FS_IRQHandler:00000000 OTG_FS_IRQHandler
C:\Users\gx\AppData\Local\Temp\cchq2EsS.s:213    .text.OTG_FS_IRQHandler:0000000c $d

UNDEFINED SYMBOLS
HAL_IncTick
osSystickHandler
HAL_PCD_IRQHandler
hpcd_USB_OTG_FS
