ARM GAS  C:\Users\gx\AppData\Local\Temp\ccomBST6.s 			page 1


   1              		.cpu cortex-m4
   2              		.eabi_attribute 27, 1
   3              		.eabi_attribute 28, 1
   4              		.eabi_attribute 20, 1
   5              		.eabi_attribute 21, 1
   6              		.eabi_attribute 23, 3
   7              		.eabi_attribute 24, 1
   8              		.eabi_attribute 25, 1
   9              		.eabi_attribute 26, 1
  10              		.eabi_attribute 30, 1
  11              		.eabi_attribute 34, 1
  12              		.eabi_attribute 18, 4
  13              		.file	"usart.c"
  14              		.text
  15              	.Ltext0:
  16              		.cfi_sections	.debug_frame
  17              		.section	.text.MX_USART1_UART_Init,"ax",%progbits
  18              		.align	1
  19              		.global	MX_USART1_UART_Init
  20              		.arch armv7e-m
  21              		.syntax unified
  22              		.thumb
  23              		.thumb_func
  24              		.fpu fpv4-sp-d16
  26              	MX_USART1_UART_Init:
  27              	.LFB126:
  28              		.file 1 "Src/usart.c"
   1:Src/usart.c   **** /**
   2:Src/usart.c   ****   ******************************************************************************
   3:Src/usart.c   ****   * File Name          : USART.c
   4:Src/usart.c   ****   * Description        : This file provides code for the configuration
   5:Src/usart.c   ****   *                      of the USART instances.
   6:Src/usart.c   ****   ******************************************************************************
   7:Src/usart.c   ****   * This notice applies to any and all portions of this file
   8:Src/usart.c   ****   * that are not between comment pairs USER CODE BEGIN and
   9:Src/usart.c   ****   * USER CODE END. Other portions of this file, whether 
  10:Src/usart.c   ****   * inserted by the user or by software development tools
  11:Src/usart.c   ****   * are owned by their respective copyright owners.
  12:Src/usart.c   ****   *
  13:Src/usart.c   ****   * Copyright (c) 2020 STMicroelectronics International N.V. 
  14:Src/usart.c   ****   * All rights reserved.
  15:Src/usart.c   ****   *
  16:Src/usart.c   ****   * Redistribution and use in source and binary forms, with or without 
  17:Src/usart.c   ****   * modification, are permitted, provided that the following conditions are met:
  18:Src/usart.c   ****   *
  19:Src/usart.c   ****   * 1. Redistribution of source code must retain the above copyright notice, 
  20:Src/usart.c   ****   *    this list of conditions and the following disclaimer.
  21:Src/usart.c   ****   * 2. Redistributions in binary form must reproduce the above copyright notice,
  22:Src/usart.c   ****   *    this list of conditions and the following disclaimer in the documentation
  23:Src/usart.c   ****   *    and/or other materials provided with the distribution.
  24:Src/usart.c   ****   * 3. Neither the name of STMicroelectronics nor the names of other 
  25:Src/usart.c   ****   *    contributors to this software may be used to endorse or promote products 
  26:Src/usart.c   ****   *    derived from this software without specific written permission.
  27:Src/usart.c   ****   * 4. This software, including modifications and/or derivative works of this 
  28:Src/usart.c   ****   *    software, must execute solely and exclusively on microcontroller or
  29:Src/usart.c   ****   *    microprocessor devices manufactured by or for STMicroelectronics.
  30:Src/usart.c   ****   * 5. Redistribution and use of this software other than as permitted under 
ARM GAS  C:\Users\gx\AppData\Local\Temp\ccomBST6.s 			page 2


  31:Src/usart.c   ****   *    this license is void and will automatically terminate your rights under 
  32:Src/usart.c   ****   *    this license. 
  33:Src/usart.c   ****   *
  34:Src/usart.c   ****   * THIS SOFTWARE IS PROVIDED BY STMICROELECTRONICS AND CONTRIBUTORS "AS IS" 
  35:Src/usart.c   ****   * AND ANY EXPRESS, IMPLIED OR STATUTORY WARRANTIES, INCLUDING, BUT NOT 
  36:Src/usart.c   ****   * LIMITED TO, THE IMPLIED WARRANTIES OF MERCHANTABILITY, FITNESS FOR A 
  37:Src/usart.c   ****   * PARTICULAR PURPOSE AND NON-INFRINGEMENT OF THIRD PARTY INTELLECTUAL PROPERTY
  38:Src/usart.c   ****   * RIGHTS ARE DISCLAIMED TO THE FULLEST EXTENT PERMITTED BY LAW. IN NO EVENT 
  39:Src/usart.c   ****   * SHALL STMICROELECTRONICS OR CONTRIBUTORS BE LIABLE FOR ANY DIRECT, INDIRECT,
  40:Src/usart.c   ****   * INCIDENTAL, SPECIAL, EXEMPLARY, OR CONSEQUENTIAL DAMAGES (INCLUDING, BUT NOT
  41:Src/usart.c   ****   * LIMITED TO, PROCUREMENT OF SUBSTITUTE GOODS OR SERVICES; LOSS OF USE, DATA, 
  42:Src/usart.c   ****   * OR PROFITS; OR BUSINESS INTERRUPTION) HOWEVER CAUSED AND ON ANY THEORY OF 
  43:Src/usart.c   ****   * LIABILITY, WHETHER IN CONTRACT, STRICT LIABILITY, OR TORT (INCLUDING 
  44:Src/usart.c   ****   * NEGLIGENCE OR OTHERWISE) ARISING IN ANY WAY OUT OF THE USE OF THIS SOFTWARE,
  45:Src/usart.c   ****   * EVEN IF ADVISED OF THE POSSIBILITY OF SUCH DAMAGE.
  46:Src/usart.c   ****   *
  47:Src/usart.c   ****   ******************************************************************************
  48:Src/usart.c   ****   */
  49:Src/usart.c   **** 
  50:Src/usart.c   **** /* Includes ------------------------------------------------------------------*/
  51:Src/usart.c   **** #include "usart.h"
  52:Src/usart.c   **** 
  53:Src/usart.c   **** /* USER CODE BEGIN 0 */
  54:Src/usart.c   **** 
  55:Src/usart.c   **** /* USER CODE END 0 */
  56:Src/usart.c   **** 
  57:Src/usart.c   **** UART_HandleTypeDef huart1;
  58:Src/usart.c   **** UART_HandleTypeDef huart2;
  59:Src/usart.c   **** 
  60:Src/usart.c   **** /* USART1 init function */
  61:Src/usart.c   **** 
  62:Src/usart.c   **** void MX_USART1_UART_Init(void)
  63:Src/usart.c   **** {
  29              		.loc 1 63 1 view -0
  30              		.cfi_startproc
  31              		@ args = 0, pretend = 0, frame = 0
  32              		@ frame_needed = 0, uses_anonymous_args = 0
  33 0000 08B5     		push	{r3, lr}
  34              	.LCFI0:
  35              		.cfi_def_cfa_offset 8
  36              		.cfi_offset 3, -8
  37              		.cfi_offset 14, -4
  64:Src/usart.c   **** 
  65:Src/usart.c   ****   huart1.Instance = USART1;
  38              		.loc 1 65 3 view .LVU1
  39              		.loc 1 65 19 is_stmt 0 view .LVU2
  40 0002 0A48     		ldr	r0, .L5
  41 0004 0A4B     		ldr	r3, .L5+4
  42 0006 0360     		str	r3, [r0]
  66:Src/usart.c   ****   huart1.Init.BaudRate = 115200;
  43              		.loc 1 66 3 is_stmt 1 view .LVU3
  44              		.loc 1 66 24 is_stmt 0 view .LVU4
  45 0008 4FF4E133 		mov	r3, #115200
  46 000c 4360     		str	r3, [r0, #4]
  67:Src/usart.c   ****   huart1.Init.WordLength = UART_WORDLENGTH_8B;
  47              		.loc 1 67 3 is_stmt 1 view .LVU5
  48              		.loc 1 67 26 is_stmt 0 view .LVU6
ARM GAS  C:\Users\gx\AppData\Local\Temp\ccomBST6.s 			page 3


  49 000e 0023     		movs	r3, #0
  50 0010 8360     		str	r3, [r0, #8]
  68:Src/usart.c   ****   huart1.Init.StopBits = UART_STOPBITS_1;
  51              		.loc 1 68 3 is_stmt 1 view .LVU7
  52              		.loc 1 68 24 is_stmt 0 view .LVU8
  53 0012 C360     		str	r3, [r0, #12]
  69:Src/usart.c   ****   huart1.Init.Parity = UART_PARITY_NONE;
  54              		.loc 1 69 3 is_stmt 1 view .LVU9
  55              		.loc 1 69 22 is_stmt 0 view .LVU10
  56 0014 0361     		str	r3, [r0, #16]
  70:Src/usart.c   ****   huart1.Init.Mode = UART_MODE_TX_RX;
  57              		.loc 1 70 3 is_stmt 1 view .LVU11
  58              		.loc 1 70 20 is_stmt 0 view .LVU12
  59 0016 0C22     		movs	r2, #12
  60 0018 4261     		str	r2, [r0, #20]
  71:Src/usart.c   ****   huart1.Init.HwFlowCtl = UART_HWCONTROL_NONE;
  61              		.loc 1 71 3 is_stmt 1 view .LVU13
  62              		.loc 1 71 25 is_stmt 0 view .LVU14
  63 001a 8361     		str	r3, [r0, #24]
  72:Src/usart.c   ****   huart1.Init.OverSampling = UART_OVERSAMPLING_16;
  64              		.loc 1 72 3 is_stmt 1 view .LVU15
  65              		.loc 1 72 28 is_stmt 0 view .LVU16
  66 001c C361     		str	r3, [r0, #28]
  73:Src/usart.c   ****   if (HAL_UART_Init(&huart1) != HAL_OK)
  67              		.loc 1 73 3 is_stmt 1 view .LVU17
  68              		.loc 1 73 7 is_stmt 0 view .LVU18
  69 001e FFF7FEFF 		bl	HAL_UART_Init
  70              	.LVL0:
  71              		.loc 1 73 6 view .LVU19
  72 0022 00B9     		cbnz	r0, .L4
  73              	.L1:
  74:Src/usart.c   ****   {
  75:Src/usart.c   ****     Error_Handler();
  76:Src/usart.c   ****   }
  77:Src/usart.c   **** 
  78:Src/usart.c   **** }
  74              		.loc 1 78 1 view .LVU20
  75 0024 08BD     		pop	{r3, pc}
  76              	.L4:
  75:Src/usart.c   ****   }
  77              		.loc 1 75 5 is_stmt 1 view .LVU21
  78 0026 FFF7FEFF 		bl	Error_Handler
  79              	.LVL1:
  80              		.loc 1 78 1 is_stmt 0 view .LVU22
  81 002a FBE7     		b	.L1
  82              	.L6:
  83              		.align	2
  84              	.L5:
  85 002c 00000000 		.word	huart1
  86 0030 00100140 		.word	1073811456
  87              		.cfi_endproc
  88              	.LFE126:
  90              		.section	.text.MX_USART2_UART_Init,"ax",%progbits
  91              		.align	1
  92              		.global	MX_USART2_UART_Init
  93              		.syntax unified
  94              		.thumb
ARM GAS  C:\Users\gx\AppData\Local\Temp\ccomBST6.s 			page 4


  95              		.thumb_func
  96              		.fpu fpv4-sp-d16
  98              	MX_USART2_UART_Init:
  99              	.LFB127:
  79:Src/usart.c   **** /* USART2 init function */
  80:Src/usart.c   **** 
  81:Src/usart.c   **** void MX_USART2_UART_Init(void)
  82:Src/usart.c   **** {
 100              		.loc 1 82 1 is_stmt 1 view -0
 101              		.cfi_startproc
 102              		@ args = 0, pretend = 0, frame = 0
 103              		@ frame_needed = 0, uses_anonymous_args = 0
 104 0000 08B5     		push	{r3, lr}
 105              	.LCFI1:
 106              		.cfi_def_cfa_offset 8
 107              		.cfi_offset 3, -8
 108              		.cfi_offset 14, -4
  83:Src/usart.c   **** 
  84:Src/usart.c   ****   huart2.Instance = USART2;
 109              		.loc 1 84 3 view .LVU24
 110              		.loc 1 84 19 is_stmt 0 view .LVU25
 111 0002 0A48     		ldr	r0, .L11
 112 0004 0A4B     		ldr	r3, .L11+4
 113 0006 0360     		str	r3, [r0]
  85:Src/usart.c   ****   huart2.Init.BaudRate = 115200;
 114              		.loc 1 85 3 is_stmt 1 view .LVU26
 115              		.loc 1 85 24 is_stmt 0 view .LVU27
 116 0008 4FF4E133 		mov	r3, #115200
 117 000c 4360     		str	r3, [r0, #4]
  86:Src/usart.c   ****   huart2.Init.WordLength = UART_WORDLENGTH_8B;
 118              		.loc 1 86 3 is_stmt 1 view .LVU28
 119              		.loc 1 86 26 is_stmt 0 view .LVU29
 120 000e 0023     		movs	r3, #0
 121 0010 8360     		str	r3, [r0, #8]
  87:Src/usart.c   ****   huart2.Init.StopBits = UART_STOPBITS_1;
 122              		.loc 1 87 3 is_stmt 1 view .LVU30
 123              		.loc 1 87 24 is_stmt 0 view .LVU31
 124 0012 C360     		str	r3, [r0, #12]
  88:Src/usart.c   ****   huart2.Init.Parity = UART_PARITY_NONE;
 125              		.loc 1 88 3 is_stmt 1 view .LVU32
 126              		.loc 1 88 22 is_stmt 0 view .LVU33
 127 0014 0361     		str	r3, [r0, #16]
  89:Src/usart.c   ****   huart2.Init.Mode = UART_MODE_TX_RX;
 128              		.loc 1 89 3 is_stmt 1 view .LVU34
 129              		.loc 1 89 20 is_stmt 0 view .LVU35
 130 0016 0C22     		movs	r2, #12
 131 0018 4261     		str	r2, [r0, #20]
  90:Src/usart.c   ****   huart2.Init.HwFlowCtl = UART_HWCONTROL_NONE;
 132              		.loc 1 90 3 is_stmt 1 view .LVU36
 133              		.loc 1 90 25 is_stmt 0 view .LVU37
 134 001a 8361     		str	r3, [r0, #24]
  91:Src/usart.c   ****   huart2.Init.OverSampling = UART_OVERSAMPLING_16;
 135              		.loc 1 91 3 is_stmt 1 view .LVU38
 136              		.loc 1 91 28 is_stmt 0 view .LVU39
 137 001c C361     		str	r3, [r0, #28]
  92:Src/usart.c   ****   if (HAL_UART_Init(&huart2) != HAL_OK)
 138              		.loc 1 92 3 is_stmt 1 view .LVU40
ARM GAS  C:\Users\gx\AppData\Local\Temp\ccomBST6.s 			page 5


 139              		.loc 1 92 7 is_stmt 0 view .LVU41
 140 001e FFF7FEFF 		bl	HAL_UART_Init
 141              	.LVL2:
 142              		.loc 1 92 6 view .LVU42
 143 0022 00B9     		cbnz	r0, .L10
 144              	.L7:
  93:Src/usart.c   ****   {
  94:Src/usart.c   ****     Error_Handler();
  95:Src/usart.c   ****   }
  96:Src/usart.c   **** 
  97:Src/usart.c   **** }
 145              		.loc 1 97 1 view .LVU43
 146 0024 08BD     		pop	{r3, pc}
 147              	.L10:
  94:Src/usart.c   ****   }
 148              		.loc 1 94 5 is_stmt 1 view .LVU44
 149 0026 FFF7FEFF 		bl	Error_Handler
 150              	.LVL3:
 151              		.loc 1 97 1 is_stmt 0 view .LVU45
 152 002a FBE7     		b	.L7
 153              	.L12:
 154              		.align	2
 155              	.L11:
 156 002c 00000000 		.word	huart2
 157 0030 00440040 		.word	1073759232
 158              		.cfi_endproc
 159              	.LFE127:
 161              		.section	.text.HAL_UART_MspInit,"ax",%progbits
 162              		.align	1
 163              		.global	HAL_UART_MspInit
 164              		.syntax unified
 165              		.thumb
 166              		.thumb_func
 167              		.fpu fpv4-sp-d16
 169              	HAL_UART_MspInit:
 170              	.LVL4:
 171              	.LFB128:
  98:Src/usart.c   **** 
  99:Src/usart.c   **** void HAL_UART_MspInit(UART_HandleTypeDef* uartHandle)
 100:Src/usart.c   **** {
 172              		.loc 1 100 1 is_stmt 1 view -0
 173              		.cfi_startproc
 174              		@ args = 0, pretend = 0, frame = 40
 175              		@ frame_needed = 0, uses_anonymous_args = 0
 176              		.loc 1 100 1 is_stmt 0 view .LVU47
 177 0000 00B5     		push	{lr}
 178              	.LCFI2:
 179              		.cfi_def_cfa_offset 4
 180              		.cfi_offset 14, -4
 181 0002 8BB0     		sub	sp, sp, #44
 182              	.LCFI3:
 183              		.cfi_def_cfa_offset 48
 101:Src/usart.c   **** 
 102:Src/usart.c   ****   GPIO_InitTypeDef GPIO_InitStruct = {0};
 184              		.loc 1 102 3 is_stmt 1 view .LVU48
 185              		.loc 1 102 20 is_stmt 0 view .LVU49
 186 0004 0023     		movs	r3, #0
ARM GAS  C:\Users\gx\AppData\Local\Temp\ccomBST6.s 			page 6


 187 0006 0593     		str	r3, [sp, #20]
 188 0008 0693     		str	r3, [sp, #24]
 189 000a 0793     		str	r3, [sp, #28]
 190 000c 0893     		str	r3, [sp, #32]
 191 000e 0993     		str	r3, [sp, #36]
 103:Src/usart.c   ****   if(uartHandle->Instance==USART1)
 192              		.loc 1 103 3 is_stmt 1 view .LVU50
 193              		.loc 1 103 16 is_stmt 0 view .LVU51
 194 0010 0368     		ldr	r3, [r0]
 195              		.loc 1 103 5 view .LVU52
 196 0012 2A4A     		ldr	r2, .L19
 197 0014 9342     		cmp	r3, r2
 198 0016 05D0     		beq	.L17
 104:Src/usart.c   ****   {
 105:Src/usart.c   ****   /* USER CODE BEGIN USART1_MspInit 0 */
 106:Src/usart.c   **** 
 107:Src/usart.c   ****   /* USER CODE END USART1_MspInit 0 */
 108:Src/usart.c   ****     /* USART1 clock enable */
 109:Src/usart.c   ****     __HAL_RCC_USART1_CLK_ENABLE();
 110:Src/usart.c   ****   
 111:Src/usart.c   ****     __HAL_RCC_GPIOA_CLK_ENABLE();
 112:Src/usart.c   ****     /**USART1 GPIO Configuration    
 113:Src/usart.c   ****     PA9     ------> USART1_TX
 114:Src/usart.c   ****     PA10     ------> USART1_RX 
 115:Src/usart.c   ****     */
 116:Src/usart.c   ****     GPIO_InitStruct.Pin = GPIO_PIN_9|GPIO_PIN_10;
 117:Src/usart.c   ****     GPIO_InitStruct.Mode = GPIO_MODE_AF_PP;
 118:Src/usart.c   ****     GPIO_InitStruct.Pull = GPIO_PULLUP;
 119:Src/usart.c   ****     GPIO_InitStruct.Speed = GPIO_SPEED_FREQ_VERY_HIGH;
 120:Src/usart.c   ****     GPIO_InitStruct.Alternate = GPIO_AF7_USART1;
 121:Src/usart.c   ****     HAL_GPIO_Init(GPIOA, &GPIO_InitStruct);
 122:Src/usart.c   **** 
 123:Src/usart.c   ****   /* USER CODE BEGIN USART1_MspInit 1 */
 124:Src/usart.c   **** 
 125:Src/usart.c   ****   /* USER CODE END USART1_MspInit 1 */
 126:Src/usart.c   ****   }
 127:Src/usart.c   ****   else if(uartHandle->Instance==USART2)
 199              		.loc 1 127 8 is_stmt 1 view .LVU53
 200              		.loc 1 127 10 is_stmt 0 view .LVU54
 201 0018 294A     		ldr	r2, .L19+4
 202 001a 9342     		cmp	r3, r2
 203 001c 28D0     		beq	.L18
 204              	.LVL5:
 205              	.L13:
 128:Src/usart.c   ****   {
 129:Src/usart.c   ****   /* USER CODE BEGIN USART2_MspInit 0 */
 130:Src/usart.c   **** 
 131:Src/usart.c   ****   /* USER CODE END USART2_MspInit 0 */
 132:Src/usart.c   ****     /* USART2 clock enable */
 133:Src/usart.c   ****     __HAL_RCC_USART2_CLK_ENABLE();
 134:Src/usart.c   ****   
 135:Src/usart.c   ****     __HAL_RCC_GPIOA_CLK_ENABLE();
 136:Src/usart.c   ****     /**USART2 GPIO Configuration    
 137:Src/usart.c   ****     PA2     ------> USART2_TX
 138:Src/usart.c   ****     PA3     ------> USART2_RX 
 139:Src/usart.c   ****     */
 140:Src/usart.c   ****     GPIO_InitStruct.Pin = GPIO_PIN_2|GPIO_PIN_3;
ARM GAS  C:\Users\gx\AppData\Local\Temp\ccomBST6.s 			page 7


 141:Src/usart.c   ****     GPIO_InitStruct.Mode = GPIO_MODE_AF_PP;
 142:Src/usart.c   ****     GPIO_InitStruct.Pull = GPIO_PULLUP;
 143:Src/usart.c   ****     GPIO_InitStruct.Speed = GPIO_SPEED_FREQ_VERY_HIGH;
 144:Src/usart.c   ****     GPIO_InitStruct.Alternate = GPIO_AF7_USART2;
 145:Src/usart.c   ****     HAL_GPIO_Init(GPIOA, &GPIO_InitStruct);
 146:Src/usart.c   **** 
 147:Src/usart.c   ****   /* USER CODE BEGIN USART2_MspInit 1 */
 148:Src/usart.c   **** 
 149:Src/usart.c   ****   /* USER CODE END USART2_MspInit 1 */
 150:Src/usart.c   ****   }
 151:Src/usart.c   **** }
 206              		.loc 1 151 1 view .LVU55
 207 001e 0BB0     		add	sp, sp, #44
 208              	.LCFI4:
 209              		.cfi_remember_state
 210              		.cfi_def_cfa_offset 4
 211              		@ sp needed
 212 0020 5DF804FB 		ldr	pc, [sp], #4
 213              	.LVL6:
 214              	.L17:
 215              	.LCFI5:
 216              		.cfi_restore_state
 109:Src/usart.c   ****   
 217              		.loc 1 109 5 is_stmt 1 view .LVU56
 218              	.LBB2:
 109:Src/usart.c   ****   
 219              		.loc 1 109 5 view .LVU57
 220 0024 0021     		movs	r1, #0
 221 0026 0191     		str	r1, [sp, #4]
 109:Src/usart.c   ****   
 222              		.loc 1 109 5 view .LVU58
 223 0028 264B     		ldr	r3, .L19+8
 224 002a 5A6C     		ldr	r2, [r3, #68]
 225 002c 42F01002 		orr	r2, r2, #16
 226 0030 5A64     		str	r2, [r3, #68]
 109:Src/usart.c   ****   
 227              		.loc 1 109 5 view .LVU59
 228 0032 5A6C     		ldr	r2, [r3, #68]
 229 0034 02F01002 		and	r2, r2, #16
 230 0038 0192     		str	r2, [sp, #4]
 109:Src/usart.c   ****   
 231              		.loc 1 109 5 view .LVU60
 232 003a 019A     		ldr	r2, [sp, #4]
 233              	.LBE2:
 109:Src/usart.c   ****   
 234              		.loc 1 109 5 view .LVU61
 111:Src/usart.c   ****     /**USART1 GPIO Configuration    
 235              		.loc 1 111 5 view .LVU62
 236              	.LBB3:
 111:Src/usart.c   ****     /**USART1 GPIO Configuration    
 237              		.loc 1 111 5 view .LVU63
 238 003c 0291     		str	r1, [sp, #8]
 111:Src/usart.c   ****     /**USART1 GPIO Configuration    
 239              		.loc 1 111 5 view .LVU64
 240 003e 1A6B     		ldr	r2, [r3, #48]
 241 0040 42F00102 		orr	r2, r2, #1
 242 0044 1A63     		str	r2, [r3, #48]
ARM GAS  C:\Users\gx\AppData\Local\Temp\ccomBST6.s 			page 8


 111:Src/usart.c   ****     /**USART1 GPIO Configuration    
 243              		.loc 1 111 5 view .LVU65
 244 0046 1B6B     		ldr	r3, [r3, #48]
 245 0048 03F00103 		and	r3, r3, #1
 246 004c 0293     		str	r3, [sp, #8]
 111:Src/usart.c   ****     /**USART1 GPIO Configuration    
 247              		.loc 1 111 5 view .LVU66
 248 004e 029B     		ldr	r3, [sp, #8]
 249              	.LBE3:
 111:Src/usart.c   ****     /**USART1 GPIO Configuration    
 250              		.loc 1 111 5 view .LVU67
 116:Src/usart.c   ****     GPIO_InitStruct.Mode = GPIO_MODE_AF_PP;
 251              		.loc 1 116 5 view .LVU68
 116:Src/usart.c   ****     GPIO_InitStruct.Mode = GPIO_MODE_AF_PP;
 252              		.loc 1 116 25 is_stmt 0 view .LVU69
 253 0050 4FF4C063 		mov	r3, #1536
 254 0054 0593     		str	r3, [sp, #20]
 117:Src/usart.c   ****     GPIO_InitStruct.Pull = GPIO_PULLUP;
 255              		.loc 1 117 5 is_stmt 1 view .LVU70
 117:Src/usart.c   ****     GPIO_InitStruct.Pull = GPIO_PULLUP;
 256              		.loc 1 117 26 is_stmt 0 view .LVU71
 257 0056 0223     		movs	r3, #2
 258 0058 0693     		str	r3, [sp, #24]
 118:Src/usart.c   ****     GPIO_InitStruct.Speed = GPIO_SPEED_FREQ_VERY_HIGH;
 259              		.loc 1 118 5 is_stmt 1 view .LVU72
 118:Src/usart.c   ****     GPIO_InitStruct.Speed = GPIO_SPEED_FREQ_VERY_HIGH;
 260              		.loc 1 118 26 is_stmt 0 view .LVU73
 261 005a 0123     		movs	r3, #1
 262 005c 0793     		str	r3, [sp, #28]
 119:Src/usart.c   ****     GPIO_InitStruct.Alternate = GPIO_AF7_USART1;
 263              		.loc 1 119 5 is_stmt 1 view .LVU74
 119:Src/usart.c   ****     GPIO_InitStruct.Alternate = GPIO_AF7_USART1;
 264              		.loc 1 119 27 is_stmt 0 view .LVU75
 265 005e 0323     		movs	r3, #3
 266 0060 0893     		str	r3, [sp, #32]
 120:Src/usart.c   ****     HAL_GPIO_Init(GPIOA, &GPIO_InitStruct);
 267              		.loc 1 120 5 is_stmt 1 view .LVU76
 120:Src/usart.c   ****     HAL_GPIO_Init(GPIOA, &GPIO_InitStruct);
 268              		.loc 1 120 31 is_stmt 0 view .LVU77
 269 0062 0723     		movs	r3, #7
 270 0064 0993     		str	r3, [sp, #36]
 121:Src/usart.c   **** 
 271              		.loc 1 121 5 is_stmt 1 view .LVU78
 272 0066 05A9     		add	r1, sp, #20
 273 0068 1748     		ldr	r0, .L19+12
 274              	.LVL7:
 121:Src/usart.c   **** 
 275              		.loc 1 121 5 is_stmt 0 view .LVU79
 276 006a FFF7FEFF 		bl	HAL_GPIO_Init
 277              	.LVL8:
 278 006e D6E7     		b	.L13
 279              	.LVL9:
 280              	.L18:
 133:Src/usart.c   ****   
 281              		.loc 1 133 5 is_stmt 1 view .LVU80
 282              	.LBB4:
 133:Src/usart.c   ****   
ARM GAS  C:\Users\gx\AppData\Local\Temp\ccomBST6.s 			page 9


 283              		.loc 1 133 5 view .LVU81
 284 0070 0021     		movs	r1, #0
 285 0072 0391     		str	r1, [sp, #12]
 133:Src/usart.c   ****   
 286              		.loc 1 133 5 view .LVU82
 287 0074 134B     		ldr	r3, .L19+8
 288 0076 1A6C     		ldr	r2, [r3, #64]
 289 0078 42F40032 		orr	r2, r2, #131072
 290 007c 1A64     		str	r2, [r3, #64]
 133:Src/usart.c   ****   
 291              		.loc 1 133 5 view .LVU83
 292 007e 1A6C     		ldr	r2, [r3, #64]
 293 0080 02F40032 		and	r2, r2, #131072
 294 0084 0392     		str	r2, [sp, #12]
 133:Src/usart.c   ****   
 295              		.loc 1 133 5 view .LVU84
 296 0086 039A     		ldr	r2, [sp, #12]
 297              	.LBE4:
 133:Src/usart.c   ****   
 298              		.loc 1 133 5 view .LVU85
 135:Src/usart.c   ****     /**USART2 GPIO Configuration    
 299              		.loc 1 135 5 view .LVU86
 300              	.LBB5:
 135:Src/usart.c   ****     /**USART2 GPIO Configuration    
 301              		.loc 1 135 5 view .LVU87
 302 0088 0491     		str	r1, [sp, #16]
 135:Src/usart.c   ****     /**USART2 GPIO Configuration    
 303              		.loc 1 135 5 view .LVU88
 304 008a 1A6B     		ldr	r2, [r3, #48]
 305 008c 42F00102 		orr	r2, r2, #1
 306 0090 1A63     		str	r2, [r3, #48]
 135:Src/usart.c   ****     /**USART2 GPIO Configuration    
 307              		.loc 1 135 5 view .LVU89
 308 0092 1B6B     		ldr	r3, [r3, #48]
 309 0094 03F00103 		and	r3, r3, #1
 310 0098 0493     		str	r3, [sp, #16]
 135:Src/usart.c   ****     /**USART2 GPIO Configuration    
 311              		.loc 1 135 5 view .LVU90
 312 009a 049B     		ldr	r3, [sp, #16]
 313              	.LBE5:
 135:Src/usart.c   ****     /**USART2 GPIO Configuration    
 314              		.loc 1 135 5 view .LVU91
 140:Src/usart.c   ****     GPIO_InitStruct.Mode = GPIO_MODE_AF_PP;
 315              		.loc 1 140 5 view .LVU92
 140:Src/usart.c   ****     GPIO_InitStruct.Mode = GPIO_MODE_AF_PP;
 316              		.loc 1 140 25 is_stmt 0 view .LVU93
 317 009c 0C23     		movs	r3, #12
 318 009e 0593     		str	r3, [sp, #20]
 141:Src/usart.c   ****     GPIO_InitStruct.Pull = GPIO_PULLUP;
 319              		.loc 1 141 5 is_stmt 1 view .LVU94
 141:Src/usart.c   ****     GPIO_InitStruct.Pull = GPIO_PULLUP;
 320              		.loc 1 141 26 is_stmt 0 view .LVU95
 321 00a0 0223     		movs	r3, #2
 322 00a2 0693     		str	r3, [sp, #24]
 142:Src/usart.c   ****     GPIO_InitStruct.Speed = GPIO_SPEED_FREQ_VERY_HIGH;
 323              		.loc 1 142 5 is_stmt 1 view .LVU96
 142:Src/usart.c   ****     GPIO_InitStruct.Speed = GPIO_SPEED_FREQ_VERY_HIGH;
ARM GAS  C:\Users\gx\AppData\Local\Temp\ccomBST6.s 			page 10


 324              		.loc 1 142 26 is_stmt 0 view .LVU97
 325 00a4 0123     		movs	r3, #1
 326 00a6 0793     		str	r3, [sp, #28]
 143:Src/usart.c   ****     GPIO_InitStruct.Alternate = GPIO_AF7_USART2;
 327              		.loc 1 143 5 is_stmt 1 view .LVU98
 143:Src/usart.c   ****     GPIO_InitStruct.Alternate = GPIO_AF7_USART2;
 328              		.loc 1 143 27 is_stmt 0 view .LVU99
 329 00a8 0323     		movs	r3, #3
 330 00aa 0893     		str	r3, [sp, #32]
 144:Src/usart.c   ****     HAL_GPIO_Init(GPIOA, &GPIO_InitStruct);
 331              		.loc 1 144 5 is_stmt 1 view .LVU100
 144:Src/usart.c   ****     HAL_GPIO_Init(GPIOA, &GPIO_InitStruct);
 332              		.loc 1 144 31 is_stmt 0 view .LVU101
 333 00ac 0723     		movs	r3, #7
 334 00ae 0993     		str	r3, [sp, #36]
 145:Src/usart.c   **** 
 335              		.loc 1 145 5 is_stmt 1 view .LVU102
 336 00b0 05A9     		add	r1, sp, #20
 337 00b2 0548     		ldr	r0, .L19+12
 338              	.LVL10:
 145:Src/usart.c   **** 
 339              		.loc 1 145 5 is_stmt 0 view .LVU103
 340 00b4 FFF7FEFF 		bl	HAL_GPIO_Init
 341              	.LVL11:
 342              		.loc 1 151 1 view .LVU104
 343 00b8 B1E7     		b	.L13
 344              	.L20:
 345 00ba 00BF     		.align	2
 346              	.L19:
 347 00bc 00100140 		.word	1073811456
 348 00c0 00440040 		.word	1073759232
 349 00c4 00380240 		.word	1073887232
 350 00c8 00000240 		.word	1073872896
 351              		.cfi_endproc
 352              	.LFE128:
 354              		.section	.text.HAL_UART_MspDeInit,"ax",%progbits
 355              		.align	1
 356              		.global	HAL_UART_MspDeInit
 357              		.syntax unified
 358              		.thumb
 359              		.thumb_func
 360              		.fpu fpv4-sp-d16
 362              	HAL_UART_MspDeInit:
 363              	.LVL12:
 364              	.LFB129:
 152:Src/usart.c   **** 
 153:Src/usart.c   **** void HAL_UART_MspDeInit(UART_HandleTypeDef* uartHandle)
 154:Src/usart.c   **** {
 365              		.loc 1 154 1 is_stmt 1 view -0
 366              		.cfi_startproc
 367              		@ args = 0, pretend = 0, frame = 0
 368              		@ frame_needed = 0, uses_anonymous_args = 0
 369              		.loc 1 154 1 is_stmt 0 view .LVU106
 370 0000 08B5     		push	{r3, lr}
 371              	.LCFI6:
 372              		.cfi_def_cfa_offset 8
 373              		.cfi_offset 3, -8
ARM GAS  C:\Users\gx\AppData\Local\Temp\ccomBST6.s 			page 11


 374              		.cfi_offset 14, -4
 155:Src/usart.c   **** 
 156:Src/usart.c   ****   if(uartHandle->Instance==USART1)
 375              		.loc 1 156 3 is_stmt 1 view .LVU107
 376              		.loc 1 156 16 is_stmt 0 view .LVU108
 377 0002 0368     		ldr	r3, [r0]
 378              		.loc 1 156 5 view .LVU109
 379 0004 0E4A     		ldr	r2, .L27
 380 0006 9342     		cmp	r3, r2
 381 0008 03D0     		beq	.L25
 157:Src/usart.c   ****   {
 158:Src/usart.c   ****   /* USER CODE BEGIN USART1_MspDeInit 0 */
 159:Src/usart.c   **** 
 160:Src/usart.c   ****   /* USER CODE END USART1_MspDeInit 0 */
 161:Src/usart.c   ****     /* Peripheral clock disable */
 162:Src/usart.c   ****     __HAL_RCC_USART1_CLK_DISABLE();
 163:Src/usart.c   ****   
 164:Src/usart.c   ****     /**USART1 GPIO Configuration    
 165:Src/usart.c   ****     PA9     ------> USART1_TX
 166:Src/usart.c   ****     PA10     ------> USART1_RX 
 167:Src/usart.c   ****     */
 168:Src/usart.c   ****     HAL_GPIO_DeInit(GPIOA, GPIO_PIN_9|GPIO_PIN_10);
 169:Src/usart.c   **** 
 170:Src/usart.c   ****   /* USER CODE BEGIN USART1_MspDeInit 1 */
 171:Src/usart.c   **** 
 172:Src/usart.c   ****   /* USER CODE END USART1_MspDeInit 1 */
 173:Src/usart.c   ****   }
 174:Src/usart.c   ****   else if(uartHandle->Instance==USART2)
 382              		.loc 1 174 8 is_stmt 1 view .LVU110
 383              		.loc 1 174 10 is_stmt 0 view .LVU111
 384 000a 0E4A     		ldr	r2, .L27+4
 385 000c 9342     		cmp	r3, r2
 386 000e 0CD0     		beq	.L26
 387              	.LVL13:
 388              	.L21:
 175:Src/usart.c   ****   {
 176:Src/usart.c   ****   /* USER CODE BEGIN USART2_MspDeInit 0 */
 177:Src/usart.c   **** 
 178:Src/usart.c   ****   /* USER CODE END USART2_MspDeInit 0 */
 179:Src/usart.c   ****     /* Peripheral clock disable */
 180:Src/usart.c   ****     __HAL_RCC_USART2_CLK_DISABLE();
 181:Src/usart.c   ****   
 182:Src/usart.c   ****     /**USART2 GPIO Configuration    
 183:Src/usart.c   ****     PA2     ------> USART2_TX
 184:Src/usart.c   ****     PA3     ------> USART2_RX 
 185:Src/usart.c   ****     */
 186:Src/usart.c   ****     HAL_GPIO_DeInit(GPIOA, GPIO_PIN_2|GPIO_PIN_3);
 187:Src/usart.c   **** 
 188:Src/usart.c   ****   /* USER CODE BEGIN USART2_MspDeInit 1 */
 189:Src/usart.c   **** 
 190:Src/usart.c   ****   /* USER CODE END USART2_MspDeInit 1 */
 191:Src/usart.c   ****   }
 192:Src/usart.c   **** } 
 389              		.loc 1 192 1 view .LVU112
 390 0010 08BD     		pop	{r3, pc}
 391              	.LVL14:
 392              	.L25:
ARM GAS  C:\Users\gx\AppData\Local\Temp\ccomBST6.s 			page 12


 162:Src/usart.c   ****   
 393              		.loc 1 162 5 is_stmt 1 view .LVU113
 394 0012 02F59432 		add	r2, r2, #75776
 395 0016 536C     		ldr	r3, [r2, #68]
 396 0018 23F01003 		bic	r3, r3, #16
 397 001c 5364     		str	r3, [r2, #68]
 168:Src/usart.c   **** 
 398              		.loc 1 168 5 view .LVU114
 399 001e 4FF4C061 		mov	r1, #1536
 400 0022 0948     		ldr	r0, .L27+8
 401              	.LVL15:
 168:Src/usart.c   **** 
 402              		.loc 1 168 5 is_stmt 0 view .LVU115
 403 0024 FFF7FEFF 		bl	HAL_GPIO_DeInit
 404              	.LVL16:
 405 0028 F2E7     		b	.L21
 406              	.LVL17:
 407              	.L26:
 180:Src/usart.c   ****   
 408              		.loc 1 180 5 is_stmt 1 view .LVU116
 409 002a 02F5FA32 		add	r2, r2, #128000
 410 002e 136C     		ldr	r3, [r2, #64]
 411 0030 23F40033 		bic	r3, r3, #131072
 412 0034 1364     		str	r3, [r2, #64]
 186:Src/usart.c   **** 
 413              		.loc 1 186 5 view .LVU117
 414 0036 0C21     		movs	r1, #12
 415 0038 0348     		ldr	r0, .L27+8
 416              	.LVL18:
 186:Src/usart.c   **** 
 417              		.loc 1 186 5 is_stmt 0 view .LVU118
 418 003a FFF7FEFF 		bl	HAL_GPIO_DeInit
 419              	.LVL19:
 420              		.loc 1 192 1 view .LVU119
 421 003e E7E7     		b	.L21
 422              	.L28:
 423              		.align	2
 424              	.L27:
 425 0040 00100140 		.word	1073811456
 426 0044 00440040 		.word	1073759232
 427 0048 00000240 		.word	1073872896
 428              		.cfi_endproc
 429              	.LFE129:
 431              		.comm	huart2,64,4
 432              		.comm	huart1,64,4
 433              		.text
 434              	.Letext0:
 435              		.file 2 "c:\\program files (x86)\\gnu arm embedded toolchain\\9 2020-q2-update\\arm-none-eabi\\inc
 436              		.file 3 "c:\\program files (x86)\\gnu arm embedded toolchain\\9 2020-q2-update\\arm-none-eabi\\inc
 437              		.file 4 "Drivers/CMSIS/Include/core_cm4.h"
 438              		.file 5 "Drivers/CMSIS/Device/ST/STM32F4xx/Include/system_stm32f4xx.h"
 439              		.file 6 "Drivers/CMSIS/Device/ST/STM32F4xx/Include/stm32f407xx.h"
 440              		.file 7 "c:\\program files (x86)\\gnu arm embedded toolchain\\9 2020-q2-update\\lib\\gcc\\arm-none
 441              		.file 8 "c:\\program files (x86)\\gnu arm embedded toolchain\\9 2020-q2-update\\arm-none-eabi\\inc
 442              		.file 9 "c:\\program files (x86)\\gnu arm embedded toolchain\\9 2020-q2-update\\arm-none-eabi\\inc
 443              		.file 10 "c:\\program files (x86)\\gnu arm embedded toolchain\\9 2020-q2-update\\arm-none-eabi\\in
 444              		.file 11 "Drivers/STM32F4xx_HAL_Driver/Inc/stm32f4xx_hal_def.h"
ARM GAS  C:\Users\gx\AppData\Local\Temp\ccomBST6.s 			page 13


 445              		.file 12 "Drivers/STM32F4xx_HAL_Driver/Inc/stm32f4xx_hal_gpio.h"
 446              		.file 13 "Drivers/STM32F4xx_HAL_Driver/Inc/stm32f4xx_hal_dma.h"
 447              		.file 14 "Drivers/STM32F4xx_HAL_Driver/Inc/stm32f4xx_hal_uart.h"
 448              		.file 15 "Inc/usart.h"
 449              		.file 16 "Inc/main.h"
ARM GAS  C:\Users\gx\AppData\Local\Temp\ccomBST6.s 			page 14


DEFINED SYMBOLS
                            *ABS*:00000000 usart.c
C:\Users\gx\AppData\Local\Temp\ccomBST6.s:18     .text.MX_USART1_UART_Init:00000000 $t
C:\Users\gx\AppData\Local\Temp\ccomBST6.s:26     .text.MX_USART1_UART_Init:00000000 MX_USART1_UART_Init
C:\Users\gx\AppData\Local\Temp\ccomBST6.s:85     .text.MX_USART1_UART_Init:0000002c $d
                            *COM*:00000040 huart1
C:\Users\gx\AppData\Local\Temp\ccomBST6.s:91     .text.MX_USART2_UART_Init:00000000 $t
C:\Users\gx\AppData\Local\Temp\ccomBST6.s:98     .text.MX_USART2_UART_Init:00000000 MX_USART2_UART_Init
C:\Users\gx\AppData\Local\Temp\ccomBST6.s:156    .text.MX_USART2_UART_Init:0000002c $d
                            *COM*:00000040 huart2
C:\Users\gx\AppData\Local\Temp\ccomBST6.s:162    .text.HAL_UART_MspInit:00000000 $t
C:\Users\gx\AppData\Local\Temp\ccomBST6.s:169    .text.HAL_UART_MspInit:00000000 HAL_UART_MspInit
C:\Users\gx\AppData\Local\Temp\ccomBST6.s:347    .text.HAL_UART_MspInit:000000bc $d
C:\Users\gx\AppData\Local\Temp\ccomBST6.s:355    .text.HAL_UART_MspDeInit:00000000 $t
C:\Users\gx\AppData\Local\Temp\ccomBST6.s:362    .text.HAL_UART_MspDeInit:00000000 HAL_UART_MspDeInit
C:\Users\gx\AppData\Local\Temp\ccomBST6.s:425    .text.HAL_UART_MspDeInit:00000040 $d

UNDEFINED SYMBOLS
HAL_UART_Init
Error_Handler
HAL_GPIO_Init
HAL_GPIO_DeInit
