ARM GAS  C:\Users\gx\AppData\Local\Temp\cc4RMk8S.s 			page 1


   1              		.cpu cortex-m4
   2              		.eabi_attribute 27, 1
   3              		.eabi_attribute 28, 1
   4              		.eabi_attribute 20, 1
   5              		.eabi_attribute 21, 1
   6              		.eabi_attribute 23, 3
   7              		.eabi_attribute 24, 1
   8              		.eabi_attribute 25, 1
   9              		.eabi_attribute 26, 1
  10              		.eabi_attribute 30, 1
  11              		.eabi_attribute 34, 1
  12              		.eabi_attribute 18, 4
  13              		.file	"usbd_msc_data.c"
  14              		.text
  15              	.Ltext0:
  16              		.cfi_sections	.debug_frame
  17              		.global	MSC_Mode_Sense10_data
  18              		.global	MSC_Mode_Sense6_data
  19              		.global	MSC_Page00_Inquiry_Data
  20              		.section	.rodata.MSC_Mode_Sense10_data,"a"
  21              		.align	2
  24              	MSC_Mode_Sense10_data:
  25 0000 00060000 		.ascii	"\000\006\000\000\000\000\000\000"
  25      00000000 
  26              		.section	.rodata.MSC_Mode_Sense6_data,"a"
  27              		.align	2
  30              	MSC_Mode_Sense6_data:
  31 0000 00000000 		.space	8
  31      00000000 
  32              		.section	.rodata.MSC_Page00_Inquiry_Data,"a"
  33              		.align	2
  36              	MSC_Page00_Inquiry_Data:
  37 0000 00000003 		.ascii	"\000\000\000\003\000\200\203"
  37      008083
  38              		.text
  39              	.Letext0:
  40              		.file 1 "c:\\program files (x86)\\gnu arm embedded toolchain\\9 2020-q2-update\\arm-none-eabi\\inc
  41              		.file 2 "c:\\program files (x86)\\gnu arm embedded toolchain\\9 2020-q2-update\\lib\\gcc\\arm-none
  42              		.file 3 "c:\\program files (x86)\\gnu arm embedded toolchain\\9 2020-q2-update\\arm-none-eabi\\inc
  43              		.file 4 "c:\\program files (x86)\\gnu arm embedded toolchain\\9 2020-q2-update\\arm-none-eabi\\inc
  44              		.file 5 "c:\\program files (x86)\\gnu arm embedded toolchain\\9 2020-q2-update\\arm-none-eabi\\inc
  45              		.file 6 "c:\\program files (x86)\\gnu arm embedded toolchain\\9 2020-q2-update\\arm-none-eabi\\inc
  46              		.file 7 "c:\\program files (x86)\\gnu arm embedded toolchain\\9 2020-q2-update\\arm-none-eabi\\inc
  47              		.file 8 "Drivers/CMSIS/Include/core_cm4.h"
  48              		.file 9 "Drivers/CMSIS/Device/ST/STM32F4xx/Include/system_stm32f4xx.h"
  49              		.file 10 "Middlewares/ST/STM32_USB_Device_Library/Class/MSC/Inc/usbd_msc_data.h"
  50              		.file 11 "Middlewares/ST/STM32_USB_Device_Library/Class/MSC/Src/usbd_msc_data.c"
ARM GAS  C:\Users\gx\AppData\Local\Temp\cc4RMk8S.s 			page 2


DEFINED SYMBOLS
                            *ABS*:00000000 usbd_msc_data.c
C:\Users\gx\AppData\Local\Temp\cc4RMk8S.s:24     .rodata.MSC_Mode_Sense10_data:00000000 MSC_Mode_Sense10_data
C:\Users\gx\AppData\Local\Temp\cc4RMk8S.s:30     .rodata.MSC_Mode_Sense6_data:00000000 MSC_Mode_Sense6_data
C:\Users\gx\AppData\Local\Temp\cc4RMk8S.s:36     .rodata.MSC_Page00_Inquiry_Data:00000000 MSC_Page00_Inquiry_Data
C:\Users\gx\AppData\Local\Temp\cc4RMk8S.s:21     .rodata.MSC_Mode_Sense10_data:00000000 $d
C:\Users\gx\AppData\Local\Temp\cc4RMk8S.s:27     .rodata.MSC_Mode_Sense6_data:00000000 $d
C:\Users\gx\AppData\Local\Temp\cc4RMk8S.s:33     .rodata.MSC_Page00_Inquiry_Data:00000000 $d

NO UNDEFINED SYMBOLS
